{
  "uid" : "a1060a2fd087475",
  "name" : "test_delete_database",
  "fullName" : "tests_ui.test_ui.TestProfilePage#test_delete_database",
  "historyId" : "79ccd4aa4a29c03ae3f72e89c73351ae",
  "time" : {
    "start" : 1743988204829,
    "stop" : 1743988210955,
    "duration" : 6126
  },
  "status" : "broken",
  "statusMessage" : "selenium.common.exceptions.TimeoutException: Message: Can't find element by locator ('xpath', '//button[@id=\"menu_button_status\"]')\nStacktrace:\n#0 0x55b0ff092ffa <unknown>\n#1 0x55b0feb51970 <unknown>\n#2 0x55b0feba3385 <unknown>\n#3 0x55b0feba35b1 <unknown>\n#4 0x55b0febf23c4 <unknown>\n#5 0x55b0febc92bd <unknown>\n#6 0x55b0febef70c <unknown>\n#7 0x55b0febc9063 <unknown>\n#8 0x55b0feb95328 <unknown>\n#9 0x55b0feb96491 <unknown>\n#10 0x55b0ff05a42b <unknown>\n#11 0x55b0ff05e2ec <unknown>\n#12 0x55b0ff041a22 <unknown>\n#13 0x55b0ff05ee64 <unknown>\n#14 0x55b0ff025bef <unknown>\n#15 0x55b0ff081558 <unknown>\n#16 0x55b0ff081736 <unknown>\n#17 0x55b0ff091e76 <unknown>\n#18 0x7f11ef69caa4 <unknown>\n#19 0x7f11ef729c3c <unknown>",
  "statusTrace" : "self = <tests_ui.test_ui.TestProfilePage object at 0x7f8b78eb7980>\ndriver = <selenium.webdriver.chrome.webdriver.WebDriver (session=\"cf6dce135c79c188b4deb39e6dfb1c8b\")>\nauthorization_user = None\n\n    @allure.title('test_delete_database')\n    def test_delete_database(self, driver, authorization_user):\n        page = ProfilePage(driver, authorization_user)\n>       page.click_button_status()\n\ntests_ui/test_ui.py:88: \n_ _ _ _ _ _ _ _ _ _ _ _ _ _ _ _ _ _ _ _ _ _ _ _ _ _ _ _ _ _ _ _ _ _ _ _ _ _ _ _ \ntests_ui/profile_page.py:18: in click_button_status\n    return self.element_is_present_and_clickable(self.locators.STATUS_BUTTON).click()\ntests_ui/base_page.py:28: in element_is_present_and_clickable\n    return (Wait(self.driver, self.timeout).until(\n_ _ _ _ _ _ _ _ _ _ _ _ _ _ _ _ _ _ _ _ _ _ _ _ _ _ _ _ _ _ _ _ _ _ _ _ _ _ _ _ \n\nself = <selenium.webdriver.support.wait.WebDriverWait (session=\"cf6dce135c79c188b4deb39e6dfb1c8b\")>\nmethod = <function visibility_of_element_located.<locals>._predicate at 0x7f8b785f2c00>\nmessage = 'Can\\'t find element by locator (\\'xpath\\', \\'//button[@id=\"menu_button_status\"]\\')'\n\n    def until(self, method: Callable[[D], Union[Literal[False], T]], message: str = \"\") -> T:\n        \"\"\"Calls the method provided with the driver as an argument until the \\\n        return value does not evaluate to ``False``.\n    \n        :param method: callable(WebDriver)\n        :param message: optional message for :exc:`TimeoutException`\n        :returns: the result of the last call to `method`\n        :raises: :exc:`selenium.common.exceptions.TimeoutException` if timeout occurs\n        \"\"\"\n        screen = None\n        stacktrace = None\n    \n        end_time = time.monotonic() + self._timeout\n        while True:\n            try:\n                value = method(self._driver)\n                if value:\n                    return value\n            except self._ignored_exceptions as exc:\n                screen = getattr(exc, \"screen\", None)\n                stacktrace = getattr(exc, \"stacktrace\", None)\n            time.sleep(self._poll)\n            if time.monotonic() > end_time:\n                break\n>       raise TimeoutException(message, screen, stacktrace)\nE       selenium.common.exceptions.TimeoutException: Message: Can't find element by locator ('xpath', '//button[@id=\"menu_button_status\"]')\nE       Stacktrace:\nE       #0 0x55b0ff092ffa <unknown>\nE       #1 0x55b0feb51970 <unknown>\nE       #2 0x55b0feba3385 <unknown>\nE       #3 0x55b0feba35b1 <unknown>\nE       #4 0x55b0febf23c4 <unknown>\nE       #5 0x55b0febc92bd <unknown>\nE       #6 0x55b0febef70c <unknown>\nE       #7 0x55b0febc9063 <unknown>\nE       #8 0x55b0feb95328 <unknown>\nE       #9 0x55b0feb96491 <unknown>\nE       #10 0x55b0ff05a42b <unknown>\nE       #11 0x55b0ff05e2ec <unknown>\nE       #12 0x55b0ff041a22 <unknown>\nE       #13 0x55b0ff05ee64 <unknown>\nE       #14 0x55b0ff025bef <unknown>\nE       #15 0x55b0ff081558 <unknown>\nE       #16 0x55b0ff081736 <unknown>\nE       #17 0x55b0ff091e76 <unknown>\nE       #18 0x7f11ef69caa4 <unknown>\nE       #19 0x7f11ef729c3c <unknown>\n\n/opt/hostedtoolcache/Python/3.12.9/x64/lib/python3.12/site-packages/selenium/webdriver/support/wait.py:105: TimeoutException",
  "flaky" : false,
  "newFailed" : false,
  "beforeStages" : [ {
    "name" : "driver",
    "time" : {
      "start" : 1743988203795,
      "stop" : 1743988204132,
      "duration" : 337
    },
    "status" : "passed",
    "steps" : [ ],
    "attachments" : [ ],
    "parameters" : [ ],
    "stepsCount" : 0,
    "attachmentsCount" : 0,
    "shouldDisplayMessage" : false,
    "hasContent" : false
  }, {
    "name" : "authorization_user",
    "time" : {
      "start" : 1743988204132,
      "stop" : 1743988204829,
      "duration" : 697
    },
    "status" : "passed",
    "steps" : [ {
      "name" : "Open page: https://oblache.areso.pro/register.html",
      "time" : {
        "start" : 1743988204132,
        "stop" : 1743988204635,
        "duration" : 503
      },
      "status" : "passed",
      "steps" : [ ],
      "attachments" : [ ],
      "parameters" : [ ],
      "stepsCount" : 0,
      "attachmentsCount" : 0,
      "shouldDisplayMessage" : false,
      "hasContent" : false
    }, {
      "name" : "Login user",
      "time" : {
        "start" : 1743988204635,
        "stop" : 1743988204829,
        "duration" : 194
      },
      "status" : "passed",
      "steps" : [ {
        "name" : "Enter email.",
        "time" : {
          "start" : 1743988204635,
          "stop" : 1743988204695,
          "duration" : 60
        },
        "status" : "passed",
        "steps" : [ ],
        "attachments" : [ ],
        "parameters" : [ ],
        "stepsCount" : 0,
        "attachmentsCount" : 0,
        "shouldDisplayMessage" : false,
        "hasContent" : false
      }, {
        "name" : "Enter password.",
        "time" : {
          "start" : 1743988204695,
          "stop" : 1743988204739,
          "duration" : 44
        },
        "status" : "passed",
        "steps" : [ ],
        "attachments" : [ ],
        "parameters" : [ ],
        "stepsCount" : 0,
        "attachmentsCount" : 0,
        "shouldDisplayMessage" : false,
        "hasContent" : false
      }, {
        "name" : "Click button \"Login\"",
        "time" : {
          "start" : 1743988204739,
          "stop" : 1743988204826,
          "duration" : 87
        },
        "status" : "passed",
        "steps" : [ ],
        "attachments" : [ ],
        "parameters" : [ ],
        "stepsCount" : 0,
        "attachmentsCount" : 0,
        "shouldDisplayMessage" : false,
        "hasContent" : false
      }, {
        "name" : "Check url is present: https://oblache.areso.pro/register.html",
        "time" : {
          "start" : 1743988204826,
          "stop" : 1743988204829,
          "duration" : 3
        },
        "status" : "passed",
        "steps" : [ ],
        "attachments" : [ ],
        "parameters" : [ ],
        "stepsCount" : 0,
        "attachmentsCount" : 0,
        "shouldDisplayMessage" : false,
        "hasContent" : false
      } ],
      "attachments" : [ ],
      "parameters" : [ ],
      "stepsCount" : 4,
      "attachmentsCount" : 0,
      "shouldDisplayMessage" : false,
      "hasContent" : true
    } ],
    "attachments" : [ ],
    "parameters" : [ ],
    "stepsCount" : 6,
    "attachmentsCount" : 0,
    "shouldDisplayMessage" : false,
    "hasContent" : true
  } ],
  "testStage" : {
    "status" : "broken",
    "statusMessage" : "selenium.common.exceptions.TimeoutException: Message: Can't find element by locator ('xpath', '//button[@id=\"menu_button_status\"]')\nStacktrace:\n#0 0x55b0ff092ffa <unknown>\n#1 0x55b0feb51970 <unknown>\n#2 0x55b0feba3385 <unknown>\n#3 0x55b0feba35b1 <unknown>\n#4 0x55b0febf23c4 <unknown>\n#5 0x55b0febc92bd <unknown>\n#6 0x55b0febef70c <unknown>\n#7 0x55b0febc9063 <unknown>\n#8 0x55b0feb95328 <unknown>\n#9 0x55b0feb96491 <unknown>\n#10 0x55b0ff05a42b <unknown>\n#11 0x55b0ff05e2ec <unknown>\n#12 0x55b0ff041a22 <unknown>\n#13 0x55b0ff05ee64 <unknown>\n#14 0x55b0ff025bef <unknown>\n#15 0x55b0ff081558 <unknown>\n#16 0x55b0ff081736 <unknown>\n#17 0x55b0ff091e76 <unknown>\n#18 0x7f11ef69caa4 <unknown>\n#19 0x7f11ef729c3c <unknown>",
    "statusTrace" : "self = <tests_ui.test_ui.TestProfilePage object at 0x7f8b78eb7980>\ndriver = <selenium.webdriver.chrome.webdriver.WebDriver (session=\"cf6dce135c79c188b4deb39e6dfb1c8b\")>\nauthorization_user = None\n\n    @allure.title('test_delete_database')\n    def test_delete_database(self, driver, authorization_user):\n        page = ProfilePage(driver, authorization_user)\n>       page.click_button_status()\n\ntests_ui/test_ui.py:88: \n_ _ _ _ _ _ _ _ _ _ _ _ _ _ _ _ _ _ _ _ _ _ _ _ _ _ _ _ _ _ _ _ _ _ _ _ _ _ _ _ \ntests_ui/profile_page.py:18: in click_button_status\n    return self.element_is_present_and_clickable(self.locators.STATUS_BUTTON).click()\ntests_ui/base_page.py:28: in element_is_present_and_clickable\n    return (Wait(self.driver, self.timeout).until(\n_ _ _ _ _ _ _ _ _ _ _ _ _ _ _ _ _ _ _ _ _ _ _ _ _ _ _ _ _ _ _ _ _ _ _ _ _ _ _ _ \n\nself = <selenium.webdriver.support.wait.WebDriverWait (session=\"cf6dce135c79c188b4deb39e6dfb1c8b\")>\nmethod = <function visibility_of_element_located.<locals>._predicate at 0x7f8b785f2c00>\nmessage = 'Can\\'t find element by locator (\\'xpath\\', \\'//button[@id=\"menu_button_status\"]\\')'\n\n    def until(self, method: Callable[[D], Union[Literal[False], T]], message: str = \"\") -> T:\n        \"\"\"Calls the method provided with the driver as an argument until the \\\n        return value does not evaluate to ``False``.\n    \n        :param method: callable(WebDriver)\n        :param message: optional message for :exc:`TimeoutException`\n        :returns: the result of the last call to `method`\n        :raises: :exc:`selenium.common.exceptions.TimeoutException` if timeout occurs\n        \"\"\"\n        screen = None\n        stacktrace = None\n    \n        end_time = time.monotonic() + self._timeout\n        while True:\n            try:\n                value = method(self._driver)\n                if value:\n                    return value\n            except self._ignored_exceptions as exc:\n                screen = getattr(exc, \"screen\", None)\n                stacktrace = getattr(exc, \"stacktrace\", None)\n            time.sleep(self._poll)\n            if time.monotonic() > end_time:\n                break\n>       raise TimeoutException(message, screen, stacktrace)\nE       selenium.common.exceptions.TimeoutException: Message: Can't find element by locator ('xpath', '//button[@id=\"menu_button_status\"]')\nE       Stacktrace:\nE       #0 0x55b0ff092ffa <unknown>\nE       #1 0x55b0feb51970 <unknown>\nE       #2 0x55b0feba3385 <unknown>\nE       #3 0x55b0feba35b1 <unknown>\nE       #4 0x55b0febf23c4 <unknown>\nE       #5 0x55b0febc92bd <unknown>\nE       #6 0x55b0febef70c <unknown>\nE       #7 0x55b0febc9063 <unknown>\nE       #8 0x55b0feb95328 <unknown>\nE       #9 0x55b0feb96491 <unknown>\nE       #10 0x55b0ff05a42b <unknown>\nE       #11 0x55b0ff05e2ec <unknown>\nE       #12 0x55b0ff041a22 <unknown>\nE       #13 0x55b0ff05ee64 <unknown>\nE       #14 0x55b0ff025bef <unknown>\nE       #15 0x55b0ff081558 <unknown>\nE       #16 0x55b0ff081736 <unknown>\nE       #17 0x55b0ff091e76 <unknown>\nE       #18 0x7f11ef69caa4 <unknown>\nE       #19 0x7f11ef729c3c <unknown>\n\n/opt/hostedtoolcache/Python/3.12.9/x64/lib/python3.12/site-packages/selenium/webdriver/support/wait.py:105: TimeoutException",
    "steps" : [ {
      "name" : "Click button Status.",
      "time" : {
        "start" : 1743988205829,
        "stop" : 1743988210954,
        "duration" : 5125
      },
      "status" : "broken",
      "statusMessage" : "selenium.common.exceptions.TimeoutException: Message: Can't find element by locator ('xpath', '//button[@id=\"menu_button_status\"]')\nStacktrace:\n#0 0x55b0ff092ffa <unknown>\n#1 0x55b0feb51970 <unknown>\n#2 0x55b0feba3385 <unknown>\n#3 0x55b0feba35b1 <unknown>\n#4 0x55b0febf23c4 <unknown>\n#5 0x55b0febc92bd <unknown>\n#6 0x55b0febef70c <unknown>\n#7 0x55b0febc9063 <unknown>\n#8 0x55b0feb95328 <unknown>\n#9 0x55b0feb96491 <unknown>\n#10 0x55b0ff05a42b <unknown>\n#11 0x55b0ff05e2ec <unknown>\n#12 0x55b0ff041a22 <unknown>\n#13 0x55b0ff05ee64 <unknown>\n#14 0x55b0ff025bef <unknown>\n#15 0x55b0ff081558 <unknown>\n#16 0x55b0ff081736 <unknown>\n#17 0x55b0ff091e76 <unknown>\n#18 0x7f11ef69caa4 <unknown>\n#19 0x7f11ef729c3c <unknown>\n\n",
      "statusTrace" : "  File \"/home/runner/work/Oblache/Oblache/tests_ui/profile_page.py\", line 18, in click_button_status\n    return self.element_is_present_and_clickable(self.locators.STATUS_BUTTON).click()\n           ^^^^^^^^^^^^^^^^^^^^^^^^^^^^^^^^^^^^^^^^^^^^^^^^^^^^^^^^^^^^^^^^^^\n  File \"/home/runner/work/Oblache/Oblache/tests_ui/base_page.py\", line 28, in element_is_present_and_clickable\n    return (Wait(self.driver, self.timeout).until(\n            ^^^^^^^^^^^^^^^^^^^^^^^^^^^^^^^^^^^^^^\n  File \"/opt/hostedtoolcache/Python/3.12.9/x64/lib/python3.12/site-packages/selenium/webdriver/support/wait.py\", line 105, in until\n    raise TimeoutException(message, screen, stacktrace)\n",
      "steps" : [ ],
      "attachments" : [ ],
      "parameters" : [ ],
      "stepsCount" : 0,
      "attachmentsCount" : 0,
      "shouldDisplayMessage" : true,
      "hasContent" : true
    } ],
    "attachments" : [ {
      "uid" : "5e913950f0b20805",
      "name" : "Screenshot 2025-04-07 01:10:11.051460",
      "source" : "5e913950f0b20805.png",
      "type" : "image/png",
      "size" : 15571
    } ],
    "parameters" : [ ],
    "stepsCount" : 1,
    "attachmentsCount" : 1,
    "shouldDisplayMessage" : true,
    "hasContent" : true
  },
  "afterStages" : [ {
    "name" : "driver::0",
    "time" : {
      "start" : 1743988211052,
      "stop" : 1743988211112,
      "duration" : 60
    },
    "status" : "passed",
    "steps" : [ ],
    "attachments" : [ ],
    "parameters" : [ ],
    "stepsCount" : 0,
    "attachmentsCount" : 0,
    "shouldDisplayMessage" : false,
    "hasContent" : false
  } ],
  "labels" : [ {
    "name" : "suite",
    "value" : "Test Profile Page."
  }, {
    "name" : "parentSuite",
    "value" : "tests_ui"
  }, {
    "name" : "subSuite",
    "value" : "TestProfilePage"
  }, {
    "name" : "host",
    "value" : "fv-az1344-338"
  }, {
    "name" : "thread",
    "value" : "2500-MainThread"
  }, {
    "name" : "framework",
    "value" : "pytest"
  }, {
    "name" : "language",
    "value" : "cpython3"
  }, {
    "name" : "package",
    "value" : "tests_ui.test_ui"
  }, {
    "name" : "resultFormat",
    "value" : "allure2"
  } ],
  "parameters" : [ ],
  "links" : [ ],
  "hidden" : false,
  "retry" : false,
  "extra" : {
    "severity" : "normal",
    "retries" : [ ],
    "categories" : [ {
      "name" : "Test defects",
      "matchedStatuses" : [ ],
      "flaky" : false
    } ],
    "history" : {
      "statistic" : {
        "failed" : 129,
        "broken" : 18,
        "skipped" : 0,
        "passed" : 0,
        "unknown" : 0,
        "total" : 147
      },
      "items" : [ {
        "uid" : "a66fd99e9bcf76a1",
        "reportUrl" : "https://lambotik.github.io/Oblache/364//#testresult/a66fd99e9bcf76a1",
        "status" : "broken",
        "statusDetails" : "selenium.common.exceptions.TimeoutException: Message: Can't find element by locator ('xpath', '//button[@id=\"menu_button_status\"]')\nStacktrace:\n#0 0x55ce2eab3ffa <unknown>\n#1 0x55ce2e572970 <unknown>\n#2 0x55ce2e5c4385 <unknown>\n#3 0x55ce2e5c45b1 <unknown>\n#4 0x55ce2e6133c4 <unknown>\n#5 0x55ce2e5ea2bd <unknown>\n#6 0x55ce2e61070c <unknown>\n#7 0x55ce2e5ea063 <unknown>\n#8 0x55ce2e5b6328 <unknown>\n#9 0x55ce2e5b7491 <unknown>\n#10 0x55ce2ea7b42b <unknown>\n#11 0x55ce2ea7f2ec <unknown>\n#12 0x55ce2ea62a22 <unknown>\n#13 0x55ce2ea7fe64 <unknown>\n#14 0x55ce2ea46bef <unknown>\n#15 0x55ce2eaa2558 <unknown>\n#16 0x55ce2eaa2736 <unknown>\n#17 0x55ce2eab2e76 <unknown>\n#18 0x7f6608e9caa4 <unknown>\n#19 0x7f6608f29c3c <unknown>",
        "time" : {
          "start" : 1743901926081,
          "stop" : 1743901932209,
          "duration" : 6128
        }
      }, {
        "uid" : "9515f14351b687f6",
        "reportUrl" : "https://lambotik.github.io/Oblache/363//#testresult/9515f14351b687f6",
        "status" : "failed",
        "statusDetails" : "AssertionError: Wrong answer from server or need manual deleting!!!",
        "time" : {
          "start" : 1743815294978,
          "stop" : 1743815298284,
          "duration" : 3306
        }
      }, {
        "uid" : "9cef522e70a5ccb6",
        "reportUrl" : "https://lambotik.github.io/Oblache/362//#testresult/9cef522e70a5ccb6",
        "status" : "failed",
        "statusDetails" : "AssertionError: Wrong answer from server or need manual deleting!!!",
        "time" : {
          "start" : 1743728972974,
          "stop" : 1743728976663,
          "duration" : 3689
        }
      }, {
        "uid" : "d2e9fc52f97dfe76",
        "reportUrl" : "https://lambotik.github.io/Oblache/361//#testresult/d2e9fc52f97dfe76",
        "status" : "failed",
        "statusDetails" : "AssertionError: Wrong answer from server or need manual deleting!!!",
        "time" : {
          "start" : 1743642558145,
          "stop" : 1743642561458,
          "duration" : 3313
        }
      }, {
        "uid" : "e59eaf8319acf38d",
        "reportUrl" : "https://lambotik.github.io/Oblache/360//#testresult/e59eaf8319acf38d",
        "status" : "failed",
        "statusDetails" : "AssertionError: Wrong answer from server or need manual deleting!!!",
        "time" : {
          "start" : 1743556240409,
          "stop" : 1743556243714,
          "duration" : 3305
        }
      }, {
        "uid" : "20e43b2fc0070ab8",
        "reportUrl" : "https://lambotik.github.io/Oblache/359//#testresult/20e43b2fc0070ab8",
        "status" : "failed",
        "statusDetails" : "AssertionError: Wrong answer from server or need manual deleting!!!",
        "time" : {
          "start" : 1743470281882,
          "stop" : 1743470285178,
          "duration" : 3296
        }
      }, {
        "uid" : "28ece3415afeefbd",
        "reportUrl" : "https://lambotik.github.io/Oblache/358//#testresult/28ece3415afeefbd",
        "status" : "failed",
        "statusDetails" : "AssertionError: Wrong answer from server or need manual deleting!!!",
        "time" : {
          "start" : 1743383608530,
          "stop" : 1743383612171,
          "duration" : 3641
        }
      }, {
        "uid" : "d003977d9e726d2e",
        "reportUrl" : "https://lambotik.github.io/Oblache/357//#testresult/d003977d9e726d2e",
        "status" : "failed",
        "statusDetails" : "AssertionError: Wrong answer from server or need manual deleting!!!",
        "time" : {
          "start" : 1743297271296,
          "stop" : 1743297274601,
          "duration" : 3305
        }
      }, {
        "uid" : "a14f3e307f156473",
        "reportUrl" : "https://lambotik.github.io/Oblache/356//#testresult/a14f3e307f156473",
        "status" : "failed",
        "statusDetails" : "AssertionError: Wrong answer from server or need manual deleting!!!",
        "time" : {
          "start" : 1743210435777,
          "stop" : 1743210439080,
          "duration" : 3303
        }
      }, {
        "uid" : "d20d2c40204f7952",
        "reportUrl" : "https://lambotik.github.io/Oblache/355//#testresult/d20d2c40204f7952",
        "status" : "failed",
        "statusDetails" : "AssertionError: Wrong answer from server or need manual deleting!!!",
        "time" : {
          "start" : 1743124120553,
          "stop" : 1743124123856,
          "duration" : 3303
        }
      }, {
        "uid" : "31fa6a54e0a019aa",
        "reportUrl" : "https://lambotik.github.io/Oblache/354//#testresult/31fa6a54e0a019aa",
        "status" : "broken",
        "statusDetails" : "selenium.common.exceptions.TimeoutException: Message: Can't find elements by locator ('xpath', '//tbody[@id=\"tbody_dbs\"]/tr')",
        "time" : {
          "start" : 1743037699001,
          "stop" : 1743037706667,
          "duration" : 7666
        }
      }, {
        "uid" : "dad36c0b643a1ce0",
        "reportUrl" : "https://lambotik.github.io/Oblache/353//#testresult/dad36c0b643a1ce0",
        "status" : "failed",
        "statusDetails" : "AssertionError: Wrong answer from server or need manual deleting!!!",
        "time" : {
          "start" : 1742951292797,
          "stop" : 1742951296105,
          "duration" : 3308
        }
      }, {
        "uid" : "2b4bad45be7001e3",
        "reportUrl" : "https://lambotik.github.io/Oblache/352//#testresult/2b4bad45be7001e3",
        "status" : "failed",
        "statusDetails" : "AssertionError: Wrong answer from server or need manual deleting!!!",
        "time" : {
          "start" : 1742864984079,
          "stop" : 1742864987425,
          "duration" : 3346
        }
      }, {
        "uid" : "6b7de9e2f1dc54c6",
        "reportUrl" : "https://lambotik.github.io/Oblache/351//#testresult/6b7de9e2f1dc54c6",
        "status" : "failed",
        "statusDetails" : "AssertionError: Wrong answer from server or need manual deleting!!!",
        "time" : {
          "start" : 1742778623443,
          "stop" : 1742778627094,
          "duration" : 3651
        }
      }, {
        "uid" : "b0b81326f3a9b9c2",
        "reportUrl" : "https://lambotik.github.io/Oblache/350//#testresult/b0b81326f3a9b9c2",
        "status" : "failed",
        "statusDetails" : "AssertionError: Wrong answer from server or need manual deleting!!!",
        "time" : {
          "start" : 1742692415306,
          "stop" : 1742692418610,
          "duration" : 3304
        }
      }, {
        "uid" : "53d44feb08a2b43",
        "reportUrl" : "https://lambotik.github.io/Oblache/349//#testresult/53d44feb08a2b43",
        "status" : "failed",
        "statusDetails" : "AssertionError: Wrong answer from server or need manual deleting!!!",
        "time" : {
          "start" : 1742605643332,
          "stop" : 1742605646641,
          "duration" : 3309
        }
      }, {
        "uid" : "998dd4fed8aca42d",
        "reportUrl" : "https://lambotik.github.io/Oblache/348//#testresult/998dd4fed8aca42d",
        "status" : "failed",
        "statusDetails" : "AssertionError: Wrong answer from server or need manual deleting!!!",
        "time" : {
          "start" : 1742519312481,
          "stop" : 1742519316126,
          "duration" : 3645
        }
      }, {
        "uid" : "2a97032e218d7d1c",
        "reportUrl" : "https://lambotik.github.io/Oblache/347//#testresult/2a97032e218d7d1c",
        "status" : "broken",
        "statusDetails" : "selenium.common.exceptions.TimeoutException: Message: Can't find elements by locator ('xpath', '//tbody[@id=\"tbody_dbs\"]/tr')",
        "time" : {
          "start" : 1742432838725,
          "stop" : 1742432846368,
          "duration" : 7643
        }
      }, {
        "uid" : "ba1a5c424ea1093f",
        "reportUrl" : "https://lambotik.github.io/Oblache/346//#testresult/ba1a5c424ea1093f",
        "status" : "failed",
        "statusDetails" : "AssertionError: Wrong answer from server or need manual deleting!!!",
        "time" : {
          "start" : 1742346504240,
          "stop" : 1742346507552,
          "duration" : 3312
        }
      }, {
        "uid" : "30145118647354ce",
        "reportUrl" : "https://lambotik.github.io/Oblache/345//#testresult/30145118647354ce",
        "status" : "failed",
        "statusDetails" : "AssertionError: Wrong answer from server or need manual deleting!!!",
        "time" : {
          "start" : 1742260054039,
          "stop" : 1742260057687,
          "duration" : 3648
        }
      } ]
    },
    "tags" : [ ]
  },
  "source" : "a1060a2fd087475.json",
  "parameterValues" : [ ]
}