{
  "uid" : "ae11da505162280d",
  "name" : "test_create_database",
  "fullName" : "tests_ui.test_ui.TestProfilePage#test_create_database",
  "historyId" : "4762f7b87391625d86f9ea8dbdd3b406",
  "time" : {
    "start" : 1743988197491,
    "stop" : 1743988203615,
    "duration" : 6124
  },
  "status" : "broken",
  "statusMessage" : "selenium.common.exceptions.TimeoutException: Message: Can't find element by locator ('xpath', '//button[@id=\"menu_button_status\"]')\nStacktrace:\n#0 0x55906be86ffa <unknown>\n#1 0x55906b945970 <unknown>\n#2 0x55906b997385 <unknown>\n#3 0x55906b9975b1 <unknown>\n#4 0x55906b9e63c4 <unknown>\n#5 0x55906b9bd2bd <unknown>\n#6 0x55906b9e370c <unknown>\n#7 0x55906b9bd063 <unknown>\n#8 0x55906b989328 <unknown>\n#9 0x55906b98a491 <unknown>\n#10 0x55906be4e42b <unknown>\n#11 0x55906be522ec <unknown>\n#12 0x55906be35a22 <unknown>\n#13 0x55906be52e64 <unknown>\n#14 0x55906be19bef <unknown>\n#15 0x55906be75558 <unknown>\n#16 0x55906be75736 <unknown>\n#17 0x55906be85e76 <unknown>\n#18 0x7f3a2de9caa4 <unknown>\n#19 0x7f3a2df29c3c <unknown>",
  "statusTrace" : "self = <tests_ui.test_ui.TestProfilePage object at 0x7f8b78eb77a0>\ndriver = <selenium.webdriver.chrome.webdriver.WebDriver (session=\"de4fea8751e8b3e194da771c3fcef96f\")>\nauthorization_user = None\n\n    @allure.title('test_create_database')\n    def test_create_database(self, driver, authorization_user):\n        page = ProfilePage(driver, authorization_user)\n>       page.compare_database_status()\n\ntests_ui/test_ui.py:83: \n_ _ _ _ _ _ _ _ _ _ _ _ _ _ _ _ _ _ _ _ _ _ _ _ _ _ _ _ _ _ _ _ _ _ _ _ _ _ _ _ \ntests_ui/profile_page.py:144: in compare_database_status\n    self.click_button_status()\ntests_ui/profile_page.py:18: in click_button_status\n    return self.element_is_present_and_clickable(self.locators.STATUS_BUTTON).click()\ntests_ui/base_page.py:28: in element_is_present_and_clickable\n    return (Wait(self.driver, self.timeout).until(\n_ _ _ _ _ _ _ _ _ _ _ _ _ _ _ _ _ _ _ _ _ _ _ _ _ _ _ _ _ _ _ _ _ _ _ _ _ _ _ _ \n\nself = <selenium.webdriver.support.wait.WebDriverWait (session=\"de4fea8751e8b3e194da771c3fcef96f\")>\nmethod = <function visibility_of_element_located.<locals>._predicate at 0x7f8b780b80e0>\nmessage = 'Can\\'t find element by locator (\\'xpath\\', \\'//button[@id=\"menu_button_status\"]\\')'\n\n    def until(self, method: Callable[[D], Union[Literal[False], T]], message: str = \"\") -> T:\n        \"\"\"Calls the method provided with the driver as an argument until the \\\n        return value does not evaluate to ``False``.\n    \n        :param method: callable(WebDriver)\n        :param message: optional message for :exc:`TimeoutException`\n        :returns: the result of the last call to `method`\n        :raises: :exc:`selenium.common.exceptions.TimeoutException` if timeout occurs\n        \"\"\"\n        screen = None\n        stacktrace = None\n    \n        end_time = time.monotonic() + self._timeout\n        while True:\n            try:\n                value = method(self._driver)\n                if value:\n                    return value\n            except self._ignored_exceptions as exc:\n                screen = getattr(exc, \"screen\", None)\n                stacktrace = getattr(exc, \"stacktrace\", None)\n            time.sleep(self._poll)\n            if time.monotonic() > end_time:\n                break\n>       raise TimeoutException(message, screen, stacktrace)\nE       selenium.common.exceptions.TimeoutException: Message: Can't find element by locator ('xpath', '//button[@id=\"menu_button_status\"]')\nE       Stacktrace:\nE       #0 0x55906be86ffa <unknown>\nE       #1 0x55906b945970 <unknown>\nE       #2 0x55906b997385 <unknown>\nE       #3 0x55906b9975b1 <unknown>\nE       #4 0x55906b9e63c4 <unknown>\nE       #5 0x55906b9bd2bd <unknown>\nE       #6 0x55906b9e370c <unknown>\nE       #7 0x55906b9bd063 <unknown>\nE       #8 0x55906b989328 <unknown>\nE       #9 0x55906b98a491 <unknown>\nE       #10 0x55906be4e42b <unknown>\nE       #11 0x55906be522ec <unknown>\nE       #12 0x55906be35a22 <unknown>\nE       #13 0x55906be52e64 <unknown>\nE       #14 0x55906be19bef <unknown>\nE       #15 0x55906be75558 <unknown>\nE       #16 0x55906be75736 <unknown>\nE       #17 0x55906be85e76 <unknown>\nE       #18 0x7f3a2de9caa4 <unknown>\nE       #19 0x7f3a2df29c3c <unknown>\n\n/opt/hostedtoolcache/Python/3.12.9/x64/lib/python3.12/site-packages/selenium/webdriver/support/wait.py:105: TimeoutException",
  "flaky" : false,
  "newFailed" : false,
  "beforeStages" : [ {
    "name" : "authorization_user",
    "time" : {
      "start" : 1743988196804,
      "stop" : 1743988197491,
      "duration" : 687
    },
    "status" : "passed",
    "steps" : [ {
      "name" : "Open page: https://oblache.areso.pro/register.html",
      "time" : {
        "start" : 1743988196804,
        "stop" : 1743988197301,
        "duration" : 497
      },
      "status" : "passed",
      "steps" : [ ],
      "attachments" : [ ],
      "parameters" : [ ],
      "stepsCount" : 0,
      "attachmentsCount" : 0,
      "shouldDisplayMessage" : false,
      "hasContent" : false
    }, {
      "name" : "Login user",
      "time" : {
        "start" : 1743988197301,
        "stop" : 1743988197491,
        "duration" : 190
      },
      "status" : "passed",
      "steps" : [ {
        "name" : "Enter email.",
        "time" : {
          "start" : 1743988197301,
          "stop" : 1743988197360,
          "duration" : 59
        },
        "status" : "passed",
        "steps" : [ ],
        "attachments" : [ ],
        "parameters" : [ ],
        "stepsCount" : 0,
        "attachmentsCount" : 0,
        "shouldDisplayMessage" : false,
        "hasContent" : false
      }, {
        "name" : "Enter password.",
        "time" : {
          "start" : 1743988197360,
          "stop" : 1743988197402,
          "duration" : 42
        },
        "status" : "passed",
        "steps" : [ ],
        "attachments" : [ ],
        "parameters" : [ ],
        "stepsCount" : 0,
        "attachmentsCount" : 0,
        "shouldDisplayMessage" : false,
        "hasContent" : false
      }, {
        "name" : "Click button \"Login\"",
        "time" : {
          "start" : 1743988197403,
          "stop" : 1743988197488,
          "duration" : 85
        },
        "status" : "passed",
        "steps" : [ ],
        "attachments" : [ ],
        "parameters" : [ ],
        "stepsCount" : 0,
        "attachmentsCount" : 0,
        "shouldDisplayMessage" : false,
        "hasContent" : false
      }, {
        "name" : "Check url is present: https://oblache.areso.pro/register.html",
        "time" : {
          "start" : 1743988197488,
          "stop" : 1743988197491,
          "duration" : 3
        },
        "status" : "passed",
        "steps" : [ ],
        "attachments" : [ ],
        "parameters" : [ ],
        "stepsCount" : 0,
        "attachmentsCount" : 0,
        "shouldDisplayMessage" : false,
        "hasContent" : false
      } ],
      "attachments" : [ ],
      "parameters" : [ ],
      "stepsCount" : 4,
      "attachmentsCount" : 0,
      "shouldDisplayMessage" : false,
      "hasContent" : true
    } ],
    "attachments" : [ ],
    "parameters" : [ ],
    "stepsCount" : 6,
    "attachmentsCount" : 0,
    "shouldDisplayMessage" : false,
    "hasContent" : true
  }, {
    "name" : "driver",
    "time" : {
      "start" : 1743988196479,
      "stop" : 1743988196804,
      "duration" : 325
    },
    "status" : "passed",
    "steps" : [ ],
    "attachments" : [ ],
    "parameters" : [ ],
    "stepsCount" : 0,
    "attachmentsCount" : 0,
    "shouldDisplayMessage" : false,
    "hasContent" : false
  } ],
  "testStage" : {
    "status" : "broken",
    "statusMessage" : "selenium.common.exceptions.TimeoutException: Message: Can't find element by locator ('xpath', '//button[@id=\"menu_button_status\"]')\nStacktrace:\n#0 0x55906be86ffa <unknown>\n#1 0x55906b945970 <unknown>\n#2 0x55906b997385 <unknown>\n#3 0x55906b9975b1 <unknown>\n#4 0x55906b9e63c4 <unknown>\n#5 0x55906b9bd2bd <unknown>\n#6 0x55906b9e370c <unknown>\n#7 0x55906b9bd063 <unknown>\n#8 0x55906b989328 <unknown>\n#9 0x55906b98a491 <unknown>\n#10 0x55906be4e42b <unknown>\n#11 0x55906be522ec <unknown>\n#12 0x55906be35a22 <unknown>\n#13 0x55906be52e64 <unknown>\n#14 0x55906be19bef <unknown>\n#15 0x55906be75558 <unknown>\n#16 0x55906be75736 <unknown>\n#17 0x55906be85e76 <unknown>\n#18 0x7f3a2de9caa4 <unknown>\n#19 0x7f3a2df29c3c <unknown>",
    "statusTrace" : "self = <tests_ui.test_ui.TestProfilePage object at 0x7f8b78eb77a0>\ndriver = <selenium.webdriver.chrome.webdriver.WebDriver (session=\"de4fea8751e8b3e194da771c3fcef96f\")>\nauthorization_user = None\n\n    @allure.title('test_create_database')\n    def test_create_database(self, driver, authorization_user):\n        page = ProfilePage(driver, authorization_user)\n>       page.compare_database_status()\n\ntests_ui/test_ui.py:83: \n_ _ _ _ _ _ _ _ _ _ _ _ _ _ _ _ _ _ _ _ _ _ _ _ _ _ _ _ _ _ _ _ _ _ _ _ _ _ _ _ \ntests_ui/profile_page.py:144: in compare_database_status\n    self.click_button_status()\ntests_ui/profile_page.py:18: in click_button_status\n    return self.element_is_present_and_clickable(self.locators.STATUS_BUTTON).click()\ntests_ui/base_page.py:28: in element_is_present_and_clickable\n    return (Wait(self.driver, self.timeout).until(\n_ _ _ _ _ _ _ _ _ _ _ _ _ _ _ _ _ _ _ _ _ _ _ _ _ _ _ _ _ _ _ _ _ _ _ _ _ _ _ _ \n\nself = <selenium.webdriver.support.wait.WebDriverWait (session=\"de4fea8751e8b3e194da771c3fcef96f\")>\nmethod = <function visibility_of_element_located.<locals>._predicate at 0x7f8b780b80e0>\nmessage = 'Can\\'t find element by locator (\\'xpath\\', \\'//button[@id=\"menu_button_status\"]\\')'\n\n    def until(self, method: Callable[[D], Union[Literal[False], T]], message: str = \"\") -> T:\n        \"\"\"Calls the method provided with the driver as an argument until the \\\n        return value does not evaluate to ``False``.\n    \n        :param method: callable(WebDriver)\n        :param message: optional message for :exc:`TimeoutException`\n        :returns: the result of the last call to `method`\n        :raises: :exc:`selenium.common.exceptions.TimeoutException` if timeout occurs\n        \"\"\"\n        screen = None\n        stacktrace = None\n    \n        end_time = time.monotonic() + self._timeout\n        while True:\n            try:\n                value = method(self._driver)\n                if value:\n                    return value\n            except self._ignored_exceptions as exc:\n                screen = getattr(exc, \"screen\", None)\n                stacktrace = getattr(exc, \"stacktrace\", None)\n            time.sleep(self._poll)\n            if time.monotonic() > end_time:\n                break\n>       raise TimeoutException(message, screen, stacktrace)\nE       selenium.common.exceptions.TimeoutException: Message: Can't find element by locator ('xpath', '//button[@id=\"menu_button_status\"]')\nE       Stacktrace:\nE       #0 0x55906be86ffa <unknown>\nE       #1 0x55906b945970 <unknown>\nE       #2 0x55906b997385 <unknown>\nE       #3 0x55906b9975b1 <unknown>\nE       #4 0x55906b9e63c4 <unknown>\nE       #5 0x55906b9bd2bd <unknown>\nE       #6 0x55906b9e370c <unknown>\nE       #7 0x55906b9bd063 <unknown>\nE       #8 0x55906b989328 <unknown>\nE       #9 0x55906b98a491 <unknown>\nE       #10 0x55906be4e42b <unknown>\nE       #11 0x55906be522ec <unknown>\nE       #12 0x55906be35a22 <unknown>\nE       #13 0x55906be52e64 <unknown>\nE       #14 0x55906be19bef <unknown>\nE       #15 0x55906be75558 <unknown>\nE       #16 0x55906be75736 <unknown>\nE       #17 0x55906be85e76 <unknown>\nE       #18 0x7f3a2de9caa4 <unknown>\nE       #19 0x7f3a2df29c3c <unknown>\n\n/opt/hostedtoolcache/Python/3.12.9/x64/lib/python3.12/site-packages/selenium/webdriver/support/wait.py:105: TimeoutException",
    "steps" : [ {
      "name" : "Click button Status.",
      "time" : {
        "start" : 1743988198491,
        "stop" : 1743988203615,
        "duration" : 5124
      },
      "status" : "broken",
      "statusMessage" : "selenium.common.exceptions.TimeoutException: Message: Can't find element by locator ('xpath', '//button[@id=\"menu_button_status\"]')\nStacktrace:\n#0 0x55906be86ffa <unknown>\n#1 0x55906b945970 <unknown>\n#2 0x55906b997385 <unknown>\n#3 0x55906b9975b1 <unknown>\n#4 0x55906b9e63c4 <unknown>\n#5 0x55906b9bd2bd <unknown>\n#6 0x55906b9e370c <unknown>\n#7 0x55906b9bd063 <unknown>\n#8 0x55906b989328 <unknown>\n#9 0x55906b98a491 <unknown>\n#10 0x55906be4e42b <unknown>\n#11 0x55906be522ec <unknown>\n#12 0x55906be35a22 <unknown>\n#13 0x55906be52e64 <unknown>\n#14 0x55906be19bef <unknown>\n#15 0x55906be75558 <unknown>\n#16 0x55906be75736 <unknown>\n#17 0x55906be85e76 <unknown>\n#18 0x7f3a2de9caa4 <unknown>\n#19 0x7f3a2df29c3c <unknown>\n\n",
      "statusTrace" : "  File \"/home/runner/work/Oblache/Oblache/tests_ui/profile_page.py\", line 18, in click_button_status\n    return self.element_is_present_and_clickable(self.locators.STATUS_BUTTON).click()\n           ^^^^^^^^^^^^^^^^^^^^^^^^^^^^^^^^^^^^^^^^^^^^^^^^^^^^^^^^^^^^^^^^^^\n  File \"/home/runner/work/Oblache/Oblache/tests_ui/base_page.py\", line 28, in element_is_present_and_clickable\n    return (Wait(self.driver, self.timeout).until(\n            ^^^^^^^^^^^^^^^^^^^^^^^^^^^^^^^^^^^^^^\n  File \"/opt/hostedtoolcache/Python/3.12.9/x64/lib/python3.12/site-packages/selenium/webdriver/support/wait.py\", line 105, in until\n    raise TimeoutException(message, screen, stacktrace)\n",
      "steps" : [ ],
      "attachments" : [ ],
      "parameters" : [ ],
      "stepsCount" : 0,
      "attachmentsCount" : 0,
      "shouldDisplayMessage" : true,
      "hasContent" : true
    } ],
    "attachments" : [ {
      "uid" : "34f30174206959bc",
      "name" : "Screenshot 2025-04-07 01:10:03.733434",
      "source" : "34f30174206959bc.png",
      "type" : "image/png",
      "size" : 15571
    } ],
    "parameters" : [ ],
    "stepsCount" : 1,
    "attachmentsCount" : 1,
    "shouldDisplayMessage" : true,
    "hasContent" : true
  },
  "afterStages" : [ {
    "name" : "driver::0",
    "time" : {
      "start" : 1743988203734,
      "stop" : 1743988203794,
      "duration" : 60
    },
    "status" : "passed",
    "steps" : [ ],
    "attachments" : [ ],
    "parameters" : [ ],
    "stepsCount" : 0,
    "attachmentsCount" : 0,
    "shouldDisplayMessage" : false,
    "hasContent" : false
  } ],
  "labels" : [ {
    "name" : "suite",
    "value" : "Test Profile Page."
  }, {
    "name" : "parentSuite",
    "value" : "tests_ui"
  }, {
    "name" : "subSuite",
    "value" : "TestProfilePage"
  }, {
    "name" : "host",
    "value" : "fv-az1344-338"
  }, {
    "name" : "thread",
    "value" : "2500-MainThread"
  }, {
    "name" : "framework",
    "value" : "pytest"
  }, {
    "name" : "language",
    "value" : "cpython3"
  }, {
    "name" : "package",
    "value" : "tests_ui.test_ui"
  }, {
    "name" : "resultFormat",
    "value" : "allure2"
  } ],
  "parameters" : [ ],
  "links" : [ ],
  "hidden" : false,
  "retry" : false,
  "extra" : {
    "severity" : "normal",
    "retries" : [ ],
    "categories" : [ {
      "name" : "Test defects",
      "matchedStatuses" : [ ],
      "flaky" : false
    } ],
    "history" : {
      "statistic" : {
        "failed" : 0,
        "broken" : 146,
        "skipped" : 0,
        "passed" : 1,
        "unknown" : 0,
        "total" : 147
      },
      "items" : [ {
        "uid" : "bf2578d34563b46a",
        "reportUrl" : "https://lambotik.github.io/Oblache/364//#testresult/bf2578d34563b46a",
        "status" : "broken",
        "statusDetails" : "selenium.common.exceptions.TimeoutException: Message: Can't find element by locator ('xpath', '//button[@id=\"menu_button_status\"]')\nStacktrace:\n#0 0x55aa48345ffa <unknown>\n#1 0x55aa47e04970 <unknown>\n#2 0x55aa47e56385 <unknown>\n#3 0x55aa47e565b1 <unknown>\n#4 0x55aa47ea53c4 <unknown>\n#5 0x55aa47e7c2bd <unknown>\n#6 0x55aa47ea270c <unknown>\n#7 0x55aa47e7c063 <unknown>\n#8 0x55aa47e48328 <unknown>\n#9 0x55aa47e49491 <unknown>\n#10 0x55aa4830d42b <unknown>\n#11 0x55aa483112ec <unknown>\n#12 0x55aa482f4a22 <unknown>\n#13 0x55aa48311e64 <unknown>\n#14 0x55aa482d8bef <unknown>\n#15 0x55aa48334558 <unknown>\n#16 0x55aa48334736 <unknown>\n#17 0x55aa48344e76 <unknown>\n#18 0x7f369969caa4 <unknown>\n#19 0x7f3699729c3c <unknown>",
        "time" : {
          "start" : 1743901918939,
          "stop" : 1743901925068,
          "duration" : 6129
        }
      }, {
        "uid" : "59c528839b57f5a1",
        "reportUrl" : "https://lambotik.github.io/Oblache/363//#testresult/59c528839b57f5a1",
        "status" : "broken",
        "statusDetails" : "selenium.common.exceptions.TimeoutException: Message: Can't find element by locator ('xpath', '//div[@id=\"msg_from_server\"]')",
        "time" : {
          "start" : 1743815286086,
          "stop" : 1743815293964,
          "duration" : 7878
        }
      }, {
        "uid" : "1aedfd354cff56c0",
        "reportUrl" : "https://lambotik.github.io/Oblache/362//#testresult/1aedfd354cff56c0",
        "status" : "broken",
        "statusDetails" : "selenium.common.exceptions.TimeoutException: Message: Can't find element by locator ('xpath', '//div[@id=\"msg_from_server\"]')",
        "time" : {
          "start" : 1743728962912,
          "stop" : 1743728971781,
          "duration" : 8869
        }
      }, {
        "uid" : "993b7343f39c3977",
        "reportUrl" : "https://lambotik.github.io/Oblache/361//#testresult/993b7343f39c3977",
        "status" : "broken",
        "statusDetails" : "selenium.common.exceptions.TimeoutException: Message: Can't find element by locator ('xpath', '//div[@id=\"msg_from_server\"]')",
        "time" : {
          "start" : 1743642549229,
          "stop" : 1743642557100,
          "duration" : 7871
        }
      }, {
        "uid" : "94d77198eb76ed8",
        "reportUrl" : "https://lambotik.github.io/Oblache/360//#testresult/94d77198eb76ed8",
        "status" : "broken",
        "statusDetails" : "selenium.common.exceptions.TimeoutException: Message: Can't find element by locator ('xpath', '//div[@id=\"msg_from_server\"]')",
        "time" : {
          "start" : 1743556231293,
          "stop" : 1743556239364,
          "duration" : 8071
        }
      }, {
        "uid" : "b8fab03f6ea57356",
        "reportUrl" : "https://lambotik.github.io/Oblache/359//#testresult/b8fab03f6ea57356",
        "status" : "broken",
        "statusDetails" : "selenium.common.exceptions.TimeoutException: Message: Can't find element by locator ('xpath', '//div[@id=\"msg_from_server\"]')",
        "time" : {
          "start" : 1743470272617,
          "stop" : 1743470280907,
          "duration" : 8290
        }
      }, {
        "uid" : "add158f3184a6ad3",
        "reportUrl" : "https://lambotik.github.io/Oblache/358//#testresult/add158f3184a6ad3",
        "status" : "broken",
        "statusDetails" : "selenium.common.exceptions.TimeoutException: Message: Can't find element by locator ('xpath', '//div[@id=\"msg_from_server\"]')",
        "time" : {
          "start" : 1743383598600,
          "stop" : 1743383607326,
          "duration" : 8726
        }
      }, {
        "uid" : "4ed36a3731931218",
        "reportUrl" : "https://lambotik.github.io/Oblache/357//#testresult/4ed36a3731931218",
        "status" : "broken",
        "statusDetails" : "selenium.common.exceptions.TimeoutException: Message: Can't find element by locator ('xpath', '//div[@id=\"msg_from_server\"]')",
        "time" : {
          "start" : 1743297262356,
          "stop" : 1743297270305,
          "duration" : 7949
        }
      }, {
        "uid" : "8ad11309c22c5582",
        "reportUrl" : "https://lambotik.github.io/Oblache/356//#testresult/8ad11309c22c5582",
        "status" : "broken",
        "statusDetails" : "selenium.common.exceptions.TimeoutException: Message: Can't find element by locator ('xpath', '//div[@id=\"msg_from_server\"]')",
        "time" : {
          "start" : 1743210426920,
          "stop" : 1743210434784,
          "duration" : 7864
        }
      }, {
        "uid" : "b24535812a809f03",
        "reportUrl" : "https://lambotik.github.io/Oblache/355//#testresult/b24535812a809f03",
        "status" : "broken",
        "statusDetails" : "selenium.common.exceptions.TimeoutException: Message: Can't find element by locator ('xpath', '//div[@id=\"msg_from_server\"]')",
        "time" : {
          "start" : 1743124111384,
          "stop" : 1743124119504,
          "duration" : 8120
        }
      }, {
        "uid" : "d5e3de2982142837",
        "reportUrl" : "https://lambotik.github.io/Oblache/354//#testresult/d5e3de2982142837",
        "status" : "broken",
        "statusDetails" : "selenium.common.exceptions.TimeoutException: Message: Can't find element by locator ('xpath', '//div[@id=\"msg_from_server\"]')",
        "time" : {
          "start" : 1743037690044,
          "stop" : 1743037697953,
          "duration" : 7909
        }
      }, {
        "uid" : "74c376b7e566b2ee",
        "reportUrl" : "https://lambotik.github.io/Oblache/353//#testresult/74c376b7e566b2ee",
        "status" : "broken",
        "statusDetails" : "selenium.common.exceptions.TimeoutException: Message: Can't find element by locator ('xpath', '//div[@id=\"msg_from_server\"]')",
        "time" : {
          "start" : 1742951283904,
          "stop" : 1742951291798,
          "duration" : 7894
        }
      }, {
        "uid" : "23399ace0382e60f",
        "reportUrl" : "https://lambotik.github.io/Oblache/352//#testresult/23399ace0382e60f",
        "status" : "broken",
        "statusDetails" : "selenium.common.exceptions.TimeoutException: Message: Can't find element by locator ('xpath', '//div[@id=\"msg_from_server\"]')",
        "time" : {
          "start" : 1742864974756,
          "stop" : 1742864983058,
          "duration" : 8302
        }
      }, {
        "uid" : "5a578916ac4af4e",
        "reportUrl" : "https://lambotik.github.io/Oblache/351//#testresult/5a578916ac4af4e",
        "status" : "broken",
        "statusDetails" : "selenium.common.exceptions.TimeoutException: Message: Can't find element by locator ('xpath', '//div[@id=\"msg_from_server\"]')",
        "time" : {
          "start" : 1742778613522,
          "stop" : 1742778622246,
          "duration" : 8724
        }
      }, {
        "uid" : "fd9cd58ace4b5e82",
        "reportUrl" : "https://lambotik.github.io/Oblache/350//#testresult/fd9cd58ace4b5e82",
        "status" : "broken",
        "statusDetails" : "selenium.common.exceptions.TimeoutException: Message: Can't find element by locator ('xpath', '//div[@id=\"msg_from_server\"]')",
        "time" : {
          "start" : 1742692406156,
          "stop" : 1742692414264,
          "duration" : 8108
        }
      }, {
        "uid" : "c33e51e33495c1c5",
        "reportUrl" : "https://lambotik.github.io/Oblache/349//#testresult/c33e51e33495c1c5",
        "status" : "broken",
        "statusDetails" : "selenium.common.exceptions.TimeoutException: Message: Can't find element by locator ('xpath', '//div[@id=\"msg_from_server\"]')",
        "time" : {
          "start" : 1742605634409,
          "stop" : 1742605642336,
          "duration" : 7927
        }
      }, {
        "uid" : "9991b9a6f9bdd134",
        "reportUrl" : "https://lambotik.github.io/Oblache/348//#testresult/9991b9a6f9bdd134",
        "status" : "broken",
        "statusDetails" : "selenium.common.exceptions.TimeoutException: Message: Can't find element by locator ('xpath', '//div[@id=\"msg_from_server\"]')",
        "time" : {
          "start" : 1742519302520,
          "stop" : 1742519311292,
          "duration" : 8772
        }
      }, {
        "uid" : "e1db1f4e3c2cb410",
        "reportUrl" : "https://lambotik.github.io/Oblache/347//#testresult/e1db1f4e3c2cb410",
        "status" : "broken",
        "statusDetails" : "selenium.common.exceptions.TimeoutException: Message: Can't find element by locator ('xpath', '//div[@id=\"msg_from_server\"]')",
        "time" : {
          "start" : 1742432829785,
          "stop" : 1742432837681,
          "duration" : 7896
        }
      }, {
        "uid" : "bd96cfaf3f0c07a0",
        "reportUrl" : "https://lambotik.github.io/Oblache/346//#testresult/bd96cfaf3f0c07a0",
        "status" : "broken",
        "statusDetails" : "selenium.common.exceptions.TimeoutException: Message: Can't find element by locator ('xpath', '//div[@id=\"msg_from_server\"]')",
        "time" : {
          "start" : 1742346495331,
          "stop" : 1742346503263,
          "duration" : 7932
        }
      }, {
        "uid" : "6c89e032a4457005",
        "reportUrl" : "https://lambotik.github.io/Oblache/345//#testresult/6c89e032a4457005",
        "status" : "broken",
        "statusDetails" : "selenium.common.exceptions.TimeoutException: Message: Can't find element by locator ('xpath', '//div[@id=\"msg_from_server\"]')",
        "time" : {
          "start" : 1742260043981,
          "stop" : 1742260052819,
          "duration" : 8838
        }
      } ]
    },
    "tags" : [ ]
  },
  "source" : "ae11da505162280d.json",
  "parameterValues" : [ ]
}