{
  "uid" : "fd92dcf9cc07b448",
  "name" : "test_clipboard_uuid_docker",
  "fullName" : "tests_ui.test_ui.TestProfilePage#test_clipboard_uuid_docker",
  "historyId" : "11f91f43cfea2a231aececf29c7ed302",
  "time" : {
    "start" : 1754963984433,
    "stop" : 1754963990619,
    "duration" : 6186
  },
  "status" : "broken",
  "statusMessage" : "selenium.common.exceptions.TimeoutException: Message: Can't find element by locator ('xpath', '//table[@id=\"table_containers\"] //tr[1]/td[3] /button')\nStacktrace:\n#0 0x55920568a2ca <unknown>\n#1 0x559205131550 <unknown>\n#2 0x5592051830f0 <unknown>\n#3 0x5592051832e1 <unknown>\n#4 0x5592051d15e4 <unknown>\n#5 0x5592051a8bed <unknown>\n#6 0x5592051ce9e6 <unknown>\n#7 0x5592051a8993 <unknown>\n#8 0x559205174d6b <unknown>\n#9 0x559205176141 <unknown>\n#10 0x55920564f2ab <unknown>\n#11 0x5592056530b9 <unknown>\n#12 0x559205636139 <unknown>\n#13 0x559205653c68 <unknown>\n#14 0x55920561a60f <unknown>\n#15 0x5592056781f8 <unknown>\n#16 0x5592056783d6 <unknown>\n#17 0x5592056895e6 <unknown>\n#18 0x7f591d69caa4 <unknown>\n#19 0x7f591d729c3c <unknown>",
  "statusTrace" : "self = <tests_ui.test_ui.TestProfilePage object at 0x7fdb9f46c860>\ndriver = <selenium.webdriver.chrome.webdriver.WebDriver (session=\"38910b3c563961358927ab95df20d502\")>\nauthorization_user = None\n\n    @allure.title('test_clipboard_uuid_docker')\n    def test_clipboard_uuid_docker(self, driver, authorization_user):\n        page = ProfilePage(driver, authorization_user)\n        page.click_button_docker_containers()\n>       page.check_clipboard(\n            table_xpath='//table[@id=\"table_containers\"]',\n            token=TestProfilePage.token)\n\ntests_ui/test_ui.py:113: \n_ _ _ _ _ _ _ _ _ _ _ _ _ _ _ _ _ _ _ _ _ _ _ _ _ _ _ _ _ _ _ _ _ _ _ _ _ _ _ _ \ntests_ui/profile_page.py:100: in check_clipboard\n    button = self.element_is_visible((By.XPATH, f'{table_xpath} //tr[1]/td[3] /button'))\ntests_ui/base_page.py:33: in element_is_visible\n    self.go_to_element(self.element_is_present(locator))\ntests_ui/base_page.py:46: in element_is_present\n    return Wait(self.driver, self.timeout).until(\n_ _ _ _ _ _ _ _ _ _ _ _ _ _ _ _ _ _ _ _ _ _ _ _ _ _ _ _ _ _ _ _ _ _ _ _ _ _ _ _ \n\nself = <selenium.webdriver.support.wait.WebDriverWait (session=\"38910b3c563961358927ab95df20d502\")>\nmethod = <function presence_of_element_located.<locals>._predicate at 0x7fdb9e651b20>\nmessage = 'Can\\'t find element by locator (\\'xpath\\', \\'//table[@id=\"table_containers\"] //tr[1]/td[3] /button\\')'\n\n    def until(self, method: Callable[[D], Union[Literal[False], T]], message: str = \"\") -> T:\n        \"\"\"Calls the method provided with the driver as an argument until the \\\n        return value does not evaluate to ``False``.\n    \n        :param method: callable(WebDriver)\n        :param message: optional message for :exc:`TimeoutException`\n        :returns: the result of the last call to `method`\n        :raises: :exc:`selenium.common.exceptions.TimeoutException` if timeout occurs\n        \"\"\"\n        screen = None\n        stacktrace = None\n    \n        end_time = time.monotonic() + self._timeout\n        while True:\n            try:\n                value = method(self._driver)\n                if value:\n                    return value\n            except self._ignored_exceptions as exc:\n                screen = getattr(exc, \"screen\", None)\n                stacktrace = getattr(exc, \"stacktrace\", None)\n            time.sleep(self._poll)\n            if time.monotonic() > end_time:\n                break\n>       raise TimeoutException(message, screen, stacktrace)\nE       selenium.common.exceptions.TimeoutException: Message: Can't find element by locator ('xpath', '//table[@id=\"table_containers\"] //tr[1]/td[3] /button')\nE       Stacktrace:\nE       #0 0x55920568a2ca <unknown>\nE       #1 0x559205131550 <unknown>\nE       #2 0x5592051830f0 <unknown>\nE       #3 0x5592051832e1 <unknown>\nE       #4 0x5592051d15e4 <unknown>\nE       #5 0x5592051a8bed <unknown>\nE       #6 0x5592051ce9e6 <unknown>\nE       #7 0x5592051a8993 <unknown>\nE       #8 0x559205174d6b <unknown>\nE       #9 0x559205176141 <unknown>\nE       #10 0x55920564f2ab <unknown>\nE       #11 0x5592056530b9 <unknown>\nE       #12 0x559205636139 <unknown>\nE       #13 0x559205653c68 <unknown>\nE       #14 0x55920561a60f <unknown>\nE       #15 0x5592056781f8 <unknown>\nE       #16 0x5592056783d6 <unknown>\nE       #17 0x5592056895e6 <unknown>\nE       #18 0x7f591d69caa4 <unknown>\nE       #19 0x7f591d729c3c <unknown>\n\n/opt/hostedtoolcache/Python/3.12.11/x64/lib/python3.12/site-packages/selenium/webdriver/support/wait.py:105: TimeoutException",
  "flaky" : false,
  "newFailed" : false,
  "beforeStages" : [ {
    "name" : "driver",
    "time" : {
      "start" : 1754963983523,
      "stop" : 1754963983855,
      "duration" : 332
    },
    "status" : "passed",
    "steps" : [ ],
    "attachments" : [ ],
    "parameters" : [ ],
    "stepsCount" : 0,
    "attachmentsCount" : 0,
    "shouldDisplayMessage" : false,
    "hasContent" : false
  }, {
    "name" : "authorization_user",
    "time" : {
      "start" : 1754963983855,
      "stop" : 1754963984433,
      "duration" : 578
    },
    "status" : "passed",
    "steps" : [ {
      "name" : "Open page: https://oblache.areso.pro/register.html",
      "time" : {
        "start" : 1754963983855,
        "stop" : 1754963984240,
        "duration" : 385
      },
      "status" : "passed",
      "steps" : [ ],
      "attachments" : [ ],
      "parameters" : [ ],
      "stepsCount" : 0,
      "attachmentsCount" : 0,
      "shouldDisplayMessage" : false,
      "hasContent" : false
    }, {
      "name" : "Login user",
      "time" : {
        "start" : 1754963984240,
        "stop" : 1754963984433,
        "duration" : 193
      },
      "status" : "passed",
      "steps" : [ {
        "name" : "Enter email.",
        "time" : {
          "start" : 1754963984240,
          "stop" : 1754963984302,
          "duration" : 62
        },
        "status" : "passed",
        "steps" : [ ],
        "attachments" : [ ],
        "parameters" : [ ],
        "stepsCount" : 0,
        "attachmentsCount" : 0,
        "shouldDisplayMessage" : false,
        "hasContent" : false
      }, {
        "name" : "Enter password.",
        "time" : {
          "start" : 1754963984303,
          "stop" : 1754963984346,
          "duration" : 43
        },
        "status" : "passed",
        "steps" : [ ],
        "attachments" : [ ],
        "parameters" : [ ],
        "stepsCount" : 0,
        "attachmentsCount" : 0,
        "shouldDisplayMessage" : false,
        "hasContent" : false
      }, {
        "name" : "Click button \"Login\"",
        "time" : {
          "start" : 1754963984346,
          "stop" : 1754963984430,
          "duration" : 84
        },
        "status" : "passed",
        "steps" : [ ],
        "attachments" : [ ],
        "parameters" : [ ],
        "stepsCount" : 0,
        "attachmentsCount" : 0,
        "shouldDisplayMessage" : false,
        "hasContent" : false
      }, {
        "name" : "Check url is present: https://oblache.areso.pro/register.html",
        "time" : {
          "start" : 1754963984430,
          "stop" : 1754963984433,
          "duration" : 3
        },
        "status" : "passed",
        "steps" : [ ],
        "attachments" : [ ],
        "parameters" : [ ],
        "stepsCount" : 0,
        "attachmentsCount" : 0,
        "shouldDisplayMessage" : false,
        "hasContent" : false
      } ],
      "attachments" : [ ],
      "parameters" : [ ],
      "stepsCount" : 4,
      "attachmentsCount" : 0,
      "shouldDisplayMessage" : false,
      "hasContent" : true
    } ],
    "attachments" : [ ],
    "parameters" : [ ],
    "stepsCount" : 6,
    "attachmentsCount" : 0,
    "shouldDisplayMessage" : false,
    "hasContent" : true
  } ],
  "testStage" : {
    "status" : "broken",
    "statusMessage" : "selenium.common.exceptions.TimeoutException: Message: Can't find element by locator ('xpath', '//table[@id=\"table_containers\"] //tr[1]/td[3] /button')\nStacktrace:\n#0 0x55920568a2ca <unknown>\n#1 0x559205131550 <unknown>\n#2 0x5592051830f0 <unknown>\n#3 0x5592051832e1 <unknown>\n#4 0x5592051d15e4 <unknown>\n#5 0x5592051a8bed <unknown>\n#6 0x5592051ce9e6 <unknown>\n#7 0x5592051a8993 <unknown>\n#8 0x559205174d6b <unknown>\n#9 0x559205176141 <unknown>\n#10 0x55920564f2ab <unknown>\n#11 0x5592056530b9 <unknown>\n#12 0x559205636139 <unknown>\n#13 0x559205653c68 <unknown>\n#14 0x55920561a60f <unknown>\n#15 0x5592056781f8 <unknown>\n#16 0x5592056783d6 <unknown>\n#17 0x5592056895e6 <unknown>\n#18 0x7f591d69caa4 <unknown>\n#19 0x7f591d729c3c <unknown>",
    "statusTrace" : "self = <tests_ui.test_ui.TestProfilePage object at 0x7fdb9f46c860>\ndriver = <selenium.webdriver.chrome.webdriver.WebDriver (session=\"38910b3c563961358927ab95df20d502\")>\nauthorization_user = None\n\n    @allure.title('test_clipboard_uuid_docker')\n    def test_clipboard_uuid_docker(self, driver, authorization_user):\n        page = ProfilePage(driver, authorization_user)\n        page.click_button_docker_containers()\n>       page.check_clipboard(\n            table_xpath='//table[@id=\"table_containers\"]',\n            token=TestProfilePage.token)\n\ntests_ui/test_ui.py:113: \n_ _ _ _ _ _ _ _ _ _ _ _ _ _ _ _ _ _ _ _ _ _ _ _ _ _ _ _ _ _ _ _ _ _ _ _ _ _ _ _ \ntests_ui/profile_page.py:100: in check_clipboard\n    button = self.element_is_visible((By.XPATH, f'{table_xpath} //tr[1]/td[3] /button'))\ntests_ui/base_page.py:33: in element_is_visible\n    self.go_to_element(self.element_is_present(locator))\ntests_ui/base_page.py:46: in element_is_present\n    return Wait(self.driver, self.timeout).until(\n_ _ _ _ _ _ _ _ _ _ _ _ _ _ _ _ _ _ _ _ _ _ _ _ _ _ _ _ _ _ _ _ _ _ _ _ _ _ _ _ \n\nself = <selenium.webdriver.support.wait.WebDriverWait (session=\"38910b3c563961358927ab95df20d502\")>\nmethod = <function presence_of_element_located.<locals>._predicate at 0x7fdb9e651b20>\nmessage = 'Can\\'t find element by locator (\\'xpath\\', \\'//table[@id=\"table_containers\"] //tr[1]/td[3] /button\\')'\n\n    def until(self, method: Callable[[D], Union[Literal[False], T]], message: str = \"\") -> T:\n        \"\"\"Calls the method provided with the driver as an argument until the \\\n        return value does not evaluate to ``False``.\n    \n        :param method: callable(WebDriver)\n        :param message: optional message for :exc:`TimeoutException`\n        :returns: the result of the last call to `method`\n        :raises: :exc:`selenium.common.exceptions.TimeoutException` if timeout occurs\n        \"\"\"\n        screen = None\n        stacktrace = None\n    \n        end_time = time.monotonic() + self._timeout\n        while True:\n            try:\n                value = method(self._driver)\n                if value:\n                    return value\n            except self._ignored_exceptions as exc:\n                screen = getattr(exc, \"screen\", None)\n                stacktrace = getattr(exc, \"stacktrace\", None)\n            time.sleep(self._poll)\n            if time.monotonic() > end_time:\n                break\n>       raise TimeoutException(message, screen, stacktrace)\nE       selenium.common.exceptions.TimeoutException: Message: Can't find element by locator ('xpath', '//table[@id=\"table_containers\"] //tr[1]/td[3] /button')\nE       Stacktrace:\nE       #0 0x55920568a2ca <unknown>\nE       #1 0x559205131550 <unknown>\nE       #2 0x5592051830f0 <unknown>\nE       #3 0x5592051832e1 <unknown>\nE       #4 0x5592051d15e4 <unknown>\nE       #5 0x5592051a8bed <unknown>\nE       #6 0x5592051ce9e6 <unknown>\nE       #7 0x5592051a8993 <unknown>\nE       #8 0x559205174d6b <unknown>\nE       #9 0x559205176141 <unknown>\nE       #10 0x55920564f2ab <unknown>\nE       #11 0x5592056530b9 <unknown>\nE       #12 0x559205636139 <unknown>\nE       #13 0x559205653c68 <unknown>\nE       #14 0x55920561a60f <unknown>\nE       #15 0x5592056781f8 <unknown>\nE       #16 0x5592056783d6 <unknown>\nE       #17 0x5592056895e6 <unknown>\nE       #18 0x7f591d69caa4 <unknown>\nE       #19 0x7f591d729c3c <unknown>\n\n/opt/hostedtoolcache/Python/3.12.11/x64/lib/python3.12/site-packages/selenium/webdriver/support/wait.py:105: TimeoutException",
    "steps" : [ {
      "name" : "Click \"Docker containers\" button.",
      "time" : {
        "start" : 1754963984433,
        "stop" : 1754963985471,
        "duration" : 1038
      },
      "status" : "passed",
      "steps" : [ ],
      "attachments" : [ ],
      "parameters" : [ ],
      "stepsCount" : 0,
      "attachmentsCount" : 0,
      "shouldDisplayMessage" : false,
      "hasContent" : false
    }, {
      "name" : "Check clipboard",
      "time" : {
        "start" : 1754963985472,
        "stop" : 1754963990619,
        "duration" : 5147
      },
      "status" : "broken",
      "statusMessage" : "selenium.common.exceptions.TimeoutException: Message: Can't find element by locator ('xpath', '//table[@id=\"table_containers\"] //tr[1]/td[3] /button')\nStacktrace:\n#0 0x55920568a2ca <unknown>\n#1 0x559205131550 <unknown>\n#2 0x5592051830f0 <unknown>\n#3 0x5592051832e1 <unknown>\n#4 0x5592051d15e4 <unknown>\n#5 0x5592051a8bed <unknown>\n#6 0x5592051ce9e6 <unknown>\n#7 0x5592051a8993 <unknown>\n#8 0x559205174d6b <unknown>\n#9 0x559205176141 <unknown>\n#10 0x55920564f2ab <unknown>\n#11 0x5592056530b9 <unknown>\n#12 0x559205636139 <unknown>\n#13 0x559205653c68 <unknown>\n#14 0x55920561a60f <unknown>\n#15 0x5592056781f8 <unknown>\n#16 0x5592056783d6 <unknown>\n#17 0x5592056895e6 <unknown>\n#18 0x7f591d69caa4 <unknown>\n#19 0x7f591d729c3c <unknown>\n\n",
      "statusTrace" : "  File \"/opt/hostedtoolcache/Python/3.12.11/x64/lib/python3.12/site-packages/allure_commons/_allure.py\", line 192, in impl\n    return func(*a, **kw)\n           ^^^^^^^^^^^^^^\n  File \"/home/runner/work/Oblache/Oblache/tests_ui/profile_page.py\", line 100, in check_clipboard\n    button = self.element_is_visible((By.XPATH, f'{table_xpath} //tr[1]/td[3] /button'))\n             ^^^^^^^^^^^^^^^^^^^^^^^^^^^^^^^^^^^^^^^^^^^^^^^^^^^^^^^^^^^^^^^^^^^^^^^^^^^\n  File \"/home/runner/work/Oblache/Oblache/tests_ui/base_page.py\", line 33, in element_is_visible\n    self.go_to_element(self.element_is_present(locator))\n                       ^^^^^^^^^^^^^^^^^^^^^^^^^^^^^^^^\n  File \"/home/runner/work/Oblache/Oblache/tests_ui/base_page.py\", line 46, in element_is_present\n    return Wait(self.driver, self.timeout).until(\n           ^^^^^^^^^^^^^^^^^^^^^^^^^^^^^^^^^^^^^^\n  File \"/opt/hostedtoolcache/Python/3.12.11/x64/lib/python3.12/site-packages/selenium/webdriver/support/wait.py\", line 105, in until\n    raise TimeoutException(message, screen, stacktrace)\n",
      "steps" : [ ],
      "attachments" : [ ],
      "parameters" : [ {
        "name" : "table_xpath",
        "value" : "'//table[@id=\"table_containers\"]'"
      }, {
        "name" : "token",
        "value" : "'d8a07a5c-a570-4dcd-901f-e03d7605ab44'"
      } ],
      "stepsCount" : 0,
      "attachmentsCount" : 0,
      "shouldDisplayMessage" : true,
      "hasContent" : true
    } ],
    "attachments" : [ {
      "uid" : "1753c2950e2ada20",
      "name" : "Screenshot 2025-08-12 01:59:50.728008",
      "source" : "1753c2950e2ada20.png",
      "type" : "image/png",
      "size" : 31466
    } ],
    "parameters" : [ ],
    "stepsCount" : 2,
    "attachmentsCount" : 1,
    "shouldDisplayMessage" : true,
    "hasContent" : true
  },
  "afterStages" : [ {
    "name" : "driver::0",
    "time" : {
      "start" : 1754963990729,
      "stop" : 1754963990789,
      "duration" : 60
    },
    "status" : "passed",
    "steps" : [ ],
    "attachments" : [ ],
    "parameters" : [ ],
    "stepsCount" : 0,
    "attachmentsCount" : 0,
    "shouldDisplayMessage" : false,
    "hasContent" : false
  } ],
  "labels" : [ {
    "name" : "suite",
    "value" : "Test Profile Page."
  }, {
    "name" : "parentSuite",
    "value" : "tests_ui"
  }, {
    "name" : "subSuite",
    "value" : "TestProfilePage"
  }, {
    "name" : "host",
    "value" : "pkrvmsl9tci6h6u"
  }, {
    "name" : "thread",
    "value" : "2553-MainThread"
  }, {
    "name" : "framework",
    "value" : "pytest"
  }, {
    "name" : "language",
    "value" : "cpython3"
  }, {
    "name" : "package",
    "value" : "tests_ui.test_ui"
  }, {
    "name" : "resultFormat",
    "value" : "allure2"
  } ],
  "parameters" : [ ],
  "links" : [ ],
  "hidden" : false,
  "retry" : false,
  "extra" : {
    "severity" : "normal",
    "retries" : [ ],
    "categories" : [ {
      "name" : "Test defects",
      "matchedStatuses" : [ ],
      "flaky" : false
    } ],
    "history" : {
      "statistic" : {
        "failed" : 0,
        "broken" : 48,
        "skipped" : 0,
        "passed" : 200,
        "unknown" : 0,
        "total" : 248
      },
      "items" : [ {
        "uid" : "52eb424734cc39d7",
        "reportUrl" : "https://lambotik.github.io/Oblache/468//#testresult/52eb424734cc39d7",
        "status" : "passed",
        "time" : {
          "start" : 1754878321760,
          "stop" : 1754878325666,
          "duration" : 3906
        }
      }, {
        "uid" : "990927465478c309",
        "reportUrl" : "https://lambotik.github.io/Oblache/467//#testresult/990927465478c309",
        "status" : "broken",
        "statusDetails" : "selenium.common.exceptions.TimeoutException: Message: Can't find element by locator ('xpath', '//button[@id=\"menu_button_containers\"]')\nStacktrace:\n#0 0x5580771762ca <unknown>\n#1 0x558076c1d550 <unknown>\n#2 0x558076c6f0f0 <unknown>\n#3 0x558076c6f2e1 <unknown>\n#4 0x558076cbd5e4 <unknown>\n#5 0x558076c94bed <unknown>\n#6 0x558076cba9e6 <unknown>\n#7 0x558076c94993 <unknown>\n#8 0x558076c60d6b <unknown>\n#9 0x558076c62141 <unknown>\n#10 0x55807713b2ab <unknown>\n#11 0x55807713f0b9 <unknown>\n#12 0x558077122139 <unknown>\n#13 0x55807713fc68 <unknown>\n#14 0x55807710660f <unknown>\n#15 0x5580771641f8 <unknown>\n#16 0x5580771643d6 <unknown>\n#17 0x5580771755e6 <unknown>\n#18 0x7fa2d629caa4 <unknown>\n#19 0x7fa2d6329c3c <unknown>",
        "time" : {
          "start" : 1754792065263,
          "stop" : 1754792070397,
          "duration" : 5134
        }
      }, {
        "uid" : "e51921d3c05612fb",
        "reportUrl" : "https://lambotik.github.io/Oblache/466//#testresult/e51921d3c05612fb",
        "status" : "passed",
        "time" : {
          "start" : 1754704841475,
          "stop" : 1754704843981,
          "duration" : 2506
        }
      }, {
        "uid" : "83b0d0b9a844cce4",
        "reportUrl" : "https://lambotik.github.io/Oblache/465//#testresult/83b0d0b9a844cce4",
        "status" : "broken",
        "statusDetails" : "selenium.common.exceptions.TimeoutException: Message: Can't find element by locator ('xpath', '//button[@id=\"menu_button_containers\"]')\nStacktrace:\n#0 0x55cd9b08d87a <unknown>\n#1 0x55cd9ab322e0 <unknown>\n#2 0x55cd9ab83e00 <unknown>\n#3 0x55cd9ab83ff1 <unknown>\n#4 0x55cd9abd2324 <unknown>\n#5 0x55cd9aba98dd <unknown>\n#6 0x55cd9abcf71c <unknown>\n#7 0x55cd9aba9683 <unknown>\n#8 0x55cd9ab75b5b <unknown>\n#9 0x55cd9ab76f31 <unknown>\n#10 0x55cd9b0527cb <unknown>\n#11 0x55cd9b0565d4 <unknown>\n#12 0x55cd9b0392c9 <unknown>\n#13 0x55cd9b057178 <unknown>\n#14 0x55cd9b01d6bf <unknown>\n#15 0x55cd9b07ae78 <unknown>\n#16 0x55cd9b07b056 <unknown>\n#17 0x55cd9b08cb96 <unknown>\n#18 0x7f534609caa4 <unknown>\n#19 0x7f5346129c3c <unknown>",
        "time" : {
          "start" : 1754619019438,
          "stop" : 1754619024564,
          "duration" : 5126
        }
      }, {
        "uid" : "7d4a5f24dbb513c7",
        "reportUrl" : "https://lambotik.github.io/Oblache/464//#testresult/7d4a5f24dbb513c7",
        "status" : "passed",
        "time" : {
          "start" : 1754532772821,
          "stop" : 1754532776205,
          "duration" : 3384
        }
      }, {
        "uid" : "501f151abce56e55",
        "reportUrl" : "https://lambotik.github.io/Oblache/463//#testresult/501f151abce56e55",
        "status" : "broken",
        "statusDetails" : "selenium.common.exceptions.TimeoutException: Message: Can't find element by locator ('xpath', '//button[@id=\"menu_button_containers\"]')\nStacktrace:\n#0 0x557429b9787a <unknown>\n#1 0x55742963c2e0 <unknown>\n#2 0x55742968de00 <unknown>\n#3 0x55742968dff1 <unknown>\n#4 0x5574296dc324 <unknown>\n#5 0x5574296b38dd <unknown>\n#6 0x5574296d971c <unknown>\n#7 0x5574296b3683 <unknown>\n#8 0x55742967fb5b <unknown>\n#9 0x557429680f31 <unknown>\n#10 0x557429b5c7cb <unknown>\n#11 0x557429b605d4 <unknown>\n#12 0x557429b432c9 <unknown>\n#13 0x557429b61178 <unknown>\n#14 0x557429b276bf <unknown>\n#15 0x557429b84e78 <unknown>\n#16 0x557429b85056 <unknown>\n#17 0x557429b96b96 <unknown>\n#18 0x7f1b7789caa4 <unknown>\n#19 0x7f1b77929c3c <unknown>",
        "time" : {
          "start" : 1754446237765,
          "stop" : 1754446242894,
          "duration" : 5129
        }
      }, {
        "uid" : "acd57c1bd66afeef",
        "reportUrl" : "https://lambotik.github.io/Oblache/462//#testresult/acd57c1bd66afeef",
        "status" : "passed",
        "time" : {
          "start" : 1754360031961,
          "stop" : 1754360034584,
          "duration" : 2623
        }
      }, {
        "uid" : "761ef1bcaea72f9a",
        "reportUrl" : "https://lambotik.github.io/Oblache/461//#testresult/761ef1bcaea72f9a",
        "status" : "passed",
        "time" : {
          "start" : 1754274347816,
          "stop" : 1754274350480,
          "duration" : 2664
        }
      }, {
        "uid" : "3493adc90c2285fa",
        "reportUrl" : "https://lambotik.github.io/Oblache/460//#testresult/3493adc90c2285fa",
        "status" : "passed",
        "time" : {
          "start" : 1754188015845,
          "stop" : 1754188019178,
          "duration" : 3333
        }
      }, {
        "uid" : "e564e4a36ddf3f98",
        "reportUrl" : "https://lambotik.github.io/Oblache/459//#testresult/e564e4a36ddf3f98",
        "status" : "passed",
        "time" : {
          "start" : 1754100347378,
          "stop" : 1754100350042,
          "duration" : 2664
        }
      }, {
        "uid" : "7859b3c56437b170",
        "reportUrl" : "https://lambotik.github.io/Oblache/458//#testresult/7859b3c56437b170",
        "status" : "broken",
        "statusDetails" : "selenium.common.exceptions.TimeoutException: Message: Can't find element by locator ('xpath', '//table[@id=\"table_containers\"] //tr[1]/td[3] /button')\nStacktrace:\n#0 0x55d6e664387a <unknown>\n#1 0x55d6e60e82e0 <unknown>\n#2 0x55d6e6139e00 <unknown>\n#3 0x55d6e6139ff1 <unknown>\n#4 0x55d6e6188324 <unknown>\n#5 0x55d6e615f8dd <unknown>\n#6 0x55d6e618571c <unknown>\n#7 0x55d6e615f683 <unknown>\n#8 0x55d6e612bb5b <unknown>\n#9 0x55d6e612cf31 <unknown>\n#10 0x55d6e66087cb <unknown>\n#11 0x55d6e660c5d4 <unknown>\n#12 0x55d6e65ef2c9 <unknown>\n#13 0x55d6e660d178 <unknown>\n#14 0x55d6e65d36bf <unknown>\n#15 0x55d6e6630e78 <unknown>\n#16 0x55d6e6631056 <unknown>\n#17 0x55d6e6642b96 <unknown>\n#18 0x7f5bae09caa4 <unknown>\n#19 0x7f5bae129c3c <unknown>",
        "time" : {
          "start" : 1754015267534,
          "stop" : 1754015273531,
          "duration" : 5997
        }
      }, {
        "uid" : "10370a51065d1413",
        "reportUrl" : "https://lambotik.github.io/Oblache/457//#testresult/10370a51065d1413",
        "status" : "passed",
        "time" : {
          "start" : 1753927847988,
          "stop" : 1753927851029,
          "duration" : 3041
        }
      }, {
        "uid" : "34562b641614cdd2",
        "reportUrl" : "https://lambotik.github.io/Oblache/456//#testresult/34562b641614cdd2",
        "status" : "passed",
        "time" : {
          "start" : 1753841449403,
          "stop" : 1753841452094,
          "duration" : 2691
        }
      }, {
        "uid" : "db89898ac4a42d07",
        "reportUrl" : "https://lambotik.github.io/Oblache/455//#testresult/db89898ac4a42d07",
        "status" : "passed",
        "time" : {
          "start" : 1753756009554,
          "stop" : 1753756012909,
          "duration" : 3355
        }
      }, {
        "uid" : "80d08455c5375373",
        "reportUrl" : "https://lambotik.github.io/Oblache/454//#testresult/80d08455c5375373",
        "status" : "passed",
        "time" : {
          "start" : 1753668899731,
          "stop" : 1753668902938,
          "duration" : 3207
        }
      }, {
        "uid" : "bf7a9bfd2d6d8f0b",
        "reportUrl" : "https://lambotik.github.io/Oblache/453//#testresult/bf7a9bfd2d6d8f0b",
        "status" : "broken",
        "statusDetails" : "KeyError: 'data'",
        "time" : {
          "start" : 1753583030594,
          "stop" : 1753583033823,
          "duration" : 3229
        }
      }, {
        "uid" : "5981234a2ac76776",
        "reportUrl" : "https://lambotik.github.io/Oblache/452//#testresult/5981234a2ac76776",
        "status" : "broken",
        "statusDetails" : "selenium.common.exceptions.TimeoutException: Message: Can't find element by locator ('xpath', '//table[@id=\"table_containers\"] //tr[1]/td[3] /button')\nStacktrace:\n#0 0x5571e96917da <unknown>\n#1 0x5571e91362e0 <unknown>\n#2 0x5571e9187e00 <unknown>\n#3 0x5571e9187ff1 <unknown>\n#4 0x5571e91d6324 <unknown>\n#5 0x5571e91ad8dd <unknown>\n#6 0x5571e91d371c <unknown>\n#7 0x5571e91ad683 <unknown>\n#8 0x5571e9179b5b <unknown>\n#9 0x5571e917af31 <unknown>\n#10 0x5571e965672b <unknown>\n#11 0x5571e965a534 <unknown>\n#12 0x5571e963d229 <unknown>\n#13 0x5571e965b0d8 <unknown>\n#14 0x5571e962161f <unknown>\n#15 0x5571e967edd8 <unknown>\n#16 0x5571e967efb6 <unknown>\n#17 0x5571e9690af6 <unknown>\n#18 0x7fbfa6c9caa4 <unknown>\n#19 0x7fbfa6d29c3c <unknown>",
        "time" : {
          "start" : 1753495423407,
          "stop" : 1753495429429,
          "duration" : 6022
        }
      }, {
        "uid" : "5a5404d610d25d2f",
        "reportUrl" : "https://lambotik.github.io/Oblache/451//#testresult/5a5404d610d25d2f",
        "status" : "passed",
        "time" : {
          "start" : 1753409263943,
          "stop" : 1753409266639,
          "duration" : 2696
        }
      }, {
        "uid" : "aa49638fbf621e88",
        "reportUrl" : "https://lambotik.github.io/Oblache/450//#testresult/aa49638fbf621e88",
        "status" : "passed",
        "time" : {
          "start" : 1751333082434,
          "stop" : 1751333084865,
          "duration" : 2431
        }
      }, {
        "uid" : "e09d6489618dee6f",
        "reportUrl" : "https://lambotik.github.io/Oblache/449//#testresult/e09d6489618dee6f",
        "status" : "passed",
        "time" : {
          "start" : 1751246496554,
          "stop" : 1751246499048,
          "duration" : 2494
        }
      } ]
    },
    "tags" : [ ]
  },
  "source" : "fd92dcf9cc07b448.json",
  "parameterValues" : [ ]
}