{
  "uid" : "af6239b9d9fcef95",
  "name" : "test_create_database",
  "fullName" : "tests_ui.test_ui.TestProfilePage#test_create_database",
  "historyId" : "4762f7b87391625d86f9ea8dbdd3b406",
  "time" : {
    "start" : 1748745236754,
    "stop" : 1748745242885,
    "duration" : 6131
  },
  "status" : "broken",
  "statusMessage" : "selenium.common.exceptions.TimeoutException: Message: Can't find element by locator ('xpath', '//button[@id=\"menu_button_status\"]')\nStacktrace:\n#0 0x558ffe1a278a <unknown>\n#1 0x558ffdc450a0 <unknown>\n#2 0x558ffdc969b0 <unknown>\n#3 0x558ffdc96ba1 <unknown>\n#4 0x558ffdce4ea4 <unknown>\n#5 0x558ffdcbc3cd <unknown>\n#6 0x558ffdce22a0 <unknown>\n#7 0x558ffdcbc173 <unknown>\n#8 0x558ffdc88d4b <unknown>\n#9 0x558ffdc899b1 <unknown>\n#10 0x558ffe16793b <unknown>\n#11 0x558ffe16b83a <unknown>\n#12 0x558ffe14f692 <unknown>\n#13 0x558ffe16c3c4 <unknown>\n#14 0x558ffe1344cf <unknown>\n#15 0x558ffe190568 <unknown>\n#16 0x558ffe190746 <unknown>\n#17 0x558ffe1a15f6 <unknown>\n#18 0x7efddc69caa4 <unknown>\n#19 0x7efddc729c3c <unknown>",
  "statusTrace" : "self = <tests_ui.test_ui.TestProfilePage object at 0x7f5f74b5b200>\ndriver = <selenium.webdriver.chrome.webdriver.WebDriver (session=\"8fa5a793d1a3d39dc39311d02c2cb582\")>\nauthorization_user = None\n\n    @allure.title('test_create_database')\n    def test_create_database(self, driver, authorization_user):\n        page = ProfilePage(driver, authorization_user)\n>       page.compare_database_status()\n\ntests_ui/test_ui.py:83: \n_ _ _ _ _ _ _ _ _ _ _ _ _ _ _ _ _ _ _ _ _ _ _ _ _ _ _ _ _ _ _ _ _ _ _ _ _ _ _ _ \ntests_ui/profile_page.py:144: in compare_database_status\n    self.click_button_status()\ntests_ui/profile_page.py:18: in click_button_status\n    return self.element_is_present_and_clickable(self.locators.STATUS_BUTTON).click()\ntests_ui/base_page.py:28: in element_is_present_and_clickable\n    return (Wait(self.driver, self.timeout).until(\n_ _ _ _ _ _ _ _ _ _ _ _ _ _ _ _ _ _ _ _ _ _ _ _ _ _ _ _ _ _ _ _ _ _ _ _ _ _ _ _ \n\nself = <selenium.webdriver.support.wait.WebDriverWait (session=\"8fa5a793d1a3d39dc39311d02c2cb582\")>\nmethod = <function visibility_of_element_located.<locals>._predicate at 0x7f5f73d880e0>\nmessage = 'Can\\'t find element by locator (\\'xpath\\', \\'//button[@id=\"menu_button_status\"]\\')'\n\n    def until(self, method: Callable[[D], Union[Literal[False], T]], message: str = \"\") -> T:\n        \"\"\"Calls the method provided with the driver as an argument until the \\\n        return value does not evaluate to ``False``.\n    \n        :param method: callable(WebDriver)\n        :param message: optional message for :exc:`TimeoutException`\n        :returns: the result of the last call to `method`\n        :raises: :exc:`selenium.common.exceptions.TimeoutException` if timeout occurs\n        \"\"\"\n        screen = None\n        stacktrace = None\n    \n        end_time = time.monotonic() + self._timeout\n        while True:\n            try:\n                value = method(self._driver)\n                if value:\n                    return value\n            except self._ignored_exceptions as exc:\n                screen = getattr(exc, \"screen\", None)\n                stacktrace = getattr(exc, \"stacktrace\", None)\n            time.sleep(self._poll)\n            if time.monotonic() > end_time:\n                break\n>       raise TimeoutException(message, screen, stacktrace)\nE       selenium.common.exceptions.TimeoutException: Message: Can't find element by locator ('xpath', '//button[@id=\"menu_button_status\"]')\nE       Stacktrace:\nE       #0 0x558ffe1a278a <unknown>\nE       #1 0x558ffdc450a0 <unknown>\nE       #2 0x558ffdc969b0 <unknown>\nE       #3 0x558ffdc96ba1 <unknown>\nE       #4 0x558ffdce4ea4 <unknown>\nE       #5 0x558ffdcbc3cd <unknown>\nE       #6 0x558ffdce22a0 <unknown>\nE       #7 0x558ffdcbc173 <unknown>\nE       #8 0x558ffdc88d4b <unknown>\nE       #9 0x558ffdc899b1 <unknown>\nE       #10 0x558ffe16793b <unknown>\nE       #11 0x558ffe16b83a <unknown>\nE       #12 0x558ffe14f692 <unknown>\nE       #13 0x558ffe16c3c4 <unknown>\nE       #14 0x558ffe1344cf <unknown>\nE       #15 0x558ffe190568 <unknown>\nE       #16 0x558ffe190746 <unknown>\nE       #17 0x558ffe1a15f6 <unknown>\nE       #18 0x7efddc69caa4 <unknown>\nE       #19 0x7efddc729c3c <unknown>\n\n/opt/hostedtoolcache/Python/3.12.10/x64/lib/python3.12/site-packages/selenium/webdriver/support/wait.py:105: TimeoutException",
  "flaky" : false,
  "newFailed" : false,
  "beforeStages" : [ {
    "name" : "authorization_user",
    "time" : {
      "start" : 1748745236148,
      "stop" : 1748745236754,
      "duration" : 606
    },
    "status" : "passed",
    "steps" : [ {
      "name" : "Open page: https://oblache.areso.pro/register.html",
      "time" : {
        "start" : 1748745236148,
        "stop" : 1748745236555,
        "duration" : 407
      },
      "status" : "passed",
      "steps" : [ ],
      "attachments" : [ ],
      "parameters" : [ ],
      "stepsCount" : 0,
      "attachmentsCount" : 0,
      "shouldDisplayMessage" : false,
      "hasContent" : false
    }, {
      "name" : "Login user",
      "time" : {
        "start" : 1748745236555,
        "stop" : 1748745236754,
        "duration" : 199
      },
      "status" : "passed",
      "steps" : [ {
        "name" : "Enter email.",
        "time" : {
          "start" : 1748745236555,
          "stop" : 1748745236616,
          "duration" : 61
        },
        "status" : "passed",
        "steps" : [ ],
        "attachments" : [ ],
        "parameters" : [ ],
        "stepsCount" : 0,
        "attachmentsCount" : 0,
        "shouldDisplayMessage" : false,
        "hasContent" : false
      }, {
        "name" : "Enter password.",
        "time" : {
          "start" : 1748745236616,
          "stop" : 1748745236660,
          "duration" : 44
        },
        "status" : "passed",
        "steps" : [ ],
        "attachments" : [ ],
        "parameters" : [ ],
        "stepsCount" : 0,
        "attachmentsCount" : 0,
        "shouldDisplayMessage" : false,
        "hasContent" : false
      }, {
        "name" : "Click button \"Login\"",
        "time" : {
          "start" : 1748745236660,
          "stop" : 1748745236751,
          "duration" : 91
        },
        "status" : "passed",
        "steps" : [ ],
        "attachments" : [ ],
        "parameters" : [ ],
        "stepsCount" : 0,
        "attachmentsCount" : 0,
        "shouldDisplayMessage" : false,
        "hasContent" : false
      }, {
        "name" : "Check url is present: https://oblache.areso.pro/register.html",
        "time" : {
          "start" : 1748745236751,
          "stop" : 1748745236754,
          "duration" : 3
        },
        "status" : "passed",
        "steps" : [ ],
        "attachments" : [ ],
        "parameters" : [ ],
        "stepsCount" : 0,
        "attachmentsCount" : 0,
        "shouldDisplayMessage" : false,
        "hasContent" : false
      } ],
      "attachments" : [ ],
      "parameters" : [ ],
      "stepsCount" : 4,
      "attachmentsCount" : 0,
      "shouldDisplayMessage" : false,
      "hasContent" : true
    } ],
    "attachments" : [ ],
    "parameters" : [ ],
    "stepsCount" : 6,
    "attachmentsCount" : 0,
    "shouldDisplayMessage" : false,
    "hasContent" : true
  }, {
    "name" : "driver",
    "time" : {
      "start" : 1748745235800,
      "stop" : 1748745236147,
      "duration" : 347
    },
    "status" : "passed",
    "steps" : [ ],
    "attachments" : [ ],
    "parameters" : [ ],
    "stepsCount" : 0,
    "attachmentsCount" : 0,
    "shouldDisplayMessage" : false,
    "hasContent" : false
  } ],
  "testStage" : {
    "status" : "broken",
    "statusMessage" : "selenium.common.exceptions.TimeoutException: Message: Can't find element by locator ('xpath', '//button[@id=\"menu_button_status\"]')\nStacktrace:\n#0 0x558ffe1a278a <unknown>\n#1 0x558ffdc450a0 <unknown>\n#2 0x558ffdc969b0 <unknown>\n#3 0x558ffdc96ba1 <unknown>\n#4 0x558ffdce4ea4 <unknown>\n#5 0x558ffdcbc3cd <unknown>\n#6 0x558ffdce22a0 <unknown>\n#7 0x558ffdcbc173 <unknown>\n#8 0x558ffdc88d4b <unknown>\n#9 0x558ffdc899b1 <unknown>\n#10 0x558ffe16793b <unknown>\n#11 0x558ffe16b83a <unknown>\n#12 0x558ffe14f692 <unknown>\n#13 0x558ffe16c3c4 <unknown>\n#14 0x558ffe1344cf <unknown>\n#15 0x558ffe190568 <unknown>\n#16 0x558ffe190746 <unknown>\n#17 0x558ffe1a15f6 <unknown>\n#18 0x7efddc69caa4 <unknown>\n#19 0x7efddc729c3c <unknown>",
    "statusTrace" : "self = <tests_ui.test_ui.TestProfilePage object at 0x7f5f74b5b200>\ndriver = <selenium.webdriver.chrome.webdriver.WebDriver (session=\"8fa5a793d1a3d39dc39311d02c2cb582\")>\nauthorization_user = None\n\n    @allure.title('test_create_database')\n    def test_create_database(self, driver, authorization_user):\n        page = ProfilePage(driver, authorization_user)\n>       page.compare_database_status()\n\ntests_ui/test_ui.py:83: \n_ _ _ _ _ _ _ _ _ _ _ _ _ _ _ _ _ _ _ _ _ _ _ _ _ _ _ _ _ _ _ _ _ _ _ _ _ _ _ _ \ntests_ui/profile_page.py:144: in compare_database_status\n    self.click_button_status()\ntests_ui/profile_page.py:18: in click_button_status\n    return self.element_is_present_and_clickable(self.locators.STATUS_BUTTON).click()\ntests_ui/base_page.py:28: in element_is_present_and_clickable\n    return (Wait(self.driver, self.timeout).until(\n_ _ _ _ _ _ _ _ _ _ _ _ _ _ _ _ _ _ _ _ _ _ _ _ _ _ _ _ _ _ _ _ _ _ _ _ _ _ _ _ \n\nself = <selenium.webdriver.support.wait.WebDriverWait (session=\"8fa5a793d1a3d39dc39311d02c2cb582\")>\nmethod = <function visibility_of_element_located.<locals>._predicate at 0x7f5f73d880e0>\nmessage = 'Can\\'t find element by locator (\\'xpath\\', \\'//button[@id=\"menu_button_status\"]\\')'\n\n    def until(self, method: Callable[[D], Union[Literal[False], T]], message: str = \"\") -> T:\n        \"\"\"Calls the method provided with the driver as an argument until the \\\n        return value does not evaluate to ``False``.\n    \n        :param method: callable(WebDriver)\n        :param message: optional message for :exc:`TimeoutException`\n        :returns: the result of the last call to `method`\n        :raises: :exc:`selenium.common.exceptions.TimeoutException` if timeout occurs\n        \"\"\"\n        screen = None\n        stacktrace = None\n    \n        end_time = time.monotonic() + self._timeout\n        while True:\n            try:\n                value = method(self._driver)\n                if value:\n                    return value\n            except self._ignored_exceptions as exc:\n                screen = getattr(exc, \"screen\", None)\n                stacktrace = getattr(exc, \"stacktrace\", None)\n            time.sleep(self._poll)\n            if time.monotonic() > end_time:\n                break\n>       raise TimeoutException(message, screen, stacktrace)\nE       selenium.common.exceptions.TimeoutException: Message: Can't find element by locator ('xpath', '//button[@id=\"menu_button_status\"]')\nE       Stacktrace:\nE       #0 0x558ffe1a278a <unknown>\nE       #1 0x558ffdc450a0 <unknown>\nE       #2 0x558ffdc969b0 <unknown>\nE       #3 0x558ffdc96ba1 <unknown>\nE       #4 0x558ffdce4ea4 <unknown>\nE       #5 0x558ffdcbc3cd <unknown>\nE       #6 0x558ffdce22a0 <unknown>\nE       #7 0x558ffdcbc173 <unknown>\nE       #8 0x558ffdc88d4b <unknown>\nE       #9 0x558ffdc899b1 <unknown>\nE       #10 0x558ffe16793b <unknown>\nE       #11 0x558ffe16b83a <unknown>\nE       #12 0x558ffe14f692 <unknown>\nE       #13 0x558ffe16c3c4 <unknown>\nE       #14 0x558ffe1344cf <unknown>\nE       #15 0x558ffe190568 <unknown>\nE       #16 0x558ffe190746 <unknown>\nE       #17 0x558ffe1a15f6 <unknown>\nE       #18 0x7efddc69caa4 <unknown>\nE       #19 0x7efddc729c3c <unknown>\n\n/opt/hostedtoolcache/Python/3.12.10/x64/lib/python3.12/site-packages/selenium/webdriver/support/wait.py:105: TimeoutException",
    "steps" : [ {
      "name" : "Click button Status.",
      "time" : {
        "start" : 1748745237754,
        "stop" : 1748745242884,
        "duration" : 5130
      },
      "status" : "broken",
      "statusMessage" : "selenium.common.exceptions.TimeoutException: Message: Can't find element by locator ('xpath', '//button[@id=\"menu_button_status\"]')\nStacktrace:\n#0 0x558ffe1a278a <unknown>\n#1 0x558ffdc450a0 <unknown>\n#2 0x558ffdc969b0 <unknown>\n#3 0x558ffdc96ba1 <unknown>\n#4 0x558ffdce4ea4 <unknown>\n#5 0x558ffdcbc3cd <unknown>\n#6 0x558ffdce22a0 <unknown>\n#7 0x558ffdcbc173 <unknown>\n#8 0x558ffdc88d4b <unknown>\n#9 0x558ffdc899b1 <unknown>\n#10 0x558ffe16793b <unknown>\n#11 0x558ffe16b83a <unknown>\n#12 0x558ffe14f692 <unknown>\n#13 0x558ffe16c3c4 <unknown>\n#14 0x558ffe1344cf <unknown>\n#15 0x558ffe190568 <unknown>\n#16 0x558ffe190746 <unknown>\n#17 0x558ffe1a15f6 <unknown>\n#18 0x7efddc69caa4 <unknown>\n#19 0x7efddc729c3c <unknown>\n\n",
      "statusTrace" : "  File \"/home/runner/work/Oblache/Oblache/tests_ui/profile_page.py\", line 18, in click_button_status\n    return self.element_is_present_and_clickable(self.locators.STATUS_BUTTON).click()\n           ^^^^^^^^^^^^^^^^^^^^^^^^^^^^^^^^^^^^^^^^^^^^^^^^^^^^^^^^^^^^^^^^^^\n  File \"/home/runner/work/Oblache/Oblache/tests_ui/base_page.py\", line 28, in element_is_present_and_clickable\n    return (Wait(self.driver, self.timeout).until(\n            ^^^^^^^^^^^^^^^^^^^^^^^^^^^^^^^^^^^^^^\n  File \"/opt/hostedtoolcache/Python/3.12.10/x64/lib/python3.12/site-packages/selenium/webdriver/support/wait.py\", line 105, in until\n    raise TimeoutException(message, screen, stacktrace)\n",
      "steps" : [ ],
      "attachments" : [ ],
      "parameters" : [ ],
      "stepsCount" : 0,
      "attachmentsCount" : 0,
      "shouldDisplayMessage" : true,
      "hasContent" : true
    } ],
    "attachments" : [ {
      "uid" : "878b47ee8564882a",
      "name" : "Screenshot 2025-06-01 02:34:03.003051",
      "source" : "878b47ee8564882a.png",
      "type" : "image/png",
      "size" : 15825
    } ],
    "parameters" : [ ],
    "stepsCount" : 1,
    "attachmentsCount" : 1,
    "shouldDisplayMessage" : true,
    "hasContent" : true
  },
  "afterStages" : [ {
    "name" : "driver::0",
    "time" : {
      "start" : 1748745243004,
      "stop" : 1748745243065,
      "duration" : 61
    },
    "status" : "passed",
    "steps" : [ ],
    "attachments" : [ ],
    "parameters" : [ ],
    "stepsCount" : 0,
    "attachmentsCount" : 0,
    "shouldDisplayMessage" : false,
    "hasContent" : false
  } ],
  "labels" : [ {
    "name" : "suite",
    "value" : "Test Profile Page."
  }, {
    "name" : "parentSuite",
    "value" : "tests_ui"
  }, {
    "name" : "subSuite",
    "value" : "TestProfilePage"
  }, {
    "name" : "host",
    "value" : "pkrvmf6wy0o8zjz"
  }, {
    "name" : "thread",
    "value" : "2773-MainThread"
  }, {
    "name" : "framework",
    "value" : "pytest"
  }, {
    "name" : "language",
    "value" : "cpython3"
  }, {
    "name" : "package",
    "value" : "tests_ui.test_ui"
  }, {
    "name" : "resultFormat",
    "value" : "allure2"
  } ],
  "parameters" : [ ],
  "links" : [ ],
  "hidden" : false,
  "retry" : false,
  "extra" : {
    "severity" : "normal",
    "retries" : [ ],
    "categories" : [ {
      "name" : "Test defects",
      "matchedStatuses" : [ ],
      "flaky" : false
    } ],
    "history" : {
      "statistic" : {
        "failed" : 0,
        "broken" : 198,
        "skipped" : 0,
        "passed" : 1,
        "unknown" : 0,
        "total" : 199
      },
      "items" : [ {
        "uid" : "549b6af9c0e89676",
        "reportUrl" : "https://lambotik.github.io/Oblache/419//#testresult/549b6af9c0e89676",
        "status" : "broken",
        "statusDetails" : "selenium.common.exceptions.TimeoutException: Message: Can't find element by locator ('xpath', '//button[@id=\"menu_button_status\"]')\nStacktrace:\n#0 0x55d7f5a9d78a <unknown>\n#1 0x55d7f55400a0 <unknown>\n#2 0x55d7f55919b0 <unknown>\n#3 0x55d7f5591ba1 <unknown>\n#4 0x55d7f55dfea4 <unknown>\n#5 0x55d7f55b73cd <unknown>\n#6 0x55d7f55dd2a0 <unknown>\n#7 0x55d7f55b7173 <unknown>\n#8 0x55d7f5583d4b <unknown>\n#9 0x55d7f55849b1 <unknown>\n#10 0x55d7f5a6293b <unknown>\n#11 0x55d7f5a6683a <unknown>\n#12 0x55d7f5a4a692 <unknown>\n#13 0x55d7f5a673c4 <unknown>\n#14 0x55d7f5a2f4cf <unknown>\n#15 0x55d7f5a8b568 <unknown>\n#16 0x55d7f5a8b746 <unknown>\n#17 0x55d7f5a9c5f6 <unknown>\n#18 0x7f64d729caa4 <unknown>\n#19 0x7f64d7329c3c <unknown>",
        "time" : {
          "start" : 1748657949264,
          "stop" : 1748657955392,
          "duration" : 6128
        }
      }, {
        "uid" : "372a4c35de4b3e80",
        "reportUrl" : "https://lambotik.github.io/Oblache/418//#testresult/372a4c35de4b3e80",
        "status" : "broken",
        "statusDetails" : "selenium.common.exceptions.TimeoutException: Message: Can't find element by locator ('xpath', '//button[@id=\"menu_button_status\"]')\nStacktrace:\n#0 0x56324c39b78a <unknown>\n#1 0x56324be3e0a0 <unknown>\n#2 0x56324be8f9b0 <unknown>\n#3 0x56324be8fba1 <unknown>\n#4 0x56324beddea4 <unknown>\n#5 0x56324beb53cd <unknown>\n#6 0x56324bedb2a0 <unknown>\n#7 0x56324beb5173 <unknown>\n#8 0x56324be81d4b <unknown>\n#9 0x56324be829b1 <unknown>\n#10 0x56324c36093b <unknown>\n#11 0x56324c36483a <unknown>\n#12 0x56324c348692 <unknown>\n#13 0x56324c3653c4 <unknown>\n#14 0x56324c32d4cf <unknown>\n#15 0x56324c389568 <unknown>\n#16 0x56324c389746 <unknown>\n#17 0x56324c39a5f6 <unknown>\n#18 0x7f424589caa4 <unknown>\n#19 0x7f4245929c3c <unknown>",
        "time" : {
          "start" : 1748571541317,
          "stop" : 1748571547450,
          "duration" : 6133
        }
      }, {
        "uid" : "f80cc95870c29808",
        "reportUrl" : "https://lambotik.github.io/Oblache/417//#testresult/f80cc95870c29808",
        "status" : "broken",
        "statusDetails" : "selenium.common.exceptions.TimeoutException: Message: Can't find element by locator ('xpath', '//div[@id=\"msg_from_server\"]')",
        "time" : {
          "start" : 1748481260238,
          "stop" : 1748481268285,
          "duration" : 8047
        }
      }, {
        "uid" : "67062cfbe0b58bbb",
        "reportUrl" : "https://lambotik.github.io/Oblache/416//#testresult/67062cfbe0b58bbb",
        "status" : "broken",
        "statusDetails" : "selenium.common.exceptions.TimeoutException: Message: Can't find element by locator ('xpath', '//div[@id=\"msg_from_server\"]')",
        "time" : {
          "start" : 1748394850897,
          "stop" : 1748394858935,
          "duration" : 8038
        }
      }, {
        "uid" : "8859358e12a6974e",
        "reportUrl" : "https://lambotik.github.io/Oblache/415//#testresult/8859358e12a6974e",
        "status" : "broken",
        "statusDetails" : "selenium.common.exceptions.TimeoutException: Message: Can't find element by locator ('xpath', '//div[@id=\"msg_from_server\"]')",
        "time" : {
          "start" : 1748308393772,
          "stop" : 1748308401819,
          "duration" : 8047
        }
      }, {
        "uid" : "63254924dc60caf2",
        "reportUrl" : "https://lambotik.github.io/Oblache/414//#testresult/63254924dc60caf2",
        "status" : "broken",
        "statusDetails" : "selenium.common.exceptions.TimeoutException: Message: Can't find element by locator ('xpath', '//div[@id=\"msg_from_server\"]')",
        "time" : {
          "start" : 1748222111026,
          "stop" : 1748222119039,
          "duration" : 8013
        }
      }, {
        "uid" : "69da602202d806bb",
        "reportUrl" : "https://lambotik.github.io/Oblache/413//#testresult/69da602202d806bb",
        "status" : "broken",
        "statusDetails" : "selenium.common.exceptions.TimeoutException: Message: Can't find element by locator ('xpath', '//div[@id=\"msg_from_server\"]')",
        "time" : {
          "start" : 1748136019962,
          "stop" : 1748136028013,
          "duration" : 8051
        }
      }, {
        "uid" : "26de8402b7f02911",
        "reportUrl" : "https://lambotik.github.io/Oblache/412//#testresult/26de8402b7f02911",
        "status" : "broken",
        "statusDetails" : "selenium.common.exceptions.TimeoutException: Message: Can't find element by locator ('xpath', '//div[@id=\"msg_from_server\"]')",
        "time" : {
          "start" : 1748049088428,
          "stop" : 1748049097279,
          "duration" : 8851
        }
      }, {
        "uid" : "9b9728ebb25e54b8",
        "reportUrl" : "https://lambotik.github.io/Oblache/411//#testresult/9b9728ebb25e54b8",
        "status" : "broken",
        "statusDetails" : "selenium.common.exceptions.TimeoutException: Message: Can't find element by locator ('xpath', '//div[@id=\"msg_from_server\"]')",
        "time" : {
          "start" : 1747962799308,
          "stop" : 1747962807355,
          "duration" : 8047
        }
      }, {
        "uid" : "4b17063683410a4b",
        "reportUrl" : "https://lambotik.github.io/Oblache/410//#testresult/4b17063683410a4b",
        "status" : "broken",
        "statusDetails" : "selenium.common.exceptions.TimeoutException: Message: Can't find element by locator ('xpath', '//div[@id=\"msg_from_server\"]')",
        "time" : {
          "start" : 1747876456976,
          "stop" : 1747876464952,
          "duration" : 7976
        }
      }, {
        "uid" : "e2fe566baef5eb60",
        "reportUrl" : "https://lambotik.github.io/Oblache/409//#testresult/e2fe566baef5eb60",
        "status" : "broken",
        "statusDetails" : "selenium.common.exceptions.TimeoutException: Message: Can't find element by locator ('xpath', '//div[@id=\"msg_from_server\"]')",
        "time" : {
          "start" : 1747790060681,
          "stop" : 1747790068762,
          "duration" : 8081
        }
      }, {
        "uid" : "ed5d6b87f0773fef",
        "reportUrl" : "https://lambotik.github.io/Oblache/408//#testresult/ed5d6b87f0773fef",
        "status" : "broken",
        "statusDetails" : "selenium.common.exceptions.TimeoutException: Message: Can't find element by locator ('xpath', '//div[@id=\"msg_from_server\"]')",
        "time" : {
          "start" : 1747703738079,
          "stop" : 1747703746432,
          "duration" : 8353
        }
      }, {
        "uid" : "d679ab0d167961f4",
        "reportUrl" : "https://lambotik.github.io/Oblache/407//#testresult/d679ab0d167961f4",
        "status" : "broken",
        "statusDetails" : "selenium.common.exceptions.TimeoutException: Message: Can't find element by locator ('xpath', '//div[@id=\"msg_from_server\"]')",
        "time" : {
          "start" : 1747617456623,
          "stop" : 1747617464815,
          "duration" : 8192
        }
      }, {
        "uid" : "2dfcda04dc723096",
        "reportUrl" : "https://lambotik.github.io/Oblache/406//#testresult/2dfcda04dc723096",
        "status" : "broken",
        "statusDetails" : "selenium.common.exceptions.TimeoutException: Message: Can't find element by locator ('xpath', '//div[@id=\"msg_from_server\"]')",
        "time" : {
          "start" : 1747531108805,
          "stop" : 1747531117075,
          "duration" : 8270
        }
      }, {
        "uid" : "70ff7be98f8b8f90",
        "reportUrl" : "https://lambotik.github.io/Oblache/405//#testresult/70ff7be98f8b8f90",
        "status" : "broken",
        "statusDetails" : "selenium.common.exceptions.TimeoutException: Message: Can't find element by locator ('xpath', '//div[@id=\"msg_from_server\"]')",
        "time" : {
          "start" : 1747444347531,
          "stop" : 1747444355766,
          "duration" : 8235
        }
      }, {
        "uid" : "ba7572f1119fddac",
        "reportUrl" : "https://lambotik.github.io/Oblache/404//#testresult/ba7572f1119fddac",
        "status" : "broken",
        "statusDetails" : "selenium.common.exceptions.TimeoutException: Message: Can't find element by locator ('xpath', '//div[@id=\"msg_from_server\"]')",
        "time" : {
          "start" : 1747358403078,
          "stop" : 1747358411675,
          "duration" : 8597
        }
      }, {
        "uid" : "64ec6aae8e849117",
        "reportUrl" : "https://lambotik.github.io/Oblache/403//#testresult/64ec6aae8e849117",
        "status" : "broken",
        "statusDetails" : "selenium.common.exceptions.TimeoutException: Message: Can't find element by locator ('xpath', '//div[@id=\"msg_from_server\"]')",
        "time" : {
          "start" : 1747271428151,
          "stop" : 1747271436389,
          "duration" : 8238
        }
      }, {
        "uid" : "fbb46506ba23bda",
        "reportUrl" : "https://lambotik.github.io/Oblache/402//#testresult/fbb46506ba23bda",
        "status" : "broken",
        "statusDetails" : "selenium.common.exceptions.TimeoutException: Message: Can't find element by locator ('xpath', '//div[@id=\"msg_from_server\"]')",
        "time" : {
          "start" : 1747185205218,
          "stop" : 1747185214205,
          "duration" : 8987
        }
      }, {
        "uid" : "2780be6bd538ab61",
        "reportUrl" : "https://lambotik.github.io/Oblache/401//#testresult/2780be6bd538ab61",
        "status" : "broken",
        "statusDetails" : "selenium.common.exceptions.TimeoutException: Message: Can't find element by locator ('xpath', '//div[@id=\"msg_from_server\"]')",
        "time" : {
          "start" : 1747098847762,
          "stop" : 1747098855779,
          "duration" : 8017
        }
      }, {
        "uid" : "cd8ad329175b82da",
        "reportUrl" : "https://lambotik.github.io/Oblache/400//#testresult/cd8ad329175b82da",
        "status" : "broken",
        "statusDetails" : "selenium.common.exceptions.TimeoutException: Message: Can't find element by locator ('xpath', '//div[@id=\"msg_from_server\"]')",
        "time" : {
          "start" : 1747012599678,
          "stop" : 1747012608479,
          "duration" : 8801
        }
      } ]
    },
    "tags" : [ ]
  },
  "source" : "af6239b9d9fcef95.json",
  "parameterValues" : [ ]
}