{
  "uid" : "ff55818a93128f90",
  "name" : "test_create_database",
  "fullName" : "tests_ui.test_ui.TestProfilePage#test_create_database",
  "historyId" : "4762f7b87391625d86f9ea8dbdd3b406",
  "time" : {
    "start" : 1740964132617,
    "stop" : 1740964141084,
    "duration" : 8467
  },
  "status" : "broken",
  "statusMessage" : "selenium.common.exceptions.TimeoutException: Message: Can't find element by locator ('xpath', '//div[@id=\"msg_from_server\"]')",
  "statusTrace" : "self = <tests_ui.test_ui.TestProfilePage object at 0x7f0f152b03e0>\ndriver = <selenium.webdriver.chrome.webdriver.WebDriver (session=\"5c75276e35d396cf13d43057e5fa2256\")>\nauthorization_user = None\n\n    @allure.title('test_create_database')\n    def test_create_database(self, driver, authorization_user):\n        page = ProfilePage(driver, authorization_user)\n>       page.compare_database_status()\n\ntests_ui/test_ui.py:83: \n_ _ _ _ _ _ _ _ _ _ _ _ _ _ _ _ _ _ _ _ _ _ _ _ _ _ _ _ _ _ _ _ _ _ _ _ _ _ _ _ \ntests_ui/profile_page.py:150: in compare_database_status\n    msg = self.element_is_visible(self.locators.MSG_FROM_SERVER).text\ntests_ui/base_page.py:34: in element_is_visible\n    return Wait(self.driver, self.timeout).until(\n_ _ _ _ _ _ _ _ _ _ _ _ _ _ _ _ _ _ _ _ _ _ _ _ _ _ _ _ _ _ _ _ _ _ _ _ _ _ _ _ \n\nself = <selenium.webdriver.support.wait.WebDriverWait (session=\"5c75276e35d396cf13d43057e5fa2256\")>\nmethod = <function visibility_of_element_located.<locals>._predicate at 0x7f0f147af1a0>\nmessage = 'Can\\'t find element by locator (\\'xpath\\', \\'//div[@id=\"msg_from_server\"]\\')'\n\n    def until(self, method: Callable[[D], Union[Literal[False], T]], message: str = \"\") -> T:\n        \"\"\"Calls the method provided with the driver as an argument until the \\\n        return value does not evaluate to ``False``.\n    \n        :param method: callable(WebDriver)\n        :param message: optional message for :exc:`TimeoutException`\n        :returns: the result of the last call to `method`\n        :raises: :exc:`selenium.common.exceptions.TimeoutException` if timeout occurs\n        \"\"\"\n        screen = None\n        stacktrace = None\n    \n        end_time = time.monotonic() + self._timeout\n        while True:\n            try:\n                value = method(self._driver)\n                if value:\n                    return value\n            except self._ignored_exceptions as exc:\n                screen = getattr(exc, \"screen\", None)\n                stacktrace = getattr(exc, \"stacktrace\", None)\n            time.sleep(self._poll)\n            if time.monotonic() > end_time:\n                break\n>       raise TimeoutException(message, screen, stacktrace)\nE       selenium.common.exceptions.TimeoutException: Message: Can't find element by locator ('xpath', '//div[@id=\"msg_from_server\"]')\n\n/opt/hostedtoolcache/Python/3.12.9/x64/lib/python3.12/site-packages/selenium/webdriver/support/wait.py:105: TimeoutException",
  "flaky" : false,
  "newFailed" : false,
  "beforeStages" : [ {
    "name" : "driver",
    "time" : {
      "start" : 1740964131730,
      "stop" : 1740964132062,
      "duration" : 332
    },
    "status" : "passed",
    "steps" : [ ],
    "attachments" : [ ],
    "parameters" : [ ],
    "stepsCount" : 0,
    "attachmentsCount" : 0,
    "shouldDisplayMessage" : false,
    "hasContent" : false
  }, {
    "name" : "authorization_user",
    "time" : {
      "start" : 1740964132062,
      "stop" : 1740964132617,
      "duration" : 555
    },
    "status" : "passed",
    "steps" : [ {
      "name" : "Open page: https://oblache.areso.pro/register.html",
      "time" : {
        "start" : 1740964132062,
        "stop" : 1740964132428,
        "duration" : 366
      },
      "status" : "passed",
      "steps" : [ ],
      "attachments" : [ ],
      "parameters" : [ ],
      "stepsCount" : 0,
      "attachmentsCount" : 0,
      "shouldDisplayMessage" : false,
      "hasContent" : false
    }, {
      "name" : "Login user",
      "time" : {
        "start" : 1740964132428,
        "stop" : 1740964132617,
        "duration" : 189
      },
      "status" : "passed",
      "steps" : [ {
        "name" : "Enter email.",
        "time" : {
          "start" : 1740964132428,
          "stop" : 1740964132486,
          "duration" : 58
        },
        "status" : "passed",
        "steps" : [ ],
        "attachments" : [ ],
        "parameters" : [ ],
        "stepsCount" : 0,
        "attachmentsCount" : 0,
        "shouldDisplayMessage" : false,
        "hasContent" : false
      }, {
        "name" : "Enter password.",
        "time" : {
          "start" : 1740964132486,
          "stop" : 1740964132527,
          "duration" : 41
        },
        "status" : "passed",
        "steps" : [ ],
        "attachments" : [ ],
        "parameters" : [ ],
        "stepsCount" : 0,
        "attachmentsCount" : 0,
        "shouldDisplayMessage" : false,
        "hasContent" : false
      }, {
        "name" : "Click button \"Login\"",
        "time" : {
          "start" : 1740964132527,
          "stop" : 1740964132614,
          "duration" : 87
        },
        "status" : "passed",
        "steps" : [ ],
        "attachments" : [ ],
        "parameters" : [ ],
        "stepsCount" : 0,
        "attachmentsCount" : 0,
        "shouldDisplayMessage" : false,
        "hasContent" : false
      }, {
        "name" : "Check url is present: https://oblache.areso.pro/register.html",
        "time" : {
          "start" : 1740964132614,
          "stop" : 1740964132617,
          "duration" : 3
        },
        "status" : "passed",
        "steps" : [ ],
        "attachments" : [ ],
        "parameters" : [ ],
        "stepsCount" : 0,
        "attachmentsCount" : 0,
        "shouldDisplayMessage" : false,
        "hasContent" : false
      } ],
      "attachments" : [ ],
      "parameters" : [ ],
      "stepsCount" : 4,
      "attachmentsCount" : 0,
      "shouldDisplayMessage" : false,
      "hasContent" : true
    } ],
    "attachments" : [ ],
    "parameters" : [ ],
    "stepsCount" : 6,
    "attachmentsCount" : 0,
    "shouldDisplayMessage" : false,
    "hasContent" : true
  } ],
  "testStage" : {
    "status" : "broken",
    "statusMessage" : "selenium.common.exceptions.TimeoutException: Message: Can't find element by locator ('xpath', '//div[@id=\"msg_from_server\"]')",
    "statusTrace" : "self = <tests_ui.test_ui.TestProfilePage object at 0x7f0f152b03e0>\ndriver = <selenium.webdriver.chrome.webdriver.WebDriver (session=\"5c75276e35d396cf13d43057e5fa2256\")>\nauthorization_user = None\n\n    @allure.title('test_create_database')\n    def test_create_database(self, driver, authorization_user):\n        page = ProfilePage(driver, authorization_user)\n>       page.compare_database_status()\n\ntests_ui/test_ui.py:83: \n_ _ _ _ _ _ _ _ _ _ _ _ _ _ _ _ _ _ _ _ _ _ _ _ _ _ _ _ _ _ _ _ _ _ _ _ _ _ _ _ \ntests_ui/profile_page.py:150: in compare_database_status\n    msg = self.element_is_visible(self.locators.MSG_FROM_SERVER).text\ntests_ui/base_page.py:34: in element_is_visible\n    return Wait(self.driver, self.timeout).until(\n_ _ _ _ _ _ _ _ _ _ _ _ _ _ _ _ _ _ _ _ _ _ _ _ _ _ _ _ _ _ _ _ _ _ _ _ _ _ _ _ \n\nself = <selenium.webdriver.support.wait.WebDriverWait (session=\"5c75276e35d396cf13d43057e5fa2256\")>\nmethod = <function visibility_of_element_located.<locals>._predicate at 0x7f0f147af1a0>\nmessage = 'Can\\'t find element by locator (\\'xpath\\', \\'//div[@id=\"msg_from_server\"]\\')'\n\n    def until(self, method: Callable[[D], Union[Literal[False], T]], message: str = \"\") -> T:\n        \"\"\"Calls the method provided with the driver as an argument until the \\\n        return value does not evaluate to ``False``.\n    \n        :param method: callable(WebDriver)\n        :param message: optional message for :exc:`TimeoutException`\n        :returns: the result of the last call to `method`\n        :raises: :exc:`selenium.common.exceptions.TimeoutException` if timeout occurs\n        \"\"\"\n        screen = None\n        stacktrace = None\n    \n        end_time = time.monotonic() + self._timeout\n        while True:\n            try:\n                value = method(self._driver)\n                if value:\n                    return value\n            except self._ignored_exceptions as exc:\n                screen = getattr(exc, \"screen\", None)\n                stacktrace = getattr(exc, \"stacktrace\", None)\n            time.sleep(self._poll)\n            if time.monotonic() > end_time:\n                break\n>       raise TimeoutException(message, screen, stacktrace)\nE       selenium.common.exceptions.TimeoutException: Message: Can't find element by locator ('xpath', '//div[@id=\"msg_from_server\"]')\n\n/opt/hostedtoolcache/Python/3.12.9/x64/lib/python3.12/site-packages/selenium/webdriver/support/wait.py:105: TimeoutException",
    "steps" : [ {
      "name" : "Click button Status.",
      "time" : {
        "start" : 1740964133617,
        "stop" : 1740964133687,
        "duration" : 70
      },
      "status" : "passed",
      "steps" : [ ],
      "attachments" : [ ],
      "parameters" : [ ],
      "stepsCount" : 0,
      "attachmentsCount" : 0,
      "shouldDisplayMessage" : false,
      "hasContent" : false
    }, {
      "name" : "Get status data.",
      "time" : {
        "start" : 1740964134015,
        "stop" : 1740964134015,
        "duration" : 0
      },
      "status" : "passed",
      "steps" : [ {
        "name" : "Status data is: {'Email:': 'nodata', 'is blocked?': 'nodata', 'is db creation allowed?': 'nodata', 'disk db quota, mb': 'nodata', 'disk db used, mb': 'nodata', 'db qty quota': 'nodata', 'db qty used': 'nodata', 'site qty quota': 'nodata', 'site qty used': 'nodata', 'is site deploy allowed?': 'nodata'}",
        "time" : {
          "start" : 1740964134015,
          "stop" : 1740964134015,
          "duration" : 0
        },
        "status" : "passed",
        "steps" : [ ],
        "attachments" : [ ],
        "parameters" : [ ],
        "stepsCount" : 0,
        "attachmentsCount" : 0,
        "shouldDisplayMessage" : false,
        "hasContent" : false
      } ],
      "attachments" : [ ],
      "parameters" : [ ],
      "stepsCount" : 1,
      "attachmentsCount" : 0,
      "shouldDisplayMessage" : false,
      "hasContent" : true
    }, {
      "name" : "Click \"Databases\" button.",
      "time" : {
        "start" : 1740964134015,
        "stop" : 1740964134080,
        "duration" : 65
      },
      "status" : "passed",
      "steps" : [ ],
      "attachments" : [ ],
      "parameters" : [ ],
      "stepsCount" : 0,
      "attachmentsCount" : 0,
      "shouldDisplayMessage" : false,
      "hasContent" : false
    }, {
      "name" : "Click \"Create new DB\" button.",
      "time" : {
        "start" : 1740964134080,
        "stop" : 1740964134701,
        "duration" : 621
      },
      "status" : "passed",
      "steps" : [ ],
      "attachments" : [ ],
      "parameters" : [ ],
      "stepsCount" : 0,
      "attachmentsCount" : 0,
      "shouldDisplayMessage" : false,
      "hasContent" : false
    }, {
      "name" : "Select region \"CIS\".",
      "time" : {
        "start" : 1740964134701,
        "stop" : 1740964135897,
        "duration" : 1196
      },
      "status" : "passed",
      "steps" : [ ],
      "attachments" : [ ],
      "parameters" : [ ],
      "stepsCount" : 0,
      "attachmentsCount" : 0,
      "shouldDisplayMessage" : false,
      "hasContent" : false
    }, {
      "name" : "Click \"Create\" button.",
      "time" : {
        "start" : 1740964135897,
        "stop" : 1740964135954,
        "duration" : 57
      },
      "status" : "passed",
      "steps" : [ ],
      "attachments" : [ ],
      "parameters" : [ ],
      "stepsCount" : 0,
      "attachmentsCount" : 0,
      "shouldDisplayMessage" : false,
      "hasContent" : false
    } ],
    "attachments" : [ {
      "uid" : "cfec5afed5b75f9d",
      "name" : "Screenshot 2025-03-03 01:09:01.184067",
      "source" : "cfec5afed5b75f9d.png",
      "type" : "image/png",
      "size" : 27487
    } ],
    "parameters" : [ ],
    "stepsCount" : 7,
    "attachmentsCount" : 1,
    "shouldDisplayMessage" : true,
    "hasContent" : true
  },
  "afterStages" : [ {
    "name" : "driver::0",
    "time" : {
      "start" : 1740964141185,
      "stop" : 1740964141247,
      "duration" : 62
    },
    "status" : "passed",
    "steps" : [ ],
    "attachments" : [ ],
    "parameters" : [ ],
    "stepsCount" : 0,
    "attachmentsCount" : 0,
    "shouldDisplayMessage" : false,
    "hasContent" : false
  } ],
  "labels" : [ {
    "name" : "suite",
    "value" : "Test Profile Page."
  }, {
    "name" : "parentSuite",
    "value" : "tests_ui"
  }, {
    "name" : "subSuite",
    "value" : "TestProfilePage"
  }, {
    "name" : "host",
    "value" : "fv-az787-889"
  }, {
    "name" : "thread",
    "value" : "2461-MainThread"
  }, {
    "name" : "framework",
    "value" : "pytest"
  }, {
    "name" : "language",
    "value" : "cpython3"
  }, {
    "name" : "package",
    "value" : "tests_ui.test_ui"
  }, {
    "name" : "resultFormat",
    "value" : "allure2"
  } ],
  "parameters" : [ ],
  "links" : [ ],
  "hidden" : false,
  "retry" : false,
  "extra" : {
    "severity" : "normal",
    "retries" : [ ],
    "categories" : [ {
      "name" : "Test defects",
      "matchedStatuses" : [ ],
      "flaky" : false
    } ],
    "history" : {
      "statistic" : {
        "failed" : 0,
        "broken" : 111,
        "skipped" : 0,
        "passed" : 1,
        "unknown" : 0,
        "total" : 112
      },
      "items" : [ {
        "uid" : "dad8af1cdf6e9649",
        "reportUrl" : "https://lambotik.github.io/Oblache/329//#testresult/dad8af1cdf6e9649",
        "status" : "broken",
        "statusDetails" : "selenium.common.exceptions.TimeoutException: Message: Can't find element by locator ('xpath', '//div[@id=\"msg_from_server\"]')",
        "time" : {
          "start" : 1740877826150,
          "stop" : 1740877834168,
          "duration" : 8018
        }
      }, {
        "uid" : "7baefa012855c532",
        "reportUrl" : "https://lambotik.github.io/Oblache/328//#testresult/7baefa012855c532",
        "status" : "broken",
        "statusDetails" : "selenium.common.exceptions.TimeoutException: Message: Can't find element by locator ('xpath', '//div[@id=\"msg_from_server\"]')",
        "time" : {
          "start" : 1740791405899,
          "stop" : 1740791413752,
          "duration" : 7853
        }
      }, {
        "uid" : "ae72ccf185c156ae",
        "reportUrl" : "https://lambotik.github.io/Oblache/327//#testresult/ae72ccf185c156ae",
        "status" : "broken",
        "statusDetails" : "selenium.common.exceptions.TimeoutException: Message: Can't find element by locator ('xpath', '//div[@id=\"msg_from_server\"]')",
        "time" : {
          "start" : 1740704766098,
          "stop" : 1740704773950,
          "duration" : 7852
        }
      }, {
        "uid" : "731b3a6ad3be6a9d",
        "reportUrl" : "https://lambotik.github.io/Oblache/326//#testresult/731b3a6ad3be6a9d",
        "status" : "broken",
        "statusDetails" : "selenium.common.exceptions.TimeoutException: Message: Can't find element by locator ('xpath', '//div[@id=\"msg_from_server\"]')",
        "time" : {
          "start" : 1740618314412,
          "stop" : 1740618322356,
          "duration" : 7944
        }
      }, {
        "uid" : "88d4b71ee1aa00d6",
        "reportUrl" : "https://lambotik.github.io/Oblache/325//#testresult/88d4b71ee1aa00d6",
        "status" : "broken",
        "statusDetails" : "selenium.common.exceptions.TimeoutException: Message: Can't find element by locator ('xpath', '//div[@id=\"msg_from_server\"]')",
        "time" : {
          "start" : 1740531908387,
          "stop" : 1740531916275,
          "duration" : 7888
        }
      }, {
        "uid" : "60bdd96fda31db1f",
        "reportUrl" : "https://lambotik.github.io/Oblache/324//#testresult/60bdd96fda31db1f",
        "status" : "broken",
        "statusDetails" : "selenium.common.exceptions.TimeoutException: Message: Can't find element by locator ('xpath', '//div[@id=\"msg_from_server\"]')",
        "time" : {
          "start" : 1740445570984,
          "stop" : 1740445578873,
          "duration" : 7889
        }
      }, {
        "uid" : "7911f25e53b32c9",
        "reportUrl" : "https://lambotik.github.io/Oblache/323//#testresult/7911f25e53b32c9",
        "status" : "broken",
        "statusDetails" : "selenium.common.exceptions.TimeoutException: Message: Can't find element by locator ('xpath', '//div[@id=\"msg_from_server\"]')",
        "time" : {
          "start" : 1740359243094,
          "stop" : 1740359251932,
          "duration" : 8838
        }
      }, {
        "uid" : "b820116ed8603385",
        "reportUrl" : "https://lambotik.github.io/Oblache/322//#testresult/b820116ed8603385",
        "status" : "broken",
        "statusDetails" : "selenium.common.exceptions.TimeoutException: Message: Can't find element by locator ('xpath', '//div[@id=\"msg_from_server\"]')",
        "time" : {
          "start" : 1740272956253,
          "stop" : 1740272964979,
          "duration" : 8726
        }
      }, {
        "uid" : "478198b04eb1724f",
        "reportUrl" : "https://lambotik.github.io/Oblache/321//#testresult/478198b04eb1724f",
        "status" : "broken",
        "statusDetails" : "selenium.common.exceptions.TimeoutException: Message: Can't find element by locator ('xpath', '//div[@id=\"msg_from_server\"]')",
        "time" : {
          "start" : 1740186189629,
          "stop" : 1740186197497,
          "duration" : 7868
        }
      }, {
        "uid" : "87c651d04642cd16",
        "reportUrl" : "https://lambotik.github.io/Oblache/320//#testresult/87c651d04642cd16",
        "status" : "broken",
        "statusDetails" : "selenium.common.exceptions.TimeoutException: Message: Can't find element by locator ('xpath', '//div[@id=\"msg_from_server\"]')",
        "time" : {
          "start" : 1740099925714,
          "stop" : 1740099934532,
          "duration" : 8818
        }
      }, {
        "uid" : "3d1cd0e93d083349",
        "reportUrl" : "https://lambotik.github.io/Oblache/319//#testresult/3d1cd0e93d083349",
        "status" : "broken",
        "statusDetails" : "selenium.common.exceptions.TimeoutException: Message: Can't find element by locator ('xpath', '//div[@id=\"msg_from_server\"]')",
        "time" : {
          "start" : 1740013532074,
          "stop" : 1740013540205,
          "duration" : 8131
        }
      }, {
        "uid" : "b59419dd2abac4b6",
        "reportUrl" : "https://lambotik.github.io/Oblache/318//#testresult/b59419dd2abac4b6",
        "status" : "broken",
        "statusDetails" : "selenium.common.exceptions.TimeoutException: Message: Can't find element by locator ('xpath', '//div[@id=\"msg_from_server\"]')",
        "time" : {
          "start" : 1739927046680,
          "stop" : 1739927054550,
          "duration" : 7870
        }
      }, {
        "uid" : "ded28f442b412a54",
        "reportUrl" : "https://lambotik.github.io/Oblache/317//#testresult/ded28f442b412a54",
        "status" : "broken",
        "statusDetails" : "selenium.common.exceptions.TimeoutException: Message: Can't find element by locator ('xpath', '//div[@id=\"msg_from_server\"]')",
        "time" : {
          "start" : 1739840647210,
          "stop" : 1739840655077,
          "duration" : 7867
        }
      }, {
        "uid" : "f65f0d1604be4274",
        "reportUrl" : "https://lambotik.github.io/Oblache/316//#testresult/f65f0d1604be4274",
        "status" : "broken",
        "statusDetails" : "selenium.common.exceptions.TimeoutException: Message: Can't find element by locator ('xpath', '//div[@id=\"msg_from_server\"]')",
        "time" : {
          "start" : 1739754367403,
          "stop" : 1739754375289,
          "duration" : 7886
        }
      }, {
        "uid" : "f1b60825cb1acd8c",
        "reportUrl" : "https://lambotik.github.io/Oblache/315//#testresult/f1b60825cb1acd8c",
        "status" : "broken",
        "statusDetails" : "selenium.common.exceptions.TimeoutException: Message: Can't find element by locator ('xpath', '//div[@id=\"msg_from_server\"]')",
        "time" : {
          "start" : 1739668157599,
          "stop" : 1739668165546,
          "duration" : 7947
        }
      }, {
        "uid" : "d6693730a0b50740",
        "reportUrl" : "https://lambotik.github.io/Oblache/314//#testresult/d6693730a0b50740",
        "status" : "broken",
        "statusDetails" : "selenium.common.exceptions.TimeoutException: Message: Can't find element by locator ('xpath', '//div[@id=\"msg_from_server\"]')",
        "time" : {
          "start" : 1739581404028,
          "stop" : 1739581412803,
          "duration" : 8775
        }
      }, {
        "uid" : "cdc09d30be160af1",
        "reportUrl" : "https://lambotik.github.io/Oblache/313//#testresult/cdc09d30be160af1",
        "status" : "broken",
        "statusDetails" : "selenium.common.exceptions.TimeoutException: Message: Can't find element by locator ('xpath', '//div[@id=\"msg_from_server\"]')",
        "time" : {
          "start" : 1739495045793,
          "stop" : 1739495053718,
          "duration" : 7925
        }
      }, {
        "uid" : "2299b49b1f4bdfbf",
        "reportUrl" : "https://lambotik.github.io/Oblache/312//#testresult/2299b49b1f4bdfbf",
        "status" : "broken",
        "statusDetails" : "selenium.common.exceptions.TimeoutException: Message: Can't find element by locator ('xpath', '//div[@id=\"msg_from_server\"]')",
        "time" : {
          "start" : 1739408667090,
          "stop" : 1739408675491,
          "duration" : 8401
        }
      }, {
        "uid" : "ceb6cb4903f97a44",
        "reportUrl" : "https://lambotik.github.io/Oblache/311//#testresult/ceb6cb4903f97a44",
        "status" : "broken",
        "statusDetails" : "selenium.common.exceptions.TimeoutException: Message: Can't find element by locator ('xpath', '//div[@id=\"msg_from_server\"]')",
        "time" : {
          "start" : 1739322253187,
          "stop" : 1739322261852,
          "duration" : 8665
        }
      }, {
        "uid" : "9c24560eb1294c2a",
        "reportUrl" : "https://lambotik.github.io/Oblache/310//#testresult/9c24560eb1294c2a",
        "status" : "broken",
        "statusDetails" : "selenium.common.exceptions.TimeoutException: Message: Can't find element by locator ('xpath', '//button[@id=\"menu_button_status\"]')\nStacktrace:\n#0 0x55ed7f56553a <unknown>\n#1 0x55ed7f060f00 <unknown>\n#2 0x55ed7f0b0c0c <unknown>\n#3 0x55ed7f0b0e31 <unknown>\n#4 0x55ed7f0f6bd4 <unknown>\n#5 0x55ed7f0d55cd <unknown>\n#6 0x55ed7f0f3f84 <unknown>\n#7 0x55ed7f0d5343 <unknown>\n#8 0x55ed7f0a278a <unknown>\n#9 0x55ed7f0a39de <unknown>\n#10 0x55ed7f52f2cb <unknown>\n#11 0x55ed7f533242 <unknown>\n#12 0x55ed7f51c7ac <unknown>\n#13 0x55ed7f533df7 <unknown>\n#14 0x55ed7f500b2f <unknown>\n#15 0x55ed7f5541a8 <unknown>\n#16 0x55ed7f554370 <unknown>\n#17 0x55ed7f5643b6 <unknown>\n#18 0x7f8bf869ca94 <unknown>\n#19 0x7f8bf8729c3c <unknown>",
        "time" : {
          "start" : 1739239829856,
          "stop" : 1739239835985,
          "duration" : 6129
        }
      } ]
    },
    "tags" : [ ]
  },
  "source" : "ff55818a93128f90.json",
  "parameterValues" : [ ]
}