{
  "uid" : "7c384246a441c5c5",
  "name" : "test_clipboard_uuid_docker",
  "fullName" : "tests_ui.test_ui.TestProfilePage#test_clipboard_uuid_docker",
  "historyId" : "11f91f43cfea2a231aececf29c7ed302",
  "time" : {
    "start" : 1744420120167,
    "stop" : 1744420126213,
    "duration" : 6046
  },
  "status" : "broken",
  "statusMessage" : "selenium.common.exceptions.TimeoutException: Message: Can't find element by locator ('xpath', '//table[@id=\"table_containers\"] //tr[1]/td[3] /button')\nStacktrace:\n#0 0x55ae18e6de6a <unknown>\n#1 0x55ae1891f640 <unknown>\n#2 0x55ae18970b5a <unknown>\n#3 0x55ae18970d51 <unknown>\n#4 0x55ae189bf344 <unknown>\n#5 0x55ae1899677d <unknown>\n#6 0x55ae189bc7b5 <unknown>\n#7 0x55ae18996523 <unknown>\n#8 0x55ae18962ef3 <unknown>\n#9 0x55ae18963b51 <unknown>\n#10 0x55ae18e32d2b <unknown>\n#11 0x55ae18e36c01 <unknown>\n#12 0x55ae18e1a512 <unknown>\n#13 0x55ae18e37774 <unknown>\n#14 0x55ae18dfe90f <unknown>\n#15 0x55ae18e5bfb8 <unknown>\n#16 0x55ae18e5c196 <unknown>\n#17 0x55ae18e6ccb6 <unknown>\n#18 0x7f38f289caa4 <unknown>\n#19 0x7f38f2929c3c <unknown>",
  "statusTrace" : "self = <tests_ui.test_ui.TestProfilePage object at 0x7fd15f927e00>\ndriver = <selenium.webdriver.chrome.webdriver.WebDriver (session=\"678373ca89f369dff5071c78101b52cc\")>\nauthorization_user = None\n\n    @allure.title('test_clipboard_uuid_docker')\n    def test_clipboard_uuid_docker(self, driver, authorization_user):\n        page = ProfilePage(driver, authorization_user)\n        page.click_button_docker_containers()\n>       page.check_clipboard(\n            table_xpath='//table[@id=\"table_containers\"]',\n            token=TestProfilePage.token)\n\ntests_ui/test_ui.py:113: \n_ _ _ _ _ _ _ _ _ _ _ _ _ _ _ _ _ _ _ _ _ _ _ _ _ _ _ _ _ _ _ _ _ _ _ _ _ _ _ _ \ntests_ui/profile_page.py:100: in check_clipboard\n    button = self.element_is_visible((By.XPATH, f'{table_xpath} //tr[1]/td[3] /button'))\ntests_ui/base_page.py:33: in element_is_visible\n    self.go_to_element(self.element_is_present(locator))\ntests_ui/base_page.py:46: in element_is_present\n    return Wait(self.driver, self.timeout).until(\n_ _ _ _ _ _ _ _ _ _ _ _ _ _ _ _ _ _ _ _ _ _ _ _ _ _ _ _ _ _ _ _ _ _ _ _ _ _ _ _ \n\nself = <selenium.webdriver.support.wait.WebDriverWait (session=\"678373ca89f369dff5071c78101b52cc\")>\nmethod = <function presence_of_element_located.<locals>._predicate at 0x7fd15ef613a0>\nmessage = 'Can\\'t find element by locator (\\'xpath\\', \\'//table[@id=\"table_containers\"] //tr[1]/td[3] /button\\')'\n\n    def until(self, method: Callable[[D], Union[Literal[False], T]], message: str = \"\") -> T:\n        \"\"\"Calls the method provided with the driver as an argument until the \\\n        return value does not evaluate to ``False``.\n    \n        :param method: callable(WebDriver)\n        :param message: optional message for :exc:`TimeoutException`\n        :returns: the result of the last call to `method`\n        :raises: :exc:`selenium.common.exceptions.TimeoutException` if timeout occurs\n        \"\"\"\n        screen = None\n        stacktrace = None\n    \n        end_time = time.monotonic() + self._timeout\n        while True:\n            try:\n                value = method(self._driver)\n                if value:\n                    return value\n            except self._ignored_exceptions as exc:\n                screen = getattr(exc, \"screen\", None)\n                stacktrace = getattr(exc, \"stacktrace\", None)\n            time.sleep(self._poll)\n            if time.monotonic() > end_time:\n                break\n>       raise TimeoutException(message, screen, stacktrace)\nE       selenium.common.exceptions.TimeoutException: Message: Can't find element by locator ('xpath', '//table[@id=\"table_containers\"] //tr[1]/td[3] /button')\nE       Stacktrace:\nE       #0 0x55ae18e6de6a <unknown>\nE       #1 0x55ae1891f640 <unknown>\nE       #2 0x55ae18970b5a <unknown>\nE       #3 0x55ae18970d51 <unknown>\nE       #4 0x55ae189bf344 <unknown>\nE       #5 0x55ae1899677d <unknown>\nE       #6 0x55ae189bc7b5 <unknown>\nE       #7 0x55ae18996523 <unknown>\nE       #8 0x55ae18962ef3 <unknown>\nE       #9 0x55ae18963b51 <unknown>\nE       #10 0x55ae18e32d2b <unknown>\nE       #11 0x55ae18e36c01 <unknown>\nE       #12 0x55ae18e1a512 <unknown>\nE       #13 0x55ae18e37774 <unknown>\nE       #14 0x55ae18dfe90f <unknown>\nE       #15 0x55ae18e5bfb8 <unknown>\nE       #16 0x55ae18e5c196 <unknown>\nE       #17 0x55ae18e6ccb6 <unknown>\nE       #18 0x7f38f289caa4 <unknown>\nE       #19 0x7f38f2929c3c <unknown>\n\n/opt/hostedtoolcache/Python/3.12.9/x64/lib/python3.12/site-packages/selenium/webdriver/support/wait.py:105: TimeoutException",
  "flaky" : false,
  "newFailed" : false,
  "beforeStages" : [ {
    "name" : "driver",
    "time" : {
      "start" : 1744420119328,
      "stop" : 1744420119661,
      "duration" : 333
    },
    "status" : "passed",
    "steps" : [ ],
    "attachments" : [ ],
    "parameters" : [ ],
    "stepsCount" : 0,
    "attachmentsCount" : 0,
    "shouldDisplayMessage" : false,
    "hasContent" : false
  }, {
    "name" : "authorization_user",
    "time" : {
      "start" : 1744420119662,
      "stop" : 1744420120167,
      "duration" : 505
    },
    "status" : "passed",
    "steps" : [ {
      "name" : "Open page: https://oblache.areso.pro/register.html",
      "time" : {
        "start" : 1744420119662,
        "stop" : 1744420119977,
        "duration" : 315
      },
      "status" : "passed",
      "steps" : [ ],
      "attachments" : [ ],
      "parameters" : [ ],
      "stepsCount" : 0,
      "attachmentsCount" : 0,
      "shouldDisplayMessage" : false,
      "hasContent" : false
    }, {
      "name" : "Login user",
      "time" : {
        "start" : 1744420119977,
        "stop" : 1744420120167,
        "duration" : 190
      },
      "status" : "passed",
      "steps" : [ {
        "name" : "Enter email.",
        "time" : {
          "start" : 1744420119977,
          "stop" : 1744420120037,
          "duration" : 60
        },
        "status" : "passed",
        "steps" : [ ],
        "attachments" : [ ],
        "parameters" : [ ],
        "stepsCount" : 0,
        "attachmentsCount" : 0,
        "shouldDisplayMessage" : false,
        "hasContent" : false
      }, {
        "name" : "Enter password.",
        "time" : {
          "start" : 1744420120037,
          "stop" : 1744420120078,
          "duration" : 41
        },
        "status" : "passed",
        "steps" : [ ],
        "attachments" : [ ],
        "parameters" : [ ],
        "stepsCount" : 0,
        "attachmentsCount" : 0,
        "shouldDisplayMessage" : false,
        "hasContent" : false
      }, {
        "name" : "Click button \"Login\"",
        "time" : {
          "start" : 1744420120078,
          "stop" : 1744420120164,
          "duration" : 86
        },
        "status" : "passed",
        "steps" : [ ],
        "attachments" : [ ],
        "parameters" : [ ],
        "stepsCount" : 0,
        "attachmentsCount" : 0,
        "shouldDisplayMessage" : false,
        "hasContent" : false
      }, {
        "name" : "Check url is present: https://oblache.areso.pro/register.html",
        "time" : {
          "start" : 1744420120164,
          "stop" : 1744420120167,
          "duration" : 3
        },
        "status" : "passed",
        "steps" : [ ],
        "attachments" : [ ],
        "parameters" : [ ],
        "stepsCount" : 0,
        "attachmentsCount" : 0,
        "shouldDisplayMessage" : false,
        "hasContent" : false
      } ],
      "attachments" : [ ],
      "parameters" : [ ],
      "stepsCount" : 4,
      "attachmentsCount" : 0,
      "shouldDisplayMessage" : false,
      "hasContent" : true
    } ],
    "attachments" : [ ],
    "parameters" : [ ],
    "stepsCount" : 6,
    "attachmentsCount" : 0,
    "shouldDisplayMessage" : false,
    "hasContent" : true
  } ],
  "testStage" : {
    "status" : "broken",
    "statusMessage" : "selenium.common.exceptions.TimeoutException: Message: Can't find element by locator ('xpath', '//table[@id=\"table_containers\"] //tr[1]/td[3] /button')\nStacktrace:\n#0 0x55ae18e6de6a <unknown>\n#1 0x55ae1891f640 <unknown>\n#2 0x55ae18970b5a <unknown>\n#3 0x55ae18970d51 <unknown>\n#4 0x55ae189bf344 <unknown>\n#5 0x55ae1899677d <unknown>\n#6 0x55ae189bc7b5 <unknown>\n#7 0x55ae18996523 <unknown>\n#8 0x55ae18962ef3 <unknown>\n#9 0x55ae18963b51 <unknown>\n#10 0x55ae18e32d2b <unknown>\n#11 0x55ae18e36c01 <unknown>\n#12 0x55ae18e1a512 <unknown>\n#13 0x55ae18e37774 <unknown>\n#14 0x55ae18dfe90f <unknown>\n#15 0x55ae18e5bfb8 <unknown>\n#16 0x55ae18e5c196 <unknown>\n#17 0x55ae18e6ccb6 <unknown>\n#18 0x7f38f289caa4 <unknown>\n#19 0x7f38f2929c3c <unknown>",
    "statusTrace" : "self = <tests_ui.test_ui.TestProfilePage object at 0x7fd15f927e00>\ndriver = <selenium.webdriver.chrome.webdriver.WebDriver (session=\"678373ca89f369dff5071c78101b52cc\")>\nauthorization_user = None\n\n    @allure.title('test_clipboard_uuid_docker')\n    def test_clipboard_uuid_docker(self, driver, authorization_user):\n        page = ProfilePage(driver, authorization_user)\n        page.click_button_docker_containers()\n>       page.check_clipboard(\n            table_xpath='//table[@id=\"table_containers\"]',\n            token=TestProfilePage.token)\n\ntests_ui/test_ui.py:113: \n_ _ _ _ _ _ _ _ _ _ _ _ _ _ _ _ _ _ _ _ _ _ _ _ _ _ _ _ _ _ _ _ _ _ _ _ _ _ _ _ \ntests_ui/profile_page.py:100: in check_clipboard\n    button = self.element_is_visible((By.XPATH, f'{table_xpath} //tr[1]/td[3] /button'))\ntests_ui/base_page.py:33: in element_is_visible\n    self.go_to_element(self.element_is_present(locator))\ntests_ui/base_page.py:46: in element_is_present\n    return Wait(self.driver, self.timeout).until(\n_ _ _ _ _ _ _ _ _ _ _ _ _ _ _ _ _ _ _ _ _ _ _ _ _ _ _ _ _ _ _ _ _ _ _ _ _ _ _ _ \n\nself = <selenium.webdriver.support.wait.WebDriverWait (session=\"678373ca89f369dff5071c78101b52cc\")>\nmethod = <function presence_of_element_located.<locals>._predicate at 0x7fd15ef613a0>\nmessage = 'Can\\'t find element by locator (\\'xpath\\', \\'//table[@id=\"table_containers\"] //tr[1]/td[3] /button\\')'\n\n    def until(self, method: Callable[[D], Union[Literal[False], T]], message: str = \"\") -> T:\n        \"\"\"Calls the method provided with the driver as an argument until the \\\n        return value does not evaluate to ``False``.\n    \n        :param method: callable(WebDriver)\n        :param message: optional message for :exc:`TimeoutException`\n        :returns: the result of the last call to `method`\n        :raises: :exc:`selenium.common.exceptions.TimeoutException` if timeout occurs\n        \"\"\"\n        screen = None\n        stacktrace = None\n    \n        end_time = time.monotonic() + self._timeout\n        while True:\n            try:\n                value = method(self._driver)\n                if value:\n                    return value\n            except self._ignored_exceptions as exc:\n                screen = getattr(exc, \"screen\", None)\n                stacktrace = getattr(exc, \"stacktrace\", None)\n            time.sleep(self._poll)\n            if time.monotonic() > end_time:\n                break\n>       raise TimeoutException(message, screen, stacktrace)\nE       selenium.common.exceptions.TimeoutException: Message: Can't find element by locator ('xpath', '//table[@id=\"table_containers\"] //tr[1]/td[3] /button')\nE       Stacktrace:\nE       #0 0x55ae18e6de6a <unknown>\nE       #1 0x55ae1891f640 <unknown>\nE       #2 0x55ae18970b5a <unknown>\nE       #3 0x55ae18970d51 <unknown>\nE       #4 0x55ae189bf344 <unknown>\nE       #5 0x55ae1899677d <unknown>\nE       #6 0x55ae189bc7b5 <unknown>\nE       #7 0x55ae18996523 <unknown>\nE       #8 0x55ae18962ef3 <unknown>\nE       #9 0x55ae18963b51 <unknown>\nE       #10 0x55ae18e32d2b <unknown>\nE       #11 0x55ae18e36c01 <unknown>\nE       #12 0x55ae18e1a512 <unknown>\nE       #13 0x55ae18e37774 <unknown>\nE       #14 0x55ae18dfe90f <unknown>\nE       #15 0x55ae18e5bfb8 <unknown>\nE       #16 0x55ae18e5c196 <unknown>\nE       #17 0x55ae18e6ccb6 <unknown>\nE       #18 0x7f38f289caa4 <unknown>\nE       #19 0x7f38f2929c3c <unknown>\n\n/opt/hostedtoolcache/Python/3.12.9/x64/lib/python3.12/site-packages/selenium/webdriver/support/wait.py:105: TimeoutException",
    "steps" : [ {
      "name" : "Click \"Docker containers\" button.",
      "time" : {
        "start" : 1744420120167,
        "stop" : 1744420121063,
        "duration" : 896
      },
      "status" : "passed",
      "steps" : [ ],
      "attachments" : [ ],
      "parameters" : [ ],
      "stepsCount" : 0,
      "attachmentsCount" : 0,
      "shouldDisplayMessage" : false,
      "hasContent" : false
    }, {
      "name" : "Check clipboard",
      "time" : {
        "start" : 1744420121063,
        "stop" : 1744420126213,
        "duration" : 5150
      },
      "status" : "broken",
      "statusMessage" : "selenium.common.exceptions.TimeoutException: Message: Can't find element by locator ('xpath', '//table[@id=\"table_containers\"] //tr[1]/td[3] /button')\nStacktrace:\n#0 0x55ae18e6de6a <unknown>\n#1 0x55ae1891f640 <unknown>\n#2 0x55ae18970b5a <unknown>\n#3 0x55ae18970d51 <unknown>\n#4 0x55ae189bf344 <unknown>\n#5 0x55ae1899677d <unknown>\n#6 0x55ae189bc7b5 <unknown>\n#7 0x55ae18996523 <unknown>\n#8 0x55ae18962ef3 <unknown>\n#9 0x55ae18963b51 <unknown>\n#10 0x55ae18e32d2b <unknown>\n#11 0x55ae18e36c01 <unknown>\n#12 0x55ae18e1a512 <unknown>\n#13 0x55ae18e37774 <unknown>\n#14 0x55ae18dfe90f <unknown>\n#15 0x55ae18e5bfb8 <unknown>\n#16 0x55ae18e5c196 <unknown>\n#17 0x55ae18e6ccb6 <unknown>\n#18 0x7f38f289caa4 <unknown>\n#19 0x7f38f2929c3c <unknown>\n\n",
      "statusTrace" : "  File \"/opt/hostedtoolcache/Python/3.12.9/x64/lib/python3.12/site-packages/allure_commons/_allure.py\", line 192, in impl\n    return func(*a, **kw)\n           ^^^^^^^^^^^^^^\n  File \"/home/runner/work/Oblache/Oblache/tests_ui/profile_page.py\", line 100, in check_clipboard\n    button = self.element_is_visible((By.XPATH, f'{table_xpath} //tr[1]/td[3] /button'))\n             ^^^^^^^^^^^^^^^^^^^^^^^^^^^^^^^^^^^^^^^^^^^^^^^^^^^^^^^^^^^^^^^^^^^^^^^^^^^\n  File \"/home/runner/work/Oblache/Oblache/tests_ui/base_page.py\", line 33, in element_is_visible\n    self.go_to_element(self.element_is_present(locator))\n                       ^^^^^^^^^^^^^^^^^^^^^^^^^^^^^^^^\n  File \"/home/runner/work/Oblache/Oblache/tests_ui/base_page.py\", line 46, in element_is_present\n    return Wait(self.driver, self.timeout).until(\n           ^^^^^^^^^^^^^^^^^^^^^^^^^^^^^^^^^^^^^^\n  File \"/opt/hostedtoolcache/Python/3.12.9/x64/lib/python3.12/site-packages/selenium/webdriver/support/wait.py\", line 105, in until\n    raise TimeoutException(message, screen, stacktrace)\n",
      "steps" : [ ],
      "attachments" : [ ],
      "parameters" : [ {
        "name" : "table_xpath",
        "value" : "'//table[@id=\"table_containers\"]'"
      }, {
        "name" : "token",
        "value" : "'5e43e4fe-e430-4828-a6fd-28ce6d0e86c2'"
      } ],
      "stepsCount" : 0,
      "attachmentsCount" : 0,
      "shouldDisplayMessage" : true,
      "hasContent" : true
    } ],
    "attachments" : [ {
      "uid" : "d22353d5f9d448b4",
      "name" : "Screenshot 2025-04-12 01:08:46.309052",
      "source" : "d22353d5f9d448b4.png",
      "type" : "image/png",
      "size" : 30384
    } ],
    "parameters" : [ ],
    "stepsCount" : 2,
    "attachmentsCount" : 1,
    "shouldDisplayMessage" : true,
    "hasContent" : true
  },
  "afterStages" : [ {
    "name" : "driver::0",
    "time" : {
      "start" : 1744420126310,
      "stop" : 1744420126372,
      "duration" : 62
    },
    "status" : "passed",
    "steps" : [ ],
    "attachments" : [ ],
    "parameters" : [ ],
    "stepsCount" : 0,
    "attachmentsCount" : 0,
    "shouldDisplayMessage" : false,
    "hasContent" : false
  } ],
  "labels" : [ {
    "name" : "suite",
    "value" : "Test Profile Page."
  }, {
    "name" : "parentSuite",
    "value" : "tests_ui"
  }, {
    "name" : "subSuite",
    "value" : "TestProfilePage"
  }, {
    "name" : "host",
    "value" : "fv-az1982-11"
  }, {
    "name" : "thread",
    "value" : "2477-MainThread"
  }, {
    "name" : "framework",
    "value" : "pytest"
  }, {
    "name" : "language",
    "value" : "cpython3"
  }, {
    "name" : "package",
    "value" : "tests_ui.test_ui"
  }, {
    "name" : "resultFormat",
    "value" : "allure2"
  } ],
  "parameters" : [ ],
  "links" : [ ],
  "hidden" : false,
  "retry" : false,
  "extra" : {
    "severity" : "normal",
    "retries" : [ ],
    "categories" : [ {
      "name" : "Test defects",
      "matchedStatuses" : [ ],
      "flaky" : false
    } ],
    "history" : {
      "statistic" : {
        "failed" : 0,
        "broken" : 19,
        "skipped" : 0,
        "passed" : 133,
        "unknown" : 0,
        "total" : 152
      },
      "items" : [ {
        "uid" : "f2c4f79746609e95",
        "reportUrl" : "https://lambotik.github.io/Oblache/369//#testresult/f2c4f79746609e95",
        "status" : "passed",
        "time" : {
          "start" : 1744333845276,
          "stop" : 1744333847805,
          "duration" : 2529
        }
      }, {
        "uid" : "b57fbc1e907fa1e4",
        "reportUrl" : "https://lambotik.github.io/Oblache/368//#testresult/b57fbc1e907fa1e4",
        "status" : "passed",
        "time" : {
          "start" : 1744247388091,
          "stop" : 1744247391457,
          "duration" : 3366
        }
      }, {
        "uid" : "f629f3cad1c63f0",
        "reportUrl" : "https://lambotik.github.io/Oblache/367//#testresult/f629f3cad1c63f0",
        "status" : "passed",
        "time" : {
          "start" : 1744160992780,
          "stop" : 1744160996135,
          "duration" : 3355
        }
      }, {
        "uid" : "1a08709a9ab869c6",
        "reportUrl" : "https://lambotik.github.io/Oblache/366//#testresult/1a08709a9ab869c6",
        "status" : "passed",
        "time" : {
          "start" : 1744074581535,
          "stop" : 1744074584806,
          "duration" : 3271
        }
      }, {
        "uid" : "5a158528c9ac86b4",
        "reportUrl" : "https://lambotik.github.io/Oblache/365//#testresult/5a158528c9ac86b4",
        "status" : "broken",
        "statusDetails" : "selenium.common.exceptions.TimeoutException: Message: Can't find element by locator ('xpath', '//button[@id=\"menu_button_containers\"]')\nStacktrace:\n#0 0x55887f00affa <unknown>\n#1 0x55887eac9970 <unknown>\n#2 0x55887eb1b385 <unknown>\n#3 0x55887eb1b5b1 <unknown>\n#4 0x55887eb6a3c4 <unknown>\n#5 0x55887eb412bd <unknown>\n#6 0x55887eb6770c <unknown>\n#7 0x55887eb41063 <unknown>\n#8 0x55887eb0d328 <unknown>\n#9 0x55887eb0e491 <unknown>\n#10 0x55887efd242b <unknown>\n#11 0x55887efd62ec <unknown>\n#12 0x55887efb9a22 <unknown>\n#13 0x55887efd6e64 <unknown>\n#14 0x55887ef9dbef <unknown>\n#15 0x55887eff9558 <unknown>\n#16 0x55887eff9736 <unknown>\n#17 0x55887f009e76 <unknown>\n#18 0x7f37b889caa4 <unknown>\n#19 0x7f37b8929c3c <unknown>",
        "time" : {
          "start" : 1743988224741,
          "stop" : 1743988229864,
          "duration" : 5123
        }
      }, {
        "uid" : "b13daca0d23bedbd",
        "reportUrl" : "https://lambotik.github.io/Oblache/364//#testresult/b13daca0d23bedbd",
        "status" : "broken",
        "statusDetails" : "selenium.common.exceptions.TimeoutException: Message: Can't find element by locator ('xpath', '//button[@id=\"menu_button_containers\"]')\nStacktrace:\n#0 0x5568140a8ffa <unknown>\n#1 0x556813b67970 <unknown>\n#2 0x556813bb9385 <unknown>\n#3 0x556813bb95b1 <unknown>\n#4 0x556813c083c4 <unknown>\n#5 0x556813bdf2bd <unknown>\n#6 0x556813c0570c <unknown>\n#7 0x556813bdf063 <unknown>\n#8 0x556813bab328 <unknown>\n#9 0x556813bac491 <unknown>\n#10 0x55681407042b <unknown>\n#11 0x5568140742ec <unknown>\n#12 0x556814057a22 <unknown>\n#13 0x556814074e64 <unknown>\n#14 0x55681403bbef <unknown>\n#15 0x556814097558 <unknown>\n#16 0x556814097736 <unknown>\n#17 0x5568140a7e76 <unknown>\n#18 0x7f95a129caa4 <unknown>\n#19 0x7f95a1329c3c <unknown>",
        "time" : {
          "start" : 1743901945429,
          "stop" : 1743901950557,
          "duration" : 5128
        }
      }, {
        "uid" : "bcf0ae2287d72c3",
        "reportUrl" : "https://lambotik.github.io/Oblache/363//#testresult/bcf0ae2287d72c3",
        "status" : "passed",
        "time" : {
          "start" : 1743815309848,
          "stop" : 1743815312372,
          "duration" : 2524
        }
      }, {
        "uid" : "9105ea4c1cf9402e",
        "reportUrl" : "https://lambotik.github.io/Oblache/362//#testresult/9105ea4c1cf9402e",
        "status" : "passed",
        "time" : {
          "start" : 1743728990794,
          "stop" : 1743728994153,
          "duration" : 3359
        }
      }, {
        "uid" : "2894e7b491b8852e",
        "reportUrl" : "https://lambotik.github.io/Oblache/361//#testresult/2894e7b491b8852e",
        "status" : "passed",
        "time" : {
          "start" : 1743642573550,
          "stop" : 1743642576252,
          "duration" : 2702
        }
      }, {
        "uid" : "a3220985eed722dd",
        "reportUrl" : "https://lambotik.github.io/Oblache/360//#testresult/a3220985eed722dd",
        "status" : "passed",
        "time" : {
          "start" : 1743556256474,
          "stop" : 1743556259182,
          "duration" : 2708
        }
      }, {
        "uid" : "4414ffe33e8bf298",
        "reportUrl" : "https://lambotik.github.io/Oblache/359//#testresult/4414ffe33e8bf298",
        "status" : "passed",
        "time" : {
          "start" : 1743470296904,
          "stop" : 1743470299315,
          "duration" : 2411
        }
      }, {
        "uid" : "ea4a59951ab6b1a",
        "reportUrl" : "https://lambotik.github.io/Oblache/358//#testresult/ea4a59951ab6b1a",
        "status" : "passed",
        "time" : {
          "start" : 1743383625624,
          "stop" : 1743383628930,
          "duration" : 3306
        }
      }, {
        "uid" : "b3d84351735840c3",
        "reportUrl" : "https://lambotik.github.io/Oblache/357//#testresult/b3d84351735840c3",
        "status" : "passed",
        "time" : {
          "start" : 1743297285494,
          "stop" : 1743297288110,
          "duration" : 2616
        }
      }, {
        "uid" : "dbb447a38531c8a3",
        "reportUrl" : "https://lambotik.github.io/Oblache/356//#testresult/dbb447a38531c8a3",
        "status" : "passed",
        "time" : {
          "start" : 1743210450572,
          "stop" : 1743210453056,
          "duration" : 2484
        }
      }, {
        "uid" : "10c02f3d36b28ca4",
        "reportUrl" : "https://lambotik.github.io/Oblache/355//#testresult/10c02f3d36b28ca4",
        "status" : "passed",
        "time" : {
          "start" : 1743124136493,
          "stop" : 1743124139231,
          "duration" : 2738
        }
      }, {
        "uid" : "925cd7bd9b69ea89",
        "reportUrl" : "https://lambotik.github.io/Oblache/354//#testresult/925cd7bd9b69ea89",
        "status" : "passed",
        "time" : {
          "start" : 1743037718723,
          "stop" : 1743037721398,
          "duration" : 2675
        }
      }, {
        "uid" : "7a135df858308146",
        "reportUrl" : "https://lambotik.github.io/Oblache/353//#testresult/7a135df858308146",
        "status" : "broken",
        "statusDetails" : "selenium.common.exceptions.TimeoutException: Message: Can't find element by locator ('xpath', '//table[@id=\"table_containers\"] //tr[1]/td[3] /button')\nStacktrace:\n#0 0x55b81e873a1a <unknown>\n#1 0x55b81e32b390 <unknown>\n#2 0x55b81e37cc85 <unknown>\n#3 0x55b81e37ceb1 <unknown>\n#4 0x55b81e3cbd64 <unknown>\n#5 0x55b81e3a2bfd <unknown>\n#6 0x55b81e3c907b <unknown>\n#7 0x55b81e3a29a3 <unknown>\n#8 0x55b81e36e60e <unknown>\n#9 0x55b81e36fdd1 <unknown>\n#10 0x55b81e839ddb <unknown>\n#11 0x55b81e83dcbc <unknown>\n#12 0x55b81e821392 <unknown>\n#13 0x55b81e83e834 <unknown>\n#14 0x55b81e8051ef <unknown>\n#15 0x55b81e862038 <unknown>\n#16 0x55b81e862216 <unknown>\n#17 0x55b81e872896 <unknown>\n#18 0x7f6c9429caa4 <unknown>\n#19 0x7f6c94329c3c <unknown>",
        "time" : {
          "start" : 1742951311056,
          "stop" : 1742951317163,
          "duration" : 6107
        }
      }, {
        "uid" : "4028ab539733d874",
        "reportUrl" : "https://lambotik.github.io/Oblache/352//#testresult/4028ab539733d874",
        "status" : "passed",
        "time" : {
          "start" : 1742864998444,
          "stop" : 1742865001009,
          "duration" : 2565
        }
      }, {
        "uid" : "48b741f76e454804",
        "reportUrl" : "https://lambotik.github.io/Oblache/351//#testresult/48b741f76e454804",
        "status" : "passed",
        "time" : {
          "start" : 1742778640436,
          "stop" : 1742778643736,
          "duration" : 3300
        }
      }, {
        "uid" : "ddf24832b708c391",
        "reportUrl" : "https://lambotik.github.io/Oblache/350//#testresult/ddf24832b708c391",
        "status" : "passed",
        "time" : {
          "start" : 1742692431182,
          "stop" : 1742692433866,
          "duration" : 2684
        }
      } ]
    },
    "tags" : [ ]
  },
  "source" : "7c384246a441c5c5.json",
  "parameterValues" : [ ]
}