{
  "uid" : "caed1bbc67792549",
  "name" : "test_create_database",
  "fullName" : "tests_ui.test_ui.TestProfilePage#test_create_database",
  "historyId" : "4762f7b87391625d86f9ea8dbdd3b406",
  "time" : {
    "start" : 1735779814601,
    "stop" : 1735779822674,
    "duration" : 8073
  },
  "status" : "broken",
  "statusMessage" : "selenium.common.exceptions.TimeoutException: Message: Can't find element by locator ('xpath', '//div[@id=\"msg_from_server\"]')",
  "statusTrace" : "self = <tests_ui.test_ui.TestProfilePage object at 0x7fb6e4c14800>\ndriver = <selenium.webdriver.chrome.webdriver.WebDriver (session=\"789de137a6ce4b073ad8022218874b56\")>\nauthorization_user = None\n\n    @allure.title('test_create_database')\n    def test_create_database(self, driver, authorization_user):\n        page = ProfilePage(driver, authorization_user)\n>       page.compare_database_status()\n\ntests_ui/test_ui.py:83: \n_ _ _ _ _ _ _ _ _ _ _ _ _ _ _ _ _ _ _ _ _ _ _ _ _ _ _ _ _ _ _ _ _ _ _ _ _ _ _ _ \ntests_ui/profile_page.py:150: in compare_database_status\n    msg = self.element_is_visible(self.locators.MSG_FROM_SERVER).text\ntests_ui/base_page.py:34: in element_is_visible\n    return Wait(self.driver, self.timeout).until(\n_ _ _ _ _ _ _ _ _ _ _ _ _ _ _ _ _ _ _ _ _ _ _ _ _ _ _ _ _ _ _ _ _ _ _ _ _ _ _ _ \n\nself = <selenium.webdriver.support.wait.WebDriverWait (session=\"789de137a6ce4b073ad8022218874b56\")>\nmethod = <function visibility_of_element_located.<locals>._predicate at 0x7fb6e4867920>\nmessage = 'Can\\'t find element by locator (\\'xpath\\', \\'//div[@id=\"msg_from_server\"]\\')'\n\n    def until(self, method: Callable[[D], Union[Literal[False], T]], message: str = \"\") -> T:\n        \"\"\"Calls the method provided with the driver as an argument until the \\\n        return value does not evaluate to ``False``.\n    \n        :param method: callable(WebDriver)\n        :param message: optional message for :exc:`TimeoutException`\n        :returns: the result of the last call to `method`\n        :raises: :exc:`selenium.common.exceptions.TimeoutException` if timeout occurs\n        \"\"\"\n        screen = None\n        stacktrace = None\n    \n        end_time = time.monotonic() + self._timeout\n        while True:\n            try:\n                value = method(self._driver)\n                if value:\n                    return value\n            except self._ignored_exceptions as exc:\n                screen = getattr(exc, \"screen\", None)\n                stacktrace = getattr(exc, \"stacktrace\", None)\n            time.sleep(self._poll)\n            if time.monotonic() > end_time:\n                break\n>       raise TimeoutException(message, screen, stacktrace)\nE       selenium.common.exceptions.TimeoutException: Message: Can't find element by locator ('xpath', '//div[@id=\"msg_from_server\"]')\n\n/opt/hostedtoolcache/Python/3.12.8/x64/lib/python3.12/site-packages/selenium/webdriver/support/wait.py:105: TimeoutException",
  "flaky" : false,
  "newFailed" : false,
  "beforeStages" : [ {
    "name" : "authorization_user",
    "time" : {
      "start" : 1735779814095,
      "stop" : 1735779814601,
      "duration" : 506
    },
    "status" : "passed",
    "steps" : [ {
      "name" : "Open page: https://oblache.areso.pro/register.html",
      "time" : {
        "start" : 1735779814095,
        "stop" : 1735779814411,
        "duration" : 316
      },
      "status" : "passed",
      "steps" : [ ],
      "attachments" : [ ],
      "parameters" : [ ],
      "stepsCount" : 0,
      "attachmentsCount" : 0,
      "shouldDisplayMessage" : false,
      "hasContent" : false
    }, {
      "name" : "Login user",
      "time" : {
        "start" : 1735779814412,
        "stop" : 1735779814601,
        "duration" : 189
      },
      "status" : "passed",
      "steps" : [ {
        "name" : "Enter email.",
        "time" : {
          "start" : 1735779814412,
          "stop" : 1735779814470,
          "duration" : 58
        },
        "status" : "passed",
        "steps" : [ ],
        "attachments" : [ ],
        "parameters" : [ ],
        "stepsCount" : 0,
        "attachmentsCount" : 0,
        "shouldDisplayMessage" : false,
        "hasContent" : false
      }, {
        "name" : "Enter password.",
        "time" : {
          "start" : 1735779814470,
          "stop" : 1735779814513,
          "duration" : 43
        },
        "status" : "passed",
        "steps" : [ ],
        "attachments" : [ ],
        "parameters" : [ ],
        "stepsCount" : 0,
        "attachmentsCount" : 0,
        "shouldDisplayMessage" : false,
        "hasContent" : false
      }, {
        "name" : "Click button \"Login\"",
        "time" : {
          "start" : 1735779814513,
          "stop" : 1735779814599,
          "duration" : 86
        },
        "status" : "passed",
        "steps" : [ ],
        "attachments" : [ ],
        "parameters" : [ ],
        "stepsCount" : 0,
        "attachmentsCount" : 0,
        "shouldDisplayMessage" : false,
        "hasContent" : false
      }, {
        "name" : "Check url is present: https://oblache.areso.pro/register.html",
        "time" : {
          "start" : 1735779814599,
          "stop" : 1735779814601,
          "duration" : 2
        },
        "status" : "passed",
        "steps" : [ ],
        "attachments" : [ ],
        "parameters" : [ ],
        "stepsCount" : 0,
        "attachmentsCount" : 0,
        "shouldDisplayMessage" : false,
        "hasContent" : false
      } ],
      "attachments" : [ ],
      "parameters" : [ ],
      "stepsCount" : 4,
      "attachmentsCount" : 0,
      "shouldDisplayMessage" : false,
      "hasContent" : true
    } ],
    "attachments" : [ ],
    "parameters" : [ ],
    "stepsCount" : 6,
    "attachmentsCount" : 0,
    "shouldDisplayMessage" : false,
    "hasContent" : true
  }, {
    "name" : "driver",
    "time" : {
      "start" : 1735779813829,
      "stop" : 1735779814095,
      "duration" : 266
    },
    "status" : "passed",
    "steps" : [ ],
    "attachments" : [ ],
    "parameters" : [ ],
    "stepsCount" : 0,
    "attachmentsCount" : 0,
    "shouldDisplayMessage" : false,
    "hasContent" : false
  } ],
  "testStage" : {
    "status" : "broken",
    "statusMessage" : "selenium.common.exceptions.TimeoutException: Message: Can't find element by locator ('xpath', '//div[@id=\"msg_from_server\"]')",
    "statusTrace" : "self = <tests_ui.test_ui.TestProfilePage object at 0x7fb6e4c14800>\ndriver = <selenium.webdriver.chrome.webdriver.WebDriver (session=\"789de137a6ce4b073ad8022218874b56\")>\nauthorization_user = None\n\n    @allure.title('test_create_database')\n    def test_create_database(self, driver, authorization_user):\n        page = ProfilePage(driver, authorization_user)\n>       page.compare_database_status()\n\ntests_ui/test_ui.py:83: \n_ _ _ _ _ _ _ _ _ _ _ _ _ _ _ _ _ _ _ _ _ _ _ _ _ _ _ _ _ _ _ _ _ _ _ _ _ _ _ _ \ntests_ui/profile_page.py:150: in compare_database_status\n    msg = self.element_is_visible(self.locators.MSG_FROM_SERVER).text\ntests_ui/base_page.py:34: in element_is_visible\n    return Wait(self.driver, self.timeout).until(\n_ _ _ _ _ _ _ _ _ _ _ _ _ _ _ _ _ _ _ _ _ _ _ _ _ _ _ _ _ _ _ _ _ _ _ _ _ _ _ _ \n\nself = <selenium.webdriver.support.wait.WebDriverWait (session=\"789de137a6ce4b073ad8022218874b56\")>\nmethod = <function visibility_of_element_located.<locals>._predicate at 0x7fb6e4867920>\nmessage = 'Can\\'t find element by locator (\\'xpath\\', \\'//div[@id=\"msg_from_server\"]\\')'\n\n    def until(self, method: Callable[[D], Union[Literal[False], T]], message: str = \"\") -> T:\n        \"\"\"Calls the method provided with the driver as an argument until the \\\n        return value does not evaluate to ``False``.\n    \n        :param method: callable(WebDriver)\n        :param message: optional message for :exc:`TimeoutException`\n        :returns: the result of the last call to `method`\n        :raises: :exc:`selenium.common.exceptions.TimeoutException` if timeout occurs\n        \"\"\"\n        screen = None\n        stacktrace = None\n    \n        end_time = time.monotonic() + self._timeout\n        while True:\n            try:\n                value = method(self._driver)\n                if value:\n                    return value\n            except self._ignored_exceptions as exc:\n                screen = getattr(exc, \"screen\", None)\n                stacktrace = getattr(exc, \"stacktrace\", None)\n            time.sleep(self._poll)\n            if time.monotonic() > end_time:\n                break\n>       raise TimeoutException(message, screen, stacktrace)\nE       selenium.common.exceptions.TimeoutException: Message: Can't find element by locator ('xpath', '//div[@id=\"msg_from_server\"]')\n\n/opt/hostedtoolcache/Python/3.12.8/x64/lib/python3.12/site-packages/selenium/webdriver/support/wait.py:105: TimeoutException",
    "steps" : [ {
      "name" : "Click button Status.",
      "time" : {
        "start" : 1735779815602,
        "stop" : 1735779815671,
        "duration" : 69
      },
      "status" : "passed",
      "steps" : [ ],
      "attachments" : [ ],
      "parameters" : [ ],
      "stepsCount" : 0,
      "attachmentsCount" : 0,
      "shouldDisplayMessage" : false,
      "hasContent" : false
    }, {
      "name" : "Get status data.",
      "time" : {
        "start" : 1735779816036,
        "stop" : 1735779816036,
        "duration" : 0
      },
      "status" : "passed",
      "steps" : [ {
        "name" : "Status data is: {'Email:': 'test4@mail.com', 'is blocked?': '0', 'is db creation allowed?': '0', 'disk db quota, mb': '4', 'disk db used, mb': '9', 'db qty quota': '100', 'db qty used': '16', 'site qty quota': '5', 'site qty used': '0', 'is site deploy allowed?': '1'}",
        "time" : {
          "start" : 1735779816036,
          "stop" : 1735779816036,
          "duration" : 0
        },
        "status" : "passed",
        "steps" : [ ],
        "attachments" : [ ],
        "parameters" : [ ],
        "stepsCount" : 0,
        "attachmentsCount" : 0,
        "shouldDisplayMessage" : false,
        "hasContent" : false
      } ],
      "attachments" : [ ],
      "parameters" : [ ],
      "stepsCount" : 1,
      "attachmentsCount" : 0,
      "shouldDisplayMessage" : false,
      "hasContent" : true
    }, {
      "name" : "Click \"Databases\" button.",
      "time" : {
        "start" : 1735779816036,
        "stop" : 1735779816101,
        "duration" : 65
      },
      "status" : "passed",
      "steps" : [ ],
      "attachments" : [ ],
      "parameters" : [ ],
      "stepsCount" : 0,
      "attachmentsCount" : 0,
      "shouldDisplayMessage" : false,
      "hasContent" : false
    }, {
      "name" : "Click \"Create new DB\" button.",
      "time" : {
        "start" : 1735779816101,
        "stop" : 1735779816269,
        "duration" : 168
      },
      "status" : "passed",
      "steps" : [ ],
      "attachments" : [ ],
      "parameters" : [ ],
      "stepsCount" : 0,
      "attachmentsCount" : 0,
      "shouldDisplayMessage" : false,
      "hasContent" : false
    }, {
      "name" : "Select region \"CIS\".",
      "time" : {
        "start" : 1735779816269,
        "stop" : 1735779817462,
        "duration" : 1193
      },
      "status" : "passed",
      "steps" : [ ],
      "attachments" : [ ],
      "parameters" : [ ],
      "stepsCount" : 0,
      "attachmentsCount" : 0,
      "shouldDisplayMessage" : false,
      "hasContent" : false
    }, {
      "name" : "Click \"Create\" button.",
      "time" : {
        "start" : 1735779817462,
        "stop" : 1735779817542,
        "duration" : 80
      },
      "status" : "passed",
      "steps" : [ ],
      "attachments" : [ ],
      "parameters" : [ ],
      "stepsCount" : 0,
      "attachmentsCount" : 0,
      "shouldDisplayMessage" : false,
      "hasContent" : false
    } ],
    "attachments" : [ {
      "uid" : "ac2d1661094d72a0",
      "name" : "Screenshot 2025-01-02 01:03:42.773529",
      "source" : "ac2d1661094d72a0.png",
      "type" : "image/png",
      "size" : 27487
    } ],
    "parameters" : [ ],
    "stepsCount" : 7,
    "attachmentsCount" : 1,
    "shouldDisplayMessage" : true,
    "hasContent" : true
  },
  "afterStages" : [ {
    "name" : "driver::0",
    "time" : {
      "start" : 1735779822774,
      "stop" : 1735779822843,
      "duration" : 69
    },
    "status" : "passed",
    "steps" : [ ],
    "attachments" : [ ],
    "parameters" : [ ],
    "stepsCount" : 0,
    "attachmentsCount" : 0,
    "shouldDisplayMessage" : false,
    "hasContent" : false
  } ],
  "labels" : [ {
    "name" : "suite",
    "value" : "Test Profile Page."
  }, {
    "name" : "parentSuite",
    "value" : "tests_ui"
  }, {
    "name" : "subSuite",
    "value" : "TestProfilePage"
  }, {
    "name" : "host",
    "value" : "fv-az1112-898"
  }, {
    "name" : "thread",
    "value" : "2440-MainThread"
  }, {
    "name" : "framework",
    "value" : "pytest"
  }, {
    "name" : "language",
    "value" : "cpython3"
  }, {
    "name" : "package",
    "value" : "tests_ui.test_ui"
  }, {
    "name" : "resultFormat",
    "value" : "allure2"
  } ],
  "parameters" : [ ],
  "links" : [ ],
  "hidden" : false,
  "retry" : false,
  "extra" : {
    "severity" : "normal",
    "retries" : [ ],
    "categories" : [ {
      "name" : "Test defects",
      "matchedStatuses" : [ ],
      "flaky" : false
    } ],
    "history" : {
      "statistic" : {
        "failed" : 0,
        "broken" : 51,
        "skipped" : 0,
        "passed" : 1,
        "unknown" : 0,
        "total" : 52
      },
      "items" : [ {
        "uid" : "3d88f7c0f93aa975",
        "reportUrl" : "https://lambotik.github.io/Oblache/269//#testresult/3d88f7c0f93aa975",
        "status" : "broken",
        "statusDetails" : "selenium.common.exceptions.TimeoutException: Message: Can't find element by locator ('xpath', '//div[@id=\"msg_from_server\"]')",
        "time" : {
          "start" : 1735693748089,
          "stop" : 1735693755979,
          "duration" : 7890
        }
      }, {
        "uid" : "d24ad5531f0c18a3",
        "reportUrl" : "https://lambotik.github.io/Oblache/268//#testresult/d24ad5531f0c18a3",
        "status" : "broken",
        "statusDetails" : "selenium.common.exceptions.TimeoutException: Message: Can't find element by locator ('xpath', '//div[@id=\"msg_from_server\"]')",
        "time" : {
          "start" : 1735607061351,
          "stop" : 1735607070310,
          "duration" : 8959
        }
      }, {
        "uid" : "444eed516728e317",
        "reportUrl" : "https://lambotik.github.io/Oblache/267//#testresult/444eed516728e317",
        "status" : "broken",
        "statusDetails" : "selenium.common.exceptions.TimeoutException: Message: Can't find element by locator ('xpath', '//div[@id=\"msg_from_server\"]')",
        "time" : {
          "start" : 1735520770064,
          "stop" : 1735520777951,
          "duration" : 7887
        }
      }, {
        "uid" : "7ef76551af1d005",
        "reportUrl" : "https://lambotik.github.io/Oblache/266//#testresult/7ef76551af1d005",
        "status" : "broken",
        "statusDetails" : "selenium.common.exceptions.TimeoutException: Message: Can't find element by locator ('xpath', '//div[@id=\"msg_from_server\"]')",
        "time" : {
          "start" : 1735434615046,
          "stop" : 1735434622979,
          "duration" : 7933
        }
      }, {
        "uid" : "5d157b7efd7fa4b8",
        "reportUrl" : "https://lambotik.github.io/Oblache/265//#testresult/5d157b7efd7fa4b8",
        "status" : "broken",
        "statusDetails" : "selenium.common.exceptions.TimeoutException: Message: Can't find element by locator ('xpath', '//div[@id=\"msg_from_server\"]')",
        "time" : {
          "start" : 1735347789877,
          "stop" : 1735347797870,
          "duration" : 7993
        }
      }, {
        "uid" : "21f590498190c2fa",
        "reportUrl" : "https://lambotik.github.io/Oblache/264//#testresult/21f590498190c2fa",
        "status" : "broken",
        "statusDetails" : "selenium.common.exceptions.TimeoutException: Message: Can't find element by locator ('xpath', '//div[@id=\"msg_from_server\"]')",
        "time" : {
          "start" : 1735261460613,
          "stop" : 1735261469379,
          "duration" : 8766
        }
      }, {
        "uid" : "38c158c07bffda68",
        "reportUrl" : "https://lambotik.github.io/Oblache/209//#testresult/38c158c07bffda68",
        "status" : "broken",
        "statusDetails" : "selenium.common.exceptions.TimeoutException: Message: Can't find element by locator ('xpath', '//div[@id=\"msg_from_server\"]')",
        "time" : {
          "start" : 1730509388281,
          "stop" : 1730509396221,
          "duration" : 7940
        }
      }, {
        "uid" : "93b810f7695a6aeb",
        "reportUrl" : "https://lambotik.github.io/Oblache/208//#testresult/93b810f7695a6aeb",
        "status" : "broken",
        "statusDetails" : "selenium.common.exceptions.TimeoutException: Message: Can't find element by locator ('xpath', '//div[@id=\"msg_from_server\"]')",
        "time" : {
          "start" : 1730423345528,
          "stop" : 1730423353378,
          "duration" : 7850
        }
      }, {
        "uid" : "b570d3fcd6f242c4",
        "reportUrl" : "https://lambotik.github.io/Oblache/207//#testresult/b570d3fcd6f242c4",
        "status" : "broken",
        "statusDetails" : "selenium.common.exceptions.TimeoutException: Message: Can't find element by locator ('xpath', '//div[@id=\"msg_from_server\"]')",
        "time" : {
          "start" : 1730336712709,
          "stop" : 1730336720779,
          "duration" : 8070
        }
      }, {
        "uid" : "5b901f8daca2dd72",
        "reportUrl" : "https://lambotik.github.io/Oblache/206//#testresult/5b901f8daca2dd72",
        "status" : "broken",
        "statusDetails" : "selenium.common.exceptions.TimeoutException: Message: Can't find element by locator ('xpath', '//div[@id=\"msg_from_server\"]')",
        "time" : {
          "start" : 1730250247868,
          "stop" : 1730250255667,
          "duration" : 7799
        }
      }, {
        "uid" : "c0200552398342cb",
        "reportUrl" : "https://lambotik.github.io/Oblache/205//#testresult/c0200552398342cb",
        "status" : "broken",
        "statusDetails" : "selenium.common.exceptions.TimeoutException: Message: Can't find element by locator ('xpath', '//div[@id=\"msg_from_server\"]')",
        "time" : {
          "start" : 1730163915172,
          "stop" : 1730163923058,
          "duration" : 7886
        }
      }, {
        "uid" : "7f53059987698b67",
        "reportUrl" : "https://lambotik.github.io/Oblache/204//#testresult/7f53059987698b67",
        "status" : "broken",
        "statusDetails" : "selenium.common.exceptions.TimeoutException: Message: Can't find element by locator ('xpath', '//div[@id=\"msg_from_server\"]')",
        "time" : {
          "start" : 1730077659718,
          "stop" : 1730077667698,
          "duration" : 7980
        }
      }, {
        "uid" : "2c256c75742fff5",
        "reportUrl" : "https://lambotik.github.io/Oblache/203//#testresult/2c256c75742fff5",
        "status" : "broken",
        "statusDetails" : "selenium.common.exceptions.TimeoutException: Message: Can't find element by locator ('xpath', '//div[@id=\"msg_from_server\"]')",
        "time" : {
          "start" : 1729991388044,
          "stop" : 1729991396197,
          "duration" : 8153
        }
      }, {
        "uid" : "2df06f20c86c7cb1",
        "reportUrl" : "https://lambotik.github.io/Oblache/202//#testresult/2df06f20c86c7cb1",
        "status" : "broken",
        "statusDetails" : "selenium.common.exceptions.TimeoutException: Message: Can't find element by locator ('xpath', '//div[@id=\"msg_from_server\"]')",
        "time" : {
          "start" : 1729904524576,
          "stop" : 1729904532387,
          "duration" : 7811
        }
      }, {
        "uid" : "d7473e0ff4d4682f",
        "reportUrl" : "https://lambotik.github.io/Oblache/8//#testresult/d7473e0ff4d4682f",
        "status" : "passed",
        "time" : {
          "start" : 1729859543045,
          "stop" : 1729859547578,
          "duration" : 4533
        }
      }, {
        "uid" : "80fe2014432f2dd4",
        "reportUrl" : "https://lambotik.github.io/Oblache/201//#testresult/80fe2014432f2dd4",
        "status" : "broken",
        "statusDetails" : "ValueError: invalid literal for int() with base 10: 'nodata'",
        "time" : {
          "start" : 1729818334977,
          "stop" : 1729818342083,
          "duration" : 7106
        }
      }, {
        "uid" : "d0a13e5548de9168",
        "reportUrl" : "https://lambotik.github.io/Oblache/200//#testresult/d0a13e5548de9168",
        "status" : "broken",
        "statusDetails" : "selenium.common.exceptions.TimeoutException: Message: Can't find element by locator ('xpath', '//div[@id=\"msg_from_server\"]')",
        "time" : {
          "start" : 1729731787503,
          "stop" : 1729731795327,
          "duration" : 7824
        }
      }, {
        "uid" : "c779e8e5da0ab8c2",
        "reportUrl" : "https://lambotik.github.io/Oblache/199//#testresult/c779e8e5da0ab8c2",
        "status" : "broken",
        "statusDetails" : "selenium.common.exceptions.TimeoutException: Message: Can't find element by locator ('xpath', '//div[@id=\"msg_from_server\"]')",
        "time" : {
          "start" : 1729645364457,
          "stop" : 1729645372237,
          "duration" : 7780
        }
      }, {
        "uid" : "324d1a9269bc6f4",
        "reportUrl" : "https://lambotik.github.io/Oblache/198//#testresult/324d1a9269bc6f4",
        "status" : "broken",
        "statusDetails" : "selenium.common.exceptions.TimeoutException: Message: Can't find element by locator ('xpath', '//div[@id=\"msg_from_server\"]')",
        "time" : {
          "start" : 1729559120444,
          "stop" : 1729559129412,
          "duration" : 8968
        }
      }, {
        "uid" : "ff8121a731b66d5a",
        "reportUrl" : "https://lambotik.github.io/Oblache/197//#testresult/ff8121a731b66d5a",
        "status" : "broken",
        "statusDetails" : "selenium.common.exceptions.TimeoutException: Message: Can't find element by locator ('xpath', '//div[@id=\"msg_from_server\"]')",
        "time" : {
          "start" : 1729472709778,
          "stop" : 1729472717625,
          "duration" : 7847
        }
      } ]
    },
    "tags" : [ ]
  },
  "source" : "caed1bbc67792549.json",
  "parameterValues" : [ ]
}