{
  "uid" : "df919b6955a21d1",
  "name" : "test_open_static_site_page",
  "fullName" : "tests_ui.test_ui.TestProfilePage#test_open_statistic_page",
  "historyId" : "d5ae1e2d5dedc1997262906d6ec2db80",
  "time" : {
    "start" : 1730163902516,
    "stop" : 1730163907907,
    "duration" : 5391
  },
  "status" : "broken",
  "statusMessage" : "selenium.common.exceptions.TimeoutException: Message: Can't find element by locator ('xpath', '//button[@id=\"menu_button_webpages\"]')\nStacktrace:\n#0 0x5591ae8c60aa <unknown>\n#1 0x5591ae3dd1a0 <unknown>\n#2 0x5591ae429d06 <unknown>\n#3 0x5591ae429fa1 <unknown>\n#4 0x5591ae46f344 <unknown>\n#5 0x5591ae44ddad <unknown>\n#6 0x5591ae46c866 <unknown>\n#7 0x5591ae44db23 <unknown>\n#8 0x5591ae41c990 <unknown>\n#9 0x5591ae41d96e <unknown>\n#10 0x5591ae89216b <unknown>\n#11 0x5591ae895f68 <unknown>\n#12 0x5591ae87f64c <unknown>\n#13 0x5591ae896ae7 <unknown>\n#14 0x5591ae8644af <unknown>\n#15 0x5591ae8b44f8 <unknown>\n#16 0x5591ae8b46c0 <unknown>\n#17 0x5591ae8c4f26 <unknown>\n#18 0x7fe165694ac3 <unknown>",
  "statusTrace" : "self = <tests_ui.test_ui.TestProfilePage object at 0x7f212e137c80>\ndriver = <selenium.webdriver.chrome.webdriver.WebDriver (session=\"beb30df4c506c4bb74f67067c4a30e59\")>\nauthorization_user = None\n\n    @allure.title('test_open_static_site_page')\n    def test_open_statistic_page(self, driver, authorization_user):\n        page = ProfilePage(driver)\n>       page.click_static_site_button()\n\ntests_ui/test_ui.py:69: \n_ _ _ _ _ _ _ _ _ _ _ _ _ _ _ _ _ _ _ _ _ _ _ _ _ _ _ _ _ _ _ _ _ _ _ _ _ _ _ _ \ntests_ui/profile_page.py:40: in click_static_site_button\n    return self.element_is_present_and_clickable(self.locators.STATIC_BUTTON).click()\ntests_ui/base_page.py:28: in element_is_present_and_clickable\n    return (Wait(self.driver, self.timeout).until(\n_ _ _ _ _ _ _ _ _ _ _ _ _ _ _ _ _ _ _ _ _ _ _ _ _ _ _ _ _ _ _ _ _ _ _ _ _ _ _ _ \n\nself = <selenium.webdriver.support.wait.WebDriverWait (session=\"beb30df4c506c4bb74f67067c4a30e59\")>\nmethod = <function visibility_of_element_located.<locals>._predicate at 0x7f212de46e80>\nmessage = 'Can\\'t find element by locator (\\'xpath\\', \\'//button[@id=\"menu_button_webpages\"]\\')'\n\n    def until(self, method: Callable[[D], Union[Literal[False], T]], message: str = \"\") -> T:\n        \"\"\"Calls the method provided with the driver as an argument until the \\\n        return value does not evaluate to ``False``.\n    \n        :param method: callable(WebDriver)\n        :param message: optional message for :exc:`TimeoutException`\n        :returns: the result of the last call to `method`\n        :raises: :exc:`selenium.common.exceptions.TimeoutException` if timeout occurs\n        \"\"\"\n        screen = None\n        stacktrace = None\n    \n        end_time = time.monotonic() + self._timeout\n        while True:\n            try:\n                value = method(self._driver)\n                if value:\n                    return value\n            except self._ignored_exceptions as exc:\n                screen = getattr(exc, \"screen\", None)\n                stacktrace = getattr(exc, \"stacktrace\", None)\n            time.sleep(self._poll)\n            if time.monotonic() > end_time:\n                break\n>       raise TimeoutException(message, screen, stacktrace)\nE       selenium.common.exceptions.TimeoutException: Message: Can't find element by locator ('xpath', '//button[@id=\"menu_button_webpages\"]')\nE       Stacktrace:\nE       #0 0x5591ae8c60aa <unknown>\nE       #1 0x5591ae3dd1a0 <unknown>\nE       #2 0x5591ae429d06 <unknown>\nE       #3 0x5591ae429fa1 <unknown>\nE       #4 0x5591ae46f344 <unknown>\nE       #5 0x5591ae44ddad <unknown>\nE       #6 0x5591ae46c866 <unknown>\nE       #7 0x5591ae44db23 <unknown>\nE       #8 0x5591ae41c990 <unknown>\nE       #9 0x5591ae41d96e <unknown>\nE       #10 0x5591ae89216b <unknown>\nE       #11 0x5591ae895f68 <unknown>\nE       #12 0x5591ae87f64c <unknown>\nE       #13 0x5591ae896ae7 <unknown>\nE       #14 0x5591ae8644af <unknown>\nE       #15 0x5591ae8b44f8 <unknown>\nE       #16 0x5591ae8b46c0 <unknown>\nE       #17 0x5591ae8c4f26 <unknown>\nE       #18 0x7fe165694ac3 <unknown>\n\n/opt/hostedtoolcache/Python/3.12.7/x64/lib/python3.12/site-packages/selenium/webdriver/support/wait.py:105: TimeoutException",
  "flaky" : false,
  "newFailed" : false,
  "beforeStages" : [ {
    "name" : "driver",
    "time" : {
      "start" : 1730163901713,
      "stop" : 1730163902024,
      "duration" : 311
    },
    "status" : "passed",
    "steps" : [ ],
    "attachments" : [ ],
    "parameters" : [ ],
    "stepsCount" : 0,
    "attachmentsCount" : 0,
    "shouldDisplayMessage" : false,
    "hasContent" : false
  }, {
    "name" : "authorization_user",
    "time" : {
      "start" : 1730163902024,
      "stop" : 1730163902516,
      "duration" : 492
    },
    "status" : "passed",
    "steps" : [ {
      "name" : "Open page: https://oblache.areso.pro/register.html",
      "time" : {
        "start" : 1730163902024,
        "stop" : 1730163902323,
        "duration" : 299
      },
      "status" : "passed",
      "steps" : [ ],
      "attachments" : [ ],
      "parameters" : [ ],
      "stepsCount" : 0,
      "attachmentsCount" : 0,
      "shouldDisplayMessage" : false,
      "hasContent" : false
    }, {
      "name" : "Login user",
      "time" : {
        "start" : 1730163902323,
        "stop" : 1730163902516,
        "duration" : 193
      },
      "status" : "passed",
      "steps" : [ {
        "name" : "Enter email.",
        "time" : {
          "start" : 1730163902323,
          "stop" : 1730163902387,
          "duration" : 64
        },
        "status" : "passed",
        "steps" : [ ],
        "attachments" : [ ],
        "parameters" : [ ],
        "stepsCount" : 0,
        "attachmentsCount" : 0,
        "shouldDisplayMessage" : false,
        "hasContent" : false
      }, {
        "name" : "Enter password.",
        "time" : {
          "start" : 1730163902387,
          "stop" : 1730163902434,
          "duration" : 47
        },
        "status" : "passed",
        "steps" : [ ],
        "attachments" : [ ],
        "parameters" : [ ],
        "stepsCount" : 0,
        "attachmentsCount" : 0,
        "shouldDisplayMessage" : false,
        "hasContent" : false
      }, {
        "name" : "Click button \"Login\"",
        "time" : {
          "start" : 1730163902434,
          "stop" : 1730163902513,
          "duration" : 79
        },
        "status" : "passed",
        "steps" : [ ],
        "attachments" : [ ],
        "parameters" : [ ],
        "stepsCount" : 0,
        "attachmentsCount" : 0,
        "shouldDisplayMessage" : false,
        "hasContent" : false
      }, {
        "name" : "Check url is present: https://oblache.areso.pro/register.html",
        "time" : {
          "start" : 1730163902513,
          "stop" : 1730163902516,
          "duration" : 3
        },
        "status" : "passed",
        "steps" : [ ],
        "attachments" : [ ],
        "parameters" : [ ],
        "stepsCount" : 0,
        "attachmentsCount" : 0,
        "shouldDisplayMessage" : false,
        "hasContent" : false
      } ],
      "attachments" : [ ],
      "parameters" : [ ],
      "stepsCount" : 4,
      "attachmentsCount" : 0,
      "shouldDisplayMessage" : false,
      "hasContent" : true
    } ],
    "attachments" : [ ],
    "parameters" : [ ],
    "stepsCount" : 6,
    "attachmentsCount" : 0,
    "shouldDisplayMessage" : false,
    "hasContent" : true
  } ],
  "testStage" : {
    "status" : "broken",
    "statusMessage" : "selenium.common.exceptions.TimeoutException: Message: Can't find element by locator ('xpath', '//button[@id=\"menu_button_webpages\"]')\nStacktrace:\n#0 0x5591ae8c60aa <unknown>\n#1 0x5591ae3dd1a0 <unknown>\n#2 0x5591ae429d06 <unknown>\n#3 0x5591ae429fa1 <unknown>\n#4 0x5591ae46f344 <unknown>\n#5 0x5591ae44ddad <unknown>\n#6 0x5591ae46c866 <unknown>\n#7 0x5591ae44db23 <unknown>\n#8 0x5591ae41c990 <unknown>\n#9 0x5591ae41d96e <unknown>\n#10 0x5591ae89216b <unknown>\n#11 0x5591ae895f68 <unknown>\n#12 0x5591ae87f64c <unknown>\n#13 0x5591ae896ae7 <unknown>\n#14 0x5591ae8644af <unknown>\n#15 0x5591ae8b44f8 <unknown>\n#16 0x5591ae8b46c0 <unknown>\n#17 0x5591ae8c4f26 <unknown>\n#18 0x7fe165694ac3 <unknown>",
    "statusTrace" : "self = <tests_ui.test_ui.TestProfilePage object at 0x7f212e137c80>\ndriver = <selenium.webdriver.chrome.webdriver.WebDriver (session=\"beb30df4c506c4bb74f67067c4a30e59\")>\nauthorization_user = None\n\n    @allure.title('test_open_static_site_page')\n    def test_open_statistic_page(self, driver, authorization_user):\n        page = ProfilePage(driver)\n>       page.click_static_site_button()\n\ntests_ui/test_ui.py:69: \n_ _ _ _ _ _ _ _ _ _ _ _ _ _ _ _ _ _ _ _ _ _ _ _ _ _ _ _ _ _ _ _ _ _ _ _ _ _ _ _ \ntests_ui/profile_page.py:40: in click_static_site_button\n    return self.element_is_present_and_clickable(self.locators.STATIC_BUTTON).click()\ntests_ui/base_page.py:28: in element_is_present_and_clickable\n    return (Wait(self.driver, self.timeout).until(\n_ _ _ _ _ _ _ _ _ _ _ _ _ _ _ _ _ _ _ _ _ _ _ _ _ _ _ _ _ _ _ _ _ _ _ _ _ _ _ _ \n\nself = <selenium.webdriver.support.wait.WebDriverWait (session=\"beb30df4c506c4bb74f67067c4a30e59\")>\nmethod = <function visibility_of_element_located.<locals>._predicate at 0x7f212de46e80>\nmessage = 'Can\\'t find element by locator (\\'xpath\\', \\'//button[@id=\"menu_button_webpages\"]\\')'\n\n    def until(self, method: Callable[[D], Union[Literal[False], T]], message: str = \"\") -> T:\n        \"\"\"Calls the method provided with the driver as an argument until the \\\n        return value does not evaluate to ``False``.\n    \n        :param method: callable(WebDriver)\n        :param message: optional message for :exc:`TimeoutException`\n        :returns: the result of the last call to `method`\n        :raises: :exc:`selenium.common.exceptions.TimeoutException` if timeout occurs\n        \"\"\"\n        screen = None\n        stacktrace = None\n    \n        end_time = time.monotonic() + self._timeout\n        while True:\n            try:\n                value = method(self._driver)\n                if value:\n                    return value\n            except self._ignored_exceptions as exc:\n                screen = getattr(exc, \"screen\", None)\n                stacktrace = getattr(exc, \"stacktrace\", None)\n            time.sleep(self._poll)\n            if time.monotonic() > end_time:\n                break\n>       raise TimeoutException(message, screen, stacktrace)\nE       selenium.common.exceptions.TimeoutException: Message: Can't find element by locator ('xpath', '//button[@id=\"menu_button_webpages\"]')\nE       Stacktrace:\nE       #0 0x5591ae8c60aa <unknown>\nE       #1 0x5591ae3dd1a0 <unknown>\nE       #2 0x5591ae429d06 <unknown>\nE       #3 0x5591ae429fa1 <unknown>\nE       #4 0x5591ae46f344 <unknown>\nE       #5 0x5591ae44ddad <unknown>\nE       #6 0x5591ae46c866 <unknown>\nE       #7 0x5591ae44db23 <unknown>\nE       #8 0x5591ae41c990 <unknown>\nE       #9 0x5591ae41d96e <unknown>\nE       #10 0x5591ae89216b <unknown>\nE       #11 0x5591ae895f68 <unknown>\nE       #12 0x5591ae87f64c <unknown>\nE       #13 0x5591ae896ae7 <unknown>\nE       #14 0x5591ae8644af <unknown>\nE       #15 0x5591ae8b44f8 <unknown>\nE       #16 0x5591ae8b46c0 <unknown>\nE       #17 0x5591ae8c4f26 <unknown>\nE       #18 0x7fe165694ac3 <unknown>\n\n/opt/hostedtoolcache/Python/3.12.7/x64/lib/python3.12/site-packages/selenium/webdriver/support/wait.py:105: TimeoutException",
    "steps" : [ {
      "name" : "Click \"Static site\" button.",
      "time" : {
        "start" : 1730163902516,
        "stop" : 1730163907906,
        "duration" : 5390
      },
      "status" : "broken",
      "statusMessage" : "selenium.common.exceptions.TimeoutException: Message: Can't find element by locator ('xpath', '//button[@id=\"menu_button_webpages\"]')\nStacktrace:\n#0 0x5591ae8c60aa <unknown>\n#1 0x5591ae3dd1a0 <unknown>\n#2 0x5591ae429d06 <unknown>\n#3 0x5591ae429fa1 <unknown>\n#4 0x5591ae46f344 <unknown>\n#5 0x5591ae44ddad <unknown>\n#6 0x5591ae46c866 <unknown>\n#7 0x5591ae44db23 <unknown>\n#8 0x5591ae41c990 <unknown>\n#9 0x5591ae41d96e <unknown>\n#10 0x5591ae89216b <unknown>\n#11 0x5591ae895f68 <unknown>\n#12 0x5591ae87f64c <unknown>\n#13 0x5591ae896ae7 <unknown>\n#14 0x5591ae8644af <unknown>\n#15 0x5591ae8b44f8 <unknown>\n#16 0x5591ae8b46c0 <unknown>\n#17 0x5591ae8c4f26 <unknown>\n#18 0x7fe165694ac3 <unknown>\n\n",
      "statusTrace" : "  File \"/home/runner/work/Oblache/Oblache/tests_ui/profile_page.py\", line 40, in click_static_site_button\n    return self.element_is_present_and_clickable(self.locators.STATIC_BUTTON).click()\n           ^^^^^^^^^^^^^^^^^^^^^^^^^^^^^^^^^^^^^^^^^^^^^^^^^^^^^^^^^^^^^^^^^^\n  File \"/home/runner/work/Oblache/Oblache/tests_ui/base_page.py\", line 28, in element_is_present_and_clickable\n    return (Wait(self.driver, self.timeout).until(\n            ^^^^^^^^^^^^^^^^^^^^^^^^^^^^^^^^^^^^^^\n  File \"/opt/hostedtoolcache/Python/3.12.7/x64/lib/python3.12/site-packages/selenium/webdriver/support/wait.py\", line 105, in until\n    raise TimeoutException(message, screen, stacktrace)\n",
      "steps" : [ ],
      "attachments" : [ ],
      "parameters" : [ ],
      "stepsCount" : 0,
      "attachmentsCount" : 0,
      "shouldDisplayMessage" : true,
      "hasContent" : true
    } ],
    "attachments" : [ {
      "uid" : "71c41890c1ddf08d",
      "name" : "Screenshot 2024-10-29 01:05:08.019477",
      "source" : "71c41890c1ddf08d.png",
      "type" : "image/png",
      "size" : 45642
    } ],
    "parameters" : [ ],
    "stepsCount" : 1,
    "attachmentsCount" : 1,
    "shouldDisplayMessage" : true,
    "hasContent" : true
  },
  "afterStages" : [ {
    "name" : "driver::0",
    "time" : {
      "start" : 1730163908021,
      "stop" : 1730163908085,
      "duration" : 64
    },
    "status" : "passed",
    "steps" : [ ],
    "attachments" : [ ],
    "parameters" : [ ],
    "stepsCount" : 0,
    "attachmentsCount" : 0,
    "shouldDisplayMessage" : false,
    "hasContent" : false
  } ],
  "labels" : [ {
    "name" : "suite",
    "value" : "Test Profile Page."
  }, {
    "name" : "parentSuite",
    "value" : "tests_ui"
  }, {
    "name" : "subSuite",
    "value" : "TestProfilePage"
  }, {
    "name" : "host",
    "value" : "fv-az887-539"
  }, {
    "name" : "thread",
    "value" : "2330-MainThread"
  }, {
    "name" : "framework",
    "value" : "pytest"
  }, {
    "name" : "language",
    "value" : "cpython3"
  }, {
    "name" : "package",
    "value" : "tests_ui.test_ui"
  }, {
    "name" : "resultFormat",
    "value" : "allure2"
  } ],
  "parameters" : [ ],
  "links" : [ ],
  "hidden" : false,
  "retry" : false,
  "extra" : {
    "severity" : "normal",
    "retries" : [ ],
    "categories" : [ {
      "name" : "Test defects",
      "matchedStatuses" : [ ],
      "flaky" : false
    } ],
    "history" : {
      "statistic" : {
        "failed" : 0,
        "broken" : 41,
        "skipped" : 0,
        "passed" : 0,
        "unknown" : 0,
        "total" : 41
      },
      "items" : [ {
        "uid" : "bb4d2094fae54897",
        "reportUrl" : "https://lambotik.github.io/Oblache/204//#testresult/bb4d2094fae54897",
        "status" : "broken",
        "statusDetails" : "selenium.common.exceptions.TimeoutException: Message: Can't find element by locator ('xpath', '//button[@id=\"menu_button_webpages\"]')\nStacktrace:\n#0 0x55cbfc7830aa <unknown>\n#1 0x55cbfc29a1a0 <unknown>\n#2 0x55cbfc2e6d06 <unknown>\n#3 0x55cbfc2e6fa1 <unknown>\n#4 0x55cbfc32c344 <unknown>\n#5 0x55cbfc30adad <unknown>\n#6 0x55cbfc329866 <unknown>\n#7 0x55cbfc30ab23 <unknown>\n#8 0x55cbfc2d9990 <unknown>\n#9 0x55cbfc2da96e <unknown>\n#10 0x55cbfc74f16b <unknown>\n#11 0x55cbfc752f68 <unknown>\n#12 0x55cbfc73c64c <unknown>\n#13 0x55cbfc753ae7 <unknown>\n#14 0x55cbfc7214af <unknown>\n#15 0x55cbfc7714f8 <unknown>\n#16 0x55cbfc7716c0 <unknown>\n#17 0x55cbfc781f26 <unknown>\n#18 0x7fe009a94ac3 <unknown>",
        "time" : {
          "start" : 1730077646954,
          "stop" : 1730077652421,
          "duration" : 5467
        }
      }, {
        "uid" : "de649e2231aa07ee",
        "reportUrl" : "https://lambotik.github.io/Oblache/203//#testresult/de649e2231aa07ee",
        "status" : "broken",
        "statusDetails" : "selenium.common.exceptions.TimeoutException: Message: Can't find element by locator ('xpath', '//button[@id=\"menu_button_webpages\"]')\nStacktrace:\n#0 0x557ee40770aa <unknown>\n#1 0x557ee3b8e1a0 <unknown>\n#2 0x557ee3bdad06 <unknown>\n#3 0x557ee3bdafa1 <unknown>\n#4 0x557ee3c20344 <unknown>\n#5 0x557ee3bfedad <unknown>\n#6 0x557ee3c1d866 <unknown>\n#7 0x557ee3bfeb23 <unknown>\n#8 0x557ee3bcd990 <unknown>\n#9 0x557ee3bce96e <unknown>\n#10 0x557ee404316b <unknown>\n#11 0x557ee4046f68 <unknown>\n#12 0x557ee403064c <unknown>\n#13 0x557ee4047ae7 <unknown>\n#14 0x557ee40154af <unknown>\n#15 0x557ee40654f8 <unknown>\n#16 0x557ee40656c0 <unknown>\n#17 0x557ee4075f26 <unknown>\n#18 0x7f5365894ac3 <unknown>",
        "time" : {
          "start" : 1729991375975,
          "stop" : 1729991381023,
          "duration" : 5048
        }
      }, {
        "uid" : "ce135e524129adb5",
        "reportUrl" : "https://lambotik.github.io/Oblache/202//#testresult/ce135e524129adb5",
        "status" : "broken",
        "statusDetails" : "selenium.common.exceptions.TimeoutException: Message: Can't find element by locator ('xpath', '//button[@id=\"menu_button_webpages\"]')\nStacktrace:\n#0 0x564b6d13b0aa <unknown>\n#1 0x564b6cc521a0 <unknown>\n#2 0x564b6cc9ed06 <unknown>\n#3 0x564b6cc9efa1 <unknown>\n#4 0x564b6cce4344 <unknown>\n#5 0x564b6ccc2dad <unknown>\n#6 0x564b6cce1866 <unknown>\n#7 0x564b6ccc2b23 <unknown>\n#8 0x564b6cc91990 <unknown>\n#9 0x564b6cc9296e <unknown>\n#10 0x564b6d10716b <unknown>\n#11 0x564b6d10af68 <unknown>\n#12 0x564b6d0f464c <unknown>\n#13 0x564b6d10bae7 <unknown>\n#14 0x564b6d0d94af <unknown>\n#15 0x564b6d1294f8 <unknown>\n#16 0x564b6d1296c0 <unknown>\n#17 0x564b6d139f26 <unknown>\n#18 0x7f2207c94ac3 <unknown>",
        "time" : {
          "start" : 1729904511934,
          "stop" : 1729904517331,
          "duration" : 5397
        }
      }, {
        "uid" : "802b88a4ad26bdc3",
        "reportUrl" : "https://lambotik.github.io/Oblache/8//#testresult/802b88a4ad26bdc3",
        "status" : "broken",
        "statusDetails" : "selenium.common.exceptions.TimeoutException: Message: Can't find element by locator ('xpath', '//button[@id=\"menu_button_webpages\"]')\nStacktrace:\n#0 0x55833057e0aa <unknown>\n#1 0x5583300951a0 <unknown>\n#2 0x5583300e1d06 <unknown>\n#3 0x5583300e1fa1 <unknown>\n#4 0x558330127344 <unknown>\n#5 0x558330105dad <unknown>\n#6 0x558330124866 <unknown>\n#7 0x558330105b23 <unknown>\n#8 0x5583300d4990 <unknown>\n#9 0x5583300d596e <unknown>\n#10 0x55833054a16b <unknown>\n#11 0x55833054df68 <unknown>\n#12 0x55833053764c <unknown>\n#13 0x55833054eae7 <unknown>\n#14 0x55833051c4af <unknown>\n#15 0x55833056c4f8 <unknown>\n#16 0x55833056c6c0 <unknown>\n#17 0x55833057cf26 <unknown>\n#18 0x7f31cee94ac3 <unknown>",
        "time" : {
          "start" : 1729859530316,
          "stop" : 1729859535725,
          "duration" : 5409
        }
      }, {
        "uid" : "a39a99c9f40f2b66",
        "reportUrl" : "https://lambotik.github.io/Oblache/201//#testresult/a39a99c9f40f2b66",
        "status" : "broken",
        "statusDetails" : "selenium.common.exceptions.TimeoutException: Message: Can't find element by locator ('xpath', '//button[@id=\"menu_button_webpages\"]')\nStacktrace:\n#0 0x55a1e14080aa <unknown>\n#1 0x55a1e0f1f1a0 <unknown>\n#2 0x55a1e0f6bd06 <unknown>\n#3 0x55a1e0f6bfa1 <unknown>\n#4 0x55a1e0fb1344 <unknown>\n#5 0x55a1e0f8fdad <unknown>\n#6 0x55a1e0fae866 <unknown>\n#7 0x55a1e0f8fb23 <unknown>\n#8 0x55a1e0f5e990 <unknown>\n#9 0x55a1e0f5f96e <unknown>\n#10 0x55a1e13d416b <unknown>\n#11 0x55a1e13d7f68 <unknown>\n#12 0x55a1e13c164c <unknown>\n#13 0x55a1e13d8ae7 <unknown>\n#14 0x55a1e13a64af <unknown>\n#15 0x55a1e13f64f8 <unknown>\n#16 0x55a1e13f66c0 <unknown>\n#17 0x55a1e1406f26 <unknown>\n#18 0x7f24d5294ac3 <unknown>",
        "time" : {
          "start" : 1729818321898,
          "stop" : 1729818327272,
          "duration" : 5374
        }
      }, {
        "uid" : "11ac7db1e9c84ab9",
        "reportUrl" : "https://lambotik.github.io/Oblache/200//#testresult/11ac7db1e9c84ab9",
        "status" : "broken",
        "statusDetails" : "selenium.common.exceptions.TimeoutException: Message: Can't find element by locator ('xpath', '//button[@id=\"menu_button_webpages\"]')\nStacktrace:\n#0 0x55bc4dcac0aa <unknown>\n#1 0x55bc4d7c31a0 <unknown>\n#2 0x55bc4d80fd06 <unknown>\n#3 0x55bc4d80ffa1 <unknown>\n#4 0x55bc4d855344 <unknown>\n#5 0x55bc4d833dad <unknown>\n#6 0x55bc4d852866 <unknown>\n#7 0x55bc4d833b23 <unknown>\n#8 0x55bc4d802990 <unknown>\n#9 0x55bc4d80396e <unknown>\n#10 0x55bc4dc7816b <unknown>\n#11 0x55bc4dc7bf68 <unknown>\n#12 0x55bc4dc6564c <unknown>\n#13 0x55bc4dc7cae7 <unknown>\n#14 0x55bc4dc4a4af <unknown>\n#15 0x55bc4dc9a4f8 <unknown>\n#16 0x55bc4dc9a6c0 <unknown>\n#17 0x55bc4dcaaf26 <unknown>\n#18 0x7fa9b7894ac3 <unknown>",
        "time" : {
          "start" : 1729731774851,
          "stop" : 1729731780244,
          "duration" : 5393
        }
      }, {
        "uid" : "f6c5645cdc01180c",
        "reportUrl" : "https://lambotik.github.io/Oblache/199//#testresult/f6c5645cdc01180c",
        "status" : "broken",
        "statusDetails" : "selenium.common.exceptions.TimeoutException: Message: Can't find element by locator ('xpath', '//button[@id=\"menu_button_webpages\"]')\nStacktrace:\n#0 0x5647cdbb40aa <unknown>\n#1 0x5647cd6cb1a0 <unknown>\n#2 0x5647cd717d06 <unknown>\n#3 0x5647cd717fa1 <unknown>\n#4 0x5647cd75d344 <unknown>\n#5 0x5647cd73bdad <unknown>\n#6 0x5647cd75a866 <unknown>\n#7 0x5647cd73bb23 <unknown>\n#8 0x5647cd70a990 <unknown>\n#9 0x5647cd70b96e <unknown>\n#10 0x5647cdb8016b <unknown>\n#11 0x5647cdb83f68 <unknown>\n#12 0x5647cdb6d64c <unknown>\n#13 0x5647cdb84ae7 <unknown>\n#14 0x5647cdb524af <unknown>\n#15 0x5647cdba24f8 <unknown>\n#16 0x5647cdba26c0 <unknown>\n#17 0x5647cdbb2f26 <unknown>\n#18 0x7fe23be94ac3 <unknown>",
        "time" : {
          "start" : 1729645352527,
          "stop" : 1729645357539,
          "duration" : 5012
        }
      }, {
        "uid" : "64324bd995b67228",
        "reportUrl" : "https://lambotik.github.io/Oblache/198//#testresult/64324bd995b67228",
        "status" : "broken",
        "statusDetails" : "selenium.common.exceptions.TimeoutException: Message: Can't find element by locator ('xpath', '//button[@id=\"menu_button_webpages\"]')\nStacktrace:\n#0 0x55d81696d0aa <unknown>\n#1 0x55d8164841a0 <unknown>\n#2 0x55d8164d0d06 <unknown>\n#3 0x55d8164d0fa1 <unknown>\n#4 0x55d816516344 <unknown>\n#5 0x55d8164f4dad <unknown>\n#6 0x55d816513866 <unknown>\n#7 0x55d8164f4b23 <unknown>\n#8 0x55d8164c3990 <unknown>\n#9 0x55d8164c496e <unknown>\n#10 0x55d81693916b <unknown>\n#11 0x55d81693cf68 <unknown>\n#12 0x55d81692664c <unknown>\n#13 0x55d81693dae7 <unknown>\n#14 0x55d81690b4af <unknown>\n#15 0x55d81695b4f8 <unknown>\n#16 0x55d81695b6c0 <unknown>\n#17 0x55d81696bf26 <unknown>\n#18 0x7f1a6e294ac3 <unknown>",
        "time" : {
          "start" : 1729559107141,
          "stop" : 1729559112582,
          "duration" : 5441
        }
      }, {
        "uid" : "d8b2a4bda927132a",
        "reportUrl" : "https://lambotik.github.io/Oblache/197//#testresult/d8b2a4bda927132a",
        "status" : "broken",
        "statusDetails" : "selenium.common.exceptions.TimeoutException: Message: Can't find element by locator ('xpath', '//button[@id=\"menu_button_webpages\"]')\nStacktrace:\n#0 0x563dd36720aa <unknown>\n#1 0x563dd31891a0 <unknown>\n#2 0x563dd31d5d06 <unknown>\n#3 0x563dd31d5fa1 <unknown>\n#4 0x563dd321b344 <unknown>\n#5 0x563dd31f9dad <unknown>\n#6 0x563dd3218866 <unknown>\n#7 0x563dd31f9b23 <unknown>\n#8 0x563dd31c8990 <unknown>\n#9 0x563dd31c996e <unknown>\n#10 0x563dd363e16b <unknown>\n#11 0x563dd3641f68 <unknown>\n#12 0x563dd362b64c <unknown>\n#13 0x563dd3642ae7 <unknown>\n#14 0x563dd36104af <unknown>\n#15 0x563dd36604f8 <unknown>\n#16 0x563dd36606c0 <unknown>\n#17 0x563dd3670f26 <unknown>\n#18 0x7f2184e94ac3 <unknown>",
        "time" : {
          "start" : 1729472697691,
          "stop" : 1729472702759,
          "duration" : 5068
        }
      }, {
        "uid" : "df733ced7b81f81",
        "reportUrl" : "https://lambotik.github.io/Oblache/196//#testresult/df733ced7b81f81",
        "status" : "broken",
        "statusDetails" : "selenium.common.exceptions.TimeoutException: Message: Can't find element by locator ('xpath', '//button[@id=\"menu_button_webpages\"]')\nStacktrace:\n#0 0x55bc65cc20aa <unknown>\n#1 0x55bc657d91a0 <unknown>\n#2 0x55bc65825d06 <unknown>\n#3 0x55bc65825fa1 <unknown>\n#4 0x55bc6586b344 <unknown>\n#5 0x55bc65849dad <unknown>\n#6 0x55bc65868866 <unknown>\n#7 0x55bc65849b23 <unknown>\n#8 0x55bc65818990 <unknown>\n#9 0x55bc6581996e <unknown>\n#10 0x55bc65c8e16b <unknown>\n#11 0x55bc65c91f68 <unknown>\n#12 0x55bc65c7b64c <unknown>\n#13 0x55bc65c92ae7 <unknown>\n#14 0x55bc65c604af <unknown>\n#15 0x55bc65cb04f8 <unknown>\n#16 0x55bc65cb06c0 <unknown>\n#17 0x55bc65cc0f26 <unknown>\n#18 0x7fd479c94ac3 <unknown>",
        "time" : {
          "start" : 1729386531922,
          "stop" : 1729386537336,
          "duration" : 5414
        }
      }, {
        "uid" : "ff57b1a5c861c3d",
        "reportUrl" : "https://lambotik.github.io/Oblache/195//#testresult/ff57b1a5c861c3d",
        "status" : "broken",
        "statusDetails" : "selenium.common.exceptions.TimeoutException: Message: Can't find element by locator ('xpath', '//button[@id=\"menu_button_webpages\"]')\nStacktrace:\n#0 0x5597a896e0aa <unknown>\n#1 0x5597a84851a0 <unknown>\n#2 0x5597a84d1d06 <unknown>\n#3 0x5597a84d1fa1 <unknown>\n#4 0x5597a8517344 <unknown>\n#5 0x5597a84f5dad <unknown>\n#6 0x5597a8514866 <unknown>\n#7 0x5597a84f5b23 <unknown>\n#8 0x5597a84c4990 <unknown>\n#9 0x5597a84c596e <unknown>\n#10 0x5597a893a16b <unknown>\n#11 0x5597a893df68 <unknown>\n#12 0x5597a892764c <unknown>\n#13 0x5597a893eae7 <unknown>\n#14 0x5597a890c4af <unknown>\n#15 0x5597a895c4f8 <unknown>\n#16 0x5597a895c6c0 <unknown>\n#17 0x5597a896cf26 <unknown>\n#18 0x7f335ba94ac3 <unknown>",
        "time" : {
          "start" : 1729299794938,
          "stop" : 1729299800366,
          "duration" : 5428
        }
      }, {
        "uid" : "55f767e114716a5d",
        "reportUrl" : "https://lambotik.github.io/Oblache/194//#testresult/55f767e114716a5d",
        "status" : "broken",
        "statusDetails" : "selenium.common.exceptions.TimeoutException: Message: Can't find element by locator ('xpath', '//button[@id=\"menu_button_webpages\"]')\nStacktrace:\n#0 0x558c972d102a <unknown>\n#1 0x558c96fb75e0 <unknown>\n#2 0x558c97006be8 <unknown>\n#3 0x558c97006e81 <unknown>\n#4 0x558c9704d8c4 <unknown>\n#5 0x558c9702bb4d <unknown>\n#6 0x558c9704ad7d <unknown>\n#7 0x558c9702b8c3 <unknown>\n#8 0x558c96ff96b3 <unknown>\n#9 0x558c96ffa68e <unknown>\n#10 0x558c9729ba2b <unknown>\n#11 0x558c9729f9b1 <unknown>\n#12 0x558c97288225 <unknown>\n#13 0x558c972a0532 <unknown>\n#14 0x558c9726d38f <unknown>\n#15 0x558c972bff28 <unknown>\n#16 0x558c972c00f3 <unknown>\n#17 0x558c972cfe7c <unknown>\n#18 0x7fabe4894ac3 <unknown>",
        "time" : {
          "start" : 1729213389226,
          "stop" : 1729213394611,
          "duration" : 5385
        }
      }, {
        "uid" : "996122f7717a7826",
        "reportUrl" : "https://lambotik.github.io/Oblache/193//#testresult/996122f7717a7826",
        "status" : "broken",
        "statusDetails" : "selenium.common.exceptions.TimeoutException: Message: Can't find element by locator ('xpath', '//button[@id=\"menu_button_webpages\"]')\nStacktrace:\n#0 0x55ef7c0b502a <unknown>\n#1 0x55ef7bd9b5e0 <unknown>\n#2 0x55ef7bdeabe8 <unknown>\n#3 0x55ef7bdeae81 <unknown>\n#4 0x55ef7be318c4 <unknown>\n#5 0x55ef7be0fb4d <unknown>\n#6 0x55ef7be2ed7d <unknown>\n#7 0x55ef7be0f8c3 <unknown>\n#8 0x55ef7bddd6b3 <unknown>\n#9 0x55ef7bdde68e <unknown>\n#10 0x55ef7c07fa2b <unknown>\n#11 0x55ef7c0839b1 <unknown>\n#12 0x55ef7c06c225 <unknown>\n#13 0x55ef7c084532 <unknown>\n#14 0x55ef7c05138f <unknown>\n#15 0x55ef7c0a3f28 <unknown>\n#16 0x55ef7c0a40f3 <unknown>\n#17 0x55ef7c0b3e7c <unknown>\n#18 0x7f4740894ac3 <unknown>",
        "time" : {
          "start" : 1729127067313,
          "stop" : 1729127072800,
          "duration" : 5487
        }
      }, {
        "uid" : "a915375b10c761d3",
        "reportUrl" : "https://lambotik.github.io/Oblache/192//#testresult/a915375b10c761d3",
        "status" : "broken",
        "statusDetails" : "selenium.common.exceptions.TimeoutException: Message: Can't find element by locator ('xpath', '//button[@id=\"menu_button_webpages\"]')\nStacktrace:\n#0 0x5624c386802a <unknown>\n#1 0x5624c354e5e0 <unknown>\n#2 0x5624c359dbe8 <unknown>\n#3 0x5624c359de81 <unknown>\n#4 0x5624c35e48c4 <unknown>\n#5 0x5624c35c2b4d <unknown>\n#6 0x5624c35e1d7d <unknown>\n#7 0x5624c35c28c3 <unknown>\n#8 0x5624c35906b3 <unknown>\n#9 0x5624c359168e <unknown>\n#10 0x5624c3832a2b <unknown>\n#11 0x5624c38369b1 <unknown>\n#12 0x5624c381f225 <unknown>\n#13 0x5624c3837532 <unknown>\n#14 0x5624c380438f <unknown>\n#15 0x5624c3856f28 <unknown>\n#16 0x5624c38570f3 <unknown>\n#17 0x5624c3866e7c <unknown>\n#18 0x7ffa5229ca94 <unknown>\n#19 0x7ffa52329c3c <unknown>",
        "time" : {
          "start" : 1729040594057,
          "stop" : 1729040599467,
          "duration" : 5410
        }
      }, {
        "uid" : "c25aee4c7ef04efa",
        "reportUrl" : "https://lambotik.github.io/Oblache/191//#testresult/c25aee4c7ef04efa",
        "status" : "broken",
        "statusDetails" : "selenium.common.exceptions.TimeoutException: Message: Can't find element by locator ('xpath', '//button[@id=\"menu_button_webpages\"]')\nStacktrace:\n#0 0x55ce769ea02a <unknown>\n#1 0x55ce766d05e0 <unknown>\n#2 0x55ce7671fbe8 <unknown>\n#3 0x55ce7671fe81 <unknown>\n#4 0x55ce767668c4 <unknown>\n#5 0x55ce76744b4d <unknown>\n#6 0x55ce76763d7d <unknown>\n#7 0x55ce767448c3 <unknown>\n#8 0x55ce767126b3 <unknown>\n#9 0x55ce7671368e <unknown>\n#10 0x55ce769b4a2b <unknown>\n#11 0x55ce769b89b1 <unknown>\n#12 0x55ce769a1225 <unknown>\n#13 0x55ce769b9532 <unknown>\n#14 0x55ce7698638f <unknown>\n#15 0x55ce769d8f28 <unknown>\n#16 0x55ce769d90f3 <unknown>\n#17 0x55ce769e8e7c <unknown>\n#18 0x7f0242c9ca94 <unknown>\n#19 0x7f0242d29c3c <unknown>",
        "time" : {
          "start" : 1728954240109,
          "stop" : 1728954245540,
          "duration" : 5431
        }
      }, {
        "uid" : "7d8b5da7c4153e",
        "reportUrl" : "https://lambotik.github.io/Oblache/190//#testresult/7d8b5da7c4153e",
        "status" : "broken",
        "statusDetails" : "selenium.common.exceptions.TimeoutException: Message: Can't find element by locator ('xpath', '//button[@id=\"menu_button_webpages\"]')\nStacktrace:\n#0 0x559ccc1db02a <unknown>\n#1 0x559ccbec15e0 <unknown>\n#2 0x559ccbf10be8 <unknown>\n#3 0x559ccbf10e81 <unknown>\n#4 0x559ccbf578c4 <unknown>\n#5 0x559ccbf35b4d <unknown>\n#6 0x559ccbf54d7d <unknown>\n#7 0x559ccbf358c3 <unknown>\n#8 0x559ccbf036b3 <unknown>\n#9 0x559ccbf0468e <unknown>\n#10 0x559ccc1a5a2b <unknown>\n#11 0x559ccc1a99b1 <unknown>\n#12 0x559ccc192225 <unknown>\n#13 0x559ccc1aa532 <unknown>\n#14 0x559ccc17738f <unknown>\n#15 0x559ccc1c9f28 <unknown>\n#16 0x559ccc1ca0f3 <unknown>\n#17 0x559ccc1d9e7c <unknown>\n#18 0x7f145409ca94 <unknown>\n#19 0x7f1454129c3c <unknown>",
        "time" : {
          "start" : 1728867899298,
          "stop" : 1728867904335,
          "duration" : 5037
        }
      }, {
        "uid" : "6a355fcbf836c66a",
        "reportUrl" : "https://lambotik.github.io/Oblache/189//#testresult/6a355fcbf836c66a",
        "status" : "broken",
        "statusDetails" : "selenium.common.exceptions.TimeoutException: Message: Can't find element by locator ('xpath', '//button[@id=\"menu_button_webpages\"]')\nStacktrace:\n#0 0x5645fd45802a <unknown>\n#1 0x5645fd13e5e0 <unknown>\n#2 0x5645fd18dbe8 <unknown>\n#3 0x5645fd18de81 <unknown>\n#4 0x5645fd1d48c4 <unknown>\n#5 0x5645fd1b2b4d <unknown>\n#6 0x5645fd1d1d7d <unknown>\n#7 0x5645fd1b28c3 <unknown>\n#8 0x5645fd1806b3 <unknown>\n#9 0x5645fd18168e <unknown>\n#10 0x5645fd422a2b <unknown>\n#11 0x5645fd4269b1 <unknown>\n#12 0x5645fd40f225 <unknown>\n#13 0x5645fd427532 <unknown>\n#14 0x5645fd3f438f <unknown>\n#15 0x5645fd446f28 <unknown>\n#16 0x5645fd4470f3 <unknown>\n#17 0x5645fd456e7c <unknown>\n#18 0x7fc835a94ac3 <unknown>",
        "time" : {
          "start" : 1728781681545,
          "stop" : 1728781687056,
          "duration" : 5511
        }
      }, {
        "uid" : "41f23f3ff069f9ef",
        "reportUrl" : "https://lambotik.github.io/Oblache/188//#testresult/41f23f3ff069f9ef",
        "status" : "broken",
        "statusDetails" : "selenium.common.exceptions.TimeoutException: Message: Can't find element by locator ('xpath', '//button[@id=\"menu_button_webpages\"]')\nStacktrace:\n#0 0x562ea09f402a <unknown>\n#1 0x562ea06da5e0 <unknown>\n#2 0x562ea0729be8 <unknown>\n#3 0x562ea0729e81 <unknown>\n#4 0x562ea07708c4 <unknown>\n#5 0x562ea074eb4d <unknown>\n#6 0x562ea076dd7d <unknown>\n#7 0x562ea074e8c3 <unknown>\n#8 0x562ea071c6b3 <unknown>\n#9 0x562ea071d68e <unknown>\n#10 0x562ea09bea2b <unknown>\n#11 0x562ea09c29b1 <unknown>\n#12 0x562ea09ab225 <unknown>\n#13 0x562ea09c3532 <unknown>\n#14 0x562ea099038f <unknown>\n#15 0x562ea09e2f28 <unknown>\n#16 0x562ea09e30f3 <unknown>\n#17 0x562ea09f2e7c <unknown>\n#18 0x7fd2d4694ac3 <unknown>",
        "time" : {
          "start" : 1728694919205,
          "stop" : 1728694924663,
          "duration" : 5458
        }
      }, {
        "uid" : "182e6e4a179fbb26",
        "reportUrl" : "https://lambotik.github.io/Oblache/187//#testresult/182e6e4a179fbb26",
        "status" : "broken",
        "statusDetails" : "selenium.common.exceptions.TimeoutException: Message: Can't find element by locator ('xpath', '//button[@id=\"menu_button_webpages\"]')\nStacktrace:\n#0 0x55a29628a02a <unknown>\n#1 0x55a295f705e0 <unknown>\n#2 0x55a295fbfbe8 <unknown>\n#3 0x55a295fbfe81 <unknown>\n#4 0x55a2960068c4 <unknown>\n#5 0x55a295fe4b4d <unknown>\n#6 0x55a296003d7d <unknown>\n#7 0x55a295fe48c3 <unknown>\n#8 0x55a295fb26b3 <unknown>\n#9 0x55a295fb368e <unknown>\n#10 0x55a296254a2b <unknown>\n#11 0x55a2962589b1 <unknown>\n#12 0x55a296241225 <unknown>\n#13 0x55a296259532 <unknown>\n#14 0x55a29622638f <unknown>\n#15 0x55a296278f28 <unknown>\n#16 0x55a2962790f3 <unknown>\n#17 0x55a296288e7c <unknown>\n#18 0x7f0931494ac3 <unknown>",
        "time" : {
          "start" : 1728608574503,
          "stop" : 1728608579887,
          "duration" : 5384
        }
      }, {
        "uid" : "25d04c754e01ab4c",
        "reportUrl" : "https://lambotik.github.io/Oblache/186//#testresult/25d04c754e01ab4c",
        "status" : "broken",
        "statusDetails" : "selenium.common.exceptions.TimeoutException: Message: Can't find element by locator ('xpath', '//button[@id=\"menu_button_webpages\"]')\nStacktrace:\n#0 0x562defccd02a <unknown>\n#1 0x562def9b35e0 <unknown>\n#2 0x562defa02be8 <unknown>\n#3 0x562defa02e81 <unknown>\n#4 0x562defa498c4 <unknown>\n#5 0x562defa27b4d <unknown>\n#6 0x562defa46d7d <unknown>\n#7 0x562defa278c3 <unknown>\n#8 0x562def9f56b3 <unknown>\n#9 0x562def9f668e <unknown>\n#10 0x562defc97a2b <unknown>\n#11 0x562defc9b9b1 <unknown>\n#12 0x562defc84225 <unknown>\n#13 0x562defc9c532 <unknown>\n#14 0x562defc6938f <unknown>\n#15 0x562defcbbf28 <unknown>\n#16 0x562defcbc0f3 <unknown>\n#17 0x562defccbe7c <unknown>\n#18 0x7f136e894ac3 <unknown>",
        "time" : {
          "start" : 1728522173186,
          "stop" : 1728522178577,
          "duration" : 5391
        }
      } ]
    },
    "tags" : [ ]
  },
  "source" : "df919b6955a21d1.json",
  "parameterValues" : [ ]
}