{
  "uid" : "d9dd5e87d63fbda5",
  "name" : "test_clipboard_uuid_docker",
  "fullName" : "tests_ui.test_ui.TestProfilePage#test_clipboard_uuid_docker",
  "historyId" : "11f91f43cfea2a231aececf29c7ed302",
  "time" : {
    "start" : 1749086082572,
    "stop" : 1749086088574,
    "duration" : 6002
  },
  "status" : "broken",
  "statusMessage" : "selenium.common.exceptions.TimeoutException: Message: Can't find element by locator ('xpath', '//table[@id=\"table_containers\"] //tr[1]/td[3] /button')\nStacktrace:\n#0 0x56262dbd078a <unknown>\n#1 0x56262d6730a0 <unknown>\n#2 0x56262d6c49b0 <unknown>\n#3 0x56262d6c4ba1 <unknown>\n#4 0x56262d712ea4 <unknown>\n#5 0x56262d6ea3cd <unknown>\n#6 0x56262d7102a0 <unknown>\n#7 0x56262d6ea173 <unknown>\n#8 0x56262d6b6d4b <unknown>\n#9 0x56262d6b79b1 <unknown>\n#10 0x56262db9593b <unknown>\n#11 0x56262db9983a <unknown>\n#12 0x56262db7d692 <unknown>\n#13 0x56262db9a3c4 <unknown>\n#14 0x56262db624cf <unknown>\n#15 0x56262dbbe568 <unknown>\n#16 0x56262dbbe746 <unknown>\n#17 0x56262dbcf5f6 <unknown>\n#18 0x7f4ecaa9caa4 <unknown>\n#19 0x7f4ecab29c3c <unknown>",
  "statusTrace" : "self = <tests_ui.test_ui.TestProfilePage object at 0x7f6ec90b7a70>\ndriver = <selenium.webdriver.chrome.webdriver.WebDriver (session=\"08027280f0a9e4166e84506ac7c09433\")>\nauthorization_user = None\n\n    @allure.title('test_clipboard_uuid_docker')\n    def test_clipboard_uuid_docker(self, driver, authorization_user):\n        page = ProfilePage(driver, authorization_user)\n        page.click_button_docker_containers()\n>       page.check_clipboard(\n            table_xpath='//table[@id=\"table_containers\"]',\n            token=TestProfilePage.token)\n\ntests_ui/test_ui.py:113: \n_ _ _ _ _ _ _ _ _ _ _ _ _ _ _ _ _ _ _ _ _ _ _ _ _ _ _ _ _ _ _ _ _ _ _ _ _ _ _ _ \ntests_ui/profile_page.py:100: in check_clipboard\n    button = self.element_is_visible((By.XPATH, f'{table_xpath} //tr[1]/td[3] /button'))\ntests_ui/base_page.py:33: in element_is_visible\n    self.go_to_element(self.element_is_present(locator))\ntests_ui/base_page.py:46: in element_is_present\n    return Wait(self.driver, self.timeout).until(\n_ _ _ _ _ _ _ _ _ _ _ _ _ _ _ _ _ _ _ _ _ _ _ _ _ _ _ _ _ _ _ _ _ _ _ _ _ _ _ _ \n\nself = <selenium.webdriver.support.wait.WebDriverWait (session=\"08027280f0a9e4166e84506ac7c09433\")>\nmethod = <function presence_of_element_located.<locals>._predicate at 0x7f6ec81e8d60>\nmessage = 'Can\\'t find element by locator (\\'xpath\\', \\'//table[@id=\"table_containers\"] //tr[1]/td[3] /button\\')'\n\n    def until(self, method: Callable[[D], Union[Literal[False], T]], message: str = \"\") -> T:\n        \"\"\"Calls the method provided with the driver as an argument until the \\\n        return value does not evaluate to ``False``.\n    \n        :param method: callable(WebDriver)\n        :param message: optional message for :exc:`TimeoutException`\n        :returns: the result of the last call to `method`\n        :raises: :exc:`selenium.common.exceptions.TimeoutException` if timeout occurs\n        \"\"\"\n        screen = None\n        stacktrace = None\n    \n        end_time = time.monotonic() + self._timeout\n        while True:\n            try:\n                value = method(self._driver)\n                if value:\n                    return value\n            except self._ignored_exceptions as exc:\n                screen = getattr(exc, \"screen\", None)\n                stacktrace = getattr(exc, \"stacktrace\", None)\n            time.sleep(self._poll)\n            if time.monotonic() > end_time:\n                break\n>       raise TimeoutException(message, screen, stacktrace)\nE       selenium.common.exceptions.TimeoutException: Message: Can't find element by locator ('xpath', '//table[@id=\"table_containers\"] //tr[1]/td[3] /button')\nE       Stacktrace:\nE       #0 0x56262dbd078a <unknown>\nE       #1 0x56262d6730a0 <unknown>\nE       #2 0x56262d6c49b0 <unknown>\nE       #3 0x56262d6c4ba1 <unknown>\nE       #4 0x56262d712ea4 <unknown>\nE       #5 0x56262d6ea3cd <unknown>\nE       #6 0x56262d7102a0 <unknown>\nE       #7 0x56262d6ea173 <unknown>\nE       #8 0x56262d6b6d4b <unknown>\nE       #9 0x56262d6b79b1 <unknown>\nE       #10 0x56262db9593b <unknown>\nE       #11 0x56262db9983a <unknown>\nE       #12 0x56262db7d692 <unknown>\nE       #13 0x56262db9a3c4 <unknown>\nE       #14 0x56262db624cf <unknown>\nE       #15 0x56262dbbe568 <unknown>\nE       #16 0x56262dbbe746 <unknown>\nE       #17 0x56262dbcf5f6 <unknown>\nE       #18 0x7f4ecaa9caa4 <unknown>\nE       #19 0x7f4ecab29c3c <unknown>\n\n/opt/hostedtoolcache/Python/3.12.10/x64/lib/python3.12/site-packages/selenium/webdriver/support/wait.py:105: TimeoutException",
  "flaky" : false,
  "newFailed" : false,
  "beforeStages" : [ {
    "name" : "driver",
    "time" : {
      "start" : 1749086081709,
      "stop" : 1749086082050,
      "duration" : 341
    },
    "status" : "passed",
    "steps" : [ ],
    "attachments" : [ ],
    "parameters" : [ ],
    "stepsCount" : 0,
    "attachmentsCount" : 0,
    "shouldDisplayMessage" : false,
    "hasContent" : false
  }, {
    "name" : "authorization_user",
    "time" : {
      "start" : 1749086082050,
      "stop" : 1749086082572,
      "duration" : 522
    },
    "status" : "passed",
    "steps" : [ {
      "name" : "Open page: https://oblache.areso.pro/register.html",
      "time" : {
        "start" : 1749086082050,
        "stop" : 1749086082373,
        "duration" : 323
      },
      "status" : "passed",
      "steps" : [ ],
      "attachments" : [ ],
      "parameters" : [ ],
      "stepsCount" : 0,
      "attachmentsCount" : 0,
      "shouldDisplayMessage" : false,
      "hasContent" : false
    }, {
      "name" : "Login user",
      "time" : {
        "start" : 1749086082373,
        "stop" : 1749086082572,
        "duration" : 199
      },
      "status" : "passed",
      "steps" : [ {
        "name" : "Enter email.",
        "time" : {
          "start" : 1749086082373,
          "stop" : 1749086082436,
          "duration" : 63
        },
        "status" : "passed",
        "steps" : [ ],
        "attachments" : [ ],
        "parameters" : [ ],
        "stepsCount" : 0,
        "attachmentsCount" : 0,
        "shouldDisplayMessage" : false,
        "hasContent" : false
      }, {
        "name" : "Enter password.",
        "time" : {
          "start" : 1749086082436,
          "stop" : 1749086082480,
          "duration" : 44
        },
        "status" : "passed",
        "steps" : [ ],
        "attachments" : [ ],
        "parameters" : [ ],
        "stepsCount" : 0,
        "attachmentsCount" : 0,
        "shouldDisplayMessage" : false,
        "hasContent" : false
      }, {
        "name" : "Click button \"Login\"",
        "time" : {
          "start" : 1749086082480,
          "stop" : 1749086082569,
          "duration" : 89
        },
        "status" : "passed",
        "steps" : [ ],
        "attachments" : [ ],
        "parameters" : [ ],
        "stepsCount" : 0,
        "attachmentsCount" : 0,
        "shouldDisplayMessage" : false,
        "hasContent" : false
      }, {
        "name" : "Check url is present: https://oblache.areso.pro/register.html",
        "time" : {
          "start" : 1749086082569,
          "stop" : 1749086082572,
          "duration" : 3
        },
        "status" : "passed",
        "steps" : [ ],
        "attachments" : [ ],
        "parameters" : [ ],
        "stepsCount" : 0,
        "attachmentsCount" : 0,
        "shouldDisplayMessage" : false,
        "hasContent" : false
      } ],
      "attachments" : [ ],
      "parameters" : [ ],
      "stepsCount" : 4,
      "attachmentsCount" : 0,
      "shouldDisplayMessage" : false,
      "hasContent" : true
    } ],
    "attachments" : [ ],
    "parameters" : [ ],
    "stepsCount" : 6,
    "attachmentsCount" : 0,
    "shouldDisplayMessage" : false,
    "hasContent" : true
  } ],
  "testStage" : {
    "status" : "broken",
    "statusMessage" : "selenium.common.exceptions.TimeoutException: Message: Can't find element by locator ('xpath', '//table[@id=\"table_containers\"] //tr[1]/td[3] /button')\nStacktrace:\n#0 0x56262dbd078a <unknown>\n#1 0x56262d6730a0 <unknown>\n#2 0x56262d6c49b0 <unknown>\n#3 0x56262d6c4ba1 <unknown>\n#4 0x56262d712ea4 <unknown>\n#5 0x56262d6ea3cd <unknown>\n#6 0x56262d7102a0 <unknown>\n#7 0x56262d6ea173 <unknown>\n#8 0x56262d6b6d4b <unknown>\n#9 0x56262d6b79b1 <unknown>\n#10 0x56262db9593b <unknown>\n#11 0x56262db9983a <unknown>\n#12 0x56262db7d692 <unknown>\n#13 0x56262db9a3c4 <unknown>\n#14 0x56262db624cf <unknown>\n#15 0x56262dbbe568 <unknown>\n#16 0x56262dbbe746 <unknown>\n#17 0x56262dbcf5f6 <unknown>\n#18 0x7f4ecaa9caa4 <unknown>\n#19 0x7f4ecab29c3c <unknown>",
    "statusTrace" : "self = <tests_ui.test_ui.TestProfilePage object at 0x7f6ec90b7a70>\ndriver = <selenium.webdriver.chrome.webdriver.WebDriver (session=\"08027280f0a9e4166e84506ac7c09433\")>\nauthorization_user = None\n\n    @allure.title('test_clipboard_uuid_docker')\n    def test_clipboard_uuid_docker(self, driver, authorization_user):\n        page = ProfilePage(driver, authorization_user)\n        page.click_button_docker_containers()\n>       page.check_clipboard(\n            table_xpath='//table[@id=\"table_containers\"]',\n            token=TestProfilePage.token)\n\ntests_ui/test_ui.py:113: \n_ _ _ _ _ _ _ _ _ _ _ _ _ _ _ _ _ _ _ _ _ _ _ _ _ _ _ _ _ _ _ _ _ _ _ _ _ _ _ _ \ntests_ui/profile_page.py:100: in check_clipboard\n    button = self.element_is_visible((By.XPATH, f'{table_xpath} //tr[1]/td[3] /button'))\ntests_ui/base_page.py:33: in element_is_visible\n    self.go_to_element(self.element_is_present(locator))\ntests_ui/base_page.py:46: in element_is_present\n    return Wait(self.driver, self.timeout).until(\n_ _ _ _ _ _ _ _ _ _ _ _ _ _ _ _ _ _ _ _ _ _ _ _ _ _ _ _ _ _ _ _ _ _ _ _ _ _ _ _ \n\nself = <selenium.webdriver.support.wait.WebDriverWait (session=\"08027280f0a9e4166e84506ac7c09433\")>\nmethod = <function presence_of_element_located.<locals>._predicate at 0x7f6ec81e8d60>\nmessage = 'Can\\'t find element by locator (\\'xpath\\', \\'//table[@id=\"table_containers\"] //tr[1]/td[3] /button\\')'\n\n    def until(self, method: Callable[[D], Union[Literal[False], T]], message: str = \"\") -> T:\n        \"\"\"Calls the method provided with the driver as an argument until the \\\n        return value does not evaluate to ``False``.\n    \n        :param method: callable(WebDriver)\n        :param message: optional message for :exc:`TimeoutException`\n        :returns: the result of the last call to `method`\n        :raises: :exc:`selenium.common.exceptions.TimeoutException` if timeout occurs\n        \"\"\"\n        screen = None\n        stacktrace = None\n    \n        end_time = time.monotonic() + self._timeout\n        while True:\n            try:\n                value = method(self._driver)\n                if value:\n                    return value\n            except self._ignored_exceptions as exc:\n                screen = getattr(exc, \"screen\", None)\n                stacktrace = getattr(exc, \"stacktrace\", None)\n            time.sleep(self._poll)\n            if time.monotonic() > end_time:\n                break\n>       raise TimeoutException(message, screen, stacktrace)\nE       selenium.common.exceptions.TimeoutException: Message: Can't find element by locator ('xpath', '//table[@id=\"table_containers\"] //tr[1]/td[3] /button')\nE       Stacktrace:\nE       #0 0x56262dbd078a <unknown>\nE       #1 0x56262d6730a0 <unknown>\nE       #2 0x56262d6c49b0 <unknown>\nE       #3 0x56262d6c4ba1 <unknown>\nE       #4 0x56262d712ea4 <unknown>\nE       #5 0x56262d6ea3cd <unknown>\nE       #6 0x56262d7102a0 <unknown>\nE       #7 0x56262d6ea173 <unknown>\nE       #8 0x56262d6b6d4b <unknown>\nE       #9 0x56262d6b79b1 <unknown>\nE       #10 0x56262db9593b <unknown>\nE       #11 0x56262db9983a <unknown>\nE       #12 0x56262db7d692 <unknown>\nE       #13 0x56262db9a3c4 <unknown>\nE       #14 0x56262db624cf <unknown>\nE       #15 0x56262dbbe568 <unknown>\nE       #16 0x56262dbbe746 <unknown>\nE       #17 0x56262dbcf5f6 <unknown>\nE       #18 0x7f4ecaa9caa4 <unknown>\nE       #19 0x7f4ecab29c3c <unknown>\n\n/opt/hostedtoolcache/Python/3.12.10/x64/lib/python3.12/site-packages/selenium/webdriver/support/wait.py:105: TimeoutException",
    "steps" : [ {
      "name" : "Click \"Docker containers\" button.",
      "time" : {
        "start" : 1749086082572,
        "stop" : 1749086083432,
        "duration" : 860
      },
      "status" : "passed",
      "steps" : [ ],
      "attachments" : [ ],
      "parameters" : [ ],
      "stepsCount" : 0,
      "attachmentsCount" : 0,
      "shouldDisplayMessage" : false,
      "hasContent" : false
    }, {
      "name" : "Check clipboard",
      "time" : {
        "start" : 1749086083432,
        "stop" : 1749086088574,
        "duration" : 5142
      },
      "status" : "broken",
      "statusMessage" : "selenium.common.exceptions.TimeoutException: Message: Can't find element by locator ('xpath', '//table[@id=\"table_containers\"] //tr[1]/td[3] /button')\nStacktrace:\n#0 0x56262dbd078a <unknown>\n#1 0x56262d6730a0 <unknown>\n#2 0x56262d6c49b0 <unknown>\n#3 0x56262d6c4ba1 <unknown>\n#4 0x56262d712ea4 <unknown>\n#5 0x56262d6ea3cd <unknown>\n#6 0x56262d7102a0 <unknown>\n#7 0x56262d6ea173 <unknown>\n#8 0x56262d6b6d4b <unknown>\n#9 0x56262d6b79b1 <unknown>\n#10 0x56262db9593b <unknown>\n#11 0x56262db9983a <unknown>\n#12 0x56262db7d692 <unknown>\n#13 0x56262db9a3c4 <unknown>\n#14 0x56262db624cf <unknown>\n#15 0x56262dbbe568 <unknown>\n#16 0x56262dbbe746 <unknown>\n#17 0x56262dbcf5f6 <unknown>\n#18 0x7f4ecaa9caa4 <unknown>\n#19 0x7f4ecab29c3c <unknown>\n\n",
      "statusTrace" : "  File \"/opt/hostedtoolcache/Python/3.12.10/x64/lib/python3.12/site-packages/allure_commons/_allure.py\", line 192, in impl\n    return func(*a, **kw)\n           ^^^^^^^^^^^^^^\n  File \"/home/runner/work/Oblache/Oblache/tests_ui/profile_page.py\", line 100, in check_clipboard\n    button = self.element_is_visible((By.XPATH, f'{table_xpath} //tr[1]/td[3] /button'))\n             ^^^^^^^^^^^^^^^^^^^^^^^^^^^^^^^^^^^^^^^^^^^^^^^^^^^^^^^^^^^^^^^^^^^^^^^^^^^\n  File \"/home/runner/work/Oblache/Oblache/tests_ui/base_page.py\", line 33, in element_is_visible\n    self.go_to_element(self.element_is_present(locator))\n                       ^^^^^^^^^^^^^^^^^^^^^^^^^^^^^^^^\n  File \"/home/runner/work/Oblache/Oblache/tests_ui/base_page.py\", line 46, in element_is_present\n    return Wait(self.driver, self.timeout).until(\n           ^^^^^^^^^^^^^^^^^^^^^^^^^^^^^^^^^^^^^^\n  File \"/opt/hostedtoolcache/Python/3.12.10/x64/lib/python3.12/site-packages/selenium/webdriver/support/wait.py\", line 105, in until\n    raise TimeoutException(message, screen, stacktrace)\n",
      "steps" : [ ],
      "attachments" : [ ],
      "parameters" : [ {
        "name" : "table_xpath",
        "value" : "'//table[@id=\"table_containers\"]'"
      }, {
        "name" : "token",
        "value" : "'fcfe9d99-b3e4-4c96-a44e-c031d589d4c6'"
      } ],
      "stepsCount" : 0,
      "attachmentsCount" : 0,
      "shouldDisplayMessage" : true,
      "hasContent" : true
    } ],
    "attachments" : [ {
      "uid" : "61bb2abb7ae4b814",
      "name" : "Screenshot 2025-06-05 01:14:48.667921",
      "source" : "61bb2abb7ae4b814.png",
      "type" : "image/png",
      "size" : 31466
    } ],
    "parameters" : [ ],
    "stepsCount" : 2,
    "attachmentsCount" : 1,
    "shouldDisplayMessage" : true,
    "hasContent" : true
  },
  "afterStages" : [ {
    "name" : "driver::0",
    "time" : {
      "start" : 1749086088669,
      "stop" : 1749086088728,
      "duration" : 59
    },
    "status" : "passed",
    "steps" : [ ],
    "attachments" : [ ],
    "parameters" : [ ],
    "stepsCount" : 0,
    "attachmentsCount" : 0,
    "shouldDisplayMessage" : false,
    "hasContent" : false
  } ],
  "labels" : [ {
    "name" : "suite",
    "value" : "Test Profile Page."
  }, {
    "name" : "parentSuite",
    "value" : "tests_ui"
  }, {
    "name" : "subSuite",
    "value" : "TestProfilePage"
  }, {
    "name" : "host",
    "value" : "pkrvmf6wy0o8zjz"
  }, {
    "name" : "thread",
    "value" : "2741-MainThread"
  }, {
    "name" : "framework",
    "value" : "pytest"
  }, {
    "name" : "language",
    "value" : "cpython3"
  }, {
    "name" : "package",
    "value" : "tests_ui.test_ui"
  }, {
    "name" : "resultFormat",
    "value" : "allure2"
  } ],
  "parameters" : [ ],
  "links" : [ ],
  "hidden" : false,
  "retry" : false,
  "extra" : {
    "severity" : "normal",
    "retries" : [ ],
    "categories" : [ {
      "name" : "Test defects",
      "matchedStatuses" : [ ],
      "flaky" : false
    } ],
    "history" : {
      "statistic" : {
        "failed" : 0,
        "broken" : 32,
        "skipped" : 0,
        "passed" : 171,
        "unknown" : 0,
        "total" : 203
      },
      "items" : [ {
        "uid" : "ebeb5d9e0af47f21",
        "reportUrl" : "https://lambotik.github.io/Oblache/423//#testresult/ebeb5d9e0af47f21",
        "status" : "passed",
        "time" : {
          "start" : 1748999734005,
          "stop" : 1748999736559,
          "duration" : 2554
        }
      }, {
        "uid" : "8f6f5f363186d87b",
        "reportUrl" : "https://lambotik.github.io/Oblache/422//#testresult/8f6f5f363186d87b",
        "status" : "passed",
        "time" : {
          "start" : 1748913406054,
          "stop" : 1748913409207,
          "duration" : 3153
        }
      }, {
        "uid" : "aac3ff8f17aa2092",
        "reportUrl" : "https://lambotik.github.io/Oblache/421//#testresult/aac3ff8f17aa2092",
        "status" : "passed",
        "time" : {
          "start" : 1748827060660,
          "stop" : 1748827063108,
          "duration" : 2448
        }
      }, {
        "uid" : "8c465dcf78514207",
        "reportUrl" : "https://lambotik.github.io/Oblache/420//#testresult/8c465dcf78514207",
        "status" : "broken",
        "statusDetails" : "selenium.common.exceptions.TimeoutException: Message: Can't find element by locator ('xpath', '//button[@id=\"menu_button_containers\"]')\nStacktrace:\n#0 0x56266836278a <unknown>\n#1 0x562667e050a0 <unknown>\n#2 0x562667e569b0 <unknown>\n#3 0x562667e56ba1 <unknown>\n#4 0x562667ea4ea4 <unknown>\n#5 0x562667e7c3cd <unknown>\n#6 0x562667ea22a0 <unknown>\n#7 0x562667e7c173 <unknown>\n#8 0x562667e48d4b <unknown>\n#9 0x562667e499b1 <unknown>\n#10 0x56266832793b <unknown>\n#11 0x56266832b83a <unknown>\n#12 0x56266830f692 <unknown>\n#13 0x56266832c3c4 <unknown>\n#14 0x5626682f44cf <unknown>\n#15 0x562668350568 <unknown>\n#16 0x562668350746 <unknown>\n#17 0x5626683615f6 <unknown>\n#18 0x7f035b29caa4 <unknown>\n#19 0x7f035b329c3c <unknown>",
        "time" : {
          "start" : 1748745263806,
          "stop" : 1748745268936,
          "duration" : 5130
        }
      }, {
        "uid" : "53ef430dce2adfcd",
        "reportUrl" : "https://lambotik.github.io/Oblache/419//#testresult/53ef430dce2adfcd",
        "status" : "broken",
        "statusDetails" : "selenium.common.exceptions.TimeoutException: Message: Can't find element by locator ('xpath', '//button[@id=\"menu_button_containers\"]')\nStacktrace:\n#0 0x560892b5f78a <unknown>\n#1 0x5608926020a0 <unknown>\n#2 0x5608926539b0 <unknown>\n#3 0x560892653ba1 <unknown>\n#4 0x5608926a1ea4 <unknown>\n#5 0x5608926793cd <unknown>\n#6 0x56089269f2a0 <unknown>\n#7 0x560892679173 <unknown>\n#8 0x560892645d4b <unknown>\n#9 0x5608926469b1 <unknown>\n#10 0x560892b2493b <unknown>\n#11 0x560892b2883a <unknown>\n#12 0x560892b0c692 <unknown>\n#13 0x560892b293c4 <unknown>\n#14 0x560892af14cf <unknown>\n#15 0x560892b4d568 <unknown>\n#16 0x560892b4d746 <unknown>\n#17 0x560892b5e5f6 <unknown>\n#18 0x7fdf6409caa4 <unknown>\n#19 0x7fdf64129c3c <unknown>",
        "time" : {
          "start" : 1748657975863,
          "stop" : 1748657980988,
          "duration" : 5125
        }
      }, {
        "uid" : "f51ca4fce465fcf8",
        "reportUrl" : "https://lambotik.github.io/Oblache/418//#testresult/f51ca4fce465fcf8",
        "status" : "broken",
        "statusDetails" : "selenium.common.exceptions.TimeoutException: Message: Can't find element by locator ('xpath', '//button[@id=\"menu_button_containers\"]')\nStacktrace:\n#0 0x5605b8c3678a <unknown>\n#1 0x5605b86d90a0 <unknown>\n#2 0x5605b872a9b0 <unknown>\n#3 0x5605b872aba1 <unknown>\n#4 0x5605b8778ea4 <unknown>\n#5 0x5605b87503cd <unknown>\n#6 0x5605b87762a0 <unknown>\n#7 0x5605b8750173 <unknown>\n#8 0x5605b871cd4b <unknown>\n#9 0x5605b871d9b1 <unknown>\n#10 0x5605b8bfb93b <unknown>\n#11 0x5605b8bff83a <unknown>\n#12 0x5605b8be3692 <unknown>\n#13 0x5605b8c003c4 <unknown>\n#14 0x5605b8bc84cf <unknown>\n#15 0x5605b8c24568 <unknown>\n#16 0x5605b8c24746 <unknown>\n#17 0x5605b8c355f6 <unknown>\n#18 0x7ff36469caa4 <unknown>\n#19 0x7ff364729c3c <unknown>",
        "time" : {
          "start" : 1748571567927,
          "stop" : 1748571573059,
          "duration" : 5132
        }
      }, {
        "uid" : "70752c0c1dbd6d10",
        "reportUrl" : "https://lambotik.github.io/Oblache/417//#testresult/70752c0c1dbd6d10",
        "status" : "broken",
        "statusDetails" : "selenium.common.exceptions.TimeoutException: Message: Can't find element by locator ('xpath', '//table[@id=\"table_containers\"] //tr[1]/td[3] /button')\nStacktrace:\n#0 0x561580f4578a <unknown>\n#1 0x5615809e80a0 <unknown>\n#2 0x561580a399b0 <unknown>\n#3 0x561580a39ba1 <unknown>\n#4 0x561580a87ea4 <unknown>\n#5 0x561580a5f3cd <unknown>\n#6 0x561580a852a0 <unknown>\n#7 0x561580a5f173 <unknown>\n#8 0x561580a2bd4b <unknown>\n#9 0x561580a2c9b1 <unknown>\n#10 0x561580f0a93b <unknown>\n#11 0x561580f0e83a <unknown>\n#12 0x561580ef2692 <unknown>\n#13 0x561580f0f3c4 <unknown>\n#14 0x561580ed74cf <unknown>\n#15 0x561580f33568 <unknown>\n#16 0x561580f33746 <unknown>\n#17 0x561580f445f6 <unknown>\n#18 0x7f1a3049caa4 <unknown>\n#19 0x7f1a30529c3c <unknown>",
        "time" : {
          "start" : 1748481285430,
          "stop" : 1748481291617,
          "duration" : 6187
        }
      }, {
        "uid" : "70301b3c483255d5",
        "reportUrl" : "https://lambotik.github.io/Oblache/416//#testresult/70301b3c483255d5",
        "status" : "passed",
        "time" : {
          "start" : 1748394874883,
          "stop" : 1748394877349,
          "duration" : 2466
        }
      }, {
        "uid" : "dc984715d90e51d",
        "reportUrl" : "https://lambotik.github.io/Oblache/415//#testresult/dc984715d90e51d",
        "status" : "broken",
        "statusDetails" : "selenium.common.exceptions.TimeoutException: Message: Can't find element by locator ('xpath', '//table[@id=\"table_containers\"] //tr[1]/td[3] /button')\nStacktrace:\n#0 0x563c4aaf578a <unknown>\n#1 0x563c4a5980a0 <unknown>\n#2 0x563c4a5e99b0 <unknown>\n#3 0x563c4a5e9ba1 <unknown>\n#4 0x563c4a637ea4 <unknown>\n#5 0x563c4a60f3cd <unknown>\n#6 0x563c4a6352a0 <unknown>\n#7 0x563c4a60f173 <unknown>\n#8 0x563c4a5dbd4b <unknown>\n#9 0x563c4a5dc9b1 <unknown>\n#10 0x563c4aaba93b <unknown>\n#11 0x563c4aabe83a <unknown>\n#12 0x563c4aaa2692 <unknown>\n#13 0x563c4aabf3c4 <unknown>\n#14 0x563c4aa874cf <unknown>\n#15 0x563c4aae3568 <unknown>\n#16 0x563c4aae3746 <unknown>\n#17 0x563c4aaf45f6 <unknown>\n#18 0x7f3c2bc9caa4 <unknown>\n#19 0x7f3c2bd29c3c <unknown>",
        "time" : {
          "start" : 1748308417030,
          "stop" : 1748308423150,
          "duration" : 6120
        }
      }, {
        "uid" : "be8cc3fd8b30471b",
        "reportUrl" : "https://lambotik.github.io/Oblache/414//#testresult/be8cc3fd8b30471b",
        "status" : "broken",
        "statusDetails" : "selenium.common.exceptions.TimeoutException: Message: Can't find element by locator ('xpath', '//table[@id=\"table_containers\"] //tr[1]/td[3] /button')\nStacktrace:\n#0 0x564bc155c78a <unknown>\n#1 0x564bc0fff0a0 <unknown>\n#2 0x564bc10509b0 <unknown>\n#3 0x564bc1050ba1 <unknown>\n#4 0x564bc109eea4 <unknown>\n#5 0x564bc10763cd <unknown>\n#6 0x564bc109c2a0 <unknown>\n#7 0x564bc1076173 <unknown>\n#8 0x564bc1042d4b <unknown>\n#9 0x564bc10439b1 <unknown>\n#10 0x564bc152193b <unknown>\n#11 0x564bc152583a <unknown>\n#12 0x564bc1509692 <unknown>\n#13 0x564bc15263c4 <unknown>\n#14 0x564bc14ee4cf <unknown>\n#15 0x564bc154a568 <unknown>\n#16 0x564bc154a746 <unknown>\n#17 0x564bc155b5f6 <unknown>\n#18 0x7f4c2e29caa4 <unknown>\n#19 0x7f4c2e329c3c <unknown>",
        "time" : {
          "start" : 1748222138267,
          "stop" : 1748222144262,
          "duration" : 5995
        }
      }, {
        "uid" : "40c4c598eff3ea3f",
        "reportUrl" : "https://lambotik.github.io/Oblache/413//#testresult/40c4c598eff3ea3f",
        "status" : "passed",
        "time" : {
          "start" : 1748136048956,
          "stop" : 1748136051702,
          "duration" : 2746
        }
      }, {
        "uid" : "4574c133b7d9acfc",
        "reportUrl" : "https://lambotik.github.io/Oblache/412//#testresult/4574c133b7d9acfc",
        "status" : "passed",
        "time" : {
          "start" : 1748049115501,
          "stop" : 1748049118791,
          "duration" : 3290
        }
      }, {
        "uid" : "a5e4ca09d53e7f92",
        "reportUrl" : "https://lambotik.github.io/Oblache/411//#testresult/a5e4ca09d53e7f92",
        "status" : "passed",
        "time" : {
          "start" : 1747962824353,
          "stop" : 1747962827016,
          "duration" : 2663
        }
      }, {
        "uid" : "5c2a4d0b96227b3c",
        "reportUrl" : "https://lambotik.github.io/Oblache/410//#testresult/5c2a4d0b96227b3c",
        "status" : "passed",
        "time" : {
          "start" : 1747876485706,
          "stop" : 1747876488539,
          "duration" : 2833
        }
      }, {
        "uid" : "53ad044c45c6b26a",
        "reportUrl" : "https://lambotik.github.io/Oblache/409//#testresult/53ad044c45c6b26a",
        "status" : "passed",
        "time" : {
          "start" : 1747790086454,
          "stop" : 1747790089179,
          "duration" : 2725
        }
      }, {
        "uid" : "1c6981b1bb741d11",
        "reportUrl" : "https://lambotik.github.io/Oblache/408//#testresult/1c6981b1bb741d11",
        "status" : "passed",
        "time" : {
          "start" : 1747703762567,
          "stop" : 1747703765028,
          "duration" : 2461
        }
      }, {
        "uid" : "d6a174e3469e127b",
        "reportUrl" : "https://lambotik.github.io/Oblache/407//#testresult/d6a174e3469e127b",
        "status" : "passed",
        "time" : {
          "start" : 1747617480124,
          "stop" : 1747617482767,
          "duration" : 2643
        }
      }, {
        "uid" : "86638b24153a7423",
        "reportUrl" : "https://lambotik.github.io/Oblache/406//#testresult/86638b24153a7423",
        "status" : "passed",
        "time" : {
          "start" : 1747531133967,
          "stop" : 1747531136728,
          "duration" : 2761
        }
      }, {
        "uid" : "e0fb166ac14a0fc4",
        "reportUrl" : "https://lambotik.github.io/Oblache/405//#testresult/e0fb166ac14a0fc4",
        "status" : "passed",
        "time" : {
          "start" : 1747444372268,
          "stop" : 1747444375023,
          "duration" : 2755
        }
      }, {
        "uid" : "d33b4f8470e3799d",
        "reportUrl" : "https://lambotik.github.io/Oblache/404//#testresult/d33b4f8470e3799d",
        "status" : "passed",
        "time" : {
          "start" : 1747358427751,
          "stop" : 1747358430226,
          "duration" : 2475
        }
      } ]
    },
    "tags" : [ ]
  },
  "source" : "d9dd5e87d63fbda5.json",
  "parameterValues" : [ ]
}