{
  "uid" : "97ce162a2f1ad9c2",
  "name" : "test_clipboard",
  "fullName" : "tests_ui.test_ui.TestProfilePage#test_clipboard_uuid_db",
  "historyId" : "b32cefb1d87a8aa3bb37280cb980702f",
  "time" : {
    "start" : 1743901933188,
    "stop" : 1743901938317,
    "duration" : 5129
  },
  "status" : "broken",
  "statusMessage" : "selenium.common.exceptions.TimeoutException: Message: Can't find element by locator ('xpath', '//button[@id = \"menu_button_databases\"]')\nStacktrace:\n#0 0x55b04f834ffa <unknown>\n#1 0x55b04f2f3970 <unknown>\n#2 0x55b04f345385 <unknown>\n#3 0x55b04f3455b1 <unknown>\n#4 0x55b04f3943c4 <unknown>\n#5 0x55b04f36b2bd <unknown>\n#6 0x55b04f39170c <unknown>\n#7 0x55b04f36b063 <unknown>\n#8 0x55b04f337328 <unknown>\n#9 0x55b04f338491 <unknown>\n#10 0x55b04f7fc42b <unknown>\n#11 0x55b04f8002ec <unknown>\n#12 0x55b04f7e3a22 <unknown>\n#13 0x55b04f800e64 <unknown>\n#14 0x55b04f7c7bef <unknown>\n#15 0x55b04f823558 <unknown>\n#16 0x55b04f823736 <unknown>\n#17 0x55b04f833e76 <unknown>\n#18 0x7f877fc9caa4 <unknown>\n#19 0x7f877fd29c3c <unknown>",
  "statusTrace" : "self = <tests_ui.test_ui.TestProfilePage object at 0x7fe644f5b830>\ndriver = <selenium.webdriver.chrome.webdriver.WebDriver (session=\"884a3c1a8a946d7b8c7cc5b0ae981364\")>\nauthorization_user = None\n\n    @allure.title('test_clipboard')\n    def test_clipboard_uuid_db(self, driver, authorization_user):\n        page = ProfilePage(driver, authorization_user)\n>       page.click_button_databases()\n\ntests_ui/test_ui.py:98: \n_ _ _ _ _ _ _ _ _ _ _ _ _ _ _ _ _ _ _ _ _ _ _ _ _ _ _ _ _ _ _ _ _ _ _ _ _ _ _ _ \ntests_ui/profile_page.py:36: in click_button_databases\n    return self.element_is_present_and_clickable(self.locators.DATABASE_BUTTON).click()\ntests_ui/base_page.py:28: in element_is_present_and_clickable\n    return (Wait(self.driver, self.timeout).until(\n_ _ _ _ _ _ _ _ _ _ _ _ _ _ _ _ _ _ _ _ _ _ _ _ _ _ _ _ _ _ _ _ _ _ _ _ _ _ _ _ \n\nself = <selenium.webdriver.support.wait.WebDriverWait (session=\"884a3c1a8a946d7b8c7cc5b0ae981364\")>\nmethod = <function visibility_of_element_located.<locals>._predicate at 0x7fe644eefce0>\nmessage = 'Can\\'t find element by locator (\\'xpath\\', \\'//button[@id = \"menu_button_databases\"]\\')'\n\n    def until(self, method: Callable[[D], Union[Literal[False], T]], message: str = \"\") -> T:\n        \"\"\"Calls the method provided with the driver as an argument until the \\\n        return value does not evaluate to ``False``.\n    \n        :param method: callable(WebDriver)\n        :param message: optional message for :exc:`TimeoutException`\n        :returns: the result of the last call to `method`\n        :raises: :exc:`selenium.common.exceptions.TimeoutException` if timeout occurs\n        \"\"\"\n        screen = None\n        stacktrace = None\n    \n        end_time = time.monotonic() + self._timeout\n        while True:\n            try:\n                value = method(self._driver)\n                if value:\n                    return value\n            except self._ignored_exceptions as exc:\n                screen = getattr(exc, \"screen\", None)\n                stacktrace = getattr(exc, \"stacktrace\", None)\n            time.sleep(self._poll)\n            if time.monotonic() > end_time:\n                break\n>       raise TimeoutException(message, screen, stacktrace)\nE       selenium.common.exceptions.TimeoutException: Message: Can't find element by locator ('xpath', '//button[@id = \"menu_button_databases\"]')\nE       Stacktrace:\nE       #0 0x55b04f834ffa <unknown>\nE       #1 0x55b04f2f3970 <unknown>\nE       #2 0x55b04f345385 <unknown>\nE       #3 0x55b04f3455b1 <unknown>\nE       #4 0x55b04f3943c4 <unknown>\nE       #5 0x55b04f36b2bd <unknown>\nE       #6 0x55b04f39170c <unknown>\nE       #7 0x55b04f36b063 <unknown>\nE       #8 0x55b04f337328 <unknown>\nE       #9 0x55b04f338491 <unknown>\nE       #10 0x55b04f7fc42b <unknown>\nE       #11 0x55b04f8002ec <unknown>\nE       #12 0x55b04f7e3a22 <unknown>\nE       #13 0x55b04f800e64 <unknown>\nE       #14 0x55b04f7c7bef <unknown>\nE       #15 0x55b04f823558 <unknown>\nE       #16 0x55b04f823736 <unknown>\nE       #17 0x55b04f833e76 <unknown>\nE       #18 0x7f877fc9caa4 <unknown>\nE       #19 0x7f877fd29c3c <unknown>\n\n/opt/hostedtoolcache/Python/3.12.9/x64/lib/python3.12/site-packages/selenium/webdriver/support/wait.py:105: TimeoutException",
  "flaky" : false,
  "newFailed" : false,
  "beforeStages" : [ {
    "name" : "authorization_user",
    "time" : {
      "start" : 1743901932695,
      "stop" : 1743901933188,
      "duration" : 493
    },
    "status" : "passed",
    "steps" : [ {
      "name" : "Open page: https://oblache.areso.pro/register.html",
      "time" : {
        "start" : 1743901932695,
        "stop" : 1743901932993,
        "duration" : 298
      },
      "status" : "passed",
      "steps" : [ ],
      "attachments" : [ ],
      "parameters" : [ ],
      "stepsCount" : 0,
      "attachmentsCount" : 0,
      "shouldDisplayMessage" : false,
      "hasContent" : false
    }, {
      "name" : "Login user",
      "time" : {
        "start" : 1743901932993,
        "stop" : 1743901933188,
        "duration" : 195
      },
      "status" : "passed",
      "steps" : [ {
        "name" : "Enter email.",
        "time" : {
          "start" : 1743901932993,
          "stop" : 1743901933053,
          "duration" : 60
        },
        "status" : "passed",
        "steps" : [ ],
        "attachments" : [ ],
        "parameters" : [ ],
        "stepsCount" : 0,
        "attachmentsCount" : 0,
        "shouldDisplayMessage" : false,
        "hasContent" : false
      }, {
        "name" : "Enter password.",
        "time" : {
          "start" : 1743901933053,
          "stop" : 1743901933098,
          "duration" : 45
        },
        "status" : "passed",
        "steps" : [ ],
        "attachments" : [ ],
        "parameters" : [ ],
        "stepsCount" : 0,
        "attachmentsCount" : 0,
        "shouldDisplayMessage" : false,
        "hasContent" : false
      }, {
        "name" : "Click button \"Login\"",
        "time" : {
          "start" : 1743901933098,
          "stop" : 1743901933185,
          "duration" : 87
        },
        "status" : "passed",
        "steps" : [ ],
        "attachments" : [ ],
        "parameters" : [ ],
        "stepsCount" : 0,
        "attachmentsCount" : 0,
        "shouldDisplayMessage" : false,
        "hasContent" : false
      }, {
        "name" : "Check url is present: https://oblache.areso.pro/register.html",
        "time" : {
          "start" : 1743901933185,
          "stop" : 1743901933188,
          "duration" : 3
        },
        "status" : "passed",
        "steps" : [ ],
        "attachments" : [ ],
        "parameters" : [ ],
        "stepsCount" : 0,
        "attachmentsCount" : 0,
        "shouldDisplayMessage" : false,
        "hasContent" : false
      } ],
      "attachments" : [ ],
      "parameters" : [ ],
      "stepsCount" : 4,
      "attachmentsCount" : 0,
      "shouldDisplayMessage" : false,
      "hasContent" : true
    } ],
    "attachments" : [ ],
    "parameters" : [ ],
    "stepsCount" : 6,
    "attachmentsCount" : 0,
    "shouldDisplayMessage" : false,
    "hasContent" : true
  }, {
    "name" : "driver",
    "time" : {
      "start" : 1743901932362,
      "stop" : 1743901932695,
      "duration" : 333
    },
    "status" : "passed",
    "steps" : [ ],
    "attachments" : [ ],
    "parameters" : [ ],
    "stepsCount" : 0,
    "attachmentsCount" : 0,
    "shouldDisplayMessage" : false,
    "hasContent" : false
  } ],
  "testStage" : {
    "status" : "broken",
    "statusMessage" : "selenium.common.exceptions.TimeoutException: Message: Can't find element by locator ('xpath', '//button[@id = \"menu_button_databases\"]')\nStacktrace:\n#0 0x55b04f834ffa <unknown>\n#1 0x55b04f2f3970 <unknown>\n#2 0x55b04f345385 <unknown>\n#3 0x55b04f3455b1 <unknown>\n#4 0x55b04f3943c4 <unknown>\n#5 0x55b04f36b2bd <unknown>\n#6 0x55b04f39170c <unknown>\n#7 0x55b04f36b063 <unknown>\n#8 0x55b04f337328 <unknown>\n#9 0x55b04f338491 <unknown>\n#10 0x55b04f7fc42b <unknown>\n#11 0x55b04f8002ec <unknown>\n#12 0x55b04f7e3a22 <unknown>\n#13 0x55b04f800e64 <unknown>\n#14 0x55b04f7c7bef <unknown>\n#15 0x55b04f823558 <unknown>\n#16 0x55b04f823736 <unknown>\n#17 0x55b04f833e76 <unknown>\n#18 0x7f877fc9caa4 <unknown>\n#19 0x7f877fd29c3c <unknown>",
    "statusTrace" : "self = <tests_ui.test_ui.TestProfilePage object at 0x7fe644f5b830>\ndriver = <selenium.webdriver.chrome.webdriver.WebDriver (session=\"884a3c1a8a946d7b8c7cc5b0ae981364\")>\nauthorization_user = None\n\n    @allure.title('test_clipboard')\n    def test_clipboard_uuid_db(self, driver, authorization_user):\n        page = ProfilePage(driver, authorization_user)\n>       page.click_button_databases()\n\ntests_ui/test_ui.py:98: \n_ _ _ _ _ _ _ _ _ _ _ _ _ _ _ _ _ _ _ _ _ _ _ _ _ _ _ _ _ _ _ _ _ _ _ _ _ _ _ _ \ntests_ui/profile_page.py:36: in click_button_databases\n    return self.element_is_present_and_clickable(self.locators.DATABASE_BUTTON).click()\ntests_ui/base_page.py:28: in element_is_present_and_clickable\n    return (Wait(self.driver, self.timeout).until(\n_ _ _ _ _ _ _ _ _ _ _ _ _ _ _ _ _ _ _ _ _ _ _ _ _ _ _ _ _ _ _ _ _ _ _ _ _ _ _ _ \n\nself = <selenium.webdriver.support.wait.WebDriverWait (session=\"884a3c1a8a946d7b8c7cc5b0ae981364\")>\nmethod = <function visibility_of_element_located.<locals>._predicate at 0x7fe644eefce0>\nmessage = 'Can\\'t find element by locator (\\'xpath\\', \\'//button[@id = \"menu_button_databases\"]\\')'\n\n    def until(self, method: Callable[[D], Union[Literal[False], T]], message: str = \"\") -> T:\n        \"\"\"Calls the method provided with the driver as an argument until the \\\n        return value does not evaluate to ``False``.\n    \n        :param method: callable(WebDriver)\n        :param message: optional message for :exc:`TimeoutException`\n        :returns: the result of the last call to `method`\n        :raises: :exc:`selenium.common.exceptions.TimeoutException` if timeout occurs\n        \"\"\"\n        screen = None\n        stacktrace = None\n    \n        end_time = time.monotonic() + self._timeout\n        while True:\n            try:\n                value = method(self._driver)\n                if value:\n                    return value\n            except self._ignored_exceptions as exc:\n                screen = getattr(exc, \"screen\", None)\n                stacktrace = getattr(exc, \"stacktrace\", None)\n            time.sleep(self._poll)\n            if time.monotonic() > end_time:\n                break\n>       raise TimeoutException(message, screen, stacktrace)\nE       selenium.common.exceptions.TimeoutException: Message: Can't find element by locator ('xpath', '//button[@id = \"menu_button_databases\"]')\nE       Stacktrace:\nE       #0 0x55b04f834ffa <unknown>\nE       #1 0x55b04f2f3970 <unknown>\nE       #2 0x55b04f345385 <unknown>\nE       #3 0x55b04f3455b1 <unknown>\nE       #4 0x55b04f3943c4 <unknown>\nE       #5 0x55b04f36b2bd <unknown>\nE       #6 0x55b04f39170c <unknown>\nE       #7 0x55b04f36b063 <unknown>\nE       #8 0x55b04f337328 <unknown>\nE       #9 0x55b04f338491 <unknown>\nE       #10 0x55b04f7fc42b <unknown>\nE       #11 0x55b04f8002ec <unknown>\nE       #12 0x55b04f7e3a22 <unknown>\nE       #13 0x55b04f800e64 <unknown>\nE       #14 0x55b04f7c7bef <unknown>\nE       #15 0x55b04f823558 <unknown>\nE       #16 0x55b04f823736 <unknown>\nE       #17 0x55b04f833e76 <unknown>\nE       #18 0x7f877fc9caa4 <unknown>\nE       #19 0x7f877fd29c3c <unknown>\n\n/opt/hostedtoolcache/Python/3.12.9/x64/lib/python3.12/site-packages/selenium/webdriver/support/wait.py:105: TimeoutException",
    "steps" : [ {
      "name" : "Click \"Databases\" button.",
      "time" : {
        "start" : 1743901933188,
        "stop" : 1743901938316,
        "duration" : 5128
      },
      "status" : "broken",
      "statusMessage" : "selenium.common.exceptions.TimeoutException: Message: Can't find element by locator ('xpath', '//button[@id = \"menu_button_databases\"]')\nStacktrace:\n#0 0x55b04f834ffa <unknown>\n#1 0x55b04f2f3970 <unknown>\n#2 0x55b04f345385 <unknown>\n#3 0x55b04f3455b1 <unknown>\n#4 0x55b04f3943c4 <unknown>\n#5 0x55b04f36b2bd <unknown>\n#6 0x55b04f39170c <unknown>\n#7 0x55b04f36b063 <unknown>\n#8 0x55b04f337328 <unknown>\n#9 0x55b04f338491 <unknown>\n#10 0x55b04f7fc42b <unknown>\n#11 0x55b04f8002ec <unknown>\n#12 0x55b04f7e3a22 <unknown>\n#13 0x55b04f800e64 <unknown>\n#14 0x55b04f7c7bef <unknown>\n#15 0x55b04f823558 <unknown>\n#16 0x55b04f823736 <unknown>\n#17 0x55b04f833e76 <unknown>\n#18 0x7f877fc9caa4 <unknown>\n#19 0x7f877fd29c3c <unknown>\n\n",
      "statusTrace" : "  File \"/home/runner/work/Oblache/Oblache/tests_ui/profile_page.py\", line 36, in click_button_databases\n    return self.element_is_present_and_clickable(self.locators.DATABASE_BUTTON).click()\n           ^^^^^^^^^^^^^^^^^^^^^^^^^^^^^^^^^^^^^^^^^^^^^^^^^^^^^^^^^^^^^^^^^^^^\n  File \"/home/runner/work/Oblache/Oblache/tests_ui/base_page.py\", line 28, in element_is_present_and_clickable\n    return (Wait(self.driver, self.timeout).until(\n            ^^^^^^^^^^^^^^^^^^^^^^^^^^^^^^^^^^^^^^\n  File \"/opt/hostedtoolcache/Python/3.12.9/x64/lib/python3.12/site-packages/selenium/webdriver/support/wait.py\", line 105, in until\n    raise TimeoutException(message, screen, stacktrace)\n",
      "steps" : [ ],
      "attachments" : [ ],
      "parameters" : [ ],
      "stepsCount" : 0,
      "attachmentsCount" : 0,
      "shouldDisplayMessage" : true,
      "hasContent" : true
    } ],
    "attachments" : [ {
      "uid" : "ffb4d9630eadee23",
      "name" : "Screenshot 2025-04-06 01:12:18.416956",
      "source" : "ffb4d9630eadee23.png",
      "type" : "image/png",
      "size" : 15571
    } ],
    "parameters" : [ ],
    "stepsCount" : 1,
    "attachmentsCount" : 1,
    "shouldDisplayMessage" : true,
    "hasContent" : true
  },
  "afterStages" : [ {
    "name" : "driver::0",
    "time" : {
      "start" : 1743901938418,
      "stop" : 1743901938477,
      "duration" : 59
    },
    "status" : "passed",
    "steps" : [ ],
    "attachments" : [ ],
    "parameters" : [ ],
    "stepsCount" : 0,
    "attachmentsCount" : 0,
    "shouldDisplayMessage" : false,
    "hasContent" : false
  } ],
  "labels" : [ {
    "name" : "suite",
    "value" : "Test Profile Page."
  }, {
    "name" : "parentSuite",
    "value" : "tests_ui"
  }, {
    "name" : "subSuite",
    "value" : "TestProfilePage"
  }, {
    "name" : "host",
    "value" : "fv-az1341-331"
  }, {
    "name" : "thread",
    "value" : "2519-MainThread"
  }, {
    "name" : "framework",
    "value" : "pytest"
  }, {
    "name" : "language",
    "value" : "cpython3"
  }, {
    "name" : "package",
    "value" : "tests_ui.test_ui"
  }, {
    "name" : "resultFormat",
    "value" : "allure2"
  } ],
  "parameters" : [ ],
  "links" : [ ],
  "hidden" : false,
  "retry" : false,
  "extra" : {
    "severity" : "normal",
    "retries" : [ ],
    "categories" : [ {
      "name" : "Test defects",
      "matchedStatuses" : [ ],
      "flaky" : false
    } ],
    "history" : {
      "statistic" : {
        "failed" : 0,
        "broken" : 19,
        "skipped" : 0,
        "passed" : 127,
        "unknown" : 0,
        "total" : 146
      },
      "items" : [ {
        "uid" : "fa79a7cb1e4a1279",
        "reportUrl" : "https://lambotik.github.io/Oblache/363//#testresult/fa79a7cb1e4a1279",
        "status" : "passed",
        "time" : {
          "start" : 1743815299295,
          "stop" : 1743815301312,
          "duration" : 2017
        }
      }, {
        "uid" : "828194cafdf251de",
        "reportUrl" : "https://lambotik.github.io/Oblache/362//#testresult/828194cafdf251de",
        "status" : "passed",
        "time" : {
          "start" : 1743728977863,
          "stop" : 1743728980699,
          "duration" : 2836
        }
      }, {
        "uid" : "2bbe6adfc280c813",
        "reportUrl" : "https://lambotik.github.io/Oblache/361//#testresult/2bbe6adfc280c813",
        "status" : "passed",
        "time" : {
          "start" : 1743642562523,
          "stop" : 1743642564725,
          "duration" : 2202
        }
      }, {
        "uid" : "58a43370750d3da0",
        "reportUrl" : "https://lambotik.github.io/Oblache/360//#testresult/58a43370750d3da0",
        "status" : "passed",
        "time" : {
          "start" : 1743556244759,
          "stop" : 1743556247068,
          "duration" : 2309
        }
      }, {
        "uid" : "bca9c336a79647c5",
        "reportUrl" : "https://lambotik.github.io/Oblache/359//#testresult/bca9c336a79647c5",
        "status" : "passed",
        "time" : {
          "start" : 1743470286172,
          "stop" : 1743470288446,
          "duration" : 2274
        }
      }, {
        "uid" : "274bfd4642c4e3dc",
        "reportUrl" : "https://lambotik.github.io/Oblache/358//#testresult/274bfd4642c4e3dc",
        "status" : "passed",
        "time" : {
          "start" : 1743383613440,
          "stop" : 1743383616187,
          "duration" : 2747
        }
      }, {
        "uid" : "5ab82946a0f5f07d",
        "reportUrl" : "https://lambotik.github.io/Oblache/357//#testresult/5ab82946a0f5f07d",
        "status" : "passed",
        "time" : {
          "start" : 1743297275603,
          "stop" : 1743297277659,
          "duration" : 2056
        }
      }, {
        "uid" : "f202394393464914",
        "reportUrl" : "https://lambotik.github.io/Oblache/356//#testresult/f202394393464914",
        "status" : "passed",
        "time" : {
          "start" : 1743210440101,
          "stop" : 1743210442081,
          "duration" : 1980
        }
      }, {
        "uid" : "234a8e2653788680",
        "reportUrl" : "https://lambotik.github.io/Oblache/355//#testresult/234a8e2653788680",
        "status" : "passed",
        "time" : {
          "start" : 1743124124924,
          "stop" : 1743124127693,
          "duration" : 2769
        }
      }, {
        "uid" : "9db1629888c0cc12",
        "reportUrl" : "https://lambotik.github.io/Oblache/354//#testresult/9db1629888c0cc12",
        "status" : "passed",
        "time" : {
          "start" : 1743037707714,
          "stop" : 1743037709928,
          "duration" : 2214
        }
      }, {
        "uid" : "42c11acebc0c66d6",
        "reportUrl" : "https://lambotik.github.io/Oblache/353//#testresult/42c11acebc0c66d6",
        "status" : "broken",
        "statusDetails" : "selenium.common.exceptions.TimeoutException: Message: Can't find elements by locator ('xpath', '//tbody[@id=\"tbody_dbs\"]//tr')",
        "time" : {
          "start" : 1742951297114,
          "stop" : 1742951303009,
          "duration" : 5895
        }
      }, {
        "uid" : "33a05bea43046b64",
        "reportUrl" : "https://lambotik.github.io/Oblache/352//#testresult/33a05bea43046b64",
        "status" : "passed",
        "time" : {
          "start" : 1742864988471,
          "stop" : 1742864990552,
          "duration" : 2081
        }
      }, {
        "uid" : "64f3748dcf2cc865",
        "reportUrl" : "https://lambotik.github.io/Oblache/351//#testresult/64f3748dcf2cc865",
        "status" : "passed",
        "time" : {
          "start" : 1742778628308,
          "stop" : 1742778630996,
          "duration" : 2688
        }
      }, {
        "uid" : "eb274a7a767cdda6",
        "reportUrl" : "https://lambotik.github.io/Oblache/350//#testresult/eb274a7a767cdda6",
        "status" : "passed",
        "time" : {
          "start" : 1742692419675,
          "stop" : 1742692421908,
          "duration" : 2233
        }
      }, {
        "uid" : "23d710f2d2a24445",
        "reportUrl" : "https://lambotik.github.io/Oblache/349//#testresult/23d710f2d2a24445",
        "status" : "broken",
        "statusDetails" : "selenium.common.exceptions.TimeoutException: Message: Can't find elements by locator ('xpath', '//tbody[@id=\"tbody_dbs\"]//tr')",
        "time" : {
          "start" : 1742605647645,
          "stop" : 1742605653564,
          "duration" : 5919
        }
      }, {
        "uid" : "fd5505b5c70d5f7d",
        "reportUrl" : "https://lambotik.github.io/Oblache/348//#testresult/fd5505b5c70d5f7d",
        "status" : "passed",
        "time" : {
          "start" : 1742519317327,
          "stop" : 1742519320057,
          "duration" : 2730
        }
      }, {
        "uid" : "8af9dc5f564bf5c8",
        "reportUrl" : "https://lambotik.github.io/Oblache/347//#testresult/8af9dc5f564bf5c8",
        "status" : "broken",
        "statusDetails" : "KeyError: 'data'",
        "time" : {
          "start" : 1742432847545,
          "stop" : 1742432849825,
          "duration" : 2280
        }
      }, {
        "uid" : "44ad31b94ad76412",
        "reportUrl" : "https://lambotik.github.io/Oblache/346//#testresult/44ad31b94ad76412",
        "status" : "broken",
        "statusDetails" : "selenium.common.exceptions.TimeoutException: Message: Can't find elements by locator ('xpath', '//tbody[@id=\"tbody_dbs\"]//tr')",
        "time" : {
          "start" : 1742346508531,
          "stop" : 1742346514439,
          "duration" : 5908
        }
      }, {
        "uid" : "5801c1edb06b342",
        "reportUrl" : "https://lambotik.github.io/Oblache/345//#testresult/5801c1edb06b342",
        "status" : "passed",
        "time" : {
          "start" : 1742260058931,
          "stop" : 1742260061823,
          "duration" : 2892
        }
      }, {
        "uid" : "c09e35e7a51c3d5b",
        "reportUrl" : "https://lambotik.github.io/Oblache/344//#testresult/c09e35e7a51c3d5b",
        "status" : "broken",
        "statusDetails" : "selenium.common.exceptions.TimeoutException: Message: Can't find elements by locator ('xpath', '//tbody[@id=\"tbody_dbs\"]//tr')",
        "time" : {
          "start" : 1742173766824,
          "stop" : 1742173772723,
          "duration" : 5899
        }
      } ]
    },
    "tags" : [ ]
  },
  "source" : "97ce162a2f1ad9c2.json",
  "parameterValues" : [ ]
}