{
  "uid" : "b13daca0d23bedbd",
  "name" : "test_clipboard_uuid_docker",
  "fullName" : "tests_ui.test_ui.TestProfilePage#test_clipboard_uuid_docker",
  "historyId" : "11f91f43cfea2a231aececf29c7ed302",
  "time" : {
    "start" : 1743901945429,
    "stop" : 1743901950557,
    "duration" : 5128
  },
  "status" : "broken",
  "statusMessage" : "selenium.common.exceptions.TimeoutException: Message: Can't find element by locator ('xpath', '//button[@id=\"menu_button_containers\"]')\nStacktrace:\n#0 0x5568140a8ffa <unknown>\n#1 0x556813b67970 <unknown>\n#2 0x556813bb9385 <unknown>\n#3 0x556813bb95b1 <unknown>\n#4 0x556813c083c4 <unknown>\n#5 0x556813bdf2bd <unknown>\n#6 0x556813c0570c <unknown>\n#7 0x556813bdf063 <unknown>\n#8 0x556813bab328 <unknown>\n#9 0x556813bac491 <unknown>\n#10 0x55681407042b <unknown>\n#11 0x5568140742ec <unknown>\n#12 0x556814057a22 <unknown>\n#13 0x556814074e64 <unknown>\n#14 0x55681403bbef <unknown>\n#15 0x556814097558 <unknown>\n#16 0x556814097736 <unknown>\n#17 0x5568140a7e76 <unknown>\n#18 0x7f95a129caa4 <unknown>\n#19 0x7f95a1329c3c <unknown>",
  "statusTrace" : "self = <tests_ui.test_ui.TestProfilePage object at 0x7fe644f5bad0>\ndriver = <selenium.webdriver.chrome.webdriver.WebDriver (session=\"eb99fc421bc5180e2aa60a9aa326423a\")>\nauthorization_user = None\n\n    @allure.title('test_clipboard_uuid_docker')\n    def test_clipboard_uuid_docker(self, driver, authorization_user):\n        page = ProfilePage(driver, authorization_user)\n>       page.click_button_docker_containers()\n\ntests_ui/test_ui.py:112: \n_ _ _ _ _ _ _ _ _ _ _ _ _ _ _ _ _ _ _ _ _ _ _ _ _ _ _ _ _ _ _ _ _ _ _ _ _ _ _ _ \ntests_ui/profile_page.py:53: in click_button_docker_containers\n    return self.element_is_present_and_clickable(self.locators.BUTTON_DOCKER_CONTAINER).click()\ntests_ui/base_page.py:28: in element_is_present_and_clickable\n    return (Wait(self.driver, self.timeout).until(\n_ _ _ _ _ _ _ _ _ _ _ _ _ _ _ _ _ _ _ _ _ _ _ _ _ _ _ _ _ _ _ _ _ _ _ _ _ _ _ _ \n\nself = <selenium.webdriver.support.wait.WebDriverWait (session=\"eb99fc421bc5180e2aa60a9aa326423a\")>\nmethod = <function visibility_of_element_located.<locals>._predicate at 0x7fe6441554e0>\nmessage = 'Can\\'t find element by locator (\\'xpath\\', \\'//button[@id=\"menu_button_containers\"]\\')'\n\n    def until(self, method: Callable[[D], Union[Literal[False], T]], message: str = \"\") -> T:\n        \"\"\"Calls the method provided with the driver as an argument until the \\\n        return value does not evaluate to ``False``.\n    \n        :param method: callable(WebDriver)\n        :param message: optional message for :exc:`TimeoutException`\n        :returns: the result of the last call to `method`\n        :raises: :exc:`selenium.common.exceptions.TimeoutException` if timeout occurs\n        \"\"\"\n        screen = None\n        stacktrace = None\n    \n        end_time = time.monotonic() + self._timeout\n        while True:\n            try:\n                value = method(self._driver)\n                if value:\n                    return value\n            except self._ignored_exceptions as exc:\n                screen = getattr(exc, \"screen\", None)\n                stacktrace = getattr(exc, \"stacktrace\", None)\n            time.sleep(self._poll)\n            if time.monotonic() > end_time:\n                break\n>       raise TimeoutException(message, screen, stacktrace)\nE       selenium.common.exceptions.TimeoutException: Message: Can't find element by locator ('xpath', '//button[@id=\"menu_button_containers\"]')\nE       Stacktrace:\nE       #0 0x5568140a8ffa <unknown>\nE       #1 0x556813b67970 <unknown>\nE       #2 0x556813bb9385 <unknown>\nE       #3 0x556813bb95b1 <unknown>\nE       #4 0x556813c083c4 <unknown>\nE       #5 0x556813bdf2bd <unknown>\nE       #6 0x556813c0570c <unknown>\nE       #7 0x556813bdf063 <unknown>\nE       #8 0x556813bab328 <unknown>\nE       #9 0x556813bac491 <unknown>\nE       #10 0x55681407042b <unknown>\nE       #11 0x5568140742ec <unknown>\nE       #12 0x556814057a22 <unknown>\nE       #13 0x556814074e64 <unknown>\nE       #14 0x55681403bbef <unknown>\nE       #15 0x556814097558 <unknown>\nE       #16 0x556814097736 <unknown>\nE       #17 0x5568140a7e76 <unknown>\nE       #18 0x7f95a129caa4 <unknown>\nE       #19 0x7f95a1329c3c <unknown>\n\n/opt/hostedtoolcache/Python/3.12.9/x64/lib/python3.12/site-packages/selenium/webdriver/support/wait.py:105: TimeoutException",
  "flaky" : false,
  "newFailed" : false,
  "beforeStages" : [ {
    "name" : "driver",
    "time" : {
      "start" : 1743901944596,
      "stop" : 1743901944932,
      "duration" : 336
    },
    "status" : "passed",
    "steps" : [ ],
    "attachments" : [ ],
    "parameters" : [ ],
    "stepsCount" : 0,
    "attachmentsCount" : 0,
    "shouldDisplayMessage" : false,
    "hasContent" : false
  }, {
    "name" : "authorization_user",
    "time" : {
      "start" : 1743901944932,
      "stop" : 1743901945429,
      "duration" : 497
    },
    "status" : "passed",
    "steps" : [ {
      "name" : "Open page: https://oblache.areso.pro/register.html",
      "time" : {
        "start" : 1743901944932,
        "stop" : 1743901945235,
        "duration" : 303
      },
      "status" : "passed",
      "steps" : [ ],
      "attachments" : [ ],
      "parameters" : [ ],
      "stepsCount" : 0,
      "attachmentsCount" : 0,
      "shouldDisplayMessage" : false,
      "hasContent" : false
    }, {
      "name" : "Login user",
      "time" : {
        "start" : 1743901945235,
        "stop" : 1743901945429,
        "duration" : 194
      },
      "status" : "passed",
      "steps" : [ {
        "name" : "Enter email.",
        "time" : {
          "start" : 1743901945235,
          "stop" : 1743901945294,
          "duration" : 59
        },
        "status" : "passed",
        "steps" : [ ],
        "attachments" : [ ],
        "parameters" : [ ],
        "stepsCount" : 0,
        "attachmentsCount" : 0,
        "shouldDisplayMessage" : false,
        "hasContent" : false
      }, {
        "name" : "Enter password.",
        "time" : {
          "start" : 1743901945294,
          "stop" : 1743901945338,
          "duration" : 44
        },
        "status" : "passed",
        "steps" : [ ],
        "attachments" : [ ],
        "parameters" : [ ],
        "stepsCount" : 0,
        "attachmentsCount" : 0,
        "shouldDisplayMessage" : false,
        "hasContent" : false
      }, {
        "name" : "Click button \"Login\"",
        "time" : {
          "start" : 1743901945338,
          "stop" : 1743901945425,
          "duration" : 87
        },
        "status" : "passed",
        "steps" : [ ],
        "attachments" : [ ],
        "parameters" : [ ],
        "stepsCount" : 0,
        "attachmentsCount" : 0,
        "shouldDisplayMessage" : false,
        "hasContent" : false
      }, {
        "name" : "Check url is present: https://oblache.areso.pro/register.html",
        "time" : {
          "start" : 1743901945425,
          "stop" : 1743901945429,
          "duration" : 4
        },
        "status" : "passed",
        "steps" : [ ],
        "attachments" : [ ],
        "parameters" : [ ],
        "stepsCount" : 0,
        "attachmentsCount" : 0,
        "shouldDisplayMessage" : false,
        "hasContent" : false
      } ],
      "attachments" : [ ],
      "parameters" : [ ],
      "stepsCount" : 4,
      "attachmentsCount" : 0,
      "shouldDisplayMessage" : false,
      "hasContent" : true
    } ],
    "attachments" : [ ],
    "parameters" : [ ],
    "stepsCount" : 6,
    "attachmentsCount" : 0,
    "shouldDisplayMessage" : false,
    "hasContent" : true
  } ],
  "testStage" : {
    "status" : "broken",
    "statusMessage" : "selenium.common.exceptions.TimeoutException: Message: Can't find element by locator ('xpath', '//button[@id=\"menu_button_containers\"]')\nStacktrace:\n#0 0x5568140a8ffa <unknown>\n#1 0x556813b67970 <unknown>\n#2 0x556813bb9385 <unknown>\n#3 0x556813bb95b1 <unknown>\n#4 0x556813c083c4 <unknown>\n#5 0x556813bdf2bd <unknown>\n#6 0x556813c0570c <unknown>\n#7 0x556813bdf063 <unknown>\n#8 0x556813bab328 <unknown>\n#9 0x556813bac491 <unknown>\n#10 0x55681407042b <unknown>\n#11 0x5568140742ec <unknown>\n#12 0x556814057a22 <unknown>\n#13 0x556814074e64 <unknown>\n#14 0x55681403bbef <unknown>\n#15 0x556814097558 <unknown>\n#16 0x556814097736 <unknown>\n#17 0x5568140a7e76 <unknown>\n#18 0x7f95a129caa4 <unknown>\n#19 0x7f95a1329c3c <unknown>",
    "statusTrace" : "self = <tests_ui.test_ui.TestProfilePage object at 0x7fe644f5bad0>\ndriver = <selenium.webdriver.chrome.webdriver.WebDriver (session=\"eb99fc421bc5180e2aa60a9aa326423a\")>\nauthorization_user = None\n\n    @allure.title('test_clipboard_uuid_docker')\n    def test_clipboard_uuid_docker(self, driver, authorization_user):\n        page = ProfilePage(driver, authorization_user)\n>       page.click_button_docker_containers()\n\ntests_ui/test_ui.py:112: \n_ _ _ _ _ _ _ _ _ _ _ _ _ _ _ _ _ _ _ _ _ _ _ _ _ _ _ _ _ _ _ _ _ _ _ _ _ _ _ _ \ntests_ui/profile_page.py:53: in click_button_docker_containers\n    return self.element_is_present_and_clickable(self.locators.BUTTON_DOCKER_CONTAINER).click()\ntests_ui/base_page.py:28: in element_is_present_and_clickable\n    return (Wait(self.driver, self.timeout).until(\n_ _ _ _ _ _ _ _ _ _ _ _ _ _ _ _ _ _ _ _ _ _ _ _ _ _ _ _ _ _ _ _ _ _ _ _ _ _ _ _ \n\nself = <selenium.webdriver.support.wait.WebDriverWait (session=\"eb99fc421bc5180e2aa60a9aa326423a\")>\nmethod = <function visibility_of_element_located.<locals>._predicate at 0x7fe6441554e0>\nmessage = 'Can\\'t find element by locator (\\'xpath\\', \\'//button[@id=\"menu_button_containers\"]\\')'\n\n    def until(self, method: Callable[[D], Union[Literal[False], T]], message: str = \"\") -> T:\n        \"\"\"Calls the method provided with the driver as an argument until the \\\n        return value does not evaluate to ``False``.\n    \n        :param method: callable(WebDriver)\n        :param message: optional message for :exc:`TimeoutException`\n        :returns: the result of the last call to `method`\n        :raises: :exc:`selenium.common.exceptions.TimeoutException` if timeout occurs\n        \"\"\"\n        screen = None\n        stacktrace = None\n    \n        end_time = time.monotonic() + self._timeout\n        while True:\n            try:\n                value = method(self._driver)\n                if value:\n                    return value\n            except self._ignored_exceptions as exc:\n                screen = getattr(exc, \"screen\", None)\n                stacktrace = getattr(exc, \"stacktrace\", None)\n            time.sleep(self._poll)\n            if time.monotonic() > end_time:\n                break\n>       raise TimeoutException(message, screen, stacktrace)\nE       selenium.common.exceptions.TimeoutException: Message: Can't find element by locator ('xpath', '//button[@id=\"menu_button_containers\"]')\nE       Stacktrace:\nE       #0 0x5568140a8ffa <unknown>\nE       #1 0x556813b67970 <unknown>\nE       #2 0x556813bb9385 <unknown>\nE       #3 0x556813bb95b1 <unknown>\nE       #4 0x556813c083c4 <unknown>\nE       #5 0x556813bdf2bd <unknown>\nE       #6 0x556813c0570c <unknown>\nE       #7 0x556813bdf063 <unknown>\nE       #8 0x556813bab328 <unknown>\nE       #9 0x556813bac491 <unknown>\nE       #10 0x55681407042b <unknown>\nE       #11 0x5568140742ec <unknown>\nE       #12 0x556814057a22 <unknown>\nE       #13 0x556814074e64 <unknown>\nE       #14 0x55681403bbef <unknown>\nE       #15 0x556814097558 <unknown>\nE       #16 0x556814097736 <unknown>\nE       #17 0x5568140a7e76 <unknown>\nE       #18 0x7f95a129caa4 <unknown>\nE       #19 0x7f95a1329c3c <unknown>\n\n/opt/hostedtoolcache/Python/3.12.9/x64/lib/python3.12/site-packages/selenium/webdriver/support/wait.py:105: TimeoutException",
    "steps" : [ {
      "name" : "Click \"Docker containers\" button.",
      "time" : {
        "start" : 1743901945429,
        "stop" : 1743901950557,
        "duration" : 5128
      },
      "status" : "broken",
      "statusMessage" : "selenium.common.exceptions.TimeoutException: Message: Can't find element by locator ('xpath', '//button[@id=\"menu_button_containers\"]')\nStacktrace:\n#0 0x5568140a8ffa <unknown>\n#1 0x556813b67970 <unknown>\n#2 0x556813bb9385 <unknown>\n#3 0x556813bb95b1 <unknown>\n#4 0x556813c083c4 <unknown>\n#5 0x556813bdf2bd <unknown>\n#6 0x556813c0570c <unknown>\n#7 0x556813bdf063 <unknown>\n#8 0x556813bab328 <unknown>\n#9 0x556813bac491 <unknown>\n#10 0x55681407042b <unknown>\n#11 0x5568140742ec <unknown>\n#12 0x556814057a22 <unknown>\n#13 0x556814074e64 <unknown>\n#14 0x55681403bbef <unknown>\n#15 0x556814097558 <unknown>\n#16 0x556814097736 <unknown>\n#17 0x5568140a7e76 <unknown>\n#18 0x7f95a129caa4 <unknown>\n#19 0x7f95a1329c3c <unknown>\n\n",
      "statusTrace" : "  File \"/home/runner/work/Oblache/Oblache/tests_ui/profile_page.py\", line 53, in click_button_docker_containers\n    return self.element_is_present_and_clickable(self.locators.BUTTON_DOCKER_CONTAINER).click()\n           ^^^^^^^^^^^^^^^^^^^^^^^^^^^^^^^^^^^^^^^^^^^^^^^^^^^^^^^^^^^^^^^^^^^^^^^^^^^^\n  File \"/home/runner/work/Oblache/Oblache/tests_ui/base_page.py\", line 28, in element_is_present_and_clickable\n    return (Wait(self.driver, self.timeout).until(\n            ^^^^^^^^^^^^^^^^^^^^^^^^^^^^^^^^^^^^^^\n  File \"/opt/hostedtoolcache/Python/3.12.9/x64/lib/python3.12/site-packages/selenium/webdriver/support/wait.py\", line 105, in until\n    raise TimeoutException(message, screen, stacktrace)\n",
      "steps" : [ ],
      "attachments" : [ ],
      "parameters" : [ ],
      "stepsCount" : 0,
      "attachmentsCount" : 0,
      "shouldDisplayMessage" : true,
      "hasContent" : true
    } ],
    "attachments" : [ {
      "uid" : "37d201c84d1b918",
      "name" : "Screenshot 2025-04-06 01:12:30.649573",
      "source" : "37d201c84d1b918.png",
      "type" : "image/png",
      "size" : 15571
    } ],
    "parameters" : [ ],
    "stepsCount" : 1,
    "attachmentsCount" : 1,
    "shouldDisplayMessage" : true,
    "hasContent" : true
  },
  "afterStages" : [ {
    "name" : "driver::0",
    "time" : {
      "start" : 1743901950651,
      "stop" : 1743901950710,
      "duration" : 59
    },
    "status" : "passed",
    "steps" : [ ],
    "attachments" : [ ],
    "parameters" : [ ],
    "stepsCount" : 0,
    "attachmentsCount" : 0,
    "shouldDisplayMessage" : false,
    "hasContent" : false
  } ],
  "labels" : [ {
    "name" : "suite",
    "value" : "Test Profile Page."
  }, {
    "name" : "parentSuite",
    "value" : "tests_ui"
  }, {
    "name" : "subSuite",
    "value" : "TestProfilePage"
  }, {
    "name" : "host",
    "value" : "fv-az1341-331"
  }, {
    "name" : "thread",
    "value" : "2519-MainThread"
  }, {
    "name" : "framework",
    "value" : "pytest"
  }, {
    "name" : "language",
    "value" : "cpython3"
  }, {
    "name" : "package",
    "value" : "tests_ui.test_ui"
  }, {
    "name" : "resultFormat",
    "value" : "allure2"
  } ],
  "parameters" : [ ],
  "links" : [ ],
  "hidden" : false,
  "retry" : false,
  "extra" : {
    "severity" : "normal",
    "retries" : [ ],
    "categories" : [ {
      "name" : "Test defects",
      "matchedStatuses" : [ ],
      "flaky" : false
    } ],
    "history" : {
      "statistic" : {
        "failed" : 0,
        "broken" : 17,
        "skipped" : 0,
        "passed" : 129,
        "unknown" : 0,
        "total" : 146
      },
      "items" : [ {
        "uid" : "bcf0ae2287d72c3",
        "reportUrl" : "https://lambotik.github.io/Oblache/363//#testresult/bcf0ae2287d72c3",
        "status" : "passed",
        "time" : {
          "start" : 1743815309848,
          "stop" : 1743815312372,
          "duration" : 2524
        }
      }, {
        "uid" : "9105ea4c1cf9402e",
        "reportUrl" : "https://lambotik.github.io/Oblache/362//#testresult/9105ea4c1cf9402e",
        "status" : "passed",
        "time" : {
          "start" : 1743728990794,
          "stop" : 1743728994153,
          "duration" : 3359
        }
      }, {
        "uid" : "2894e7b491b8852e",
        "reportUrl" : "https://lambotik.github.io/Oblache/361//#testresult/2894e7b491b8852e",
        "status" : "passed",
        "time" : {
          "start" : 1743642573550,
          "stop" : 1743642576252,
          "duration" : 2702
        }
      }, {
        "uid" : "a3220985eed722dd",
        "reportUrl" : "https://lambotik.github.io/Oblache/360//#testresult/a3220985eed722dd",
        "status" : "passed",
        "time" : {
          "start" : 1743556256474,
          "stop" : 1743556259182,
          "duration" : 2708
        }
      }, {
        "uid" : "4414ffe33e8bf298",
        "reportUrl" : "https://lambotik.github.io/Oblache/359//#testresult/4414ffe33e8bf298",
        "status" : "passed",
        "time" : {
          "start" : 1743470296904,
          "stop" : 1743470299315,
          "duration" : 2411
        }
      }, {
        "uid" : "ea4a59951ab6b1a",
        "reportUrl" : "https://lambotik.github.io/Oblache/358//#testresult/ea4a59951ab6b1a",
        "status" : "passed",
        "time" : {
          "start" : 1743383625624,
          "stop" : 1743383628930,
          "duration" : 3306
        }
      }, {
        "uid" : "b3d84351735840c3",
        "reportUrl" : "https://lambotik.github.io/Oblache/357//#testresult/b3d84351735840c3",
        "status" : "passed",
        "time" : {
          "start" : 1743297285494,
          "stop" : 1743297288110,
          "duration" : 2616
        }
      }, {
        "uid" : "dbb447a38531c8a3",
        "reportUrl" : "https://lambotik.github.io/Oblache/356//#testresult/dbb447a38531c8a3",
        "status" : "passed",
        "time" : {
          "start" : 1743210450572,
          "stop" : 1743210453056,
          "duration" : 2484
        }
      }, {
        "uid" : "10c02f3d36b28ca4",
        "reportUrl" : "https://lambotik.github.io/Oblache/355//#testresult/10c02f3d36b28ca4",
        "status" : "passed",
        "time" : {
          "start" : 1743124136493,
          "stop" : 1743124139231,
          "duration" : 2738
        }
      }, {
        "uid" : "925cd7bd9b69ea89",
        "reportUrl" : "https://lambotik.github.io/Oblache/354//#testresult/925cd7bd9b69ea89",
        "status" : "passed",
        "time" : {
          "start" : 1743037718723,
          "stop" : 1743037721398,
          "duration" : 2675
        }
      }, {
        "uid" : "7a135df858308146",
        "reportUrl" : "https://lambotik.github.io/Oblache/353//#testresult/7a135df858308146",
        "status" : "broken",
        "statusDetails" : "selenium.common.exceptions.TimeoutException: Message: Can't find element by locator ('xpath', '//table[@id=\"table_containers\"] //tr[1]/td[3] /button')\nStacktrace:\n#0 0x55b81e873a1a <unknown>\n#1 0x55b81e32b390 <unknown>\n#2 0x55b81e37cc85 <unknown>\n#3 0x55b81e37ceb1 <unknown>\n#4 0x55b81e3cbd64 <unknown>\n#5 0x55b81e3a2bfd <unknown>\n#6 0x55b81e3c907b <unknown>\n#7 0x55b81e3a29a3 <unknown>\n#8 0x55b81e36e60e <unknown>\n#9 0x55b81e36fdd1 <unknown>\n#10 0x55b81e839ddb <unknown>\n#11 0x55b81e83dcbc <unknown>\n#12 0x55b81e821392 <unknown>\n#13 0x55b81e83e834 <unknown>\n#14 0x55b81e8051ef <unknown>\n#15 0x55b81e862038 <unknown>\n#16 0x55b81e862216 <unknown>\n#17 0x55b81e872896 <unknown>\n#18 0x7f6c9429caa4 <unknown>\n#19 0x7f6c94329c3c <unknown>",
        "time" : {
          "start" : 1742951311056,
          "stop" : 1742951317163,
          "duration" : 6107
        }
      }, {
        "uid" : "4028ab539733d874",
        "reportUrl" : "https://lambotik.github.io/Oblache/352//#testresult/4028ab539733d874",
        "status" : "passed",
        "time" : {
          "start" : 1742864998444,
          "stop" : 1742865001009,
          "duration" : 2565
        }
      }, {
        "uid" : "48b741f76e454804",
        "reportUrl" : "https://lambotik.github.io/Oblache/351//#testresult/48b741f76e454804",
        "status" : "passed",
        "time" : {
          "start" : 1742778640436,
          "stop" : 1742778643736,
          "duration" : 3300
        }
      }, {
        "uid" : "ddf24832b708c391",
        "reportUrl" : "https://lambotik.github.io/Oblache/350//#testresult/ddf24832b708c391",
        "status" : "passed",
        "time" : {
          "start" : 1742692431182,
          "stop" : 1742692433866,
          "duration" : 2684
        }
      }, {
        "uid" : "33fa564ff73e1139",
        "reportUrl" : "https://lambotik.github.io/Oblache/349//#testresult/33fa564ff73e1139",
        "status" : "passed",
        "time" : {
          "start" : 1742605662393,
          "stop" : 1742605664877,
          "duration" : 2484
        }
      }, {
        "uid" : "f3faf5b269eca45e",
        "reportUrl" : "https://lambotik.github.io/Oblache/348//#testresult/f3faf5b269eca45e",
        "status" : "passed",
        "time" : {
          "start" : 1742519329510,
          "stop" : 1742519332864,
          "duration" : 3354
        }
      }, {
        "uid" : "8adcea0ac1fb8a6",
        "reportUrl" : "https://lambotik.github.io/Oblache/347//#testresult/8adcea0ac1fb8a6",
        "status" : "broken",
        "statusDetails" : "KeyError: 'data'",
        "time" : {
          "start" : 1742432858729,
          "stop" : 1742432861454,
          "duration" : 2725
        }
      }, {
        "uid" : "b79e6731fc645ad5",
        "reportUrl" : "https://lambotik.github.io/Oblache/346//#testresult/b79e6731fc645ad5",
        "status" : "passed",
        "time" : {
          "start" : 1742346523140,
          "stop" : 1742346525606,
          "duration" : 2466
        }
      }, {
        "uid" : "2c661935b7a28e13",
        "reportUrl" : "https://lambotik.github.io/Oblache/345//#testresult/2c661935b7a28e13",
        "status" : "passed",
        "time" : {
          "start" : 1742260071242,
          "stop" : 1742260074572,
          "duration" : 3330
        }
      }, {
        "uid" : "f50b2e94389b7f1d",
        "reportUrl" : "https://lambotik.github.io/Oblache/344//#testresult/f50b2e94389b7f1d",
        "status" : "passed",
        "time" : {
          "start" : 1742173781407,
          "stop" : 1742173783911,
          "duration" : 2504
        }
      } ]
    },
    "tags" : [ ]
  },
  "source" : "b13daca0d23bedbd.json",
  "parameterValues" : [ ]
}