{
  "uid" : "21e349ef0e4b519d",
  "name" : "test_create_database",
  "fullName" : "tests_ui.test_ui.TestProfilePage#test_create_database",
  "historyId" : "4762f7b87391625d86f9ea8dbdd3b406",
  "time" : {
    "start" : 1754015240062,
    "stop" : 1754015248113,
    "duration" : 8051
  },
  "status" : "broken",
  "statusMessage" : "selenium.common.exceptions.TimeoutException: Message: Can't find element by locator ('xpath', '//div[@id=\"msg_from_server\"]')",
  "statusTrace" : "self = <tests_ui.test_ui.TestProfilePage object at 0x7f346945d9d0>\ndriver = <selenium.webdriver.chrome.webdriver.WebDriver (session=\"45d0b85b58dc177fd55df4bb478f740e\")>\nauthorization_user = None\n\n    @allure.title('test_create_database')\n    def test_create_database(self, driver, authorization_user):\n        page = ProfilePage(driver, authorization_user)\n>       page.compare_database_status()\n\ntests_ui/test_ui.py:83: \n_ _ _ _ _ _ _ _ _ _ _ _ _ _ _ _ _ _ _ _ _ _ _ _ _ _ _ _ _ _ _ _ _ _ _ _ _ _ _ _ \ntests_ui/profile_page.py:150: in compare_database_status\n    msg = self.element_is_visible(self.locators.MSG_FROM_SERVER).text\ntests_ui/base_page.py:34: in element_is_visible\n    return Wait(self.driver, self.timeout).until(\n_ _ _ _ _ _ _ _ _ _ _ _ _ _ _ _ _ _ _ _ _ _ _ _ _ _ _ _ _ _ _ _ _ _ _ _ _ _ _ _ \n\nself = <selenium.webdriver.support.wait.WebDriverWait (session=\"45d0b85b58dc177fd55df4bb478f740e\")>\nmethod = <function visibility_of_element_located.<locals>._predicate at 0x7f3468594f40>\nmessage = 'Can\\'t find element by locator (\\'xpath\\', \\'//div[@id=\"msg_from_server\"]\\')'\n\n    def until(self, method: Callable[[D], Union[Literal[False], T]], message: str = \"\") -> T:\n        \"\"\"Calls the method provided with the driver as an argument until the \\\n        return value does not evaluate to ``False``.\n    \n        :param method: callable(WebDriver)\n        :param message: optional message for :exc:`TimeoutException`\n        :returns: the result of the last call to `method`\n        :raises: :exc:`selenium.common.exceptions.TimeoutException` if timeout occurs\n        \"\"\"\n        screen = None\n        stacktrace = None\n    \n        end_time = time.monotonic() + self._timeout\n        while True:\n            try:\n                value = method(self._driver)\n                if value:\n                    return value\n            except self._ignored_exceptions as exc:\n                screen = getattr(exc, \"screen\", None)\n                stacktrace = getattr(exc, \"stacktrace\", None)\n            time.sleep(self._poll)\n            if time.monotonic() > end_time:\n                break\n>       raise TimeoutException(message, screen, stacktrace)\nE       selenium.common.exceptions.TimeoutException: Message: Can't find element by locator ('xpath', '//div[@id=\"msg_from_server\"]')\n\n/opt/hostedtoolcache/Python/3.12.11/x64/lib/python3.12/site-packages/selenium/webdriver/support/wait.py:105: TimeoutException",
  "flaky" : false,
  "newFailed" : false,
  "beforeStages" : [ {
    "name" : "authorization_user",
    "time" : {
      "start" : 1754015239555,
      "stop" : 1754015240061,
      "duration" : 506
    },
    "status" : "passed",
    "steps" : [ {
      "name" : "Open page: https://oblache.areso.pro/register.html",
      "time" : {
        "start" : 1754015239555,
        "stop" : 1754015239861,
        "duration" : 306
      },
      "status" : "passed",
      "steps" : [ ],
      "attachments" : [ ],
      "parameters" : [ ],
      "stepsCount" : 0,
      "attachmentsCount" : 0,
      "shouldDisplayMessage" : false,
      "hasContent" : false
    }, {
      "name" : "Login user",
      "time" : {
        "start" : 1754015239861,
        "stop" : 1754015240061,
        "duration" : 200
      },
      "status" : "passed",
      "steps" : [ {
        "name" : "Enter email.",
        "time" : {
          "start" : 1754015239861,
          "stop" : 1754015239927,
          "duration" : 66
        },
        "status" : "passed",
        "steps" : [ ],
        "attachments" : [ ],
        "parameters" : [ ],
        "stepsCount" : 0,
        "attachmentsCount" : 0,
        "shouldDisplayMessage" : false,
        "hasContent" : false
      }, {
        "name" : "Enter password.",
        "time" : {
          "start" : 1754015239927,
          "stop" : 1754015239971,
          "duration" : 44
        },
        "status" : "passed",
        "steps" : [ ],
        "attachments" : [ ],
        "parameters" : [ ],
        "stepsCount" : 0,
        "attachmentsCount" : 0,
        "shouldDisplayMessage" : false,
        "hasContent" : false
      }, {
        "name" : "Click button \"Login\"",
        "time" : {
          "start" : 1754015239971,
          "stop" : 1754015240059,
          "duration" : 88
        },
        "status" : "passed",
        "steps" : [ ],
        "attachments" : [ ],
        "parameters" : [ ],
        "stepsCount" : 0,
        "attachmentsCount" : 0,
        "shouldDisplayMessage" : false,
        "hasContent" : false
      }, {
        "name" : "Check url is present: https://oblache.areso.pro/register.html",
        "time" : {
          "start" : 1754015240059,
          "stop" : 1754015240061,
          "duration" : 2
        },
        "status" : "passed",
        "steps" : [ ],
        "attachments" : [ ],
        "parameters" : [ ],
        "stepsCount" : 0,
        "attachmentsCount" : 0,
        "shouldDisplayMessage" : false,
        "hasContent" : false
      } ],
      "attachments" : [ ],
      "parameters" : [ ],
      "stepsCount" : 4,
      "attachmentsCount" : 0,
      "shouldDisplayMessage" : false,
      "hasContent" : true
    } ],
    "attachments" : [ ],
    "parameters" : [ ],
    "stepsCount" : 6,
    "attachmentsCount" : 0,
    "shouldDisplayMessage" : false,
    "hasContent" : true
  }, {
    "name" : "driver",
    "time" : {
      "start" : 1754015239205,
      "stop" : 1754015239555,
      "duration" : 350
    },
    "status" : "passed",
    "steps" : [ ],
    "attachments" : [ ],
    "parameters" : [ ],
    "stepsCount" : 0,
    "attachmentsCount" : 0,
    "shouldDisplayMessage" : false,
    "hasContent" : false
  } ],
  "testStage" : {
    "status" : "broken",
    "statusMessage" : "selenium.common.exceptions.TimeoutException: Message: Can't find element by locator ('xpath', '//div[@id=\"msg_from_server\"]')",
    "statusTrace" : "self = <tests_ui.test_ui.TestProfilePage object at 0x7f346945d9d0>\ndriver = <selenium.webdriver.chrome.webdriver.WebDriver (session=\"45d0b85b58dc177fd55df4bb478f740e\")>\nauthorization_user = None\n\n    @allure.title('test_create_database')\n    def test_create_database(self, driver, authorization_user):\n        page = ProfilePage(driver, authorization_user)\n>       page.compare_database_status()\n\ntests_ui/test_ui.py:83: \n_ _ _ _ _ _ _ _ _ _ _ _ _ _ _ _ _ _ _ _ _ _ _ _ _ _ _ _ _ _ _ _ _ _ _ _ _ _ _ _ \ntests_ui/profile_page.py:150: in compare_database_status\n    msg = self.element_is_visible(self.locators.MSG_FROM_SERVER).text\ntests_ui/base_page.py:34: in element_is_visible\n    return Wait(self.driver, self.timeout).until(\n_ _ _ _ _ _ _ _ _ _ _ _ _ _ _ _ _ _ _ _ _ _ _ _ _ _ _ _ _ _ _ _ _ _ _ _ _ _ _ _ \n\nself = <selenium.webdriver.support.wait.WebDriverWait (session=\"45d0b85b58dc177fd55df4bb478f740e\")>\nmethod = <function visibility_of_element_located.<locals>._predicate at 0x7f3468594f40>\nmessage = 'Can\\'t find element by locator (\\'xpath\\', \\'//div[@id=\"msg_from_server\"]\\')'\n\n    def until(self, method: Callable[[D], Union[Literal[False], T]], message: str = \"\") -> T:\n        \"\"\"Calls the method provided with the driver as an argument until the \\\n        return value does not evaluate to ``False``.\n    \n        :param method: callable(WebDriver)\n        :param message: optional message for :exc:`TimeoutException`\n        :returns: the result of the last call to `method`\n        :raises: :exc:`selenium.common.exceptions.TimeoutException` if timeout occurs\n        \"\"\"\n        screen = None\n        stacktrace = None\n    \n        end_time = time.monotonic() + self._timeout\n        while True:\n            try:\n                value = method(self._driver)\n                if value:\n                    return value\n            except self._ignored_exceptions as exc:\n                screen = getattr(exc, \"screen\", None)\n                stacktrace = getattr(exc, \"stacktrace\", None)\n            time.sleep(self._poll)\n            if time.monotonic() > end_time:\n                break\n>       raise TimeoutException(message, screen, stacktrace)\nE       selenium.common.exceptions.TimeoutException: Message: Can't find element by locator ('xpath', '//div[@id=\"msg_from_server\"]')\n\n/opt/hostedtoolcache/Python/3.12.11/x64/lib/python3.12/site-packages/selenium/webdriver/support/wait.py:105: TimeoutException",
    "steps" : [ {
      "name" : "Click button Status.",
      "time" : {
        "start" : 1754015241062,
        "stop" : 1754015241138,
        "duration" : 76
      },
      "status" : "passed",
      "steps" : [ ],
      "attachments" : [ ],
      "parameters" : [ ],
      "stepsCount" : 0,
      "attachmentsCount" : 0,
      "shouldDisplayMessage" : false,
      "hasContent" : false
    }, {
      "name" : "Get status data.",
      "time" : {
        "start" : 1754015241550,
        "stop" : 1754015241550,
        "duration" : 0
      },
      "status" : "passed",
      "steps" : [ {
        "name" : "Status data is: {'Email:': 'test4@mail.com', 'is blocked?': '0', 'is db creation allowed?': '0', 'disk db quota, mb': '4', 'disk db used, mb': '9', 'db qty quota': '100', 'db qty used': '16', 'site qty quota': '5', 'site qty used': '0', 'site disk quota': '300', 'site disk usage': '0', 'is site deploy allowed?': '1'}",
        "time" : {
          "start" : 1754015241550,
          "stop" : 1754015241550,
          "duration" : 0
        },
        "status" : "passed",
        "steps" : [ ],
        "attachments" : [ ],
        "parameters" : [ ],
        "stepsCount" : 0,
        "attachmentsCount" : 0,
        "shouldDisplayMessage" : false,
        "hasContent" : false
      } ],
      "attachments" : [ ],
      "parameters" : [ ],
      "stepsCount" : 1,
      "attachmentsCount" : 0,
      "shouldDisplayMessage" : false,
      "hasContent" : true
    }, {
      "name" : "Click \"Databases\" button.",
      "time" : {
        "start" : 1754015241550,
        "stop" : 1754015241678,
        "duration" : 128
      },
      "status" : "passed",
      "steps" : [ ],
      "attachments" : [ ],
      "parameters" : [ ],
      "stepsCount" : 0,
      "attachmentsCount" : 0,
      "shouldDisplayMessage" : false,
      "hasContent" : false
    }, {
      "name" : "Click \"Create new DB\" button.",
      "time" : {
        "start" : 1754015241678,
        "stop" : 1754015241750,
        "duration" : 72
      },
      "status" : "passed",
      "steps" : [ ],
      "attachments" : [ ],
      "parameters" : [ ],
      "stepsCount" : 0,
      "attachmentsCount" : 0,
      "shouldDisplayMessage" : false,
      "hasContent" : false
    }, {
      "name" : "Select region \"CIS\".",
      "time" : {
        "start" : 1754015241750,
        "stop" : 1754015242908,
        "duration" : 1158
      },
      "status" : "passed",
      "steps" : [ ],
      "attachments" : [ ],
      "parameters" : [ ],
      "stepsCount" : 0,
      "attachmentsCount" : 0,
      "shouldDisplayMessage" : false,
      "hasContent" : false
    }, {
      "name" : "Click \"Create\" button.",
      "time" : {
        "start" : 1754015242908,
        "stop" : 1754015242971,
        "duration" : 63
      },
      "status" : "passed",
      "steps" : [ ],
      "attachments" : [ ],
      "parameters" : [ ],
      "stepsCount" : 0,
      "attachmentsCount" : 0,
      "shouldDisplayMessage" : false,
      "hasContent" : false
    } ],
    "attachments" : [ {
      "uid" : "20268da9e1349ffe",
      "name" : "Screenshot 2025-08-01 02:27:28.221834",
      "source" : "20268da9e1349ffe.png",
      "type" : "image/png",
      "size" : 28351
    } ],
    "parameters" : [ ],
    "stepsCount" : 7,
    "attachmentsCount" : 1,
    "shouldDisplayMessage" : true,
    "hasContent" : true
  },
  "afterStages" : [ {
    "name" : "driver::0",
    "time" : {
      "start" : 1754015248223,
      "stop" : 1754015248285,
      "duration" : 62
    },
    "status" : "passed",
    "steps" : [ ],
    "attachments" : [ ],
    "parameters" : [ ],
    "stepsCount" : 0,
    "attachmentsCount" : 0,
    "shouldDisplayMessage" : false,
    "hasContent" : false
  } ],
  "labels" : [ {
    "name" : "suite",
    "value" : "Test Profile Page."
  }, {
    "name" : "parentSuite",
    "value" : "tests_ui"
  }, {
    "name" : "subSuite",
    "value" : "TestProfilePage"
  }, {
    "name" : "host",
    "value" : "pkrvmjbmru5nbw0"
  }, {
    "name" : "thread",
    "value" : "2738-MainThread"
  }, {
    "name" : "framework",
    "value" : "pytest"
  }, {
    "name" : "language",
    "value" : "cpython3"
  }, {
    "name" : "package",
    "value" : "tests_ui.test_ui"
  }, {
    "name" : "resultFormat",
    "value" : "allure2"
  } ],
  "parameters" : [ ],
  "links" : [ ],
  "hidden" : false,
  "retry" : false,
  "extra" : {
    "severity" : "normal",
    "retries" : [ ],
    "categories" : [ {
      "name" : "Test defects",
      "matchedStatuses" : [ ],
      "flaky" : false
    } ],
    "history" : {
      "statistic" : {
        "failed" : 0,
        "broken" : 236,
        "skipped" : 0,
        "passed" : 1,
        "unknown" : 0,
        "total" : 237
      },
      "items" : [ {
        "uid" : "410aef75788f6fd3",
        "reportUrl" : "https://lambotik.github.io/Oblache/457//#testresult/410aef75788f6fd3",
        "status" : "broken",
        "statusDetails" : "selenium.common.exceptions.TimeoutException: Message: Can't find element by locator ('xpath', '//div[@id=\"msg_from_server\"]')",
        "time" : {
          "start" : 1753927818459,
          "stop" : 1753927826606,
          "duration" : 8147
        }
      }, {
        "uid" : "200020753b025737",
        "reportUrl" : "https://lambotik.github.io/Oblache/456//#testresult/200020753b025737",
        "status" : "broken",
        "statusDetails" : "selenium.common.exceptions.TimeoutException: Message: Can't find element by locator ('xpath', '//div[@id=\"msg_from_server\"]')",
        "time" : {
          "start" : 1753841424861,
          "stop" : 1753841432893,
          "duration" : 8032
        }
      }, {
        "uid" : "c1ba373570f415bb",
        "reportUrl" : "https://lambotik.github.io/Oblache/455//#testresult/c1ba373570f415bb",
        "status" : "broken",
        "statusDetails" : "selenium.common.exceptions.TimeoutException: Message: Can't find element by locator ('xpath', '//div[@id=\"msg_from_server\"]')",
        "time" : {
          "start" : 1753755981751,
          "stop" : 1753755990764,
          "duration" : 9013
        }
      }, {
        "uid" : "144e1bfe2484996f",
        "reportUrl" : "https://lambotik.github.io/Oblache/454//#testresult/144e1bfe2484996f",
        "status" : "broken",
        "statusDetails" : "selenium.common.exceptions.TimeoutException: Message: Can't find element by locator ('xpath', '//div[@id=\"msg_from_server\"]')",
        "time" : {
          "start" : 1753668872728,
          "stop" : 1753668881616,
          "duration" : 8888
        }
      }, {
        "uid" : "ad93e864117268da",
        "reportUrl" : "https://lambotik.github.io/Oblache/453//#testresult/ad93e864117268da",
        "status" : "broken",
        "statusDetails" : "selenium.common.exceptions.TimeoutException: Message: Can't find element by locator ('xpath', '//select[@id=\"selectDBRegion\"] /option[@value=\"3\"]')\nStacktrace:\n#0 0x55fa93cd07da <unknown>\n#1 0x55fa937752e0 <unknown>\n#2 0x55fa937c6e00 <unknown>\n#3 0x55fa937c6ff1 <unknown>\n#4 0x55fa93815324 <unknown>\n#5 0x55fa937ec8dd <unknown>\n#6 0x55fa9381271c <unknown>\n#7 0x55fa937ec683 <unknown>\n#8 0x55fa937b8b5b <unknown>\n#9 0x55fa937b9f31 <unknown>\n#10 0x55fa93c9572b <unknown>\n#11 0x55fa93c99534 <unknown>\n#12 0x55fa93c7c229 <unknown>\n#13 0x55fa93c9a0d8 <unknown>\n#14 0x55fa93c6061f <unknown>\n#15 0x55fa93cbddd8 <unknown>\n#16 0x55fa93cbdfb6 <unknown>\n#17 0x55fa93ccfaf6 <unknown>\n#18 0x7fc4abe9caa4 <unknown>\n#19 0x7fc4abf29c3c <unknown>",
        "time" : {
          "start" : 1753583004949,
          "stop" : 1753583012146,
          "duration" : 7197
        }
      }, {
        "uid" : "72885d72f4b4eb8a",
        "reportUrl" : "https://lambotik.github.io/Oblache/452//#testresult/72885d72f4b4eb8a",
        "status" : "broken",
        "statusDetails" : "selenium.common.exceptions.TimeoutException: Message: Can't find element by locator ('xpath', '//div[@id=\"msg_from_server\"]')",
        "time" : {
          "start" : 1753495398774,
          "stop" : 1753495407012,
          "duration" : 8238
        }
      }, {
        "uid" : "92c79202f4a16bbc",
        "reportUrl" : "https://lambotik.github.io/Oblache/451//#testresult/92c79202f4a16bbc",
        "status" : "broken",
        "statusDetails" : "selenium.common.exceptions.TimeoutException: Message: Can't find element by locator ('xpath', '//div[@id=\"msg_from_server\"]')",
        "time" : {
          "start" : 1753409238926,
          "stop" : 1753409246935,
          "duration" : 8009
        }
      }, {
        "uid" : "43f28f1753e9afd4",
        "reportUrl" : "https://lambotik.github.io/Oblache/450//#testresult/43f28f1753e9afd4",
        "status" : "broken",
        "statusDetails" : "selenium.common.exceptions.TimeoutException: Message: Can't find element by locator ('xpath', '//div[@id=\"msg_from_server\"]')",
        "time" : {
          "start" : 1751333058530,
          "stop" : 1751333066555,
          "duration" : 8025
        }
      }, {
        "uid" : "96740238b14a8366",
        "reportUrl" : "https://lambotik.github.io/Oblache/449//#testresult/96740238b14a8366",
        "status" : "broken",
        "statusDetails" : "selenium.common.exceptions.TimeoutException: Message: Can't find element by locator ('xpath', '//div[@id=\"msg_from_server\"]')",
        "time" : {
          "start" : 1751246472420,
          "stop" : 1751246480469,
          "duration" : 8049
        }
      }, {
        "uid" : "f3df21b5d654f670",
        "reportUrl" : "https://lambotik.github.io/Oblache/448//#testresult/f3df21b5d654f670",
        "status" : "broken",
        "statusDetails" : "selenium.common.exceptions.TimeoutException: Message: Can't find element by locator ('xpath', '//div[@id=\"msg_from_server\"]')",
        "time" : {
          "start" : 1751160258161,
          "stop" : 1751160266748,
          "duration" : 8587
        }
      }, {
        "uid" : "679be50dbd822a4b",
        "reportUrl" : "https://lambotik.github.io/Oblache/447//#testresult/679be50dbd822a4b",
        "status" : "broken",
        "statusDetails" : "selenium.common.exceptions.TimeoutException: Message: Can't find element by locator ('xpath', '//div[@id=\"msg_from_server\"]')",
        "time" : {
          "start" : 1751073249228,
          "stop" : 1751073257377,
          "duration" : 8149
        }
      }, {
        "uid" : "25607e8b59cb5808",
        "reportUrl" : "https://lambotik.github.io/Oblache/446//#testresult/25607e8b59cb5808",
        "status" : "broken",
        "statusDetails" : "selenium.common.exceptions.TimeoutException: Message: Can't find element by locator ('xpath', '//div[@id=\"msg_from_server\"]')",
        "time" : {
          "start" : 1750987048625,
          "stop" : 1750987057584,
          "duration" : 8959
        }
      }, {
        "uid" : "16deaae4b7debb32",
        "reportUrl" : "https://lambotik.github.io/Oblache/445//#testresult/16deaae4b7debb32",
        "status" : "broken",
        "statusDetails" : "selenium.common.exceptions.TimeoutException: Message: Can't find element by locator ('xpath', '//div[@id=\"msg_from_server\"]')",
        "time" : {
          "start" : 1750900591432,
          "stop" : 1750900599595,
          "duration" : 8163
        }
      }, {
        "uid" : "e83087190f606300",
        "reportUrl" : "https://lambotik.github.io/Oblache/444//#testresult/e83087190f606300",
        "status" : "broken",
        "statusDetails" : "selenium.common.exceptions.TimeoutException: Message: Can't find element by locator ('xpath', '//div[@id=\"msg_from_server\"]')",
        "time" : {
          "start" : 1750814234282,
          "stop" : 1750814243134,
          "duration" : 8852
        }
      }, {
        "uid" : "7c9272ef756101a9",
        "reportUrl" : "https://lambotik.github.io/Oblache/443//#testresult/7c9272ef756101a9",
        "status" : "broken",
        "statusDetails" : "selenium.common.exceptions.TimeoutException: Message: Can't find element by locator ('xpath', '//div[@id=\"msg_from_server\"]')",
        "time" : {
          "start" : 1750727779899,
          "stop" : 1750727788779,
          "duration" : 8880
        }
      }, {
        "uid" : "c68114dbad0bca00",
        "reportUrl" : "https://lambotik.github.io/Oblache/442//#testresult/c68114dbad0bca00",
        "status" : "broken",
        "statusDetails" : "selenium.common.exceptions.TimeoutException: Message: Can't find element by locator ('xpath', '//div[@id=\"msg_from_server\"]')",
        "time" : {
          "start" : 1750641639968,
          "stop" : 1750641649022,
          "duration" : 9054
        }
      }, {
        "uid" : "153d30f4d97501b7",
        "reportUrl" : "https://lambotik.github.io/Oblache/441//#testresult/153d30f4d97501b7",
        "status" : "broken",
        "statusDetails" : "selenium.common.exceptions.TimeoutException: Message: Can't find element by locator ('xpath', '//div[@id=\"msg_from_server\"]')",
        "time" : {
          "start" : 1750555407836,
          "stop" : 1750555416806,
          "duration" : 8970
        }
      }, {
        "uid" : "a46aa90d1334fc0",
        "reportUrl" : "https://lambotik.github.io/Oblache/440//#testresult/a46aa90d1334fc0",
        "status" : "broken",
        "statusDetails" : "selenium.common.exceptions.TimeoutException: Message: Can't find element by locator ('xpath', '//div[@id=\"msg_from_server\"]')",
        "time" : {
          "start" : 1750468518576,
          "stop" : 1750468527415,
          "duration" : 8839
        }
      }, {
        "uid" : "7a7697d6f94037d0",
        "reportUrl" : "https://lambotik.github.io/Oblache/439//#testresult/7a7697d6f94037d0",
        "status" : "broken",
        "statusDetails" : "selenium.common.exceptions.TimeoutException: Message: Can't find element by locator ('xpath', '//div[@id=\"msg_from_server\"]')",
        "time" : {
          "start" : 1750382125733,
          "stop" : 1750382134588,
          "duration" : 8855
        }
      }, {
        "uid" : "a33c1a4c1f452aab",
        "reportUrl" : "https://lambotik.github.io/Oblache/438//#testresult/a33c1a4c1f452aab",
        "status" : "broken",
        "statusDetails" : "selenium.common.exceptions.TimeoutException: Message: Can't find element by locator ('xpath', '//div[@id=\"msg_from_server\"]')",
        "time" : {
          "start" : 1750295810135,
          "stop" : 1750295819348,
          "duration" : 9213
        }
      } ]
    },
    "tags" : [ ]
  },
  "source" : "21e349ef0e4b519d.json",
  "parameterValues" : [ ]
}