{
  "uid" : "507b24f0248288ca",
  "name" : "test_clipboard",
  "fullName" : "tests_ui.test_ui.TestProfilePage#test_clipboard_uuid_db",
  "historyId" : "b32cefb1d87a8aa3bb37280cb980702f",
  "time" : {
    "start" : 1754015253555,
    "stop" : 1754015259464,
    "duration" : 5909
  },
  "status" : "broken",
  "statusMessage" : "selenium.common.exceptions.TimeoutException: Message: Can't find elements by locator ('xpath', '//tbody[@id=\"tbody_dbs\"]//tr')",
  "statusTrace" : "self = <tests_ui.test_ui.TestProfilePage object at 0x7f346945dc40>\ndriver = <selenium.webdriver.chrome.webdriver.WebDriver (session=\"fc1ca459778b94aed3d1db4bee183ade\")>\nauthorization_user = None\n\n    @allure.title('test_clipboard')\n    def test_clipboard_uuid_db(self, driver, authorization_user):\n        page = ProfilePage(driver, authorization_user)\n        page.click_button_databases()\n>       page.check_clipboard(\n            table_xpath='//tbody[@id=\"tbody_dbs\"]',\n            token=TestProfilePage.token)\n\ntests_ui/test_ui.py:99: \n_ _ _ _ _ _ _ _ _ _ _ _ _ _ _ _ _ _ _ _ _ _ _ _ _ _ _ _ _ _ _ _ _ _ _ _ _ _ _ _ \ntests_ui/profile_page.py:97: in check_clipboard\n    databases_list = self.elements_are_present((By.XPATH, f'{table_xpath}//tr'))\ntests_ui/base_page.py:50: in elements_are_present\n    return Wait(self.driver, self.timeout).until(\n_ _ _ _ _ _ _ _ _ _ _ _ _ _ _ _ _ _ _ _ _ _ _ _ _ _ _ _ _ _ _ _ _ _ _ _ _ _ _ _ \n\nself = <selenium.webdriver.support.wait.WebDriverWait (session=\"fc1ca459778b94aed3d1db4bee183ade\")>\nmethod = <function presence_of_all_elements_located.<locals>._predicate at 0x7f3468594860>\nmessage = 'Can\\'t find elements by locator (\\'xpath\\', \\'//tbody[@id=\"tbody_dbs\"]//tr\\')'\n\n    def until(self, method: Callable[[D], Union[Literal[False], T]], message: str = \"\") -> T:\n        \"\"\"Calls the method provided with the driver as an argument until the \\\n        return value does not evaluate to ``False``.\n    \n        :param method: callable(WebDriver)\n        :param message: optional message for :exc:`TimeoutException`\n        :returns: the result of the last call to `method`\n        :raises: :exc:`selenium.common.exceptions.TimeoutException` if timeout occurs\n        \"\"\"\n        screen = None\n        stacktrace = None\n    \n        end_time = time.monotonic() + self._timeout\n        while True:\n            try:\n                value = method(self._driver)\n                if value:\n                    return value\n            except self._ignored_exceptions as exc:\n                screen = getattr(exc, \"screen\", None)\n                stacktrace = getattr(exc, \"stacktrace\", None)\n            time.sleep(self._poll)\n            if time.monotonic() > end_time:\n                break\n>       raise TimeoutException(message, screen, stacktrace)\nE       selenium.common.exceptions.TimeoutException: Message: Can't find elements by locator ('xpath', '//tbody[@id=\"tbody_dbs\"]//tr')\n\n/opt/hostedtoolcache/Python/3.12.11/x64/lib/python3.12/site-packages/selenium/webdriver/support/wait.py:105: TimeoutException",
  "flaky" : false,
  "newFailed" : false,
  "beforeStages" : [ {
    "name" : "authorization_user",
    "time" : {
      "start" : 1754015253048,
      "stop" : 1754015253555,
      "duration" : 507
    },
    "status" : "passed",
    "steps" : [ {
      "name" : "Open page: https://oblache.areso.pro/register.html",
      "time" : {
        "start" : 1754015253049,
        "stop" : 1754015253356,
        "duration" : 307
      },
      "status" : "passed",
      "steps" : [ ],
      "attachments" : [ ],
      "parameters" : [ ],
      "stepsCount" : 0,
      "attachmentsCount" : 0,
      "shouldDisplayMessage" : false,
      "hasContent" : false
    }, {
      "name" : "Login user",
      "time" : {
        "start" : 1754015253356,
        "stop" : 1754015253555,
        "duration" : 199
      },
      "status" : "passed",
      "steps" : [ {
        "name" : "Enter email.",
        "time" : {
          "start" : 1754015253356,
          "stop" : 1754015253416,
          "duration" : 60
        },
        "status" : "passed",
        "steps" : [ ],
        "attachments" : [ ],
        "parameters" : [ ],
        "stepsCount" : 0,
        "attachmentsCount" : 0,
        "shouldDisplayMessage" : false,
        "hasContent" : false
      }, {
        "name" : "Enter password.",
        "time" : {
          "start" : 1754015253416,
          "stop" : 1754015253464,
          "duration" : 48
        },
        "status" : "passed",
        "steps" : [ ],
        "attachments" : [ ],
        "parameters" : [ ],
        "stepsCount" : 0,
        "attachmentsCount" : 0,
        "shouldDisplayMessage" : false,
        "hasContent" : false
      }, {
        "name" : "Click button \"Login\"",
        "time" : {
          "start" : 1754015253464,
          "stop" : 1754015253552,
          "duration" : 88
        },
        "status" : "passed",
        "steps" : [ ],
        "attachments" : [ ],
        "parameters" : [ ],
        "stepsCount" : 0,
        "attachmentsCount" : 0,
        "shouldDisplayMessage" : false,
        "hasContent" : false
      }, {
        "name" : "Check url is present: https://oblache.areso.pro/register.html",
        "time" : {
          "start" : 1754015253552,
          "stop" : 1754015253555,
          "duration" : 3
        },
        "status" : "passed",
        "steps" : [ ],
        "attachments" : [ ],
        "parameters" : [ ],
        "stepsCount" : 0,
        "attachmentsCount" : 0,
        "shouldDisplayMessage" : false,
        "hasContent" : false
      } ],
      "attachments" : [ ],
      "parameters" : [ ],
      "stepsCount" : 4,
      "attachmentsCount" : 0,
      "shouldDisplayMessage" : false,
      "hasContent" : true
    } ],
    "attachments" : [ ],
    "parameters" : [ ],
    "stepsCount" : 6,
    "attachmentsCount" : 0,
    "shouldDisplayMessage" : false,
    "hasContent" : true
  }, {
    "name" : "driver",
    "time" : {
      "start" : 1754015252714,
      "stop" : 1754015253048,
      "duration" : 334
    },
    "status" : "passed",
    "steps" : [ ],
    "attachments" : [ ],
    "parameters" : [ ],
    "stepsCount" : 0,
    "attachmentsCount" : 0,
    "shouldDisplayMessage" : false,
    "hasContent" : false
  } ],
  "testStage" : {
    "status" : "broken",
    "statusMessage" : "selenium.common.exceptions.TimeoutException: Message: Can't find elements by locator ('xpath', '//tbody[@id=\"tbody_dbs\"]//tr')",
    "statusTrace" : "self = <tests_ui.test_ui.TestProfilePage object at 0x7f346945dc40>\ndriver = <selenium.webdriver.chrome.webdriver.WebDriver (session=\"fc1ca459778b94aed3d1db4bee183ade\")>\nauthorization_user = None\n\n    @allure.title('test_clipboard')\n    def test_clipboard_uuid_db(self, driver, authorization_user):\n        page = ProfilePage(driver, authorization_user)\n        page.click_button_databases()\n>       page.check_clipboard(\n            table_xpath='//tbody[@id=\"tbody_dbs\"]',\n            token=TestProfilePage.token)\n\ntests_ui/test_ui.py:99: \n_ _ _ _ _ _ _ _ _ _ _ _ _ _ _ _ _ _ _ _ _ _ _ _ _ _ _ _ _ _ _ _ _ _ _ _ _ _ _ _ \ntests_ui/profile_page.py:97: in check_clipboard\n    databases_list = self.elements_are_present((By.XPATH, f'{table_xpath}//tr'))\ntests_ui/base_page.py:50: in elements_are_present\n    return Wait(self.driver, self.timeout).until(\n_ _ _ _ _ _ _ _ _ _ _ _ _ _ _ _ _ _ _ _ _ _ _ _ _ _ _ _ _ _ _ _ _ _ _ _ _ _ _ _ \n\nself = <selenium.webdriver.support.wait.WebDriverWait (session=\"fc1ca459778b94aed3d1db4bee183ade\")>\nmethod = <function presence_of_all_elements_located.<locals>._predicate at 0x7f3468594860>\nmessage = 'Can\\'t find elements by locator (\\'xpath\\', \\'//tbody[@id=\"tbody_dbs\"]//tr\\')'\n\n    def until(self, method: Callable[[D], Union[Literal[False], T]], message: str = \"\") -> T:\n        \"\"\"Calls the method provided with the driver as an argument until the \\\n        return value does not evaluate to ``False``.\n    \n        :param method: callable(WebDriver)\n        :param message: optional message for :exc:`TimeoutException`\n        :returns: the result of the last call to `method`\n        :raises: :exc:`selenium.common.exceptions.TimeoutException` if timeout occurs\n        \"\"\"\n        screen = None\n        stacktrace = None\n    \n        end_time = time.monotonic() + self._timeout\n        while True:\n            try:\n                value = method(self._driver)\n                if value:\n                    return value\n            except self._ignored_exceptions as exc:\n                screen = getattr(exc, \"screen\", None)\n                stacktrace = getattr(exc, \"stacktrace\", None)\n            time.sleep(self._poll)\n            if time.monotonic() > end_time:\n                break\n>       raise TimeoutException(message, screen, stacktrace)\nE       selenium.common.exceptions.TimeoutException: Message: Can't find elements by locator ('xpath', '//tbody[@id=\"tbody_dbs\"]//tr')\n\n/opt/hostedtoolcache/Python/3.12.11/x64/lib/python3.12/site-packages/selenium/webdriver/support/wait.py:105: TimeoutException",
    "steps" : [ {
      "name" : "Click \"Databases\" button.",
      "time" : {
        "start" : 1754015253555,
        "stop" : 1754015254402,
        "duration" : 847
      },
      "status" : "passed",
      "steps" : [ ],
      "attachments" : [ ],
      "parameters" : [ ],
      "stepsCount" : 0,
      "attachmentsCount" : 0,
      "shouldDisplayMessage" : false,
      "hasContent" : false
    }, {
      "name" : "Check clipboard",
      "time" : {
        "start" : 1754015254402,
        "stop" : 1754015259464,
        "duration" : 5062
      },
      "status" : "broken",
      "statusMessage" : "selenium.common.exceptions.TimeoutException: Message: Can't find elements by locator ('xpath', '//tbody[@id=\"tbody_dbs\"]//tr')\n\n",
      "statusTrace" : "  File \"/opt/hostedtoolcache/Python/3.12.11/x64/lib/python3.12/site-packages/allure_commons/_allure.py\", line 192, in impl\n    return func(*a, **kw)\n           ^^^^^^^^^^^^^^\n  File \"/home/runner/work/Oblache/Oblache/tests_ui/profile_page.py\", line 97, in check_clipboard\n    databases_list = self.elements_are_present((By.XPATH, f'{table_xpath}//tr'))\n                     ^^^^^^^^^^^^^^^^^^^^^^^^^^^^^^^^^^^^^^^^^^^^^^^^^^^^^^^^^^^\n  File \"/home/runner/work/Oblache/Oblache/tests_ui/base_page.py\", line 50, in elements_are_present\n    return Wait(self.driver, self.timeout).until(\n           ^^^^^^^^^^^^^^^^^^^^^^^^^^^^^^^^^^^^^^\n  File \"/opt/hostedtoolcache/Python/3.12.11/x64/lib/python3.12/site-packages/selenium/webdriver/support/wait.py\", line 105, in until\n    raise TimeoutException(message, screen, stacktrace)\n",
      "steps" : [ ],
      "attachments" : [ ],
      "parameters" : [ {
        "name" : "table_xpath",
        "value" : "'//tbody[@id=\"tbody_dbs\"]'"
      }, {
        "name" : "token",
        "value" : "'b066b253-7801-48a5-b8b1-9722b1483207'"
      } ],
      "stepsCount" : 0,
      "attachmentsCount" : 0,
      "shouldDisplayMessage" : true,
      "hasContent" : true
    } ],
    "attachments" : [ {
      "uid" : "13368acf77661506",
      "name" : "Screenshot 2025-08-01 02:27:39.572062",
      "source" : "13368acf77661506.png",
      "type" : "image/png",
      "size" : 28787
    } ],
    "parameters" : [ ],
    "stepsCount" : 2,
    "attachmentsCount" : 1,
    "shouldDisplayMessage" : true,
    "hasContent" : true
  },
  "afterStages" : [ {
    "name" : "driver::0",
    "time" : {
      "start" : 1754015259573,
      "stop" : 1754015259635,
      "duration" : 62
    },
    "status" : "passed",
    "steps" : [ ],
    "attachments" : [ ],
    "parameters" : [ ],
    "stepsCount" : 0,
    "attachmentsCount" : 0,
    "shouldDisplayMessage" : false,
    "hasContent" : false
  } ],
  "labels" : [ {
    "name" : "suite",
    "value" : "Test Profile Page."
  }, {
    "name" : "parentSuite",
    "value" : "tests_ui"
  }, {
    "name" : "subSuite",
    "value" : "TestProfilePage"
  }, {
    "name" : "host",
    "value" : "pkrvmjbmru5nbw0"
  }, {
    "name" : "thread",
    "value" : "2738-MainThread"
  }, {
    "name" : "framework",
    "value" : "pytest"
  }, {
    "name" : "language",
    "value" : "cpython3"
  }, {
    "name" : "package",
    "value" : "tests_ui.test_ui"
  }, {
    "name" : "resultFormat",
    "value" : "allure2"
  } ],
  "parameters" : [ ],
  "links" : [ ],
  "hidden" : false,
  "retry" : false,
  "extra" : {
    "severity" : "normal",
    "retries" : [ ],
    "categories" : [ {
      "name" : "Test defects",
      "matchedStatuses" : [ ],
      "flaky" : false
    } ],
    "history" : {
      "statistic" : {
        "failed" : 0,
        "broken" : 44,
        "skipped" : 0,
        "passed" : 193,
        "unknown" : 0,
        "total" : 237
      },
      "items" : [ {
        "uid" : "c2c53f29ba000854",
        "reportUrl" : "https://lambotik.github.io/Oblache/457//#testresult/c2c53f29ba000854",
        "status" : "broken",
        "statusDetails" : "selenium.common.exceptions.TimeoutException: Message: Can't find elements by locator ('xpath', '//tbody[@id=\"tbody_dbs\"]//tr')",
        "time" : {
          "start" : 1753927832425,
          "stop" : 1753927838663,
          "duration" : 6238
        }
      }, {
        "uid" : "e289a9185657a336",
        "reportUrl" : "https://lambotik.github.io/Oblache/456//#testresult/e289a9185657a336",
        "status" : "passed",
        "time" : {
          "start" : 1753841438441,
          "stop" : 1753841440641,
          "duration" : 2200
        }
      }, {
        "uid" : "70e1a0eaec7fb364",
        "reportUrl" : "https://lambotik.github.io/Oblache/455//#testresult/70e1a0eaec7fb364",
        "status" : "passed",
        "time" : {
          "start" : 1753755997097,
          "stop" : 1753755999879,
          "duration" : 2782
        }
      }, {
        "uid" : "841421fe4e379d1a",
        "reportUrl" : "https://lambotik.github.io/Oblache/454//#testresult/841421fe4e379d1a",
        "status" : "passed",
        "time" : {
          "start" : 1753668887672,
          "stop" : 1753668890360,
          "duration" : 2688
        }
      }, {
        "uid" : "c80156f5235effa",
        "reportUrl" : "https://lambotik.github.io/Oblache/453//#testresult/c80156f5235effa",
        "status" : "broken",
        "statusDetails" : "KeyError: 'data'",
        "time" : {
          "start" : 1753583018350,
          "stop" : 1753583021000,
          "duration" : 2650
        }
      }, {
        "uid" : "2a47cdff1f6bf2b1",
        "reportUrl" : "https://lambotik.github.io/Oblache/452//#testresult/2a47cdff1f6bf2b1",
        "status" : "passed",
        "time" : {
          "start" : 1753495412693,
          "stop" : 1753495414703,
          "duration" : 2010
        }
      }, {
        "uid" : "2e99ada463153edb",
        "reportUrl" : "https://lambotik.github.io/Oblache/451//#testresult/2e99ada463153edb",
        "status" : "passed",
        "time" : {
          "start" : 1753409252492,
          "stop" : 1753409254666,
          "duration" : 2174
        }
      }, {
        "uid" : "8c6cb737dba9a8b0",
        "reportUrl" : "https://lambotik.github.io/Oblache/450//#testresult/8c6cb737dba9a8b0",
        "status" : "passed",
        "time" : {
          "start" : 1751333071961,
          "stop" : 1751333073938,
          "duration" : 1977
        }
      }, {
        "uid" : "8785880649fa00db",
        "reportUrl" : "https://lambotik.github.io/Oblache/449//#testresult/8785880649fa00db",
        "status" : "passed",
        "time" : {
          "start" : 1751246485979,
          "stop" : 1751246487985,
          "duration" : 2006
        }
      }, {
        "uid" : "c870149787cf8b09",
        "reportUrl" : "https://lambotik.github.io/Oblache/448//#testresult/c870149787cf8b09",
        "status" : "passed",
        "time" : {
          "start" : 1751160272668,
          "stop" : 1751160275071,
          "duration" : 2403
        }
      }, {
        "uid" : "6e43b70238ce8bc4",
        "reportUrl" : "https://lambotik.github.io/Oblache/447//#testresult/6e43b70238ce8bc4",
        "status" : "broken",
        "statusDetails" : "selenium.common.exceptions.TimeoutException: Message: Can't find elements by locator ('xpath', '//tbody[@id=\"tbody_dbs\"]//tr')",
        "time" : {
          "start" : 1751073263202,
          "stop" : 1751073269159,
          "duration" : 5957
        }
      }, {
        "uid" : "48eefa974fdda267",
        "reportUrl" : "https://lambotik.github.io/Oblache/446//#testresult/48eefa974fdda267",
        "status" : "passed",
        "time" : {
          "start" : 1750987063776,
          "stop" : 1750987066555,
          "duration" : 2779
        }
      }, {
        "uid" : "c10cda23718d44a0",
        "reportUrl" : "https://lambotik.github.io/Oblache/445//#testresult/c10cda23718d44a0",
        "status" : "passed",
        "time" : {
          "start" : 1750900609434,
          "stop" : 1750900611785,
          "duration" : 2351
        }
      }, {
        "uid" : "2d0ee33a40046a57",
        "reportUrl" : "https://lambotik.github.io/Oblache/444//#testresult/2d0ee33a40046a57",
        "status" : "passed",
        "time" : {
          "start" : 1750814249398,
          "stop" : 1750814252127,
          "duration" : 2729
        }
      }, {
        "uid" : "255c87f6a1e31ef5",
        "reportUrl" : "https://lambotik.github.io/Oblache/443//#testresult/255c87f6a1e31ef5",
        "status" : "passed",
        "time" : {
          "start" : 1750727794864,
          "stop" : 1750727797644,
          "duration" : 2780
        }
      }, {
        "uid" : "35219d56556a273b",
        "reportUrl" : "https://lambotik.github.io/Oblache/442//#testresult/35219d56556a273b",
        "status" : "passed",
        "time" : {
          "start" : 1750641655242,
          "stop" : 1750641658088,
          "duration" : 2846
        }
      }, {
        "uid" : "ce2ffec0beda38f9",
        "reportUrl" : "https://lambotik.github.io/Oblache/441//#testresult/ce2ffec0beda38f9",
        "status" : "passed",
        "time" : {
          "start" : 1750555422928,
          "stop" : 1750555425764,
          "duration" : 2836
        }
      }, {
        "uid" : "fc572974b447cced",
        "reportUrl" : "https://lambotik.github.io/Oblache/440//#testresult/fc572974b447cced",
        "status" : "passed",
        "time" : {
          "start" : 1750468533512,
          "stop" : 1750468536280,
          "duration" : 2768
        }
      }, {
        "uid" : "f22516cda42f8ee9",
        "reportUrl" : "https://lambotik.github.io/Oblache/439//#testresult/f22516cda42f8ee9",
        "status" : "passed",
        "time" : {
          "start" : 1750382140615,
          "stop" : 1750382143274,
          "duration" : 2659
        }
      }, {
        "uid" : "c9c44ee3193d73d1",
        "reportUrl" : "https://lambotik.github.io/Oblache/438//#testresult/c9c44ee3193d73d1",
        "status" : "passed",
        "time" : {
          "start" : 1750295825593,
          "stop" : 1750295828369,
          "duration" : 2776
        }
      } ]
    },
    "tags" : [ ]
  },
  "source" : "507b24f0248288ca.json",
  "parameterValues" : [ ]
}