{
  "uid" : "7859b3c56437b170",
  "name" : "test_clipboard_uuid_docker",
  "fullName" : "tests_ui.test_ui.TestProfilePage#test_clipboard_uuid_docker",
  "historyId" : "11f91f43cfea2a231aececf29c7ed302",
  "time" : {
    "start" : 1754015267534,
    "stop" : 1754015273531,
    "duration" : 5997
  },
  "status" : "broken",
  "statusMessage" : "selenium.common.exceptions.TimeoutException: Message: Can't find element by locator ('xpath', '//table[@id=\"table_containers\"] //tr[1]/td[3] /button')\nStacktrace:\n#0 0x55d6e664387a <unknown>\n#1 0x55d6e60e82e0 <unknown>\n#2 0x55d6e6139e00 <unknown>\n#3 0x55d6e6139ff1 <unknown>\n#4 0x55d6e6188324 <unknown>\n#5 0x55d6e615f8dd <unknown>\n#6 0x55d6e618571c <unknown>\n#7 0x55d6e615f683 <unknown>\n#8 0x55d6e612bb5b <unknown>\n#9 0x55d6e612cf31 <unknown>\n#10 0x55d6e66087cb <unknown>\n#11 0x55d6e660c5d4 <unknown>\n#12 0x55d6e65ef2c9 <unknown>\n#13 0x55d6e660d178 <unknown>\n#14 0x55d6e65d36bf <unknown>\n#15 0x55d6e6630e78 <unknown>\n#16 0x55d6e6631056 <unknown>\n#17 0x55d6e6642b96 <unknown>\n#18 0x7f5bae09caa4 <unknown>\n#19 0x7f5bae129c3c <unknown>",
  "statusTrace" : "self = <tests_ui.test_ui.TestProfilePage object at 0x7f346945dee0>\ndriver = <selenium.webdriver.chrome.webdriver.WebDriver (session=\"db25262b6bedd341b6f85cbf9b356e94\")>\nauthorization_user = None\n\n    @allure.title('test_clipboard_uuid_docker')\n    def test_clipboard_uuid_docker(self, driver, authorization_user):\n        page = ProfilePage(driver, authorization_user)\n        page.click_button_docker_containers()\n>       page.check_clipboard(\n            table_xpath='//table[@id=\"table_containers\"]',\n            token=TestProfilePage.token)\n\ntests_ui/test_ui.py:113: \n_ _ _ _ _ _ _ _ _ _ _ _ _ _ _ _ _ _ _ _ _ _ _ _ _ _ _ _ _ _ _ _ _ _ _ _ _ _ _ _ \ntests_ui/profile_page.py:100: in check_clipboard\n    button = self.element_is_visible((By.XPATH, f'{table_xpath} //tr[1]/td[3] /button'))\ntests_ui/base_page.py:33: in element_is_visible\n    self.go_to_element(self.element_is_present(locator))\ntests_ui/base_page.py:46: in element_is_present\n    return Wait(self.driver, self.timeout).until(\n_ _ _ _ _ _ _ _ _ _ _ _ _ _ _ _ _ _ _ _ _ _ _ _ _ _ _ _ _ _ _ _ _ _ _ _ _ _ _ _ \n\nself = <selenium.webdriver.support.wait.WebDriverWait (session=\"db25262b6bedd341b6f85cbf9b356e94\")>\nmethod = <function presence_of_element_located.<locals>._predicate at 0x7f3468595b20>\nmessage = 'Can\\'t find element by locator (\\'xpath\\', \\'//table[@id=\"table_containers\"] //tr[1]/td[3] /button\\')'\n\n    def until(self, method: Callable[[D], Union[Literal[False], T]], message: str = \"\") -> T:\n        \"\"\"Calls the method provided with the driver as an argument until the \\\n        return value does not evaluate to ``False``.\n    \n        :param method: callable(WebDriver)\n        :param message: optional message for :exc:`TimeoutException`\n        :returns: the result of the last call to `method`\n        :raises: :exc:`selenium.common.exceptions.TimeoutException` if timeout occurs\n        \"\"\"\n        screen = None\n        stacktrace = None\n    \n        end_time = time.monotonic() + self._timeout\n        while True:\n            try:\n                value = method(self._driver)\n                if value:\n                    return value\n            except self._ignored_exceptions as exc:\n                screen = getattr(exc, \"screen\", None)\n                stacktrace = getattr(exc, \"stacktrace\", None)\n            time.sleep(self._poll)\n            if time.monotonic() > end_time:\n                break\n>       raise TimeoutException(message, screen, stacktrace)\nE       selenium.common.exceptions.TimeoutException: Message: Can't find element by locator ('xpath', '//table[@id=\"table_containers\"] //tr[1]/td[3] /button')\nE       Stacktrace:\nE       #0 0x55d6e664387a <unknown>\nE       #1 0x55d6e60e82e0 <unknown>\nE       #2 0x55d6e6139e00 <unknown>\nE       #3 0x55d6e6139ff1 <unknown>\nE       #4 0x55d6e6188324 <unknown>\nE       #5 0x55d6e615f8dd <unknown>\nE       #6 0x55d6e618571c <unknown>\nE       #7 0x55d6e615f683 <unknown>\nE       #8 0x55d6e612bb5b <unknown>\nE       #9 0x55d6e612cf31 <unknown>\nE       #10 0x55d6e66087cb <unknown>\nE       #11 0x55d6e660c5d4 <unknown>\nE       #12 0x55d6e65ef2c9 <unknown>\nE       #13 0x55d6e660d178 <unknown>\nE       #14 0x55d6e65d36bf <unknown>\nE       #15 0x55d6e6630e78 <unknown>\nE       #16 0x55d6e6631056 <unknown>\nE       #17 0x55d6e6642b96 <unknown>\nE       #18 0x7f5bae09caa4 <unknown>\nE       #19 0x7f5bae129c3c <unknown>\n\n/opt/hostedtoolcache/Python/3.12.11/x64/lib/python3.12/site-packages/selenium/webdriver/support/wait.py:105: TimeoutException",
  "flaky" : false,
  "newFailed" : false,
  "beforeStages" : [ {
    "name" : "driver",
    "time" : {
      "start" : 1754015266671,
      "stop" : 1754015267030,
      "duration" : 359
    },
    "status" : "passed",
    "steps" : [ ],
    "attachments" : [ ],
    "parameters" : [ ],
    "stepsCount" : 0,
    "attachmentsCount" : 0,
    "shouldDisplayMessage" : false,
    "hasContent" : false
  }, {
    "name" : "authorization_user",
    "time" : {
      "start" : 1754015267030,
      "stop" : 1754015267534,
      "duration" : 504
    },
    "status" : "passed",
    "steps" : [ {
      "name" : "Open page: https://oblache.areso.pro/register.html",
      "time" : {
        "start" : 1754015267030,
        "stop" : 1754015267336,
        "duration" : 306
      },
      "status" : "passed",
      "steps" : [ ],
      "attachments" : [ ],
      "parameters" : [ ],
      "stepsCount" : 0,
      "attachmentsCount" : 0,
      "shouldDisplayMessage" : false,
      "hasContent" : false
    }, {
      "name" : "Login user",
      "time" : {
        "start" : 1754015267336,
        "stop" : 1754015267534,
        "duration" : 198
      },
      "status" : "passed",
      "steps" : [ {
        "name" : "Enter email.",
        "time" : {
          "start" : 1754015267336,
          "stop" : 1754015267399,
          "duration" : 63
        },
        "status" : "passed",
        "steps" : [ ],
        "attachments" : [ ],
        "parameters" : [ ],
        "stepsCount" : 0,
        "attachmentsCount" : 0,
        "shouldDisplayMessage" : false,
        "hasContent" : false
      }, {
        "name" : "Enter password.",
        "time" : {
          "start" : 1754015267399,
          "stop" : 1754015267443,
          "duration" : 44
        },
        "status" : "passed",
        "steps" : [ ],
        "attachments" : [ ],
        "parameters" : [ ],
        "stepsCount" : 0,
        "attachmentsCount" : 0,
        "shouldDisplayMessage" : false,
        "hasContent" : false
      }, {
        "name" : "Click button \"Login\"",
        "time" : {
          "start" : 1754015267443,
          "stop" : 1754015267531,
          "duration" : 88
        },
        "status" : "passed",
        "steps" : [ ],
        "attachments" : [ ],
        "parameters" : [ ],
        "stepsCount" : 0,
        "attachmentsCount" : 0,
        "shouldDisplayMessage" : false,
        "hasContent" : false
      }, {
        "name" : "Check url is present: https://oblache.areso.pro/register.html",
        "time" : {
          "start" : 1754015267531,
          "stop" : 1754015267534,
          "duration" : 3
        },
        "status" : "passed",
        "steps" : [ ],
        "attachments" : [ ],
        "parameters" : [ ],
        "stepsCount" : 0,
        "attachmentsCount" : 0,
        "shouldDisplayMessage" : false,
        "hasContent" : false
      } ],
      "attachments" : [ ],
      "parameters" : [ ],
      "stepsCount" : 4,
      "attachmentsCount" : 0,
      "shouldDisplayMessage" : false,
      "hasContent" : true
    } ],
    "attachments" : [ ],
    "parameters" : [ ],
    "stepsCount" : 6,
    "attachmentsCount" : 0,
    "shouldDisplayMessage" : false,
    "hasContent" : true
  } ],
  "testStage" : {
    "status" : "broken",
    "statusMessage" : "selenium.common.exceptions.TimeoutException: Message: Can't find element by locator ('xpath', '//table[@id=\"table_containers\"] //tr[1]/td[3] /button')\nStacktrace:\n#0 0x55d6e664387a <unknown>\n#1 0x55d6e60e82e0 <unknown>\n#2 0x55d6e6139e00 <unknown>\n#3 0x55d6e6139ff1 <unknown>\n#4 0x55d6e6188324 <unknown>\n#5 0x55d6e615f8dd <unknown>\n#6 0x55d6e618571c <unknown>\n#7 0x55d6e615f683 <unknown>\n#8 0x55d6e612bb5b <unknown>\n#9 0x55d6e612cf31 <unknown>\n#10 0x55d6e66087cb <unknown>\n#11 0x55d6e660c5d4 <unknown>\n#12 0x55d6e65ef2c9 <unknown>\n#13 0x55d6e660d178 <unknown>\n#14 0x55d6e65d36bf <unknown>\n#15 0x55d6e6630e78 <unknown>\n#16 0x55d6e6631056 <unknown>\n#17 0x55d6e6642b96 <unknown>\n#18 0x7f5bae09caa4 <unknown>\n#19 0x7f5bae129c3c <unknown>",
    "statusTrace" : "self = <tests_ui.test_ui.TestProfilePage object at 0x7f346945dee0>\ndriver = <selenium.webdriver.chrome.webdriver.WebDriver (session=\"db25262b6bedd341b6f85cbf9b356e94\")>\nauthorization_user = None\n\n    @allure.title('test_clipboard_uuid_docker')\n    def test_clipboard_uuid_docker(self, driver, authorization_user):\n        page = ProfilePage(driver, authorization_user)\n        page.click_button_docker_containers()\n>       page.check_clipboard(\n            table_xpath='//table[@id=\"table_containers\"]',\n            token=TestProfilePage.token)\n\ntests_ui/test_ui.py:113: \n_ _ _ _ _ _ _ _ _ _ _ _ _ _ _ _ _ _ _ _ _ _ _ _ _ _ _ _ _ _ _ _ _ _ _ _ _ _ _ _ \ntests_ui/profile_page.py:100: in check_clipboard\n    button = self.element_is_visible((By.XPATH, f'{table_xpath} //tr[1]/td[3] /button'))\ntests_ui/base_page.py:33: in element_is_visible\n    self.go_to_element(self.element_is_present(locator))\ntests_ui/base_page.py:46: in element_is_present\n    return Wait(self.driver, self.timeout).until(\n_ _ _ _ _ _ _ _ _ _ _ _ _ _ _ _ _ _ _ _ _ _ _ _ _ _ _ _ _ _ _ _ _ _ _ _ _ _ _ _ \n\nself = <selenium.webdriver.support.wait.WebDriverWait (session=\"db25262b6bedd341b6f85cbf9b356e94\")>\nmethod = <function presence_of_element_located.<locals>._predicate at 0x7f3468595b20>\nmessage = 'Can\\'t find element by locator (\\'xpath\\', \\'//table[@id=\"table_containers\"] //tr[1]/td[3] /button\\')'\n\n    def until(self, method: Callable[[D], Union[Literal[False], T]], message: str = \"\") -> T:\n        \"\"\"Calls the method provided with the driver as an argument until the \\\n        return value does not evaluate to ``False``.\n    \n        :param method: callable(WebDriver)\n        :param message: optional message for :exc:`TimeoutException`\n        :returns: the result of the last call to `method`\n        :raises: :exc:`selenium.common.exceptions.TimeoutException` if timeout occurs\n        \"\"\"\n        screen = None\n        stacktrace = None\n    \n        end_time = time.monotonic() + self._timeout\n        while True:\n            try:\n                value = method(self._driver)\n                if value:\n                    return value\n            except self._ignored_exceptions as exc:\n                screen = getattr(exc, \"screen\", None)\n                stacktrace = getattr(exc, \"stacktrace\", None)\n            time.sleep(self._poll)\n            if time.monotonic() > end_time:\n                break\n>       raise TimeoutException(message, screen, stacktrace)\nE       selenium.common.exceptions.TimeoutException: Message: Can't find element by locator ('xpath', '//table[@id=\"table_containers\"] //tr[1]/td[3] /button')\nE       Stacktrace:\nE       #0 0x55d6e664387a <unknown>\nE       #1 0x55d6e60e82e0 <unknown>\nE       #2 0x55d6e6139e00 <unknown>\nE       #3 0x55d6e6139ff1 <unknown>\nE       #4 0x55d6e6188324 <unknown>\nE       #5 0x55d6e615f8dd <unknown>\nE       #6 0x55d6e618571c <unknown>\nE       #7 0x55d6e615f683 <unknown>\nE       #8 0x55d6e612bb5b <unknown>\nE       #9 0x55d6e612cf31 <unknown>\nE       #10 0x55d6e66087cb <unknown>\nE       #11 0x55d6e660c5d4 <unknown>\nE       #12 0x55d6e65ef2c9 <unknown>\nE       #13 0x55d6e660d178 <unknown>\nE       #14 0x55d6e65d36bf <unknown>\nE       #15 0x55d6e6630e78 <unknown>\nE       #16 0x55d6e6631056 <unknown>\nE       #17 0x55d6e6642b96 <unknown>\nE       #18 0x7f5bae09caa4 <unknown>\nE       #19 0x7f5bae129c3c <unknown>\n\n/opt/hostedtoolcache/Python/3.12.11/x64/lib/python3.12/site-packages/selenium/webdriver/support/wait.py:105: TimeoutException",
    "steps" : [ {
      "name" : "Click \"Docker containers\" button.",
      "time" : {
        "start" : 1754015267534,
        "stop" : 1754015268381,
        "duration" : 847
      },
      "status" : "passed",
      "steps" : [ ],
      "attachments" : [ ],
      "parameters" : [ ],
      "stepsCount" : 0,
      "attachmentsCount" : 0,
      "shouldDisplayMessage" : false,
      "hasContent" : false
    }, {
      "name" : "Check clipboard",
      "time" : {
        "start" : 1754015268381,
        "stop" : 1754015273531,
        "duration" : 5150
      },
      "status" : "broken",
      "statusMessage" : "selenium.common.exceptions.TimeoutException: Message: Can't find element by locator ('xpath', '//table[@id=\"table_containers\"] //tr[1]/td[3] /button')\nStacktrace:\n#0 0x55d6e664387a <unknown>\n#1 0x55d6e60e82e0 <unknown>\n#2 0x55d6e6139e00 <unknown>\n#3 0x55d6e6139ff1 <unknown>\n#4 0x55d6e6188324 <unknown>\n#5 0x55d6e615f8dd <unknown>\n#6 0x55d6e618571c <unknown>\n#7 0x55d6e615f683 <unknown>\n#8 0x55d6e612bb5b <unknown>\n#9 0x55d6e612cf31 <unknown>\n#10 0x55d6e66087cb <unknown>\n#11 0x55d6e660c5d4 <unknown>\n#12 0x55d6e65ef2c9 <unknown>\n#13 0x55d6e660d178 <unknown>\n#14 0x55d6e65d36bf <unknown>\n#15 0x55d6e6630e78 <unknown>\n#16 0x55d6e6631056 <unknown>\n#17 0x55d6e6642b96 <unknown>\n#18 0x7f5bae09caa4 <unknown>\n#19 0x7f5bae129c3c <unknown>\n\n",
      "statusTrace" : "  File \"/opt/hostedtoolcache/Python/3.12.11/x64/lib/python3.12/site-packages/allure_commons/_allure.py\", line 192, in impl\n    return func(*a, **kw)\n           ^^^^^^^^^^^^^^\n  File \"/home/runner/work/Oblache/Oblache/tests_ui/profile_page.py\", line 100, in check_clipboard\n    button = self.element_is_visible((By.XPATH, f'{table_xpath} //tr[1]/td[3] /button'))\n             ^^^^^^^^^^^^^^^^^^^^^^^^^^^^^^^^^^^^^^^^^^^^^^^^^^^^^^^^^^^^^^^^^^^^^^^^^^^\n  File \"/home/runner/work/Oblache/Oblache/tests_ui/base_page.py\", line 33, in element_is_visible\n    self.go_to_element(self.element_is_present(locator))\n                       ^^^^^^^^^^^^^^^^^^^^^^^^^^^^^^^^\n  File \"/home/runner/work/Oblache/Oblache/tests_ui/base_page.py\", line 46, in element_is_present\n    return Wait(self.driver, self.timeout).until(\n           ^^^^^^^^^^^^^^^^^^^^^^^^^^^^^^^^^^^^^^\n  File \"/opt/hostedtoolcache/Python/3.12.11/x64/lib/python3.12/site-packages/selenium/webdriver/support/wait.py\", line 105, in until\n    raise TimeoutException(message, screen, stacktrace)\n",
      "steps" : [ ],
      "attachments" : [ ],
      "parameters" : [ {
        "name" : "table_xpath",
        "value" : "'//table[@id=\"table_containers\"]'"
      }, {
        "name" : "token",
        "value" : "'b066b253-7801-48a5-b8b1-9722b1483207'"
      } ],
      "stepsCount" : 0,
      "attachmentsCount" : 0,
      "shouldDisplayMessage" : true,
      "hasContent" : true
    } ],
    "attachments" : [ {
      "uid" : "aa9d84655eb369c0",
      "name" : "Screenshot 2025-08-01 02:27:53.638727",
      "source" : "aa9d84655eb369c0.png",
      "type" : "image/png",
      "size" : 31466
    } ],
    "parameters" : [ ],
    "stepsCount" : 2,
    "attachmentsCount" : 1,
    "shouldDisplayMessage" : true,
    "hasContent" : true
  },
  "afterStages" : [ {
    "name" : "driver::0",
    "time" : {
      "start" : 1754015273640,
      "stop" : 1754015273699,
      "duration" : 59
    },
    "status" : "passed",
    "steps" : [ ],
    "attachments" : [ ],
    "parameters" : [ ],
    "stepsCount" : 0,
    "attachmentsCount" : 0,
    "shouldDisplayMessage" : false,
    "hasContent" : false
  } ],
  "labels" : [ {
    "name" : "suite",
    "value" : "Test Profile Page."
  }, {
    "name" : "parentSuite",
    "value" : "tests_ui"
  }, {
    "name" : "subSuite",
    "value" : "TestProfilePage"
  }, {
    "name" : "host",
    "value" : "pkrvmjbmru5nbw0"
  }, {
    "name" : "thread",
    "value" : "2738-MainThread"
  }, {
    "name" : "framework",
    "value" : "pytest"
  }, {
    "name" : "language",
    "value" : "cpython3"
  }, {
    "name" : "package",
    "value" : "tests_ui.test_ui"
  }, {
    "name" : "resultFormat",
    "value" : "allure2"
  } ],
  "parameters" : [ ],
  "links" : [ ],
  "hidden" : false,
  "retry" : false,
  "extra" : {
    "severity" : "normal",
    "retries" : [ ],
    "categories" : [ {
      "name" : "Test defects",
      "matchedStatuses" : [ ],
      "flaky" : false
    } ],
    "history" : {
      "statistic" : {
        "failed" : 0,
        "broken" : 44,
        "skipped" : 0,
        "passed" : 193,
        "unknown" : 0,
        "total" : 237
      },
      "items" : [ {
        "uid" : "10370a51065d1413",
        "reportUrl" : "https://lambotik.github.io/Oblache/457//#testresult/10370a51065d1413",
        "status" : "passed",
        "time" : {
          "start" : 1753927847988,
          "stop" : 1753927851029,
          "duration" : 3041
        }
      }, {
        "uid" : "34562b641614cdd2",
        "reportUrl" : "https://lambotik.github.io/Oblache/456//#testresult/34562b641614cdd2",
        "status" : "passed",
        "time" : {
          "start" : 1753841449403,
          "stop" : 1753841452094,
          "duration" : 2691
        }
      }, {
        "uid" : "db89898ac4a42d07",
        "reportUrl" : "https://lambotik.github.io/Oblache/455//#testresult/db89898ac4a42d07",
        "status" : "passed",
        "time" : {
          "start" : 1753756009554,
          "stop" : 1753756012909,
          "duration" : 3355
        }
      }, {
        "uid" : "80d08455c5375373",
        "reportUrl" : "https://lambotik.github.io/Oblache/454//#testresult/80d08455c5375373",
        "status" : "passed",
        "time" : {
          "start" : 1753668899731,
          "stop" : 1753668902938,
          "duration" : 3207
        }
      }, {
        "uid" : "bf7a9bfd2d6d8f0b",
        "reportUrl" : "https://lambotik.github.io/Oblache/453//#testresult/bf7a9bfd2d6d8f0b",
        "status" : "broken",
        "statusDetails" : "KeyError: 'data'",
        "time" : {
          "start" : 1753583030594,
          "stop" : 1753583033823,
          "duration" : 3229
        }
      }, {
        "uid" : "5981234a2ac76776",
        "reportUrl" : "https://lambotik.github.io/Oblache/452//#testresult/5981234a2ac76776",
        "status" : "broken",
        "statusDetails" : "selenium.common.exceptions.TimeoutException: Message: Can't find element by locator ('xpath', '//table[@id=\"table_containers\"] //tr[1]/td[3] /button')\nStacktrace:\n#0 0x5571e96917da <unknown>\n#1 0x5571e91362e0 <unknown>\n#2 0x5571e9187e00 <unknown>\n#3 0x5571e9187ff1 <unknown>\n#4 0x5571e91d6324 <unknown>\n#5 0x5571e91ad8dd <unknown>\n#6 0x5571e91d371c <unknown>\n#7 0x5571e91ad683 <unknown>\n#8 0x5571e9179b5b <unknown>\n#9 0x5571e917af31 <unknown>\n#10 0x5571e965672b <unknown>\n#11 0x5571e965a534 <unknown>\n#12 0x5571e963d229 <unknown>\n#13 0x5571e965b0d8 <unknown>\n#14 0x5571e962161f <unknown>\n#15 0x5571e967edd8 <unknown>\n#16 0x5571e967efb6 <unknown>\n#17 0x5571e9690af6 <unknown>\n#18 0x7fbfa6c9caa4 <unknown>\n#19 0x7fbfa6d29c3c <unknown>",
        "time" : {
          "start" : 1753495423407,
          "stop" : 1753495429429,
          "duration" : 6022
        }
      }, {
        "uid" : "5a5404d610d25d2f",
        "reportUrl" : "https://lambotik.github.io/Oblache/451//#testresult/5a5404d610d25d2f",
        "status" : "passed",
        "time" : {
          "start" : 1753409263943,
          "stop" : 1753409266639,
          "duration" : 2696
        }
      }, {
        "uid" : "aa49638fbf621e88",
        "reportUrl" : "https://lambotik.github.io/Oblache/450//#testresult/aa49638fbf621e88",
        "status" : "passed",
        "time" : {
          "start" : 1751333082434,
          "stop" : 1751333084865,
          "duration" : 2431
        }
      }, {
        "uid" : "e09d6489618dee6f",
        "reportUrl" : "https://lambotik.github.io/Oblache/449//#testresult/e09d6489618dee6f",
        "status" : "passed",
        "time" : {
          "start" : 1751246496554,
          "stop" : 1751246499048,
          "duration" : 2494
        }
      }, {
        "uid" : "10251e343e9ade3a",
        "reportUrl" : "https://lambotik.github.io/Oblache/448//#testresult/10251e343e9ade3a",
        "status" : "passed",
        "time" : {
          "start" : 1751160284122,
          "stop" : 1751160287334,
          "duration" : 3212
        }
      }, {
        "uid" : "54ce670d2320158",
        "reportUrl" : "https://lambotik.github.io/Oblache/447//#testresult/54ce670d2320158",
        "status" : "broken",
        "statusDetails" : "selenium.common.exceptions.TimeoutException: Message: Can't find element by locator ('xpath', '//table[@id=\"table_containers\"] //tr[1]/td[3] /button')\nStacktrace:\n#0 0x55de3e96045a <unknown>\n#1 0x55de3e405760 <unknown>\n#2 0x55de3e457127 <unknown>\n#3 0x55de3e457321 <unknown>\n#4 0x55de3e4a5e94 <unknown>\n#5 0x55de3e47ce7d <unknown>\n#6 0x55de3e4a330b <unknown>\n#7 0x55de3e47cc23 <unknown>\n#8 0x55de3e4494a5 <unknown>\n#9 0x55de3e44a111 <unknown>\n#10 0x55de3e924f1b <unknown>\n#11 0x55de3e928e19 <unknown>\n#12 0x55de3e90bac9 <unknown>\n#13 0x55de3e9299c8 <unknown>\n#14 0x55de3e8f034f <unknown>\n#15 0x55de3e94da28 <unknown>\n#16 0x55de3e94dc06 <unknown>\n#17 0x55de3e95f336 <unknown>\n#18 0x7f65acc9caa4 <unknown>\n#19 0x7f65acd29c3c <unknown>",
        "time" : {
          "start" : 1751073278166,
          "stop" : 1751073284221,
          "duration" : 6055
        }
      }, {
        "uid" : "136e4e96273fe2eb",
        "reportUrl" : "https://lambotik.github.io/Oblache/446//#testresult/136e4e96273fe2eb",
        "status" : "passed",
        "time" : {
          "start" : 1750987076031,
          "stop" : 1750987079394,
          "duration" : 3363
        }
      }, {
        "uid" : "428c0b7ff67f4204",
        "reportUrl" : "https://lambotik.github.io/Oblache/445//#testresult/428c0b7ff67f4204",
        "status" : "passed",
        "time" : {
          "start" : 1750900620023,
          "stop" : 1750900623211,
          "duration" : 3188
        }
      }, {
        "uid" : "b08f6e030f1b8f89",
        "reportUrl" : "https://lambotik.github.io/Oblache/444//#testresult/b08f6e030f1b8f89",
        "status" : "passed",
        "time" : {
          "start" : 1750814261611,
          "stop" : 1750814264963,
          "duration" : 3352
        }
      }, {
        "uid" : "4a754fcd3a876223",
        "reportUrl" : "https://lambotik.github.io/Oblache/443//#testresult/4a754fcd3a876223",
        "status" : "passed",
        "time" : {
          "start" : 1750727807029,
          "stop" : 1750727810333,
          "duration" : 3304
        }
      }, {
        "uid" : "28bed10c77d7a672",
        "reportUrl" : "https://lambotik.github.io/Oblache/442//#testresult/28bed10c77d7a672",
        "status" : "passed",
        "time" : {
          "start" : 1750641667597,
          "stop" : 1750641671002,
          "duration" : 3405
        }
      }, {
        "uid" : "8129c5a6228b8e38",
        "reportUrl" : "https://lambotik.github.io/Oblache/441//#testresult/8129c5a6228b8e38",
        "status" : "passed",
        "time" : {
          "start" : 1750555435221,
          "stop" : 1750555438579,
          "duration" : 3358
        }
      }, {
        "uid" : "2adc5aa6e8f358c7",
        "reportUrl" : "https://lambotik.github.io/Oblache/440//#testresult/2adc5aa6e8f358c7",
        "status" : "passed",
        "time" : {
          "start" : 1750468545712,
          "stop" : 1750468549027,
          "duration" : 3315
        }
      }, {
        "uid" : "e3f68c7f11054fc9",
        "reportUrl" : "https://lambotik.github.io/Oblache/439//#testresult/e3f68c7f11054fc9",
        "status" : "passed",
        "time" : {
          "start" : 1750382153117,
          "stop" : 1750382156306,
          "duration" : 3189
        }
      }, {
        "uid" : "f799d4bfb4c3a460",
        "reportUrl" : "https://lambotik.github.io/Oblache/438//#testresult/f799d4bfb4c3a460",
        "status" : "passed",
        "time" : {
          "start" : 1750295837882,
          "stop" : 1750295841245,
          "duration" : 3363
        }
      } ]
    },
    "tags" : [ ]
  },
  "source" : "7859b3c56437b170.json",
  "parameterValues" : [ ]
}