{
  "uid" : "41d118ea98221986",
  "name" : "test_create_database",
  "fullName" : "tests_ui.test_ui.TestProfilePage#test_create_database",
  "historyId" : "4762f7b87391625d86f9ea8dbdd3b406",
  "time" : {
    "start" : 1739153514558,
    "stop" : 1739153520679,
    "duration" : 6121
  },
  "status" : "broken",
  "statusMessage" : "selenium.common.exceptions.TimeoutException: Message: Can't find element by locator ('xpath', '//button[@id=\"menu_button_status\"]')\nStacktrace:\n#0 0x557f93ac653a <unknown>\n#1 0x557f935c1f00 <unknown>\n#2 0x557f93611c0c <unknown>\n#3 0x557f93611e31 <unknown>\n#4 0x557f93657bd4 <unknown>\n#5 0x557f936365cd <unknown>\n#6 0x557f93654f84 <unknown>\n#7 0x557f93636343 <unknown>\n#8 0x557f9360378a <unknown>\n#9 0x557f936049de <unknown>\n#10 0x557f93a902cb <unknown>\n#11 0x557f93a94242 <unknown>\n#12 0x557f93a7d7ac <unknown>\n#13 0x557f93a94df7 <unknown>\n#14 0x557f93a61b2f <unknown>\n#15 0x557f93ab51a8 <unknown>\n#16 0x557f93ab5370 <unknown>\n#17 0x557f93ac53b6 <unknown>\n#18 0x7f365b89ca94 <unknown>\n#19 0x7f365b929c3c <unknown>",
  "statusTrace" : "self = <tests_ui.test_ui.TestProfilePage object at 0x7ffb955f0650>\ndriver = <selenium.webdriver.chrome.webdriver.WebDriver (session=\"f6e676b0133a063630b2f2c4ccfc8d68\")>\nauthorization_user = None\n\n    @allure.title('test_create_database')\n    def test_create_database(self, driver, authorization_user):\n        page = ProfilePage(driver, authorization_user)\n>       page.compare_database_status()\n\ntests_ui/test_ui.py:83: \n_ _ _ _ _ _ _ _ _ _ _ _ _ _ _ _ _ _ _ _ _ _ _ _ _ _ _ _ _ _ _ _ _ _ _ _ _ _ _ _ \ntests_ui/profile_page.py:144: in compare_database_status\n    self.click_button_status()\ntests_ui/profile_page.py:18: in click_button_status\n    return self.element_is_present_and_clickable(self.locators.STATUS_BUTTON).click()\ntests_ui/base_page.py:28: in element_is_present_and_clickable\n    return (Wait(self.driver, self.timeout).until(\n_ _ _ _ _ _ _ _ _ _ _ _ _ _ _ _ _ _ _ _ _ _ _ _ _ _ _ _ _ _ _ _ _ _ _ _ _ _ _ _ \n\nself = <selenium.webdriver.support.wait.WebDriverWait (session=\"f6e676b0133a063630b2f2c4ccfc8d68\")>\nmethod = <function visibility_of_element_located.<locals>._predicate at 0x7ffb94505120>\nmessage = 'Can\\'t find element by locator (\\'xpath\\', \\'//button[@id=\"menu_button_status\"]\\')'\n\n    def until(self, method: Callable[[D], Union[Literal[False], T]], message: str = \"\") -> T:\n        \"\"\"Calls the method provided with the driver as an argument until the \\\n        return value does not evaluate to ``False``.\n    \n        :param method: callable(WebDriver)\n        :param message: optional message for :exc:`TimeoutException`\n        :returns: the result of the last call to `method`\n        :raises: :exc:`selenium.common.exceptions.TimeoutException` if timeout occurs\n        \"\"\"\n        screen = None\n        stacktrace = None\n    \n        end_time = time.monotonic() + self._timeout\n        while True:\n            try:\n                value = method(self._driver)\n                if value:\n                    return value\n            except self._ignored_exceptions as exc:\n                screen = getattr(exc, \"screen\", None)\n                stacktrace = getattr(exc, \"stacktrace\", None)\n            time.sleep(self._poll)\n            if time.monotonic() > end_time:\n                break\n>       raise TimeoutException(message, screen, stacktrace)\nE       selenium.common.exceptions.TimeoutException: Message: Can't find element by locator ('xpath', '//button[@id=\"menu_button_status\"]')\nE       Stacktrace:\nE       #0 0x557f93ac653a <unknown>\nE       #1 0x557f935c1f00 <unknown>\nE       #2 0x557f93611c0c <unknown>\nE       #3 0x557f93611e31 <unknown>\nE       #4 0x557f93657bd4 <unknown>\nE       #5 0x557f936365cd <unknown>\nE       #6 0x557f93654f84 <unknown>\nE       #7 0x557f93636343 <unknown>\nE       #8 0x557f9360378a <unknown>\nE       #9 0x557f936049de <unknown>\nE       #10 0x557f93a902cb <unknown>\nE       #11 0x557f93a94242 <unknown>\nE       #12 0x557f93a7d7ac <unknown>\nE       #13 0x557f93a94df7 <unknown>\nE       #14 0x557f93a61b2f <unknown>\nE       #15 0x557f93ab51a8 <unknown>\nE       #16 0x557f93ab5370 <unknown>\nE       #17 0x557f93ac53b6 <unknown>\nE       #18 0x7f365b89ca94 <unknown>\nE       #19 0x7f365b929c3c <unknown>\n\n/opt/hostedtoolcache/Python/3.12.8/x64/lib/python3.12/site-packages/selenium/webdriver/support/wait.py:105: TimeoutException",
  "flaky" : false,
  "newFailed" : false,
  "beforeStages" : [ {
    "name" : "driver",
    "time" : {
      "start" : 1739153513735,
      "stop" : 1739153514067,
      "duration" : 332
    },
    "status" : "passed",
    "steps" : [ ],
    "attachments" : [ ],
    "parameters" : [ ],
    "stepsCount" : 0,
    "attachmentsCount" : 0,
    "shouldDisplayMessage" : false,
    "hasContent" : false
  }, {
    "name" : "authorization_user",
    "time" : {
      "start" : 1739153514067,
      "stop" : 1739153514557,
      "duration" : 490
    },
    "status" : "passed",
    "steps" : [ {
      "name" : "Open page: https://oblache.areso.pro/register.html",
      "time" : {
        "start" : 1739153514067,
        "stop" : 1739153514370,
        "duration" : 303
      },
      "status" : "passed",
      "steps" : [ ],
      "attachments" : [ ],
      "parameters" : [ ],
      "stepsCount" : 0,
      "attachmentsCount" : 0,
      "shouldDisplayMessage" : false,
      "hasContent" : false
    }, {
      "name" : "Login user",
      "time" : {
        "start" : 1739153514370,
        "stop" : 1739153514557,
        "duration" : 187
      },
      "status" : "passed",
      "steps" : [ {
        "name" : "Enter email.",
        "time" : {
          "start" : 1739153514370,
          "stop" : 1739153514428,
          "duration" : 58
        },
        "status" : "passed",
        "steps" : [ ],
        "attachments" : [ ],
        "parameters" : [ ],
        "stepsCount" : 0,
        "attachmentsCount" : 0,
        "shouldDisplayMessage" : false,
        "hasContent" : false
      }, {
        "name" : "Enter password.",
        "time" : {
          "start" : 1739153514428,
          "stop" : 1739153514470,
          "duration" : 42
        },
        "status" : "passed",
        "steps" : [ ],
        "attachments" : [ ],
        "parameters" : [ ],
        "stepsCount" : 0,
        "attachmentsCount" : 0,
        "shouldDisplayMessage" : false,
        "hasContent" : false
      }, {
        "name" : "Click button \"Login\"",
        "time" : {
          "start" : 1739153514470,
          "stop" : 1739153514555,
          "duration" : 85
        },
        "status" : "passed",
        "steps" : [ ],
        "attachments" : [ ],
        "parameters" : [ ],
        "stepsCount" : 0,
        "attachmentsCount" : 0,
        "shouldDisplayMessage" : false,
        "hasContent" : false
      }, {
        "name" : "Check url is present: https://oblache.areso.pro/register.html",
        "time" : {
          "start" : 1739153514555,
          "stop" : 1739153514557,
          "duration" : 2
        },
        "status" : "passed",
        "steps" : [ ],
        "attachments" : [ ],
        "parameters" : [ ],
        "stepsCount" : 0,
        "attachmentsCount" : 0,
        "shouldDisplayMessage" : false,
        "hasContent" : false
      } ],
      "attachments" : [ ],
      "parameters" : [ ],
      "stepsCount" : 4,
      "attachmentsCount" : 0,
      "shouldDisplayMessage" : false,
      "hasContent" : true
    } ],
    "attachments" : [ ],
    "parameters" : [ ],
    "stepsCount" : 6,
    "attachmentsCount" : 0,
    "shouldDisplayMessage" : false,
    "hasContent" : true
  } ],
  "testStage" : {
    "status" : "broken",
    "statusMessage" : "selenium.common.exceptions.TimeoutException: Message: Can't find element by locator ('xpath', '//button[@id=\"menu_button_status\"]')\nStacktrace:\n#0 0x557f93ac653a <unknown>\n#1 0x557f935c1f00 <unknown>\n#2 0x557f93611c0c <unknown>\n#3 0x557f93611e31 <unknown>\n#4 0x557f93657bd4 <unknown>\n#5 0x557f936365cd <unknown>\n#6 0x557f93654f84 <unknown>\n#7 0x557f93636343 <unknown>\n#8 0x557f9360378a <unknown>\n#9 0x557f936049de <unknown>\n#10 0x557f93a902cb <unknown>\n#11 0x557f93a94242 <unknown>\n#12 0x557f93a7d7ac <unknown>\n#13 0x557f93a94df7 <unknown>\n#14 0x557f93a61b2f <unknown>\n#15 0x557f93ab51a8 <unknown>\n#16 0x557f93ab5370 <unknown>\n#17 0x557f93ac53b6 <unknown>\n#18 0x7f365b89ca94 <unknown>\n#19 0x7f365b929c3c <unknown>",
    "statusTrace" : "self = <tests_ui.test_ui.TestProfilePage object at 0x7ffb955f0650>\ndriver = <selenium.webdriver.chrome.webdriver.WebDriver (session=\"f6e676b0133a063630b2f2c4ccfc8d68\")>\nauthorization_user = None\n\n    @allure.title('test_create_database')\n    def test_create_database(self, driver, authorization_user):\n        page = ProfilePage(driver, authorization_user)\n>       page.compare_database_status()\n\ntests_ui/test_ui.py:83: \n_ _ _ _ _ _ _ _ _ _ _ _ _ _ _ _ _ _ _ _ _ _ _ _ _ _ _ _ _ _ _ _ _ _ _ _ _ _ _ _ \ntests_ui/profile_page.py:144: in compare_database_status\n    self.click_button_status()\ntests_ui/profile_page.py:18: in click_button_status\n    return self.element_is_present_and_clickable(self.locators.STATUS_BUTTON).click()\ntests_ui/base_page.py:28: in element_is_present_and_clickable\n    return (Wait(self.driver, self.timeout).until(\n_ _ _ _ _ _ _ _ _ _ _ _ _ _ _ _ _ _ _ _ _ _ _ _ _ _ _ _ _ _ _ _ _ _ _ _ _ _ _ _ \n\nself = <selenium.webdriver.support.wait.WebDriverWait (session=\"f6e676b0133a063630b2f2c4ccfc8d68\")>\nmethod = <function visibility_of_element_located.<locals>._predicate at 0x7ffb94505120>\nmessage = 'Can\\'t find element by locator (\\'xpath\\', \\'//button[@id=\"menu_button_status\"]\\')'\n\n    def until(self, method: Callable[[D], Union[Literal[False], T]], message: str = \"\") -> T:\n        \"\"\"Calls the method provided with the driver as an argument until the \\\n        return value does not evaluate to ``False``.\n    \n        :param method: callable(WebDriver)\n        :param message: optional message for :exc:`TimeoutException`\n        :returns: the result of the last call to `method`\n        :raises: :exc:`selenium.common.exceptions.TimeoutException` if timeout occurs\n        \"\"\"\n        screen = None\n        stacktrace = None\n    \n        end_time = time.monotonic() + self._timeout\n        while True:\n            try:\n                value = method(self._driver)\n                if value:\n                    return value\n            except self._ignored_exceptions as exc:\n                screen = getattr(exc, \"screen\", None)\n                stacktrace = getattr(exc, \"stacktrace\", None)\n            time.sleep(self._poll)\n            if time.monotonic() > end_time:\n                break\n>       raise TimeoutException(message, screen, stacktrace)\nE       selenium.common.exceptions.TimeoutException: Message: Can't find element by locator ('xpath', '//button[@id=\"menu_button_status\"]')\nE       Stacktrace:\nE       #0 0x557f93ac653a <unknown>\nE       #1 0x557f935c1f00 <unknown>\nE       #2 0x557f93611c0c <unknown>\nE       #3 0x557f93611e31 <unknown>\nE       #4 0x557f93657bd4 <unknown>\nE       #5 0x557f936365cd <unknown>\nE       #6 0x557f93654f84 <unknown>\nE       #7 0x557f93636343 <unknown>\nE       #8 0x557f9360378a <unknown>\nE       #9 0x557f936049de <unknown>\nE       #10 0x557f93a902cb <unknown>\nE       #11 0x557f93a94242 <unknown>\nE       #12 0x557f93a7d7ac <unknown>\nE       #13 0x557f93a94df7 <unknown>\nE       #14 0x557f93a61b2f <unknown>\nE       #15 0x557f93ab51a8 <unknown>\nE       #16 0x557f93ab5370 <unknown>\nE       #17 0x557f93ac53b6 <unknown>\nE       #18 0x7f365b89ca94 <unknown>\nE       #19 0x7f365b929c3c <unknown>\n\n/opt/hostedtoolcache/Python/3.12.8/x64/lib/python3.12/site-packages/selenium/webdriver/support/wait.py:105: TimeoutException",
    "steps" : [ {
      "name" : "Click button Status.",
      "time" : {
        "start" : 1739153515558,
        "stop" : 1739153520679,
        "duration" : 5121
      },
      "status" : "broken",
      "statusMessage" : "selenium.common.exceptions.TimeoutException: Message: Can't find element by locator ('xpath', '//button[@id=\"menu_button_status\"]')\nStacktrace:\n#0 0x557f93ac653a <unknown>\n#1 0x557f935c1f00 <unknown>\n#2 0x557f93611c0c <unknown>\n#3 0x557f93611e31 <unknown>\n#4 0x557f93657bd4 <unknown>\n#5 0x557f936365cd <unknown>\n#6 0x557f93654f84 <unknown>\n#7 0x557f93636343 <unknown>\n#8 0x557f9360378a <unknown>\n#9 0x557f936049de <unknown>\n#10 0x557f93a902cb <unknown>\n#11 0x557f93a94242 <unknown>\n#12 0x557f93a7d7ac <unknown>\n#13 0x557f93a94df7 <unknown>\n#14 0x557f93a61b2f <unknown>\n#15 0x557f93ab51a8 <unknown>\n#16 0x557f93ab5370 <unknown>\n#17 0x557f93ac53b6 <unknown>\n#18 0x7f365b89ca94 <unknown>\n#19 0x7f365b929c3c <unknown>\n\n",
      "statusTrace" : "  File \"/home/runner/work/Oblache/Oblache/tests_ui/profile_page.py\", line 18, in click_button_status\n    return self.element_is_present_and_clickable(self.locators.STATUS_BUTTON).click()\n           ^^^^^^^^^^^^^^^^^^^^^^^^^^^^^^^^^^^^^^^^^^^^^^^^^^^^^^^^^^^^^^^^^^\n  File \"/home/runner/work/Oblache/Oblache/tests_ui/base_page.py\", line 28, in element_is_present_and_clickable\n    return (Wait(self.driver, self.timeout).until(\n            ^^^^^^^^^^^^^^^^^^^^^^^^^^^^^^^^^^^^^^\n  File \"/opt/hostedtoolcache/Python/3.12.8/x64/lib/python3.12/site-packages/selenium/webdriver/support/wait.py\", line 105, in until\n    raise TimeoutException(message, screen, stacktrace)\n",
      "steps" : [ ],
      "attachments" : [ ],
      "parameters" : [ ],
      "stepsCount" : 0,
      "attachmentsCount" : 0,
      "shouldDisplayMessage" : true,
      "hasContent" : true
    } ],
    "attachments" : [ {
      "uid" : "2ed34ca2bacd6bfa",
      "name" : "Screenshot 2025-02-10 02:12:00.767247",
      "source" : "2ed34ca2bacd6bfa.png",
      "type" : "image/png",
      "size" : 15568
    } ],
    "parameters" : [ ],
    "stepsCount" : 1,
    "attachmentsCount" : 1,
    "shouldDisplayMessage" : true,
    "hasContent" : true
  },
  "afterStages" : [ {
    "name" : "driver::0",
    "time" : {
      "start" : 1739153520768,
      "stop" : 1739153520832,
      "duration" : 64
    },
    "status" : "passed",
    "steps" : [ ],
    "attachments" : [ ],
    "parameters" : [ ],
    "stepsCount" : 0,
    "attachmentsCount" : 0,
    "shouldDisplayMessage" : false,
    "hasContent" : false
  } ],
  "labels" : [ {
    "name" : "suite",
    "value" : "Test Profile Page."
  }, {
    "name" : "parentSuite",
    "value" : "tests_ui"
  }, {
    "name" : "subSuite",
    "value" : "TestProfilePage"
  }, {
    "name" : "host",
    "value" : "fv-az1068-564"
  }, {
    "name" : "thread",
    "value" : "2444-MainThread"
  }, {
    "name" : "framework",
    "value" : "pytest"
  }, {
    "name" : "language",
    "value" : "cpython3"
  }, {
    "name" : "package",
    "value" : "tests_ui.test_ui"
  }, {
    "name" : "resultFormat",
    "value" : "allure2"
  } ],
  "parameters" : [ ],
  "links" : [ ],
  "hidden" : false,
  "retry" : false,
  "extra" : {
    "severity" : "normal",
    "retries" : [ ],
    "categories" : [ {
      "name" : "Test defects",
      "matchedStatuses" : [ ],
      "flaky" : false
    } ],
    "history" : {
      "statistic" : {
        "failed" : 0,
        "broken" : 90,
        "skipped" : 0,
        "passed" : 1,
        "unknown" : 0,
        "total" : 91
      },
      "items" : [ {
        "uid" : "8dbca6761cc4f3d8",
        "reportUrl" : "https://lambotik.github.io/Oblache/308//#testresult/8dbca6761cc4f3d8",
        "status" : "broken",
        "statusDetails" : "selenium.common.exceptions.TimeoutException: Message: Can't find element by locator ('xpath', '//button[@id=\"menu_button_status\"]')\nStacktrace:\n#0 0x55e78c1bb53a <unknown>\n#1 0x55e78bcb6f00 <unknown>\n#2 0x55e78bd06c0c <unknown>\n#3 0x55e78bd06e31 <unknown>\n#4 0x55e78bd4cbd4 <unknown>\n#5 0x55e78bd2b5cd <unknown>\n#6 0x55e78bd49f84 <unknown>\n#7 0x55e78bd2b343 <unknown>\n#8 0x55e78bcf878a <unknown>\n#9 0x55e78bcf99de <unknown>\n#10 0x55e78c1852cb <unknown>\n#11 0x55e78c189242 <unknown>\n#12 0x55e78c1727ac <unknown>\n#13 0x55e78c189df7 <unknown>\n#14 0x55e78c156b2f <unknown>\n#15 0x55e78c1aa1a8 <unknown>\n#16 0x55e78c1aa370 <unknown>\n#17 0x55e78c1ba3b6 <unknown>\n#18 0x7ff8cfa9ca94 <unknown>\n#19 0x7ff8cfb29c3c <unknown>",
        "time" : {
          "start" : 1739067201427,
          "stop" : 1739067207554,
          "duration" : 6127
        }
      }, {
        "uid" : "87e53fdb28ca8e27",
        "reportUrl" : "https://lambotik.github.io/Oblache/307//#testresult/87e53fdb28ca8e27",
        "status" : "broken",
        "statusDetails" : "selenium.common.exceptions.TimeoutException: Message: Can't find element by locator ('xpath', '//button[@id=\"menu_button_status\"]')\nStacktrace:\n#0 0x562e9fb0153a <unknown>\n#1 0x562e9f5fcf00 <unknown>\n#2 0x562e9f64cc0c <unknown>\n#3 0x562e9f64ce31 <unknown>\n#4 0x562e9f692bd4 <unknown>\n#5 0x562e9f6715cd <unknown>\n#6 0x562e9f68ff84 <unknown>\n#7 0x562e9f671343 <unknown>\n#8 0x562e9f63e78a <unknown>\n#9 0x562e9f63f9de <unknown>\n#10 0x562e9facb2cb <unknown>\n#11 0x562e9facf242 <unknown>\n#12 0x562e9fab87ac <unknown>\n#13 0x562e9facfdf7 <unknown>\n#14 0x562e9fa9cb2f <unknown>\n#15 0x562e9faf01a8 <unknown>\n#16 0x562e9faf0370 <unknown>\n#17 0x562e9fb003b6 <unknown>\n#18 0x7fa0c009ca94 <unknown>\n#19 0x7fa0c0129c3c <unknown>",
        "time" : {
          "start" : 1738980523645,
          "stop" : 1738980529771,
          "duration" : 6126
        }
      }, {
        "uid" : "354ef7b157433238",
        "reportUrl" : "https://lambotik.github.io/Oblache/306//#testresult/354ef7b157433238",
        "status" : "broken",
        "statusDetails" : "selenium.common.exceptions.TimeoutException: Message: Can't find element by locator ('xpath', '//button[@id=\"menu_button_status\"]')\nStacktrace:\n#0 0x561094e4153a <unknown>\n#1 0x56109493cf00 <unknown>\n#2 0x56109498cc0c <unknown>\n#3 0x56109498ce31 <unknown>\n#4 0x5610949d2bd4 <unknown>\n#5 0x5610949b15cd <unknown>\n#6 0x5610949cff84 <unknown>\n#7 0x5610949b1343 <unknown>\n#8 0x56109497e78a <unknown>\n#9 0x56109497f9de <unknown>\n#10 0x561094e0b2cb <unknown>\n#11 0x561094e0f242 <unknown>\n#12 0x561094df87ac <unknown>\n#13 0x561094e0fdf7 <unknown>\n#14 0x561094ddcb2f <unknown>\n#15 0x561094e301a8 <unknown>\n#16 0x561094e30370 <unknown>\n#17 0x561094e403b6 <unknown>\n#18 0x7fac6a09ca94 <unknown>\n#19 0x7fac6a129c3c <unknown>",
        "time" : {
          "start" : 1738894248268,
          "stop" : 1738894254397,
          "duration" : 6129
        }
      }, {
        "uid" : "10b3d1ca795c7d64",
        "reportUrl" : "https://lambotik.github.io/Oblache/305//#testresult/10b3d1ca795c7d64",
        "status" : "broken",
        "statusDetails" : "selenium.common.exceptions.TimeoutException: Message: Can't find element by locator ('xpath', '//button[@id=\"menu_button_status\"]')\nStacktrace:\n#0 0x555fe69e953a <unknown>\n#1 0x555fe64e4f00 <unknown>\n#2 0x555fe6534c0c <unknown>\n#3 0x555fe6534e31 <unknown>\n#4 0x555fe657abd4 <unknown>\n#5 0x555fe65595cd <unknown>\n#6 0x555fe6577f84 <unknown>\n#7 0x555fe6559343 <unknown>\n#8 0x555fe652678a <unknown>\n#9 0x555fe65279de <unknown>\n#10 0x555fe69b32cb <unknown>\n#11 0x555fe69b7242 <unknown>\n#12 0x555fe69a07ac <unknown>\n#13 0x555fe69b7df7 <unknown>\n#14 0x555fe6984b2f <unknown>\n#15 0x555fe69d81a8 <unknown>\n#16 0x555fe69d8370 <unknown>\n#17 0x555fe69e83b6 <unknown>\n#18 0x7f29f089ca94 <unknown>\n#19 0x7f29f0929c3c <unknown>",
        "time" : {
          "start" : 1738807819982,
          "stop" : 1738807826110,
          "duration" : 6128
        }
      }, {
        "uid" : "73e32f498b214267",
        "reportUrl" : "https://lambotik.github.io/Oblache/304//#testresult/73e32f498b214267",
        "status" : "broken",
        "statusDetails" : "selenium.common.exceptions.TimeoutException: Message: Can't find element by locator ('xpath', '//button[@id=\"menu_button_status\"]')\nStacktrace:\n#0 0x559b632f1dca <unknown>\n#1 0x559b62de83f0 <unknown>\n#2 0x559b62e3810c <unknown>\n#3 0x559b62e38331 <unknown>\n#4 0x559b62e7e154 <unknown>\n#5 0x559b62e5cabd <unknown>\n#6 0x559b62e7b4b3 <unknown>\n#7 0x559b62e5c833 <unknown>\n#8 0x559b62e295a0 <unknown>\n#9 0x559b62e2aece <unknown>\n#10 0x559b632bbbdb <unknown>\n#11 0x559b632bfb67 <unknown>\n#12 0x559b632a73bc <unknown>\n#13 0x559b632c0727 <unknown>\n#14 0x559b6328b74f <unknown>\n#15 0x559b632e0938 <unknown>\n#16 0x559b632e0b00 <unknown>\n#17 0x559b632f0c46 <unknown>\n#18 0x7f352ae9ca94 <unknown>\n#19 0x7f352af29c3c <unknown>",
        "time" : {
          "start" : 1738721399972,
          "stop" : 1738721406102,
          "duration" : 6130
        }
      }, {
        "uid" : "47dc2ed734c3b678",
        "reportUrl" : "https://lambotik.github.io/Oblache/303//#testresult/47dc2ed734c3b678",
        "status" : "broken",
        "statusDetails" : "selenium.common.exceptions.TimeoutException: Message: Can't find element by locator ('xpath', '//button[@id=\"menu_button_status\"]')\nStacktrace:\n#0 0x55613c09fdca <unknown>\n#1 0x55613bb963f0 <unknown>\n#2 0x55613bbe610c <unknown>\n#3 0x55613bbe6331 <unknown>\n#4 0x55613bc2c154 <unknown>\n#5 0x55613bc0aabd <unknown>\n#6 0x55613bc294b3 <unknown>\n#7 0x55613bc0a833 <unknown>\n#8 0x55613bbd75a0 <unknown>\n#9 0x55613bbd8ece <unknown>\n#10 0x55613c069bdb <unknown>\n#11 0x55613c06db67 <unknown>\n#12 0x55613c0553bc <unknown>\n#13 0x55613c06e727 <unknown>\n#14 0x55613c03974f <unknown>\n#15 0x55613c08e938 <unknown>\n#16 0x55613c08eb00 <unknown>\n#17 0x55613c09ec46 <unknown>\n#18 0x7fc67b69ca94 <unknown>\n#19 0x7fc67b729c3c <unknown>",
        "time" : {
          "start" : 1738634972045,
          "stop" : 1738634978175,
          "duration" : 6130
        }
      }, {
        "uid" : "2951437ff5c74aed",
        "reportUrl" : "https://lambotik.github.io/Oblache/302//#testresult/2951437ff5c74aed",
        "status" : "broken",
        "statusDetails" : "selenium.common.exceptions.TimeoutException: Message: Can't find element by locator ('xpath', '//button[@id=\"menu_button_status\"]')\nStacktrace:\n#0 0x562a951c1dca <unknown>\n#1 0x562a94cb83f0 <unknown>\n#2 0x562a94d0810c <unknown>\n#3 0x562a94d08331 <unknown>\n#4 0x562a94d4e154 <unknown>\n#5 0x562a94d2cabd <unknown>\n#6 0x562a94d4b4b3 <unknown>\n#7 0x562a94d2c833 <unknown>\n#8 0x562a94cf95a0 <unknown>\n#9 0x562a94cfaece <unknown>\n#10 0x562a9518bbdb <unknown>\n#11 0x562a9518fb67 <unknown>\n#12 0x562a951773bc <unknown>\n#13 0x562a95190727 <unknown>\n#14 0x562a9515b74f <unknown>\n#15 0x562a951b0938 <unknown>\n#16 0x562a951b0b00 <unknown>\n#17 0x562a951c0c46 <unknown>\n#18 0x7f57b589ca94 <unknown>\n#19 0x7f57b5929c3c <unknown>",
        "time" : {
          "start" : 1738548620660,
          "stop" : 1738548626793,
          "duration" : 6133
        }
      }, {
        "uid" : "f64d8e82434309da",
        "reportUrl" : "https://lambotik.github.io/Oblache/301//#testresult/f64d8e82434309da",
        "status" : "broken",
        "statusDetails" : "selenium.common.exceptions.TimeoutException: Message: Can't find element by locator ('xpath', '//button[@id=\"menu_button_status\"]')\nStacktrace:\n#0 0x55b9c1aa0dca <unknown>\n#1 0x55b9c15973f0 <unknown>\n#2 0x55b9c15e710c <unknown>\n#3 0x55b9c15e7331 <unknown>\n#4 0x55b9c162d154 <unknown>\n#5 0x55b9c160babd <unknown>\n#6 0x55b9c162a4b3 <unknown>\n#7 0x55b9c160b833 <unknown>\n#8 0x55b9c15d85a0 <unknown>\n#9 0x55b9c15d9ece <unknown>\n#10 0x55b9c1a6abdb <unknown>\n#11 0x55b9c1a6eb67 <unknown>\n#12 0x55b9c1a563bc <unknown>\n#13 0x55b9c1a6f727 <unknown>\n#14 0x55b9c1a3a74f <unknown>\n#15 0x55b9c1a8f938 <unknown>\n#16 0x55b9c1a8fb00 <unknown>\n#17 0x55b9c1a9fc46 <unknown>\n#18 0x7f314789ca94 <unknown>\n#19 0x7f3147929c3c <unknown>",
        "time" : {
          "start" : 1738462356222,
          "stop" : 1738462362350,
          "duration" : 6128
        }
      }, {
        "uid" : "cc02eb587fb703ef",
        "reportUrl" : "https://lambotik.github.io/Oblache/300//#testresult/cc02eb587fb703ef",
        "status" : "broken",
        "statusDetails" : "selenium.common.exceptions.TimeoutException: Message: Can't find element by locator ('xpath', '//div[@id=\"msg_from_server\"]')",
        "time" : {
          "start" : 1738371977656,
          "stop" : 1738371986360,
          "duration" : 8704
        }
      }, {
        "uid" : "c0e7f33ce413180",
        "reportUrl" : "https://lambotik.github.io/Oblache/299//#testresult/c0e7f33ce413180",
        "status" : "broken",
        "statusDetails" : "selenium.common.exceptions.TimeoutException: Message: Can't find element by locator ('xpath', '//div[@id=\"msg_from_server\"]')",
        "time" : {
          "start" : 1738350733921,
          "stop" : 1738350741827,
          "duration" : 7906
        }
      }, {
        "uid" : "b47fe95aaeed51e3",
        "reportUrl" : "https://lambotik.github.io/Oblache/298//#testresult/b47fe95aaeed51e3",
        "status" : "broken",
        "statusDetails" : "selenium.common.exceptions.TimeoutException: Message: Can't find element by locator ('xpath', '//div[@id=\"msg_from_server\"]')",
        "time" : {
          "start" : 1738198865121,
          "stop" : 1738198872978,
          "duration" : 7857
        }
      }, {
        "uid" : "42ef20f6dcfc35f3",
        "reportUrl" : "https://lambotik.github.io/Oblache/297//#testresult/42ef20f6dcfc35f3",
        "status" : "broken",
        "statusDetails" : "selenium.common.exceptions.TimeoutException: Message: Can't find element by locator ('xpath', '//div[@id=\"msg_from_server\"]')",
        "time" : {
          "start" : 1738112531839,
          "stop" : 1738112539745,
          "duration" : 7906
        }
      }, {
        "uid" : "da4c26749427ed1c",
        "reportUrl" : "https://lambotik.github.io/Oblache/296//#testresult/da4c26749427ed1c",
        "status" : "broken",
        "statusDetails" : "selenium.common.exceptions.TimeoutException: Message: Can't find element by locator ('xpath', '//div[@id=\"msg_from_server\"]')",
        "time" : {
          "start" : 1738026197763,
          "stop" : 1738026205696,
          "duration" : 7933
        }
      }, {
        "uid" : "baa7b0bf7603a849",
        "reportUrl" : "https://lambotik.github.io/Oblache/295//#testresult/baa7b0bf7603a849",
        "status" : "broken",
        "statusDetails" : "selenium.common.exceptions.TimeoutException: Message: Can't find element by locator ('xpath', '//div[@id=\"msg_from_server\"]')",
        "time" : {
          "start" : 1737939847424,
          "stop" : 1737939855268,
          "duration" : 7844
        }
      }, {
        "uid" : "e2ad9a6fd07418da",
        "reportUrl" : "https://lambotik.github.io/Oblache/294//#testresult/e2ad9a6fd07418da",
        "status" : "broken",
        "statusDetails" : "selenium.common.exceptions.TimeoutException: Message: Can't find element by locator ('xpath', '//div[@id=\"msg_from_server\"]')",
        "time" : {
          "start" : 1737853514273,
          "stop" : 1737853522941,
          "duration" : 8668
        }
      }, {
        "uid" : "4157d28bb7b9d0d1",
        "reportUrl" : "https://lambotik.github.io/Oblache/293//#testresult/4157d28bb7b9d0d1",
        "status" : "broken",
        "statusDetails" : "selenium.common.exceptions.TimeoutException: Message: Can't find element by locator ('xpath', '//div[@id=\"msg_from_server\"]')",
        "time" : {
          "start" : 1737766822399,
          "stop" : 1737766831232,
          "duration" : 8833
        }
      }, {
        "uid" : "ecda107a1bdf705e",
        "reportUrl" : "https://lambotik.github.io/Oblache/292//#testresult/ecda107a1bdf705e",
        "status" : "broken",
        "statusDetails" : "selenium.common.exceptions.TimeoutException: Message: Can't find element by locator ('xpath', '//div[@id=\"msg_from_server\"]')",
        "time" : {
          "start" : 1737680673296,
          "stop" : 1737680682137,
          "duration" : 8841
        }
      }, {
        "uid" : "7ab6ae40e0c1ed9f",
        "reportUrl" : "https://lambotik.github.io/Oblache/291//#testresult/7ab6ae40e0c1ed9f",
        "status" : "broken",
        "statusDetails" : "selenium.common.exceptions.TimeoutException: Message: Can't find element by locator ('xpath', '//div[@id=\"msg_from_server\"]')",
        "time" : {
          "start" : 1737594125456,
          "stop" : 1737594133311,
          "duration" : 7855
        }
      }, {
        "uid" : "f6538593e487ae0b",
        "reportUrl" : "https://lambotik.github.io/Oblache/290//#testresult/f6538593e487ae0b",
        "status" : "broken",
        "statusDetails" : "selenium.common.exceptions.TimeoutException: Message: Can't find element by locator ('xpath', '//div[@id=\"msg_from_server\"]')",
        "time" : {
          "start" : 1737507845895,
          "stop" : 1737507853949,
          "duration" : 8054
        }
      }, {
        "uid" : "3f0ac9f3eed9205d",
        "reportUrl" : "https://lambotik.github.io/Oblache/289//#testresult/3f0ac9f3eed9205d",
        "status" : "broken",
        "statusDetails" : "selenium.common.exceptions.TimeoutException: Message: Can't find element by locator ('xpath', '//div[@id=\"msg_from_server\"]')",
        "time" : {
          "start" : 1737421325706,
          "stop" : 1737421333584,
          "duration" : 7878
        }
      } ]
    },
    "tags" : [ ]
  },
  "source" : "41d118ea98221986.json",
  "parameterValues" : [ ]
}