{
  "uid" : "2526c1dc297be80c",
  "name" : "test_clipboard_uuid_docker",
  "fullName" : "tests_ui.test_ui.TestProfilePage#test_clipboard_uuid_docker",
  "historyId" : "11f91f43cfea2a231aececf29c7ed302",
  "time" : {
    "start" : 1727485376037,
    "stop" : 1727485381168,
    "duration" : 5131
  },
  "status" : "broken",
  "statusMessage" : "selenium.common.exceptions.TimeoutException: Message: Can't find element by locator ('xpath', '//button[@id=\"menu_button_containers\"]')\nStacktrace:\n#0 0x55b6b569d13a <unknown>\n#1 0x55b6b53835e0 <unknown>\n#2 0x55b6b53d2be8 <unknown>\n#3 0x55b6b53d2e81 <unknown>\n#4 0x55b6b54198c4 <unknown>\n#5 0x55b6b53f7b4d <unknown>\n#6 0x55b6b5416d7d <unknown>\n#7 0x55b6b53f78c3 <unknown>\n#8 0x55b6b53c56b3 <unknown>\n#9 0x55b6b53c668e <unknown>\n#10 0x55b6b5667b3b <unknown>\n#11 0x55b6b566bac1 <unknown>\n#12 0x55b6b5654335 <unknown>\n#13 0x55b6b566c642 <unknown>\n#14 0x55b6b563949f <unknown>\n#15 0x55b6b568c038 <unknown>\n#16 0x55b6b568c203 <unknown>\n#17 0x55b6b569bf8c <unknown>\n#18 0x7fd641494ac3 <unknown>",
  "statusTrace" : "self = <tests_ui.test_ui.TestProfilePage object at 0x7f60d3340890>\ndriver = <selenium.webdriver.chrome.webdriver.WebDriver (session=\"825add9b323cca1099e06cb3a56d9717\")>\nauthorization_user = None\n\n    @allure.title('test_clipboard_uuid_docker')\n    def test_clipboard_uuid_docker(self, driver, authorization_user):\n        page = ProfilePage(driver, authorization_user)\n>       page.click_button_docker_containers()\n\ntests_ui/test_ui.py:112: \n_ _ _ _ _ _ _ _ _ _ _ _ _ _ _ _ _ _ _ _ _ _ _ _ _ _ _ _ _ _ _ _ _ _ _ _ _ _ _ _ \ntests_ui/profile_page.py:53: in click_button_docker_containers\n    return self.element_is_present_and_clickable(self.locators.BUTTON_DOCKER_CONTAINER).click()\ntests_ui/base_page.py:28: in element_is_present_and_clickable\n    return (Wait(self.driver, self.timeout).until(\n_ _ _ _ _ _ _ _ _ _ _ _ _ _ _ _ _ _ _ _ _ _ _ _ _ _ _ _ _ _ _ _ _ _ _ _ _ _ _ _ \n\nself = <selenium.webdriver.support.wait.WebDriverWait (session=\"825add9b323cca1099e06cb3a56d9717\")>\nmethod = <function visibility_of_element_located.<locals>._predicate at 0x7f60d3034900>\nmessage = 'Can\\'t find element by locator (\\'xpath\\', \\'//button[@id=\"menu_button_containers\"]\\')'\n\n    def until(self, method: Callable[[D], Union[Literal[False], T]], message: str = \"\") -> T:\n        \"\"\"Calls the method provided with the driver as an argument until the \\\n        return value does not evaluate to ``False``.\n    \n        :param method: callable(WebDriver)\n        :param message: optional message for :exc:`TimeoutException`\n        :returns: the result of the last call to `method`\n        :raises: :exc:`selenium.common.exceptions.TimeoutException` if timeout occurs\n        \"\"\"\n        screen = None\n        stacktrace = None\n    \n        end_time = time.monotonic() + self._timeout\n        while True:\n            try:\n                value = method(self._driver)\n                if value:\n                    return value\n            except self._ignored_exceptions as exc:\n                screen = getattr(exc, \"screen\", None)\n                stacktrace = getattr(exc, \"stacktrace\", None)\n            time.sleep(self._poll)\n            if time.monotonic() > end_time:\n                break\n>       raise TimeoutException(message, screen, stacktrace)\nE       selenium.common.exceptions.TimeoutException: Message: Can't find element by locator ('xpath', '//button[@id=\"menu_button_containers\"]')\nE       Stacktrace:\nE       #0 0x55b6b569d13a <unknown>\nE       #1 0x55b6b53835e0 <unknown>\nE       #2 0x55b6b53d2be8 <unknown>\nE       #3 0x55b6b53d2e81 <unknown>\nE       #4 0x55b6b54198c4 <unknown>\nE       #5 0x55b6b53f7b4d <unknown>\nE       #6 0x55b6b5416d7d <unknown>\nE       #7 0x55b6b53f78c3 <unknown>\nE       #8 0x55b6b53c56b3 <unknown>\nE       #9 0x55b6b53c668e <unknown>\nE       #10 0x55b6b5667b3b <unknown>\nE       #11 0x55b6b566bac1 <unknown>\nE       #12 0x55b6b5654335 <unknown>\nE       #13 0x55b6b566c642 <unknown>\nE       #14 0x55b6b563949f <unknown>\nE       #15 0x55b6b568c038 <unknown>\nE       #16 0x55b6b568c203 <unknown>\nE       #17 0x55b6b569bf8c <unknown>\nE       #18 0x7fd641494ac3 <unknown>\n\n/opt/hostedtoolcache/Python/3.12.6/x64/lib/python3.12/site-packages/selenium/webdriver/support/wait.py:105: TimeoutException",
  "flaky" : false,
  "newFailed" : false,
  "beforeStages" : [ {
    "name" : "authorization_user",
    "time" : {
      "start" : 1727485375557,
      "stop" : 1727485376037,
      "duration" : 480
    },
    "status" : "passed",
    "steps" : [ {
      "name" : "Open page: https://oblache.areso.pro/register.html",
      "time" : {
        "start" : 1727485375557,
        "stop" : 1727485375857,
        "duration" : 300
      },
      "status" : "passed",
      "steps" : [ ],
      "attachments" : [ ],
      "parameters" : [ ],
      "stepsCount" : 0,
      "attachmentsCount" : 0,
      "shouldDisplayMessage" : false,
      "hasContent" : false
    }, {
      "name" : "Login user",
      "time" : {
        "start" : 1727485375857,
        "stop" : 1727485376037,
        "duration" : 180
      },
      "status" : "passed",
      "steps" : [ {
        "name" : "Enter email.",
        "time" : {
          "start" : 1727485375857,
          "stop" : 1727485375915,
          "duration" : 58
        },
        "status" : "passed",
        "steps" : [ ],
        "attachments" : [ ],
        "parameters" : [ ],
        "stepsCount" : 0,
        "attachmentsCount" : 0,
        "shouldDisplayMessage" : false,
        "hasContent" : false
      }, {
        "name" : "Enter password.",
        "time" : {
          "start" : 1727485375915,
          "stop" : 1727485375961,
          "duration" : 46
        },
        "status" : "passed",
        "steps" : [ ],
        "attachments" : [ ],
        "parameters" : [ ],
        "stepsCount" : 0,
        "attachmentsCount" : 0,
        "shouldDisplayMessage" : false,
        "hasContent" : false
      }, {
        "name" : "Click button \"Login\"",
        "time" : {
          "start" : 1727485375961,
          "stop" : 1727485376034,
          "duration" : 73
        },
        "status" : "passed",
        "steps" : [ ],
        "attachments" : [ ],
        "parameters" : [ ],
        "stepsCount" : 0,
        "attachmentsCount" : 0,
        "shouldDisplayMessage" : false,
        "hasContent" : false
      }, {
        "name" : "Check url is present: https://oblache.areso.pro/register.html",
        "time" : {
          "start" : 1727485376034,
          "stop" : 1727485376037,
          "duration" : 3
        },
        "status" : "passed",
        "steps" : [ ],
        "attachments" : [ ],
        "parameters" : [ ],
        "stepsCount" : 0,
        "attachmentsCount" : 0,
        "shouldDisplayMessage" : false,
        "hasContent" : false
      } ],
      "attachments" : [ ],
      "parameters" : [ ],
      "stepsCount" : 4,
      "attachmentsCount" : 0,
      "shouldDisplayMessage" : false,
      "hasContent" : true
    } ],
    "attachments" : [ ],
    "parameters" : [ ],
    "stepsCount" : 6,
    "attachmentsCount" : 0,
    "shouldDisplayMessage" : false,
    "hasContent" : true
  }, {
    "name" : "driver",
    "time" : {
      "start" : 1727485375286,
      "stop" : 1727485375557,
      "duration" : 271
    },
    "status" : "passed",
    "steps" : [ ],
    "attachments" : [ ],
    "parameters" : [ ],
    "stepsCount" : 0,
    "attachmentsCount" : 0,
    "shouldDisplayMessage" : false,
    "hasContent" : false
  } ],
  "testStage" : {
    "status" : "broken",
    "statusMessage" : "selenium.common.exceptions.TimeoutException: Message: Can't find element by locator ('xpath', '//button[@id=\"menu_button_containers\"]')\nStacktrace:\n#0 0x55b6b569d13a <unknown>\n#1 0x55b6b53835e0 <unknown>\n#2 0x55b6b53d2be8 <unknown>\n#3 0x55b6b53d2e81 <unknown>\n#4 0x55b6b54198c4 <unknown>\n#5 0x55b6b53f7b4d <unknown>\n#6 0x55b6b5416d7d <unknown>\n#7 0x55b6b53f78c3 <unknown>\n#8 0x55b6b53c56b3 <unknown>\n#9 0x55b6b53c668e <unknown>\n#10 0x55b6b5667b3b <unknown>\n#11 0x55b6b566bac1 <unknown>\n#12 0x55b6b5654335 <unknown>\n#13 0x55b6b566c642 <unknown>\n#14 0x55b6b563949f <unknown>\n#15 0x55b6b568c038 <unknown>\n#16 0x55b6b568c203 <unknown>\n#17 0x55b6b569bf8c <unknown>\n#18 0x7fd641494ac3 <unknown>",
    "statusTrace" : "self = <tests_ui.test_ui.TestProfilePage object at 0x7f60d3340890>\ndriver = <selenium.webdriver.chrome.webdriver.WebDriver (session=\"825add9b323cca1099e06cb3a56d9717\")>\nauthorization_user = None\n\n    @allure.title('test_clipboard_uuid_docker')\n    def test_clipboard_uuid_docker(self, driver, authorization_user):\n        page = ProfilePage(driver, authorization_user)\n>       page.click_button_docker_containers()\n\ntests_ui/test_ui.py:112: \n_ _ _ _ _ _ _ _ _ _ _ _ _ _ _ _ _ _ _ _ _ _ _ _ _ _ _ _ _ _ _ _ _ _ _ _ _ _ _ _ \ntests_ui/profile_page.py:53: in click_button_docker_containers\n    return self.element_is_present_and_clickable(self.locators.BUTTON_DOCKER_CONTAINER).click()\ntests_ui/base_page.py:28: in element_is_present_and_clickable\n    return (Wait(self.driver, self.timeout).until(\n_ _ _ _ _ _ _ _ _ _ _ _ _ _ _ _ _ _ _ _ _ _ _ _ _ _ _ _ _ _ _ _ _ _ _ _ _ _ _ _ \n\nself = <selenium.webdriver.support.wait.WebDriverWait (session=\"825add9b323cca1099e06cb3a56d9717\")>\nmethod = <function visibility_of_element_located.<locals>._predicate at 0x7f60d3034900>\nmessage = 'Can\\'t find element by locator (\\'xpath\\', \\'//button[@id=\"menu_button_containers\"]\\')'\n\n    def until(self, method: Callable[[D], Union[Literal[False], T]], message: str = \"\") -> T:\n        \"\"\"Calls the method provided with the driver as an argument until the \\\n        return value does not evaluate to ``False``.\n    \n        :param method: callable(WebDriver)\n        :param message: optional message for :exc:`TimeoutException`\n        :returns: the result of the last call to `method`\n        :raises: :exc:`selenium.common.exceptions.TimeoutException` if timeout occurs\n        \"\"\"\n        screen = None\n        stacktrace = None\n    \n        end_time = time.monotonic() + self._timeout\n        while True:\n            try:\n                value = method(self._driver)\n                if value:\n                    return value\n            except self._ignored_exceptions as exc:\n                screen = getattr(exc, \"screen\", None)\n                stacktrace = getattr(exc, \"stacktrace\", None)\n            time.sleep(self._poll)\n            if time.monotonic() > end_time:\n                break\n>       raise TimeoutException(message, screen, stacktrace)\nE       selenium.common.exceptions.TimeoutException: Message: Can't find element by locator ('xpath', '//button[@id=\"menu_button_containers\"]')\nE       Stacktrace:\nE       #0 0x55b6b569d13a <unknown>\nE       #1 0x55b6b53835e0 <unknown>\nE       #2 0x55b6b53d2be8 <unknown>\nE       #3 0x55b6b53d2e81 <unknown>\nE       #4 0x55b6b54198c4 <unknown>\nE       #5 0x55b6b53f7b4d <unknown>\nE       #6 0x55b6b5416d7d <unknown>\nE       #7 0x55b6b53f78c3 <unknown>\nE       #8 0x55b6b53c56b3 <unknown>\nE       #9 0x55b6b53c668e <unknown>\nE       #10 0x55b6b5667b3b <unknown>\nE       #11 0x55b6b566bac1 <unknown>\nE       #12 0x55b6b5654335 <unknown>\nE       #13 0x55b6b566c642 <unknown>\nE       #14 0x55b6b563949f <unknown>\nE       #15 0x55b6b568c038 <unknown>\nE       #16 0x55b6b568c203 <unknown>\nE       #17 0x55b6b569bf8c <unknown>\nE       #18 0x7fd641494ac3 <unknown>\n\n/opt/hostedtoolcache/Python/3.12.6/x64/lib/python3.12/site-packages/selenium/webdriver/support/wait.py:105: TimeoutException",
    "steps" : [ {
      "name" : "Click \"Docker containers\" button.",
      "time" : {
        "start" : 1727485376037,
        "stop" : 1727485381168,
        "duration" : 5131
      },
      "status" : "broken",
      "statusMessage" : "selenium.common.exceptions.TimeoutException: Message: Can't find element by locator ('xpath', '//button[@id=\"menu_button_containers\"]')\nStacktrace:\n#0 0x55b6b569d13a <unknown>\n#1 0x55b6b53835e0 <unknown>\n#2 0x55b6b53d2be8 <unknown>\n#3 0x55b6b53d2e81 <unknown>\n#4 0x55b6b54198c4 <unknown>\n#5 0x55b6b53f7b4d <unknown>\n#6 0x55b6b5416d7d <unknown>\n#7 0x55b6b53f78c3 <unknown>\n#8 0x55b6b53c56b3 <unknown>\n#9 0x55b6b53c668e <unknown>\n#10 0x55b6b5667b3b <unknown>\n#11 0x55b6b566bac1 <unknown>\n#12 0x55b6b5654335 <unknown>\n#13 0x55b6b566c642 <unknown>\n#14 0x55b6b563949f <unknown>\n#15 0x55b6b568c038 <unknown>\n#16 0x55b6b568c203 <unknown>\n#17 0x55b6b569bf8c <unknown>\n#18 0x7fd641494ac3 <unknown>\n\n",
      "statusTrace" : "  File \"/home/runner/work/Oblache/Oblache/tests_ui/profile_page.py\", line 53, in click_button_docker_containers\n    return self.element_is_present_and_clickable(self.locators.BUTTON_DOCKER_CONTAINER).click()\n           ^^^^^^^^^^^^^^^^^^^^^^^^^^^^^^^^^^^^^^^^^^^^^^^^^^^^^^^^^^^^^^^^^^^^^^^^^^^^\n  File \"/home/runner/work/Oblache/Oblache/tests_ui/base_page.py\", line 28, in element_is_present_and_clickable\n    return (Wait(self.driver, self.timeout).until(\n            ^^^^^^^^^^^^^^^^^^^^^^^^^^^^^^^^^^^^^^\n  File \"/opt/hostedtoolcache/Python/3.12.6/x64/lib/python3.12/site-packages/selenium/webdriver/support/wait.py\", line 105, in until\n    raise TimeoutException(message, screen, stacktrace)\n",
      "steps" : [ ],
      "attachments" : [ ],
      "parameters" : [ ],
      "stepsCount" : 0,
      "attachmentsCount" : 0,
      "shouldDisplayMessage" : true,
      "hasContent" : true
    } ],
    "attachments" : [ {
      "uid" : "d432fcab49d2f8cf",
      "name" : "Screenshot 2024-09-28 01:03:01.262788",
      "source" : "d432fcab49d2f8cf.png",
      "type" : "image/png",
      "size" : 18615
    } ],
    "parameters" : [ ],
    "stepsCount" : 1,
    "attachmentsCount" : 1,
    "shouldDisplayMessage" : true,
    "hasContent" : true
  },
  "afterStages" : [ {
    "name" : "driver::0",
    "time" : {
      "start" : 1727485381264,
      "stop" : 1727485381330,
      "duration" : 66
    },
    "status" : "passed",
    "steps" : [ ],
    "attachments" : [ ],
    "parameters" : [ ],
    "stepsCount" : 0,
    "attachmentsCount" : 0,
    "shouldDisplayMessage" : false,
    "hasContent" : false
  } ],
  "labels" : [ {
    "name" : "suite",
    "value" : "Test Profile Page."
  }, {
    "name" : "parentSuite",
    "value" : "tests_ui"
  }, {
    "name" : "subSuite",
    "value" : "TestProfilePage"
  }, {
    "name" : "host",
    "value" : "fv-az2031-705"
  }, {
    "name" : "thread",
    "value" : "2275-MainThread"
  }, {
    "name" : "framework",
    "value" : "pytest"
  }, {
    "name" : "language",
    "value" : "cpython3"
  }, {
    "name" : "package",
    "value" : "tests_ui.test_ui"
  }, {
    "name" : "resultFormat",
    "value" : "allure2"
  } ],
  "parameters" : [ ],
  "links" : [ ],
  "hidden" : false,
  "retry" : false,
  "extra" : {
    "severity" : "normal",
    "retries" : [ ],
    "categories" : [ {
      "name" : "Test defects",
      "matchedStatuses" : [ ],
      "flaky" : false
    } ],
    "history" : {
      "statistic" : {
        "failed" : 0,
        "broken" : 2,
        "skipped" : 0,
        "passed" : 7,
        "unknown" : 0,
        "total" : 9
      },
      "items" : [ {
        "uid" : "4693f4a694e9adac",
        "reportUrl" : "https://lambotik.github.io/Oblache/173//#testresult/4693f4a694e9adac",
        "status" : "passed",
        "time" : {
          "start" : 1727398993106,
          "stop" : 1727398996352,
          "duration" : 3246
        }
      }, {
        "uid" : "a6f1845fe601bbf2",
        "reportUrl" : "https://lambotik.github.io/Oblache/172//#testresult/a6f1845fe601bbf2",
        "status" : "passed",
        "time" : {
          "start" : 1727312600181,
          "stop" : 1727312603477,
          "duration" : 3296
        }
      }, {
        "uid" : "9967cc324331a0c8",
        "reportUrl" : "https://lambotik.github.io/Oblache/171//#testresult/9967cc324331a0c8",
        "status" : "passed",
        "time" : {
          "start" : 1727226235807,
          "stop" : 1727226238178,
          "duration" : 2371
        }
      }, {
        "uid" : "3e9e417bc84a2464",
        "reportUrl" : "https://lambotik.github.io/Oblache/170//#testresult/3e9e417bc84a2464",
        "status" : "passed",
        "time" : {
          "start" : 1727139779599,
          "stop" : 1727139781958,
          "duration" : 2359
        }
      }, {
        "uid" : "e7cd54e45a2dc2eb",
        "reportUrl" : "https://lambotik.github.io/Oblache/169//#testresult/e7cd54e45a2dc2eb",
        "status" : "passed",
        "time" : {
          "start" : 1727053392504,
          "stop" : 1727053394921,
          "duration" : 2417
        }
      }, {
        "uid" : "ed1bc369d4348311",
        "reportUrl" : "https://lambotik.github.io/Oblache/168//#testresult/ed1bc369d4348311",
        "status" : "passed",
        "time" : {
          "start" : 1726967229154,
          "stop" : 1726967231733,
          "duration" : 2579
        }
      }, {
        "uid" : "cbb5279d2920578d",
        "reportUrl" : "https://lambotik.github.io/Oblache/167//#testresult/cbb5279d2920578d",
        "status" : "passed",
        "time" : {
          "start" : 1726880480885,
          "stop" : 1726880483537,
          "duration" : 2652
        }
      }, {
        "uid" : "f82c63e56693ddde",
        "reportUrl" : "https://lambotik.github.io/Oblache/166//#testresult/f82c63e56693ddde",
        "status" : "broken",
        "statusDetails" : "selenium.common.exceptions.TimeoutException: Message: Can't find element by locator ('xpath', '//table[@id=\"table_containers\"] //tr[1]/td[3] /button')\nStacktrace:\n#0 0x557f8b60b2da <unknown>\n#1 0x557f8b2d9200 <unknown>\n#2 0x557f8b328aa2 <unknown>\n#3 0x557f8b328d41 <unknown>\n#4 0x557f8b36e964 <unknown>\n#5 0x557f8b34d8fd <unknown>\n#6 0x557f8b36bdfd <unknown>\n#7 0x557f8b34d673 <unknown>\n#8 0x557f8b31b473 <unknown>\n#9 0x557f8b31c47e <unknown>\n#10 0x557f8b5d20db <unknown>\n#11 0x557f8b5d6071 <unknown>\n#12 0x557f8b5be9d5 <unknown>\n#13 0x557f8b5d6bf2 <unknown>\n#14 0x557f8b5a3b6f <unknown>\n#15 0x557f8b5fa248 <unknown>\n#16 0x557f8b5fa417 <unknown>\n#17 0x557f8b60a0cc <unknown>\n#18 0x7f101c094ac3 <unknown>",
        "time" : {
          "start" : 1726794129488,
          "stop" : 1726794136036,
          "duration" : 6548
        }
      } ]
    },
    "tags" : [ ]
  },
  "source" : "2526c1dc297be80c.json",
  "parameterValues" : [ ]
}