{
  "uid" : "569b3d44036b383d",
  "name" : "test_clipboard_uuid_docker",
  "fullName" : "tests_ui.test_ui.TestProfilePage#test_clipboard_uuid_docker",
  "historyId" : "11f91f43cfea2a231aececf29c7ed302",
  "time" : {
    "start" : 1741914457675,
    "stop" : 1741914463912,
    "duration" : 6237
  },
  "status" : "broken",
  "statusMessage" : "selenium.common.exceptions.TimeoutException: Message: Can't find element by locator ('xpath', '//table[@id=\"table_containers\"] //tr[1]/td[3] /button')\nStacktrace:\n#0 0x55ec0ff4e46a <unknown>\n#1 0x55ec0fa07ed0 <unknown>\n#2 0x55ec0fa59935 <unknown>\n#3 0x55ec0fa59b61 <unknown>\n#4 0x55ec0faa89d4 <unknown>\n#5 0x55ec0fa7f88d <unknown>\n#6 0x55ec0faa5ceb <unknown>\n#7 0x55ec0fa7f633 <unknown>\n#8 0x55ec0fa4b1be <unknown>\n#9 0x55ec0fa4c981 <unknown>\n#10 0x55ec0ff1486b <unknown>\n#11 0x55ec0ff1873c <unknown>\n#12 0x55ec0fefbf12 <unknown>\n#13 0x55ec0ff192b4 <unknown>\n#14 0x55ec0fee00af <unknown>\n#15 0x55ec0ff3cad8 <unknown>\n#16 0x55ec0ff3ccb6 <unknown>\n#17 0x55ec0ff4d2e6 <unknown>\n#18 0x7f07b229caa4 <unknown>\n#19 0x7f07b2329c3c <unknown>",
  "statusTrace" : "self = <tests_ui.test_ui.TestProfilePage object at 0x7f49faa1f560>\ndriver = <selenium.webdriver.chrome.webdriver.WebDriver (session=\"eb5716e75a777e84e71cce4383d34ff8\")>\nauthorization_user = None\n\n    @allure.title('test_clipboard_uuid_docker')\n    def test_clipboard_uuid_docker(self, driver, authorization_user):\n        page = ProfilePage(driver, authorization_user)\n        page.click_button_docker_containers()\n>       page.check_clipboard(\n            table_xpath='//table[@id=\"table_containers\"]',\n            token=TestProfilePage.token)\n\ntests_ui/test_ui.py:113: \n_ _ _ _ _ _ _ _ _ _ _ _ _ _ _ _ _ _ _ _ _ _ _ _ _ _ _ _ _ _ _ _ _ _ _ _ _ _ _ _ \ntests_ui/profile_page.py:100: in check_clipboard\n    button = self.element_is_visible((By.XPATH, f'{table_xpath} //tr[1]/td[3] /button'))\ntests_ui/base_page.py:33: in element_is_visible\n    self.go_to_element(self.element_is_present(locator))\ntests_ui/base_page.py:46: in element_is_present\n    return Wait(self.driver, self.timeout).until(\n_ _ _ _ _ _ _ _ _ _ _ _ _ _ _ _ _ _ _ _ _ _ _ _ _ _ _ _ _ _ _ _ _ _ _ _ _ _ _ _ \n\nself = <selenium.webdriver.support.wait.WebDriverWait (session=\"eb5716e75a777e84e71cce4383d34ff8\")>\nmethod = <function presence_of_element_located.<locals>._predicate at 0x7f49fa1d4400>\nmessage = 'Can\\'t find element by locator (\\'xpath\\', \\'//table[@id=\"table_containers\"] //tr[1]/td[3] /button\\')'\n\n    def until(self, method: Callable[[D], Union[Literal[False], T]], message: str = \"\") -> T:\n        \"\"\"Calls the method provided with the driver as an argument until the \\\n        return value does not evaluate to ``False``.\n    \n        :param method: callable(WebDriver)\n        :param message: optional message for :exc:`TimeoutException`\n        :returns: the result of the last call to `method`\n        :raises: :exc:`selenium.common.exceptions.TimeoutException` if timeout occurs\n        \"\"\"\n        screen = None\n        stacktrace = None\n    \n        end_time = time.monotonic() + self._timeout\n        while True:\n            try:\n                value = method(self._driver)\n                if value:\n                    return value\n            except self._ignored_exceptions as exc:\n                screen = getattr(exc, \"screen\", None)\n                stacktrace = getattr(exc, \"stacktrace\", None)\n            time.sleep(self._poll)\n            if time.monotonic() > end_time:\n                break\n>       raise TimeoutException(message, screen, stacktrace)\nE       selenium.common.exceptions.TimeoutException: Message: Can't find element by locator ('xpath', '//table[@id=\"table_containers\"] //tr[1]/td[3] /button')\nE       Stacktrace:\nE       #0 0x55ec0ff4e46a <unknown>\nE       #1 0x55ec0fa07ed0 <unknown>\nE       #2 0x55ec0fa59935 <unknown>\nE       #3 0x55ec0fa59b61 <unknown>\nE       #4 0x55ec0faa89d4 <unknown>\nE       #5 0x55ec0fa7f88d <unknown>\nE       #6 0x55ec0faa5ceb <unknown>\nE       #7 0x55ec0fa7f633 <unknown>\nE       #8 0x55ec0fa4b1be <unknown>\nE       #9 0x55ec0fa4c981 <unknown>\nE       #10 0x55ec0ff1486b <unknown>\nE       #11 0x55ec0ff1873c <unknown>\nE       #12 0x55ec0fefbf12 <unknown>\nE       #13 0x55ec0ff192b4 <unknown>\nE       #14 0x55ec0fee00af <unknown>\nE       #15 0x55ec0ff3cad8 <unknown>\nE       #16 0x55ec0ff3ccb6 <unknown>\nE       #17 0x55ec0ff4d2e6 <unknown>\nE       #18 0x7f07b229caa4 <unknown>\nE       #19 0x7f07b2329c3c <unknown>\n\n/opt/hostedtoolcache/Python/3.12.9/x64/lib/python3.12/site-packages/selenium/webdriver/support/wait.py:105: TimeoutException",
  "flaky" : false,
  "newFailed" : false,
  "beforeStages" : [ {
    "name" : "driver",
    "time" : {
      "start" : 1741914456832,
      "stop" : 1741914457163,
      "duration" : 331
    },
    "status" : "passed",
    "steps" : [ ],
    "attachments" : [ ],
    "parameters" : [ ],
    "stepsCount" : 0,
    "attachmentsCount" : 0,
    "shouldDisplayMessage" : false,
    "hasContent" : false
  }, {
    "name" : "authorization_user",
    "time" : {
      "start" : 1741914457163,
      "stop" : 1741914457674,
      "duration" : 511
    },
    "status" : "passed",
    "steps" : [ {
      "name" : "Open page: https://oblache.areso.pro/register.html",
      "time" : {
        "start" : 1741914457163,
        "stop" : 1741914457482,
        "duration" : 319
      },
      "status" : "passed",
      "steps" : [ ],
      "attachments" : [ ],
      "parameters" : [ ],
      "stepsCount" : 0,
      "attachmentsCount" : 0,
      "shouldDisplayMessage" : false,
      "hasContent" : false
    }, {
      "name" : "Login user",
      "time" : {
        "start" : 1741914457482,
        "stop" : 1741914457674,
        "duration" : 192
      },
      "status" : "passed",
      "steps" : [ {
        "name" : "Enter email.",
        "time" : {
          "start" : 1741914457483,
          "stop" : 1741914457543,
          "duration" : 60
        },
        "status" : "passed",
        "steps" : [ ],
        "attachments" : [ ],
        "parameters" : [ ],
        "stepsCount" : 0,
        "attachmentsCount" : 0,
        "shouldDisplayMessage" : false,
        "hasContent" : false
      }, {
        "name" : "Enter password.",
        "time" : {
          "start" : 1741914457543,
          "stop" : 1741914457586,
          "duration" : 43
        },
        "status" : "passed",
        "steps" : [ ],
        "attachments" : [ ],
        "parameters" : [ ],
        "stepsCount" : 0,
        "attachmentsCount" : 0,
        "shouldDisplayMessage" : false,
        "hasContent" : false
      }, {
        "name" : "Click button \"Login\"",
        "time" : {
          "start" : 1741914457586,
          "stop" : 1741914457672,
          "duration" : 86
        },
        "status" : "passed",
        "steps" : [ ],
        "attachments" : [ ],
        "parameters" : [ ],
        "stepsCount" : 0,
        "attachmentsCount" : 0,
        "shouldDisplayMessage" : false,
        "hasContent" : false
      }, {
        "name" : "Check url is present: https://oblache.areso.pro/register.html",
        "time" : {
          "start" : 1741914457672,
          "stop" : 1741914457674,
          "duration" : 2
        },
        "status" : "passed",
        "steps" : [ ],
        "attachments" : [ ],
        "parameters" : [ ],
        "stepsCount" : 0,
        "attachmentsCount" : 0,
        "shouldDisplayMessage" : false,
        "hasContent" : false
      } ],
      "attachments" : [ ],
      "parameters" : [ ],
      "stepsCount" : 4,
      "attachmentsCount" : 0,
      "shouldDisplayMessage" : false,
      "hasContent" : true
    } ],
    "attachments" : [ ],
    "parameters" : [ ],
    "stepsCount" : 6,
    "attachmentsCount" : 0,
    "shouldDisplayMessage" : false,
    "hasContent" : true
  } ],
  "testStage" : {
    "status" : "broken",
    "statusMessage" : "selenium.common.exceptions.TimeoutException: Message: Can't find element by locator ('xpath', '//table[@id=\"table_containers\"] //tr[1]/td[3] /button')\nStacktrace:\n#0 0x55ec0ff4e46a <unknown>\n#1 0x55ec0fa07ed0 <unknown>\n#2 0x55ec0fa59935 <unknown>\n#3 0x55ec0fa59b61 <unknown>\n#4 0x55ec0faa89d4 <unknown>\n#5 0x55ec0fa7f88d <unknown>\n#6 0x55ec0faa5ceb <unknown>\n#7 0x55ec0fa7f633 <unknown>\n#8 0x55ec0fa4b1be <unknown>\n#9 0x55ec0fa4c981 <unknown>\n#10 0x55ec0ff1486b <unknown>\n#11 0x55ec0ff1873c <unknown>\n#12 0x55ec0fefbf12 <unknown>\n#13 0x55ec0ff192b4 <unknown>\n#14 0x55ec0fee00af <unknown>\n#15 0x55ec0ff3cad8 <unknown>\n#16 0x55ec0ff3ccb6 <unknown>\n#17 0x55ec0ff4d2e6 <unknown>\n#18 0x7f07b229caa4 <unknown>\n#19 0x7f07b2329c3c <unknown>",
    "statusTrace" : "self = <tests_ui.test_ui.TestProfilePage object at 0x7f49faa1f560>\ndriver = <selenium.webdriver.chrome.webdriver.WebDriver (session=\"eb5716e75a777e84e71cce4383d34ff8\")>\nauthorization_user = None\n\n    @allure.title('test_clipboard_uuid_docker')\n    def test_clipboard_uuid_docker(self, driver, authorization_user):\n        page = ProfilePage(driver, authorization_user)\n        page.click_button_docker_containers()\n>       page.check_clipboard(\n            table_xpath='//table[@id=\"table_containers\"]',\n            token=TestProfilePage.token)\n\ntests_ui/test_ui.py:113: \n_ _ _ _ _ _ _ _ _ _ _ _ _ _ _ _ _ _ _ _ _ _ _ _ _ _ _ _ _ _ _ _ _ _ _ _ _ _ _ _ \ntests_ui/profile_page.py:100: in check_clipboard\n    button = self.element_is_visible((By.XPATH, f'{table_xpath} //tr[1]/td[3] /button'))\ntests_ui/base_page.py:33: in element_is_visible\n    self.go_to_element(self.element_is_present(locator))\ntests_ui/base_page.py:46: in element_is_present\n    return Wait(self.driver, self.timeout).until(\n_ _ _ _ _ _ _ _ _ _ _ _ _ _ _ _ _ _ _ _ _ _ _ _ _ _ _ _ _ _ _ _ _ _ _ _ _ _ _ _ \n\nself = <selenium.webdriver.support.wait.WebDriverWait (session=\"eb5716e75a777e84e71cce4383d34ff8\")>\nmethod = <function presence_of_element_located.<locals>._predicate at 0x7f49fa1d4400>\nmessage = 'Can\\'t find element by locator (\\'xpath\\', \\'//table[@id=\"table_containers\"] //tr[1]/td[3] /button\\')'\n\n    def until(self, method: Callable[[D], Union[Literal[False], T]], message: str = \"\") -> T:\n        \"\"\"Calls the method provided with the driver as an argument until the \\\n        return value does not evaluate to ``False``.\n    \n        :param method: callable(WebDriver)\n        :param message: optional message for :exc:`TimeoutException`\n        :returns: the result of the last call to `method`\n        :raises: :exc:`selenium.common.exceptions.TimeoutException` if timeout occurs\n        \"\"\"\n        screen = None\n        stacktrace = None\n    \n        end_time = time.monotonic() + self._timeout\n        while True:\n            try:\n                value = method(self._driver)\n                if value:\n                    return value\n            except self._ignored_exceptions as exc:\n                screen = getattr(exc, \"screen\", None)\n                stacktrace = getattr(exc, \"stacktrace\", None)\n            time.sleep(self._poll)\n            if time.monotonic() > end_time:\n                break\n>       raise TimeoutException(message, screen, stacktrace)\nE       selenium.common.exceptions.TimeoutException: Message: Can't find element by locator ('xpath', '//table[@id=\"table_containers\"] //tr[1]/td[3] /button')\nE       Stacktrace:\nE       #0 0x55ec0ff4e46a <unknown>\nE       #1 0x55ec0fa07ed0 <unknown>\nE       #2 0x55ec0fa59935 <unknown>\nE       #3 0x55ec0fa59b61 <unknown>\nE       #4 0x55ec0faa89d4 <unknown>\nE       #5 0x55ec0fa7f88d <unknown>\nE       #6 0x55ec0faa5ceb <unknown>\nE       #7 0x55ec0fa7f633 <unknown>\nE       #8 0x55ec0fa4b1be <unknown>\nE       #9 0x55ec0fa4c981 <unknown>\nE       #10 0x55ec0ff1486b <unknown>\nE       #11 0x55ec0ff1873c <unknown>\nE       #12 0x55ec0fefbf12 <unknown>\nE       #13 0x55ec0ff192b4 <unknown>\nE       #14 0x55ec0fee00af <unknown>\nE       #15 0x55ec0ff3cad8 <unknown>\nE       #16 0x55ec0ff3ccb6 <unknown>\nE       #17 0x55ec0ff4d2e6 <unknown>\nE       #18 0x7f07b229caa4 <unknown>\nE       #19 0x7f07b2329c3c <unknown>\n\n/opt/hostedtoolcache/Python/3.12.9/x64/lib/python3.12/site-packages/selenium/webdriver/support/wait.py:105: TimeoutException",
    "steps" : [ {
      "name" : "Click \"Docker containers\" button.",
      "time" : {
        "start" : 1741914457675,
        "stop" : 1741914458768,
        "duration" : 1093
      },
      "status" : "passed",
      "steps" : [ ],
      "attachments" : [ ],
      "parameters" : [ ],
      "stepsCount" : 0,
      "attachmentsCount" : 0,
      "shouldDisplayMessage" : false,
      "hasContent" : false
    }, {
      "name" : "Check clipboard",
      "time" : {
        "start" : 1741914458768,
        "stop" : 1741914463912,
        "duration" : 5144
      },
      "status" : "broken",
      "statusMessage" : "selenium.common.exceptions.TimeoutException: Message: Can't find element by locator ('xpath', '//table[@id=\"table_containers\"] //tr[1]/td[3] /button')\nStacktrace:\n#0 0x55ec0ff4e46a <unknown>\n#1 0x55ec0fa07ed0 <unknown>\n#2 0x55ec0fa59935 <unknown>\n#3 0x55ec0fa59b61 <unknown>\n#4 0x55ec0faa89d4 <unknown>\n#5 0x55ec0fa7f88d <unknown>\n#6 0x55ec0faa5ceb <unknown>\n#7 0x55ec0fa7f633 <unknown>\n#8 0x55ec0fa4b1be <unknown>\n#9 0x55ec0fa4c981 <unknown>\n#10 0x55ec0ff1486b <unknown>\n#11 0x55ec0ff1873c <unknown>\n#12 0x55ec0fefbf12 <unknown>\n#13 0x55ec0ff192b4 <unknown>\n#14 0x55ec0fee00af <unknown>\n#15 0x55ec0ff3cad8 <unknown>\n#16 0x55ec0ff3ccb6 <unknown>\n#17 0x55ec0ff4d2e6 <unknown>\n#18 0x7f07b229caa4 <unknown>\n#19 0x7f07b2329c3c <unknown>\n\n",
      "statusTrace" : "  File \"/opt/hostedtoolcache/Python/3.12.9/x64/lib/python3.12/site-packages/allure_commons/_allure.py\", line 192, in impl\n    return func(*a, **kw)\n           ^^^^^^^^^^^^^^\n  File \"/home/runner/work/Oblache/Oblache/tests_ui/profile_page.py\", line 100, in check_clipboard\n    button = self.element_is_visible((By.XPATH, f'{table_xpath} //tr[1]/td[3] /button'))\n             ^^^^^^^^^^^^^^^^^^^^^^^^^^^^^^^^^^^^^^^^^^^^^^^^^^^^^^^^^^^^^^^^^^^^^^^^^^^\n  File \"/home/runner/work/Oblache/Oblache/tests_ui/base_page.py\", line 33, in element_is_visible\n    self.go_to_element(self.element_is_present(locator))\n                       ^^^^^^^^^^^^^^^^^^^^^^^^^^^^^^^^\n  File \"/home/runner/work/Oblache/Oblache/tests_ui/base_page.py\", line 46, in element_is_present\n    return Wait(self.driver, self.timeout).until(\n           ^^^^^^^^^^^^^^^^^^^^^^^^^^^^^^^^^^^^^^\n  File \"/opt/hostedtoolcache/Python/3.12.9/x64/lib/python3.12/site-packages/selenium/webdriver/support/wait.py\", line 105, in until\n    raise TimeoutException(message, screen, stacktrace)\n",
      "steps" : [ ],
      "attachments" : [ ],
      "parameters" : [ {
        "name" : "table_xpath",
        "value" : "'//table[@id=\"table_containers\"]'"
      }, {
        "name" : "token",
        "value" : "'dbae1951-84a7-43f0-b81d-47e9aad3a728'"
      } ],
      "stepsCount" : 0,
      "attachmentsCount" : 0,
      "shouldDisplayMessage" : true,
      "hasContent" : true
    } ],
    "attachments" : [ {
      "uid" : "2bf25649062a1ba",
      "name" : "Screenshot 2025-03-14 01:07:44.003232",
      "source" : "2bf25649062a1ba.png",
      "type" : "image/png",
      "size" : 30384
    } ],
    "parameters" : [ ],
    "stepsCount" : 2,
    "attachmentsCount" : 1,
    "shouldDisplayMessage" : true,
    "hasContent" : true
  },
  "afterStages" : [ {
    "name" : "driver::0",
    "time" : {
      "start" : 1741914464004,
      "stop" : 1741914464064,
      "duration" : 60
    },
    "status" : "passed",
    "steps" : [ ],
    "attachments" : [ ],
    "parameters" : [ ],
    "stepsCount" : 0,
    "attachmentsCount" : 0,
    "shouldDisplayMessage" : false,
    "hasContent" : false
  } ],
  "labels" : [ {
    "name" : "suite",
    "value" : "Test Profile Page."
  }, {
    "name" : "parentSuite",
    "value" : "tests_ui"
  }, {
    "name" : "subSuite",
    "value" : "TestProfilePage"
  }, {
    "name" : "host",
    "value" : "fv-az1927-113"
  }, {
    "name" : "thread",
    "value" : "2531-MainThread"
  }, {
    "name" : "framework",
    "value" : "pytest"
  }, {
    "name" : "language",
    "value" : "cpython3"
  }, {
    "name" : "package",
    "value" : "tests_ui.test_ui"
  }, {
    "name" : "resultFormat",
    "value" : "allure2"
  } ],
  "parameters" : [ ],
  "links" : [ ],
  "hidden" : false,
  "retry" : false,
  "extra" : {
    "severity" : "normal",
    "retries" : [ ],
    "categories" : [ {
      "name" : "Test defects",
      "matchedStatuses" : [ ],
      "flaky" : false
    } ],
    "history" : {
      "statistic" : {
        "failed" : 0,
        "broken" : 14,
        "skipped" : 0,
        "passed" : 109,
        "unknown" : 0,
        "total" : 123
      },
      "items" : [ {
        "uid" : "a61da8d204bc3d65",
        "reportUrl" : "https://lambotik.github.io/Oblache/340//#testresult/a61da8d204bc3d65",
        "status" : "passed",
        "time" : {
          "start" : 1741828136315,
          "stop" : 1741828139652,
          "duration" : 3337
        }
      }, {
        "uid" : "c1502e912eed780a",
        "reportUrl" : "https://lambotik.github.io/Oblache/339//#testresult/c1502e912eed780a",
        "status" : "passed",
        "time" : {
          "start" : 1741741668414,
          "stop" : 1741741671676,
          "duration" : 3262
        }
      }, {
        "uid" : "80aef3f3f05d4390",
        "reportUrl" : "https://lambotik.github.io/Oblache/338//#testresult/80aef3f3f05d4390",
        "status" : "broken",
        "statusDetails" : "selenium.common.exceptions.TimeoutException: Message: Can't find element by locator ('xpath', '//table[@id=\"table_containers\"] //tr[1]/td[3] /button')\nStacktrace:\n#0 0x55f683dd014a <unknown>\n#1 0x55f68386db80 <unknown>\n#2 0x55f6838bf0e9 <unknown>\n#3 0x55f6838bf271 <unknown>\n#4 0x55f68390dde4 <unknown>\n#5 0x55f6838e4efd <unknown>\n#6 0x55f68390b14a <unknown>\n#7 0x55f6838e4ca3 <unknown>\n#8 0x55f6838b0f08 <unknown>\n#9 0x55f6838b2071 <unknown>\n#10 0x55f683d99b5b <unknown>\n#11 0x55f683d9dae2 <unknown>\n#12 0x55f683d85967 <unknown>\n#13 0x55f683d9e6d4 <unknown>\n#14 0x55f683d69c7f <unknown>\n#15 0x55f683dbecd8 <unknown>\n#16 0x55f683dbeea9 <unknown>\n#17 0x55f683dcefc6 <unknown>\n#18 0x7efcef89caa4 <unknown>\n#19 0x7efcef929c3c <unknown>",
        "time" : {
          "start" : 1741655248472,
          "stop" : 1741655254454,
          "duration" : 5982
        }
      }, {
        "uid" : "25a9a24534c5ba9a",
        "reportUrl" : "https://lambotik.github.io/Oblache/337//#testresult/25a9a24534c5ba9a",
        "status" : "passed",
        "time" : {
          "start" : 1741568362878,
          "stop" : 1741568366263,
          "duration" : 3385
        }
      }, {
        "uid" : "c1c17ed41b67916d",
        "reportUrl" : "https://lambotik.github.io/Oblache/336//#testresult/c1c17ed41b67916d",
        "status" : "passed",
        "time" : {
          "start" : 1741481924760,
          "stop" : 1741481927280,
          "duration" : 2520
        }
      }, {
        "uid" : "931fcc40ad03e0ef",
        "reportUrl" : "https://lambotik.github.io/Oblache/335//#testresult/931fcc40ad03e0ef",
        "status" : "passed",
        "time" : {
          "start" : 1741395270549,
          "stop" : 1741395273066,
          "duration" : 2517
        }
      }, {
        "uid" : "de324654b65fbeeb",
        "reportUrl" : "https://lambotik.github.io/Oblache/334//#testresult/de324654b65fbeeb",
        "status" : "passed",
        "time" : {
          "start" : 1741309658884,
          "stop" : 1741309662328,
          "duration" : 3444
        }
      }, {
        "uid" : "52184674afa0d105",
        "reportUrl" : "https://lambotik.github.io/Oblache/333//#testresult/52184674afa0d105",
        "status" : "passed",
        "time" : {
          "start" : 1741223263289,
          "stop" : 1741223265701,
          "duration" : 2412
        }
      }, {
        "uid" : "406b6468ecb6e838",
        "reportUrl" : "https://lambotik.github.io/Oblache/332//#testresult/406b6468ecb6e838",
        "status" : "passed",
        "time" : {
          "start" : 1741136852279,
          "stop" : 1741136854742,
          "duration" : 2463
        }
      }, {
        "uid" : "5d3b01fc054a0d47",
        "reportUrl" : "https://lambotik.github.io/Oblache/331//#testresult/5d3b01fc054a0d47",
        "status" : "passed",
        "time" : {
          "start" : 1741050404357,
          "stop" : 1741050406801,
          "duration" : 2444
        }
      }, {
        "uid" : "95dbc98dac755a21",
        "reportUrl" : "https://lambotik.github.io/Oblache/330//#testresult/95dbc98dac755a21",
        "status" : "passed",
        "time" : {
          "start" : 1740964162052,
          "stop" : 1740964164815,
          "duration" : 2763
        }
      }, {
        "uid" : "efe0588ce77f0290",
        "reportUrl" : "https://lambotik.github.io/Oblache/329//#testresult/efe0588ce77f0290",
        "status" : "passed",
        "time" : {
          "start" : 1740877850750,
          "stop" : 1740877853458,
          "duration" : 2708
        }
      }, {
        "uid" : "822447748fd7e01a",
        "reportUrl" : "https://lambotik.github.io/Oblache/328//#testresult/822447748fd7e01a",
        "status" : "passed",
        "time" : {
          "start" : 1740791429487,
          "stop" : 1740791431919,
          "duration" : 2432
        }
      }, {
        "uid" : "c41b8671fdcc5038",
        "reportUrl" : "https://lambotik.github.io/Oblache/327//#testresult/c41b8671fdcc5038",
        "status" : "passed",
        "time" : {
          "start" : 1740704789699,
          "stop" : 1740704792130,
          "duration" : 2431
        }
      }, {
        "uid" : "37b173bd99f74aa9",
        "reportUrl" : "https://lambotik.github.io/Oblache/326//#testresult/37b173bd99f74aa9",
        "status" : "passed",
        "time" : {
          "start" : 1740618338690,
          "stop" : 1740618341356,
          "duration" : 2666
        }
      }, {
        "uid" : "6cda90059f7fa6aa",
        "reportUrl" : "https://lambotik.github.io/Oblache/325//#testresult/6cda90059f7fa6aa",
        "status" : "passed",
        "time" : {
          "start" : 1740531932219,
          "stop" : 1740531934696,
          "duration" : 2477
        }
      }, {
        "uid" : "fda41da957d5fc29",
        "reportUrl" : "https://lambotik.github.io/Oblache/324//#testresult/fda41da957d5fc29",
        "status" : "passed",
        "time" : {
          "start" : 1740445595382,
          "stop" : 1740445598117,
          "duration" : 2735
        }
      }, {
        "uid" : "100d74a0c442d55f",
        "reportUrl" : "https://lambotik.github.io/Oblache/323//#testresult/100d74a0c442d55f",
        "status" : "passed",
        "time" : {
          "start" : 1740359270289,
          "stop" : 1740359273622,
          "duration" : 3333
        }
      }, {
        "uid" : "bd1e53dd160ca26c",
        "reportUrl" : "https://lambotik.github.io/Oblache/322//#testresult/bd1e53dd160ca26c",
        "status" : "passed",
        "time" : {
          "start" : 1740272983231,
          "stop" : 1740272986581,
          "duration" : 3350
        }
      }, {
        "uid" : "6f69dabab383464b",
        "reportUrl" : "https://lambotik.github.io/Oblache/321//#testresult/6f69dabab383464b",
        "status" : "passed",
        "time" : {
          "start" : 1740186213381,
          "stop" : 1740186215887,
          "duration" : 2506
        }
      } ]
    },
    "tags" : [ ]
  },
  "source" : "569b3d44036b383d.json",
  "parameterValues" : [ ]
}