{
  "uid" : "6b03c8fe66e383a8",
  "name" : "test_create_database",
  "fullName" : "tests_ui.test_ui.TestProfilePage#test_create_database",
  "historyId" : "4762f7b87391625d86f9ea8dbdd3b406",
  "time" : {
    "start" : 1748999710781,
    "stop" : 1748999718812,
    "duration" : 8031
  },
  "status" : "broken",
  "statusMessage" : "selenium.common.exceptions.TimeoutException: Message: Can't find element by locator ('xpath', '//div[@id=\"msg_from_server\"]')",
  "statusTrace" : "self = <tests_ui.test_ui.TestProfilePage object at 0x7f214e0a3260>\ndriver = <selenium.webdriver.chrome.webdriver.WebDriver (session=\"9141777cc8d79e77f4caddd867d7f293\")>\nauthorization_user = None\n\n    @allure.title('test_create_database')\n    def test_create_database(self, driver, authorization_user):\n        page = ProfilePage(driver, authorization_user)\n>       page.compare_database_status()\n\ntests_ui/test_ui.py:83: \n_ _ _ _ _ _ _ _ _ _ _ _ _ _ _ _ _ _ _ _ _ _ _ _ _ _ _ _ _ _ _ _ _ _ _ _ _ _ _ _ \ntests_ui/profile_page.py:150: in compare_database_status\n    msg = self.element_is_visible(self.locators.MSG_FROM_SERVER).text\ntests_ui/base_page.py:34: in element_is_visible\n    return Wait(self.driver, self.timeout).until(\n_ _ _ _ _ _ _ _ _ _ _ _ _ _ _ _ _ _ _ _ _ _ _ _ _ _ _ _ _ _ _ _ _ _ _ _ _ _ _ _ \n\nself = <selenium.webdriver.support.wait.WebDriverWait (session=\"9141777cc8d79e77f4caddd867d7f293\")>\nmethod = <function visibility_of_element_located.<locals>._predicate at 0x7f214d7fb7e0>\nmessage = 'Can\\'t find element by locator (\\'xpath\\', \\'//div[@id=\"msg_from_server\"]\\')'\n\n    def until(self, method: Callable[[D], Union[Literal[False], T]], message: str = \"\") -> T:\n        \"\"\"Calls the method provided with the driver as an argument until the \\\n        return value does not evaluate to ``False``.\n    \n        :param method: callable(WebDriver)\n        :param message: optional message for :exc:`TimeoutException`\n        :returns: the result of the last call to `method`\n        :raises: :exc:`selenium.common.exceptions.TimeoutException` if timeout occurs\n        \"\"\"\n        screen = None\n        stacktrace = None\n    \n        end_time = time.monotonic() + self._timeout\n        while True:\n            try:\n                value = method(self._driver)\n                if value:\n                    return value\n            except self._ignored_exceptions as exc:\n                screen = getattr(exc, \"screen\", None)\n                stacktrace = getattr(exc, \"stacktrace\", None)\n            time.sleep(self._poll)\n            if time.monotonic() > end_time:\n                break\n>       raise TimeoutException(message, screen, stacktrace)\nE       selenium.common.exceptions.TimeoutException: Message: Can't find element by locator ('xpath', '//div[@id=\"msg_from_server\"]')\n\n/opt/hostedtoolcache/Python/3.12.10/x64/lib/python3.12/site-packages/selenium/webdriver/support/wait.py:105: TimeoutException",
  "flaky" : false,
  "newFailed" : false,
  "beforeStages" : [ {
    "name" : "driver",
    "time" : {
      "start" : 1748999709952,
      "stop" : 1748999710286,
      "duration" : 334
    },
    "status" : "passed",
    "steps" : [ ],
    "attachments" : [ ],
    "parameters" : [ ],
    "shouldDisplayMessage" : false,
    "hasContent" : false,
    "stepsCount" : 0,
    "attachmentsCount" : 0
  }, {
    "name" : "authorization_user",
    "time" : {
      "start" : 1748999710286,
      "stop" : 1748999710781,
      "duration" : 495
    },
    "status" : "passed",
    "steps" : [ {
      "name" : "Open page: https://oblache.areso.pro/register.html",
      "time" : {
        "start" : 1748999710286,
        "stop" : 1748999710588,
        "duration" : 302
      },
      "status" : "passed",
      "steps" : [ ],
      "attachments" : [ ],
      "parameters" : [ ],
      "shouldDisplayMessage" : false,
      "hasContent" : false,
      "stepsCount" : 0,
      "attachmentsCount" : 0
    }, {
      "name" : "Login user",
      "time" : {
        "start" : 1748999710588,
        "stop" : 1748999710781,
        "duration" : 193
      },
      "status" : "passed",
      "steps" : [ {
        "name" : "Enter email.",
        "time" : {
          "start" : 1748999710588,
          "stop" : 1748999710648,
          "duration" : 60
        },
        "status" : "passed",
        "steps" : [ ],
        "attachments" : [ ],
        "parameters" : [ ],
        "shouldDisplayMessage" : false,
        "hasContent" : false,
        "stepsCount" : 0,
        "attachmentsCount" : 0
      }, {
        "name" : "Enter password.",
        "time" : {
          "start" : 1748999710648,
          "stop" : 1748999710689,
          "duration" : 41
        },
        "status" : "passed",
        "steps" : [ ],
        "attachments" : [ ],
        "parameters" : [ ],
        "shouldDisplayMessage" : false,
        "hasContent" : false,
        "stepsCount" : 0,
        "attachmentsCount" : 0
      }, {
        "name" : "Click button \"Login\"",
        "time" : {
          "start" : 1748999710689,
          "stop" : 1748999710778,
          "duration" : 89
        },
        "status" : "passed",
        "steps" : [ ],
        "attachments" : [ ],
        "parameters" : [ ],
        "shouldDisplayMessage" : false,
        "hasContent" : false,
        "stepsCount" : 0,
        "attachmentsCount" : 0
      }, {
        "name" : "Check url is present: https://oblache.areso.pro/register.html",
        "time" : {
          "start" : 1748999710778,
          "stop" : 1748999710780,
          "duration" : 2
        },
        "status" : "passed",
        "steps" : [ ],
        "attachments" : [ ],
        "parameters" : [ ],
        "shouldDisplayMessage" : false,
        "hasContent" : false,
        "stepsCount" : 0,
        "attachmentsCount" : 0
      } ],
      "attachments" : [ ],
      "parameters" : [ ],
      "shouldDisplayMessage" : false,
      "hasContent" : true,
      "stepsCount" : 4,
      "attachmentsCount" : 0
    } ],
    "attachments" : [ ],
    "parameters" : [ ],
    "shouldDisplayMessage" : false,
    "hasContent" : true,
    "stepsCount" : 6,
    "attachmentsCount" : 0
  } ],
  "testStage" : {
    "status" : "broken",
    "statusMessage" : "selenium.common.exceptions.TimeoutException: Message: Can't find element by locator ('xpath', '//div[@id=\"msg_from_server\"]')",
    "statusTrace" : "self = <tests_ui.test_ui.TestProfilePage object at 0x7f214e0a3260>\ndriver = <selenium.webdriver.chrome.webdriver.WebDriver (session=\"9141777cc8d79e77f4caddd867d7f293\")>\nauthorization_user = None\n\n    @allure.title('test_create_database')\n    def test_create_database(self, driver, authorization_user):\n        page = ProfilePage(driver, authorization_user)\n>       page.compare_database_status()\n\ntests_ui/test_ui.py:83: \n_ _ _ _ _ _ _ _ _ _ _ _ _ _ _ _ _ _ _ _ _ _ _ _ _ _ _ _ _ _ _ _ _ _ _ _ _ _ _ _ \ntests_ui/profile_page.py:150: in compare_database_status\n    msg = self.element_is_visible(self.locators.MSG_FROM_SERVER).text\ntests_ui/base_page.py:34: in element_is_visible\n    return Wait(self.driver, self.timeout).until(\n_ _ _ _ _ _ _ _ _ _ _ _ _ _ _ _ _ _ _ _ _ _ _ _ _ _ _ _ _ _ _ _ _ _ _ _ _ _ _ _ \n\nself = <selenium.webdriver.support.wait.WebDriverWait (session=\"9141777cc8d79e77f4caddd867d7f293\")>\nmethod = <function visibility_of_element_located.<locals>._predicate at 0x7f214d7fb7e0>\nmessage = 'Can\\'t find element by locator (\\'xpath\\', \\'//div[@id=\"msg_from_server\"]\\')'\n\n    def until(self, method: Callable[[D], Union[Literal[False], T]], message: str = \"\") -> T:\n        \"\"\"Calls the method provided with the driver as an argument until the \\\n        return value does not evaluate to ``False``.\n    \n        :param method: callable(WebDriver)\n        :param message: optional message for :exc:`TimeoutException`\n        :returns: the result of the last call to `method`\n        :raises: :exc:`selenium.common.exceptions.TimeoutException` if timeout occurs\n        \"\"\"\n        screen = None\n        stacktrace = None\n    \n        end_time = time.monotonic() + self._timeout\n        while True:\n            try:\n                value = method(self._driver)\n                if value:\n                    return value\n            except self._ignored_exceptions as exc:\n                screen = getattr(exc, \"screen\", None)\n                stacktrace = getattr(exc, \"stacktrace\", None)\n            time.sleep(self._poll)\n            if time.monotonic() > end_time:\n                break\n>       raise TimeoutException(message, screen, stacktrace)\nE       selenium.common.exceptions.TimeoutException: Message: Can't find element by locator ('xpath', '//div[@id=\"msg_from_server\"]')\n\n/opt/hostedtoolcache/Python/3.12.10/x64/lib/python3.12/site-packages/selenium/webdriver/support/wait.py:105: TimeoutException",
    "steps" : [ {
      "name" : "Click button Status.",
      "time" : {
        "start" : 1748999711781,
        "stop" : 1748999711857,
        "duration" : 76
      },
      "status" : "passed",
      "steps" : [ ],
      "attachments" : [ ],
      "parameters" : [ ],
      "shouldDisplayMessage" : false,
      "hasContent" : false,
      "stepsCount" : 0,
      "attachmentsCount" : 0
    }, {
      "name" : "Get status data.",
      "time" : {
        "start" : 1748999712257,
        "stop" : 1748999712257,
        "duration" : 0
      },
      "status" : "passed",
      "steps" : [ {
        "name" : "Status data is: {'Email:': 'test4@mail.com', 'is blocked?': '0', 'is db creation allowed?': '0', 'disk db quota, mb': '4', 'disk db used, mb': '9', 'db qty quota': '100', 'db qty used': '16', 'site qty quota': '5', 'site qty used': '0', 'site disk quota': '300', 'site disk usage': '0', 'is site deploy allowed?': '1'}",
        "time" : {
          "start" : 1748999712257,
          "stop" : 1748999712257,
          "duration" : 0
        },
        "status" : "passed",
        "steps" : [ ],
        "attachments" : [ ],
        "parameters" : [ ],
        "shouldDisplayMessage" : false,
        "hasContent" : false,
        "stepsCount" : 0,
        "attachmentsCount" : 0
      } ],
      "attachments" : [ ],
      "parameters" : [ ],
      "shouldDisplayMessage" : false,
      "hasContent" : true,
      "stepsCount" : 1,
      "attachmentsCount" : 0
    }, {
      "name" : "Click \"Databases\" button.",
      "time" : {
        "start" : 1748999712257,
        "stop" : 1748999712387,
        "duration" : 130
      },
      "status" : "passed",
      "steps" : [ ],
      "attachments" : [ ],
      "parameters" : [ ],
      "shouldDisplayMessage" : false,
      "hasContent" : false,
      "stepsCount" : 0,
      "attachmentsCount" : 0
    }, {
      "name" : "Click \"Create new DB\" button.",
      "time" : {
        "start" : 1748999712388,
        "stop" : 1748999712458,
        "duration" : 70
      },
      "status" : "passed",
      "steps" : [ ],
      "attachments" : [ ],
      "parameters" : [ ],
      "shouldDisplayMessage" : false,
      "hasContent" : false,
      "stepsCount" : 0,
      "attachmentsCount" : 0
    }, {
      "name" : "Select region \"CIS\".",
      "time" : {
        "start" : 1748999712458,
        "stop" : 1748999713607,
        "duration" : 1149
      },
      "status" : "passed",
      "steps" : [ ],
      "attachments" : [ ],
      "parameters" : [ ],
      "shouldDisplayMessage" : false,
      "hasContent" : false,
      "stepsCount" : 0,
      "attachmentsCount" : 0
    }, {
      "name" : "Click \"Create\" button.",
      "time" : {
        "start" : 1748999713607,
        "stop" : 1748999713665,
        "duration" : 58
      },
      "status" : "passed",
      "steps" : [ ],
      "attachments" : [ ],
      "parameters" : [ ],
      "shouldDisplayMessage" : false,
      "hasContent" : false,
      "stepsCount" : 0,
      "attachmentsCount" : 0
    } ],
    "attachments" : [ {
      "uid" : "2d85c81d5f03833",
      "name" : "Screenshot 2025-06-04 01:15:18.906563",
      "source" : "2d85c81d5f03833.png",
      "type" : "image/png",
      "size" : 28351
    } ],
    "parameters" : [ ],
    "shouldDisplayMessage" : true,
    "hasContent" : true,
    "stepsCount" : 7,
    "attachmentsCount" : 1
  },
  "afterStages" : [ {
    "name" : "driver::0",
    "time" : {
      "start" : 1748999718908,
      "stop" : 1748999718967,
      "duration" : 59
    },
    "status" : "passed",
    "steps" : [ ],
    "attachments" : [ ],
    "parameters" : [ ],
    "shouldDisplayMessage" : false,
    "hasContent" : false,
    "stepsCount" : 0,
    "attachmentsCount" : 0
  } ],
  "labels" : [ {
    "name" : "suite",
    "value" : "Test Profile Page."
  }, {
    "name" : "parentSuite",
    "value" : "tests_ui"
  }, {
    "name" : "subSuite",
    "value" : "TestProfilePage"
  }, {
    "name" : "host",
    "value" : "pkrvmf6wy0o8zjz"
  }, {
    "name" : "thread",
    "value" : "2576-MainThread"
  }, {
    "name" : "framework",
    "value" : "pytest"
  }, {
    "name" : "language",
    "value" : "cpython3"
  }, {
    "name" : "package",
    "value" : "tests_ui.test_ui"
  }, {
    "name" : "resultFormat",
    "value" : "allure2"
  } ],
  "parameters" : [ ],
  "links" : [ ],
  "hidden" : false,
  "retry" : false,
  "extra" : {
    "severity" : "normal",
    "retries" : [ ],
    "categories" : [ {
      "name" : "Test defects",
      "matchedStatuses" : [ ],
      "flaky" : false
    } ],
    "history" : {
      "statistic" : {
        "failed" : 0,
        "broken" : 201,
        "skipped" : 0,
        "passed" : 1,
        "unknown" : 0,
        "total" : 202
      },
      "items" : [ {
        "uid" : "27d707af3bebe0e3",
        "reportUrl" : "https://lambotik.github.io/Oblache/422//#testresult/27d707af3bebe0e3",
        "status" : "broken",
        "statusDetails" : "selenium.common.exceptions.TimeoutException: Message: Can't find element by locator ('xpath', '//div[@id=\"msg_from_server\"]')",
        "time" : {
          "start" : 1748913379858,
          "stop" : 1748913388606,
          "duration" : 8748
        }
      }, {
        "uid" : "5c339e136341480a",
        "reportUrl" : "https://lambotik.github.io/Oblache/421//#testresult/5c339e136341480a",
        "status" : "broken",
        "statusDetails" : "selenium.common.exceptions.TimeoutException: Message: Can't find element by locator ('xpath', '//div[@id=\"msg_from_server\"]')",
        "time" : {
          "start" : 1748827032468,
          "stop" : 1748827040475,
          "duration" : 8007
        }
      }, {
        "uid" : "af6239b9d9fcef95",
        "reportUrl" : "https://lambotik.github.io/Oblache/420//#testresult/af6239b9d9fcef95",
        "status" : "broken",
        "statusDetails" : "selenium.common.exceptions.TimeoutException: Message: Can't find element by locator ('xpath', '//button[@id=\"menu_button_status\"]')\nStacktrace:\n#0 0x558ffe1a278a <unknown>\n#1 0x558ffdc450a0 <unknown>\n#2 0x558ffdc969b0 <unknown>\n#3 0x558ffdc96ba1 <unknown>\n#4 0x558ffdce4ea4 <unknown>\n#5 0x558ffdcbc3cd <unknown>\n#6 0x558ffdce22a0 <unknown>\n#7 0x558ffdcbc173 <unknown>\n#8 0x558ffdc88d4b <unknown>\n#9 0x558ffdc899b1 <unknown>\n#10 0x558ffe16793b <unknown>\n#11 0x558ffe16b83a <unknown>\n#12 0x558ffe14f692 <unknown>\n#13 0x558ffe16c3c4 <unknown>\n#14 0x558ffe1344cf <unknown>\n#15 0x558ffe190568 <unknown>\n#16 0x558ffe190746 <unknown>\n#17 0x558ffe1a15f6 <unknown>\n#18 0x7efddc69caa4 <unknown>\n#19 0x7efddc729c3c <unknown>",
        "time" : {
          "start" : 1748745236754,
          "stop" : 1748745242885,
          "duration" : 6131
        }
      }, {
        "uid" : "549b6af9c0e89676",
        "reportUrl" : "https://lambotik.github.io/Oblache/419//#testresult/549b6af9c0e89676",
        "status" : "broken",
        "statusDetails" : "selenium.common.exceptions.TimeoutException: Message: Can't find element by locator ('xpath', '//button[@id=\"menu_button_status\"]')\nStacktrace:\n#0 0x55d7f5a9d78a <unknown>\n#1 0x55d7f55400a0 <unknown>\n#2 0x55d7f55919b0 <unknown>\n#3 0x55d7f5591ba1 <unknown>\n#4 0x55d7f55dfea4 <unknown>\n#5 0x55d7f55b73cd <unknown>\n#6 0x55d7f55dd2a0 <unknown>\n#7 0x55d7f55b7173 <unknown>\n#8 0x55d7f5583d4b <unknown>\n#9 0x55d7f55849b1 <unknown>\n#10 0x55d7f5a6293b <unknown>\n#11 0x55d7f5a6683a <unknown>\n#12 0x55d7f5a4a692 <unknown>\n#13 0x55d7f5a673c4 <unknown>\n#14 0x55d7f5a2f4cf <unknown>\n#15 0x55d7f5a8b568 <unknown>\n#16 0x55d7f5a8b746 <unknown>\n#17 0x55d7f5a9c5f6 <unknown>\n#18 0x7f64d729caa4 <unknown>\n#19 0x7f64d7329c3c <unknown>",
        "time" : {
          "start" : 1748657949264,
          "stop" : 1748657955392,
          "duration" : 6128
        }
      }, {
        "uid" : "372a4c35de4b3e80",
        "reportUrl" : "https://lambotik.github.io/Oblache/418//#testresult/372a4c35de4b3e80",
        "status" : "broken",
        "statusDetails" : "selenium.common.exceptions.TimeoutException: Message: Can't find element by locator ('xpath', '//button[@id=\"menu_button_status\"]')\nStacktrace:\n#0 0x56324c39b78a <unknown>\n#1 0x56324be3e0a0 <unknown>\n#2 0x56324be8f9b0 <unknown>\n#3 0x56324be8fba1 <unknown>\n#4 0x56324beddea4 <unknown>\n#5 0x56324beb53cd <unknown>\n#6 0x56324bedb2a0 <unknown>\n#7 0x56324beb5173 <unknown>\n#8 0x56324be81d4b <unknown>\n#9 0x56324be829b1 <unknown>\n#10 0x56324c36093b <unknown>\n#11 0x56324c36483a <unknown>\n#12 0x56324c348692 <unknown>\n#13 0x56324c3653c4 <unknown>\n#14 0x56324c32d4cf <unknown>\n#15 0x56324c389568 <unknown>\n#16 0x56324c389746 <unknown>\n#17 0x56324c39a5f6 <unknown>\n#18 0x7f424589caa4 <unknown>\n#19 0x7f4245929c3c <unknown>",
        "time" : {
          "start" : 1748571541317,
          "stop" : 1748571547450,
          "duration" : 6133
        }
      }, {
        "uid" : "f80cc95870c29808",
        "reportUrl" : "https://lambotik.github.io/Oblache/417//#testresult/f80cc95870c29808",
        "status" : "broken",
        "statusDetails" : "selenium.common.exceptions.TimeoutException: Message: Can't find element by locator ('xpath', '//div[@id=\"msg_from_server\"]')",
        "time" : {
          "start" : 1748481260238,
          "stop" : 1748481268285,
          "duration" : 8047
        }
      }, {
        "uid" : "67062cfbe0b58bbb",
        "reportUrl" : "https://lambotik.github.io/Oblache/416//#testresult/67062cfbe0b58bbb",
        "status" : "broken",
        "statusDetails" : "selenium.common.exceptions.TimeoutException: Message: Can't find element by locator ('xpath', '//div[@id=\"msg_from_server\"]')",
        "time" : {
          "start" : 1748394850897,
          "stop" : 1748394858935,
          "duration" : 8038
        }
      }, {
        "uid" : "8859358e12a6974e",
        "reportUrl" : "https://lambotik.github.io/Oblache/415//#testresult/8859358e12a6974e",
        "status" : "broken",
        "statusDetails" : "selenium.common.exceptions.TimeoutException: Message: Can't find element by locator ('xpath', '//div[@id=\"msg_from_server\"]')",
        "time" : {
          "start" : 1748308393772,
          "stop" : 1748308401819,
          "duration" : 8047
        }
      }, {
        "uid" : "63254924dc60caf2",
        "reportUrl" : "https://lambotik.github.io/Oblache/414//#testresult/63254924dc60caf2",
        "status" : "broken",
        "statusDetails" : "selenium.common.exceptions.TimeoutException: Message: Can't find element by locator ('xpath', '//div[@id=\"msg_from_server\"]')",
        "time" : {
          "start" : 1748222111026,
          "stop" : 1748222119039,
          "duration" : 8013
        }
      }, {
        "uid" : "69da602202d806bb",
        "reportUrl" : "https://lambotik.github.io/Oblache/413//#testresult/69da602202d806bb",
        "status" : "broken",
        "statusDetails" : "selenium.common.exceptions.TimeoutException: Message: Can't find element by locator ('xpath', '//div[@id=\"msg_from_server\"]')",
        "time" : {
          "start" : 1748136019962,
          "stop" : 1748136028013,
          "duration" : 8051
        }
      }, {
        "uid" : "26de8402b7f02911",
        "reportUrl" : "https://lambotik.github.io/Oblache/412//#testresult/26de8402b7f02911",
        "status" : "broken",
        "statusDetails" : "selenium.common.exceptions.TimeoutException: Message: Can't find element by locator ('xpath', '//div[@id=\"msg_from_server\"]')",
        "time" : {
          "start" : 1748049088428,
          "stop" : 1748049097279,
          "duration" : 8851
        }
      }, {
        "uid" : "9b9728ebb25e54b8",
        "reportUrl" : "https://lambotik.github.io/Oblache/411//#testresult/9b9728ebb25e54b8",
        "status" : "broken",
        "statusDetails" : "selenium.common.exceptions.TimeoutException: Message: Can't find element by locator ('xpath', '//div[@id=\"msg_from_server\"]')",
        "time" : {
          "start" : 1747962799308,
          "stop" : 1747962807355,
          "duration" : 8047
        }
      }, {
        "uid" : "4b17063683410a4b",
        "reportUrl" : "https://lambotik.github.io/Oblache/410//#testresult/4b17063683410a4b",
        "status" : "broken",
        "statusDetails" : "selenium.common.exceptions.TimeoutException: Message: Can't find element by locator ('xpath', '//div[@id=\"msg_from_server\"]')",
        "time" : {
          "start" : 1747876456976,
          "stop" : 1747876464952,
          "duration" : 7976
        }
      }, {
        "uid" : "e2fe566baef5eb60",
        "reportUrl" : "https://lambotik.github.io/Oblache/409//#testresult/e2fe566baef5eb60",
        "status" : "broken",
        "statusDetails" : "selenium.common.exceptions.TimeoutException: Message: Can't find element by locator ('xpath', '//div[@id=\"msg_from_server\"]')",
        "time" : {
          "start" : 1747790060681,
          "stop" : 1747790068762,
          "duration" : 8081
        }
      }, {
        "uid" : "ed5d6b87f0773fef",
        "reportUrl" : "https://lambotik.github.io/Oblache/408//#testresult/ed5d6b87f0773fef",
        "status" : "broken",
        "statusDetails" : "selenium.common.exceptions.TimeoutException: Message: Can't find element by locator ('xpath', '//div[@id=\"msg_from_server\"]')",
        "time" : {
          "start" : 1747703738079,
          "stop" : 1747703746432,
          "duration" : 8353
        }
      }, {
        "uid" : "d679ab0d167961f4",
        "reportUrl" : "https://lambotik.github.io/Oblache/407//#testresult/d679ab0d167961f4",
        "status" : "broken",
        "statusDetails" : "selenium.common.exceptions.TimeoutException: Message: Can't find element by locator ('xpath', '//div[@id=\"msg_from_server\"]')",
        "time" : {
          "start" : 1747617456623,
          "stop" : 1747617464815,
          "duration" : 8192
        }
      }, {
        "uid" : "2dfcda04dc723096",
        "reportUrl" : "https://lambotik.github.io/Oblache/406//#testresult/2dfcda04dc723096",
        "status" : "broken",
        "statusDetails" : "selenium.common.exceptions.TimeoutException: Message: Can't find element by locator ('xpath', '//div[@id=\"msg_from_server\"]')",
        "time" : {
          "start" : 1747531108805,
          "stop" : 1747531117075,
          "duration" : 8270
        }
      }, {
        "uid" : "70ff7be98f8b8f90",
        "reportUrl" : "https://lambotik.github.io/Oblache/405//#testresult/70ff7be98f8b8f90",
        "status" : "broken",
        "statusDetails" : "selenium.common.exceptions.TimeoutException: Message: Can't find element by locator ('xpath', '//div[@id=\"msg_from_server\"]')",
        "time" : {
          "start" : 1747444347531,
          "stop" : 1747444355766,
          "duration" : 8235
        }
      }, {
        "uid" : "ba7572f1119fddac",
        "reportUrl" : "https://lambotik.github.io/Oblache/404//#testresult/ba7572f1119fddac",
        "status" : "broken",
        "statusDetails" : "selenium.common.exceptions.TimeoutException: Message: Can't find element by locator ('xpath', '//div[@id=\"msg_from_server\"]')",
        "time" : {
          "start" : 1747358403078,
          "stop" : 1747358411675,
          "duration" : 8597
        }
      }, {
        "uid" : "64ec6aae8e849117",
        "reportUrl" : "https://lambotik.github.io/Oblache/403//#testresult/64ec6aae8e849117",
        "status" : "broken",
        "statusDetails" : "selenium.common.exceptions.TimeoutException: Message: Can't find element by locator ('xpath', '//div[@id=\"msg_from_server\"]')",
        "time" : {
          "start" : 1747271428151,
          "stop" : 1747271436389,
          "duration" : 8238
        }
      } ]
    },
    "tags" : [ ]
  },
  "source" : "6b03c8fe66e383a8.json",
  "parameterValues" : [ ]
}