{
  "uid" : "e7fc65fc1e5c14d8",
  "name" : "test_create_database",
  "fullName" : "tests_ui.test_ui.TestProfilePage#test_create_database",
  "historyId" : "4762f7b87391625d86f9ea8dbdd3b406",
  "time" : {
    "start" : 1727053369306,
    "stop" : 1727053377116,
    "duration" : 7810
  },
  "status" : "broken",
  "statusMessage" : "selenium.common.exceptions.TimeoutException: Message: Can't find element by locator ('xpath', '//div[@id=\"msg_from_server\"]')",
  "statusTrace" : "self = <tests_ui.test_ui.TestProfilePage object at 0x7fab8aaec680>\ndriver = <selenium.webdriver.chrome.webdriver.WebDriver (session=\"e03e6ac262db9a8fe4d6cdf35932872a\")>\nauthorization_user = None\n\n    @allure.title('test_create_database')\n    def test_create_database(self, driver, authorization_user):\n        page = ProfilePage(driver, authorization_user)\n>       page.compare_database_status()\n\ntests_ui/test_ui.py:83: \n_ _ _ _ _ _ _ _ _ _ _ _ _ _ _ _ _ _ _ _ _ _ _ _ _ _ _ _ _ _ _ _ _ _ _ _ _ _ _ _ \ntests_ui/profile_page.py:150: in compare_database_status\n    msg = self.element_is_visible(self.locators.MSG_FROM_SERVER).text\ntests_ui/base_page.py:34: in element_is_visible\n    return Wait(self.driver, self.timeout).until(\n_ _ _ _ _ _ _ _ _ _ _ _ _ _ _ _ _ _ _ _ _ _ _ _ _ _ _ _ _ _ _ _ _ _ _ _ _ _ _ _ \n\nself = <selenium.webdriver.support.wait.WebDriverWait (session=\"e03e6ac262db9a8fe4d6cdf35932872a\")>\nmethod = <function visibility_of_element_located.<locals>._predicate at 0x7fab89fc1940>\nmessage = 'Can\\'t find element by locator (\\'xpath\\', \\'//div[@id=\"msg_from_server\"]\\')'\n\n    def until(self, method: Callable[[D], Union[Literal[False], T]], message: str = \"\") -> T:\n        \"\"\"Calls the method provided with the driver as an argument until the \\\n        return value does not evaluate to ``False``.\n    \n        :param method: callable(WebDriver)\n        :param message: optional message for :exc:`TimeoutException`\n        :returns: the result of the last call to `method`\n        :raises: :exc:`selenium.common.exceptions.TimeoutException` if timeout occurs\n        \"\"\"\n        screen = None\n        stacktrace = None\n    \n        end_time = time.monotonic() + self._timeout\n        while True:\n            try:\n                value = method(self._driver)\n                if value:\n                    return value\n            except self._ignored_exceptions as exc:\n                screen = getattr(exc, \"screen\", None)\n                stacktrace = getattr(exc, \"stacktrace\", None)\n            time.sleep(self._poll)\n            if time.monotonic() > end_time:\n                break\n>       raise TimeoutException(message, screen, stacktrace)\nE       selenium.common.exceptions.TimeoutException: Message: Can't find element by locator ('xpath', '//div[@id=\"msg_from_server\"]')\n\n/opt/hostedtoolcache/Python/3.12.6/x64/lib/python3.12/site-packages/selenium/webdriver/support/wait.py:105: TimeoutException",
  "flaky" : false,
  "newFailed" : false,
  "beforeStages" : [ {
    "name" : "driver",
    "time" : {
      "start" : 1727053368554,
      "stop" : 1727053368822,
      "duration" : 268
    },
    "status" : "passed",
    "steps" : [ ],
    "attachments" : [ ],
    "parameters" : [ ],
    "stepsCount" : 0,
    "attachmentsCount" : 0,
    "shouldDisplayMessage" : false,
    "hasContent" : false
  }, {
    "name" : "authorization_user",
    "time" : {
      "start" : 1727053368822,
      "stop" : 1727053369306,
      "duration" : 484
    },
    "status" : "passed",
    "steps" : [ {
      "name" : "Open page: https://oblache.areso.pro/register.html",
      "time" : {
        "start" : 1727053368822,
        "stop" : 1727053369133,
        "duration" : 311
      },
      "status" : "passed",
      "steps" : [ ],
      "attachments" : [ ],
      "parameters" : [ ],
      "stepsCount" : 0,
      "attachmentsCount" : 0,
      "shouldDisplayMessage" : false,
      "hasContent" : false
    }, {
      "name" : "Login user",
      "time" : {
        "start" : 1727053369133,
        "stop" : 1727053369306,
        "duration" : 173
      },
      "status" : "passed",
      "steps" : [ {
        "name" : "Enter email.",
        "time" : {
          "start" : 1727053369133,
          "stop" : 1727053369192,
          "duration" : 59
        },
        "status" : "passed",
        "steps" : [ ],
        "attachments" : [ ],
        "parameters" : [ ],
        "stepsCount" : 0,
        "attachmentsCount" : 0,
        "shouldDisplayMessage" : false,
        "hasContent" : false
      }, {
        "name" : "Enter password.",
        "time" : {
          "start" : 1727053369192,
          "stop" : 1727053369234,
          "duration" : 42
        },
        "status" : "passed",
        "steps" : [ ],
        "attachments" : [ ],
        "parameters" : [ ],
        "stepsCount" : 0,
        "attachmentsCount" : 0,
        "shouldDisplayMessage" : false,
        "hasContent" : false
      }, {
        "name" : "Click button \"Login\"",
        "time" : {
          "start" : 1727053369234,
          "stop" : 1727053369303,
          "duration" : 69
        },
        "status" : "passed",
        "steps" : [ ],
        "attachments" : [ ],
        "parameters" : [ ],
        "stepsCount" : 0,
        "attachmentsCount" : 0,
        "shouldDisplayMessage" : false,
        "hasContent" : false
      }, {
        "name" : "Check url is present: https://oblache.areso.pro/register.html",
        "time" : {
          "start" : 1727053369303,
          "stop" : 1727053369306,
          "duration" : 3
        },
        "status" : "passed",
        "steps" : [ ],
        "attachments" : [ ],
        "parameters" : [ ],
        "stepsCount" : 0,
        "attachmentsCount" : 0,
        "shouldDisplayMessage" : false,
        "hasContent" : false
      } ],
      "attachments" : [ ],
      "parameters" : [ ],
      "stepsCount" : 4,
      "attachmentsCount" : 0,
      "shouldDisplayMessage" : false,
      "hasContent" : true
    } ],
    "attachments" : [ ],
    "parameters" : [ ],
    "stepsCount" : 6,
    "attachmentsCount" : 0,
    "shouldDisplayMessage" : false,
    "hasContent" : true
  } ],
  "testStage" : {
    "status" : "broken",
    "statusMessage" : "selenium.common.exceptions.TimeoutException: Message: Can't find element by locator ('xpath', '//div[@id=\"msg_from_server\"]')",
    "statusTrace" : "self = <tests_ui.test_ui.TestProfilePage object at 0x7fab8aaec680>\ndriver = <selenium.webdriver.chrome.webdriver.WebDriver (session=\"e03e6ac262db9a8fe4d6cdf35932872a\")>\nauthorization_user = None\n\n    @allure.title('test_create_database')\n    def test_create_database(self, driver, authorization_user):\n        page = ProfilePage(driver, authorization_user)\n>       page.compare_database_status()\n\ntests_ui/test_ui.py:83: \n_ _ _ _ _ _ _ _ _ _ _ _ _ _ _ _ _ _ _ _ _ _ _ _ _ _ _ _ _ _ _ _ _ _ _ _ _ _ _ _ \ntests_ui/profile_page.py:150: in compare_database_status\n    msg = self.element_is_visible(self.locators.MSG_FROM_SERVER).text\ntests_ui/base_page.py:34: in element_is_visible\n    return Wait(self.driver, self.timeout).until(\n_ _ _ _ _ _ _ _ _ _ _ _ _ _ _ _ _ _ _ _ _ _ _ _ _ _ _ _ _ _ _ _ _ _ _ _ _ _ _ _ \n\nself = <selenium.webdriver.support.wait.WebDriverWait (session=\"e03e6ac262db9a8fe4d6cdf35932872a\")>\nmethod = <function visibility_of_element_located.<locals>._predicate at 0x7fab89fc1940>\nmessage = 'Can\\'t find element by locator (\\'xpath\\', \\'//div[@id=\"msg_from_server\"]\\')'\n\n    def until(self, method: Callable[[D], Union[Literal[False], T]], message: str = \"\") -> T:\n        \"\"\"Calls the method provided with the driver as an argument until the \\\n        return value does not evaluate to ``False``.\n    \n        :param method: callable(WebDriver)\n        :param message: optional message for :exc:`TimeoutException`\n        :returns: the result of the last call to `method`\n        :raises: :exc:`selenium.common.exceptions.TimeoutException` if timeout occurs\n        \"\"\"\n        screen = None\n        stacktrace = None\n    \n        end_time = time.monotonic() + self._timeout\n        while True:\n            try:\n                value = method(self._driver)\n                if value:\n                    return value\n            except self._ignored_exceptions as exc:\n                screen = getattr(exc, \"screen\", None)\n                stacktrace = getattr(exc, \"stacktrace\", None)\n            time.sleep(self._poll)\n            if time.monotonic() > end_time:\n                break\n>       raise TimeoutException(message, screen, stacktrace)\nE       selenium.common.exceptions.TimeoutException: Message: Can't find element by locator ('xpath', '//div[@id=\"msg_from_server\"]')\n\n/opt/hostedtoolcache/Python/3.12.6/x64/lib/python3.12/site-packages/selenium/webdriver/support/wait.py:105: TimeoutException",
    "steps" : [ {
      "name" : "Click button Status.",
      "time" : {
        "start" : 1727053370306,
        "stop" : 1727053370362,
        "duration" : 56
      },
      "status" : "passed",
      "steps" : [ ],
      "attachments" : [ ],
      "parameters" : [ ],
      "stepsCount" : 0,
      "attachmentsCount" : 0,
      "shouldDisplayMessage" : false,
      "hasContent" : false
    }, {
      "name" : "Get status data.",
      "time" : {
        "start" : 1727053370623,
        "stop" : 1727053370623,
        "duration" : 0
      },
      "status" : "passed",
      "steps" : [ {
        "name" : "Status data is: {'Email:': 'test4@mail.com', 'is blocked?': '0', 'is db creation allowed?': '0', 'disk db quota, mb': '4', 'disk db used, mb': '9', 'db qty quota': '100', 'db qty used': '11'}",
        "time" : {
          "start" : 1727053370623,
          "stop" : 1727053370623,
          "duration" : 0
        },
        "status" : "passed",
        "steps" : [ ],
        "attachments" : [ ],
        "parameters" : [ ],
        "stepsCount" : 0,
        "attachmentsCount" : 0,
        "shouldDisplayMessage" : false,
        "hasContent" : false
      } ],
      "attachments" : [ ],
      "parameters" : [ ],
      "stepsCount" : 1,
      "attachmentsCount" : 0,
      "shouldDisplayMessage" : false,
      "hasContent" : true
    }, {
      "name" : "Click \"Databases\" button.",
      "time" : {
        "start" : 1727053370623,
        "stop" : 1727053370674,
        "duration" : 51
      },
      "status" : "passed",
      "steps" : [ ],
      "attachments" : [ ],
      "parameters" : [ ],
      "stepsCount" : 0,
      "attachmentsCount" : 0,
      "shouldDisplayMessage" : false,
      "hasContent" : false
    }, {
      "name" : "Click \"Create new DB\" button.",
      "time" : {
        "start" : 1727053370674,
        "stop" : 1727053370728,
        "duration" : 54
      },
      "status" : "passed",
      "steps" : [ ],
      "attachments" : [ ],
      "parameters" : [ ],
      "stepsCount" : 0,
      "attachmentsCount" : 0,
      "shouldDisplayMessage" : false,
      "hasContent" : false
    }, {
      "name" : "Select region \"CIS\".",
      "time" : {
        "start" : 1727053370728,
        "stop" : 1727053371921,
        "duration" : 1193
      },
      "status" : "passed",
      "steps" : [ ],
      "attachments" : [ ],
      "parameters" : [ ],
      "stepsCount" : 0,
      "attachmentsCount" : 0,
      "shouldDisplayMessage" : false,
      "hasContent" : false
    }, {
      "name" : "Click \"Create\" button.",
      "time" : {
        "start" : 1727053371921,
        "stop" : 1727053371984,
        "duration" : 63
      },
      "status" : "passed",
      "steps" : [ ],
      "attachments" : [ ],
      "parameters" : [ ],
      "stepsCount" : 0,
      "attachmentsCount" : 0,
      "shouldDisplayMessage" : false,
      "hasContent" : false
    } ],
    "attachments" : [ {
      "uid" : "6e58e7d402567dfa",
      "name" : "Screenshot 2024-09-23 01:02:57.204193",
      "source" : "6e58e7d402567dfa.png",
      "type" : "image/png",
      "size" : 30142
    } ],
    "parameters" : [ ],
    "stepsCount" : 7,
    "attachmentsCount" : 1,
    "shouldDisplayMessage" : true,
    "hasContent" : true
  },
  "afterStages" : [ {
    "name" : "driver::0",
    "time" : {
      "start" : 1727053377205,
      "stop" : 1727053377273,
      "duration" : 68
    },
    "status" : "passed",
    "steps" : [ ],
    "attachments" : [ ],
    "parameters" : [ ],
    "stepsCount" : 0,
    "attachmentsCount" : 0,
    "shouldDisplayMessage" : false,
    "hasContent" : false
  } ],
  "labels" : [ {
    "name" : "suite",
    "value" : "Test Profile Page."
  }, {
    "name" : "parentSuite",
    "value" : "tests_ui"
  }, {
    "name" : "subSuite",
    "value" : "TestProfilePage"
  }, {
    "name" : "host",
    "value" : "fv-az532-45"
  }, {
    "name" : "thread",
    "value" : "2357-MainThread"
  }, {
    "name" : "framework",
    "value" : "pytest"
  }, {
    "name" : "language",
    "value" : "cpython3"
  }, {
    "name" : "package",
    "value" : "tests_ui.test_ui"
  }, {
    "name" : "resultFormat",
    "value" : "allure2"
  } ],
  "parameters" : [ ],
  "links" : [ ],
  "hidden" : false,
  "retry" : false,
  "extra" : {
    "severity" : "normal",
    "retries" : [ ],
    "categories" : [ {
      "name" : "Test defects",
      "matchedStatuses" : [ ],
      "flaky" : false
    } ],
    "history" : {
      "statistic" : {
        "failed" : 0,
        "broken" : 4,
        "skipped" : 0,
        "passed" : 0,
        "unknown" : 0,
        "total" : 4
      },
      "items" : [ {
        "uid" : "3883159909ec7f55",
        "reportUrl" : "https://lambotik.github.io/Oblache/168//#testresult/3883159909ec7f55",
        "status" : "broken",
        "statusDetails" : "selenium.common.exceptions.TimeoutException: Message: Can't find element by locator ('xpath', '//div[@id=\"msg_from_server\"]')",
        "time" : {
          "start" : 1726967205702,
          "stop" : 1726967213424,
          "duration" : 7722
        }
      }, {
        "uid" : "8743dbabd08b8677",
        "reportUrl" : "https://lambotik.github.io/Oblache/167//#testresult/8743dbabd08b8677",
        "status" : "broken",
        "statusDetails" : "selenium.common.exceptions.TimeoutException: Message: Can't find element by locator ('xpath', '//div[@id=\"msg_from_server\"]')",
        "time" : {
          "start" : 1726880456842,
          "stop" : 1726880464721,
          "duration" : 7879
        }
      }, {
        "uid" : "e44467c8ac5b5873",
        "reportUrl" : "https://lambotik.github.io/Oblache/166//#testresult/e44467c8ac5b5873",
        "status" : "broken",
        "statusDetails" : "selenium.common.exceptions.TimeoutException: Message: Can't find element by locator ('xpath', '//div[@id=\"msg_from_server\"]')",
        "time" : {
          "start" : 1726794103485,
          "stop" : 1726794112033,
          "duration" : 8548
        }
      } ]
    },
    "tags" : [ ]
  },
  "source" : "e7fc65fc1e5c14d8.json",
  "parameterValues" : [ ]
}