{
  "uid" : "d0a13e5548de9168",
  "name" : "test_create_database",
  "fullName" : "tests_ui.test_ui.TestProfilePage#test_create_database",
  "historyId" : "4762f7b87391625d86f9ea8dbdd3b406",
  "time" : {
    "start" : 1729731787503,
    "stop" : 1729731795327,
    "duration" : 7824
  },
  "status" : "broken",
  "statusMessage" : "selenium.common.exceptions.TimeoutException: Message: Can't find element by locator ('xpath', '//div[@id=\"msg_from_server\"]')",
  "statusTrace" : "self = <tests_ui.test_ui.TestProfilePage object at 0x7f2197340950>\ndriver = <selenium.webdriver.chrome.webdriver.WebDriver (session=\"feeb93ed5105578a26fef4cbd395a97c\")>\nauthorization_user = None\n\n    @allure.title('test_create_database')\n    def test_create_database(self, driver, authorization_user):\n        page = ProfilePage(driver, authorization_user)\n>       page.compare_database_status()\n\ntests_ui/test_ui.py:83: \n_ _ _ _ _ _ _ _ _ _ _ _ _ _ _ _ _ _ _ _ _ _ _ _ _ _ _ _ _ _ _ _ _ _ _ _ _ _ _ _ \ntests_ui/profile_page.py:150: in compare_database_status\n    msg = self.element_is_visible(self.locators.MSG_FROM_SERVER).text\ntests_ui/base_page.py:34: in element_is_visible\n    return Wait(self.driver, self.timeout).until(\n_ _ _ _ _ _ _ _ _ _ _ _ _ _ _ _ _ _ _ _ _ _ _ _ _ _ _ _ _ _ _ _ _ _ _ _ _ _ _ _ \n\nself = <selenium.webdriver.support.wait.WebDriverWait (session=\"feeb93ed5105578a26fef4cbd395a97c\")>\nmethod = <function visibility_of_element_located.<locals>._predicate at 0x7f21970472e0>\nmessage = 'Can\\'t find element by locator (\\'xpath\\', \\'//div[@id=\"msg_from_server\"]\\')'\n\n    def until(self, method: Callable[[D], Union[Literal[False], T]], message: str = \"\") -> T:\n        \"\"\"Calls the method provided with the driver as an argument until the \\\n        return value does not evaluate to ``False``.\n    \n        :param method: callable(WebDriver)\n        :param message: optional message for :exc:`TimeoutException`\n        :returns: the result of the last call to `method`\n        :raises: :exc:`selenium.common.exceptions.TimeoutException` if timeout occurs\n        \"\"\"\n        screen = None\n        stacktrace = None\n    \n        end_time = time.monotonic() + self._timeout\n        while True:\n            try:\n                value = method(self._driver)\n                if value:\n                    return value\n            except self._ignored_exceptions as exc:\n                screen = getattr(exc, \"screen\", None)\n                stacktrace = getattr(exc, \"stacktrace\", None)\n            time.sleep(self._poll)\n            if time.monotonic() > end_time:\n                break\n>       raise TimeoutException(message, screen, stacktrace)\nE       selenium.common.exceptions.TimeoutException: Message: Can't find element by locator ('xpath', '//div[@id=\"msg_from_server\"]')\n\n/opt/hostedtoolcache/Python/3.12.7/x64/lib/python3.12/site-packages/selenium/webdriver/support/wait.py:105: TimeoutException",
  "flaky" : false,
  "newFailed" : false,
  "beforeStages" : [ {
    "name" : "driver",
    "time" : {
      "start" : 1729731786738,
      "stop" : 1729731787017,
      "duration" : 279
    },
    "status" : "passed",
    "steps" : [ ],
    "attachments" : [ ],
    "parameters" : [ ],
    "stepsCount" : 0,
    "attachmentsCount" : 0,
    "shouldDisplayMessage" : false,
    "hasContent" : false
  }, {
    "name" : "authorization_user",
    "time" : {
      "start" : 1729731787018,
      "stop" : 1729731787503,
      "duration" : 485
    },
    "status" : "passed",
    "steps" : [ {
      "name" : "Open page: https://oblache.areso.pro/register.html",
      "time" : {
        "start" : 1729731787018,
        "stop" : 1729731787319,
        "duration" : 301
      },
      "status" : "passed",
      "steps" : [ ],
      "attachments" : [ ],
      "parameters" : [ ],
      "stepsCount" : 0,
      "attachmentsCount" : 0,
      "shouldDisplayMessage" : false,
      "hasContent" : false
    }, {
      "name" : "Login user",
      "time" : {
        "start" : 1729731787320,
        "stop" : 1729731787503,
        "duration" : 183
      },
      "status" : "passed",
      "steps" : [ {
        "name" : "Enter email.",
        "time" : {
          "start" : 1729731787320,
          "stop" : 1729731787381,
          "duration" : 61
        },
        "status" : "passed",
        "steps" : [ ],
        "attachments" : [ ],
        "parameters" : [ ],
        "stepsCount" : 0,
        "attachmentsCount" : 0,
        "shouldDisplayMessage" : false,
        "hasContent" : false
      }, {
        "name" : "Enter password.",
        "time" : {
          "start" : 1729731787381,
          "stop" : 1729731787426,
          "duration" : 45
        },
        "status" : "passed",
        "steps" : [ ],
        "attachments" : [ ],
        "parameters" : [ ],
        "stepsCount" : 0,
        "attachmentsCount" : 0,
        "shouldDisplayMessage" : false,
        "hasContent" : false
      }, {
        "name" : "Click button \"Login\"",
        "time" : {
          "start" : 1729731787426,
          "stop" : 1729731787499,
          "duration" : 73
        },
        "status" : "passed",
        "steps" : [ ],
        "attachments" : [ ],
        "parameters" : [ ],
        "stepsCount" : 0,
        "attachmentsCount" : 0,
        "shouldDisplayMessage" : false,
        "hasContent" : false
      }, {
        "name" : "Check url is present: https://oblache.areso.pro/register.html",
        "time" : {
          "start" : 1729731787499,
          "stop" : 1729731787503,
          "duration" : 4
        },
        "status" : "passed",
        "steps" : [ ],
        "attachments" : [ ],
        "parameters" : [ ],
        "stepsCount" : 0,
        "attachmentsCount" : 0,
        "shouldDisplayMessage" : false,
        "hasContent" : false
      } ],
      "attachments" : [ ],
      "parameters" : [ ],
      "stepsCount" : 4,
      "attachmentsCount" : 0,
      "shouldDisplayMessage" : false,
      "hasContent" : true
    } ],
    "attachments" : [ ],
    "parameters" : [ ],
    "stepsCount" : 6,
    "attachmentsCount" : 0,
    "shouldDisplayMessage" : false,
    "hasContent" : true
  } ],
  "testStage" : {
    "status" : "broken",
    "statusMessage" : "selenium.common.exceptions.TimeoutException: Message: Can't find element by locator ('xpath', '//div[@id=\"msg_from_server\"]')",
    "statusTrace" : "self = <tests_ui.test_ui.TestProfilePage object at 0x7f2197340950>\ndriver = <selenium.webdriver.chrome.webdriver.WebDriver (session=\"feeb93ed5105578a26fef4cbd395a97c\")>\nauthorization_user = None\n\n    @allure.title('test_create_database')\n    def test_create_database(self, driver, authorization_user):\n        page = ProfilePage(driver, authorization_user)\n>       page.compare_database_status()\n\ntests_ui/test_ui.py:83: \n_ _ _ _ _ _ _ _ _ _ _ _ _ _ _ _ _ _ _ _ _ _ _ _ _ _ _ _ _ _ _ _ _ _ _ _ _ _ _ _ \ntests_ui/profile_page.py:150: in compare_database_status\n    msg = self.element_is_visible(self.locators.MSG_FROM_SERVER).text\ntests_ui/base_page.py:34: in element_is_visible\n    return Wait(self.driver, self.timeout).until(\n_ _ _ _ _ _ _ _ _ _ _ _ _ _ _ _ _ _ _ _ _ _ _ _ _ _ _ _ _ _ _ _ _ _ _ _ _ _ _ _ \n\nself = <selenium.webdriver.support.wait.WebDriverWait (session=\"feeb93ed5105578a26fef4cbd395a97c\")>\nmethod = <function visibility_of_element_located.<locals>._predicate at 0x7f21970472e0>\nmessage = 'Can\\'t find element by locator (\\'xpath\\', \\'//div[@id=\"msg_from_server\"]\\')'\n\n    def until(self, method: Callable[[D], Union[Literal[False], T]], message: str = \"\") -> T:\n        \"\"\"Calls the method provided with the driver as an argument until the \\\n        return value does not evaluate to ``False``.\n    \n        :param method: callable(WebDriver)\n        :param message: optional message for :exc:`TimeoutException`\n        :returns: the result of the last call to `method`\n        :raises: :exc:`selenium.common.exceptions.TimeoutException` if timeout occurs\n        \"\"\"\n        screen = None\n        stacktrace = None\n    \n        end_time = time.monotonic() + self._timeout\n        while True:\n            try:\n                value = method(self._driver)\n                if value:\n                    return value\n            except self._ignored_exceptions as exc:\n                screen = getattr(exc, \"screen\", None)\n                stacktrace = getattr(exc, \"stacktrace\", None)\n            time.sleep(self._poll)\n            if time.monotonic() > end_time:\n                break\n>       raise TimeoutException(message, screen, stacktrace)\nE       selenium.common.exceptions.TimeoutException: Message: Can't find element by locator ('xpath', '//div[@id=\"msg_from_server\"]')\n\n/opt/hostedtoolcache/Python/3.12.7/x64/lib/python3.12/site-packages/selenium/webdriver/support/wait.py:105: TimeoutException",
    "steps" : [ {
      "name" : "Click button Status.",
      "time" : {
        "start" : 1729731788504,
        "stop" : 1729731788561,
        "duration" : 57
      },
      "status" : "passed",
      "steps" : [ ],
      "attachments" : [ ],
      "parameters" : [ ],
      "stepsCount" : 0,
      "attachmentsCount" : 0,
      "shouldDisplayMessage" : false,
      "hasContent" : false
    }, {
      "name" : "Get status data.",
      "time" : {
        "start" : 1729731788909,
        "stop" : 1729731788909,
        "duration" : 0
      },
      "status" : "passed",
      "steps" : [ {
        "name" : "Status data is: {'Email:': 'nodata', 'is blocked?': 'nodata', 'is db creation allowed?': '0', 'disk db quota, mb': '4', 'disk db used, mb': '9', 'db qty quota': '100', 'db qty used': '11', 'site qty quota': '5', 'site qty used': '0', 'is site deploy allowed?': '1'}",
        "time" : {
          "start" : 1729731788909,
          "stop" : 1729731788909,
          "duration" : 0
        },
        "status" : "passed",
        "steps" : [ ],
        "attachments" : [ ],
        "parameters" : [ ],
        "stepsCount" : 0,
        "attachmentsCount" : 0,
        "shouldDisplayMessage" : false,
        "hasContent" : false
      } ],
      "attachments" : [ ],
      "parameters" : [ ],
      "stepsCount" : 1,
      "attachmentsCount" : 0,
      "shouldDisplayMessage" : false,
      "hasContent" : true
    }, {
      "name" : "Click \"Databases\" button.",
      "time" : {
        "start" : 1729731788909,
        "stop" : 1729731788960,
        "duration" : 51
      },
      "status" : "passed",
      "steps" : [ ],
      "attachments" : [ ],
      "parameters" : [ ],
      "stepsCount" : 0,
      "attachmentsCount" : 0,
      "shouldDisplayMessage" : false,
      "hasContent" : false
    }, {
      "name" : "Click \"Create new DB\" button.",
      "time" : {
        "start" : 1729731788960,
        "stop" : 1729731789013,
        "duration" : 53
      },
      "status" : "passed",
      "steps" : [ ],
      "attachments" : [ ],
      "parameters" : [ ],
      "stepsCount" : 0,
      "attachmentsCount" : 0,
      "shouldDisplayMessage" : false,
      "hasContent" : false
    }, {
      "name" : "Select region \"CIS\".",
      "time" : {
        "start" : 1729731789013,
        "stop" : 1729731790150,
        "duration" : 1137
      },
      "status" : "passed",
      "steps" : [ ],
      "attachments" : [ ],
      "parameters" : [ ],
      "stepsCount" : 0,
      "attachmentsCount" : 0,
      "shouldDisplayMessage" : false,
      "hasContent" : false
    }, {
      "name" : "Click \"Create\" button.",
      "time" : {
        "start" : 1729731790151,
        "stop" : 1729731790198,
        "duration" : 47
      },
      "status" : "passed",
      "steps" : [ ],
      "attachments" : [ ],
      "parameters" : [ ],
      "stepsCount" : 0,
      "attachmentsCount" : 0,
      "shouldDisplayMessage" : false,
      "hasContent" : false
    } ],
    "attachments" : [ {
      "uid" : "114230532620581",
      "name" : "Screenshot 2024-10-24 01:03:15.419869",
      "source" : "114230532620581.png",
      "type" : "image/png",
      "size" : 30142
    } ],
    "parameters" : [ ],
    "stepsCount" : 7,
    "attachmentsCount" : 1,
    "shouldDisplayMessage" : true,
    "hasContent" : true
  },
  "afterStages" : [ {
    "name" : "driver::0",
    "time" : {
      "start" : 1729731795421,
      "stop" : 1729731795485,
      "duration" : 64
    },
    "status" : "passed",
    "steps" : [ ],
    "attachments" : [ ],
    "parameters" : [ ],
    "stepsCount" : 0,
    "attachmentsCount" : 0,
    "shouldDisplayMessage" : false,
    "hasContent" : false
  } ],
  "labels" : [ {
    "name" : "suite",
    "value" : "Test Profile Page."
  }, {
    "name" : "parentSuite",
    "value" : "tests_ui"
  }, {
    "name" : "subSuite",
    "value" : "TestProfilePage"
  }, {
    "name" : "host",
    "value" : "fv-az1446-71"
  }, {
    "name" : "thread",
    "value" : "2267-MainThread"
  }, {
    "name" : "framework",
    "value" : "pytest"
  }, {
    "name" : "language",
    "value" : "cpython3"
  }, {
    "name" : "package",
    "value" : "tests_ui.test_ui"
  }, {
    "name" : "resultFormat",
    "value" : "allure2"
  } ],
  "parameters" : [ ],
  "links" : [ ],
  "hidden" : false,
  "retry" : false,
  "extra" : {
    "severity" : "normal",
    "retries" : [ ],
    "categories" : [ {
      "name" : "Test defects",
      "matchedStatuses" : [ ],
      "flaky" : false
    } ],
    "history" : {
      "statistic" : {
        "failed" : 0,
        "broken" : 35,
        "skipped" : 0,
        "passed" : 0,
        "unknown" : 0,
        "total" : 35
      },
      "items" : [ {
        "uid" : "c779e8e5da0ab8c2",
        "reportUrl" : "https://lambotik.github.io/Oblache/199//#testresult/c779e8e5da0ab8c2",
        "status" : "broken",
        "statusDetails" : "selenium.common.exceptions.TimeoutException: Message: Can't find element by locator ('xpath', '//div[@id=\"msg_from_server\"]')",
        "time" : {
          "start" : 1729645364457,
          "stop" : 1729645372237,
          "duration" : 7780
        }
      }, {
        "uid" : "324d1a9269bc6f4",
        "reportUrl" : "https://lambotik.github.io/Oblache/198//#testresult/324d1a9269bc6f4",
        "status" : "broken",
        "statusDetails" : "selenium.common.exceptions.TimeoutException: Message: Can't find element by locator ('xpath', '//div[@id=\"msg_from_server\"]')",
        "time" : {
          "start" : 1729559120444,
          "stop" : 1729559129412,
          "duration" : 8968
        }
      }, {
        "uid" : "ff8121a731b66d5a",
        "reportUrl" : "https://lambotik.github.io/Oblache/197//#testresult/ff8121a731b66d5a",
        "status" : "broken",
        "statusDetails" : "selenium.common.exceptions.TimeoutException: Message: Can't find element by locator ('xpath', '//div[@id=\"msg_from_server\"]')",
        "time" : {
          "start" : 1729472709778,
          "stop" : 1729472717625,
          "duration" : 7847
        }
      }, {
        "uid" : "57e0115839438210",
        "reportUrl" : "https://lambotik.github.io/Oblache/196//#testresult/57e0115839438210",
        "status" : "broken",
        "statusDetails" : "selenium.common.exceptions.TimeoutException: Message: Can't find element by locator ('xpath', '//div[@id=\"msg_from_server\"]')",
        "time" : {
          "start" : 1729386544637,
          "stop" : 1729386552455,
          "duration" : 7818
        }
      }, {
        "uid" : "1330e59e40f46e50",
        "reportUrl" : "https://lambotik.github.io/Oblache/195//#testresult/1330e59e40f46e50",
        "status" : "broken",
        "statusDetails" : "selenium.common.exceptions.TimeoutException: Message: Can't find element by locator ('xpath', '//select[@id=\"selectDBRegion\"] /option[@value=\"3\"]')\nStacktrace:\n#0 0x55693fa630aa <unknown>\n#1 0x55693f57a1a0 <unknown>\n#2 0x55693f5c6d06 <unknown>\n#3 0x55693f5c6fa1 <unknown>\n#4 0x55693f60c344 <unknown>\n#5 0x55693f5eadad <unknown>\n#6 0x55693f609866 <unknown>\n#7 0x55693f5eab23 <unknown>\n#8 0x55693f5b9990 <unknown>\n#9 0x55693f5ba96e <unknown>\n#10 0x55693fa2f16b <unknown>\n#11 0x55693fa32f68 <unknown>\n#12 0x55693fa1c64c <unknown>\n#13 0x55693fa33ae7 <unknown>\n#14 0x55693fa014af <unknown>\n#15 0x55693fa514f8 <unknown>\n#16 0x55693fa516c0 <unknown>\n#17 0x55693fa61f26 <unknown>\n#18 0x7f80ba494ac3 <unknown>",
        "time" : {
          "start" : 1729299807658,
          "stop" : 1729299814399,
          "duration" : 6741
        }
      }, {
        "uid" : "8dbf14e2d4c4ce2",
        "reportUrl" : "https://lambotik.github.io/Oblache/194//#testresult/8dbf14e2d4c4ce2",
        "status" : "broken",
        "statusDetails" : "selenium.common.exceptions.TimeoutException: Message: Can't find element by locator ('xpath', '//div[@id=\"msg_from_server\"]')",
        "time" : {
          "start" : 1729213401860,
          "stop" : 1729213409866,
          "duration" : 8006
        }
      }, {
        "uid" : "f92c94480566f5c0",
        "reportUrl" : "https://lambotik.github.io/Oblache/193//#testresult/f92c94480566f5c0",
        "status" : "broken",
        "statusDetails" : "selenium.common.exceptions.TimeoutException: Message: Can't find element by locator ('xpath', '//div[@id=\"msg_from_server\"]')",
        "time" : {
          "start" : 1729127080540,
          "stop" : 1729127089388,
          "duration" : 8848
        }
      }, {
        "uid" : "5a6f5782df365c8c",
        "reportUrl" : "https://lambotik.github.io/Oblache/192//#testresult/5a6f5782df365c8c",
        "status" : "broken",
        "statusDetails" : "selenium.common.exceptions.TimeoutException: Message: Can't find element by locator ('xpath', '//div[@id=\"msg_from_server\"]')",
        "time" : {
          "start" : 1729040606603,
          "stop" : 1729040614331,
          "duration" : 7728
        }
      }, {
        "uid" : "d111a3330049956f",
        "reportUrl" : "https://lambotik.github.io/Oblache/191//#testresult/d111a3330049956f",
        "status" : "broken",
        "statusDetails" : "selenium.common.exceptions.TimeoutException: Message: Can't find element by locator ('xpath', '//div[@id=\"msg_from_server\"]')",
        "time" : {
          "start" : 1728954253208,
          "stop" : 1728954261878,
          "duration" : 8670
        }
      }, {
        "uid" : "dae8d47552be175b",
        "reportUrl" : "https://lambotik.github.io/Oblache/190//#testresult/dae8d47552be175b",
        "status" : "broken",
        "statusDetails" : "selenium.common.exceptions.TimeoutException: Message: Can't find element by locator ('xpath', '//div[@id=\"msg_from_server\"]')",
        "time" : {
          "start" : 1728867911249,
          "stop" : 1728867919074,
          "duration" : 7825
        }
      }, {
        "uid" : "ccb05862df7a0f80",
        "reportUrl" : "https://lambotik.github.io/Oblache/189//#testresult/ccb05862df7a0f80",
        "status" : "broken",
        "statusDetails" : "selenium.common.exceptions.TimeoutException: Message: Can't find element by locator ('xpath', '//div[@id=\"msg_from_server\"]')",
        "time" : {
          "start" : 1728781694362,
          "stop" : 1728781702257,
          "duration" : 7895
        }
      }, {
        "uid" : "cf9d9a263b5c5258",
        "reportUrl" : "https://lambotik.github.io/Oblache/188//#testresult/cf9d9a263b5c5258",
        "status" : "broken",
        "statusDetails" : "selenium.common.exceptions.TimeoutException: Message: Can't find element by locator ('xpath', '//div[@id=\"msg_from_server\"]')",
        "time" : {
          "start" : 1728694932354,
          "stop" : 1728694941027,
          "duration" : 8673
        }
      }, {
        "uid" : "85f059aaa1d25f83",
        "reportUrl" : "https://lambotik.github.io/Oblache/187//#testresult/85f059aaa1d25f83",
        "status" : "broken",
        "statusDetails" : "selenium.common.exceptions.TimeoutException: Message: Can't find element by locator ('xpath', '//div[@id=\"msg_from_server\"]')",
        "time" : {
          "start" : 1728608587169,
          "stop" : 1728608595008,
          "duration" : 7839
        }
      }, {
        "uid" : "571cc7609af5b106",
        "reportUrl" : "https://lambotik.github.io/Oblache/186//#testresult/571cc7609af5b106",
        "status" : "broken",
        "statusDetails" : "selenium.common.exceptions.TimeoutException: Message: Can't find element by locator ('xpath', '//div[@id=\"msg_from_server\"]')",
        "time" : {
          "start" : 1728522185809,
          "stop" : 1728522193640,
          "duration" : 7831
        }
      }, {
        "uid" : "388a949e0b52e47d",
        "reportUrl" : "https://lambotik.github.io/Oblache/185//#testresult/388a949e0b52e47d",
        "status" : "broken",
        "statusDetails" : "selenium.common.exceptions.TimeoutException: Message: Can't find element by locator ('xpath', '//div[@id=\"msg_from_server\"]')",
        "time" : {
          "start" : 1728435790200,
          "stop" : 1728435798039,
          "duration" : 7839
        }
      }, {
        "uid" : "10547cacb5fd638e",
        "reportUrl" : "https://lambotik.github.io/Oblache/184//#testresult/10547cacb5fd638e",
        "status" : "broken",
        "statusDetails" : "selenium.common.exceptions.TimeoutException: Message: Can't find element by locator ('xpath', '//div[@id=\"msg_from_server\"]')",
        "time" : {
          "start" : 1728349393106,
          "stop" : 1728349401065,
          "duration" : 7959
        }
      }, {
        "uid" : "420024a2ccc132f6",
        "reportUrl" : "https://lambotik.github.io/Oblache/183//#testresult/420024a2ccc132f6",
        "status" : "broken",
        "statusDetails" : "selenium.common.exceptions.TimeoutException: Message: Can't find element by locator ('xpath', '//div[@id=\"msg_from_server\"]')",
        "time" : {
          "start" : 1728263115816,
          "stop" : 1728263123724,
          "duration" : 7908
        }
      }, {
        "uid" : "95c3ffcc7b3ce1b6",
        "reportUrl" : "https://lambotik.github.io/Oblache/182//#testresult/95c3ffcc7b3ce1b6",
        "status" : "broken",
        "statusDetails" : "selenium.common.exceptions.TimeoutException: Message: Can't find element by locator ('xpath', '//div[@id=\"msg_from_server\"]')",
        "time" : {
          "start" : 1728176892831,
          "stop" : 1728176900576,
          "duration" : 7745
        }
      }, {
        "uid" : "c3a1bc9bb3426f5e",
        "reportUrl" : "https://lambotik.github.io/Oblache/181//#testresult/c3a1bc9bb3426f5e",
        "status" : "broken",
        "statusDetails" : "selenium.common.exceptions.TimeoutException: Message: Can't find element by locator ('xpath', '//div[@id=\"msg_from_server\"]')",
        "time" : {
          "start" : 1728090136965,
          "stop" : 1728090144705,
          "duration" : 7740
        }
      }, {
        "uid" : "736717cdfc23e08b",
        "reportUrl" : "https://lambotik.github.io/Oblache/180//#testresult/736717cdfc23e08b",
        "status" : "broken",
        "statusDetails" : "selenium.common.exceptions.TimeoutException: Message: Can't find element by locator ('xpath', '//div[@id=\"msg_from_server\"]')",
        "time" : {
          "start" : 1728003791535,
          "stop" : 1728003799349,
          "duration" : 7814
        }
      } ]
    },
    "tags" : [ ]
  },
  "source" : "d0a13e5548de9168.json",
  "parameterValues" : [ ]
}