{
  "uid" : "7f5cded8ae5e5af9",
  "name" : "test_check_title_of_static_table",
  "fullName" : "tests_ui.test_ui.TestProfilePage#test_check_title_of_static_table",
  "historyId" : "eb2cea1546ad6874ff07a2bb88c686ae",
  "time" : {
    "start" : 1730509381965,
    "stop" : 1730509387362,
    "duration" : 5397
  },
  "status" : "broken",
  "statusMessage" : "selenium.common.exceptions.TimeoutException: Message: Can't find element by locator ('xpath', '//button[@id=\"menu_button_webpages\"]')\nStacktrace:\n#0 0x5572c5a6b0aa <unknown>\n#1 0x5572c55821a0 <unknown>\n#2 0x5572c55ced06 <unknown>\n#3 0x5572c55cefa1 <unknown>\n#4 0x5572c5614344 <unknown>\n#5 0x5572c55f2dad <unknown>\n#6 0x5572c5611866 <unknown>\n#7 0x5572c55f2b23 <unknown>\n#8 0x5572c55c1990 <unknown>\n#9 0x5572c55c296e <unknown>\n#10 0x5572c5a3716b <unknown>\n#11 0x5572c5a3af68 <unknown>\n#12 0x5572c5a2464c <unknown>\n#13 0x5572c5a3bae7 <unknown>\n#14 0x5572c5a094af <unknown>\n#15 0x5572c5a594f8 <unknown>\n#16 0x5572c5a596c0 <unknown>\n#17 0x5572c5a69f26 <unknown>\n#18 0x7fd290294ac3 <unknown>",
  "statusTrace" : "self = <tests_ui.test_ui.TestProfilePage object at 0x7f855963c5c0>\ndriver = <selenium.webdriver.chrome.webdriver.WebDriver (session=\"95bc31f56e422e9d8495585398a6600c\")>\nauthorization_user = None\n\n    @allure.title('test_check_title_of_static_table')\n    def test_check_title_of_static_table(self, driver, authorization_user):\n        page = ProfilePage(driver)\n>       page.click_static_site_button()\n\ntests_ui/test_ui.py:75: \n_ _ _ _ _ _ _ _ _ _ _ _ _ _ _ _ _ _ _ _ _ _ _ _ _ _ _ _ _ _ _ _ _ _ _ _ _ _ _ _ \ntests_ui/profile_page.py:40: in click_static_site_button\n    return self.element_is_present_and_clickable(self.locators.STATIC_BUTTON).click()\ntests_ui/base_page.py:28: in element_is_present_and_clickable\n    return (Wait(self.driver, self.timeout).until(\n_ _ _ _ _ _ _ _ _ _ _ _ _ _ _ _ _ _ _ _ _ _ _ _ _ _ _ _ _ _ _ _ _ _ _ _ _ _ _ _ \n\nself = <selenium.webdriver.support.wait.WebDriverWait (session=\"95bc31f56e422e9d8495585398a6600c\")>\nmethod = <function visibility_of_element_located.<locals>._predicate at 0x7f8558bb5440>\nmessage = 'Can\\'t find element by locator (\\'xpath\\', \\'//button[@id=\"menu_button_webpages\"]\\')'\n\n    def until(self, method: Callable[[D], Union[Literal[False], T]], message: str = \"\") -> T:\n        \"\"\"Calls the method provided with the driver as an argument until the \\\n        return value does not evaluate to ``False``.\n    \n        :param method: callable(WebDriver)\n        :param message: optional message for :exc:`TimeoutException`\n        :returns: the result of the last call to `method`\n        :raises: :exc:`selenium.common.exceptions.TimeoutException` if timeout occurs\n        \"\"\"\n        screen = None\n        stacktrace = None\n    \n        end_time = time.monotonic() + self._timeout\n        while True:\n            try:\n                value = method(self._driver)\n                if value:\n                    return value\n            except self._ignored_exceptions as exc:\n                screen = getattr(exc, \"screen\", None)\n                stacktrace = getattr(exc, \"stacktrace\", None)\n            time.sleep(self._poll)\n            if time.monotonic() > end_time:\n                break\n>       raise TimeoutException(message, screen, stacktrace)\nE       selenium.common.exceptions.TimeoutException: Message: Can't find element by locator ('xpath', '//button[@id=\"menu_button_webpages\"]')\nE       Stacktrace:\nE       #0 0x5572c5a6b0aa <unknown>\nE       #1 0x5572c55821a0 <unknown>\nE       #2 0x5572c55ced06 <unknown>\nE       #3 0x5572c55cefa1 <unknown>\nE       #4 0x5572c5614344 <unknown>\nE       #5 0x5572c55f2dad <unknown>\nE       #6 0x5572c5611866 <unknown>\nE       #7 0x5572c55f2b23 <unknown>\nE       #8 0x5572c55c1990 <unknown>\nE       #9 0x5572c55c296e <unknown>\nE       #10 0x5572c5a3716b <unknown>\nE       #11 0x5572c5a3af68 <unknown>\nE       #12 0x5572c5a2464c <unknown>\nE       #13 0x5572c5a3bae7 <unknown>\nE       #14 0x5572c5a094af <unknown>\nE       #15 0x5572c5a594f8 <unknown>\nE       #16 0x5572c5a596c0 <unknown>\nE       #17 0x5572c5a69f26 <unknown>\nE       #18 0x7fd290294ac3 <unknown>\n\n/opt/hostedtoolcache/Python/3.12.7/x64/lib/python3.12/site-packages/selenium/webdriver/support/wait.py:105: TimeoutException",
  "flaky" : false,
  "newFailed" : false,
  "beforeStages" : [ {
    "name" : "authorization_user",
    "time" : {
      "start" : 1730509381491,
      "stop" : 1730509381964,
      "duration" : 473
    },
    "status" : "passed",
    "steps" : [ {
      "name" : "Open page: https://oblache.areso.pro/register.html",
      "time" : {
        "start" : 1730509381491,
        "stop" : 1730509381790,
        "duration" : 299
      },
      "status" : "passed",
      "steps" : [ ],
      "attachments" : [ ],
      "parameters" : [ ],
      "stepsCount" : 0,
      "attachmentsCount" : 0,
      "shouldDisplayMessage" : false,
      "hasContent" : false
    }, {
      "name" : "Login user",
      "time" : {
        "start" : 1730509381790,
        "stop" : 1730509381964,
        "duration" : 174
      },
      "status" : "passed",
      "steps" : [ {
        "name" : "Enter email.",
        "time" : {
          "start" : 1730509381790,
          "stop" : 1730509381848,
          "duration" : 58
        },
        "status" : "passed",
        "steps" : [ ],
        "attachments" : [ ],
        "parameters" : [ ],
        "stepsCount" : 0,
        "attachmentsCount" : 0,
        "shouldDisplayMessage" : false,
        "hasContent" : false
      }, {
        "name" : "Enter password.",
        "time" : {
          "start" : 1730509381848,
          "stop" : 1730509381892,
          "duration" : 44
        },
        "status" : "passed",
        "steps" : [ ],
        "attachments" : [ ],
        "parameters" : [ ],
        "stepsCount" : 0,
        "attachmentsCount" : 0,
        "shouldDisplayMessage" : false,
        "hasContent" : false
      }, {
        "name" : "Click button \"Login\"",
        "time" : {
          "start" : 1730509381892,
          "stop" : 1730509381962,
          "duration" : 70
        },
        "status" : "passed",
        "steps" : [ ],
        "attachments" : [ ],
        "parameters" : [ ],
        "stepsCount" : 0,
        "attachmentsCount" : 0,
        "shouldDisplayMessage" : false,
        "hasContent" : false
      }, {
        "name" : "Check url is present: https://oblache.areso.pro/register.html",
        "time" : {
          "start" : 1730509381962,
          "stop" : 1730509381964,
          "duration" : 2
        },
        "status" : "passed",
        "steps" : [ ],
        "attachments" : [ ],
        "parameters" : [ ],
        "stepsCount" : 0,
        "attachmentsCount" : 0,
        "shouldDisplayMessage" : false,
        "hasContent" : false
      } ],
      "attachments" : [ ],
      "parameters" : [ ],
      "stepsCount" : 4,
      "attachmentsCount" : 0,
      "shouldDisplayMessage" : false,
      "hasContent" : true
    } ],
    "attachments" : [ ],
    "parameters" : [ ],
    "stepsCount" : 6,
    "attachmentsCount" : 0,
    "shouldDisplayMessage" : false,
    "hasContent" : true
  }, {
    "name" : "driver",
    "time" : {
      "start" : 1730509381206,
      "stop" : 1730509381490,
      "duration" : 284
    },
    "status" : "passed",
    "steps" : [ ],
    "attachments" : [ ],
    "parameters" : [ ],
    "stepsCount" : 0,
    "attachmentsCount" : 0,
    "shouldDisplayMessage" : false,
    "hasContent" : false
  } ],
  "testStage" : {
    "status" : "broken",
    "statusMessage" : "selenium.common.exceptions.TimeoutException: Message: Can't find element by locator ('xpath', '//button[@id=\"menu_button_webpages\"]')\nStacktrace:\n#0 0x5572c5a6b0aa <unknown>\n#1 0x5572c55821a0 <unknown>\n#2 0x5572c55ced06 <unknown>\n#3 0x5572c55cefa1 <unknown>\n#4 0x5572c5614344 <unknown>\n#5 0x5572c55f2dad <unknown>\n#6 0x5572c5611866 <unknown>\n#7 0x5572c55f2b23 <unknown>\n#8 0x5572c55c1990 <unknown>\n#9 0x5572c55c296e <unknown>\n#10 0x5572c5a3716b <unknown>\n#11 0x5572c5a3af68 <unknown>\n#12 0x5572c5a2464c <unknown>\n#13 0x5572c5a3bae7 <unknown>\n#14 0x5572c5a094af <unknown>\n#15 0x5572c5a594f8 <unknown>\n#16 0x5572c5a596c0 <unknown>\n#17 0x5572c5a69f26 <unknown>\n#18 0x7fd290294ac3 <unknown>",
    "statusTrace" : "self = <tests_ui.test_ui.TestProfilePage object at 0x7f855963c5c0>\ndriver = <selenium.webdriver.chrome.webdriver.WebDriver (session=\"95bc31f56e422e9d8495585398a6600c\")>\nauthorization_user = None\n\n    @allure.title('test_check_title_of_static_table')\n    def test_check_title_of_static_table(self, driver, authorization_user):\n        page = ProfilePage(driver)\n>       page.click_static_site_button()\n\ntests_ui/test_ui.py:75: \n_ _ _ _ _ _ _ _ _ _ _ _ _ _ _ _ _ _ _ _ _ _ _ _ _ _ _ _ _ _ _ _ _ _ _ _ _ _ _ _ \ntests_ui/profile_page.py:40: in click_static_site_button\n    return self.element_is_present_and_clickable(self.locators.STATIC_BUTTON).click()\ntests_ui/base_page.py:28: in element_is_present_and_clickable\n    return (Wait(self.driver, self.timeout).until(\n_ _ _ _ _ _ _ _ _ _ _ _ _ _ _ _ _ _ _ _ _ _ _ _ _ _ _ _ _ _ _ _ _ _ _ _ _ _ _ _ \n\nself = <selenium.webdriver.support.wait.WebDriverWait (session=\"95bc31f56e422e9d8495585398a6600c\")>\nmethod = <function visibility_of_element_located.<locals>._predicate at 0x7f8558bb5440>\nmessage = 'Can\\'t find element by locator (\\'xpath\\', \\'//button[@id=\"menu_button_webpages\"]\\')'\n\n    def until(self, method: Callable[[D], Union[Literal[False], T]], message: str = \"\") -> T:\n        \"\"\"Calls the method provided with the driver as an argument until the \\\n        return value does not evaluate to ``False``.\n    \n        :param method: callable(WebDriver)\n        :param message: optional message for :exc:`TimeoutException`\n        :returns: the result of the last call to `method`\n        :raises: :exc:`selenium.common.exceptions.TimeoutException` if timeout occurs\n        \"\"\"\n        screen = None\n        stacktrace = None\n    \n        end_time = time.monotonic() + self._timeout\n        while True:\n            try:\n                value = method(self._driver)\n                if value:\n                    return value\n            except self._ignored_exceptions as exc:\n                screen = getattr(exc, \"screen\", None)\n                stacktrace = getattr(exc, \"stacktrace\", None)\n            time.sleep(self._poll)\n            if time.monotonic() > end_time:\n                break\n>       raise TimeoutException(message, screen, stacktrace)\nE       selenium.common.exceptions.TimeoutException: Message: Can't find element by locator ('xpath', '//button[@id=\"menu_button_webpages\"]')\nE       Stacktrace:\nE       #0 0x5572c5a6b0aa <unknown>\nE       #1 0x5572c55821a0 <unknown>\nE       #2 0x5572c55ced06 <unknown>\nE       #3 0x5572c55cefa1 <unknown>\nE       #4 0x5572c5614344 <unknown>\nE       #5 0x5572c55f2dad <unknown>\nE       #6 0x5572c5611866 <unknown>\nE       #7 0x5572c55f2b23 <unknown>\nE       #8 0x5572c55c1990 <unknown>\nE       #9 0x5572c55c296e <unknown>\nE       #10 0x5572c5a3716b <unknown>\nE       #11 0x5572c5a3af68 <unknown>\nE       #12 0x5572c5a2464c <unknown>\nE       #13 0x5572c5a3bae7 <unknown>\nE       #14 0x5572c5a094af <unknown>\nE       #15 0x5572c5a594f8 <unknown>\nE       #16 0x5572c5a596c0 <unknown>\nE       #17 0x5572c5a69f26 <unknown>\nE       #18 0x7fd290294ac3 <unknown>\n\n/opt/hostedtoolcache/Python/3.12.7/x64/lib/python3.12/site-packages/selenium/webdriver/support/wait.py:105: TimeoutException",
    "steps" : [ {
      "name" : "Click \"Static site\" button.",
      "time" : {
        "start" : 1730509381965,
        "stop" : 1730509387361,
        "duration" : 5396
      },
      "status" : "broken",
      "statusMessage" : "selenium.common.exceptions.TimeoutException: Message: Can't find element by locator ('xpath', '//button[@id=\"menu_button_webpages\"]')\nStacktrace:\n#0 0x5572c5a6b0aa <unknown>\n#1 0x5572c55821a0 <unknown>\n#2 0x5572c55ced06 <unknown>\n#3 0x5572c55cefa1 <unknown>\n#4 0x5572c5614344 <unknown>\n#5 0x5572c55f2dad <unknown>\n#6 0x5572c5611866 <unknown>\n#7 0x5572c55f2b23 <unknown>\n#8 0x5572c55c1990 <unknown>\n#9 0x5572c55c296e <unknown>\n#10 0x5572c5a3716b <unknown>\n#11 0x5572c5a3af68 <unknown>\n#12 0x5572c5a2464c <unknown>\n#13 0x5572c5a3bae7 <unknown>\n#14 0x5572c5a094af <unknown>\n#15 0x5572c5a594f8 <unknown>\n#16 0x5572c5a596c0 <unknown>\n#17 0x5572c5a69f26 <unknown>\n#18 0x7fd290294ac3 <unknown>\n\n",
      "statusTrace" : "  File \"/home/runner/work/Oblache/Oblache/tests_ui/profile_page.py\", line 40, in click_static_site_button\n    return self.element_is_present_and_clickable(self.locators.STATIC_BUTTON).click()\n           ^^^^^^^^^^^^^^^^^^^^^^^^^^^^^^^^^^^^^^^^^^^^^^^^^^^^^^^^^^^^^^^^^^\n  File \"/home/runner/work/Oblache/Oblache/tests_ui/base_page.py\", line 28, in element_is_present_and_clickable\n    return (Wait(self.driver, self.timeout).until(\n            ^^^^^^^^^^^^^^^^^^^^^^^^^^^^^^^^^^^^^^\n  File \"/opt/hostedtoolcache/Python/3.12.7/x64/lib/python3.12/site-packages/selenium/webdriver/support/wait.py\", line 105, in until\n    raise TimeoutException(message, screen, stacktrace)\n",
      "steps" : [ ],
      "attachments" : [ ],
      "parameters" : [ ],
      "stepsCount" : 0,
      "attachmentsCount" : 0,
      "shouldDisplayMessage" : true,
      "hasContent" : true
    } ],
    "attachments" : [ {
      "uid" : "59e92c31d784adf8",
      "name" : "Screenshot 2024-11-02 01:03:07.453480",
      "source" : "59e92c31d784adf8.png",
      "type" : "image/png",
      "size" : 42251
    } ],
    "parameters" : [ ],
    "stepsCount" : 1,
    "attachmentsCount" : 1,
    "shouldDisplayMessage" : true,
    "hasContent" : true
  },
  "afterStages" : [ {
    "name" : "driver::0",
    "time" : {
      "start" : 1730509387454,
      "stop" : 1730509387519,
      "duration" : 65
    },
    "status" : "passed",
    "steps" : [ ],
    "attachments" : [ ],
    "parameters" : [ ],
    "stepsCount" : 0,
    "attachmentsCount" : 0,
    "shouldDisplayMessage" : false,
    "hasContent" : false
  } ],
  "labels" : [ {
    "name" : "suite",
    "value" : "Test Profile Page."
  }, {
    "name" : "parentSuite",
    "value" : "tests_ui"
  }, {
    "name" : "subSuite",
    "value" : "TestProfilePage"
  }, {
    "name" : "host",
    "value" : "fv-az1446-71"
  }, {
    "name" : "thread",
    "value" : "2275-MainThread"
  }, {
    "name" : "framework",
    "value" : "pytest"
  }, {
    "name" : "language",
    "value" : "cpython3"
  }, {
    "name" : "package",
    "value" : "tests_ui.test_ui"
  }, {
    "name" : "resultFormat",
    "value" : "allure2"
  } ],
  "parameters" : [ ],
  "links" : [ ],
  "hidden" : false,
  "retry" : false,
  "extra" : {
    "severity" : "normal",
    "retries" : [ ],
    "categories" : [ {
      "name" : "Test defects",
      "matchedStatuses" : [ ],
      "flaky" : false
    } ],
    "history" : {
      "statistic" : {
        "failed" : 0,
        "broken" : 45,
        "skipped" : 0,
        "passed" : 0,
        "unknown" : 0,
        "total" : 45
      },
      "items" : [ {
        "uid" : "b87d8f70eb42f44a",
        "reportUrl" : "https://lambotik.github.io/Oblache/208//#testresult/b87d8f70eb42f44a",
        "status" : "broken",
        "statusDetails" : "selenium.common.exceptions.TimeoutException: Message: Can't find element by locator ('xpath', '//button[@id=\"menu_button_webpages\"]')\nStacktrace:\n#0 0x5651234060aa <unknown>\n#1 0x565122f1d1a0 <unknown>\n#2 0x565122f69d06 <unknown>\n#3 0x565122f69fa1 <unknown>\n#4 0x565122faf344 <unknown>\n#5 0x565122f8ddad <unknown>\n#6 0x565122fac866 <unknown>\n#7 0x565122f8db23 <unknown>\n#8 0x565122f5c990 <unknown>\n#9 0x565122f5d96e <unknown>\n#10 0x5651233d216b <unknown>\n#11 0x5651233d5f68 <unknown>\n#12 0x5651233bf64c <unknown>\n#13 0x5651233d6ae7 <unknown>\n#14 0x5651233a44af <unknown>\n#15 0x5651233f44f8 <unknown>\n#16 0x5651233f46c0 <unknown>\n#17 0x565123404f26 <unknown>\n#18 0x7fb139894ac3 <unknown>",
        "time" : {
          "start" : 1730423339157,
          "stop" : 1730423344577,
          "duration" : 5420
        }
      }, {
        "uid" : "a8cd18b8f6463278",
        "reportUrl" : "https://lambotik.github.io/Oblache/207//#testresult/a8cd18b8f6463278",
        "status" : "broken",
        "statusDetails" : "selenium.common.exceptions.TimeoutException: Message: Can't find element by locator ('xpath', '//button[@id=\"menu_button_webpages\"]')\nStacktrace:\n#0 0x55b2306550aa <unknown>\n#1 0x55b23016c1a0 <unknown>\n#2 0x55b2301b8d06 <unknown>\n#3 0x55b2301b8fa1 <unknown>\n#4 0x55b2301fe344 <unknown>\n#5 0x55b2301dcdad <unknown>\n#6 0x55b2301fb866 <unknown>\n#7 0x55b2301dcb23 <unknown>\n#8 0x55b2301ab990 <unknown>\n#9 0x55b2301ac96e <unknown>\n#10 0x55b23062116b <unknown>\n#11 0x55b230624f68 <unknown>\n#12 0x55b23060e64c <unknown>\n#13 0x55b230625ae7 <unknown>\n#14 0x55b2305f34af <unknown>\n#15 0x55b2306434f8 <unknown>\n#16 0x55b2306436c0 <unknown>\n#17 0x55b230653f26 <unknown>\n#18 0x7fd361694ac3 <unknown>",
        "time" : {
          "start" : 1730336706389,
          "stop" : 1730336711779,
          "duration" : 5390
        }
      }, {
        "uid" : "186ed66272ff4488",
        "reportUrl" : "https://lambotik.github.io/Oblache/206//#testresult/186ed66272ff4488",
        "status" : "broken",
        "statusDetails" : "selenium.common.exceptions.TimeoutException: Message: Can't find element by locator ('xpath', '//button[@id=\"menu_button_webpages\"]')\nStacktrace:\n#0 0x556b6ce4a0aa <unknown>\n#1 0x556b6c9611a0 <unknown>\n#2 0x556b6c9add06 <unknown>\n#3 0x556b6c9adfa1 <unknown>\n#4 0x556b6c9f3344 <unknown>\n#5 0x556b6c9d1dad <unknown>\n#6 0x556b6c9f0866 <unknown>\n#7 0x556b6c9d1b23 <unknown>\n#8 0x556b6c9a0990 <unknown>\n#9 0x556b6c9a196e <unknown>\n#10 0x556b6ce1616b <unknown>\n#11 0x556b6ce19f68 <unknown>\n#12 0x556b6ce0364c <unknown>\n#13 0x556b6ce1aae7 <unknown>\n#14 0x556b6cde84af <unknown>\n#15 0x556b6ce384f8 <unknown>\n#16 0x556b6ce386c0 <unknown>\n#17 0x556b6ce48f26 <unknown>\n#18 0x7f229ba94ac3 <unknown>",
        "time" : {
          "start" : 1730250241884,
          "stop" : 1730250246902,
          "duration" : 5018
        }
      }, {
        "uid" : "aaa36c8ee3cc2986",
        "reportUrl" : "https://lambotik.github.io/Oblache/205//#testresult/aaa36c8ee3cc2986",
        "status" : "broken",
        "statusDetails" : "selenium.common.exceptions.TimeoutException: Message: Can't find element by locator ('xpath', '//button[@id=\"menu_button_webpages\"]')\nStacktrace:\n#0 0x564c755370aa <unknown>\n#1 0x564c7504e1a0 <unknown>\n#2 0x564c7509ad06 <unknown>\n#3 0x564c7509afa1 <unknown>\n#4 0x564c750e0344 <unknown>\n#5 0x564c750bedad <unknown>\n#6 0x564c750dd866 <unknown>\n#7 0x564c750beb23 <unknown>\n#8 0x564c7508d990 <unknown>\n#9 0x564c7508e96e <unknown>\n#10 0x564c7550316b <unknown>\n#11 0x564c75506f68 <unknown>\n#12 0x564c754f064c <unknown>\n#13 0x564c75507ae7 <unknown>\n#14 0x564c754d54af <unknown>\n#15 0x564c755254f8 <unknown>\n#16 0x564c755256c0 <unknown>\n#17 0x564c75535f26 <unknown>\n#18 0x7fdf36894ac3 <unknown>",
        "time" : {
          "start" : 1730163908851,
          "stop" : 1730163914241,
          "duration" : 5390
        }
      }, {
        "uid" : "3550276168fcb97",
        "reportUrl" : "https://lambotik.github.io/Oblache/204//#testresult/3550276168fcb97",
        "status" : "broken",
        "statusDetails" : "selenium.common.exceptions.TimeoutException: Message: Can't find element by locator ('xpath', '//button[@id=\"menu_button_webpages\"]')\nStacktrace:\n#0 0x560117b5a0aa <unknown>\n#1 0x5601176711a0 <unknown>\n#2 0x5601176bdd06 <unknown>\n#3 0x5601176bdfa1 <unknown>\n#4 0x560117703344 <unknown>\n#5 0x5601176e1dad <unknown>\n#6 0x560117700866 <unknown>\n#7 0x5601176e1b23 <unknown>\n#8 0x5601176b0990 <unknown>\n#9 0x5601176b196e <unknown>\n#10 0x560117b2616b <unknown>\n#11 0x560117b29f68 <unknown>\n#12 0x560117b1364c <unknown>\n#13 0x560117b2aae7 <unknown>\n#14 0x560117af84af <unknown>\n#15 0x560117b484f8 <unknown>\n#16 0x560117b486c0 <unknown>\n#17 0x560117b58f26 <unknown>\n#18 0x7eff43494ac3 <unknown>",
        "time" : {
          "start" : 1730077653392,
          "stop" : 1730077658800,
          "duration" : 5408
        }
      }, {
        "uid" : "1986c0fb4c2cb8e9",
        "reportUrl" : "https://lambotik.github.io/Oblache/203//#testresult/1986c0fb4c2cb8e9",
        "status" : "broken",
        "statusDetails" : "selenium.common.exceptions.TimeoutException: Message: Can't find element by locator ('xpath', '//button[@id=\"menu_button_webpages\"]')\nStacktrace:\n#0 0x55887ff350aa <unknown>\n#1 0x55887fa4c1a0 <unknown>\n#2 0x55887fa98d06 <unknown>\n#3 0x55887fa98fa1 <unknown>\n#4 0x55887fade344 <unknown>\n#5 0x55887fabcdad <unknown>\n#6 0x55887fadb866 <unknown>\n#7 0x55887fabcb23 <unknown>\n#8 0x55887fa8b990 <unknown>\n#9 0x55887fa8c96e <unknown>\n#10 0x55887ff0116b <unknown>\n#11 0x55887ff04f68 <unknown>\n#12 0x55887feee64c <unknown>\n#13 0x55887ff05ae7 <unknown>\n#14 0x55887fed34af <unknown>\n#15 0x55887ff234f8 <unknown>\n#16 0x55887ff236c0 <unknown>\n#17 0x55887ff33f26 <unknown>\n#18 0x7f26c4694ac3 <unknown>",
        "time" : {
          "start" : 1729991382042,
          "stop" : 1729991387074,
          "duration" : 5032
        }
      }, {
        "uid" : "e2baf1400a4bacee",
        "reportUrl" : "https://lambotik.github.io/Oblache/202//#testresult/e2baf1400a4bacee",
        "status" : "broken",
        "statusDetails" : "selenium.common.exceptions.TimeoutException: Message: Can't find element by locator ('xpath', '//button[@id=\"menu_button_webpages\"]')\nStacktrace:\n#0 0x55a46936f0aa <unknown>\n#1 0x55a468e861a0 <unknown>\n#2 0x55a468ed2d06 <unknown>\n#3 0x55a468ed2fa1 <unknown>\n#4 0x55a468f18344 <unknown>\n#5 0x55a468ef6dad <unknown>\n#6 0x55a468f15866 <unknown>\n#7 0x55a468ef6b23 <unknown>\n#8 0x55a468ec5990 <unknown>\n#9 0x55a468ec696e <unknown>\n#10 0x55a46933b16b <unknown>\n#11 0x55a46933ef68 <unknown>\n#12 0x55a46932864c <unknown>\n#13 0x55a46933fae7 <unknown>\n#14 0x55a46930d4af <unknown>\n#15 0x55a46935d4f8 <unknown>\n#16 0x55a46935d6c0 <unknown>\n#17 0x55a46936df26 <unknown>\n#18 0x7f9aa9494ac3 <unknown>",
        "time" : {
          "start" : 1729904518259,
          "stop" : 1729904523652,
          "duration" : 5393
        }
      }, {
        "uid" : "8ee1f125517ca7e2",
        "reportUrl" : "https://lambotik.github.io/Oblache/8//#testresult/8ee1f125517ca7e2",
        "status" : "broken",
        "statusDetails" : "selenium.common.exceptions.TimeoutException: Message: Can't find element by locator ('xpath', '//button[@id=\"menu_button_webpages\"]')\nStacktrace:\n#0 0x55646cf1d0aa <unknown>\n#1 0x55646ca341a0 <unknown>\n#2 0x55646ca80d06 <unknown>\n#3 0x55646ca80fa1 <unknown>\n#4 0x55646cac6344 <unknown>\n#5 0x55646caa4dad <unknown>\n#6 0x55646cac3866 <unknown>\n#7 0x55646caa4b23 <unknown>\n#8 0x55646ca73990 <unknown>\n#9 0x55646ca7496e <unknown>\n#10 0x55646cee916b <unknown>\n#11 0x55646ceecf68 <unknown>\n#12 0x55646ced664c <unknown>\n#13 0x55646ceedae7 <unknown>\n#14 0x55646cebb4af <unknown>\n#15 0x55646cf0b4f8 <unknown>\n#16 0x55646cf0b6c0 <unknown>\n#17 0x55646cf1bf26 <unknown>\n#18 0x7f0796e94ac3 <unknown>",
        "time" : {
          "start" : 1729859536696,
          "stop" : 1729859542126,
          "duration" : 5430
        }
      }, {
        "uid" : "b972c71b13ccd07c",
        "reportUrl" : "https://lambotik.github.io/Oblache/201//#testresult/b972c71b13ccd07c",
        "status" : "broken",
        "statusDetails" : "selenium.common.exceptions.TimeoutException: Message: Can't find element by locator ('xpath', '//button[@id=\"menu_button_webpages\"]')\nStacktrace:\n#0 0x56340a4f70aa <unknown>\n#1 0x56340a00e1a0 <unknown>\n#2 0x56340a05ad06 <unknown>\n#3 0x56340a05afa1 <unknown>\n#4 0x56340a0a0344 <unknown>\n#5 0x56340a07edad <unknown>\n#6 0x56340a09d866 <unknown>\n#7 0x56340a07eb23 <unknown>\n#8 0x56340a04d990 <unknown>\n#9 0x56340a04e96e <unknown>\n#10 0x56340a4c316b <unknown>\n#11 0x56340a4c6f68 <unknown>\n#12 0x56340a4b064c <unknown>\n#13 0x56340a4c7ae7 <unknown>\n#14 0x56340a4954af <unknown>\n#15 0x56340a4e54f8 <unknown>\n#16 0x56340a4e56c0 <unknown>\n#17 0x56340a4f5f26 <unknown>\n#18 0x7fa159294ac3 <unknown>",
        "time" : {
          "start" : 1729818328422,
          "stop" : 1729818333853,
          "duration" : 5431
        }
      }, {
        "uid" : "5d520caa2a7f7666",
        "reportUrl" : "https://lambotik.github.io/Oblache/200//#testresult/5d520caa2a7f7666",
        "status" : "broken",
        "statusDetails" : "selenium.common.exceptions.TimeoutException: Message: Can't find element by locator ('xpath', '//button[@id=\"menu_button_webpages\"]')\nStacktrace:\n#0 0x55a1715480aa <unknown>\n#1 0x55a17105f1a0 <unknown>\n#2 0x55a1710abd06 <unknown>\n#3 0x55a1710abfa1 <unknown>\n#4 0x55a1710f1344 <unknown>\n#5 0x55a1710cfdad <unknown>\n#6 0x55a1710ee866 <unknown>\n#7 0x55a1710cfb23 <unknown>\n#8 0x55a17109e990 <unknown>\n#9 0x55a17109f96e <unknown>\n#10 0x55a17151416b <unknown>\n#11 0x55a171517f68 <unknown>\n#12 0x55a17150164c <unknown>\n#13 0x55a171518ae7 <unknown>\n#14 0x55a1714e64af <unknown>\n#15 0x55a1715364f8 <unknown>\n#16 0x55a1715366c0 <unknown>\n#17 0x55a171546f26 <unknown>\n#18 0x7f882f894ac3 <unknown>",
        "time" : {
          "start" : 1729731781196,
          "stop" : 1729731786583,
          "duration" : 5387
        }
      }, {
        "uid" : "cfc1a2e28abc8923",
        "reportUrl" : "https://lambotik.github.io/Oblache/199//#testresult/cfc1a2e28abc8923",
        "status" : "broken",
        "statusDetails" : "selenium.common.exceptions.TimeoutException: Message: Can't find element by locator ('xpath', '//button[@id=\"menu_button_webpages\"]')\nStacktrace:\n#0 0x5613d01fc0aa <unknown>\n#1 0x5613cfd131a0 <unknown>\n#2 0x5613cfd5fd06 <unknown>\n#3 0x5613cfd5ffa1 <unknown>\n#4 0x5613cfda5344 <unknown>\n#5 0x5613cfd83dad <unknown>\n#6 0x5613cfda2866 <unknown>\n#7 0x5613cfd83b23 <unknown>\n#8 0x5613cfd52990 <unknown>\n#9 0x5613cfd5396e <unknown>\n#10 0x5613d01c816b <unknown>\n#11 0x5613d01cbf68 <unknown>\n#12 0x5613d01b564c <unknown>\n#13 0x5613d01ccae7 <unknown>\n#14 0x5613d019a4af <unknown>\n#15 0x5613d01ea4f8 <unknown>\n#16 0x5613d01ea6c0 <unknown>\n#17 0x5613d01faf26 <unknown>\n#18 0x7f18eea94ac3 <unknown>",
        "time" : {
          "start" : 1729645358492,
          "stop" : 1729645363512,
          "duration" : 5020
        }
      }, {
        "uid" : "a3f7e5d6aaf9d506",
        "reportUrl" : "https://lambotik.github.io/Oblache/198//#testresult/a3f7e5d6aaf9d506",
        "status" : "broken",
        "statusDetails" : "selenium.common.exceptions.TimeoutException: Message: Can't find element by locator ('xpath', '//button[@id=\"menu_button_webpages\"]')\nStacktrace:\n#0 0x56169b1650aa <unknown>\n#1 0x56169ac7c1a0 <unknown>\n#2 0x56169acc8d06 <unknown>\n#3 0x56169acc8fa1 <unknown>\n#4 0x56169ad0e344 <unknown>\n#5 0x56169acecdad <unknown>\n#6 0x56169ad0b866 <unknown>\n#7 0x56169acecb23 <unknown>\n#8 0x56169acbb990 <unknown>\n#9 0x56169acbc96e <unknown>\n#10 0x56169b13116b <unknown>\n#11 0x56169b134f68 <unknown>\n#12 0x56169b11e64c <unknown>\n#13 0x56169b135ae7 <unknown>\n#14 0x56169b1034af <unknown>\n#15 0x56169b1534f8 <unknown>\n#16 0x56169b1536c0 <unknown>\n#17 0x56169b163f26 <unknown>\n#18 0x7f6874694ac3 <unknown>",
        "time" : {
          "start" : 1729559113831,
          "stop" : 1729559119296,
          "duration" : 5465
        }
      }, {
        "uid" : "b7080086d14a37b0",
        "reportUrl" : "https://lambotik.github.io/Oblache/197//#testresult/b7080086d14a37b0",
        "status" : "broken",
        "statusDetails" : "selenium.common.exceptions.TimeoutException: Message: Can't find element by locator ('xpath', '//button[@id=\"menu_button_webpages\"]')\nStacktrace:\n#0 0x5602827380aa <unknown>\n#1 0x56028224f1a0 <unknown>\n#2 0x56028229bd06 <unknown>\n#3 0x56028229bfa1 <unknown>\n#4 0x5602822e1344 <unknown>\n#5 0x5602822bfdad <unknown>\n#6 0x5602822de866 <unknown>\n#7 0x5602822bfb23 <unknown>\n#8 0x56028228e990 <unknown>\n#9 0x56028228f96e <unknown>\n#10 0x56028270416b <unknown>\n#11 0x560282707f68 <unknown>\n#12 0x5602826f164c <unknown>\n#13 0x560282708ae7 <unknown>\n#14 0x5602826d64af <unknown>\n#15 0x5602827264f8 <unknown>\n#16 0x5602827266c0 <unknown>\n#17 0x560282736f26 <unknown>\n#18 0x7f2bcbc94ac3 <unknown>",
        "time" : {
          "start" : 1729472703725,
          "stop" : 1729472708781,
          "duration" : 5056
        }
      }, {
        "uid" : "e2601804c395b222",
        "reportUrl" : "https://lambotik.github.io/Oblache/196//#testresult/e2601804c395b222",
        "status" : "broken",
        "statusDetails" : "selenium.common.exceptions.TimeoutException: Message: Can't find element by locator ('xpath', '//button[@id=\"menu_button_webpages\"]')\nStacktrace:\n#0 0x55ac12c850aa <unknown>\n#1 0x55ac1279c1a0 <unknown>\n#2 0x55ac127e8d06 <unknown>\n#3 0x55ac127e8fa1 <unknown>\n#4 0x55ac1282e344 <unknown>\n#5 0x55ac1280cdad <unknown>\n#6 0x55ac1282b866 <unknown>\n#7 0x55ac1280cb23 <unknown>\n#8 0x55ac127db990 <unknown>\n#9 0x55ac127dc96e <unknown>\n#10 0x55ac12c5116b <unknown>\n#11 0x55ac12c54f68 <unknown>\n#12 0x55ac12c3e64c <unknown>\n#13 0x55ac12c55ae7 <unknown>\n#14 0x55ac12c234af <unknown>\n#15 0x55ac12c734f8 <unknown>\n#16 0x55ac12c736c0 <unknown>\n#17 0x55ac12c83f26 <unknown>\n#18 0x7fa619e94ac3 <unknown>",
        "time" : {
          "start" : 1729386538276,
          "stop" : 1729386543673,
          "duration" : 5397
        }
      }, {
        "uid" : "4a921a3a81108dc2",
        "reportUrl" : "https://lambotik.github.io/Oblache/195//#testresult/4a921a3a81108dc2",
        "status" : "broken",
        "statusDetails" : "selenium.common.exceptions.TimeoutException: Message: Can't find element by locator ('xpath', '//button[@id=\"menu_button_webpages\"]')\nStacktrace:\n#0 0x5646db2380aa <unknown>\n#1 0x5646dad4f1a0 <unknown>\n#2 0x5646dad9bd06 <unknown>\n#3 0x5646dad9bfa1 <unknown>\n#4 0x5646dade1344 <unknown>\n#5 0x5646dadbfdad <unknown>\n#6 0x5646dadde866 <unknown>\n#7 0x5646dadbfb23 <unknown>\n#8 0x5646dad8e990 <unknown>\n#9 0x5646dad8f96e <unknown>\n#10 0x5646db20416b <unknown>\n#11 0x5646db207f68 <unknown>\n#12 0x5646db1f164c <unknown>\n#13 0x5646db208ae7 <unknown>\n#14 0x5646db1d64af <unknown>\n#15 0x5646db2264f8 <unknown>\n#16 0x5646db2266c0 <unknown>\n#17 0x5646db236f26 <unknown>\n#18 0x7f6cde694ac3 <unknown>",
        "time" : {
          "start" : 1729299801312,
          "stop" : 1729299806727,
          "duration" : 5415
        }
      }, {
        "uid" : "906392765021d0ee",
        "reportUrl" : "https://lambotik.github.io/Oblache/194//#testresult/906392765021d0ee",
        "status" : "broken",
        "statusDetails" : "selenium.common.exceptions.TimeoutException: Message: Can't find element by locator ('xpath', '//button[@id=\"menu_button_webpages\"]')\nStacktrace:\n#0 0x560c3a17402a <unknown>\n#1 0x560c39e5a5e0 <unknown>\n#2 0x560c39ea9be8 <unknown>\n#3 0x560c39ea9e81 <unknown>\n#4 0x560c39ef08c4 <unknown>\n#5 0x560c39eceb4d <unknown>\n#6 0x560c39eedd7d <unknown>\n#7 0x560c39ece8c3 <unknown>\n#8 0x560c39e9c6b3 <unknown>\n#9 0x560c39e9d68e <unknown>\n#10 0x560c3a13ea2b <unknown>\n#11 0x560c3a1429b1 <unknown>\n#12 0x560c3a12b225 <unknown>\n#13 0x560c3a143532 <unknown>\n#14 0x560c3a11038f <unknown>\n#15 0x560c3a162f28 <unknown>\n#16 0x560c3a1630f3 <unknown>\n#17 0x560c3a172e7c <unknown>\n#18 0x7fb2de494ac3 <unknown>",
        "time" : {
          "start" : 1729213395558,
          "stop" : 1729213400938,
          "duration" : 5380
        }
      }, {
        "uid" : "edcced8ba3f534f1",
        "reportUrl" : "https://lambotik.github.io/Oblache/193//#testresult/edcced8ba3f534f1",
        "status" : "broken",
        "statusDetails" : "selenium.common.exceptions.TimeoutException: Message: Can't find element by locator ('xpath', '//button[@id=\"menu_button_webpages\"]')\nStacktrace:\n#0 0x558251a5202a <unknown>\n#1 0x5582517385e0 <unknown>\n#2 0x558251787be8 <unknown>\n#3 0x558251787e81 <unknown>\n#4 0x5582517ce8c4 <unknown>\n#5 0x5582517acb4d <unknown>\n#6 0x5582517cbd7d <unknown>\n#7 0x5582517ac8c3 <unknown>\n#8 0x55825177a6b3 <unknown>\n#9 0x55825177b68e <unknown>\n#10 0x558251a1ca2b <unknown>\n#11 0x558251a209b1 <unknown>\n#12 0x558251a09225 <unknown>\n#13 0x558251a21532 <unknown>\n#14 0x5582519ee38f <unknown>\n#15 0x558251a40f28 <unknown>\n#16 0x558251a410f3 <unknown>\n#17 0x558251a50e7c <unknown>\n#18 0x7f5613694ac3 <unknown>",
        "time" : {
          "start" : 1729127073953,
          "stop" : 1729127079414,
          "duration" : 5461
        }
      }, {
        "uid" : "4ea9d410a5d5a355",
        "reportUrl" : "https://lambotik.github.io/Oblache/192//#testresult/4ea9d410a5d5a355",
        "status" : "broken",
        "statusDetails" : "selenium.common.exceptions.TimeoutException: Message: Can't find element by locator ('xpath', '//button[@id=\"menu_button_webpages\"]')\nStacktrace:\n#0 0x55cb673a002a <unknown>\n#1 0x55cb670865e0 <unknown>\n#2 0x55cb670d5be8 <unknown>\n#3 0x55cb670d5e81 <unknown>\n#4 0x55cb6711c8c4 <unknown>\n#5 0x55cb670fab4d <unknown>\n#6 0x55cb67119d7d <unknown>\n#7 0x55cb670fa8c3 <unknown>\n#8 0x55cb670c86b3 <unknown>\n#9 0x55cb670c968e <unknown>\n#10 0x55cb6736aa2b <unknown>\n#11 0x55cb6736e9b1 <unknown>\n#12 0x55cb67357225 <unknown>\n#13 0x55cb6736f532 <unknown>\n#14 0x55cb6733c38f <unknown>\n#15 0x55cb6738ef28 <unknown>\n#16 0x55cb6738f0f3 <unknown>\n#17 0x55cb6739ee7c <unknown>\n#18 0x7fe98389ca94 <unknown>\n#19 0x7fe983929c3c <unknown>",
        "time" : {
          "start" : 1729040600337,
          "stop" : 1729040605738,
          "duration" : 5401
        }
      }, {
        "uid" : "852b6cb64a33d4a5",
        "reportUrl" : "https://lambotik.github.io/Oblache/191//#testresult/852b6cb64a33d4a5",
        "status" : "broken",
        "statusDetails" : "selenium.common.exceptions.TimeoutException: Message: Can't find element by locator ('xpath', '//button[@id=\"menu_button_webpages\"]')\nStacktrace:\n#0 0x563e5666502a <unknown>\n#1 0x563e5634b5e0 <unknown>\n#2 0x563e5639abe8 <unknown>\n#3 0x563e5639ae81 <unknown>\n#4 0x563e563e18c4 <unknown>\n#5 0x563e563bfb4d <unknown>\n#6 0x563e563ded7d <unknown>\n#7 0x563e563bf8c3 <unknown>\n#8 0x563e5638d6b3 <unknown>\n#9 0x563e5638e68e <unknown>\n#10 0x563e5662fa2b <unknown>\n#11 0x563e566339b1 <unknown>\n#12 0x563e5661c225 <unknown>\n#13 0x563e56634532 <unknown>\n#14 0x563e5660138f <unknown>\n#15 0x563e56653f28 <unknown>\n#16 0x563e566540f3 <unknown>\n#17 0x563e56663e7c <unknown>\n#18 0x7f4e68e9ca94 <unknown>\n#19 0x7f4e68f29c3c <unknown>",
        "time" : {
          "start" : 1728954246646,
          "stop" : 1728954252103,
          "duration" : 5457
        }
      }, {
        "uid" : "f198ce9cfb9eb9a8",
        "reportUrl" : "https://lambotik.github.io/Oblache/190//#testresult/f198ce9cfb9eb9a8",
        "status" : "broken",
        "statusDetails" : "selenium.common.exceptions.TimeoutException: Message: Can't find element by locator ('xpath', '//button[@id=\"menu_button_webpages\"]')\nStacktrace:\n#0 0x55cd4d47b02a <unknown>\n#1 0x55cd4d1615e0 <unknown>\n#2 0x55cd4d1b0be8 <unknown>\n#3 0x55cd4d1b0e81 <unknown>\n#4 0x55cd4d1f78c4 <unknown>\n#5 0x55cd4d1d5b4d <unknown>\n#6 0x55cd4d1f4d7d <unknown>\n#7 0x55cd4d1d58c3 <unknown>\n#8 0x55cd4d1a36b3 <unknown>\n#9 0x55cd4d1a468e <unknown>\n#10 0x55cd4d445a2b <unknown>\n#11 0x55cd4d4499b1 <unknown>\n#12 0x55cd4d432225 <unknown>\n#13 0x55cd4d44a532 <unknown>\n#14 0x55cd4d41738f <unknown>\n#15 0x55cd4d469f28 <unknown>\n#16 0x55cd4d46a0f3 <unknown>\n#17 0x55cd4d479e7c <unknown>\n#18 0x7ff7bec9ca94 <unknown>\n#19 0x7ff7bed29c3c <unknown>",
        "time" : {
          "start" : 1728867905282,
          "stop" : 1728867910313,
          "duration" : 5031
        }
      } ]
    },
    "tags" : [ ]
  },
  "source" : "7f5cded8ae5e5af9.json",
  "parameterValues" : [ ]
}