{
  "uid" : "72885d72f4b4eb8a",
  "name" : "test_create_database",
  "fullName" : "tests_ui.test_ui.TestProfilePage#test_create_database",
  "historyId" : "4762f7b87391625d86f9ea8dbdd3b406",
  "time" : {
    "start" : 1753495398774,
    "stop" : 1753495407012,
    "duration" : 8238
  },
  "status" : "broken",
  "statusMessage" : "selenium.common.exceptions.TimeoutException: Message: Can't find element by locator ('xpath', '//div[@id=\"msg_from_server\"]')",
  "statusTrace" : "self = <tests_ui.test_ui.TestProfilePage object at 0x7ff050d74470>\ndriver = <selenium.webdriver.chrome.webdriver.WebDriver (session=\"4e8b500f73a400cf70df83dc3c446031\")>\nauthorization_user = None\n\n    @allure.title('test_create_database')\n    def test_create_database(self, driver, authorization_user):\n        page = ProfilePage(driver, authorization_user)\n>       page.compare_database_status()\n\ntests_ui/test_ui.py:83: \n_ _ _ _ _ _ _ _ _ _ _ _ _ _ _ _ _ _ _ _ _ _ _ _ _ _ _ _ _ _ _ _ _ _ _ _ _ _ _ _ \ntests_ui/profile_page.py:150: in compare_database_status\n    msg = self.element_is_visible(self.locators.MSG_FROM_SERVER).text\ntests_ui/base_page.py:34: in element_is_visible\n    return Wait(self.driver, self.timeout).until(\n_ _ _ _ _ _ _ _ _ _ _ _ _ _ _ _ _ _ _ _ _ _ _ _ _ _ _ _ _ _ _ _ _ _ _ _ _ _ _ _ \n\nself = <selenium.webdriver.support.wait.WebDriverWait (session=\"4e8b500f73a400cf70df83dc3c446031\")>\nmethod = <function visibility_of_element_located.<locals>._predicate at 0x7ff050935440>\nmessage = 'Can\\'t find element by locator (\\'xpath\\', \\'//div[@id=\"msg_from_server\"]\\')'\n\n    def until(self, method: Callable[[D], Union[Literal[False], T]], message: str = \"\") -> T:\n        \"\"\"Calls the method provided with the driver as an argument until the \\\n        return value does not evaluate to ``False``.\n    \n        :param method: callable(WebDriver)\n        :param message: optional message for :exc:`TimeoutException`\n        :returns: the result of the last call to `method`\n        :raises: :exc:`selenium.common.exceptions.TimeoutException` if timeout occurs\n        \"\"\"\n        screen = None\n        stacktrace = None\n    \n        end_time = time.monotonic() + self._timeout\n        while True:\n            try:\n                value = method(self._driver)\n                if value:\n                    return value\n            except self._ignored_exceptions as exc:\n                screen = getattr(exc, \"screen\", None)\n                stacktrace = getattr(exc, \"stacktrace\", None)\n            time.sleep(self._poll)\n            if time.monotonic() > end_time:\n                break\n>       raise TimeoutException(message, screen, stacktrace)\nE       selenium.common.exceptions.TimeoutException: Message: Can't find element by locator ('xpath', '//div[@id=\"msg_from_server\"]')\n\n/opt/hostedtoolcache/Python/3.12.11/x64/lib/python3.12/site-packages/selenium/webdriver/support/wait.py:105: TimeoutException",
  "flaky" : false,
  "newFailed" : false,
  "beforeStages" : [ {
    "name" : "driver",
    "time" : {
      "start" : 1753495397875,
      "stop" : 1753495398254,
      "duration" : 379
    },
    "status" : "passed",
    "steps" : [ ],
    "attachments" : [ ],
    "parameters" : [ ],
    "stepsCount" : 0,
    "attachmentsCount" : 0,
    "shouldDisplayMessage" : false,
    "hasContent" : false
  }, {
    "name" : "authorization_user",
    "time" : {
      "start" : 1753495398254,
      "stop" : 1753495398774,
      "duration" : 520
    },
    "status" : "passed",
    "steps" : [ {
      "name" : "Open page: https://oblache.areso.pro/register.html",
      "time" : {
        "start" : 1753495398254,
        "stop" : 1753495398560,
        "duration" : 306
      },
      "status" : "passed",
      "steps" : [ ],
      "attachments" : [ ],
      "parameters" : [ ],
      "stepsCount" : 0,
      "attachmentsCount" : 0,
      "shouldDisplayMessage" : false,
      "hasContent" : false
    }, {
      "name" : "Login user",
      "time" : {
        "start" : 1753495398560,
        "stop" : 1753495398774,
        "duration" : 214
      },
      "status" : "passed",
      "steps" : [ {
        "name" : "Enter email.",
        "time" : {
          "start" : 1753495398560,
          "stop" : 1753495398627,
          "duration" : 67
        },
        "status" : "passed",
        "steps" : [ ],
        "attachments" : [ ],
        "parameters" : [ ],
        "stepsCount" : 0,
        "attachmentsCount" : 0,
        "shouldDisplayMessage" : false,
        "hasContent" : false
      }, {
        "name" : "Enter password.",
        "time" : {
          "start" : 1753495398628,
          "stop" : 1753495398675,
          "duration" : 47
        },
        "status" : "passed",
        "steps" : [ ],
        "attachments" : [ ],
        "parameters" : [ ],
        "stepsCount" : 0,
        "attachmentsCount" : 0,
        "shouldDisplayMessage" : false,
        "hasContent" : false
      }, {
        "name" : "Click button \"Login\"",
        "time" : {
          "start" : 1753495398675,
          "stop" : 1753495398771,
          "duration" : 96
        },
        "status" : "passed",
        "steps" : [ ],
        "attachments" : [ ],
        "parameters" : [ ],
        "stepsCount" : 0,
        "attachmentsCount" : 0,
        "shouldDisplayMessage" : false,
        "hasContent" : false
      }, {
        "name" : "Check url is present: https://oblache.areso.pro/register.html",
        "time" : {
          "start" : 1753495398771,
          "stop" : 1753495398774,
          "duration" : 3
        },
        "status" : "passed",
        "steps" : [ ],
        "attachments" : [ ],
        "parameters" : [ ],
        "stepsCount" : 0,
        "attachmentsCount" : 0,
        "shouldDisplayMessage" : false,
        "hasContent" : false
      } ],
      "attachments" : [ ],
      "parameters" : [ ],
      "stepsCount" : 4,
      "attachmentsCount" : 0,
      "shouldDisplayMessage" : false,
      "hasContent" : true
    } ],
    "attachments" : [ ],
    "parameters" : [ ],
    "stepsCount" : 6,
    "attachmentsCount" : 0,
    "shouldDisplayMessage" : false,
    "hasContent" : true
  } ],
  "testStage" : {
    "status" : "broken",
    "statusMessage" : "selenium.common.exceptions.TimeoutException: Message: Can't find element by locator ('xpath', '//div[@id=\"msg_from_server\"]')",
    "statusTrace" : "self = <tests_ui.test_ui.TestProfilePage object at 0x7ff050d74470>\ndriver = <selenium.webdriver.chrome.webdriver.WebDriver (session=\"4e8b500f73a400cf70df83dc3c446031\")>\nauthorization_user = None\n\n    @allure.title('test_create_database')\n    def test_create_database(self, driver, authorization_user):\n        page = ProfilePage(driver, authorization_user)\n>       page.compare_database_status()\n\ntests_ui/test_ui.py:83: \n_ _ _ _ _ _ _ _ _ _ _ _ _ _ _ _ _ _ _ _ _ _ _ _ _ _ _ _ _ _ _ _ _ _ _ _ _ _ _ _ \ntests_ui/profile_page.py:150: in compare_database_status\n    msg = self.element_is_visible(self.locators.MSG_FROM_SERVER).text\ntests_ui/base_page.py:34: in element_is_visible\n    return Wait(self.driver, self.timeout).until(\n_ _ _ _ _ _ _ _ _ _ _ _ _ _ _ _ _ _ _ _ _ _ _ _ _ _ _ _ _ _ _ _ _ _ _ _ _ _ _ _ \n\nself = <selenium.webdriver.support.wait.WebDriverWait (session=\"4e8b500f73a400cf70df83dc3c446031\")>\nmethod = <function visibility_of_element_located.<locals>._predicate at 0x7ff050935440>\nmessage = 'Can\\'t find element by locator (\\'xpath\\', \\'//div[@id=\"msg_from_server\"]\\')'\n\n    def until(self, method: Callable[[D], Union[Literal[False], T]], message: str = \"\") -> T:\n        \"\"\"Calls the method provided with the driver as an argument until the \\\n        return value does not evaluate to ``False``.\n    \n        :param method: callable(WebDriver)\n        :param message: optional message for :exc:`TimeoutException`\n        :returns: the result of the last call to `method`\n        :raises: :exc:`selenium.common.exceptions.TimeoutException` if timeout occurs\n        \"\"\"\n        screen = None\n        stacktrace = None\n    \n        end_time = time.monotonic() + self._timeout\n        while True:\n            try:\n                value = method(self._driver)\n                if value:\n                    return value\n            except self._ignored_exceptions as exc:\n                screen = getattr(exc, \"screen\", None)\n                stacktrace = getattr(exc, \"stacktrace\", None)\n            time.sleep(self._poll)\n            if time.monotonic() > end_time:\n                break\n>       raise TimeoutException(message, screen, stacktrace)\nE       selenium.common.exceptions.TimeoutException: Message: Can't find element by locator ('xpath', '//div[@id=\"msg_from_server\"]')\n\n/opt/hostedtoolcache/Python/3.12.11/x64/lib/python3.12/site-packages/selenium/webdriver/support/wait.py:105: TimeoutException",
    "steps" : [ {
      "name" : "Click button Status.",
      "time" : {
        "start" : 1753495399774,
        "stop" : 1753495399857,
        "duration" : 83
      },
      "status" : "passed",
      "steps" : [ ],
      "attachments" : [ ],
      "parameters" : [ ],
      "stepsCount" : 0,
      "attachmentsCount" : 0,
      "shouldDisplayMessage" : false,
      "hasContent" : false
    }, {
      "name" : "Get status data.",
      "time" : {
        "start" : 1753495400327,
        "stop" : 1753495400327,
        "duration" : 0
      },
      "status" : "passed",
      "steps" : [ {
        "name" : "Status data is: {'Email:': 'test4@mail.com', 'is blocked?': '0', 'is db creation allowed?': '0', 'disk db quota, mb': '4', 'disk db used, mb': '9', 'db qty quota': '100', 'db qty used': '16', 'site qty quota': '5', 'site qty used': '0', 'site disk quota': '300', 'site disk usage': '0', 'is site deploy allowed?': '1'}",
        "time" : {
          "start" : 1753495400327,
          "stop" : 1753495400327,
          "duration" : 0
        },
        "status" : "passed",
        "steps" : [ ],
        "attachments" : [ ],
        "parameters" : [ ],
        "stepsCount" : 0,
        "attachmentsCount" : 0,
        "shouldDisplayMessage" : false,
        "hasContent" : false
      } ],
      "attachments" : [ ],
      "parameters" : [ ],
      "stepsCount" : 1,
      "attachmentsCount" : 0,
      "shouldDisplayMessage" : false,
      "hasContent" : true
    }, {
      "name" : "Click \"Databases\" button.",
      "time" : {
        "start" : 1753495400327,
        "stop" : 1753495400409,
        "duration" : 82
      },
      "status" : "passed",
      "steps" : [ ],
      "attachments" : [ ],
      "parameters" : [ ],
      "stepsCount" : 0,
      "attachmentsCount" : 0,
      "shouldDisplayMessage" : false,
      "hasContent" : false
    }, {
      "name" : "Click \"Create new DB\" button.",
      "time" : {
        "start" : 1753495400409,
        "stop" : 1753495400621,
        "duration" : 212
      },
      "status" : "passed",
      "steps" : [ ],
      "attachments" : [ ],
      "parameters" : [ ],
      "stepsCount" : 0,
      "attachmentsCount" : 0,
      "shouldDisplayMessage" : false,
      "hasContent" : false
    }, {
      "name" : "Select region \"CIS\".",
      "time" : {
        "start" : 1753495400621,
        "stop" : 1753495401790,
        "duration" : 1169
      },
      "status" : "passed",
      "steps" : [ ],
      "attachments" : [ ],
      "parameters" : [ ],
      "stepsCount" : 0,
      "attachmentsCount" : 0,
      "shouldDisplayMessage" : false,
      "hasContent" : false
    }, {
      "name" : "Click \"Create\" button.",
      "time" : {
        "start" : 1753495401790,
        "stop" : 1753495401856,
        "duration" : 66
      },
      "status" : "passed",
      "steps" : [ ],
      "attachments" : [ ],
      "parameters" : [ ],
      "stepsCount" : 0,
      "attachmentsCount" : 0,
      "shouldDisplayMessage" : false,
      "hasContent" : false
    } ],
    "attachments" : [ {
      "uid" : "b226d4cfc1f35544",
      "name" : "Screenshot 2025-07-26 02:03:27.125647",
      "source" : "b226d4cfc1f35544.png",
      "type" : "image/png",
      "size" : 28351
    } ],
    "parameters" : [ ],
    "stepsCount" : 7,
    "attachmentsCount" : 1,
    "shouldDisplayMessage" : true,
    "hasContent" : true
  },
  "afterStages" : [ {
    "name" : "driver::0",
    "time" : {
      "start" : 1753495407127,
      "stop" : 1753495407190,
      "duration" : 63
    },
    "status" : "passed",
    "steps" : [ ],
    "attachments" : [ ],
    "parameters" : [ ],
    "stepsCount" : 0,
    "attachmentsCount" : 0,
    "shouldDisplayMessage" : false,
    "hasContent" : false
  } ],
  "labels" : [ {
    "name" : "suite",
    "value" : "Test Profile Page."
  }, {
    "name" : "parentSuite",
    "value" : "tests_ui"
  }, {
    "name" : "subSuite",
    "value" : "TestProfilePage"
  }, {
    "name" : "host",
    "value" : "pkrvmpptgkbjq6m"
  }, {
    "name" : "thread",
    "value" : "2564-MainThread"
  }, {
    "name" : "framework",
    "value" : "pytest"
  }, {
    "name" : "language",
    "value" : "cpython3"
  }, {
    "name" : "package",
    "value" : "tests_ui.test_ui"
  }, {
    "name" : "resultFormat",
    "value" : "allure2"
  } ],
  "parameters" : [ ],
  "links" : [ ],
  "hidden" : false,
  "retry" : false,
  "extra" : {
    "severity" : "normal",
    "retries" : [ ],
    "categories" : [ {
      "name" : "Test defects",
      "matchedStatuses" : [ ],
      "flaky" : false
    } ],
    "history" : {
      "statistic" : {
        "failed" : 0,
        "broken" : 230,
        "skipped" : 0,
        "passed" : 1,
        "unknown" : 0,
        "total" : 231
      },
      "items" : [ {
        "uid" : "92c79202f4a16bbc",
        "reportUrl" : "https://lambotik.github.io/Oblache/451//#testresult/92c79202f4a16bbc",
        "status" : "broken",
        "statusDetails" : "selenium.common.exceptions.TimeoutException: Message: Can't find element by locator ('xpath', '//div[@id=\"msg_from_server\"]')",
        "time" : {
          "start" : 1753409238926,
          "stop" : 1753409246935,
          "duration" : 8009
        }
      }, {
        "uid" : "43f28f1753e9afd4",
        "reportUrl" : "https://lambotik.github.io/Oblache/450//#testresult/43f28f1753e9afd4",
        "status" : "broken",
        "statusDetails" : "selenium.common.exceptions.TimeoutException: Message: Can't find element by locator ('xpath', '//div[@id=\"msg_from_server\"]')",
        "time" : {
          "start" : 1751333058530,
          "stop" : 1751333066555,
          "duration" : 8025
        }
      }, {
        "uid" : "96740238b14a8366",
        "reportUrl" : "https://lambotik.github.io/Oblache/449//#testresult/96740238b14a8366",
        "status" : "broken",
        "statusDetails" : "selenium.common.exceptions.TimeoutException: Message: Can't find element by locator ('xpath', '//div[@id=\"msg_from_server\"]')",
        "time" : {
          "start" : 1751246472420,
          "stop" : 1751246480469,
          "duration" : 8049
        }
      }, {
        "uid" : "f3df21b5d654f670",
        "reportUrl" : "https://lambotik.github.io/Oblache/448//#testresult/f3df21b5d654f670",
        "status" : "broken",
        "statusDetails" : "selenium.common.exceptions.TimeoutException: Message: Can't find element by locator ('xpath', '//div[@id=\"msg_from_server\"]')",
        "time" : {
          "start" : 1751160258161,
          "stop" : 1751160266748,
          "duration" : 8587
        }
      }, {
        "uid" : "679be50dbd822a4b",
        "reportUrl" : "https://lambotik.github.io/Oblache/447//#testresult/679be50dbd822a4b",
        "status" : "broken",
        "statusDetails" : "selenium.common.exceptions.TimeoutException: Message: Can't find element by locator ('xpath', '//div[@id=\"msg_from_server\"]')",
        "time" : {
          "start" : 1751073249228,
          "stop" : 1751073257377,
          "duration" : 8149
        }
      }, {
        "uid" : "25607e8b59cb5808",
        "reportUrl" : "https://lambotik.github.io/Oblache/446//#testresult/25607e8b59cb5808",
        "status" : "broken",
        "statusDetails" : "selenium.common.exceptions.TimeoutException: Message: Can't find element by locator ('xpath', '//div[@id=\"msg_from_server\"]')",
        "time" : {
          "start" : 1750987048625,
          "stop" : 1750987057584,
          "duration" : 8959
        }
      }, {
        "uid" : "16deaae4b7debb32",
        "reportUrl" : "https://lambotik.github.io/Oblache/445//#testresult/16deaae4b7debb32",
        "status" : "broken",
        "statusDetails" : "selenium.common.exceptions.TimeoutException: Message: Can't find element by locator ('xpath', '//div[@id=\"msg_from_server\"]')",
        "time" : {
          "start" : 1750900591432,
          "stop" : 1750900599595,
          "duration" : 8163
        }
      }, {
        "uid" : "e83087190f606300",
        "reportUrl" : "https://lambotik.github.io/Oblache/444//#testresult/e83087190f606300",
        "status" : "broken",
        "statusDetails" : "selenium.common.exceptions.TimeoutException: Message: Can't find element by locator ('xpath', '//div[@id=\"msg_from_server\"]')",
        "time" : {
          "start" : 1750814234282,
          "stop" : 1750814243134,
          "duration" : 8852
        }
      }, {
        "uid" : "7c9272ef756101a9",
        "reportUrl" : "https://lambotik.github.io/Oblache/443//#testresult/7c9272ef756101a9",
        "status" : "broken",
        "statusDetails" : "selenium.common.exceptions.TimeoutException: Message: Can't find element by locator ('xpath', '//div[@id=\"msg_from_server\"]')",
        "time" : {
          "start" : 1750727779899,
          "stop" : 1750727788779,
          "duration" : 8880
        }
      }, {
        "uid" : "c68114dbad0bca00",
        "reportUrl" : "https://lambotik.github.io/Oblache/442//#testresult/c68114dbad0bca00",
        "status" : "broken",
        "statusDetails" : "selenium.common.exceptions.TimeoutException: Message: Can't find element by locator ('xpath', '//div[@id=\"msg_from_server\"]')",
        "time" : {
          "start" : 1750641639968,
          "stop" : 1750641649022,
          "duration" : 9054
        }
      }, {
        "uid" : "153d30f4d97501b7",
        "reportUrl" : "https://lambotik.github.io/Oblache/441//#testresult/153d30f4d97501b7",
        "status" : "broken",
        "statusDetails" : "selenium.common.exceptions.TimeoutException: Message: Can't find element by locator ('xpath', '//div[@id=\"msg_from_server\"]')",
        "time" : {
          "start" : 1750555407836,
          "stop" : 1750555416806,
          "duration" : 8970
        }
      }, {
        "uid" : "a46aa90d1334fc0",
        "reportUrl" : "https://lambotik.github.io/Oblache/440//#testresult/a46aa90d1334fc0",
        "status" : "broken",
        "statusDetails" : "selenium.common.exceptions.TimeoutException: Message: Can't find element by locator ('xpath', '//div[@id=\"msg_from_server\"]')",
        "time" : {
          "start" : 1750468518576,
          "stop" : 1750468527415,
          "duration" : 8839
        }
      }, {
        "uid" : "7a7697d6f94037d0",
        "reportUrl" : "https://lambotik.github.io/Oblache/439//#testresult/7a7697d6f94037d0",
        "status" : "broken",
        "statusDetails" : "selenium.common.exceptions.TimeoutException: Message: Can't find element by locator ('xpath', '//div[@id=\"msg_from_server\"]')",
        "time" : {
          "start" : 1750382125733,
          "stop" : 1750382134588,
          "duration" : 8855
        }
      }, {
        "uid" : "a33c1a4c1f452aab",
        "reportUrl" : "https://lambotik.github.io/Oblache/438//#testresult/a33c1a4c1f452aab",
        "status" : "broken",
        "statusDetails" : "selenium.common.exceptions.TimeoutException: Message: Can't find element by locator ('xpath', '//div[@id=\"msg_from_server\"]')",
        "time" : {
          "start" : 1750295810135,
          "stop" : 1750295819348,
          "duration" : 9213
        }
      }, {
        "uid" : "ce7bf4992b2549df",
        "reportUrl" : "https://lambotik.github.io/Oblache/437//#testresult/ce7bf4992b2549df",
        "status" : "broken",
        "statusDetails" : "selenium.common.exceptions.TimeoutException: Message: Can't find element by locator ('xpath', '//div[@id=\"msg_from_server\"]')",
        "time" : {
          "start" : 1750209315974,
          "stop" : 1750209324015,
          "duration" : 8041
        }
      }, {
        "uid" : "fd77a55421ab2f1c",
        "reportUrl" : "https://lambotik.github.io/Oblache/436//#testresult/fd77a55421ab2f1c",
        "status" : "broken",
        "statusDetails" : "selenium.common.exceptions.TimeoutException: Message: Can't find element by locator ('xpath', '//div[@id=\"msg_from_server\"]')",
        "time" : {
          "start" : 1750122978093,
          "stop" : 1750122986235,
          "duration" : 8142
        }
      }, {
        "uid" : "19433b604f93d941",
        "reportUrl" : "https://lambotik.github.io/Oblache/435//#testresult/19433b604f93d941",
        "status" : "broken",
        "statusDetails" : "selenium.common.exceptions.TimeoutException: Message: Can't find element by locator ('xpath', '//div[@id=\"msg_from_server\"]')",
        "time" : {
          "start" : 1750036691627,
          "stop" : 1750036699662,
          "duration" : 8035
        }
      }, {
        "uid" : "d5bbf4dffcf12176",
        "reportUrl" : "https://lambotik.github.io/Oblache/434//#testresult/d5bbf4dffcf12176",
        "status" : "broken",
        "statusDetails" : "selenium.common.exceptions.TimeoutException: Message: Can't find element by locator ('xpath', '//div[@id=\"msg_from_server\"]')",
        "time" : {
          "start" : 1749950601792,
          "stop" : 1749950609921,
          "duration" : 8129
        }
      }, {
        "uid" : "3eaeca0a5f9466cf",
        "reportUrl" : "https://lambotik.github.io/Oblache/433//#testresult/3eaeca0a5f9466cf",
        "status" : "broken",
        "statusDetails" : "selenium.common.exceptions.TimeoutException: Message: Can't find element by locator ('xpath', '//button[@id=\"menu_button_status\"]')\nStacktrace:\n#0 0x558db7e5929a <unknown>\n#1 0x558db78c5040 <unknown>\n#2 0x558db7916990 <unknown>\n#3 0x558db7916b81 <unknown>\n#4 0x558db7965664 <unknown>\n#5 0x558db793c6bd <unknown>\n#6 0x558db7962ace <unknown>\n#7 0x558db793c463 <unknown>\n#8 0x558db7908c55 <unknown>\n#9 0x558db79098c1 <unknown>\n#10 0x558db7e1e1bb <unknown>\n#11 0x558db7e220c9 <unknown>\n#12 0x558db7e06a39 <unknown>\n#13 0x558db7e22c78 <unknown>\n#14 0x558db7deb6bf <unknown>\n#15 0x558db7e46948 <unknown>\n#16 0x558db7e46b26 <unknown>\n#17 0x558db7e58176 <unknown>\n#18 0x7fa39969caa4 <unknown>\n#19 0x7fa399729c3c <unknown>",
        "time" : {
          "start" : 1749863514069,
          "stop" : 1749863520192,
          "duration" : 6123
        }
      }, {
        "uid" : "7832e06dfd3ca1ad",
        "reportUrl" : "https://lambotik.github.io/Oblache/432//#testresult/7832e06dfd3ca1ad",
        "status" : "broken",
        "statusDetails" : "selenium.common.exceptions.TimeoutException: Message: Can't find element by locator ('xpath', '//button[@id=\"menu_button_status\"]')\nStacktrace:\n#0 0x55cfda25e29a <unknown>\n#1 0x55cfd9cca040 <unknown>\n#2 0x55cfd9d1b990 <unknown>\n#3 0x55cfd9d1bb81 <unknown>\n#4 0x55cfd9d6a664 <unknown>\n#5 0x55cfd9d416bd <unknown>\n#6 0x55cfd9d67ace <unknown>\n#7 0x55cfd9d41463 <unknown>\n#8 0x55cfd9d0dc55 <unknown>\n#9 0x55cfd9d0e8c1 <unknown>\n#10 0x55cfda2231bb <unknown>\n#11 0x55cfda2270c9 <unknown>\n#12 0x55cfda20ba39 <unknown>\n#13 0x55cfda227c78 <unknown>\n#14 0x55cfda1f06bf <unknown>\n#15 0x55cfda24b948 <unknown>\n#16 0x55cfda24bb26 <unknown>\n#17 0x55cfda25d176 <unknown>\n#18 0x7f8a57a9caa4 <unknown>\n#19 0x7f8a57b29c3c <unknown>",
        "time" : {
          "start" : 1749777274863,
          "stop" : 1749777280996,
          "duration" : 6133
        }
      } ]
    },
    "tags" : [ ]
  },
  "source" : "72885d72f4b4eb8a.json",
  "parameterValues" : [ ]
}