{
  "uid" : "70752c0c1dbd6d10",
  "name" : "test_clipboard_uuid_docker",
  "fullName" : "tests_ui.test_ui.TestProfilePage#test_clipboard_uuid_docker",
  "historyId" : "11f91f43cfea2a231aececf29c7ed302",
  "time" : {
    "start" : 1748481285430,
    "stop" : 1748481291617,
    "duration" : 6187
  },
  "status" : "broken",
  "statusMessage" : "selenium.common.exceptions.TimeoutException: Message: Can't find element by locator ('xpath', '//table[@id=\"table_containers\"] //tr[1]/td[3] /button')\nStacktrace:\n#0 0x561580f4578a <unknown>\n#1 0x5615809e80a0 <unknown>\n#2 0x561580a399b0 <unknown>\n#3 0x561580a39ba1 <unknown>\n#4 0x561580a87ea4 <unknown>\n#5 0x561580a5f3cd <unknown>\n#6 0x561580a852a0 <unknown>\n#7 0x561580a5f173 <unknown>\n#8 0x561580a2bd4b <unknown>\n#9 0x561580a2c9b1 <unknown>\n#10 0x561580f0a93b <unknown>\n#11 0x561580f0e83a <unknown>\n#12 0x561580ef2692 <unknown>\n#13 0x561580f0f3c4 <unknown>\n#14 0x561580ed74cf <unknown>\n#15 0x561580f33568 <unknown>\n#16 0x561580f33746 <unknown>\n#17 0x561580f445f6 <unknown>\n#18 0x7f1a3049caa4 <unknown>\n#19 0x7f1a30529c3c <unknown>",
  "statusTrace" : "self = <tests_ui.test_ui.TestProfilePage object at 0x7f45195af740>\ndriver = <selenium.webdriver.chrome.webdriver.WebDriver (session=\"2d3d541ffc75e191417ac0ec1d148fd1\")>\nauthorization_user = None\n\n    @allure.title('test_clipboard_uuid_docker')\n    def test_clipboard_uuid_docker(self, driver, authorization_user):\n        page = ProfilePage(driver, authorization_user)\n        page.click_button_docker_containers()\n>       page.check_clipboard(\n            table_xpath='//table[@id=\"table_containers\"]',\n            token=TestProfilePage.token)\n\ntests_ui/test_ui.py:113: \n_ _ _ _ _ _ _ _ _ _ _ _ _ _ _ _ _ _ _ _ _ _ _ _ _ _ _ _ _ _ _ _ _ _ _ _ _ _ _ _ \ntests_ui/profile_page.py:100: in check_clipboard\n    button = self.element_is_visible((By.XPATH, f'{table_xpath} //tr[1]/td[3] /button'))\ntests_ui/base_page.py:33: in element_is_visible\n    self.go_to_element(self.element_is_present(locator))\ntests_ui/base_page.py:46: in element_is_present\n    return Wait(self.driver, self.timeout).until(\n_ _ _ _ _ _ _ _ _ _ _ _ _ _ _ _ _ _ _ _ _ _ _ _ _ _ _ _ _ _ _ _ _ _ _ _ _ _ _ _ \n\nself = <selenium.webdriver.support.wait.WebDriverWait (session=\"2d3d541ffc75e191417ac0ec1d148fd1\")>\nmethod = <function presence_of_element_located.<locals>._predicate at 0x7f4518bd6a20>\nmessage = 'Can\\'t find element by locator (\\'xpath\\', \\'//table[@id=\"table_containers\"] //tr[1]/td[3] /button\\')'\n\n    def until(self, method: Callable[[D], Union[Literal[False], T]], message: str = \"\") -> T:\n        \"\"\"Calls the method provided with the driver as an argument until the \\\n        return value does not evaluate to ``False``.\n    \n        :param method: callable(WebDriver)\n        :param message: optional message for :exc:`TimeoutException`\n        :returns: the result of the last call to `method`\n        :raises: :exc:`selenium.common.exceptions.TimeoutException` if timeout occurs\n        \"\"\"\n        screen = None\n        stacktrace = None\n    \n        end_time = time.monotonic() + self._timeout\n        while True:\n            try:\n                value = method(self._driver)\n                if value:\n                    return value\n            except self._ignored_exceptions as exc:\n                screen = getattr(exc, \"screen\", None)\n                stacktrace = getattr(exc, \"stacktrace\", None)\n            time.sleep(self._poll)\n            if time.monotonic() > end_time:\n                break\n>       raise TimeoutException(message, screen, stacktrace)\nE       selenium.common.exceptions.TimeoutException: Message: Can't find element by locator ('xpath', '//table[@id=\"table_containers\"] //tr[1]/td[3] /button')\nE       Stacktrace:\nE       #0 0x561580f4578a <unknown>\nE       #1 0x5615809e80a0 <unknown>\nE       #2 0x561580a399b0 <unknown>\nE       #3 0x561580a39ba1 <unknown>\nE       #4 0x561580a87ea4 <unknown>\nE       #5 0x561580a5f3cd <unknown>\nE       #6 0x561580a852a0 <unknown>\nE       #7 0x561580a5f173 <unknown>\nE       #8 0x561580a2bd4b <unknown>\nE       #9 0x561580a2c9b1 <unknown>\nE       #10 0x561580f0a93b <unknown>\nE       #11 0x561580f0e83a <unknown>\nE       #12 0x561580ef2692 <unknown>\nE       #13 0x561580f0f3c4 <unknown>\nE       #14 0x561580ed74cf <unknown>\nE       #15 0x561580f33568 <unknown>\nE       #16 0x561580f33746 <unknown>\nE       #17 0x561580f445f6 <unknown>\nE       #18 0x7f1a3049caa4 <unknown>\nE       #19 0x7f1a30529c3c <unknown>\n\n/opt/hostedtoolcache/Python/3.12.10/x64/lib/python3.12/site-packages/selenium/webdriver/support/wait.py:105: TimeoutException",
  "flaky" : false,
  "newFailed" : false,
  "beforeStages" : [ {
    "name" : "authorization_user",
    "time" : {
      "start" : 1748481284865,
      "stop" : 1748481285429,
      "duration" : 564
    },
    "status" : "passed",
    "steps" : [ {
      "name" : "Open page: https://oblache.areso.pro/register.html",
      "time" : {
        "start" : 1748481284865,
        "stop" : 1748481285231,
        "duration" : 366
      },
      "status" : "passed",
      "steps" : [ ],
      "attachments" : [ ],
      "parameters" : [ ],
      "stepsCount" : 0,
      "attachmentsCount" : 0,
      "shouldDisplayMessage" : false,
      "hasContent" : false
    }, {
      "name" : "Login user",
      "time" : {
        "start" : 1748481285231,
        "stop" : 1748481285429,
        "duration" : 198
      },
      "status" : "passed",
      "steps" : [ {
        "name" : "Enter email.",
        "time" : {
          "start" : 1748481285231,
          "stop" : 1748481285294,
          "duration" : 63
        },
        "status" : "passed",
        "steps" : [ ],
        "attachments" : [ ],
        "parameters" : [ ],
        "stepsCount" : 0,
        "attachmentsCount" : 0,
        "shouldDisplayMessage" : false,
        "hasContent" : false
      }, {
        "name" : "Enter password.",
        "time" : {
          "start" : 1748481285295,
          "stop" : 1748481285337,
          "duration" : 42
        },
        "status" : "passed",
        "steps" : [ ],
        "attachments" : [ ],
        "parameters" : [ ],
        "stepsCount" : 0,
        "attachmentsCount" : 0,
        "shouldDisplayMessage" : false,
        "hasContent" : false
      }, {
        "name" : "Click button \"Login\"",
        "time" : {
          "start" : 1748481285337,
          "stop" : 1748481285427,
          "duration" : 90
        },
        "status" : "passed",
        "steps" : [ ],
        "attachments" : [ ],
        "parameters" : [ ],
        "stepsCount" : 0,
        "attachmentsCount" : 0,
        "shouldDisplayMessage" : false,
        "hasContent" : false
      }, {
        "name" : "Check url is present: https://oblache.areso.pro/register.html",
        "time" : {
          "start" : 1748481285427,
          "stop" : 1748481285429,
          "duration" : 2
        },
        "status" : "passed",
        "steps" : [ ],
        "attachments" : [ ],
        "parameters" : [ ],
        "stepsCount" : 0,
        "attachmentsCount" : 0,
        "shouldDisplayMessage" : false,
        "hasContent" : false
      } ],
      "attachments" : [ ],
      "parameters" : [ ],
      "stepsCount" : 4,
      "attachmentsCount" : 0,
      "shouldDisplayMessage" : false,
      "hasContent" : true
    } ],
    "attachments" : [ ],
    "parameters" : [ ],
    "stepsCount" : 6,
    "attachmentsCount" : 0,
    "shouldDisplayMessage" : false,
    "hasContent" : true
  }, {
    "name" : "driver",
    "time" : {
      "start" : 1748481284525,
      "stop" : 1748481284865,
      "duration" : 340
    },
    "status" : "passed",
    "steps" : [ ],
    "attachments" : [ ],
    "parameters" : [ ],
    "stepsCount" : 0,
    "attachmentsCount" : 0,
    "shouldDisplayMessage" : false,
    "hasContent" : false
  } ],
  "testStage" : {
    "status" : "broken",
    "statusMessage" : "selenium.common.exceptions.TimeoutException: Message: Can't find element by locator ('xpath', '//table[@id=\"table_containers\"] //tr[1]/td[3] /button')\nStacktrace:\n#0 0x561580f4578a <unknown>\n#1 0x5615809e80a0 <unknown>\n#2 0x561580a399b0 <unknown>\n#3 0x561580a39ba1 <unknown>\n#4 0x561580a87ea4 <unknown>\n#5 0x561580a5f3cd <unknown>\n#6 0x561580a852a0 <unknown>\n#7 0x561580a5f173 <unknown>\n#8 0x561580a2bd4b <unknown>\n#9 0x561580a2c9b1 <unknown>\n#10 0x561580f0a93b <unknown>\n#11 0x561580f0e83a <unknown>\n#12 0x561580ef2692 <unknown>\n#13 0x561580f0f3c4 <unknown>\n#14 0x561580ed74cf <unknown>\n#15 0x561580f33568 <unknown>\n#16 0x561580f33746 <unknown>\n#17 0x561580f445f6 <unknown>\n#18 0x7f1a3049caa4 <unknown>\n#19 0x7f1a30529c3c <unknown>",
    "statusTrace" : "self = <tests_ui.test_ui.TestProfilePage object at 0x7f45195af740>\ndriver = <selenium.webdriver.chrome.webdriver.WebDriver (session=\"2d3d541ffc75e191417ac0ec1d148fd1\")>\nauthorization_user = None\n\n    @allure.title('test_clipboard_uuid_docker')\n    def test_clipboard_uuid_docker(self, driver, authorization_user):\n        page = ProfilePage(driver, authorization_user)\n        page.click_button_docker_containers()\n>       page.check_clipboard(\n            table_xpath='//table[@id=\"table_containers\"]',\n            token=TestProfilePage.token)\n\ntests_ui/test_ui.py:113: \n_ _ _ _ _ _ _ _ _ _ _ _ _ _ _ _ _ _ _ _ _ _ _ _ _ _ _ _ _ _ _ _ _ _ _ _ _ _ _ _ \ntests_ui/profile_page.py:100: in check_clipboard\n    button = self.element_is_visible((By.XPATH, f'{table_xpath} //tr[1]/td[3] /button'))\ntests_ui/base_page.py:33: in element_is_visible\n    self.go_to_element(self.element_is_present(locator))\ntests_ui/base_page.py:46: in element_is_present\n    return Wait(self.driver, self.timeout).until(\n_ _ _ _ _ _ _ _ _ _ _ _ _ _ _ _ _ _ _ _ _ _ _ _ _ _ _ _ _ _ _ _ _ _ _ _ _ _ _ _ \n\nself = <selenium.webdriver.support.wait.WebDriverWait (session=\"2d3d541ffc75e191417ac0ec1d148fd1\")>\nmethod = <function presence_of_element_located.<locals>._predicate at 0x7f4518bd6a20>\nmessage = 'Can\\'t find element by locator (\\'xpath\\', \\'//table[@id=\"table_containers\"] //tr[1]/td[3] /button\\')'\n\n    def until(self, method: Callable[[D], Union[Literal[False], T]], message: str = \"\") -> T:\n        \"\"\"Calls the method provided with the driver as an argument until the \\\n        return value does not evaluate to ``False``.\n    \n        :param method: callable(WebDriver)\n        :param message: optional message for :exc:`TimeoutException`\n        :returns: the result of the last call to `method`\n        :raises: :exc:`selenium.common.exceptions.TimeoutException` if timeout occurs\n        \"\"\"\n        screen = None\n        stacktrace = None\n    \n        end_time = time.monotonic() + self._timeout\n        while True:\n            try:\n                value = method(self._driver)\n                if value:\n                    return value\n            except self._ignored_exceptions as exc:\n                screen = getattr(exc, \"screen\", None)\n                stacktrace = getattr(exc, \"stacktrace\", None)\n            time.sleep(self._poll)\n            if time.monotonic() > end_time:\n                break\n>       raise TimeoutException(message, screen, stacktrace)\nE       selenium.common.exceptions.TimeoutException: Message: Can't find element by locator ('xpath', '//table[@id=\"table_containers\"] //tr[1]/td[3] /button')\nE       Stacktrace:\nE       #0 0x561580f4578a <unknown>\nE       #1 0x5615809e80a0 <unknown>\nE       #2 0x561580a399b0 <unknown>\nE       #3 0x561580a39ba1 <unknown>\nE       #4 0x561580a87ea4 <unknown>\nE       #5 0x561580a5f3cd <unknown>\nE       #6 0x561580a852a0 <unknown>\nE       #7 0x561580a5f173 <unknown>\nE       #8 0x561580a2bd4b <unknown>\nE       #9 0x561580a2c9b1 <unknown>\nE       #10 0x561580f0a93b <unknown>\nE       #11 0x561580f0e83a <unknown>\nE       #12 0x561580ef2692 <unknown>\nE       #13 0x561580f0f3c4 <unknown>\nE       #14 0x561580ed74cf <unknown>\nE       #15 0x561580f33568 <unknown>\nE       #16 0x561580f33746 <unknown>\nE       #17 0x561580f445f6 <unknown>\nE       #18 0x7f1a3049caa4 <unknown>\nE       #19 0x7f1a30529c3c <unknown>\n\n/opt/hostedtoolcache/Python/3.12.10/x64/lib/python3.12/site-packages/selenium/webdriver/support/wait.py:105: TimeoutException",
    "steps" : [ {
      "name" : "Click \"Docker containers\" button.",
      "time" : {
        "start" : 1748481285430,
        "stop" : 1748481286456,
        "duration" : 1026
      },
      "status" : "passed",
      "steps" : [ ],
      "attachments" : [ ],
      "parameters" : [ ],
      "stepsCount" : 0,
      "attachmentsCount" : 0,
      "shouldDisplayMessage" : false,
      "hasContent" : false
    }, {
      "name" : "Check clipboard",
      "time" : {
        "start" : 1748481286456,
        "stop" : 1748481291616,
        "duration" : 5160
      },
      "status" : "broken",
      "statusMessage" : "selenium.common.exceptions.TimeoutException: Message: Can't find element by locator ('xpath', '//table[@id=\"table_containers\"] //tr[1]/td[3] /button')\nStacktrace:\n#0 0x561580f4578a <unknown>\n#1 0x5615809e80a0 <unknown>\n#2 0x561580a399b0 <unknown>\n#3 0x561580a39ba1 <unknown>\n#4 0x561580a87ea4 <unknown>\n#5 0x561580a5f3cd <unknown>\n#6 0x561580a852a0 <unknown>\n#7 0x561580a5f173 <unknown>\n#8 0x561580a2bd4b <unknown>\n#9 0x561580a2c9b1 <unknown>\n#10 0x561580f0a93b <unknown>\n#11 0x561580f0e83a <unknown>\n#12 0x561580ef2692 <unknown>\n#13 0x561580f0f3c4 <unknown>\n#14 0x561580ed74cf <unknown>\n#15 0x561580f33568 <unknown>\n#16 0x561580f33746 <unknown>\n#17 0x561580f445f6 <unknown>\n#18 0x7f1a3049caa4 <unknown>\n#19 0x7f1a30529c3c <unknown>\n\n",
      "statusTrace" : "  File \"/opt/hostedtoolcache/Python/3.12.10/x64/lib/python3.12/site-packages/allure_commons/_allure.py\", line 192, in impl\n    return func(*a, **kw)\n           ^^^^^^^^^^^^^^\n  File \"/home/runner/work/Oblache/Oblache/tests_ui/profile_page.py\", line 100, in check_clipboard\n    button = self.element_is_visible((By.XPATH, f'{table_xpath} //tr[1]/td[3] /button'))\n             ^^^^^^^^^^^^^^^^^^^^^^^^^^^^^^^^^^^^^^^^^^^^^^^^^^^^^^^^^^^^^^^^^^^^^^^^^^^\n  File \"/home/runner/work/Oblache/Oblache/tests_ui/base_page.py\", line 33, in element_is_visible\n    self.go_to_element(self.element_is_present(locator))\n                       ^^^^^^^^^^^^^^^^^^^^^^^^^^^^^^^^\n  File \"/home/runner/work/Oblache/Oblache/tests_ui/base_page.py\", line 46, in element_is_present\n    return Wait(self.driver, self.timeout).until(\n           ^^^^^^^^^^^^^^^^^^^^^^^^^^^^^^^^^^^^^^\n  File \"/opt/hostedtoolcache/Python/3.12.10/x64/lib/python3.12/site-packages/selenium/webdriver/support/wait.py\", line 105, in until\n    raise TimeoutException(message, screen, stacktrace)\n",
      "steps" : [ ],
      "attachments" : [ ],
      "parameters" : [ {
        "name" : "table_xpath",
        "value" : "'//table[@id=\"table_containers\"]'"
      }, {
        "name" : "token",
        "value" : "'30f7a613-9bbd-40c5-9664-f75000f0e08b'"
      } ],
      "stepsCount" : 0,
      "attachmentsCount" : 0,
      "shouldDisplayMessage" : true,
      "hasContent" : true
    } ],
    "attachments" : [ {
      "uid" : "92fb7778ad7dcea8",
      "name" : "Screenshot 2025-05-29 01:14:51.721178",
      "source" : "92fb7778ad7dcea8.png",
      "type" : "image/png",
      "size" : 31466
    } ],
    "parameters" : [ ],
    "stepsCount" : 2,
    "attachmentsCount" : 1,
    "shouldDisplayMessage" : true,
    "hasContent" : true
  },
  "afterStages" : [ {
    "name" : "driver::0",
    "time" : {
      "start" : 1748481291722,
      "stop" : 1748481291782,
      "duration" : 60
    },
    "status" : "passed",
    "steps" : [ ],
    "attachments" : [ ],
    "parameters" : [ ],
    "stepsCount" : 0,
    "attachmentsCount" : 0,
    "shouldDisplayMessage" : false,
    "hasContent" : false
  } ],
  "labels" : [ {
    "name" : "suite",
    "value" : "Test Profile Page."
  }, {
    "name" : "parentSuite",
    "value" : "tests_ui"
  }, {
    "name" : "subSuite",
    "value" : "TestProfilePage"
  }, {
    "name" : "host",
    "value" : "pkrvmf6wy0o8zjz"
  }, {
    "name" : "thread",
    "value" : "2577-MainThread"
  }, {
    "name" : "framework",
    "value" : "pytest"
  }, {
    "name" : "language",
    "value" : "cpython3"
  }, {
    "name" : "package",
    "value" : "tests_ui.test_ui"
  }, {
    "name" : "resultFormat",
    "value" : "allure2"
  } ],
  "parameters" : [ ],
  "links" : [ ],
  "hidden" : false,
  "retry" : false,
  "extra" : {
    "severity" : "normal",
    "retries" : [ ],
    "categories" : [ {
      "name" : "Test defects",
      "matchedStatuses" : [ ],
      "flaky" : false
    } ],
    "history" : {
      "statistic" : {
        "failed" : 0,
        "broken" : 28,
        "skipped" : 0,
        "passed" : 168,
        "unknown" : 0,
        "total" : 196
      },
      "items" : [ {
        "uid" : "70301b3c483255d5",
        "reportUrl" : "https://lambotik.github.io/Oblache/416//#testresult/70301b3c483255d5",
        "status" : "passed",
        "time" : {
          "start" : 1748394874883,
          "stop" : 1748394877349,
          "duration" : 2466
        }
      }, {
        "uid" : "dc984715d90e51d",
        "reportUrl" : "https://lambotik.github.io/Oblache/415//#testresult/dc984715d90e51d",
        "status" : "broken",
        "statusDetails" : "selenium.common.exceptions.TimeoutException: Message: Can't find element by locator ('xpath', '//table[@id=\"table_containers\"] //tr[1]/td[3] /button')\nStacktrace:\n#0 0x563c4aaf578a <unknown>\n#1 0x563c4a5980a0 <unknown>\n#2 0x563c4a5e99b0 <unknown>\n#3 0x563c4a5e9ba1 <unknown>\n#4 0x563c4a637ea4 <unknown>\n#5 0x563c4a60f3cd <unknown>\n#6 0x563c4a6352a0 <unknown>\n#7 0x563c4a60f173 <unknown>\n#8 0x563c4a5dbd4b <unknown>\n#9 0x563c4a5dc9b1 <unknown>\n#10 0x563c4aaba93b <unknown>\n#11 0x563c4aabe83a <unknown>\n#12 0x563c4aaa2692 <unknown>\n#13 0x563c4aabf3c4 <unknown>\n#14 0x563c4aa874cf <unknown>\n#15 0x563c4aae3568 <unknown>\n#16 0x563c4aae3746 <unknown>\n#17 0x563c4aaf45f6 <unknown>\n#18 0x7f3c2bc9caa4 <unknown>\n#19 0x7f3c2bd29c3c <unknown>",
        "time" : {
          "start" : 1748308417030,
          "stop" : 1748308423150,
          "duration" : 6120
        }
      }, {
        "uid" : "be8cc3fd8b30471b",
        "reportUrl" : "https://lambotik.github.io/Oblache/414//#testresult/be8cc3fd8b30471b",
        "status" : "broken",
        "statusDetails" : "selenium.common.exceptions.TimeoutException: Message: Can't find element by locator ('xpath', '//table[@id=\"table_containers\"] //tr[1]/td[3] /button')\nStacktrace:\n#0 0x564bc155c78a <unknown>\n#1 0x564bc0fff0a0 <unknown>\n#2 0x564bc10509b0 <unknown>\n#3 0x564bc1050ba1 <unknown>\n#4 0x564bc109eea4 <unknown>\n#5 0x564bc10763cd <unknown>\n#6 0x564bc109c2a0 <unknown>\n#7 0x564bc1076173 <unknown>\n#8 0x564bc1042d4b <unknown>\n#9 0x564bc10439b1 <unknown>\n#10 0x564bc152193b <unknown>\n#11 0x564bc152583a <unknown>\n#12 0x564bc1509692 <unknown>\n#13 0x564bc15263c4 <unknown>\n#14 0x564bc14ee4cf <unknown>\n#15 0x564bc154a568 <unknown>\n#16 0x564bc154a746 <unknown>\n#17 0x564bc155b5f6 <unknown>\n#18 0x7f4c2e29caa4 <unknown>\n#19 0x7f4c2e329c3c <unknown>",
        "time" : {
          "start" : 1748222138267,
          "stop" : 1748222144262,
          "duration" : 5995
        }
      }, {
        "uid" : "40c4c598eff3ea3f",
        "reportUrl" : "https://lambotik.github.io/Oblache/413//#testresult/40c4c598eff3ea3f",
        "status" : "passed",
        "time" : {
          "start" : 1748136048956,
          "stop" : 1748136051702,
          "duration" : 2746
        }
      }, {
        "uid" : "4574c133b7d9acfc",
        "reportUrl" : "https://lambotik.github.io/Oblache/412//#testresult/4574c133b7d9acfc",
        "status" : "passed",
        "time" : {
          "start" : 1748049115501,
          "stop" : 1748049118791,
          "duration" : 3290
        }
      }, {
        "uid" : "a5e4ca09d53e7f92",
        "reportUrl" : "https://lambotik.github.io/Oblache/411//#testresult/a5e4ca09d53e7f92",
        "status" : "passed",
        "time" : {
          "start" : 1747962824353,
          "stop" : 1747962827016,
          "duration" : 2663
        }
      }, {
        "uid" : "5c2a4d0b96227b3c",
        "reportUrl" : "https://lambotik.github.io/Oblache/410//#testresult/5c2a4d0b96227b3c",
        "status" : "passed",
        "time" : {
          "start" : 1747876485706,
          "stop" : 1747876488539,
          "duration" : 2833
        }
      }, {
        "uid" : "53ad044c45c6b26a",
        "reportUrl" : "https://lambotik.github.io/Oblache/409//#testresult/53ad044c45c6b26a",
        "status" : "passed",
        "time" : {
          "start" : 1747790086454,
          "stop" : 1747790089179,
          "duration" : 2725
        }
      }, {
        "uid" : "1c6981b1bb741d11",
        "reportUrl" : "https://lambotik.github.io/Oblache/408//#testresult/1c6981b1bb741d11",
        "status" : "passed",
        "time" : {
          "start" : 1747703762567,
          "stop" : 1747703765028,
          "duration" : 2461
        }
      }, {
        "uid" : "d6a174e3469e127b",
        "reportUrl" : "https://lambotik.github.io/Oblache/407//#testresult/d6a174e3469e127b",
        "status" : "passed",
        "time" : {
          "start" : 1747617480124,
          "stop" : 1747617482767,
          "duration" : 2643
        }
      }, {
        "uid" : "86638b24153a7423",
        "reportUrl" : "https://lambotik.github.io/Oblache/406//#testresult/86638b24153a7423",
        "status" : "passed",
        "time" : {
          "start" : 1747531133967,
          "stop" : 1747531136728,
          "duration" : 2761
        }
      }, {
        "uid" : "e0fb166ac14a0fc4",
        "reportUrl" : "https://lambotik.github.io/Oblache/405//#testresult/e0fb166ac14a0fc4",
        "status" : "passed",
        "time" : {
          "start" : 1747444372268,
          "stop" : 1747444375023,
          "duration" : 2755
        }
      }, {
        "uid" : "d33b4f8470e3799d",
        "reportUrl" : "https://lambotik.github.io/Oblache/404//#testresult/d33b4f8470e3799d",
        "status" : "passed",
        "time" : {
          "start" : 1747358427751,
          "stop" : 1747358430226,
          "duration" : 2475
        }
      }, {
        "uid" : "82550332a387afc8",
        "reportUrl" : "https://lambotik.github.io/Oblache/403//#testresult/82550332a387afc8",
        "status" : "broken",
        "statusDetails" : "selenium.common.exceptions.TimeoutException: Message: Can't find element by locator ('xpath', '//table[@id=\"table_containers\"] //tr[1]/td[3] /button')\nStacktrace:\n#0 0x56080be1575a <unknown>\n#1 0x56080b8c84b0 <unknown>\n#2 0x56080b9199b3 <unknown>\n#3 0x56080b919ba1 <unknown>\n#4 0x56080b9681f4 <unknown>\n#5 0x56080b93f5bd <unknown>\n#6 0x56080b9655e0 <unknown>\n#7 0x56080b93f363 <unknown>\n#8 0x56080b90bd63 <unknown>\n#9 0x56080b90c9c1 <unknown>\n#10 0x56080bddaa6b <unknown>\n#11 0x56080bdde951 <unknown>\n#12 0x56080bdc2b62 <unknown>\n#13 0x56080bddf4c4 <unknown>\n#14 0x56080bda713f <unknown>\n#15 0x56080be036f8 <unknown>\n#16 0x56080be038d6 <unknown>\n#17 0x56080be145a6 <unknown>\n#18 0x7fa29589caa4 <unknown>\n#19 0x7fa295929c3c <unknown>",
        "time" : {
          "start" : 1747271452459,
          "stop" : 1747271458450,
          "duration" : 5991
        }
      }, {
        "uid" : "74741fbdabf12c33",
        "reportUrl" : "https://lambotik.github.io/Oblache/402//#testresult/74741fbdabf12c33",
        "status" : "passed",
        "time" : {
          "start" : 1747185232440,
          "stop" : 1747185235773,
          "duration" : 3333
        }
      }, {
        "uid" : "680e888dcf5db825",
        "reportUrl" : "https://lambotik.github.io/Oblache/401//#testresult/680e888dcf5db825",
        "status" : "passed",
        "time" : {
          "start" : 1747098872204,
          "stop" : 1747098874993,
          "duration" : 2789
        }
      }, {
        "uid" : "483b69a6443fc502",
        "reportUrl" : "https://lambotik.github.io/Oblache/400//#testresult/483b69a6443fc502",
        "status" : "passed",
        "time" : {
          "start" : 1747012626377,
          "stop" : 1747012629535,
          "duration" : 3158
        }
      }, {
        "uid" : "c49ee95cb84b9020",
        "reportUrl" : "https://lambotik.github.io/Oblache/399//#testresult/c49ee95cb84b9020",
        "status" : "passed",
        "time" : {
          "start" : 1746926277389,
          "stop" : 1746926280681,
          "duration" : 3292
        }
      }, {
        "uid" : "edd96e6964a1ceba",
        "reportUrl" : "https://lambotik.github.io/Oblache/398//#testresult/edd96e6964a1ceba",
        "status" : "broken",
        "statusDetails" : "selenium.common.exceptions.TimeoutException: Message: Can't find element by locator ('xpath', '//table[@id=\"table_containers\"] //tr[1]/td[3] /button')\nStacktrace:\n#0 0x55ac60dbf75a <unknown>\n#1 0x55ac608724b0 <unknown>\n#2 0x55ac608c39b3 <unknown>\n#3 0x55ac608c3ba1 <unknown>\n#4 0x55ac609121f4 <unknown>\n#5 0x55ac608e95bd <unknown>\n#6 0x55ac6090f5e0 <unknown>\n#7 0x55ac608e9363 <unknown>\n#8 0x55ac608b5d63 <unknown>\n#9 0x55ac608b69c1 <unknown>\n#10 0x55ac60d84a6b <unknown>\n#11 0x55ac60d88951 <unknown>\n#12 0x55ac60d6cb62 <unknown>\n#13 0x55ac60d894c4 <unknown>\n#14 0x55ac60d5113f <unknown>\n#15 0x55ac60dad6f8 <unknown>\n#16 0x55ac60dad8d6 <unknown>\n#17 0x55ac60dbe5a6 <unknown>\n#18 0x7f8d6e89caa4 <unknown>\n#19 0x7f8d6e929c3c <unknown>",
        "time" : {
          "start" : 1746839438946,
          "stop" : 1746839445049,
          "duration" : 6103
        }
      }, {
        "uid" : "275ce10548e9e87e",
        "reportUrl" : "https://lambotik.github.io/Oblache/397//#testresult/275ce10548e9e87e",
        "status" : "broken",
        "statusDetails" : "selenium.common.exceptions.TimeoutException: Message: Can't find element by locator ('xpath', '//table[@id=\"table_containers\"] //tr[1]/td[3] /button')\nStacktrace:\n#0 0x55fd0f6a875a <unknown>\n#1 0x55fd0f15b4b0 <unknown>\n#2 0x55fd0f1ac9b3 <unknown>\n#3 0x55fd0f1acba1 <unknown>\n#4 0x55fd0f1fb1f4 <unknown>\n#5 0x55fd0f1d25bd <unknown>\n#6 0x55fd0f1f85e0 <unknown>\n#7 0x55fd0f1d2363 <unknown>\n#8 0x55fd0f19ed63 <unknown>\n#9 0x55fd0f19f9c1 <unknown>\n#10 0x55fd0f66da6b <unknown>\n#11 0x55fd0f671951 <unknown>\n#12 0x55fd0f655b62 <unknown>\n#13 0x55fd0f6724c4 <unknown>\n#14 0x55fd0f63a13f <unknown>\n#15 0x55fd0f6966f8 <unknown>\n#16 0x55fd0f6968d6 <unknown>\n#17 0x55fd0f6a75a6 <unknown>\n#18 0x7fd73529caa4 <unknown>\n#19 0x7fd735329c3c <unknown>",
        "time" : {
          "start" : 1746753219233,
          "stop" : 1746753225249,
          "duration" : 6016
        }
      } ]
    },
    "tags" : [ ]
  },
  "source" : "70752c0c1dbd6d10.json",
  "parameterValues" : [ ]
}