{
  "uid" : "d74cb265da71b9f",
  "name" : "test_clipboard",
  "fullName" : "tests_ui.test_ui.TestProfilePage#test_clipboard_uuid_db",
  "historyId" : "b32cefb1d87a8aa3bb37280cb980702f",
  "time" : {
    "start" : 1727917411499,
    "stop" : 1727917417986,
    "duration" : 6487
  },
  "status" : "broken",
  "statusMessage" : "selenium.common.exceptions.TimeoutException: Message: Can't find elements by locator ('xpath', '//tbody[@id=\"tbody_dbs\"]//tr')",
  "statusTrace" : "self = <tests_ui.test_ui.TestProfilePage object at 0x7f4cfa600ec0>\ndriver = <selenium.webdriver.chrome.webdriver.WebDriver (session=\"d01bb973fe52aaa71ab07ee9629d5c2b\")>\nauthorization_user = None\n\n    @allure.title('test_clipboard')\n    def test_clipboard_uuid_db(self, driver, authorization_user):\n        page = ProfilePage(driver, authorization_user)\n        page.click_button_databases()\n>       page.check_clipboard(\n            table_xpath='//tbody[@id=\"tbody_dbs\"]',\n            token=TestProfilePage.token)\n\ntests_ui/test_ui.py:99: \n_ _ _ _ _ _ _ _ _ _ _ _ _ _ _ _ _ _ _ _ _ _ _ _ _ _ _ _ _ _ _ _ _ _ _ _ _ _ _ _ \ntests_ui/profile_page.py:97: in check_clipboard\n    databases_list = self.elements_are_present((By.XPATH, f'{table_xpath}//tr'))\ntests_ui/base_page.py:50: in elements_are_present\n    return Wait(self.driver, self.timeout).until(\n_ _ _ _ _ _ _ _ _ _ _ _ _ _ _ _ _ _ _ _ _ _ _ _ _ _ _ _ _ _ _ _ _ _ _ _ _ _ _ _ \n\nself = <selenium.webdriver.support.wait.WebDriverWait (session=\"d01bb973fe52aaa71ab07ee9629d5c2b\")>\nmethod = <function presence_of_all_elements_located.<locals>._predicate at 0x7f4cfa337600>\nmessage = 'Can\\'t find elements by locator (\\'xpath\\', \\'//tbody[@id=\"tbody_dbs\"]//tr\\')'\n\n    def until(self, method: Callable[[D], Union[Literal[False], T]], message: str = \"\") -> T:\n        \"\"\"Calls the method provided with the driver as an argument until the \\\n        return value does not evaluate to ``False``.\n    \n        :param method: callable(WebDriver)\n        :param message: optional message for :exc:`TimeoutException`\n        :returns: the result of the last call to `method`\n        :raises: :exc:`selenium.common.exceptions.TimeoutException` if timeout occurs\n        \"\"\"\n        screen = None\n        stacktrace = None\n    \n        end_time = time.monotonic() + self._timeout\n        while True:\n            try:\n                value = method(self._driver)\n                if value:\n                    return value\n            except self._ignored_exceptions as exc:\n                screen = getattr(exc, \"screen\", None)\n                stacktrace = getattr(exc, \"stacktrace\", None)\n            time.sleep(self._poll)\n            if time.monotonic() > end_time:\n                break\n>       raise TimeoutException(message, screen, stacktrace)\nE       selenium.common.exceptions.TimeoutException: Message: Can't find elements by locator ('xpath', '//tbody[@id=\"tbody_dbs\"]//tr')\n\n/opt/hostedtoolcache/Python/3.12.6/x64/lib/python3.12/site-packages/selenium/webdriver/support/wait.py:105: TimeoutException",
  "flaky" : false,
  "newFailed" : false,
  "beforeStages" : [ {
    "name" : "driver",
    "time" : {
      "start" : 1727917410538,
      "stop" : 1727917410811,
      "duration" : 273
    },
    "status" : "passed",
    "steps" : [ ],
    "attachments" : [ ],
    "parameters" : [ ],
    "stepsCount" : 0,
    "attachmentsCount" : 0,
    "shouldDisplayMessage" : false,
    "hasContent" : false
  }, {
    "name" : "authorization_user",
    "time" : {
      "start" : 1727917410811,
      "stop" : 1727917411499,
      "duration" : 688
    },
    "status" : "passed",
    "steps" : [ {
      "name" : "Open page: https://oblache.areso.pro/register.html",
      "time" : {
        "start" : 1727917410811,
        "stop" : 1727917411315,
        "duration" : 504
      },
      "status" : "passed",
      "steps" : [ ],
      "attachments" : [ ],
      "parameters" : [ ],
      "stepsCount" : 0,
      "attachmentsCount" : 0,
      "shouldDisplayMessage" : false,
      "hasContent" : false
    }, {
      "name" : "Login user",
      "time" : {
        "start" : 1727917411315,
        "stop" : 1727917411499,
        "duration" : 184
      },
      "status" : "passed",
      "steps" : [ {
        "name" : "Enter email.",
        "time" : {
          "start" : 1727917411315,
          "stop" : 1727917411375,
          "duration" : 60
        },
        "status" : "passed",
        "steps" : [ ],
        "attachments" : [ ],
        "parameters" : [ ],
        "stepsCount" : 0,
        "attachmentsCount" : 0,
        "shouldDisplayMessage" : false,
        "hasContent" : false
      }, {
        "name" : "Enter password.",
        "time" : {
          "start" : 1727917411375,
          "stop" : 1727917411420,
          "duration" : 45
        },
        "status" : "passed",
        "steps" : [ ],
        "attachments" : [ ],
        "parameters" : [ ],
        "stepsCount" : 0,
        "attachmentsCount" : 0,
        "shouldDisplayMessage" : false,
        "hasContent" : false
      }, {
        "name" : "Click button \"Login\"",
        "time" : {
          "start" : 1727917411420,
          "stop" : 1727917411496,
          "duration" : 76
        },
        "status" : "passed",
        "steps" : [ ],
        "attachments" : [ ],
        "parameters" : [ ],
        "stepsCount" : 0,
        "attachmentsCount" : 0,
        "shouldDisplayMessage" : false,
        "hasContent" : false
      }, {
        "name" : "Check url is present: https://oblache.areso.pro/register.html",
        "time" : {
          "start" : 1727917411496,
          "stop" : 1727917411499,
          "duration" : 3
        },
        "status" : "passed",
        "steps" : [ ],
        "attachments" : [ ],
        "parameters" : [ ],
        "stepsCount" : 0,
        "attachmentsCount" : 0,
        "shouldDisplayMessage" : false,
        "hasContent" : false
      } ],
      "attachments" : [ ],
      "parameters" : [ ],
      "stepsCount" : 4,
      "attachmentsCount" : 0,
      "shouldDisplayMessage" : false,
      "hasContent" : true
    } ],
    "attachments" : [ ],
    "parameters" : [ ],
    "stepsCount" : 6,
    "attachmentsCount" : 0,
    "shouldDisplayMessage" : false,
    "hasContent" : true
  } ],
  "testStage" : {
    "status" : "broken",
    "statusMessage" : "selenium.common.exceptions.TimeoutException: Message: Can't find elements by locator ('xpath', '//tbody[@id=\"tbody_dbs\"]//tr')",
    "statusTrace" : "self = <tests_ui.test_ui.TestProfilePage object at 0x7f4cfa600ec0>\ndriver = <selenium.webdriver.chrome.webdriver.WebDriver (session=\"d01bb973fe52aaa71ab07ee9629d5c2b\")>\nauthorization_user = None\n\n    @allure.title('test_clipboard')\n    def test_clipboard_uuid_db(self, driver, authorization_user):\n        page = ProfilePage(driver, authorization_user)\n        page.click_button_databases()\n>       page.check_clipboard(\n            table_xpath='//tbody[@id=\"tbody_dbs\"]',\n            token=TestProfilePage.token)\n\ntests_ui/test_ui.py:99: \n_ _ _ _ _ _ _ _ _ _ _ _ _ _ _ _ _ _ _ _ _ _ _ _ _ _ _ _ _ _ _ _ _ _ _ _ _ _ _ _ \ntests_ui/profile_page.py:97: in check_clipboard\n    databases_list = self.elements_are_present((By.XPATH, f'{table_xpath}//tr'))\ntests_ui/base_page.py:50: in elements_are_present\n    return Wait(self.driver, self.timeout).until(\n_ _ _ _ _ _ _ _ _ _ _ _ _ _ _ _ _ _ _ _ _ _ _ _ _ _ _ _ _ _ _ _ _ _ _ _ _ _ _ _ \n\nself = <selenium.webdriver.support.wait.WebDriverWait (session=\"d01bb973fe52aaa71ab07ee9629d5c2b\")>\nmethod = <function presence_of_all_elements_located.<locals>._predicate at 0x7f4cfa337600>\nmessage = 'Can\\'t find elements by locator (\\'xpath\\', \\'//tbody[@id=\"tbody_dbs\"]//tr\\')'\n\n    def until(self, method: Callable[[D], Union[Literal[False], T]], message: str = \"\") -> T:\n        \"\"\"Calls the method provided with the driver as an argument until the \\\n        return value does not evaluate to ``False``.\n    \n        :param method: callable(WebDriver)\n        :param message: optional message for :exc:`TimeoutException`\n        :returns: the result of the last call to `method`\n        :raises: :exc:`selenium.common.exceptions.TimeoutException` if timeout occurs\n        \"\"\"\n        screen = None\n        stacktrace = None\n    \n        end_time = time.monotonic() + self._timeout\n        while True:\n            try:\n                value = method(self._driver)\n                if value:\n                    return value\n            except self._ignored_exceptions as exc:\n                screen = getattr(exc, \"screen\", None)\n                stacktrace = getattr(exc, \"stacktrace\", None)\n            time.sleep(self._poll)\n            if time.monotonic() > end_time:\n                break\n>       raise TimeoutException(message, screen, stacktrace)\nE       selenium.common.exceptions.TimeoutException: Message: Can't find elements by locator ('xpath', '//tbody[@id=\"tbody_dbs\"]//tr')\n\n/opt/hostedtoolcache/Python/3.12.6/x64/lib/python3.12/site-packages/selenium/webdriver/support/wait.py:105: TimeoutException",
    "steps" : [ {
      "name" : "Click \"Databases\" button.",
      "time" : {
        "start" : 1727917411499,
        "stop" : 1727917412919,
        "duration" : 1420
      },
      "status" : "passed",
      "steps" : [ ],
      "attachments" : [ ],
      "parameters" : [ ],
      "stepsCount" : 0,
      "attachmentsCount" : 0,
      "shouldDisplayMessage" : false,
      "hasContent" : false
    }, {
      "name" : "Check clipboard",
      "time" : {
        "start" : 1727917412919,
        "stop" : 1727917417986,
        "duration" : 5067
      },
      "status" : "broken",
      "statusMessage" : "selenium.common.exceptions.TimeoutException: Message: Can't find elements by locator ('xpath', '//tbody[@id=\"tbody_dbs\"]//tr')\n\n",
      "statusTrace" : "  File \"/opt/hostedtoolcache/Python/3.12.6/x64/lib/python3.12/site-packages/allure_commons/_allure.py\", line 192, in impl\n    return func(*a, **kw)\n           ^^^^^^^^^^^^^^\n  File \"/home/runner/work/Oblache/Oblache/tests_ui/profile_page.py\", line 97, in check_clipboard\n    databases_list = self.elements_are_present((By.XPATH, f'{table_xpath}//tr'))\n                     ^^^^^^^^^^^^^^^^^^^^^^^^^^^^^^^^^^^^^^^^^^^^^^^^^^^^^^^^^^^\n  File \"/home/runner/work/Oblache/Oblache/tests_ui/base_page.py\", line 50, in elements_are_present\n    return Wait(self.driver, self.timeout).until(\n           ^^^^^^^^^^^^^^^^^^^^^^^^^^^^^^^^^^^^^^\n  File \"/opt/hostedtoolcache/Python/3.12.6/x64/lib/python3.12/site-packages/selenium/webdriver/support/wait.py\", line 105, in until\n    raise TimeoutException(message, screen, stacktrace)\n",
      "steps" : [ ],
      "attachments" : [ ],
      "parameters" : [ {
        "name" : "table_xpath",
        "value" : "'//tbody[@id=\"tbody_dbs\"]'"
      }, {
        "name" : "token",
        "value" : "'57031ea6-8d1d-499c-9d61-77d7528d5d63'"
      } ],
      "stepsCount" : 0,
      "attachmentsCount" : 0,
      "shouldDisplayMessage" : true,
      "hasContent" : true
    } ],
    "attachments" : [ {
      "uid" : "58aeb2eec80aa594",
      "name" : "Screenshot 2024-10-03 01:03:38.077851",
      "source" : "58aeb2eec80aa594.png",
      "type" : "image/png",
      "size" : 29086
    } ],
    "parameters" : [ ],
    "stepsCount" : 2,
    "attachmentsCount" : 1,
    "shouldDisplayMessage" : true,
    "hasContent" : true
  },
  "afterStages" : [ {
    "name" : "driver::0",
    "time" : {
      "start" : 1727917418079,
      "stop" : 1727917418144,
      "duration" : 65
    },
    "status" : "passed",
    "steps" : [ ],
    "attachments" : [ ],
    "parameters" : [ ],
    "stepsCount" : 0,
    "attachmentsCount" : 0,
    "shouldDisplayMessage" : false,
    "hasContent" : false
  } ],
  "labels" : [ {
    "name" : "suite",
    "value" : "Test Profile Page."
  }, {
    "name" : "parentSuite",
    "value" : "tests_ui"
  }, {
    "name" : "subSuite",
    "value" : "TestProfilePage"
  }, {
    "name" : "host",
    "value" : "fv-az585-245"
  }, {
    "name" : "thread",
    "value" : "2268-MainThread"
  }, {
    "name" : "framework",
    "value" : "pytest"
  }, {
    "name" : "language",
    "value" : "cpython3"
  }, {
    "name" : "package",
    "value" : "tests_ui.test_ui"
  }, {
    "name" : "resultFormat",
    "value" : "allure2"
  } ],
  "parameters" : [ ],
  "links" : [ ],
  "hidden" : false,
  "retry" : false,
  "extra" : {
    "severity" : "normal",
    "retries" : [ ],
    "categories" : [ {
      "name" : "Test defects",
      "matchedStatuses" : [ ],
      "flaky" : false
    } ],
    "history" : {
      "statistic" : {
        "failed" : 0,
        "broken" : 1,
        "skipped" : 0,
        "passed" : 13,
        "unknown" : 0,
        "total" : 14
      },
      "items" : [ {
        "uid" : "bb6bbc21e930022b",
        "reportUrl" : "https://lambotik.github.io/Oblache/178//#testresult/bb6bbc21e930022b",
        "status" : "passed",
        "time" : {
          "start" : 1727831007462,
          "stop" : 1727831009414,
          "duration" : 1952
        }
      }, {
        "uid" : "d6fea9e27282866b",
        "reportUrl" : "https://lambotik.github.io/Oblache/177//#testresult/d6fea9e27282866b",
        "status" : "passed",
        "time" : {
          "start" : 1727744958783,
          "stop" : 1727744960704,
          "duration" : 1921
        }
      }, {
        "uid" : "6d4cc5ef709d1e61",
        "reportUrl" : "https://lambotik.github.io/Oblache/176//#testresult/6d4cc5ef709d1e61",
        "status" : "passed",
        "time" : {
          "start" : 1727658405382,
          "stop" : 1727658408125,
          "duration" : 2743
        }
      }, {
        "uid" : "57ceaaf5b128c307",
        "reportUrl" : "https://lambotik.github.io/Oblache/175//#testresult/57ceaaf5b128c307",
        "status" : "passed",
        "time" : {
          "start" : 1727572166664,
          "stop" : 1727572169573,
          "duration" : 2909
        }
      }, {
        "uid" : "81c75df4e942795d",
        "reportUrl" : "https://lambotik.github.io/Oblache/174//#testresult/81c75df4e942795d",
        "status" : "passed",
        "time" : {
          "start" : 1727485365818,
          "stop" : 1727485367743,
          "duration" : 1925
        }
      }, {
        "uid" : "f931ecda5e38817c",
        "reportUrl" : "https://lambotik.github.io/Oblache/173//#testresult/f931ecda5e38817c",
        "status" : "passed",
        "time" : {
          "start" : 1727398981157,
          "stop" : 1727398983837,
          "duration" : 2680
        }
      }, {
        "uid" : "6887349306e61116",
        "reportUrl" : "https://lambotik.github.io/Oblache/172//#testresult/6887349306e61116",
        "status" : "passed",
        "time" : {
          "start" : 1727312588127,
          "stop" : 1727312590939,
          "duration" : 2812
        }
      }, {
        "uid" : "b99a82a40ffef265",
        "reportUrl" : "https://lambotik.github.io/Oblache/171//#testresult/b99a82a40ffef265",
        "status" : "passed",
        "time" : {
          "start" : 1727226225600,
          "stop" : 1727226227570,
          "duration" : 1970
        }
      }, {
        "uid" : "ba079a6ebd2d4e05",
        "reportUrl" : "https://lambotik.github.io/Oblache/170//#testresult/ba079a6ebd2d4e05",
        "status" : "passed",
        "time" : {
          "start" : 1727139769483,
          "stop" : 1727139771359,
          "duration" : 1876
        }
      }, {
        "uid" : "66144b679492ce7",
        "reportUrl" : "https://lambotik.github.io/Oblache/169//#testresult/66144b679492ce7",
        "status" : "passed",
        "time" : {
          "start" : 1727053382140,
          "stop" : 1727053384202,
          "duration" : 2062
        }
      }, {
        "uid" : "4438cb9baa8d3dfa",
        "reportUrl" : "https://lambotik.github.io/Oblache/168//#testresult/4438cb9baa8d3dfa",
        "status" : "passed",
        "time" : {
          "start" : 1726967218490,
          "stop" : 1726967220621,
          "duration" : 2131
        }
      }, {
        "uid" : "e190542238c58c25",
        "reportUrl" : "https://lambotik.github.io/Oblache/167//#testresult/e190542238c58c25",
        "status" : "passed",
        "time" : {
          "start" : 1726880470015,
          "stop" : 1726880472278,
          "duration" : 2263
        }
      }, {
        "uid" : "95d09c59a41fa4f6",
        "reportUrl" : "https://lambotik.github.io/Oblache/166//#testresult/95d09c59a41fa4f6",
        "status" : "passed",
        "time" : {
          "start" : 1726794117636,
          "stop" : 1726794120282,
          "duration" : 2646
        }
      } ]
    },
    "tags" : [ ]
  },
  "source" : "d74cb265da71b9f.json",
  "parameterValues" : [ ]
}