{
  "uid" : "c09e35e7a51c3d5b",
  "name" : "test_clipboard",
  "fullName" : "tests_ui.test_ui.TestProfilePage#test_clipboard_uuid_db",
  "historyId" : "b32cefb1d87a8aa3bb37280cb980702f",
  "time" : {
    "start" : 1742173766824,
    "stop" : 1742173772723,
    "duration" : 5899
  },
  "status" : "broken",
  "statusMessage" : "selenium.common.exceptions.TimeoutException: Message: Can't find elements by locator ('xpath', '//tbody[@id=\"tbody_dbs\"]//tr')",
  "statusTrace" : "self = <tests_ui.test_ui.TestProfilePage object at 0x7f9cb70dee70>\ndriver = <selenium.webdriver.chrome.webdriver.WebDriver (session=\"314744f5e860f350c30a735ecc82905e\")>\nauthorization_user = None\n\n    @allure.title('test_clipboard')\n    def test_clipboard_uuid_db(self, driver, authorization_user):\n        page = ProfilePage(driver, authorization_user)\n        page.click_button_databases()\n>       page.check_clipboard(\n            table_xpath='//tbody[@id=\"tbody_dbs\"]',\n            token=TestProfilePage.token)\n\ntests_ui/test_ui.py:99: \n_ _ _ _ _ _ _ _ _ _ _ _ _ _ _ _ _ _ _ _ _ _ _ _ _ _ _ _ _ _ _ _ _ _ _ _ _ _ _ _ \ntests_ui/profile_page.py:97: in check_clipboard\n    databases_list = self.elements_are_present((By.XPATH, f'{table_xpath}//tr'))\ntests_ui/base_page.py:50: in elements_are_present\n    return Wait(self.driver, self.timeout).until(\n_ _ _ _ _ _ _ _ _ _ _ _ _ _ _ _ _ _ _ _ _ _ _ _ _ _ _ _ _ _ _ _ _ _ _ _ _ _ _ _ \n\nself = <selenium.webdriver.support.wait.WebDriverWait (session=\"314744f5e860f350c30a735ecc82905e\")>\nmethod = <function presence_of_all_elements_located.<locals>._predicate at 0x7f9cb65b9a80>\nmessage = 'Can\\'t find elements by locator (\\'xpath\\', \\'//tbody[@id=\"tbody_dbs\"]//tr\\')'\n\n    def until(self, method: Callable[[D], Union[Literal[False], T]], message: str = \"\") -> T:\n        \"\"\"Calls the method provided with the driver as an argument until the \\\n        return value does not evaluate to ``False``.\n    \n        :param method: callable(WebDriver)\n        :param message: optional message for :exc:`TimeoutException`\n        :returns: the result of the last call to `method`\n        :raises: :exc:`selenium.common.exceptions.TimeoutException` if timeout occurs\n        \"\"\"\n        screen = None\n        stacktrace = None\n    \n        end_time = time.monotonic() + self._timeout\n        while True:\n            try:\n                value = method(self._driver)\n                if value:\n                    return value\n            except self._ignored_exceptions as exc:\n                screen = getattr(exc, \"screen\", None)\n                stacktrace = getattr(exc, \"stacktrace\", None)\n            time.sleep(self._poll)\n            if time.monotonic() > end_time:\n                break\n>       raise TimeoutException(message, screen, stacktrace)\nE       selenium.common.exceptions.TimeoutException: Message: Can't find elements by locator ('xpath', '//tbody[@id=\"tbody_dbs\"]//tr')\n\n/opt/hostedtoolcache/Python/3.12.9/x64/lib/python3.12/site-packages/selenium/webdriver/support/wait.py:105: TimeoutException",
  "flaky" : false,
  "newFailed" : false,
  "beforeStages" : [ {
    "name" : "driver",
    "time" : {
      "start" : 1742173765998,
      "stop" : 1742173766330,
      "duration" : 332
    },
    "status" : "passed",
    "steps" : [ ],
    "attachments" : [ ],
    "parameters" : [ ],
    "stepsCount" : 0,
    "attachmentsCount" : 0,
    "shouldDisplayMessage" : false,
    "hasContent" : false
  }, {
    "name" : "authorization_user",
    "time" : {
      "start" : 1742173766331,
      "stop" : 1742173766823,
      "duration" : 492
    },
    "status" : "passed",
    "steps" : [ {
      "name" : "Open page: https://oblache.areso.pro/register.html",
      "time" : {
        "start" : 1742173766331,
        "stop" : 1742173766629,
        "duration" : 298
      },
      "status" : "passed",
      "steps" : [ ],
      "attachments" : [ ],
      "parameters" : [ ],
      "stepsCount" : 0,
      "attachmentsCount" : 0,
      "shouldDisplayMessage" : false,
      "hasContent" : false
    }, {
      "name" : "Login user",
      "time" : {
        "start" : 1742173766629,
        "stop" : 1742173766823,
        "duration" : 194
      },
      "status" : "passed",
      "steps" : [ {
        "name" : "Enter email.",
        "time" : {
          "start" : 1742173766629,
          "stop" : 1742173766692,
          "duration" : 63
        },
        "status" : "passed",
        "steps" : [ ],
        "attachments" : [ ],
        "parameters" : [ ],
        "stepsCount" : 0,
        "attachmentsCount" : 0,
        "shouldDisplayMessage" : false,
        "hasContent" : false
      }, {
        "name" : "Enter password.",
        "time" : {
          "start" : 1742173766692,
          "stop" : 1742173766733,
          "duration" : 41
        },
        "status" : "passed",
        "steps" : [ ],
        "attachments" : [ ],
        "parameters" : [ ],
        "stepsCount" : 0,
        "attachmentsCount" : 0,
        "shouldDisplayMessage" : false,
        "hasContent" : false
      }, {
        "name" : "Click button \"Login\"",
        "time" : {
          "start" : 1742173766733,
          "stop" : 1742173766820,
          "duration" : 87
        },
        "status" : "passed",
        "steps" : [ ],
        "attachments" : [ ],
        "parameters" : [ ],
        "stepsCount" : 0,
        "attachmentsCount" : 0,
        "shouldDisplayMessage" : false,
        "hasContent" : false
      }, {
        "name" : "Check url is present: https://oblache.areso.pro/register.html",
        "time" : {
          "start" : 1742173766820,
          "stop" : 1742173766823,
          "duration" : 3
        },
        "status" : "passed",
        "steps" : [ ],
        "attachments" : [ ],
        "parameters" : [ ],
        "stepsCount" : 0,
        "attachmentsCount" : 0,
        "shouldDisplayMessage" : false,
        "hasContent" : false
      } ],
      "attachments" : [ ],
      "parameters" : [ ],
      "stepsCount" : 4,
      "attachmentsCount" : 0,
      "shouldDisplayMessage" : false,
      "hasContent" : true
    } ],
    "attachments" : [ ],
    "parameters" : [ ],
    "stepsCount" : 6,
    "attachmentsCount" : 0,
    "shouldDisplayMessage" : false,
    "hasContent" : true
  } ],
  "testStage" : {
    "status" : "broken",
    "statusMessage" : "selenium.common.exceptions.TimeoutException: Message: Can't find elements by locator ('xpath', '//tbody[@id=\"tbody_dbs\"]//tr')",
    "statusTrace" : "self = <tests_ui.test_ui.TestProfilePage object at 0x7f9cb70dee70>\ndriver = <selenium.webdriver.chrome.webdriver.WebDriver (session=\"314744f5e860f350c30a735ecc82905e\")>\nauthorization_user = None\n\n    @allure.title('test_clipboard')\n    def test_clipboard_uuid_db(self, driver, authorization_user):\n        page = ProfilePage(driver, authorization_user)\n        page.click_button_databases()\n>       page.check_clipboard(\n            table_xpath='//tbody[@id=\"tbody_dbs\"]',\n            token=TestProfilePage.token)\n\ntests_ui/test_ui.py:99: \n_ _ _ _ _ _ _ _ _ _ _ _ _ _ _ _ _ _ _ _ _ _ _ _ _ _ _ _ _ _ _ _ _ _ _ _ _ _ _ _ \ntests_ui/profile_page.py:97: in check_clipboard\n    databases_list = self.elements_are_present((By.XPATH, f'{table_xpath}//tr'))\ntests_ui/base_page.py:50: in elements_are_present\n    return Wait(self.driver, self.timeout).until(\n_ _ _ _ _ _ _ _ _ _ _ _ _ _ _ _ _ _ _ _ _ _ _ _ _ _ _ _ _ _ _ _ _ _ _ _ _ _ _ _ \n\nself = <selenium.webdriver.support.wait.WebDriverWait (session=\"314744f5e860f350c30a735ecc82905e\")>\nmethod = <function presence_of_all_elements_located.<locals>._predicate at 0x7f9cb65b9a80>\nmessage = 'Can\\'t find elements by locator (\\'xpath\\', \\'//tbody[@id=\"tbody_dbs\"]//tr\\')'\n\n    def until(self, method: Callable[[D], Union[Literal[False], T]], message: str = \"\") -> T:\n        \"\"\"Calls the method provided with the driver as an argument until the \\\n        return value does not evaluate to ``False``.\n    \n        :param method: callable(WebDriver)\n        :param message: optional message for :exc:`TimeoutException`\n        :returns: the result of the last call to `method`\n        :raises: :exc:`selenium.common.exceptions.TimeoutException` if timeout occurs\n        \"\"\"\n        screen = None\n        stacktrace = None\n    \n        end_time = time.monotonic() + self._timeout\n        while True:\n            try:\n                value = method(self._driver)\n                if value:\n                    return value\n            except self._ignored_exceptions as exc:\n                screen = getattr(exc, \"screen\", None)\n                stacktrace = getattr(exc, \"stacktrace\", None)\n            time.sleep(self._poll)\n            if time.monotonic() > end_time:\n                break\n>       raise TimeoutException(message, screen, stacktrace)\nE       selenium.common.exceptions.TimeoutException: Message: Can't find elements by locator ('xpath', '//tbody[@id=\"tbody_dbs\"]//tr')\n\n/opt/hostedtoolcache/Python/3.12.9/x64/lib/python3.12/site-packages/selenium/webdriver/support/wait.py:105: TimeoutException",
    "steps" : [ {
      "name" : "Click \"Databases\" button.",
      "time" : {
        "start" : 1742173766824,
        "stop" : 1742173767664,
        "duration" : 840
      },
      "status" : "passed",
      "steps" : [ ],
      "attachments" : [ ],
      "parameters" : [ ],
      "stepsCount" : 0,
      "attachmentsCount" : 0,
      "shouldDisplayMessage" : false,
      "hasContent" : false
    }, {
      "name" : "Check clipboard",
      "time" : {
        "start" : 1742173767665,
        "stop" : 1742173772723,
        "duration" : 5058
      },
      "status" : "broken",
      "statusMessage" : "selenium.common.exceptions.TimeoutException: Message: Can't find elements by locator ('xpath', '//tbody[@id=\"tbody_dbs\"]//tr')\n\n",
      "statusTrace" : "  File \"/opt/hostedtoolcache/Python/3.12.9/x64/lib/python3.12/site-packages/allure_commons/_allure.py\", line 192, in impl\n    return func(*a, **kw)\n           ^^^^^^^^^^^^^^\n  File \"/home/runner/work/Oblache/Oblache/tests_ui/profile_page.py\", line 97, in check_clipboard\n    databases_list = self.elements_are_present((By.XPATH, f'{table_xpath}//tr'))\n                     ^^^^^^^^^^^^^^^^^^^^^^^^^^^^^^^^^^^^^^^^^^^^^^^^^^^^^^^^^^^\n  File \"/home/runner/work/Oblache/Oblache/tests_ui/base_page.py\", line 50, in elements_are_present\n    return Wait(self.driver, self.timeout).until(\n           ^^^^^^^^^^^^^^^^^^^^^^^^^^^^^^^^^^^^^^\n  File \"/opt/hostedtoolcache/Python/3.12.9/x64/lib/python3.12/site-packages/selenium/webdriver/support/wait.py\", line 105, in until\n    raise TimeoutException(message, screen, stacktrace)\n",
      "steps" : [ ],
      "attachments" : [ ],
      "parameters" : [ {
        "name" : "table_xpath",
        "value" : "'//tbody[@id=\"tbody_dbs\"]'"
      }, {
        "name" : "token",
        "value" : "'1586f246-4796-4836-aeec-46980023fbb8'"
      } ],
      "stepsCount" : 0,
      "attachmentsCount" : 0,
      "shouldDisplayMessage" : true,
      "hasContent" : true
    } ],
    "attachments" : [ {
      "uid" : "7070c044ef9a53fd",
      "name" : "Screenshot 2025-03-17 01:09:32.810647",
      "source" : "7070c044ef9a53fd.png",
      "type" : "image/png",
      "size" : 27599
    } ],
    "parameters" : [ ],
    "stepsCount" : 2,
    "attachmentsCount" : 1,
    "shouldDisplayMessage" : true,
    "hasContent" : true
  },
  "afterStages" : [ {
    "name" : "driver::0",
    "time" : {
      "start" : 1742173772812,
      "stop" : 1742173772871,
      "duration" : 59
    },
    "status" : "passed",
    "steps" : [ ],
    "attachments" : [ ],
    "parameters" : [ ],
    "stepsCount" : 0,
    "attachmentsCount" : 0,
    "shouldDisplayMessage" : false,
    "hasContent" : false
  } ],
  "labels" : [ {
    "name" : "suite",
    "value" : "Test Profile Page."
  }, {
    "name" : "parentSuite",
    "value" : "tests_ui"
  }, {
    "name" : "subSuite",
    "value" : "TestProfilePage"
  }, {
    "name" : "host",
    "value" : "fv-az1391-351"
  }, {
    "name" : "thread",
    "value" : "2475-MainThread"
  }, {
    "name" : "framework",
    "value" : "pytest"
  }, {
    "name" : "language",
    "value" : "cpython3"
  }, {
    "name" : "package",
    "value" : "tests_ui.test_ui"
  }, {
    "name" : "resultFormat",
    "value" : "allure2"
  } ],
  "parameters" : [ ],
  "links" : [ ],
  "hidden" : false,
  "retry" : false,
  "extra" : {
    "severity" : "normal",
    "retries" : [ ],
    "categories" : [ {
      "name" : "Test defects",
      "matchedStatuses" : [ ],
      "flaky" : false
    } ],
    "history" : {
      "statistic" : {
        "failed" : 0,
        "broken" : 14,
        "skipped" : 0,
        "passed" : 112,
        "unknown" : 0,
        "total" : 126
      },
      "items" : [ {
        "uid" : "dda8b33f9be55e01",
        "reportUrl" : "https://lambotik.github.io/Oblache/343//#testresult/dda8b33f9be55e01",
        "status" : "passed",
        "time" : {
          "start" : 1742087645191,
          "stop" : 1742087647994,
          "duration" : 2803
        }
      }, {
        "uid" : "468cf21d66e4e4bb",
        "reportUrl" : "https://lambotik.github.io/Oblache/342//#testresult/468cf21d66e4e4bb",
        "status" : "broken",
        "statusDetails" : "selenium.common.exceptions.TimeoutException: Message: Can't find elements by locator ('xpath', '//tbody[@id=\"tbody_dbs\"]//tr')",
        "time" : {
          "start" : 1742000782629,
          "stop" : 1742000788570,
          "duration" : 5941
        }
      }, {
        "uid" : "b6b5930460552b2",
        "reportUrl" : "https://lambotik.github.io/Oblache/341//#testresult/b6b5930460552b2",
        "status" : "passed",
        "time" : {
          "start" : 1741914447846,
          "stop" : 1741914449855,
          "duration" : 2009
        }
      }, {
        "uid" : "832d37adeb063636",
        "reportUrl" : "https://lambotik.github.io/Oblache/340//#testresult/832d37adeb063636",
        "status" : "passed",
        "time" : {
          "start" : 1741828123951,
          "stop" : 1741828126767,
          "duration" : 2816
        }
      }, {
        "uid" : "8485bb5e8174f2e3",
        "reportUrl" : "https://lambotik.github.io/Oblache/339//#testresult/8485bb5e8174f2e3",
        "status" : "passed",
        "time" : {
          "start" : 1741741656333,
          "stop" : 1741741659008,
          "duration" : 2675
        }
      }, {
        "uid" : "9dfe5a1833164c00",
        "reportUrl" : "https://lambotik.github.io/Oblache/338//#testresult/9dfe5a1833164c00",
        "status" : "passed",
        "time" : {
          "start" : 1741655238043,
          "stop" : 1741655240001,
          "duration" : 1958
        }
      }, {
        "uid" : "d5a3261c1f6aa8c",
        "reportUrl" : "https://lambotik.github.io/Oblache/337//#testresult/d5a3261c1f6aa8c",
        "status" : "passed",
        "time" : {
          "start" : 1741568350481,
          "stop" : 1741568353398,
          "duration" : 2917
        }
      }, {
        "uid" : "3aa4ce345fe6595c",
        "reportUrl" : "https://lambotik.github.io/Oblache/336//#testresult/3aa4ce345fe6595c",
        "status" : "passed",
        "time" : {
          "start" : 1741481914156,
          "stop" : 1741481916244,
          "duration" : 2088
        }
      }, {
        "uid" : "edbcad2566066420",
        "reportUrl" : "https://lambotik.github.io/Oblache/335//#testresult/edbcad2566066420",
        "status" : "passed",
        "time" : {
          "start" : 1741395260012,
          "stop" : 1741395262008,
          "duration" : 1996
        }
      }, {
        "uid" : "5880de8c07b52b3",
        "reportUrl" : "https://lambotik.github.io/Oblache/334//#testresult/5880de8c07b52b3",
        "status" : "passed",
        "time" : {
          "start" : 1741309646587,
          "stop" : 1741309649339,
          "duration" : 2752
        }
      }, {
        "uid" : "5ccefdd177806cf2",
        "reportUrl" : "https://lambotik.github.io/Oblache/333//#testresult/5ccefdd177806cf2",
        "status" : "passed",
        "time" : {
          "start" : 1741223252836,
          "stop" : 1741223254812,
          "duration" : 1976
        }
      }, {
        "uid" : "60e1bc0657108697",
        "reportUrl" : "https://lambotik.github.io/Oblache/332//#testresult/60e1bc0657108697",
        "status" : "passed",
        "time" : {
          "start" : 1741136841840,
          "stop" : 1741136843791,
          "duration" : 1951
        }
      }, {
        "uid" : "5aab488851f71b59",
        "reportUrl" : "https://lambotik.github.io/Oblache/331//#testresult/5aab488851f71b59",
        "status" : "passed",
        "time" : {
          "start" : 1741050393796,
          "stop" : 1741050395800,
          "duration" : 2004
        }
      }, {
        "uid" : "d802ba61c26bf852",
        "reportUrl" : "https://lambotik.github.io/Oblache/330//#testresult/d802ba61c26bf852",
        "status" : "passed",
        "time" : {
          "start" : 1740964150906,
          "stop" : 1740964153256,
          "duration" : 2350
        }
      }, {
        "uid" : "5a0fb6b7b3db8596",
        "reportUrl" : "https://lambotik.github.io/Oblache/329//#testresult/5a0fb6b7b3db8596",
        "status" : "passed",
        "time" : {
          "start" : 1740877839663,
          "stop" : 1740877841934,
          "duration" : 2271
        }
      }, {
        "uid" : "fa91dc24138e9b07",
        "reportUrl" : "https://lambotik.github.io/Oblache/328//#testresult/fa91dc24138e9b07",
        "status" : "passed",
        "time" : {
          "start" : 1740791419079,
          "stop" : 1740791421018,
          "duration" : 1939
        }
      }, {
        "uid" : "b8faf7f6cf555d2",
        "reportUrl" : "https://lambotik.github.io/Oblache/327//#testresult/b8faf7f6cf555d2",
        "status" : "passed",
        "time" : {
          "start" : 1740704779234,
          "stop" : 1740704781180,
          "duration" : 1946
        }
      }, {
        "uid" : "35caf720fac34b18",
        "reportUrl" : "https://lambotik.github.io/Oblache/326//#testresult/35caf720fac34b18",
        "status" : "passed",
        "time" : {
          "start" : 1740618327762,
          "stop" : 1740618329936,
          "duration" : 2174
        }
      }, {
        "uid" : "1bd28c9c54cfa68",
        "reportUrl" : "https://lambotik.github.io/Oblache/325//#testresult/1bd28c9c54cfa68",
        "status" : "passed",
        "time" : {
          "start" : 1740531921610,
          "stop" : 1740531923623,
          "duration" : 2013
        }
      }, {
        "uid" : "17fc7d3c4fe0ae4",
        "reportUrl" : "https://lambotik.github.io/Oblache/324//#testresult/17fc7d3c4fe0ae4",
        "status" : "passed",
        "time" : {
          "start" : 1740445584388,
          "stop" : 1740445586581,
          "duration" : 2193
        }
      } ]
    },
    "tags" : [ ]
  },
  "source" : "c09e35e7a51c3d5b.json",
  "parameterValues" : [ ]
}