{
  "uid" : "2192637a3bd588db",
  "name" : "test_create_database",
  "fullName" : "tests_ui.test_ui.TestProfilePage#test_create_database",
  "historyId" : "4762f7b87391625d86f9ea8dbdd3b406",
  "time" : {
    "start" : 1754618992249,
    "stop" : 1754618998375,
    "duration" : 6126
  },
  "status" : "broken",
  "statusMessage" : "selenium.common.exceptions.TimeoutException: Message: Can't find element by locator ('xpath', '//button[@id=\"menu_button_status\"]')\nStacktrace:\n#0 0x560c93ad287a <unknown>\n#1 0x560c935772e0 <unknown>\n#2 0x560c935c8e00 <unknown>\n#3 0x560c935c8ff1 <unknown>\n#4 0x560c93617324 <unknown>\n#5 0x560c935ee8dd <unknown>\n#6 0x560c9361471c <unknown>\n#7 0x560c935ee683 <unknown>\n#8 0x560c935bab5b <unknown>\n#9 0x560c935bbf31 <unknown>\n#10 0x560c93a977cb <unknown>\n#11 0x560c93a9b5d4 <unknown>\n#12 0x560c93a7e2c9 <unknown>\n#13 0x560c93a9c178 <unknown>\n#14 0x560c93a626bf <unknown>\n#15 0x560c93abfe78 <unknown>\n#16 0x560c93ac0056 <unknown>\n#17 0x560c93ad1b96 <unknown>\n#18 0x7ff00169caa4 <unknown>\n#19 0x7ff001729c3c <unknown>",
  "statusTrace" : "self = <tests_ui.test_ui.TestProfilePage object at 0x7f87e8f75640>\ndriver = <selenium.webdriver.chrome.webdriver.WebDriver (session=\"8e93ae288fdd4462d28d89a8b8e1054b\")>\nauthorization_user = None\n\n    @allure.title('test_create_database')\n    def test_create_database(self, driver, authorization_user):\n        page = ProfilePage(driver, authorization_user)\n>       page.compare_database_status()\n\ntests_ui/test_ui.py:83: \n_ _ _ _ _ _ _ _ _ _ _ _ _ _ _ _ _ _ _ _ _ _ _ _ _ _ _ _ _ _ _ _ _ _ _ _ _ _ _ _ \ntests_ui/profile_page.py:144: in compare_database_status\n    self.click_button_status()\ntests_ui/profile_page.py:18: in click_button_status\n    return self.element_is_present_and_clickable(self.locators.STATUS_BUTTON).click()\ntests_ui/base_page.py:28: in element_is_present_and_clickable\n    return (Wait(self.driver, self.timeout).until(\n_ _ _ _ _ _ _ _ _ _ _ _ _ _ _ _ _ _ _ _ _ _ _ _ _ _ _ _ _ _ _ _ _ _ _ _ _ _ _ _ \n\nself = <selenium.webdriver.support.wait.WebDriverWait (session=\"8e93ae288fdd4462d28d89a8b8e1054b\")>\nmethod = <function visibility_of_element_located.<locals>._predicate at 0x7f87e81a0040>\nmessage = 'Can\\'t find element by locator (\\'xpath\\', \\'//button[@id=\"menu_button_status\"]\\')'\n\n    def until(self, method: Callable[[D], Union[Literal[False], T]], message: str = \"\") -> T:\n        \"\"\"Calls the method provided with the driver as an argument until the \\\n        return value does not evaluate to ``False``.\n    \n        :param method: callable(WebDriver)\n        :param message: optional message for :exc:`TimeoutException`\n        :returns: the result of the last call to `method`\n        :raises: :exc:`selenium.common.exceptions.TimeoutException` if timeout occurs\n        \"\"\"\n        screen = None\n        stacktrace = None\n    \n        end_time = time.monotonic() + self._timeout\n        while True:\n            try:\n                value = method(self._driver)\n                if value:\n                    return value\n            except self._ignored_exceptions as exc:\n                screen = getattr(exc, \"screen\", None)\n                stacktrace = getattr(exc, \"stacktrace\", None)\n            time.sleep(self._poll)\n            if time.monotonic() > end_time:\n                break\n>       raise TimeoutException(message, screen, stacktrace)\nE       selenium.common.exceptions.TimeoutException: Message: Can't find element by locator ('xpath', '//button[@id=\"menu_button_status\"]')\nE       Stacktrace:\nE       #0 0x560c93ad287a <unknown>\nE       #1 0x560c935772e0 <unknown>\nE       #2 0x560c935c8e00 <unknown>\nE       #3 0x560c935c8ff1 <unknown>\nE       #4 0x560c93617324 <unknown>\nE       #5 0x560c935ee8dd <unknown>\nE       #6 0x560c9361471c <unknown>\nE       #7 0x560c935ee683 <unknown>\nE       #8 0x560c935bab5b <unknown>\nE       #9 0x560c935bbf31 <unknown>\nE       #10 0x560c93a977cb <unknown>\nE       #11 0x560c93a9b5d4 <unknown>\nE       #12 0x560c93a7e2c9 <unknown>\nE       #13 0x560c93a9c178 <unknown>\nE       #14 0x560c93a626bf <unknown>\nE       #15 0x560c93abfe78 <unknown>\nE       #16 0x560c93ac0056 <unknown>\nE       #17 0x560c93ad1b96 <unknown>\nE       #18 0x7ff00169caa4 <unknown>\nE       #19 0x7ff001729c3c <unknown>\n\n/opt/hostedtoolcache/Python/3.12.11/x64/lib/python3.12/site-packages/selenium/webdriver/support/wait.py:105: TimeoutException",
  "flaky" : false,
  "newFailed" : false,
  "beforeStages" : [ {
    "name" : "driver",
    "time" : {
      "start" : 1754618991201,
      "stop" : 1754618991559,
      "duration" : 358
    },
    "status" : "passed",
    "steps" : [ ],
    "attachments" : [ ],
    "parameters" : [ ],
    "hasContent" : false,
    "stepsCount" : 0,
    "attachmentsCount" : 0,
    "shouldDisplayMessage" : false
  }, {
    "name" : "authorization_user",
    "time" : {
      "start" : 1754618991559,
      "stop" : 1754618992249,
      "duration" : 690
    },
    "status" : "passed",
    "steps" : [ {
      "name" : "Open page: https://oblache.areso.pro/register.html",
      "time" : {
        "start" : 1754618991559,
        "stop" : 1754618992056,
        "duration" : 497
      },
      "status" : "passed",
      "steps" : [ ],
      "attachments" : [ ],
      "parameters" : [ ],
      "hasContent" : false,
      "stepsCount" : 0,
      "attachmentsCount" : 0,
      "shouldDisplayMessage" : false
    }, {
      "name" : "Login user",
      "time" : {
        "start" : 1754618992056,
        "stop" : 1754618992249,
        "duration" : 193
      },
      "status" : "passed",
      "steps" : [ {
        "name" : "Enter email.",
        "time" : {
          "start" : 1754618992056,
          "stop" : 1754618992117,
          "duration" : 61
        },
        "status" : "passed",
        "steps" : [ ],
        "attachments" : [ ],
        "parameters" : [ ],
        "hasContent" : false,
        "stepsCount" : 0,
        "attachmentsCount" : 0,
        "shouldDisplayMessage" : false
      }, {
        "name" : "Enter password.",
        "time" : {
          "start" : 1754618992117,
          "stop" : 1754618992161,
          "duration" : 44
        },
        "status" : "passed",
        "steps" : [ ],
        "attachments" : [ ],
        "parameters" : [ ],
        "hasContent" : false,
        "stepsCount" : 0,
        "attachmentsCount" : 0,
        "shouldDisplayMessage" : false
      }, {
        "name" : "Click button \"Login\"",
        "time" : {
          "start" : 1754618992161,
          "stop" : 1754618992246,
          "duration" : 85
        },
        "status" : "passed",
        "steps" : [ ],
        "attachments" : [ ],
        "parameters" : [ ],
        "hasContent" : false,
        "stepsCount" : 0,
        "attachmentsCount" : 0,
        "shouldDisplayMessage" : false
      }, {
        "name" : "Check url is present: https://oblache.areso.pro/register.html",
        "time" : {
          "start" : 1754618992246,
          "stop" : 1754618992249,
          "duration" : 3
        },
        "status" : "passed",
        "steps" : [ ],
        "attachments" : [ ],
        "parameters" : [ ],
        "hasContent" : false,
        "stepsCount" : 0,
        "attachmentsCount" : 0,
        "shouldDisplayMessage" : false
      } ],
      "attachments" : [ ],
      "parameters" : [ ],
      "hasContent" : true,
      "stepsCount" : 4,
      "attachmentsCount" : 0,
      "shouldDisplayMessage" : false
    } ],
    "attachments" : [ ],
    "parameters" : [ ],
    "hasContent" : true,
    "stepsCount" : 6,
    "attachmentsCount" : 0,
    "shouldDisplayMessage" : false
  } ],
  "testStage" : {
    "status" : "broken",
    "statusMessage" : "selenium.common.exceptions.TimeoutException: Message: Can't find element by locator ('xpath', '//button[@id=\"menu_button_status\"]')\nStacktrace:\n#0 0x560c93ad287a <unknown>\n#1 0x560c935772e0 <unknown>\n#2 0x560c935c8e00 <unknown>\n#3 0x560c935c8ff1 <unknown>\n#4 0x560c93617324 <unknown>\n#5 0x560c935ee8dd <unknown>\n#6 0x560c9361471c <unknown>\n#7 0x560c935ee683 <unknown>\n#8 0x560c935bab5b <unknown>\n#9 0x560c935bbf31 <unknown>\n#10 0x560c93a977cb <unknown>\n#11 0x560c93a9b5d4 <unknown>\n#12 0x560c93a7e2c9 <unknown>\n#13 0x560c93a9c178 <unknown>\n#14 0x560c93a626bf <unknown>\n#15 0x560c93abfe78 <unknown>\n#16 0x560c93ac0056 <unknown>\n#17 0x560c93ad1b96 <unknown>\n#18 0x7ff00169caa4 <unknown>\n#19 0x7ff001729c3c <unknown>",
    "statusTrace" : "self = <tests_ui.test_ui.TestProfilePage object at 0x7f87e8f75640>\ndriver = <selenium.webdriver.chrome.webdriver.WebDriver (session=\"8e93ae288fdd4462d28d89a8b8e1054b\")>\nauthorization_user = None\n\n    @allure.title('test_create_database')\n    def test_create_database(self, driver, authorization_user):\n        page = ProfilePage(driver, authorization_user)\n>       page.compare_database_status()\n\ntests_ui/test_ui.py:83: \n_ _ _ _ _ _ _ _ _ _ _ _ _ _ _ _ _ _ _ _ _ _ _ _ _ _ _ _ _ _ _ _ _ _ _ _ _ _ _ _ \ntests_ui/profile_page.py:144: in compare_database_status\n    self.click_button_status()\ntests_ui/profile_page.py:18: in click_button_status\n    return self.element_is_present_and_clickable(self.locators.STATUS_BUTTON).click()\ntests_ui/base_page.py:28: in element_is_present_and_clickable\n    return (Wait(self.driver, self.timeout).until(\n_ _ _ _ _ _ _ _ _ _ _ _ _ _ _ _ _ _ _ _ _ _ _ _ _ _ _ _ _ _ _ _ _ _ _ _ _ _ _ _ \n\nself = <selenium.webdriver.support.wait.WebDriverWait (session=\"8e93ae288fdd4462d28d89a8b8e1054b\")>\nmethod = <function visibility_of_element_located.<locals>._predicate at 0x7f87e81a0040>\nmessage = 'Can\\'t find element by locator (\\'xpath\\', \\'//button[@id=\"menu_button_status\"]\\')'\n\n    def until(self, method: Callable[[D], Union[Literal[False], T]], message: str = \"\") -> T:\n        \"\"\"Calls the method provided with the driver as an argument until the \\\n        return value does not evaluate to ``False``.\n    \n        :param method: callable(WebDriver)\n        :param message: optional message for :exc:`TimeoutException`\n        :returns: the result of the last call to `method`\n        :raises: :exc:`selenium.common.exceptions.TimeoutException` if timeout occurs\n        \"\"\"\n        screen = None\n        stacktrace = None\n    \n        end_time = time.monotonic() + self._timeout\n        while True:\n            try:\n                value = method(self._driver)\n                if value:\n                    return value\n            except self._ignored_exceptions as exc:\n                screen = getattr(exc, \"screen\", None)\n                stacktrace = getattr(exc, \"stacktrace\", None)\n            time.sleep(self._poll)\n            if time.monotonic() > end_time:\n                break\n>       raise TimeoutException(message, screen, stacktrace)\nE       selenium.common.exceptions.TimeoutException: Message: Can't find element by locator ('xpath', '//button[@id=\"menu_button_status\"]')\nE       Stacktrace:\nE       #0 0x560c93ad287a <unknown>\nE       #1 0x560c935772e0 <unknown>\nE       #2 0x560c935c8e00 <unknown>\nE       #3 0x560c935c8ff1 <unknown>\nE       #4 0x560c93617324 <unknown>\nE       #5 0x560c935ee8dd <unknown>\nE       #6 0x560c9361471c <unknown>\nE       #7 0x560c935ee683 <unknown>\nE       #8 0x560c935bab5b <unknown>\nE       #9 0x560c935bbf31 <unknown>\nE       #10 0x560c93a977cb <unknown>\nE       #11 0x560c93a9b5d4 <unknown>\nE       #12 0x560c93a7e2c9 <unknown>\nE       #13 0x560c93a9c178 <unknown>\nE       #14 0x560c93a626bf <unknown>\nE       #15 0x560c93abfe78 <unknown>\nE       #16 0x560c93ac0056 <unknown>\nE       #17 0x560c93ad1b96 <unknown>\nE       #18 0x7ff00169caa4 <unknown>\nE       #19 0x7ff001729c3c <unknown>\n\n/opt/hostedtoolcache/Python/3.12.11/x64/lib/python3.12/site-packages/selenium/webdriver/support/wait.py:105: TimeoutException",
    "steps" : [ {
      "name" : "Click button Status.",
      "time" : {
        "start" : 1754618993249,
        "stop" : 1754618998374,
        "duration" : 5125
      },
      "status" : "broken",
      "statusMessage" : "selenium.common.exceptions.TimeoutException: Message: Can't find element by locator ('xpath', '//button[@id=\"menu_button_status\"]')\nStacktrace:\n#0 0x560c93ad287a <unknown>\n#1 0x560c935772e0 <unknown>\n#2 0x560c935c8e00 <unknown>\n#3 0x560c935c8ff1 <unknown>\n#4 0x560c93617324 <unknown>\n#5 0x560c935ee8dd <unknown>\n#6 0x560c9361471c <unknown>\n#7 0x560c935ee683 <unknown>\n#8 0x560c935bab5b <unknown>\n#9 0x560c935bbf31 <unknown>\n#10 0x560c93a977cb <unknown>\n#11 0x560c93a9b5d4 <unknown>\n#12 0x560c93a7e2c9 <unknown>\n#13 0x560c93a9c178 <unknown>\n#14 0x560c93a626bf <unknown>\n#15 0x560c93abfe78 <unknown>\n#16 0x560c93ac0056 <unknown>\n#17 0x560c93ad1b96 <unknown>\n#18 0x7ff00169caa4 <unknown>\n#19 0x7ff001729c3c <unknown>\n\n",
      "statusTrace" : "  File \"/home/runner/work/Oblache/Oblache/tests_ui/profile_page.py\", line 18, in click_button_status\n    return self.element_is_present_and_clickable(self.locators.STATUS_BUTTON).click()\n           ^^^^^^^^^^^^^^^^^^^^^^^^^^^^^^^^^^^^^^^^^^^^^^^^^^^^^^^^^^^^^^^^^^\n  File \"/home/runner/work/Oblache/Oblache/tests_ui/base_page.py\", line 28, in element_is_present_and_clickable\n    return (Wait(self.driver, self.timeout).until(\n            ^^^^^^^^^^^^^^^^^^^^^^^^^^^^^^^^^^^^^^\n  File \"/opt/hostedtoolcache/Python/3.12.11/x64/lib/python3.12/site-packages/selenium/webdriver/support/wait.py\", line 105, in until\n    raise TimeoutException(message, screen, stacktrace)\n",
      "steps" : [ ],
      "attachments" : [ ],
      "parameters" : [ ],
      "hasContent" : true,
      "stepsCount" : 0,
      "attachmentsCount" : 0,
      "shouldDisplayMessage" : true
    } ],
    "attachments" : [ {
      "uid" : "ee83659f3a29ff4d",
      "name" : "Screenshot 2025-08-08 02:09:58.472573",
      "source" : "ee83659f3a29ff4d.png",
      "type" : "image/png",
      "size" : 15825
    } ],
    "parameters" : [ ],
    "hasContent" : true,
    "stepsCount" : 1,
    "attachmentsCount" : 1,
    "shouldDisplayMessage" : true
  },
  "afterStages" : [ {
    "name" : "driver::0",
    "time" : {
      "start" : 1754618998474,
      "stop" : 1754618998533,
      "duration" : 59
    },
    "status" : "passed",
    "steps" : [ ],
    "attachments" : [ ],
    "parameters" : [ ],
    "hasContent" : false,
    "stepsCount" : 0,
    "attachmentsCount" : 0,
    "shouldDisplayMessage" : false
  } ],
  "labels" : [ {
    "name" : "suite",
    "value" : "Test Profile Page."
  }, {
    "name" : "parentSuite",
    "value" : "tests_ui"
  }, {
    "name" : "subSuite",
    "value" : "TestProfilePage"
  }, {
    "name" : "host",
    "value" : "pkrvmjbmru5nbw0"
  }, {
    "name" : "thread",
    "value" : "2667-MainThread"
  }, {
    "name" : "framework",
    "value" : "pytest"
  }, {
    "name" : "language",
    "value" : "cpython3"
  }, {
    "name" : "package",
    "value" : "tests_ui.test_ui"
  }, {
    "name" : "resultFormat",
    "value" : "allure2"
  } ],
  "parameters" : [ ],
  "links" : [ ],
  "hidden" : false,
  "retry" : false,
  "extra" : {
    "severity" : "normal",
    "retries" : [ ],
    "categories" : [ {
      "name" : "Test defects",
      "matchedStatuses" : [ ],
      "flaky" : false
    } ],
    "history" : {
      "statistic" : {
        "failed" : 0,
        "broken" : 243,
        "skipped" : 0,
        "passed" : 1,
        "unknown" : 0,
        "total" : 244
      },
      "items" : [ {
        "uid" : "4f0d037f5192e79e",
        "reportUrl" : "https://lambotik.github.io/Oblache/464//#testresult/4f0d037f5192e79e",
        "status" : "broken",
        "statusDetails" : "ValueError: invalid literal for int() with base 10: 'nodata'",
        "time" : {
          "start" : 1754532749568,
          "stop" : 1754532755201,
          "duration" : 5633
        }
      }, {
        "uid" : "265331dfc472b633",
        "reportUrl" : "https://lambotik.github.io/Oblache/463//#testresult/265331dfc472b633",
        "status" : "broken",
        "statusDetails" : "selenium.common.exceptions.TimeoutException: Message: Can't find element by locator ('xpath', '//button[@id=\"menu_button_status\"]')\nStacktrace:\n#0 0x55cdf353187a <unknown>\n#1 0x55cdf2fd62e0 <unknown>\n#2 0x55cdf3027e00 <unknown>\n#3 0x55cdf3027ff1 <unknown>\n#4 0x55cdf3076324 <unknown>\n#5 0x55cdf304d8dd <unknown>\n#6 0x55cdf307371c <unknown>\n#7 0x55cdf304d683 <unknown>\n#8 0x55cdf3019b5b <unknown>\n#9 0x55cdf301af31 <unknown>\n#10 0x55cdf34f67cb <unknown>\n#11 0x55cdf34fa5d4 <unknown>\n#12 0x55cdf34dd2c9 <unknown>\n#13 0x55cdf34fb178 <unknown>\n#14 0x55cdf34c16bf <unknown>\n#15 0x55cdf351ee78 <unknown>\n#16 0x55cdf351f056 <unknown>\n#17 0x55cdf3530b96 <unknown>\n#18 0x7fe87549caa4 <unknown>\n#19 0x7fe875529c3c <unknown>",
        "time" : {
          "start" : 1754446210401,
          "stop" : 1754446216531,
          "duration" : 6130
        }
      }, {
        "uid" : "99aca6e625dfdb19",
        "reportUrl" : "https://lambotik.github.io/Oblache/462//#testresult/99aca6e625dfdb19",
        "status" : "broken",
        "statusDetails" : "selenium.common.exceptions.TimeoutException: Message: Can't find element by locator ('xpath', '//div[@id=\"msg_from_server\"]')",
        "time" : {
          "start" : 1754360003176,
          "stop" : 1754360011234,
          "duration" : 8058
        }
      }, {
        "uid" : "f7c7142f8f19db2e",
        "reportUrl" : "https://lambotik.github.io/Oblache/461//#testresult/f7c7142f8f19db2e",
        "status" : "broken",
        "statusDetails" : "selenium.common.exceptions.TimeoutException: Message: Can't find element by locator ('xpath', '//div[@id=\"msg_from_server\"]')",
        "time" : {
          "start" : 1754274322878,
          "stop" : 1754274330906,
          "duration" : 8028
        }
      }, {
        "uid" : "81f0bd517be2454f",
        "reportUrl" : "https://lambotik.github.io/Oblache/460//#testresult/81f0bd517be2454f",
        "status" : "broken",
        "statusDetails" : "selenium.common.exceptions.TimeoutException: Message: Can't find element by locator ('xpath', '//div[@id=\"msg_from_server\"]')",
        "time" : {
          "start" : 1754187988540,
          "stop" : 1754187997392,
          "duration" : 8852
        }
      }, {
        "uid" : "3035447f3bf4c16d",
        "reportUrl" : "https://lambotik.github.io/Oblache/459//#testresult/3035447f3bf4c16d",
        "status" : "broken",
        "statusDetails" : "selenium.common.exceptions.TimeoutException: Message: Can't find element by locator ('xpath', '//div[@id=\"msg_from_server\"]')",
        "time" : {
          "start" : 1754100319264,
          "stop" : 1754100327198,
          "duration" : 7934
        }
      }, {
        "uid" : "21e349ef0e4b519d",
        "reportUrl" : "https://lambotik.github.io/Oblache/458//#testresult/21e349ef0e4b519d",
        "status" : "broken",
        "statusDetails" : "selenium.common.exceptions.TimeoutException: Message: Can't find element by locator ('xpath', '//div[@id=\"msg_from_server\"]')",
        "time" : {
          "start" : 1754015240062,
          "stop" : 1754015248113,
          "duration" : 8051
        }
      }, {
        "uid" : "410aef75788f6fd3",
        "reportUrl" : "https://lambotik.github.io/Oblache/457//#testresult/410aef75788f6fd3",
        "status" : "broken",
        "statusDetails" : "selenium.common.exceptions.TimeoutException: Message: Can't find element by locator ('xpath', '//div[@id=\"msg_from_server\"]')",
        "time" : {
          "start" : 1753927818459,
          "stop" : 1753927826606,
          "duration" : 8147
        }
      }, {
        "uid" : "200020753b025737",
        "reportUrl" : "https://lambotik.github.io/Oblache/456//#testresult/200020753b025737",
        "status" : "broken",
        "statusDetails" : "selenium.common.exceptions.TimeoutException: Message: Can't find element by locator ('xpath', '//div[@id=\"msg_from_server\"]')",
        "time" : {
          "start" : 1753841424861,
          "stop" : 1753841432893,
          "duration" : 8032
        }
      }, {
        "uid" : "c1ba373570f415bb",
        "reportUrl" : "https://lambotik.github.io/Oblache/455//#testresult/c1ba373570f415bb",
        "status" : "broken",
        "statusDetails" : "selenium.common.exceptions.TimeoutException: Message: Can't find element by locator ('xpath', '//div[@id=\"msg_from_server\"]')",
        "time" : {
          "start" : 1753755981751,
          "stop" : 1753755990764,
          "duration" : 9013
        }
      }, {
        "uid" : "144e1bfe2484996f",
        "reportUrl" : "https://lambotik.github.io/Oblache/454//#testresult/144e1bfe2484996f",
        "status" : "broken",
        "statusDetails" : "selenium.common.exceptions.TimeoutException: Message: Can't find element by locator ('xpath', '//div[@id=\"msg_from_server\"]')",
        "time" : {
          "start" : 1753668872728,
          "stop" : 1753668881616,
          "duration" : 8888
        }
      }, {
        "uid" : "ad93e864117268da",
        "reportUrl" : "https://lambotik.github.io/Oblache/453//#testresult/ad93e864117268da",
        "status" : "broken",
        "statusDetails" : "selenium.common.exceptions.TimeoutException: Message: Can't find element by locator ('xpath', '//select[@id=\"selectDBRegion\"] /option[@value=\"3\"]')\nStacktrace:\n#0 0x55fa93cd07da <unknown>\n#1 0x55fa937752e0 <unknown>\n#2 0x55fa937c6e00 <unknown>\n#3 0x55fa937c6ff1 <unknown>\n#4 0x55fa93815324 <unknown>\n#5 0x55fa937ec8dd <unknown>\n#6 0x55fa9381271c <unknown>\n#7 0x55fa937ec683 <unknown>\n#8 0x55fa937b8b5b <unknown>\n#9 0x55fa937b9f31 <unknown>\n#10 0x55fa93c9572b <unknown>\n#11 0x55fa93c99534 <unknown>\n#12 0x55fa93c7c229 <unknown>\n#13 0x55fa93c9a0d8 <unknown>\n#14 0x55fa93c6061f <unknown>\n#15 0x55fa93cbddd8 <unknown>\n#16 0x55fa93cbdfb6 <unknown>\n#17 0x55fa93ccfaf6 <unknown>\n#18 0x7fc4abe9caa4 <unknown>\n#19 0x7fc4abf29c3c <unknown>",
        "time" : {
          "start" : 1753583004949,
          "stop" : 1753583012146,
          "duration" : 7197
        }
      }, {
        "uid" : "72885d72f4b4eb8a",
        "reportUrl" : "https://lambotik.github.io/Oblache/452//#testresult/72885d72f4b4eb8a",
        "status" : "broken",
        "statusDetails" : "selenium.common.exceptions.TimeoutException: Message: Can't find element by locator ('xpath', '//div[@id=\"msg_from_server\"]')",
        "time" : {
          "start" : 1753495398774,
          "stop" : 1753495407012,
          "duration" : 8238
        }
      }, {
        "uid" : "92c79202f4a16bbc",
        "reportUrl" : "https://lambotik.github.io/Oblache/451//#testresult/92c79202f4a16bbc",
        "status" : "broken",
        "statusDetails" : "selenium.common.exceptions.TimeoutException: Message: Can't find element by locator ('xpath', '//div[@id=\"msg_from_server\"]')",
        "time" : {
          "start" : 1753409238926,
          "stop" : 1753409246935,
          "duration" : 8009
        }
      }, {
        "uid" : "43f28f1753e9afd4",
        "reportUrl" : "https://lambotik.github.io/Oblache/450//#testresult/43f28f1753e9afd4",
        "status" : "broken",
        "statusDetails" : "selenium.common.exceptions.TimeoutException: Message: Can't find element by locator ('xpath', '//div[@id=\"msg_from_server\"]')",
        "time" : {
          "start" : 1751333058530,
          "stop" : 1751333066555,
          "duration" : 8025
        }
      }, {
        "uid" : "96740238b14a8366",
        "reportUrl" : "https://lambotik.github.io/Oblache/449//#testresult/96740238b14a8366",
        "status" : "broken",
        "statusDetails" : "selenium.common.exceptions.TimeoutException: Message: Can't find element by locator ('xpath', '//div[@id=\"msg_from_server\"]')",
        "time" : {
          "start" : 1751246472420,
          "stop" : 1751246480469,
          "duration" : 8049
        }
      }, {
        "uid" : "f3df21b5d654f670",
        "reportUrl" : "https://lambotik.github.io/Oblache/448//#testresult/f3df21b5d654f670",
        "status" : "broken",
        "statusDetails" : "selenium.common.exceptions.TimeoutException: Message: Can't find element by locator ('xpath', '//div[@id=\"msg_from_server\"]')",
        "time" : {
          "start" : 1751160258161,
          "stop" : 1751160266748,
          "duration" : 8587
        }
      }, {
        "uid" : "679be50dbd822a4b",
        "reportUrl" : "https://lambotik.github.io/Oblache/447//#testresult/679be50dbd822a4b",
        "status" : "broken",
        "statusDetails" : "selenium.common.exceptions.TimeoutException: Message: Can't find element by locator ('xpath', '//div[@id=\"msg_from_server\"]')",
        "time" : {
          "start" : 1751073249228,
          "stop" : 1751073257377,
          "duration" : 8149
        }
      }, {
        "uid" : "25607e8b59cb5808",
        "reportUrl" : "https://lambotik.github.io/Oblache/446//#testresult/25607e8b59cb5808",
        "status" : "broken",
        "statusDetails" : "selenium.common.exceptions.TimeoutException: Message: Can't find element by locator ('xpath', '//div[@id=\"msg_from_server\"]')",
        "time" : {
          "start" : 1750987048625,
          "stop" : 1750987057584,
          "duration" : 8959
        }
      }, {
        "uid" : "16deaae4b7debb32",
        "reportUrl" : "https://lambotik.github.io/Oblache/445//#testresult/16deaae4b7debb32",
        "status" : "broken",
        "statusDetails" : "selenium.common.exceptions.TimeoutException: Message: Can't find element by locator ('xpath', '//div[@id=\"msg_from_server\"]')",
        "time" : {
          "start" : 1750900591432,
          "stop" : 1750900599595,
          "duration" : 8163
        }
      } ]
    },
    "tags" : [ ]
  },
  "source" : "2192637a3bd588db.json",
  "parameterValues" : [ ]
}