{
  "uid" : "a4a138c087c9974c",
  "name" : "test_clipboard",
  "fullName" : "tests_ui.test_ui.TestProfilePage#test_clipboard_uuid_db",
  "historyId" : "b32cefb1d87a8aa3bb37280cb980702f",
  "time" : {
    "start" : 1754619006850,
    "stop" : 1754619011976,
    "duration" : 5126
  },
  "status" : "broken",
  "statusMessage" : "selenium.common.exceptions.TimeoutException: Message: Can't find element by locator ('xpath', '//button[@id = \"menu_button_databases\"]')\nStacktrace:\n#0 0x5612505d787a <unknown>\n#1 0x56125007c2e0 <unknown>\n#2 0x5612500cde00 <unknown>\n#3 0x5612500cdff1 <unknown>\n#4 0x56125011c324 <unknown>\n#5 0x5612500f38dd <unknown>\n#6 0x56125011971c <unknown>\n#7 0x5612500f3683 <unknown>\n#8 0x5612500bfb5b <unknown>\n#9 0x5612500c0f31 <unknown>\n#10 0x56125059c7cb <unknown>\n#11 0x5612505a05d4 <unknown>\n#12 0x5612505832c9 <unknown>\n#13 0x5612505a1178 <unknown>\n#14 0x5612505676bf <unknown>\n#15 0x5612505c4e78 <unknown>\n#16 0x5612505c5056 <unknown>\n#17 0x5612505d6b96 <unknown>\n#18 0x7fbf1149caa4 <unknown>\n#19 0x7fbf11529c3c <unknown>",
  "statusTrace" : "self = <tests_ui.test_ui.TestProfilePage object at 0x7f87e8f75970>\ndriver = <selenium.webdriver.chrome.webdriver.WebDriver (session=\"3d37dd7e280b20e56793a2c2ca08ee2b\")>\nauthorization_user = None\n\n    @allure.title('test_clipboard')\n    def test_clipboard_uuid_db(self, driver, authorization_user):\n        page = ProfilePage(driver, authorization_user)\n>       page.click_button_databases()\n\ntests_ui/test_ui.py:98: \n_ _ _ _ _ _ _ _ _ _ _ _ _ _ _ _ _ _ _ _ _ _ _ _ _ _ _ _ _ _ _ _ _ _ _ _ _ _ _ _ \ntests_ui/profile_page.py:36: in click_button_databases\n    return self.element_is_present_and_clickable(self.locators.DATABASE_BUTTON).click()\ntests_ui/base_page.py:28: in element_is_present_and_clickable\n    return (Wait(self.driver, self.timeout).until(\n_ _ _ _ _ _ _ _ _ _ _ _ _ _ _ _ _ _ _ _ _ _ _ _ _ _ _ _ _ _ _ _ _ _ _ _ _ _ _ _ \n\nself = <selenium.webdriver.support.wait.WebDriverWait (session=\"3d37dd7e280b20e56793a2c2ca08ee2b\")>\nmethod = <function visibility_of_element_located.<locals>._predicate at 0x7f87e81a18a0>\nmessage = 'Can\\'t find element by locator (\\'xpath\\', \\'//button[@id = \"menu_button_databases\"]\\')'\n\n    def until(self, method: Callable[[D], Union[Literal[False], T]], message: str = \"\") -> T:\n        \"\"\"Calls the method provided with the driver as an argument until the \\\n        return value does not evaluate to ``False``.\n    \n        :param method: callable(WebDriver)\n        :param message: optional message for :exc:`TimeoutException`\n        :returns: the result of the last call to `method`\n        :raises: :exc:`selenium.common.exceptions.TimeoutException` if timeout occurs\n        \"\"\"\n        screen = None\n        stacktrace = None\n    \n        end_time = time.monotonic() + self._timeout\n        while True:\n            try:\n                value = method(self._driver)\n                if value:\n                    return value\n            except self._ignored_exceptions as exc:\n                screen = getattr(exc, \"screen\", None)\n                stacktrace = getattr(exc, \"stacktrace\", None)\n            time.sleep(self._poll)\n            if time.monotonic() > end_time:\n                break\n>       raise TimeoutException(message, screen, stacktrace)\nE       selenium.common.exceptions.TimeoutException: Message: Can't find element by locator ('xpath', '//button[@id = \"menu_button_databases\"]')\nE       Stacktrace:\nE       #0 0x5612505d787a <unknown>\nE       #1 0x56125007c2e0 <unknown>\nE       #2 0x5612500cde00 <unknown>\nE       #3 0x5612500cdff1 <unknown>\nE       #4 0x56125011c324 <unknown>\nE       #5 0x5612500f38dd <unknown>\nE       #6 0x56125011971c <unknown>\nE       #7 0x5612500f3683 <unknown>\nE       #8 0x5612500bfb5b <unknown>\nE       #9 0x5612500c0f31 <unknown>\nE       #10 0x56125059c7cb <unknown>\nE       #11 0x5612505a05d4 <unknown>\nE       #12 0x5612505832c9 <unknown>\nE       #13 0x5612505a1178 <unknown>\nE       #14 0x5612505676bf <unknown>\nE       #15 0x5612505c4e78 <unknown>\nE       #16 0x5612505c5056 <unknown>\nE       #17 0x5612505d6b96 <unknown>\nE       #18 0x7fbf1149caa4 <unknown>\nE       #19 0x7fbf11529c3c <unknown>\n\n/opt/hostedtoolcache/Python/3.12.11/x64/lib/python3.12/site-packages/selenium/webdriver/support/wait.py:105: TimeoutException",
  "flaky" : false,
  "newFailed" : false,
  "beforeStages" : [ {
    "name" : "authorization_user",
    "time" : {
      "start" : 1754619006166,
      "stop" : 1754619006850,
      "duration" : 684
    },
    "status" : "passed",
    "steps" : [ {
      "name" : "Open page: https://oblache.areso.pro/register.html",
      "time" : {
        "start" : 1754619006166,
        "stop" : 1754619006657,
        "duration" : 491
      },
      "status" : "passed",
      "steps" : [ ],
      "attachments" : [ ],
      "parameters" : [ ],
      "hasContent" : false,
      "stepsCount" : 0,
      "attachmentsCount" : 0,
      "shouldDisplayMessage" : false
    }, {
      "name" : "Login user",
      "time" : {
        "start" : 1754619006658,
        "stop" : 1754619006850,
        "duration" : 192
      },
      "status" : "passed",
      "steps" : [ {
        "name" : "Enter email.",
        "time" : {
          "start" : 1754619006658,
          "stop" : 1754619006718,
          "duration" : 60
        },
        "status" : "passed",
        "steps" : [ ],
        "attachments" : [ ],
        "parameters" : [ ],
        "hasContent" : false,
        "stepsCount" : 0,
        "attachmentsCount" : 0,
        "shouldDisplayMessage" : false
      }, {
        "name" : "Enter password.",
        "time" : {
          "start" : 1754619006718,
          "stop" : 1754619006762,
          "duration" : 44
        },
        "status" : "passed",
        "steps" : [ ],
        "attachments" : [ ],
        "parameters" : [ ],
        "hasContent" : false,
        "stepsCount" : 0,
        "attachmentsCount" : 0,
        "shouldDisplayMessage" : false
      }, {
        "name" : "Click button \"Login\"",
        "time" : {
          "start" : 1754619006762,
          "stop" : 1754619006847,
          "duration" : 85
        },
        "status" : "passed",
        "steps" : [ ],
        "attachments" : [ ],
        "parameters" : [ ],
        "hasContent" : false,
        "stepsCount" : 0,
        "attachmentsCount" : 0,
        "shouldDisplayMessage" : false
      }, {
        "name" : "Check url is present: https://oblache.areso.pro/register.html",
        "time" : {
          "start" : 1754619006848,
          "stop" : 1754619006850,
          "duration" : 2
        },
        "status" : "passed",
        "steps" : [ ],
        "attachments" : [ ],
        "parameters" : [ ],
        "hasContent" : false,
        "stepsCount" : 0,
        "attachmentsCount" : 0,
        "shouldDisplayMessage" : false
      } ],
      "attachments" : [ ],
      "parameters" : [ ],
      "hasContent" : true,
      "stepsCount" : 4,
      "attachmentsCount" : 0,
      "shouldDisplayMessage" : false
    } ],
    "attachments" : [ ],
    "parameters" : [ ],
    "hasContent" : true,
    "stepsCount" : 6,
    "attachmentsCount" : 0,
    "shouldDisplayMessage" : false
  }, {
    "name" : "driver",
    "time" : {
      "start" : 1754619005835,
      "stop" : 1754619006165,
      "duration" : 330
    },
    "status" : "passed",
    "steps" : [ ],
    "attachments" : [ ],
    "parameters" : [ ],
    "hasContent" : false,
    "stepsCount" : 0,
    "attachmentsCount" : 0,
    "shouldDisplayMessage" : false
  } ],
  "testStage" : {
    "status" : "broken",
    "statusMessage" : "selenium.common.exceptions.TimeoutException: Message: Can't find element by locator ('xpath', '//button[@id = \"menu_button_databases\"]')\nStacktrace:\n#0 0x5612505d787a <unknown>\n#1 0x56125007c2e0 <unknown>\n#2 0x5612500cde00 <unknown>\n#3 0x5612500cdff1 <unknown>\n#4 0x56125011c324 <unknown>\n#5 0x5612500f38dd <unknown>\n#6 0x56125011971c <unknown>\n#7 0x5612500f3683 <unknown>\n#8 0x5612500bfb5b <unknown>\n#9 0x5612500c0f31 <unknown>\n#10 0x56125059c7cb <unknown>\n#11 0x5612505a05d4 <unknown>\n#12 0x5612505832c9 <unknown>\n#13 0x5612505a1178 <unknown>\n#14 0x5612505676bf <unknown>\n#15 0x5612505c4e78 <unknown>\n#16 0x5612505c5056 <unknown>\n#17 0x5612505d6b96 <unknown>\n#18 0x7fbf1149caa4 <unknown>\n#19 0x7fbf11529c3c <unknown>",
    "statusTrace" : "self = <tests_ui.test_ui.TestProfilePage object at 0x7f87e8f75970>\ndriver = <selenium.webdriver.chrome.webdriver.WebDriver (session=\"3d37dd7e280b20e56793a2c2ca08ee2b\")>\nauthorization_user = None\n\n    @allure.title('test_clipboard')\n    def test_clipboard_uuid_db(self, driver, authorization_user):\n        page = ProfilePage(driver, authorization_user)\n>       page.click_button_databases()\n\ntests_ui/test_ui.py:98: \n_ _ _ _ _ _ _ _ _ _ _ _ _ _ _ _ _ _ _ _ _ _ _ _ _ _ _ _ _ _ _ _ _ _ _ _ _ _ _ _ \ntests_ui/profile_page.py:36: in click_button_databases\n    return self.element_is_present_and_clickable(self.locators.DATABASE_BUTTON).click()\ntests_ui/base_page.py:28: in element_is_present_and_clickable\n    return (Wait(self.driver, self.timeout).until(\n_ _ _ _ _ _ _ _ _ _ _ _ _ _ _ _ _ _ _ _ _ _ _ _ _ _ _ _ _ _ _ _ _ _ _ _ _ _ _ _ \n\nself = <selenium.webdriver.support.wait.WebDriverWait (session=\"3d37dd7e280b20e56793a2c2ca08ee2b\")>\nmethod = <function visibility_of_element_located.<locals>._predicate at 0x7f87e81a18a0>\nmessage = 'Can\\'t find element by locator (\\'xpath\\', \\'//button[@id = \"menu_button_databases\"]\\')'\n\n    def until(self, method: Callable[[D], Union[Literal[False], T]], message: str = \"\") -> T:\n        \"\"\"Calls the method provided with the driver as an argument until the \\\n        return value does not evaluate to ``False``.\n    \n        :param method: callable(WebDriver)\n        :param message: optional message for :exc:`TimeoutException`\n        :returns: the result of the last call to `method`\n        :raises: :exc:`selenium.common.exceptions.TimeoutException` if timeout occurs\n        \"\"\"\n        screen = None\n        stacktrace = None\n    \n        end_time = time.monotonic() + self._timeout\n        while True:\n            try:\n                value = method(self._driver)\n                if value:\n                    return value\n            except self._ignored_exceptions as exc:\n                screen = getattr(exc, \"screen\", None)\n                stacktrace = getattr(exc, \"stacktrace\", None)\n            time.sleep(self._poll)\n            if time.monotonic() > end_time:\n                break\n>       raise TimeoutException(message, screen, stacktrace)\nE       selenium.common.exceptions.TimeoutException: Message: Can't find element by locator ('xpath', '//button[@id = \"menu_button_databases\"]')\nE       Stacktrace:\nE       #0 0x5612505d787a <unknown>\nE       #1 0x56125007c2e0 <unknown>\nE       #2 0x5612500cde00 <unknown>\nE       #3 0x5612500cdff1 <unknown>\nE       #4 0x56125011c324 <unknown>\nE       #5 0x5612500f38dd <unknown>\nE       #6 0x56125011971c <unknown>\nE       #7 0x5612500f3683 <unknown>\nE       #8 0x5612500bfb5b <unknown>\nE       #9 0x5612500c0f31 <unknown>\nE       #10 0x56125059c7cb <unknown>\nE       #11 0x5612505a05d4 <unknown>\nE       #12 0x5612505832c9 <unknown>\nE       #13 0x5612505a1178 <unknown>\nE       #14 0x5612505676bf <unknown>\nE       #15 0x5612505c4e78 <unknown>\nE       #16 0x5612505c5056 <unknown>\nE       #17 0x5612505d6b96 <unknown>\nE       #18 0x7fbf1149caa4 <unknown>\nE       #19 0x7fbf11529c3c <unknown>\n\n/opt/hostedtoolcache/Python/3.12.11/x64/lib/python3.12/site-packages/selenium/webdriver/support/wait.py:105: TimeoutException",
    "steps" : [ {
      "name" : "Click \"Databases\" button.",
      "time" : {
        "start" : 1754619006850,
        "stop" : 1754619011976,
        "duration" : 5126
      },
      "status" : "broken",
      "statusMessage" : "selenium.common.exceptions.TimeoutException: Message: Can't find element by locator ('xpath', '//button[@id = \"menu_button_databases\"]')\nStacktrace:\n#0 0x5612505d787a <unknown>\n#1 0x56125007c2e0 <unknown>\n#2 0x5612500cde00 <unknown>\n#3 0x5612500cdff1 <unknown>\n#4 0x56125011c324 <unknown>\n#5 0x5612500f38dd <unknown>\n#6 0x56125011971c <unknown>\n#7 0x5612500f3683 <unknown>\n#8 0x5612500bfb5b <unknown>\n#9 0x5612500c0f31 <unknown>\n#10 0x56125059c7cb <unknown>\n#11 0x5612505a05d4 <unknown>\n#12 0x5612505832c9 <unknown>\n#13 0x5612505a1178 <unknown>\n#14 0x5612505676bf <unknown>\n#15 0x5612505c4e78 <unknown>\n#16 0x5612505c5056 <unknown>\n#17 0x5612505d6b96 <unknown>\n#18 0x7fbf1149caa4 <unknown>\n#19 0x7fbf11529c3c <unknown>\n\n",
      "statusTrace" : "  File \"/home/runner/work/Oblache/Oblache/tests_ui/profile_page.py\", line 36, in click_button_databases\n    return self.element_is_present_and_clickable(self.locators.DATABASE_BUTTON).click()\n           ^^^^^^^^^^^^^^^^^^^^^^^^^^^^^^^^^^^^^^^^^^^^^^^^^^^^^^^^^^^^^^^^^^^^\n  File \"/home/runner/work/Oblache/Oblache/tests_ui/base_page.py\", line 28, in element_is_present_and_clickable\n    return (Wait(self.driver, self.timeout).until(\n            ^^^^^^^^^^^^^^^^^^^^^^^^^^^^^^^^^^^^^^\n  File \"/opt/hostedtoolcache/Python/3.12.11/x64/lib/python3.12/site-packages/selenium/webdriver/support/wait.py\", line 105, in until\n    raise TimeoutException(message, screen, stacktrace)\n",
      "steps" : [ ],
      "attachments" : [ ],
      "parameters" : [ ],
      "hasContent" : true,
      "stepsCount" : 0,
      "attachmentsCount" : 0,
      "shouldDisplayMessage" : true
    } ],
    "attachments" : [ {
      "uid" : "62767c31bc344aea",
      "name" : "Screenshot 2025-08-08 02:10:12.072577",
      "source" : "62767c31bc344aea.png",
      "type" : "image/png",
      "size" : 15825
    } ],
    "parameters" : [ ],
    "hasContent" : true,
    "stepsCount" : 1,
    "attachmentsCount" : 1,
    "shouldDisplayMessage" : true
  },
  "afterStages" : [ {
    "name" : "driver::0",
    "time" : {
      "start" : 1754619012073,
      "stop" : 1754619012133,
      "duration" : 60
    },
    "status" : "passed",
    "steps" : [ ],
    "attachments" : [ ],
    "parameters" : [ ],
    "hasContent" : false,
    "stepsCount" : 0,
    "attachmentsCount" : 0,
    "shouldDisplayMessage" : false
  } ],
  "labels" : [ {
    "name" : "suite",
    "value" : "Test Profile Page."
  }, {
    "name" : "parentSuite",
    "value" : "tests_ui"
  }, {
    "name" : "subSuite",
    "value" : "TestProfilePage"
  }, {
    "name" : "host",
    "value" : "pkrvmjbmru5nbw0"
  }, {
    "name" : "thread",
    "value" : "2667-MainThread"
  }, {
    "name" : "framework",
    "value" : "pytest"
  }, {
    "name" : "language",
    "value" : "cpython3"
  }, {
    "name" : "package",
    "value" : "tests_ui.test_ui"
  }, {
    "name" : "resultFormat",
    "value" : "allure2"
  } ],
  "parameters" : [ ],
  "links" : [ ],
  "hidden" : false,
  "retry" : false,
  "extra" : {
    "severity" : "normal",
    "retries" : [ ],
    "categories" : [ {
      "name" : "Test defects",
      "matchedStatuses" : [ ],
      "flaky" : false
    } ],
    "history" : {
      "statistic" : {
        "failed" : 0,
        "broken" : 46,
        "skipped" : 0,
        "passed" : 198,
        "unknown" : 0,
        "total" : 244
      },
      "items" : [ {
        "uid" : "d45e337927261be3",
        "reportUrl" : "https://lambotik.github.io/Oblache/464//#testresult/d45e337927261be3",
        "status" : "passed",
        "time" : {
          "start" : 1754532761372,
          "stop" : 1754532764093,
          "duration" : 2721
        }
      }, {
        "uid" : "1e98cc353b71d1e0",
        "reportUrl" : "https://lambotik.github.io/Oblache/463//#testresult/1e98cc353b71d1e0",
        "status" : "broken",
        "statusDetails" : "selenium.common.exceptions.TimeoutException: Message: Can't find element by locator ('xpath', '//button[@id = \"menu_button_databases\"]')\nStacktrace:\n#0 0x563cbdd6487a <unknown>\n#1 0x563cbd8092e0 <unknown>\n#2 0x563cbd85ae00 <unknown>\n#3 0x563cbd85aff1 <unknown>\n#4 0x563cbd8a9324 <unknown>\n#5 0x563cbd8808dd <unknown>\n#6 0x563cbd8a671c <unknown>\n#7 0x563cbd880683 <unknown>\n#8 0x563cbd84cb5b <unknown>\n#9 0x563cbd84df31 <unknown>\n#10 0x563cbdd297cb <unknown>\n#11 0x563cbdd2d5d4 <unknown>\n#12 0x563cbdd102c9 <unknown>\n#13 0x563cbdd2e178 <unknown>\n#14 0x563cbdcf46bf <unknown>\n#15 0x563cbdd51e78 <unknown>\n#16 0x563cbdd52056 <unknown>\n#17 0x563cbdd63b96 <unknown>\n#18 0x7f4b1ec9caa4 <unknown>\n#19 0x7f4b1ed29c3c <unknown>",
        "time" : {
          "start" : 1754446225086,
          "stop" : 1754446230216,
          "duration" : 5130
        }
      }, {
        "uid" : "25d8cef8e92b2b88",
        "reportUrl" : "https://lambotik.github.io/Oblache/462//#testresult/25d8cef8e92b2b88",
        "status" : "passed",
        "time" : {
          "start" : 1754360021049,
          "stop" : 1754360023261,
          "duration" : 2212
        }
      }, {
        "uid" : "257ba1223f7b5a78",
        "reportUrl" : "https://lambotik.github.io/Oblache/461//#testresult/257ba1223f7b5a78",
        "status" : "passed",
        "time" : {
          "start" : 1754274336397,
          "stop" : 1754274338565,
          "duration" : 2168
        }
      }, {
        "uid" : "c5a74b4be2759c70",
        "reportUrl" : "https://lambotik.github.io/Oblache/460//#testresult/c5a74b4be2759c70",
        "status" : "passed",
        "time" : {
          "start" : 1754188003614,
          "stop" : 1754188006398,
          "duration" : 2784
        }
      }, {
        "uid" : "c44de2e0f86ac249",
        "reportUrl" : "https://lambotik.github.io/Oblache/459//#testresult/c44de2e0f86ac249",
        "status" : "passed",
        "time" : {
          "start" : 1754100337018,
          "stop" : 1754100339308,
          "duration" : 2290
        }
      }, {
        "uid" : "507b24f0248288ca",
        "reportUrl" : "https://lambotik.github.io/Oblache/458//#testresult/507b24f0248288ca",
        "status" : "broken",
        "statusDetails" : "selenium.common.exceptions.TimeoutException: Message: Can't find elements by locator ('xpath', '//tbody[@id=\"tbody_dbs\"]//tr')",
        "time" : {
          "start" : 1754015253555,
          "stop" : 1754015259464,
          "duration" : 5909
        }
      }, {
        "uid" : "c2c53f29ba000854",
        "reportUrl" : "https://lambotik.github.io/Oblache/457//#testresult/c2c53f29ba000854",
        "status" : "broken",
        "statusDetails" : "selenium.common.exceptions.TimeoutException: Message: Can't find elements by locator ('xpath', '//tbody[@id=\"tbody_dbs\"]//tr')",
        "time" : {
          "start" : 1753927832425,
          "stop" : 1753927838663,
          "duration" : 6238
        }
      }, {
        "uid" : "e289a9185657a336",
        "reportUrl" : "https://lambotik.github.io/Oblache/456//#testresult/e289a9185657a336",
        "status" : "passed",
        "time" : {
          "start" : 1753841438441,
          "stop" : 1753841440641,
          "duration" : 2200
        }
      }, {
        "uid" : "70e1a0eaec7fb364",
        "reportUrl" : "https://lambotik.github.io/Oblache/455//#testresult/70e1a0eaec7fb364",
        "status" : "passed",
        "time" : {
          "start" : 1753755997097,
          "stop" : 1753755999879,
          "duration" : 2782
        }
      }, {
        "uid" : "841421fe4e379d1a",
        "reportUrl" : "https://lambotik.github.io/Oblache/454//#testresult/841421fe4e379d1a",
        "status" : "passed",
        "time" : {
          "start" : 1753668887672,
          "stop" : 1753668890360,
          "duration" : 2688
        }
      }, {
        "uid" : "c80156f5235effa",
        "reportUrl" : "https://lambotik.github.io/Oblache/453//#testresult/c80156f5235effa",
        "status" : "broken",
        "statusDetails" : "KeyError: 'data'",
        "time" : {
          "start" : 1753583018350,
          "stop" : 1753583021000,
          "duration" : 2650
        }
      }, {
        "uid" : "2a47cdff1f6bf2b1",
        "reportUrl" : "https://lambotik.github.io/Oblache/452//#testresult/2a47cdff1f6bf2b1",
        "status" : "passed",
        "time" : {
          "start" : 1753495412693,
          "stop" : 1753495414703,
          "duration" : 2010
        }
      }, {
        "uid" : "2e99ada463153edb",
        "reportUrl" : "https://lambotik.github.io/Oblache/451//#testresult/2e99ada463153edb",
        "status" : "passed",
        "time" : {
          "start" : 1753409252492,
          "stop" : 1753409254666,
          "duration" : 2174
        }
      }, {
        "uid" : "8c6cb737dba9a8b0",
        "reportUrl" : "https://lambotik.github.io/Oblache/450//#testresult/8c6cb737dba9a8b0",
        "status" : "passed",
        "time" : {
          "start" : 1751333071961,
          "stop" : 1751333073938,
          "duration" : 1977
        }
      }, {
        "uid" : "8785880649fa00db",
        "reportUrl" : "https://lambotik.github.io/Oblache/449//#testresult/8785880649fa00db",
        "status" : "passed",
        "time" : {
          "start" : 1751246485979,
          "stop" : 1751246487985,
          "duration" : 2006
        }
      }, {
        "uid" : "c870149787cf8b09",
        "reportUrl" : "https://lambotik.github.io/Oblache/448//#testresult/c870149787cf8b09",
        "status" : "passed",
        "time" : {
          "start" : 1751160272668,
          "stop" : 1751160275071,
          "duration" : 2403
        }
      }, {
        "uid" : "6e43b70238ce8bc4",
        "reportUrl" : "https://lambotik.github.io/Oblache/447//#testresult/6e43b70238ce8bc4",
        "status" : "broken",
        "statusDetails" : "selenium.common.exceptions.TimeoutException: Message: Can't find elements by locator ('xpath', '//tbody[@id=\"tbody_dbs\"]//tr')",
        "time" : {
          "start" : 1751073263202,
          "stop" : 1751073269159,
          "duration" : 5957
        }
      }, {
        "uid" : "48eefa974fdda267",
        "reportUrl" : "https://lambotik.github.io/Oblache/446//#testresult/48eefa974fdda267",
        "status" : "passed",
        "time" : {
          "start" : 1750987063776,
          "stop" : 1750987066555,
          "duration" : 2779
        }
      }, {
        "uid" : "c10cda23718d44a0",
        "reportUrl" : "https://lambotik.github.io/Oblache/445//#testresult/c10cda23718d44a0",
        "status" : "passed",
        "time" : {
          "start" : 1750900609434,
          "stop" : 1750900611785,
          "duration" : 2351
        }
      } ]
    },
    "tags" : [ ]
  },
  "source" : "a4a138c087c9974c.json",
  "parameterValues" : [ ]
}