{
  "uid" : "ddea4655f7c50bfd",
  "name" : "test_clipboard",
  "fullName" : "tests_ui.test_ui.TestProfilePage#test_clipboard_uuid_db",
  "historyId" : "b32cefb1d87a8aa3bb37280cb980702f",
  "time" : {
    "start" : 1749604497830,
    "stop" : 1749604502958,
    "duration" : 5128
  },
  "status" : "broken",
  "statusMessage" : "selenium.common.exceptions.TimeoutException: Message: Can't find element by locator ('xpath', '//button[@id = \"menu_button_databases\"]')\nStacktrace:\n#0 0x5572bcd2b29a <unknown>\n#1 0x5572bc797040 <unknown>\n#2 0x5572bc7e8990 <unknown>\n#3 0x5572bc7e8b81 <unknown>\n#4 0x5572bc837664 <unknown>\n#5 0x5572bc80e6bd <unknown>\n#6 0x5572bc834ace <unknown>\n#7 0x5572bc80e463 <unknown>\n#8 0x5572bc7dac55 <unknown>\n#9 0x5572bc7db8c1 <unknown>\n#10 0x5572bccf01bb <unknown>\n#11 0x5572bccf40c9 <unknown>\n#12 0x5572bccd8a39 <unknown>\n#13 0x5572bccf4c78 <unknown>\n#14 0x5572bccbd6bf <unknown>\n#15 0x5572bcd18948 <unknown>\n#16 0x5572bcd18b26 <unknown>\n#17 0x5572bcd2a176 <unknown>\n#18 0x7f76e889caa4 <unknown>\n#19 0x7f76e8929c3c <unknown>",
  "statusTrace" : "self = <tests_ui.test_ui.TestProfilePage object at 0x7fab7c66b980>\ndriver = <selenium.webdriver.chrome.webdriver.WebDriver (session=\"55753cba568da837d6a4e230853bfe0e\")>\nauthorization_user = None\n\n    @allure.title('test_clipboard')\n    def test_clipboard_uuid_db(self, driver, authorization_user):\n        page = ProfilePage(driver, authorization_user)\n>       page.click_button_databases()\n\ntests_ui/test_ui.py:98: \n_ _ _ _ _ _ _ _ _ _ _ _ _ _ _ _ _ _ _ _ _ _ _ _ _ _ _ _ _ _ _ _ _ _ _ _ _ _ _ _ \ntests_ui/profile_page.py:36: in click_button_databases\n    return self.element_is_present_and_clickable(self.locators.DATABASE_BUTTON).click()\ntests_ui/base_page.py:28: in element_is_present_and_clickable\n    return (Wait(self.driver, self.timeout).until(\n_ _ _ _ _ _ _ _ _ _ _ _ _ _ _ _ _ _ _ _ _ _ _ _ _ _ _ _ _ _ _ _ _ _ _ _ _ _ _ _ \n\nself = <selenium.webdriver.support.wait.WebDriverWait (session=\"55753cba568da837d6a4e230853bfe0e\")>\nmethod = <function visibility_of_element_located.<locals>._predicate at 0x7fab7bdf2660>\nmessage = 'Can\\'t find element by locator (\\'xpath\\', \\'//button[@id = \"menu_button_databases\"]\\')'\n\n    def until(self, method: Callable[[D], Union[Literal[False], T]], message: str = \"\") -> T:\n        \"\"\"Calls the method provided with the driver as an argument until the \\\n        return value does not evaluate to ``False``.\n    \n        :param method: callable(WebDriver)\n        :param message: optional message for :exc:`TimeoutException`\n        :returns: the result of the last call to `method`\n        :raises: :exc:`selenium.common.exceptions.TimeoutException` if timeout occurs\n        \"\"\"\n        screen = None\n        stacktrace = None\n    \n        end_time = time.monotonic() + self._timeout\n        while True:\n            try:\n                value = method(self._driver)\n                if value:\n                    return value\n            except self._ignored_exceptions as exc:\n                screen = getattr(exc, \"screen\", None)\n                stacktrace = getattr(exc, \"stacktrace\", None)\n            time.sleep(self._poll)\n            if time.monotonic() > end_time:\n                break\n>       raise TimeoutException(message, screen, stacktrace)\nE       selenium.common.exceptions.TimeoutException: Message: Can't find element by locator ('xpath', '//button[@id = \"menu_button_databases\"]')\nE       Stacktrace:\nE       #0 0x5572bcd2b29a <unknown>\nE       #1 0x5572bc797040 <unknown>\nE       #2 0x5572bc7e8990 <unknown>\nE       #3 0x5572bc7e8b81 <unknown>\nE       #4 0x5572bc837664 <unknown>\nE       #5 0x5572bc80e6bd <unknown>\nE       #6 0x5572bc834ace <unknown>\nE       #7 0x5572bc80e463 <unknown>\nE       #8 0x5572bc7dac55 <unknown>\nE       #9 0x5572bc7db8c1 <unknown>\nE       #10 0x5572bccf01bb <unknown>\nE       #11 0x5572bccf40c9 <unknown>\nE       #12 0x5572bccd8a39 <unknown>\nE       #13 0x5572bccf4c78 <unknown>\nE       #14 0x5572bccbd6bf <unknown>\nE       #15 0x5572bcd18948 <unknown>\nE       #16 0x5572bcd18b26 <unknown>\nE       #17 0x5572bcd2a176 <unknown>\nE       #18 0x7f76e889caa4 <unknown>\nE       #19 0x7f76e8929c3c <unknown>\n\n/opt/hostedtoolcache/Python/3.12.10/x64/lib/python3.12/site-packages/selenium/webdriver/support/wait.py:105: TimeoutException",
  "flaky" : false,
  "newFailed" : false,
  "beforeStages" : [ {
    "name" : "driver",
    "time" : {
      "start" : 1749604496914,
      "stop" : 1749604497250,
      "duration" : 336
    },
    "status" : "passed",
    "steps" : [ ],
    "attachments" : [ ],
    "parameters" : [ ],
    "stepsCount" : 0,
    "attachmentsCount" : 0,
    "shouldDisplayMessage" : false,
    "hasContent" : false
  }, {
    "name" : "authorization_user",
    "time" : {
      "start" : 1749604497250,
      "stop" : 1749604497830,
      "duration" : 580
    },
    "status" : "passed",
    "steps" : [ {
      "name" : "Open page: https://oblache.areso.pro/register.html",
      "time" : {
        "start" : 1749604497250,
        "stop" : 1749604497615,
        "duration" : 365
      },
      "status" : "passed",
      "steps" : [ ],
      "attachments" : [ ],
      "parameters" : [ ],
      "stepsCount" : 0,
      "attachmentsCount" : 0,
      "shouldDisplayMessage" : false,
      "hasContent" : false
    }, {
      "name" : "Login user",
      "time" : {
        "start" : 1749604497615,
        "stop" : 1749604497830,
        "duration" : 215
      },
      "status" : "passed",
      "steps" : [ {
        "name" : "Enter email.",
        "time" : {
          "start" : 1749604497615,
          "stop" : 1749604497696,
          "duration" : 81
        },
        "status" : "passed",
        "steps" : [ ],
        "attachments" : [ ],
        "parameters" : [ ],
        "stepsCount" : 0,
        "attachmentsCount" : 0,
        "shouldDisplayMessage" : false,
        "hasContent" : false
      }, {
        "name" : "Enter password.",
        "time" : {
          "start" : 1749604497696,
          "stop" : 1749604497741,
          "duration" : 45
        },
        "status" : "passed",
        "steps" : [ ],
        "attachments" : [ ],
        "parameters" : [ ],
        "stepsCount" : 0,
        "attachmentsCount" : 0,
        "shouldDisplayMessage" : false,
        "hasContent" : false
      }, {
        "name" : "Click button \"Login\"",
        "time" : {
          "start" : 1749604497741,
          "stop" : 1749604497827,
          "duration" : 86
        },
        "status" : "passed",
        "steps" : [ ],
        "attachments" : [ ],
        "parameters" : [ ],
        "stepsCount" : 0,
        "attachmentsCount" : 0,
        "shouldDisplayMessage" : false,
        "hasContent" : false
      }, {
        "name" : "Check url is present: https://oblache.areso.pro/register.html",
        "time" : {
          "start" : 1749604497827,
          "stop" : 1749604497830,
          "duration" : 3
        },
        "status" : "passed",
        "steps" : [ ],
        "attachments" : [ ],
        "parameters" : [ ],
        "stepsCount" : 0,
        "attachmentsCount" : 0,
        "shouldDisplayMessage" : false,
        "hasContent" : false
      } ],
      "attachments" : [ ],
      "parameters" : [ ],
      "stepsCount" : 4,
      "attachmentsCount" : 0,
      "shouldDisplayMessage" : false,
      "hasContent" : true
    } ],
    "attachments" : [ ],
    "parameters" : [ ],
    "stepsCount" : 6,
    "attachmentsCount" : 0,
    "shouldDisplayMessage" : false,
    "hasContent" : true
  } ],
  "testStage" : {
    "status" : "broken",
    "statusMessage" : "selenium.common.exceptions.TimeoutException: Message: Can't find element by locator ('xpath', '//button[@id = \"menu_button_databases\"]')\nStacktrace:\n#0 0x5572bcd2b29a <unknown>\n#1 0x5572bc797040 <unknown>\n#2 0x5572bc7e8990 <unknown>\n#3 0x5572bc7e8b81 <unknown>\n#4 0x5572bc837664 <unknown>\n#5 0x5572bc80e6bd <unknown>\n#6 0x5572bc834ace <unknown>\n#7 0x5572bc80e463 <unknown>\n#8 0x5572bc7dac55 <unknown>\n#9 0x5572bc7db8c1 <unknown>\n#10 0x5572bccf01bb <unknown>\n#11 0x5572bccf40c9 <unknown>\n#12 0x5572bccd8a39 <unknown>\n#13 0x5572bccf4c78 <unknown>\n#14 0x5572bccbd6bf <unknown>\n#15 0x5572bcd18948 <unknown>\n#16 0x5572bcd18b26 <unknown>\n#17 0x5572bcd2a176 <unknown>\n#18 0x7f76e889caa4 <unknown>\n#19 0x7f76e8929c3c <unknown>",
    "statusTrace" : "self = <tests_ui.test_ui.TestProfilePage object at 0x7fab7c66b980>\ndriver = <selenium.webdriver.chrome.webdriver.WebDriver (session=\"55753cba568da837d6a4e230853bfe0e\")>\nauthorization_user = None\n\n    @allure.title('test_clipboard')\n    def test_clipboard_uuid_db(self, driver, authorization_user):\n        page = ProfilePage(driver, authorization_user)\n>       page.click_button_databases()\n\ntests_ui/test_ui.py:98: \n_ _ _ _ _ _ _ _ _ _ _ _ _ _ _ _ _ _ _ _ _ _ _ _ _ _ _ _ _ _ _ _ _ _ _ _ _ _ _ _ \ntests_ui/profile_page.py:36: in click_button_databases\n    return self.element_is_present_and_clickable(self.locators.DATABASE_BUTTON).click()\ntests_ui/base_page.py:28: in element_is_present_and_clickable\n    return (Wait(self.driver, self.timeout).until(\n_ _ _ _ _ _ _ _ _ _ _ _ _ _ _ _ _ _ _ _ _ _ _ _ _ _ _ _ _ _ _ _ _ _ _ _ _ _ _ _ \n\nself = <selenium.webdriver.support.wait.WebDriverWait (session=\"55753cba568da837d6a4e230853bfe0e\")>\nmethod = <function visibility_of_element_located.<locals>._predicate at 0x7fab7bdf2660>\nmessage = 'Can\\'t find element by locator (\\'xpath\\', \\'//button[@id = \"menu_button_databases\"]\\')'\n\n    def until(self, method: Callable[[D], Union[Literal[False], T]], message: str = \"\") -> T:\n        \"\"\"Calls the method provided with the driver as an argument until the \\\n        return value does not evaluate to ``False``.\n    \n        :param method: callable(WebDriver)\n        :param message: optional message for :exc:`TimeoutException`\n        :returns: the result of the last call to `method`\n        :raises: :exc:`selenium.common.exceptions.TimeoutException` if timeout occurs\n        \"\"\"\n        screen = None\n        stacktrace = None\n    \n        end_time = time.monotonic() + self._timeout\n        while True:\n            try:\n                value = method(self._driver)\n                if value:\n                    return value\n            except self._ignored_exceptions as exc:\n                screen = getattr(exc, \"screen\", None)\n                stacktrace = getattr(exc, \"stacktrace\", None)\n            time.sleep(self._poll)\n            if time.monotonic() > end_time:\n                break\n>       raise TimeoutException(message, screen, stacktrace)\nE       selenium.common.exceptions.TimeoutException: Message: Can't find element by locator ('xpath', '//button[@id = \"menu_button_databases\"]')\nE       Stacktrace:\nE       #0 0x5572bcd2b29a <unknown>\nE       #1 0x5572bc797040 <unknown>\nE       #2 0x5572bc7e8990 <unknown>\nE       #3 0x5572bc7e8b81 <unknown>\nE       #4 0x5572bc837664 <unknown>\nE       #5 0x5572bc80e6bd <unknown>\nE       #6 0x5572bc834ace <unknown>\nE       #7 0x5572bc80e463 <unknown>\nE       #8 0x5572bc7dac55 <unknown>\nE       #9 0x5572bc7db8c1 <unknown>\nE       #10 0x5572bccf01bb <unknown>\nE       #11 0x5572bccf40c9 <unknown>\nE       #12 0x5572bccd8a39 <unknown>\nE       #13 0x5572bccf4c78 <unknown>\nE       #14 0x5572bccbd6bf <unknown>\nE       #15 0x5572bcd18948 <unknown>\nE       #16 0x5572bcd18b26 <unknown>\nE       #17 0x5572bcd2a176 <unknown>\nE       #18 0x7f76e889caa4 <unknown>\nE       #19 0x7f76e8929c3c <unknown>\n\n/opt/hostedtoolcache/Python/3.12.10/x64/lib/python3.12/site-packages/selenium/webdriver/support/wait.py:105: TimeoutException",
    "steps" : [ {
      "name" : "Click \"Databases\" button.",
      "time" : {
        "start" : 1749604497830,
        "stop" : 1749604502958,
        "duration" : 5128
      },
      "status" : "broken",
      "statusMessage" : "selenium.common.exceptions.TimeoutException: Message: Can't find element by locator ('xpath', '//button[@id = \"menu_button_databases\"]')\nStacktrace:\n#0 0x5572bcd2b29a <unknown>\n#1 0x5572bc797040 <unknown>\n#2 0x5572bc7e8990 <unknown>\n#3 0x5572bc7e8b81 <unknown>\n#4 0x5572bc837664 <unknown>\n#5 0x5572bc80e6bd <unknown>\n#6 0x5572bc834ace <unknown>\n#7 0x5572bc80e463 <unknown>\n#8 0x5572bc7dac55 <unknown>\n#9 0x5572bc7db8c1 <unknown>\n#10 0x5572bccf01bb <unknown>\n#11 0x5572bccf40c9 <unknown>\n#12 0x5572bccd8a39 <unknown>\n#13 0x5572bccf4c78 <unknown>\n#14 0x5572bccbd6bf <unknown>\n#15 0x5572bcd18948 <unknown>\n#16 0x5572bcd18b26 <unknown>\n#17 0x5572bcd2a176 <unknown>\n#18 0x7f76e889caa4 <unknown>\n#19 0x7f76e8929c3c <unknown>\n\n",
      "statusTrace" : "  File \"/home/runner/work/Oblache/Oblache/tests_ui/profile_page.py\", line 36, in click_button_databases\n    return self.element_is_present_and_clickable(self.locators.DATABASE_BUTTON).click()\n           ^^^^^^^^^^^^^^^^^^^^^^^^^^^^^^^^^^^^^^^^^^^^^^^^^^^^^^^^^^^^^^^^^^^^\n  File \"/home/runner/work/Oblache/Oblache/tests_ui/base_page.py\", line 28, in element_is_present_and_clickable\n    return (Wait(self.driver, self.timeout).until(\n            ^^^^^^^^^^^^^^^^^^^^^^^^^^^^^^^^^^^^^^\n  File \"/opt/hostedtoolcache/Python/3.12.10/x64/lib/python3.12/site-packages/selenium/webdriver/support/wait.py\", line 105, in until\n    raise TimeoutException(message, screen, stacktrace)\n",
      "steps" : [ ],
      "attachments" : [ ],
      "parameters" : [ ],
      "stepsCount" : 0,
      "attachmentsCount" : 0,
      "shouldDisplayMessage" : true,
      "hasContent" : true
    } ],
    "attachments" : [ {
      "uid" : "54ec0c7f3fd40f9",
      "name" : "Screenshot 2025-06-11 01:15:03.068323",
      "source" : "54ec0c7f3fd40f9.png",
      "type" : "image/png",
      "size" : 15825
    } ],
    "parameters" : [ ],
    "stepsCount" : 1,
    "attachmentsCount" : 1,
    "shouldDisplayMessage" : true,
    "hasContent" : true
  },
  "afterStages" : [ {
    "name" : "driver::0",
    "time" : {
      "start" : 1749604503069,
      "stop" : 1749604503129,
      "duration" : 60
    },
    "status" : "passed",
    "steps" : [ ],
    "attachments" : [ ],
    "parameters" : [ ],
    "stepsCount" : 0,
    "attachmentsCount" : 0,
    "shouldDisplayMessage" : false,
    "hasContent" : false
  } ],
  "labels" : [ {
    "name" : "suite",
    "value" : "Test Profile Page."
  }, {
    "name" : "parentSuite",
    "value" : "tests_ui"
  }, {
    "name" : "subSuite",
    "value" : "TestProfilePage"
  }, {
    "name" : "host",
    "value" : "pkrvmxyh4eaekms"
  }, {
    "name" : "thread",
    "value" : "2575-MainThread"
  }, {
    "name" : "framework",
    "value" : "pytest"
  }, {
    "name" : "language",
    "value" : "cpython3"
  }, {
    "name" : "package",
    "value" : "tests_ui.test_ui"
  }, {
    "name" : "resultFormat",
    "value" : "allure2"
  } ],
  "parameters" : [ ],
  "links" : [ ],
  "hidden" : false,
  "retry" : false,
  "extra" : {
    "severity" : "normal",
    "retries" : [ ],
    "categories" : [ {
      "name" : "Test defects",
      "matchedStatuses" : [ ],
      "flaky" : false
    } ],
    "history" : {
      "statistic" : {
        "failed" : 0,
        "broken" : 36,
        "skipped" : 0,
        "passed" : 173,
        "unknown" : 0,
        "total" : 209
      },
      "items" : [ {
        "uid" : "4c5e64e15345ab42",
        "reportUrl" : "https://lambotik.github.io/Oblache/429//#testresult/4c5e64e15345ab42",
        "status" : "broken",
        "statusDetails" : "selenium.common.exceptions.TimeoutException: Message: Can't find element by locator ('xpath', '//button[@id = \"menu_button_databases\"]')\nStacktrace:\n#0 0x55a87e1f578a <unknown>\n#1 0x55a87dc980a0 <unknown>\n#2 0x55a87dce99b0 <unknown>\n#3 0x55a87dce9ba1 <unknown>\n#4 0x55a87dd37ea4 <unknown>\n#5 0x55a87dd0f3cd <unknown>\n#6 0x55a87dd352a0 <unknown>\n#7 0x55a87dd0f173 <unknown>\n#8 0x55a87dcdbd4b <unknown>\n#9 0x55a87dcdc9b1 <unknown>\n#10 0x55a87e1ba93b <unknown>\n#11 0x55a87e1be83a <unknown>\n#12 0x55a87e1a2692 <unknown>\n#13 0x55a87e1bf3c4 <unknown>\n#14 0x55a87e1874cf <unknown>\n#15 0x55a87e1e3568 <unknown>\n#16 0x55a87e1e3746 <unknown>\n#17 0x55a87e1f45f6 <unknown>\n#18 0x7f1ca829caa4 <unknown>\n#19 0x7f1ca8329c3c <unknown>",
        "time" : {
          "start" : 1749518122565,
          "stop" : 1749518127691,
          "duration" : 5126
        }
      }, {
        "uid" : "f6d0701f10df74ec",
        "reportUrl" : "https://lambotik.github.io/Oblache/428//#testresult/f6d0701f10df74ec",
        "status" : "broken",
        "statusDetails" : "selenium.common.exceptions.TimeoutException: Message: Can't find element by locator ('xpath', '//button[@id = \"menu_button_databases\"]')\nStacktrace:\n#0 0x561a6195a78a <unknown>\n#1 0x561a613fd0a0 <unknown>\n#2 0x561a6144e9b0 <unknown>\n#3 0x561a6144eba1 <unknown>\n#4 0x561a6149cea4 <unknown>\n#5 0x561a614743cd <unknown>\n#6 0x561a6149a2a0 <unknown>\n#7 0x561a61474173 <unknown>\n#8 0x561a61440d4b <unknown>\n#9 0x561a614419b1 <unknown>\n#10 0x561a6191f93b <unknown>\n#11 0x561a6192383a <unknown>\n#12 0x561a61907692 <unknown>\n#13 0x561a619243c4 <unknown>\n#14 0x561a618ec4cf <unknown>\n#15 0x561a61948568 <unknown>\n#16 0x561a61948746 <unknown>\n#17 0x561a619595f6 <unknown>\n#18 0x7f7c0589caa4 <unknown>\n#19 0x7f7c05929c3c <unknown>",
        "time" : {
          "start" : 1749431879822,
          "stop" : 1749431884949,
          "duration" : 5127
        }
      }, {
        "uid" : "9f0ac5d4de9f28fe",
        "reportUrl" : "https://lambotik.github.io/Oblache/427//#testresult/9f0ac5d4de9f28fe",
        "status" : "broken",
        "statusDetails" : "selenium.common.exceptions.TimeoutException: Message: Can't find elements by locator ('xpath', '//tbody[@id=\"tbody_dbs\"]//tr')",
        "time" : {
          "start" : 1749345684924,
          "stop" : 1749345690835,
          "duration" : 5911
        }
      }, {
        "uid" : "771ea079dcb86f49",
        "reportUrl" : "https://lambotik.github.io/Oblache/426//#testresult/771ea079dcb86f49",
        "status" : "broken",
        "statusDetails" : "selenium.common.exceptions.TimeoutException: Message: Can't find elements by locator ('xpath', '//tbody[@id=\"tbody_dbs\"]//tr')",
        "time" : {
          "start" : 1749258858935,
          "stop" : 1749258864856,
          "duration" : 5921
        }
      }, {
        "uid" : "7668c2a8232fa20d",
        "reportUrl" : "https://lambotik.github.io/Oblache/425//#testresult/7668c2a8232fa20d",
        "status" : "passed",
        "time" : {
          "start" : 1749172532088,
          "stop" : 1749172534722,
          "duration" : 2634
        }
      }, {
        "uid" : "fbce72ac4892eef9",
        "reportUrl" : "https://lambotik.github.io/Oblache/424//#testresult/fbce72ac4892eef9",
        "status" : "broken",
        "statusDetails" : "selenium.common.exceptions.TimeoutException: Message: Can't find elements by locator ('xpath', '//tbody[@id=\"tbody_dbs\"]//tr')",
        "time" : {
          "start" : 1749086067838,
          "stop" : 1749086073766,
          "duration" : 5928
        }
      }, {
        "uid" : "1044059225c30ff5",
        "reportUrl" : "https://lambotik.github.io/Oblache/423//#testresult/1044059225c30ff5",
        "status" : "passed",
        "time" : {
          "start" : 1748999724218,
          "stop" : 1748999726203,
          "duration" : 1985
        }
      }, {
        "uid" : "d9ab6b9ef4ba6438",
        "reportUrl" : "https://lambotik.github.io/Oblache/422//#testresult/d9ab6b9ef4ba6438",
        "status" : "passed",
        "time" : {
          "start" : 1748913394343,
          "stop" : 1748913396879,
          "duration" : 2536
        }
      }, {
        "uid" : "47456033c025bb43",
        "reportUrl" : "https://lambotik.github.io/Oblache/421//#testresult/47456033c025bb43",
        "status" : "broken",
        "statusDetails" : "selenium.common.exceptions.TimeoutException: Message: Can't find elements by locator ('xpath', '//tbody[@id=\"tbody_dbs\"]//tr')",
        "time" : {
          "start" : 1748827045881,
          "stop" : 1748827051914,
          "duration" : 6033
        }
      }, {
        "uid" : "8a0ad683f14507b7",
        "reportUrl" : "https://lambotik.github.io/Oblache/420//#testresult/8a0ad683f14507b7",
        "status" : "broken",
        "statusDetails" : "selenium.common.exceptions.TimeoutException: Message: Can't find element by locator ('xpath', '//button[@id = \"menu_button_databases\"]')\nStacktrace:\n#0 0x5556c5e9d78a <unknown>\n#1 0x5556c59400a0 <unknown>\n#2 0x5556c59919b0 <unknown>\n#3 0x5556c5991ba1 <unknown>\n#4 0x5556c59dfea4 <unknown>\n#5 0x5556c59b73cd <unknown>\n#6 0x5556c59dd2a0 <unknown>\n#7 0x5556c59b7173 <unknown>\n#8 0x5556c5983d4b <unknown>\n#9 0x5556c59849b1 <unknown>\n#10 0x5556c5e6293b <unknown>\n#11 0x5556c5e6683a <unknown>\n#12 0x5556c5e4a692 <unknown>\n#13 0x5556c5e673c4 <unknown>\n#14 0x5556c5e2f4cf <unknown>\n#15 0x5556c5e8b568 <unknown>\n#16 0x5556c5e8b746 <unknown>\n#17 0x5556c5e9c5f6 <unknown>\n#18 0x7f82ba49caa4 <unknown>\n#19 0x7f82ba529c3c <unknown>",
        "time" : {
          "start" : 1748745251284,
          "stop" : 1748745256412,
          "duration" : 5128
        }
      }, {
        "uid" : "d4eb6ffa648114f4",
        "reportUrl" : "https://lambotik.github.io/Oblache/419//#testresult/d4eb6ffa648114f4",
        "status" : "broken",
        "statusDetails" : "selenium.common.exceptions.TimeoutException: Message: Can't find element by locator ('xpath', '//button[@id = \"menu_button_databases\"]')\nStacktrace:\n#0 0x559a78c3778a <unknown>\n#1 0x559a786da0a0 <unknown>\n#2 0x559a7872b9b0 <unknown>\n#3 0x559a7872bba1 <unknown>\n#4 0x559a78779ea4 <unknown>\n#5 0x559a787513cd <unknown>\n#6 0x559a787772a0 <unknown>\n#7 0x559a78751173 <unknown>\n#8 0x559a7871dd4b <unknown>\n#9 0x559a7871e9b1 <unknown>\n#10 0x559a78bfc93b <unknown>\n#11 0x559a78c0083a <unknown>\n#12 0x559a78be4692 <unknown>\n#13 0x559a78c013c4 <unknown>\n#14 0x559a78bc94cf <unknown>\n#15 0x559a78c25568 <unknown>\n#16 0x559a78c25746 <unknown>\n#17 0x559a78c365f6 <unknown>\n#18 0x7fe94109caa4 <unknown>\n#19 0x7fe941129c3c <unknown>",
        "time" : {
          "start" : 1748657963572,
          "stop" : 1748657968699,
          "duration" : 5127
        }
      }, {
        "uid" : "5365f8537fe4c79",
        "reportUrl" : "https://lambotik.github.io/Oblache/418//#testresult/5365f8537fe4c79",
        "status" : "broken",
        "statusDetails" : "selenium.common.exceptions.TimeoutException: Message: Can't find element by locator ('xpath', '//button[@id = \"menu_button_databases\"]')\nStacktrace:\n#0 0x55a0d113678a <unknown>\n#1 0x55a0d0bd90a0 <unknown>\n#2 0x55a0d0c2a9b0 <unknown>\n#3 0x55a0d0c2aba1 <unknown>\n#4 0x55a0d0c78ea4 <unknown>\n#5 0x55a0d0c503cd <unknown>\n#6 0x55a0d0c762a0 <unknown>\n#7 0x55a0d0c50173 <unknown>\n#8 0x55a0d0c1cd4b <unknown>\n#9 0x55a0d0c1d9b1 <unknown>\n#10 0x55a0d10fb93b <unknown>\n#11 0x55a0d10ff83a <unknown>\n#12 0x55a0d10e3692 <unknown>\n#13 0x55a0d11003c4 <unknown>\n#14 0x55a0d10c84cf <unknown>\n#15 0x55a0d1124568 <unknown>\n#16 0x55a0d1124746 <unknown>\n#17 0x55a0d11355f6 <unknown>\n#18 0x7fa03ea9caa4 <unknown>\n#19 0x7fa03eb29c3c <unknown>",
        "time" : {
          "start" : 1748571555623,
          "stop" : 1748571560755,
          "duration" : 5132
        }
      }, {
        "uid" : "8baa536583ab3b98",
        "reportUrl" : "https://lambotik.github.io/Oblache/417//#testresult/8baa536583ab3b98",
        "status" : "passed",
        "time" : {
          "start" : 1748481273814,
          "stop" : 1748481276612,
          "duration" : 2798
        }
      }, {
        "uid" : "f72033f5b0037250",
        "reportUrl" : "https://lambotik.github.io/Oblache/416//#testresult/f72033f5b0037250",
        "status" : "passed",
        "time" : {
          "start" : 1748394864348,
          "stop" : 1748394866359,
          "duration" : 2011
        }
      }, {
        "uid" : "3b54b7e56df3bbbe",
        "reportUrl" : "https://lambotik.github.io/Oblache/415//#testresult/3b54b7e56df3bbbe",
        "status" : "passed",
        "time" : {
          "start" : 1748308407227,
          "stop" : 1748308409216,
          "duration" : 1989
        }
      }, {
        "uid" : "fbe1ab0e22cfe0f9",
        "reportUrl" : "https://lambotik.github.io/Oblache/414//#testresult/fbe1ab0e22cfe0f9",
        "status" : "broken",
        "statusDetails" : "selenium.common.exceptions.TimeoutException: Message: Can't find elements by locator ('xpath', '//tbody[@id=\"tbody_dbs\"]//tr')",
        "time" : {
          "start" : 1748222124383,
          "stop" : 1748222130279,
          "duration" : 5896
        }
      }, {
        "uid" : "fdf636ad0feb875c",
        "reportUrl" : "https://lambotik.github.io/Oblache/413//#testresult/fdf636ad0feb875c",
        "status" : "broken",
        "statusDetails" : "selenium.common.exceptions.TimeoutException: Message: Can't find elements by locator ('xpath', '//tbody[@id=\"tbody_dbs\"]//tr')",
        "time" : {
          "start" : 1748136033532,
          "stop" : 1748136039591,
          "duration" : 6059
        }
      }, {
        "uid" : "3527f7a9e84e11d6",
        "reportUrl" : "https://lambotik.github.io/Oblache/412//#testresult/3527f7a9e84e11d6",
        "status" : "passed",
        "time" : {
          "start" : 1748049103379,
          "stop" : 1748049106073,
          "duration" : 2694
        }
      }, {
        "uid" : "cca253ce6e0d3c02",
        "reportUrl" : "https://lambotik.github.io/Oblache/411//#testresult/cca253ce6e0d3c02",
        "status" : "passed",
        "time" : {
          "start" : 1747962812865,
          "stop" : 1747962815571,
          "duration" : 2706
        }
      }, {
        "uid" : "3566bbed4fa4a2b7",
        "reportUrl" : "https://lambotik.github.io/Oblache/410//#testresult/3566bbed4fa4a2b7",
        "status" : "passed",
        "time" : {
          "start" : 1747876474755,
          "stop" : 1747876476937,
          "duration" : 2182
        }
      } ]
    },
    "tags" : [ ]
  },
  "source" : "ddea4655f7c50bfd.json",
  "parameterValues" : [ ]
}