{
  "uid" : "7b3f252a15862d41",
  "name" : "test_create_database",
  "fullName" : "tests_ui.test_ui.TestProfilePage#test_create_database",
  "historyId" : "4762f7b87391625d86f9ea8dbdd3b406",
  "time" : {
    "start" : 1727226212964,
    "stop" : 1727226220676,
    "duration" : 7712
  },
  "status" : "broken",
  "statusMessage" : "selenium.common.exceptions.TimeoutException: Message: Can't find element by locator ('xpath', '//div[@id=\"msg_from_server\"]')",
  "statusTrace" : "self = <tests_ui.test_ui.TestProfilePage object at 0x7f62cbb248c0>\ndriver = <selenium.webdriver.chrome.webdriver.WebDriver (session=\"b8577937ca405acf6c873f77cf27a160\")>\nauthorization_user = None\n\n    @allure.title('test_create_database')\n    def test_create_database(self, driver, authorization_user):\n        page = ProfilePage(driver, authorization_user)\n>       page.compare_database_status()\n\ntests_ui/test_ui.py:83: \n_ _ _ _ _ _ _ _ _ _ _ _ _ _ _ _ _ _ _ _ _ _ _ _ _ _ _ _ _ _ _ _ _ _ _ _ _ _ _ _ \ntests_ui/profile_page.py:150: in compare_database_status\n    msg = self.element_is_visible(self.locators.MSG_FROM_SERVER).text\ntests_ui/base_page.py:34: in element_is_visible\n    return Wait(self.driver, self.timeout).until(\n_ _ _ _ _ _ _ _ _ _ _ _ _ _ _ _ _ _ _ _ _ _ _ _ _ _ _ _ _ _ _ _ _ _ _ _ _ _ _ _ \n\nself = <selenium.webdriver.support.wait.WebDriverWait (session=\"b8577937ca405acf6c873f77cf27a160\")>\nmethod = <function visibility_of_element_located.<locals>._predicate at 0x7f62cafb9bc0>\nmessage = 'Can\\'t find element by locator (\\'xpath\\', \\'//div[@id=\"msg_from_server\"]\\')'\n\n    def until(self, method: Callable[[D], Union[Literal[False], T]], message: str = \"\") -> T:\n        \"\"\"Calls the method provided with the driver as an argument until the \\\n        return value does not evaluate to ``False``.\n    \n        :param method: callable(WebDriver)\n        :param message: optional message for :exc:`TimeoutException`\n        :returns: the result of the last call to `method`\n        :raises: :exc:`selenium.common.exceptions.TimeoutException` if timeout occurs\n        \"\"\"\n        screen = None\n        stacktrace = None\n    \n        end_time = time.monotonic() + self._timeout\n        while True:\n            try:\n                value = method(self._driver)\n                if value:\n                    return value\n            except self._ignored_exceptions as exc:\n                screen = getattr(exc, \"screen\", None)\n                stacktrace = getattr(exc, \"stacktrace\", None)\n            time.sleep(self._poll)\n            if time.monotonic() > end_time:\n                break\n>       raise TimeoutException(message, screen, stacktrace)\nE       selenium.common.exceptions.TimeoutException: Message: Can't find element by locator ('xpath', '//div[@id=\"msg_from_server\"]')\n\n/opt/hostedtoolcache/Python/3.12.6/x64/lib/python3.12/site-packages/selenium/webdriver/support/wait.py:105: TimeoutException",
  "flaky" : false,
  "newFailed" : false,
  "beforeStages" : [ {
    "name" : "driver",
    "time" : {
      "start" : 1727226212238,
      "stop" : 1727226212493,
      "duration" : 255
    },
    "status" : "passed",
    "steps" : [ ],
    "attachments" : [ ],
    "parameters" : [ ],
    "stepsCount" : 0,
    "attachmentsCount" : 0,
    "shouldDisplayMessage" : false,
    "hasContent" : false
  }, {
    "name" : "authorization_user",
    "time" : {
      "start" : 1727226212493,
      "stop" : 1727226212964,
      "duration" : 471
    },
    "status" : "passed",
    "steps" : [ {
      "name" : "Open page: https://oblache.areso.pro/register.html",
      "time" : {
        "start" : 1727226212493,
        "stop" : 1727226212792,
        "duration" : 299
      },
      "status" : "passed",
      "steps" : [ ],
      "attachments" : [ ],
      "parameters" : [ ],
      "stepsCount" : 0,
      "attachmentsCount" : 0,
      "shouldDisplayMessage" : false,
      "hasContent" : false
    }, {
      "name" : "Login user",
      "time" : {
        "start" : 1727226212792,
        "stop" : 1727226212964,
        "duration" : 172
      },
      "status" : "passed",
      "steps" : [ {
        "name" : "Enter email.",
        "time" : {
          "start" : 1727226212792,
          "stop" : 1727226212849,
          "duration" : 57
        },
        "status" : "passed",
        "steps" : [ ],
        "attachments" : [ ],
        "parameters" : [ ],
        "stepsCount" : 0,
        "attachmentsCount" : 0,
        "shouldDisplayMessage" : false,
        "hasContent" : false
      }, {
        "name" : "Enter password.",
        "time" : {
          "start" : 1727226212849,
          "stop" : 1727226212893,
          "duration" : 44
        },
        "status" : "passed",
        "steps" : [ ],
        "attachments" : [ ],
        "parameters" : [ ],
        "stepsCount" : 0,
        "attachmentsCount" : 0,
        "shouldDisplayMessage" : false,
        "hasContent" : false
      }, {
        "name" : "Click button \"Login\"",
        "time" : {
          "start" : 1727226212893,
          "stop" : 1727226212961,
          "duration" : 68
        },
        "status" : "passed",
        "steps" : [ ],
        "attachments" : [ ],
        "parameters" : [ ],
        "stepsCount" : 0,
        "attachmentsCount" : 0,
        "shouldDisplayMessage" : false,
        "hasContent" : false
      }, {
        "name" : "Check url is present: https://oblache.areso.pro/register.html",
        "time" : {
          "start" : 1727226212961,
          "stop" : 1727226212964,
          "duration" : 3
        },
        "status" : "passed",
        "steps" : [ ],
        "attachments" : [ ],
        "parameters" : [ ],
        "stepsCount" : 0,
        "attachmentsCount" : 0,
        "shouldDisplayMessage" : false,
        "hasContent" : false
      } ],
      "attachments" : [ ],
      "parameters" : [ ],
      "stepsCount" : 4,
      "attachmentsCount" : 0,
      "shouldDisplayMessage" : false,
      "hasContent" : true
    } ],
    "attachments" : [ ],
    "parameters" : [ ],
    "stepsCount" : 6,
    "attachmentsCount" : 0,
    "shouldDisplayMessage" : false,
    "hasContent" : true
  } ],
  "testStage" : {
    "status" : "broken",
    "statusMessage" : "selenium.common.exceptions.TimeoutException: Message: Can't find element by locator ('xpath', '//div[@id=\"msg_from_server\"]')",
    "statusTrace" : "self = <tests_ui.test_ui.TestProfilePage object at 0x7f62cbb248c0>\ndriver = <selenium.webdriver.chrome.webdriver.WebDriver (session=\"b8577937ca405acf6c873f77cf27a160\")>\nauthorization_user = None\n\n    @allure.title('test_create_database')\n    def test_create_database(self, driver, authorization_user):\n        page = ProfilePage(driver, authorization_user)\n>       page.compare_database_status()\n\ntests_ui/test_ui.py:83: \n_ _ _ _ _ _ _ _ _ _ _ _ _ _ _ _ _ _ _ _ _ _ _ _ _ _ _ _ _ _ _ _ _ _ _ _ _ _ _ _ \ntests_ui/profile_page.py:150: in compare_database_status\n    msg = self.element_is_visible(self.locators.MSG_FROM_SERVER).text\ntests_ui/base_page.py:34: in element_is_visible\n    return Wait(self.driver, self.timeout).until(\n_ _ _ _ _ _ _ _ _ _ _ _ _ _ _ _ _ _ _ _ _ _ _ _ _ _ _ _ _ _ _ _ _ _ _ _ _ _ _ _ \n\nself = <selenium.webdriver.support.wait.WebDriverWait (session=\"b8577937ca405acf6c873f77cf27a160\")>\nmethod = <function visibility_of_element_located.<locals>._predicate at 0x7f62cafb9bc0>\nmessage = 'Can\\'t find element by locator (\\'xpath\\', \\'//div[@id=\"msg_from_server\"]\\')'\n\n    def until(self, method: Callable[[D], Union[Literal[False], T]], message: str = \"\") -> T:\n        \"\"\"Calls the method provided with the driver as an argument until the \\\n        return value does not evaluate to ``False``.\n    \n        :param method: callable(WebDriver)\n        :param message: optional message for :exc:`TimeoutException`\n        :returns: the result of the last call to `method`\n        :raises: :exc:`selenium.common.exceptions.TimeoutException` if timeout occurs\n        \"\"\"\n        screen = None\n        stacktrace = None\n    \n        end_time = time.monotonic() + self._timeout\n        while True:\n            try:\n                value = method(self._driver)\n                if value:\n                    return value\n            except self._ignored_exceptions as exc:\n                screen = getattr(exc, \"screen\", None)\n                stacktrace = getattr(exc, \"stacktrace\", None)\n            time.sleep(self._poll)\n            if time.monotonic() > end_time:\n                break\n>       raise TimeoutException(message, screen, stacktrace)\nE       selenium.common.exceptions.TimeoutException: Message: Can't find element by locator ('xpath', '//div[@id=\"msg_from_server\"]')\n\n/opt/hostedtoolcache/Python/3.12.6/x64/lib/python3.12/site-packages/selenium/webdriver/support/wait.py:105: TimeoutException",
    "steps" : [ {
      "name" : "Click button Status.",
      "time" : {
        "start" : 1727226213964,
        "stop" : 1727226214020,
        "duration" : 56
      },
      "status" : "passed",
      "steps" : [ ],
      "attachments" : [ ],
      "parameters" : [ ],
      "stepsCount" : 0,
      "attachmentsCount" : 0,
      "shouldDisplayMessage" : false,
      "hasContent" : false
    }, {
      "name" : "Get status data.",
      "time" : {
        "start" : 1727226214257,
        "stop" : 1727226214257,
        "duration" : 0
      },
      "status" : "passed",
      "steps" : [ {
        "name" : "Status data is: {'Email:': 'nodata', 'is blocked?': 'nodata', 'is db creation allowed?': 'nodata', 'disk db quota, mb': '4', 'disk db used, mb': '9', 'db qty quota': '100', 'db qty used': '11'}",
        "time" : {
          "start" : 1727226214257,
          "stop" : 1727226214257,
          "duration" : 0
        },
        "status" : "passed",
        "steps" : [ ],
        "attachments" : [ ],
        "parameters" : [ ],
        "stepsCount" : 0,
        "attachmentsCount" : 0,
        "shouldDisplayMessage" : false,
        "hasContent" : false
      } ],
      "attachments" : [ ],
      "parameters" : [ ],
      "stepsCount" : 1,
      "attachmentsCount" : 0,
      "shouldDisplayMessage" : false,
      "hasContent" : true
    }, {
      "name" : "Click \"Databases\" button.",
      "time" : {
        "start" : 1727226214257,
        "stop" : 1727226214307,
        "duration" : 50
      },
      "status" : "passed",
      "steps" : [ ],
      "attachments" : [ ],
      "parameters" : [ ],
      "stepsCount" : 0,
      "attachmentsCount" : 0,
      "shouldDisplayMessage" : false,
      "hasContent" : false
    }, {
      "name" : "Click \"Create new DB\" button.",
      "time" : {
        "start" : 1727226214307,
        "stop" : 1727226214361,
        "duration" : 54
      },
      "status" : "passed",
      "steps" : [ ],
      "attachments" : [ ],
      "parameters" : [ ],
      "stepsCount" : 0,
      "attachmentsCount" : 0,
      "shouldDisplayMessage" : false,
      "hasContent" : false
    }, {
      "name" : "Select region \"CIS\".",
      "time" : {
        "start" : 1727226214361,
        "stop" : 1727226215500,
        "duration" : 1139
      },
      "status" : "passed",
      "steps" : [ ],
      "attachments" : [ ],
      "parameters" : [ ],
      "stepsCount" : 0,
      "attachmentsCount" : 0,
      "shouldDisplayMessage" : false,
      "hasContent" : false
    }, {
      "name" : "Click \"Create\" button.",
      "time" : {
        "start" : 1727226215500,
        "stop" : 1727226215545,
        "duration" : 45
      },
      "status" : "passed",
      "steps" : [ ],
      "attachments" : [ ],
      "parameters" : [ ],
      "stepsCount" : 0,
      "attachmentsCount" : 0,
      "shouldDisplayMessage" : false,
      "hasContent" : false
    } ],
    "attachments" : [ {
      "uid" : "b9be7b2dc78b49b4",
      "name" : "Screenshot 2024-09-25 01:03:40.771095",
      "source" : "b9be7b2dc78b49b4.png",
      "type" : "image/png",
      "size" : 30142
    } ],
    "parameters" : [ ],
    "stepsCount" : 7,
    "attachmentsCount" : 1,
    "shouldDisplayMessage" : true,
    "hasContent" : true
  },
  "afterStages" : [ {
    "name" : "driver::0",
    "time" : {
      "start" : 1727226220772,
      "stop" : 1727226220837,
      "duration" : 65
    },
    "status" : "passed",
    "steps" : [ ],
    "attachments" : [ ],
    "parameters" : [ ],
    "stepsCount" : 0,
    "attachmentsCount" : 0,
    "shouldDisplayMessage" : false,
    "hasContent" : false
  } ],
  "labels" : [ {
    "name" : "suite",
    "value" : "Test Profile Page."
  }, {
    "name" : "parentSuite",
    "value" : "tests_ui"
  }, {
    "name" : "subSuite",
    "value" : "TestProfilePage"
  }, {
    "name" : "host",
    "value" : "fv-az740-959"
  }, {
    "name" : "thread",
    "value" : "2361-MainThread"
  }, {
    "name" : "framework",
    "value" : "pytest"
  }, {
    "name" : "language",
    "value" : "cpython3"
  }, {
    "name" : "package",
    "value" : "tests_ui.test_ui"
  }, {
    "name" : "resultFormat",
    "value" : "allure2"
  } ],
  "parameters" : [ ],
  "links" : [ ],
  "hidden" : false,
  "retry" : false,
  "extra" : {
    "severity" : "normal",
    "retries" : [ ],
    "categories" : [ {
      "name" : "Test defects",
      "matchedStatuses" : [ ],
      "flaky" : false
    } ],
    "history" : {
      "statistic" : {
        "failed" : 0,
        "broken" : 6,
        "skipped" : 0,
        "passed" : 0,
        "unknown" : 0,
        "total" : 6
      },
      "items" : [ {
        "uid" : "5c1efe6819222a1",
        "reportUrl" : "https://lambotik.github.io/Oblache/170//#testresult/5c1efe6819222a1",
        "status" : "broken",
        "statusDetails" : "selenium.common.exceptions.TimeoutException: Message: Can't find element by locator ('xpath', '//div[@id=\"msg_from_server\"]')",
        "time" : {
          "start" : 1727139756869,
          "stop" : 1727139764567,
          "duration" : 7698
        }
      }, {
        "uid" : "e7fc65fc1e5c14d8",
        "reportUrl" : "https://lambotik.github.io/Oblache/169//#testresult/e7fc65fc1e5c14d8",
        "status" : "broken",
        "statusDetails" : "selenium.common.exceptions.TimeoutException: Message: Can't find element by locator ('xpath', '//div[@id=\"msg_from_server\"]')",
        "time" : {
          "start" : 1727053369306,
          "stop" : 1727053377116,
          "duration" : 7810
        }
      }, {
        "uid" : "3883159909ec7f55",
        "reportUrl" : "https://lambotik.github.io/Oblache/168//#testresult/3883159909ec7f55",
        "status" : "broken",
        "statusDetails" : "selenium.common.exceptions.TimeoutException: Message: Can't find element by locator ('xpath', '//div[@id=\"msg_from_server\"]')",
        "time" : {
          "start" : 1726967205702,
          "stop" : 1726967213424,
          "duration" : 7722
        }
      }, {
        "uid" : "8743dbabd08b8677",
        "reportUrl" : "https://lambotik.github.io/Oblache/167//#testresult/8743dbabd08b8677",
        "status" : "broken",
        "statusDetails" : "selenium.common.exceptions.TimeoutException: Message: Can't find element by locator ('xpath', '//div[@id=\"msg_from_server\"]')",
        "time" : {
          "start" : 1726880456842,
          "stop" : 1726880464721,
          "duration" : 7879
        }
      }, {
        "uid" : "e44467c8ac5b5873",
        "reportUrl" : "https://lambotik.github.io/Oblache/166//#testresult/e44467c8ac5b5873",
        "status" : "broken",
        "statusDetails" : "selenium.common.exceptions.TimeoutException: Message: Can't find element by locator ('xpath', '//div[@id=\"msg_from_server\"]')",
        "time" : {
          "start" : 1726794103485,
          "stop" : 1726794112033,
          "duration" : 8548
        }
      } ]
    },
    "tags" : [ ]
  },
  "source" : "7b3f252a15862d41.json",
  "parameterValues" : [ ]
}