{
  "uid" : "9f0ac5d4de9f28fe",
  "name" : "test_clipboard",
  "fullName" : "tests_ui.test_ui.TestProfilePage#test_clipboard_uuid_db",
  "historyId" : "b32cefb1d87a8aa3bb37280cb980702f",
  "time" : {
    "start" : 1749345684924,
    "stop" : 1749345690835,
    "duration" : 5911
  },
  "status" : "broken",
  "statusMessage" : "selenium.common.exceptions.TimeoutException: Message: Can't find elements by locator ('xpath', '//tbody[@id=\"tbody_dbs\"]//tr')",
  "statusTrace" : "self = <tests_ui.test_ui.TestProfilePage object at 0x7f7230333740>\ndriver = <selenium.webdriver.chrome.webdriver.WebDriver (session=\"ee3e1df83440c8ec83c85163ad5f0b00\")>\nauthorization_user = None\n\n    @allure.title('test_clipboard')\n    def test_clipboard_uuid_db(self, driver, authorization_user):\n        page = ProfilePage(driver, authorization_user)\n        page.click_button_databases()\n>       page.check_clipboard(\n            table_xpath='//tbody[@id=\"tbody_dbs\"]',\n            token=TestProfilePage.token)\n\ntests_ui/test_ui.py:99: \n_ _ _ _ _ _ _ _ _ _ _ _ _ _ _ _ _ _ _ _ _ _ _ _ _ _ _ _ _ _ _ _ _ _ _ _ _ _ _ _ \ntests_ui/profile_page.py:97: in check_clipboard\n    databases_list = self.elements_are_present((By.XPATH, f'{table_xpath}//tr'))\ntests_ui/base_page.py:50: in elements_are_present\n    return Wait(self.driver, self.timeout).until(\n_ _ _ _ _ _ _ _ _ _ _ _ _ _ _ _ _ _ _ _ _ _ _ _ _ _ _ _ _ _ _ _ _ _ _ _ _ _ _ _ \n\nself = <selenium.webdriver.support.wait.WebDriverWait (session=\"ee3e1df83440c8ec83c85163ad5f0b00\")>\nmethod = <function presence_of_all_elements_located.<locals>._predicate at 0x7f72302e9da0>\nmessage = 'Can\\'t find elements by locator (\\'xpath\\', \\'//tbody[@id=\"tbody_dbs\"]//tr\\')'\n\n    def until(self, method: Callable[[D], Union[Literal[False], T]], message: str = \"\") -> T:\n        \"\"\"Calls the method provided with the driver as an argument until the \\\n        return value does not evaluate to ``False``.\n    \n        :param method: callable(WebDriver)\n        :param message: optional message for :exc:`TimeoutException`\n        :returns: the result of the last call to `method`\n        :raises: :exc:`selenium.common.exceptions.TimeoutException` if timeout occurs\n        \"\"\"\n        screen = None\n        stacktrace = None\n    \n        end_time = time.monotonic() + self._timeout\n        while True:\n            try:\n                value = method(self._driver)\n                if value:\n                    return value\n            except self._ignored_exceptions as exc:\n                screen = getattr(exc, \"screen\", None)\n                stacktrace = getattr(exc, \"stacktrace\", None)\n            time.sleep(self._poll)\n            if time.monotonic() > end_time:\n                break\n>       raise TimeoutException(message, screen, stacktrace)\nE       selenium.common.exceptions.TimeoutException: Message: Can't find elements by locator ('xpath', '//tbody[@id=\"tbody_dbs\"]//tr')\n\n/opt/hostedtoolcache/Python/3.12.10/x64/lib/python3.12/site-packages/selenium/webdriver/support/wait.py:105: TimeoutException",
  "flaky" : false,
  "newFailed" : false,
  "beforeStages" : [ {
    "name" : "authorization_user",
    "time" : {
      "start" : 1749345684417,
      "stop" : 1749345684924,
      "duration" : 507
    },
    "status" : "passed",
    "steps" : [ {
      "name" : "Open page: https://oblache.areso.pro/register.html",
      "time" : {
        "start" : 1749345684417,
        "stop" : 1749345684724,
        "duration" : 307
      },
      "status" : "passed",
      "steps" : [ ],
      "attachments" : [ ],
      "parameters" : [ ],
      "stepsCount" : 0,
      "attachmentsCount" : 0,
      "shouldDisplayMessage" : false,
      "hasContent" : false
    }, {
      "name" : "Login user",
      "time" : {
        "start" : 1749345684724,
        "stop" : 1749345684923,
        "duration" : 199
      },
      "status" : "passed",
      "steps" : [ {
        "name" : "Enter email.",
        "time" : {
          "start" : 1749345684724,
          "stop" : 1749345684786,
          "duration" : 62
        },
        "status" : "passed",
        "steps" : [ ],
        "attachments" : [ ],
        "parameters" : [ ],
        "stepsCount" : 0,
        "attachmentsCount" : 0,
        "shouldDisplayMessage" : false,
        "hasContent" : false
      }, {
        "name" : "Enter password.",
        "time" : {
          "start" : 1749345684786,
          "stop" : 1749345684830,
          "duration" : 44
        },
        "status" : "passed",
        "steps" : [ ],
        "attachments" : [ ],
        "parameters" : [ ],
        "stepsCount" : 0,
        "attachmentsCount" : 0,
        "shouldDisplayMessage" : false,
        "hasContent" : false
      }, {
        "name" : "Click button \"Login\"",
        "time" : {
          "start" : 1749345684830,
          "stop" : 1749345684921,
          "duration" : 91
        },
        "status" : "passed",
        "steps" : [ ],
        "attachments" : [ ],
        "parameters" : [ ],
        "stepsCount" : 0,
        "attachmentsCount" : 0,
        "shouldDisplayMessage" : false,
        "hasContent" : false
      }, {
        "name" : "Check url is present: https://oblache.areso.pro/register.html",
        "time" : {
          "start" : 1749345684921,
          "stop" : 1749345684923,
          "duration" : 2
        },
        "status" : "passed",
        "steps" : [ ],
        "attachments" : [ ],
        "parameters" : [ ],
        "stepsCount" : 0,
        "attachmentsCount" : 0,
        "shouldDisplayMessage" : false,
        "hasContent" : false
      } ],
      "attachments" : [ ],
      "parameters" : [ ],
      "stepsCount" : 4,
      "attachmentsCount" : 0,
      "shouldDisplayMessage" : false,
      "hasContent" : true
    } ],
    "attachments" : [ ],
    "parameters" : [ ],
    "stepsCount" : 6,
    "attachmentsCount" : 0,
    "shouldDisplayMessage" : false,
    "hasContent" : true
  }, {
    "name" : "driver",
    "time" : {
      "start" : 1749345684074,
      "stop" : 1749345684417,
      "duration" : 343
    },
    "status" : "passed",
    "steps" : [ ],
    "attachments" : [ ],
    "parameters" : [ ],
    "stepsCount" : 0,
    "attachmentsCount" : 0,
    "shouldDisplayMessage" : false,
    "hasContent" : false
  } ],
  "testStage" : {
    "status" : "broken",
    "statusMessage" : "selenium.common.exceptions.TimeoutException: Message: Can't find elements by locator ('xpath', '//tbody[@id=\"tbody_dbs\"]//tr')",
    "statusTrace" : "self = <tests_ui.test_ui.TestProfilePage object at 0x7f7230333740>\ndriver = <selenium.webdriver.chrome.webdriver.WebDriver (session=\"ee3e1df83440c8ec83c85163ad5f0b00\")>\nauthorization_user = None\n\n    @allure.title('test_clipboard')\n    def test_clipboard_uuid_db(self, driver, authorization_user):\n        page = ProfilePage(driver, authorization_user)\n        page.click_button_databases()\n>       page.check_clipboard(\n            table_xpath='//tbody[@id=\"tbody_dbs\"]',\n            token=TestProfilePage.token)\n\ntests_ui/test_ui.py:99: \n_ _ _ _ _ _ _ _ _ _ _ _ _ _ _ _ _ _ _ _ _ _ _ _ _ _ _ _ _ _ _ _ _ _ _ _ _ _ _ _ \ntests_ui/profile_page.py:97: in check_clipboard\n    databases_list = self.elements_are_present((By.XPATH, f'{table_xpath}//tr'))\ntests_ui/base_page.py:50: in elements_are_present\n    return Wait(self.driver, self.timeout).until(\n_ _ _ _ _ _ _ _ _ _ _ _ _ _ _ _ _ _ _ _ _ _ _ _ _ _ _ _ _ _ _ _ _ _ _ _ _ _ _ _ \n\nself = <selenium.webdriver.support.wait.WebDriverWait (session=\"ee3e1df83440c8ec83c85163ad5f0b00\")>\nmethod = <function presence_of_all_elements_located.<locals>._predicate at 0x7f72302e9da0>\nmessage = 'Can\\'t find elements by locator (\\'xpath\\', \\'//tbody[@id=\"tbody_dbs\"]//tr\\')'\n\n    def until(self, method: Callable[[D], Union[Literal[False], T]], message: str = \"\") -> T:\n        \"\"\"Calls the method provided with the driver as an argument until the \\\n        return value does not evaluate to ``False``.\n    \n        :param method: callable(WebDriver)\n        :param message: optional message for :exc:`TimeoutException`\n        :returns: the result of the last call to `method`\n        :raises: :exc:`selenium.common.exceptions.TimeoutException` if timeout occurs\n        \"\"\"\n        screen = None\n        stacktrace = None\n    \n        end_time = time.monotonic() + self._timeout\n        while True:\n            try:\n                value = method(self._driver)\n                if value:\n                    return value\n            except self._ignored_exceptions as exc:\n                screen = getattr(exc, \"screen\", None)\n                stacktrace = getattr(exc, \"stacktrace\", None)\n            time.sleep(self._poll)\n            if time.monotonic() > end_time:\n                break\n>       raise TimeoutException(message, screen, stacktrace)\nE       selenium.common.exceptions.TimeoutException: Message: Can't find elements by locator ('xpath', '//tbody[@id=\"tbody_dbs\"]//tr')\n\n/opt/hostedtoolcache/Python/3.12.10/x64/lib/python3.12/site-packages/selenium/webdriver/support/wait.py:105: TimeoutException",
    "steps" : [ {
      "name" : "Click \"Databases\" button.",
      "time" : {
        "start" : 1749345684924,
        "stop" : 1749345685771,
        "duration" : 847
      },
      "status" : "passed",
      "steps" : [ ],
      "attachments" : [ ],
      "parameters" : [ ],
      "stepsCount" : 0,
      "attachmentsCount" : 0,
      "shouldDisplayMessage" : false,
      "hasContent" : false
    }, {
      "name" : "Check clipboard",
      "time" : {
        "start" : 1749345685771,
        "stop" : 1749345690835,
        "duration" : 5064
      },
      "status" : "broken",
      "statusMessage" : "selenium.common.exceptions.TimeoutException: Message: Can't find elements by locator ('xpath', '//tbody[@id=\"tbody_dbs\"]//tr')\n\n",
      "statusTrace" : "  File \"/opt/hostedtoolcache/Python/3.12.10/x64/lib/python3.12/site-packages/allure_commons/_allure.py\", line 192, in impl\n    return func(*a, **kw)\n           ^^^^^^^^^^^^^^\n  File \"/home/runner/work/Oblache/Oblache/tests_ui/profile_page.py\", line 97, in check_clipboard\n    databases_list = self.elements_are_present((By.XPATH, f'{table_xpath}//tr'))\n                     ^^^^^^^^^^^^^^^^^^^^^^^^^^^^^^^^^^^^^^^^^^^^^^^^^^^^^^^^^^^\n  File \"/home/runner/work/Oblache/Oblache/tests_ui/base_page.py\", line 50, in elements_are_present\n    return Wait(self.driver, self.timeout).until(\n           ^^^^^^^^^^^^^^^^^^^^^^^^^^^^^^^^^^^^^^\n  File \"/opt/hostedtoolcache/Python/3.12.10/x64/lib/python3.12/site-packages/selenium/webdriver/support/wait.py\", line 105, in until\n    raise TimeoutException(message, screen, stacktrace)\n",
      "steps" : [ ],
      "attachments" : [ ],
      "parameters" : [ {
        "name" : "table_xpath",
        "value" : "'//tbody[@id=\"tbody_dbs\"]'"
      }, {
        "name" : "token",
        "value" : "'8bd5c84e-0ff1-453a-a601-8e0e0de863bf'"
      } ],
      "stepsCount" : 0,
      "attachmentsCount" : 0,
      "shouldDisplayMessage" : true,
      "hasContent" : true
    } ],
    "attachments" : [ {
      "uid" : "3a8509db1790c15",
      "name" : "Screenshot 2025-06-08 01:21:30.937642",
      "source" : "3a8509db1790c15.png",
      "type" : "image/png",
      "size" : 28787
    } ],
    "parameters" : [ ],
    "stepsCount" : 2,
    "attachmentsCount" : 1,
    "shouldDisplayMessage" : true,
    "hasContent" : true
  },
  "afterStages" : [ {
    "name" : "driver::0",
    "time" : {
      "start" : 1749345690939,
      "stop" : 1749345690999,
      "duration" : 60
    },
    "status" : "passed",
    "steps" : [ ],
    "attachments" : [ ],
    "parameters" : [ ],
    "stepsCount" : 0,
    "attachmentsCount" : 0,
    "shouldDisplayMessage" : false,
    "hasContent" : false
  } ],
  "labels" : [ {
    "name" : "suite",
    "value" : "Test Profile Page."
  }, {
    "name" : "parentSuite",
    "value" : "tests_ui"
  }, {
    "name" : "subSuite",
    "value" : "TestProfilePage"
  }, {
    "name" : "host",
    "value" : "pkrvmf6wy0o8zjz"
  }, {
    "name" : "thread",
    "value" : "2575-MainThread"
  }, {
    "name" : "framework",
    "value" : "pytest"
  }, {
    "name" : "language",
    "value" : "cpython3"
  }, {
    "name" : "package",
    "value" : "tests_ui.test_ui"
  }, {
    "name" : "resultFormat",
    "value" : "allure2"
  } ],
  "parameters" : [ ],
  "links" : [ ],
  "hidden" : false,
  "retry" : false,
  "extra" : {
    "severity" : "normal",
    "retries" : [ ],
    "categories" : [ {
      "name" : "Test defects",
      "matchedStatuses" : [ ],
      "flaky" : false
    } ],
    "history" : {
      "statistic" : {
        "failed" : 0,
        "broken" : 33,
        "skipped" : 0,
        "passed" : 173,
        "unknown" : 0,
        "total" : 206
      },
      "items" : [ {
        "uid" : "771ea079dcb86f49",
        "reportUrl" : "https://lambotik.github.io/Oblache/426//#testresult/771ea079dcb86f49",
        "status" : "broken",
        "statusDetails" : "selenium.common.exceptions.TimeoutException: Message: Can't find elements by locator ('xpath', '//tbody[@id=\"tbody_dbs\"]//tr')",
        "time" : {
          "start" : 1749258858935,
          "stop" : 1749258864856,
          "duration" : 5921
        }
      }, {
        "uid" : "7668c2a8232fa20d",
        "reportUrl" : "https://lambotik.github.io/Oblache/425//#testresult/7668c2a8232fa20d",
        "status" : "passed",
        "time" : {
          "start" : 1749172532088,
          "stop" : 1749172534722,
          "duration" : 2634
        }
      }, {
        "uid" : "fbce72ac4892eef9",
        "reportUrl" : "https://lambotik.github.io/Oblache/424//#testresult/fbce72ac4892eef9",
        "status" : "broken",
        "statusDetails" : "selenium.common.exceptions.TimeoutException: Message: Can't find elements by locator ('xpath', '//tbody[@id=\"tbody_dbs\"]//tr')",
        "time" : {
          "start" : 1749086067838,
          "stop" : 1749086073766,
          "duration" : 5928
        }
      }, {
        "uid" : "1044059225c30ff5",
        "reportUrl" : "https://lambotik.github.io/Oblache/423//#testresult/1044059225c30ff5",
        "status" : "passed",
        "time" : {
          "start" : 1748999724218,
          "stop" : 1748999726203,
          "duration" : 1985
        }
      }, {
        "uid" : "d9ab6b9ef4ba6438",
        "reportUrl" : "https://lambotik.github.io/Oblache/422//#testresult/d9ab6b9ef4ba6438",
        "status" : "passed",
        "time" : {
          "start" : 1748913394343,
          "stop" : 1748913396879,
          "duration" : 2536
        }
      }, {
        "uid" : "47456033c025bb43",
        "reportUrl" : "https://lambotik.github.io/Oblache/421//#testresult/47456033c025bb43",
        "status" : "broken",
        "statusDetails" : "selenium.common.exceptions.TimeoutException: Message: Can't find elements by locator ('xpath', '//tbody[@id=\"tbody_dbs\"]//tr')",
        "time" : {
          "start" : 1748827045881,
          "stop" : 1748827051914,
          "duration" : 6033
        }
      }, {
        "uid" : "8a0ad683f14507b7",
        "reportUrl" : "https://lambotik.github.io/Oblache/420//#testresult/8a0ad683f14507b7",
        "status" : "broken",
        "statusDetails" : "selenium.common.exceptions.TimeoutException: Message: Can't find element by locator ('xpath', '//button[@id = \"menu_button_databases\"]')\nStacktrace:\n#0 0x5556c5e9d78a <unknown>\n#1 0x5556c59400a0 <unknown>\n#2 0x5556c59919b0 <unknown>\n#3 0x5556c5991ba1 <unknown>\n#4 0x5556c59dfea4 <unknown>\n#5 0x5556c59b73cd <unknown>\n#6 0x5556c59dd2a0 <unknown>\n#7 0x5556c59b7173 <unknown>\n#8 0x5556c5983d4b <unknown>\n#9 0x5556c59849b1 <unknown>\n#10 0x5556c5e6293b <unknown>\n#11 0x5556c5e6683a <unknown>\n#12 0x5556c5e4a692 <unknown>\n#13 0x5556c5e673c4 <unknown>\n#14 0x5556c5e2f4cf <unknown>\n#15 0x5556c5e8b568 <unknown>\n#16 0x5556c5e8b746 <unknown>\n#17 0x5556c5e9c5f6 <unknown>\n#18 0x7f82ba49caa4 <unknown>\n#19 0x7f82ba529c3c <unknown>",
        "time" : {
          "start" : 1748745251284,
          "stop" : 1748745256412,
          "duration" : 5128
        }
      }, {
        "uid" : "d4eb6ffa648114f4",
        "reportUrl" : "https://lambotik.github.io/Oblache/419//#testresult/d4eb6ffa648114f4",
        "status" : "broken",
        "statusDetails" : "selenium.common.exceptions.TimeoutException: Message: Can't find element by locator ('xpath', '//button[@id = \"menu_button_databases\"]')\nStacktrace:\n#0 0x559a78c3778a <unknown>\n#1 0x559a786da0a0 <unknown>\n#2 0x559a7872b9b0 <unknown>\n#3 0x559a7872bba1 <unknown>\n#4 0x559a78779ea4 <unknown>\n#5 0x559a787513cd <unknown>\n#6 0x559a787772a0 <unknown>\n#7 0x559a78751173 <unknown>\n#8 0x559a7871dd4b <unknown>\n#9 0x559a7871e9b1 <unknown>\n#10 0x559a78bfc93b <unknown>\n#11 0x559a78c0083a <unknown>\n#12 0x559a78be4692 <unknown>\n#13 0x559a78c013c4 <unknown>\n#14 0x559a78bc94cf <unknown>\n#15 0x559a78c25568 <unknown>\n#16 0x559a78c25746 <unknown>\n#17 0x559a78c365f6 <unknown>\n#18 0x7fe94109caa4 <unknown>\n#19 0x7fe941129c3c <unknown>",
        "time" : {
          "start" : 1748657963572,
          "stop" : 1748657968699,
          "duration" : 5127
        }
      }, {
        "uid" : "5365f8537fe4c79",
        "reportUrl" : "https://lambotik.github.io/Oblache/418//#testresult/5365f8537fe4c79",
        "status" : "broken",
        "statusDetails" : "selenium.common.exceptions.TimeoutException: Message: Can't find element by locator ('xpath', '//button[@id = \"menu_button_databases\"]')\nStacktrace:\n#0 0x55a0d113678a <unknown>\n#1 0x55a0d0bd90a0 <unknown>\n#2 0x55a0d0c2a9b0 <unknown>\n#3 0x55a0d0c2aba1 <unknown>\n#4 0x55a0d0c78ea4 <unknown>\n#5 0x55a0d0c503cd <unknown>\n#6 0x55a0d0c762a0 <unknown>\n#7 0x55a0d0c50173 <unknown>\n#8 0x55a0d0c1cd4b <unknown>\n#9 0x55a0d0c1d9b1 <unknown>\n#10 0x55a0d10fb93b <unknown>\n#11 0x55a0d10ff83a <unknown>\n#12 0x55a0d10e3692 <unknown>\n#13 0x55a0d11003c4 <unknown>\n#14 0x55a0d10c84cf <unknown>\n#15 0x55a0d1124568 <unknown>\n#16 0x55a0d1124746 <unknown>\n#17 0x55a0d11355f6 <unknown>\n#18 0x7fa03ea9caa4 <unknown>\n#19 0x7fa03eb29c3c <unknown>",
        "time" : {
          "start" : 1748571555623,
          "stop" : 1748571560755,
          "duration" : 5132
        }
      }, {
        "uid" : "8baa536583ab3b98",
        "reportUrl" : "https://lambotik.github.io/Oblache/417//#testresult/8baa536583ab3b98",
        "status" : "passed",
        "time" : {
          "start" : 1748481273814,
          "stop" : 1748481276612,
          "duration" : 2798
        }
      }, {
        "uid" : "f72033f5b0037250",
        "reportUrl" : "https://lambotik.github.io/Oblache/416//#testresult/f72033f5b0037250",
        "status" : "passed",
        "time" : {
          "start" : 1748394864348,
          "stop" : 1748394866359,
          "duration" : 2011
        }
      }, {
        "uid" : "3b54b7e56df3bbbe",
        "reportUrl" : "https://lambotik.github.io/Oblache/415//#testresult/3b54b7e56df3bbbe",
        "status" : "passed",
        "time" : {
          "start" : 1748308407227,
          "stop" : 1748308409216,
          "duration" : 1989
        }
      }, {
        "uid" : "fbe1ab0e22cfe0f9",
        "reportUrl" : "https://lambotik.github.io/Oblache/414//#testresult/fbe1ab0e22cfe0f9",
        "status" : "broken",
        "statusDetails" : "selenium.common.exceptions.TimeoutException: Message: Can't find elements by locator ('xpath', '//tbody[@id=\"tbody_dbs\"]//tr')",
        "time" : {
          "start" : 1748222124383,
          "stop" : 1748222130279,
          "duration" : 5896
        }
      }, {
        "uid" : "fdf636ad0feb875c",
        "reportUrl" : "https://lambotik.github.io/Oblache/413//#testresult/fdf636ad0feb875c",
        "status" : "broken",
        "statusDetails" : "selenium.common.exceptions.TimeoutException: Message: Can't find elements by locator ('xpath', '//tbody[@id=\"tbody_dbs\"]//tr')",
        "time" : {
          "start" : 1748136033532,
          "stop" : 1748136039591,
          "duration" : 6059
        }
      }, {
        "uid" : "3527f7a9e84e11d6",
        "reportUrl" : "https://lambotik.github.io/Oblache/412//#testresult/3527f7a9e84e11d6",
        "status" : "passed",
        "time" : {
          "start" : 1748049103379,
          "stop" : 1748049106073,
          "duration" : 2694
        }
      }, {
        "uid" : "cca253ce6e0d3c02",
        "reportUrl" : "https://lambotik.github.io/Oblache/411//#testresult/cca253ce6e0d3c02",
        "status" : "passed",
        "time" : {
          "start" : 1747962812865,
          "stop" : 1747962815571,
          "duration" : 2706
        }
      }, {
        "uid" : "3566bbed4fa4a2b7",
        "reportUrl" : "https://lambotik.github.io/Oblache/410//#testresult/3566bbed4fa4a2b7",
        "status" : "passed",
        "time" : {
          "start" : 1747876474755,
          "stop" : 1747876476937,
          "duration" : 2182
        }
      }, {
        "uid" : "95c43cb9d5bbe0c2",
        "reportUrl" : "https://lambotik.github.io/Oblache/409//#testresult/95c43cb9d5bbe0c2",
        "status" : "passed",
        "time" : {
          "start" : 1747790074335,
          "stop" : 1747790077109,
          "duration" : 2774
        }
      }, {
        "uid" : "6faac0dacdf797b",
        "reportUrl" : "https://lambotik.github.io/Oblache/408//#testresult/6faac0dacdf797b",
        "status" : "passed",
        "time" : {
          "start" : 1747703751838,
          "stop" : 1747703753934,
          "duration" : 2096
        }
      }, {
        "uid" : "84641272976c6191",
        "reportUrl" : "https://lambotik.github.io/Oblache/407//#testresult/84641272976c6191",
        "status" : "passed",
        "time" : {
          "start" : 1747617470212,
          "stop" : 1747617472289,
          "duration" : 2077
        }
      } ]
    },
    "tags" : [ ]
  },
  "source" : "9f0ac5d4de9f28fe.json",
  "parameterValues" : [ ]
}