{
  "uid" : "42c11acebc0c66d6",
  "name" : "test_clipboard",
  "fullName" : "tests_ui.test_ui.TestProfilePage#test_clipboard_uuid_db",
  "historyId" : "b32cefb1d87a8aa3bb37280cb980702f",
  "time" : {
    "start" : 1742951297114,
    "stop" : 1742951303009,
    "duration" : 5895
  },
  "status" : "broken",
  "statusMessage" : "selenium.common.exceptions.TimeoutException: Message: Can't find elements by locator ('xpath', '//tbody[@id=\"tbody_dbs\"]//tr')",
  "statusTrace" : "self = <tests_ui.test_ui.TestProfilePage object at 0x7fde52c16bd0>\ndriver = <selenium.webdriver.chrome.webdriver.WebDriver (session=\"0117a67259caa2edb49e62d86a798539\")>\nauthorization_user = None\n\n    @allure.title('test_clipboard')\n    def test_clipboard_uuid_db(self, driver, authorization_user):\n        page = ProfilePage(driver, authorization_user)\n        page.click_button_databases()\n>       page.check_clipboard(\n            table_xpath='//tbody[@id=\"tbody_dbs\"]',\n            token=TestProfilePage.token)\n\ntests_ui/test_ui.py:99: \n_ _ _ _ _ _ _ _ _ _ _ _ _ _ _ _ _ _ _ _ _ _ _ _ _ _ _ _ _ _ _ _ _ _ _ _ _ _ _ _ \ntests_ui/profile_page.py:97: in check_clipboard\n    databases_list = self.elements_are_present((By.XPATH, f'{table_xpath}//tr'))\ntests_ui/base_page.py:50: in elements_are_present\n    return Wait(self.driver, self.timeout).until(\n_ _ _ _ _ _ _ _ _ _ _ _ _ _ _ _ _ _ _ _ _ _ _ _ _ _ _ _ _ _ _ _ _ _ _ _ _ _ _ _ \n\nself = <selenium.webdriver.support.wait.WebDriverWait (session=\"0117a67259caa2edb49e62d86a798539\")>\nmethod = <function presence_of_all_elements_located.<locals>._predicate at 0x7fde523c5a80>\nmessage = 'Can\\'t find elements by locator (\\'xpath\\', \\'//tbody[@id=\"tbody_dbs\"]//tr\\')'\n\n    def until(self, method: Callable[[D], Union[Literal[False], T]], message: str = \"\") -> T:\n        \"\"\"Calls the method provided with the driver as an argument until the \\\n        return value does not evaluate to ``False``.\n    \n        :param method: callable(WebDriver)\n        :param message: optional message for :exc:`TimeoutException`\n        :returns: the result of the last call to `method`\n        :raises: :exc:`selenium.common.exceptions.TimeoutException` if timeout occurs\n        \"\"\"\n        screen = None\n        stacktrace = None\n    \n        end_time = time.monotonic() + self._timeout\n        while True:\n            try:\n                value = method(self._driver)\n                if value:\n                    return value\n            except self._ignored_exceptions as exc:\n                screen = getattr(exc, \"screen\", None)\n                stacktrace = getattr(exc, \"stacktrace\", None)\n            time.sleep(self._poll)\n            if time.monotonic() > end_time:\n                break\n>       raise TimeoutException(message, screen, stacktrace)\nE       selenium.common.exceptions.TimeoutException: Message: Can't find elements by locator ('xpath', '//tbody[@id=\"tbody_dbs\"]//tr')\n\n/opt/hostedtoolcache/Python/3.12.9/x64/lib/python3.12/site-packages/selenium/webdriver/support/wait.py:105: TimeoutException",
  "flaky" : false,
  "newFailed" : false,
  "beforeStages" : [ {
    "name" : "driver",
    "time" : {
      "start" : 1742951296268,
      "stop" : 1742951296614,
      "duration" : 346
    },
    "status" : "passed",
    "steps" : [ ],
    "attachments" : [ ],
    "parameters" : [ ],
    "stepsCount" : 0,
    "attachmentsCount" : 0,
    "shouldDisplayMessage" : false,
    "hasContent" : false
  }, {
    "name" : "authorization_user",
    "time" : {
      "start" : 1742951296614,
      "stop" : 1742951297113,
      "duration" : 499
    },
    "status" : "passed",
    "steps" : [ {
      "name" : "Open page: https://oblache.areso.pro/register.html",
      "time" : {
        "start" : 1742951296614,
        "stop" : 1742951296916,
        "duration" : 302
      },
      "status" : "passed",
      "steps" : [ ],
      "attachments" : [ ],
      "parameters" : [ ],
      "stepsCount" : 0,
      "attachmentsCount" : 0,
      "shouldDisplayMessage" : false,
      "hasContent" : false
    }, {
      "name" : "Login user",
      "time" : {
        "start" : 1742951296916,
        "stop" : 1742951297113,
        "duration" : 197
      },
      "status" : "passed",
      "steps" : [ {
        "name" : "Enter email.",
        "time" : {
          "start" : 1742951296916,
          "stop" : 1742951296979,
          "duration" : 63
        },
        "status" : "passed",
        "steps" : [ ],
        "attachments" : [ ],
        "parameters" : [ ],
        "stepsCount" : 0,
        "attachmentsCount" : 0,
        "shouldDisplayMessage" : false,
        "hasContent" : false
      }, {
        "name" : "Enter password.",
        "time" : {
          "start" : 1742951296979,
          "stop" : 1742951297021,
          "duration" : 42
        },
        "status" : "passed",
        "steps" : [ ],
        "attachments" : [ ],
        "parameters" : [ ],
        "stepsCount" : 0,
        "attachmentsCount" : 0,
        "shouldDisplayMessage" : false,
        "hasContent" : false
      }, {
        "name" : "Click button \"Login\"",
        "time" : {
          "start" : 1742951297021,
          "stop" : 1742951297111,
          "duration" : 90
        },
        "status" : "passed",
        "steps" : [ ],
        "attachments" : [ ],
        "parameters" : [ ],
        "stepsCount" : 0,
        "attachmentsCount" : 0,
        "shouldDisplayMessage" : false,
        "hasContent" : false
      }, {
        "name" : "Check url is present: https://oblache.areso.pro/register.html",
        "time" : {
          "start" : 1742951297111,
          "stop" : 1742951297113,
          "duration" : 2
        },
        "status" : "passed",
        "steps" : [ ],
        "attachments" : [ ],
        "parameters" : [ ],
        "stepsCount" : 0,
        "attachmentsCount" : 0,
        "shouldDisplayMessage" : false,
        "hasContent" : false
      } ],
      "attachments" : [ ],
      "parameters" : [ ],
      "stepsCount" : 4,
      "attachmentsCount" : 0,
      "shouldDisplayMessage" : false,
      "hasContent" : true
    } ],
    "attachments" : [ ],
    "parameters" : [ ],
    "stepsCount" : 6,
    "attachmentsCount" : 0,
    "shouldDisplayMessage" : false,
    "hasContent" : true
  } ],
  "testStage" : {
    "status" : "broken",
    "statusMessage" : "selenium.common.exceptions.TimeoutException: Message: Can't find elements by locator ('xpath', '//tbody[@id=\"tbody_dbs\"]//tr')",
    "statusTrace" : "self = <tests_ui.test_ui.TestProfilePage object at 0x7fde52c16bd0>\ndriver = <selenium.webdriver.chrome.webdriver.WebDriver (session=\"0117a67259caa2edb49e62d86a798539\")>\nauthorization_user = None\n\n    @allure.title('test_clipboard')\n    def test_clipboard_uuid_db(self, driver, authorization_user):\n        page = ProfilePage(driver, authorization_user)\n        page.click_button_databases()\n>       page.check_clipboard(\n            table_xpath='//tbody[@id=\"tbody_dbs\"]',\n            token=TestProfilePage.token)\n\ntests_ui/test_ui.py:99: \n_ _ _ _ _ _ _ _ _ _ _ _ _ _ _ _ _ _ _ _ _ _ _ _ _ _ _ _ _ _ _ _ _ _ _ _ _ _ _ _ \ntests_ui/profile_page.py:97: in check_clipboard\n    databases_list = self.elements_are_present((By.XPATH, f'{table_xpath}//tr'))\ntests_ui/base_page.py:50: in elements_are_present\n    return Wait(self.driver, self.timeout).until(\n_ _ _ _ _ _ _ _ _ _ _ _ _ _ _ _ _ _ _ _ _ _ _ _ _ _ _ _ _ _ _ _ _ _ _ _ _ _ _ _ \n\nself = <selenium.webdriver.support.wait.WebDriverWait (session=\"0117a67259caa2edb49e62d86a798539\")>\nmethod = <function presence_of_all_elements_located.<locals>._predicate at 0x7fde523c5a80>\nmessage = 'Can\\'t find elements by locator (\\'xpath\\', \\'//tbody[@id=\"tbody_dbs\"]//tr\\')'\n\n    def until(self, method: Callable[[D], Union[Literal[False], T]], message: str = \"\") -> T:\n        \"\"\"Calls the method provided with the driver as an argument until the \\\n        return value does not evaluate to ``False``.\n    \n        :param method: callable(WebDriver)\n        :param message: optional message for :exc:`TimeoutException`\n        :returns: the result of the last call to `method`\n        :raises: :exc:`selenium.common.exceptions.TimeoutException` if timeout occurs\n        \"\"\"\n        screen = None\n        stacktrace = None\n    \n        end_time = time.monotonic() + self._timeout\n        while True:\n            try:\n                value = method(self._driver)\n                if value:\n                    return value\n            except self._ignored_exceptions as exc:\n                screen = getattr(exc, \"screen\", None)\n                stacktrace = getattr(exc, \"stacktrace\", None)\n            time.sleep(self._poll)\n            if time.monotonic() > end_time:\n                break\n>       raise TimeoutException(message, screen, stacktrace)\nE       selenium.common.exceptions.TimeoutException: Message: Can't find elements by locator ('xpath', '//tbody[@id=\"tbody_dbs\"]//tr')\n\n/opt/hostedtoolcache/Python/3.12.9/x64/lib/python3.12/site-packages/selenium/webdriver/support/wait.py:105: TimeoutException",
    "steps" : [ {
      "name" : "Click \"Databases\" button.",
      "time" : {
        "start" : 1742951297114,
        "stop" : 1742951297948,
        "duration" : 834
      },
      "status" : "passed",
      "steps" : [ ],
      "attachments" : [ ],
      "parameters" : [ ],
      "stepsCount" : 0,
      "attachmentsCount" : 0,
      "shouldDisplayMessage" : false,
      "hasContent" : false
    }, {
      "name" : "Check clipboard",
      "time" : {
        "start" : 1742951297948,
        "stop" : 1742951303008,
        "duration" : 5060
      },
      "status" : "broken",
      "statusMessage" : "selenium.common.exceptions.TimeoutException: Message: Can't find elements by locator ('xpath', '//tbody[@id=\"tbody_dbs\"]//tr')\n\n",
      "statusTrace" : "  File \"/opt/hostedtoolcache/Python/3.12.9/x64/lib/python3.12/site-packages/allure_commons/_allure.py\", line 192, in impl\n    return func(*a, **kw)\n           ^^^^^^^^^^^^^^\n  File \"/home/runner/work/Oblache/Oblache/tests_ui/profile_page.py\", line 97, in check_clipboard\n    databases_list = self.elements_are_present((By.XPATH, f'{table_xpath}//tr'))\n                     ^^^^^^^^^^^^^^^^^^^^^^^^^^^^^^^^^^^^^^^^^^^^^^^^^^^^^^^^^^^\n  File \"/home/runner/work/Oblache/Oblache/tests_ui/base_page.py\", line 50, in elements_are_present\n    return Wait(self.driver, self.timeout).until(\n           ^^^^^^^^^^^^^^^^^^^^^^^^^^^^^^^^^^^^^^\n  File \"/opt/hostedtoolcache/Python/3.12.9/x64/lib/python3.12/site-packages/selenium/webdriver/support/wait.py\", line 105, in until\n    raise TimeoutException(message, screen, stacktrace)\n",
      "steps" : [ ],
      "attachments" : [ ],
      "parameters" : [ {
        "name" : "table_xpath",
        "value" : "'//tbody[@id=\"tbody_dbs\"]'"
      }, {
        "name" : "token",
        "value" : "'ed54c06e-bf01-4f76-8cb6-cc08b2502218'"
      } ],
      "stepsCount" : 0,
      "attachmentsCount" : 0,
      "shouldDisplayMessage" : true,
      "hasContent" : true
    } ],
    "attachments" : [ {
      "uid" : "69121ddc59671f0f",
      "name" : "Screenshot 2025-03-26 01:08:23.097426",
      "source" : "69121ddc59671f0f.png",
      "type" : "image/png",
      "size" : 27599
    } ],
    "parameters" : [ ],
    "stepsCount" : 2,
    "attachmentsCount" : 1,
    "shouldDisplayMessage" : true,
    "hasContent" : true
  },
  "afterStages" : [ {
    "name" : "driver::0",
    "time" : {
      "start" : 1742951303098,
      "stop" : 1742951303159,
      "duration" : 61
    },
    "status" : "passed",
    "steps" : [ ],
    "attachments" : [ ],
    "parameters" : [ ],
    "stepsCount" : 0,
    "attachmentsCount" : 0,
    "shouldDisplayMessage" : false,
    "hasContent" : false
  } ],
  "labels" : [ {
    "name" : "suite",
    "value" : "Test Profile Page."
  }, {
    "name" : "parentSuite",
    "value" : "tests_ui"
  }, {
    "name" : "subSuite",
    "value" : "TestProfilePage"
  }, {
    "name" : "host",
    "value" : "fv-az1787-927"
  }, {
    "name" : "thread",
    "value" : "2469-MainThread"
  }, {
    "name" : "framework",
    "value" : "pytest"
  }, {
    "name" : "language",
    "value" : "cpython3"
  }, {
    "name" : "package",
    "value" : "tests_ui.test_ui"
  }, {
    "name" : "resultFormat",
    "value" : "allure2"
  } ],
  "parameters" : [ ],
  "links" : [ ],
  "hidden" : false,
  "retry" : false,
  "extra" : {
    "severity" : "normal",
    "retries" : [ ],
    "categories" : [ {
      "name" : "Test defects",
      "matchedStatuses" : [ ],
      "flaky" : false
    } ],
    "history" : {
      "statistic" : {
        "failed" : 0,
        "broken" : 18,
        "skipped" : 0,
        "passed" : 117,
        "unknown" : 0,
        "total" : 135
      },
      "items" : [ {
        "uid" : "33a05bea43046b64",
        "reportUrl" : "https://lambotik.github.io/Oblache/352//#testresult/33a05bea43046b64",
        "status" : "passed",
        "time" : {
          "start" : 1742864988471,
          "stop" : 1742864990552,
          "duration" : 2081
        }
      }, {
        "uid" : "64f3748dcf2cc865",
        "reportUrl" : "https://lambotik.github.io/Oblache/351//#testresult/64f3748dcf2cc865",
        "status" : "passed",
        "time" : {
          "start" : 1742778628308,
          "stop" : 1742778630996,
          "duration" : 2688
        }
      }, {
        "uid" : "eb274a7a767cdda6",
        "reportUrl" : "https://lambotik.github.io/Oblache/350//#testresult/eb274a7a767cdda6",
        "status" : "passed",
        "time" : {
          "start" : 1742692419675,
          "stop" : 1742692421908,
          "duration" : 2233
        }
      }, {
        "uid" : "23d710f2d2a24445",
        "reportUrl" : "https://lambotik.github.io/Oblache/349//#testresult/23d710f2d2a24445",
        "status" : "broken",
        "statusDetails" : "selenium.common.exceptions.TimeoutException: Message: Can't find elements by locator ('xpath', '//tbody[@id=\"tbody_dbs\"]//tr')",
        "time" : {
          "start" : 1742605647645,
          "stop" : 1742605653564,
          "duration" : 5919
        }
      }, {
        "uid" : "fd5505b5c70d5f7d",
        "reportUrl" : "https://lambotik.github.io/Oblache/348//#testresult/fd5505b5c70d5f7d",
        "status" : "passed",
        "time" : {
          "start" : 1742519317327,
          "stop" : 1742519320057,
          "duration" : 2730
        }
      }, {
        "uid" : "8af9dc5f564bf5c8",
        "reportUrl" : "https://lambotik.github.io/Oblache/347//#testresult/8af9dc5f564bf5c8",
        "status" : "broken",
        "statusDetails" : "KeyError: 'data'",
        "time" : {
          "start" : 1742432847545,
          "stop" : 1742432849825,
          "duration" : 2280
        }
      }, {
        "uid" : "44ad31b94ad76412",
        "reportUrl" : "https://lambotik.github.io/Oblache/346//#testresult/44ad31b94ad76412",
        "status" : "broken",
        "statusDetails" : "selenium.common.exceptions.TimeoutException: Message: Can't find elements by locator ('xpath', '//tbody[@id=\"tbody_dbs\"]//tr')",
        "time" : {
          "start" : 1742346508531,
          "stop" : 1742346514439,
          "duration" : 5908
        }
      }, {
        "uid" : "5801c1edb06b342",
        "reportUrl" : "https://lambotik.github.io/Oblache/345//#testresult/5801c1edb06b342",
        "status" : "passed",
        "time" : {
          "start" : 1742260058931,
          "stop" : 1742260061823,
          "duration" : 2892
        }
      }, {
        "uid" : "c09e35e7a51c3d5b",
        "reportUrl" : "https://lambotik.github.io/Oblache/344//#testresult/c09e35e7a51c3d5b",
        "status" : "broken",
        "statusDetails" : "selenium.common.exceptions.TimeoutException: Message: Can't find elements by locator ('xpath', '//tbody[@id=\"tbody_dbs\"]//tr')",
        "time" : {
          "start" : 1742173766824,
          "stop" : 1742173772723,
          "duration" : 5899
        }
      }, {
        "uid" : "dda8b33f9be55e01",
        "reportUrl" : "https://lambotik.github.io/Oblache/343//#testresult/dda8b33f9be55e01",
        "status" : "passed",
        "time" : {
          "start" : 1742087645191,
          "stop" : 1742087647994,
          "duration" : 2803
        }
      }, {
        "uid" : "468cf21d66e4e4bb",
        "reportUrl" : "https://lambotik.github.io/Oblache/342//#testresult/468cf21d66e4e4bb",
        "status" : "broken",
        "statusDetails" : "selenium.common.exceptions.TimeoutException: Message: Can't find elements by locator ('xpath', '//tbody[@id=\"tbody_dbs\"]//tr')",
        "time" : {
          "start" : 1742000782629,
          "stop" : 1742000788570,
          "duration" : 5941
        }
      }, {
        "uid" : "b6b5930460552b2",
        "reportUrl" : "https://lambotik.github.io/Oblache/341//#testresult/b6b5930460552b2",
        "status" : "passed",
        "time" : {
          "start" : 1741914447846,
          "stop" : 1741914449855,
          "duration" : 2009
        }
      }, {
        "uid" : "832d37adeb063636",
        "reportUrl" : "https://lambotik.github.io/Oblache/340//#testresult/832d37adeb063636",
        "status" : "passed",
        "time" : {
          "start" : 1741828123951,
          "stop" : 1741828126767,
          "duration" : 2816
        }
      }, {
        "uid" : "8485bb5e8174f2e3",
        "reportUrl" : "https://lambotik.github.io/Oblache/339//#testresult/8485bb5e8174f2e3",
        "status" : "passed",
        "time" : {
          "start" : 1741741656333,
          "stop" : 1741741659008,
          "duration" : 2675
        }
      }, {
        "uid" : "9dfe5a1833164c00",
        "reportUrl" : "https://lambotik.github.io/Oblache/338//#testresult/9dfe5a1833164c00",
        "status" : "passed",
        "time" : {
          "start" : 1741655238043,
          "stop" : 1741655240001,
          "duration" : 1958
        }
      }, {
        "uid" : "d5a3261c1f6aa8c",
        "reportUrl" : "https://lambotik.github.io/Oblache/337//#testresult/d5a3261c1f6aa8c",
        "status" : "passed",
        "time" : {
          "start" : 1741568350481,
          "stop" : 1741568353398,
          "duration" : 2917
        }
      }, {
        "uid" : "3aa4ce345fe6595c",
        "reportUrl" : "https://lambotik.github.io/Oblache/336//#testresult/3aa4ce345fe6595c",
        "status" : "passed",
        "time" : {
          "start" : 1741481914156,
          "stop" : 1741481916244,
          "duration" : 2088
        }
      }, {
        "uid" : "edbcad2566066420",
        "reportUrl" : "https://lambotik.github.io/Oblache/335//#testresult/edbcad2566066420",
        "status" : "passed",
        "time" : {
          "start" : 1741395260012,
          "stop" : 1741395262008,
          "duration" : 1996
        }
      }, {
        "uid" : "5880de8c07b52b3",
        "reportUrl" : "https://lambotik.github.io/Oblache/334//#testresult/5880de8c07b52b3",
        "status" : "passed",
        "time" : {
          "start" : 1741309646587,
          "stop" : 1741309649339,
          "duration" : 2752
        }
      }, {
        "uid" : "5ccefdd177806cf2",
        "reportUrl" : "https://lambotik.github.io/Oblache/333//#testresult/5ccefdd177806cf2",
        "status" : "passed",
        "time" : {
          "start" : 1741223252836,
          "stop" : 1741223254812,
          "duration" : 1976
        }
      } ]
    },
    "tags" : [ ]
  },
  "source" : "42c11acebc0c66d6.json",
  "parameterValues" : [ ]
}