{
  "uid" : "7a135df858308146",
  "name" : "test_clipboard_uuid_docker",
  "fullName" : "tests_ui.test_ui.TestProfilePage#test_clipboard_uuid_docker",
  "historyId" : "11f91f43cfea2a231aececf29c7ed302",
  "time" : {
    "start" : 1742951311056,
    "stop" : 1742951317163,
    "duration" : 6107
  },
  "status" : "broken",
  "statusMessage" : "selenium.common.exceptions.TimeoutException: Message: Can't find element by locator ('xpath', '//table[@id=\"table_containers\"] //tr[1]/td[3] /button')\nStacktrace:\n#0 0x55b81e873a1a <unknown>\n#1 0x55b81e32b390 <unknown>\n#2 0x55b81e37cc85 <unknown>\n#3 0x55b81e37ceb1 <unknown>\n#4 0x55b81e3cbd64 <unknown>\n#5 0x55b81e3a2bfd <unknown>\n#6 0x55b81e3c907b <unknown>\n#7 0x55b81e3a29a3 <unknown>\n#8 0x55b81e36e60e <unknown>\n#9 0x55b81e36fdd1 <unknown>\n#10 0x55b81e839ddb <unknown>\n#11 0x55b81e83dcbc <unknown>\n#12 0x55b81e821392 <unknown>\n#13 0x55b81e83e834 <unknown>\n#14 0x55b81e8051ef <unknown>\n#15 0x55b81e862038 <unknown>\n#16 0x55b81e862216 <unknown>\n#17 0x55b81e872896 <unknown>\n#18 0x7f6c9429caa4 <unknown>\n#19 0x7f6c94329c3c <unknown>",
  "statusTrace" : "self = <tests_ui.test_ui.TestProfilePage object at 0x7fde52c16e70>\ndriver = <selenium.webdriver.chrome.webdriver.WebDriver (session=\"d840d18a99ee60a50fdd9ed7b1da89af\")>\nauthorization_user = None\n\n    @allure.title('test_clipboard_uuid_docker')\n    def test_clipboard_uuid_docker(self, driver, authorization_user):\n        page = ProfilePage(driver, authorization_user)\n        page.click_button_docker_containers()\n>       page.check_clipboard(\n            table_xpath='//table[@id=\"table_containers\"]',\n            token=TestProfilePage.token)\n\ntests_ui/test_ui.py:113: \n_ _ _ _ _ _ _ _ _ _ _ _ _ _ _ _ _ _ _ _ _ _ _ _ _ _ _ _ _ _ _ _ _ _ _ _ _ _ _ _ \ntests_ui/profile_page.py:100: in check_clipboard\n    button = self.element_is_visible((By.XPATH, f'{table_xpath} //tr[1]/td[3] /button'))\ntests_ui/base_page.py:33: in element_is_visible\n    self.go_to_element(self.element_is_present(locator))\ntests_ui/base_page.py:46: in element_is_present\n    return Wait(self.driver, self.timeout).until(\n_ _ _ _ _ _ _ _ _ _ _ _ _ _ _ _ _ _ _ _ _ _ _ _ _ _ _ _ _ _ _ _ _ _ _ _ _ _ _ _ \n\nself = <selenium.webdriver.support.wait.WebDriverWait (session=\"d840d18a99ee60a50fdd9ed7b1da89af\")>\nmethod = <function presence_of_element_located.<locals>._predicate at 0x7fde523e9ee0>\nmessage = 'Can\\'t find element by locator (\\'xpath\\', \\'//table[@id=\"table_containers\"] //tr[1]/td[3] /button\\')'\n\n    def until(self, method: Callable[[D], Union[Literal[False], T]], message: str = \"\") -> T:\n        \"\"\"Calls the method provided with the driver as an argument until the \\\n        return value does not evaluate to ``False``.\n    \n        :param method: callable(WebDriver)\n        :param message: optional message for :exc:`TimeoutException`\n        :returns: the result of the last call to `method`\n        :raises: :exc:`selenium.common.exceptions.TimeoutException` if timeout occurs\n        \"\"\"\n        screen = None\n        stacktrace = None\n    \n        end_time = time.monotonic() + self._timeout\n        while True:\n            try:\n                value = method(self._driver)\n                if value:\n                    return value\n            except self._ignored_exceptions as exc:\n                screen = getattr(exc, \"screen\", None)\n                stacktrace = getattr(exc, \"stacktrace\", None)\n            time.sleep(self._poll)\n            if time.monotonic() > end_time:\n                break\n>       raise TimeoutException(message, screen, stacktrace)\nE       selenium.common.exceptions.TimeoutException: Message: Can't find element by locator ('xpath', '//table[@id=\"table_containers\"] //tr[1]/td[3] /button')\nE       Stacktrace:\nE       #0 0x55b81e873a1a <unknown>\nE       #1 0x55b81e32b390 <unknown>\nE       #2 0x55b81e37cc85 <unknown>\nE       #3 0x55b81e37ceb1 <unknown>\nE       #4 0x55b81e3cbd64 <unknown>\nE       #5 0x55b81e3a2bfd <unknown>\nE       #6 0x55b81e3c907b <unknown>\nE       #7 0x55b81e3a29a3 <unknown>\nE       #8 0x55b81e36e60e <unknown>\nE       #9 0x55b81e36fdd1 <unknown>\nE       #10 0x55b81e839ddb <unknown>\nE       #11 0x55b81e83dcbc <unknown>\nE       #12 0x55b81e821392 <unknown>\nE       #13 0x55b81e83e834 <unknown>\nE       #14 0x55b81e8051ef <unknown>\nE       #15 0x55b81e862038 <unknown>\nE       #16 0x55b81e862216 <unknown>\nE       #17 0x55b81e872896 <unknown>\nE       #18 0x7f6c9429caa4 <unknown>\nE       #19 0x7f6c94329c3c <unknown>\n\n/opt/hostedtoolcache/Python/3.12.9/x64/lib/python3.12/site-packages/selenium/webdriver/support/wait.py:105: TimeoutException",
  "flaky" : false,
  "newFailed" : false,
  "beforeStages" : [ {
    "name" : "authorization_user",
    "time" : {
      "start" : 1742951310538,
      "stop" : 1742951311056,
      "duration" : 518
    },
    "status" : "passed",
    "steps" : [ {
      "name" : "Open page: https://oblache.areso.pro/register.html",
      "time" : {
        "start" : 1742951310538,
        "stop" : 1742951310842,
        "duration" : 304
      },
      "status" : "passed",
      "steps" : [ ],
      "attachments" : [ ],
      "parameters" : [ ],
      "stepsCount" : 0,
      "attachmentsCount" : 0,
      "shouldDisplayMessage" : false,
      "hasContent" : false
    }, {
      "name" : "Login user",
      "time" : {
        "start" : 1742951310842,
        "stop" : 1742951311056,
        "duration" : 214
      },
      "status" : "passed",
      "steps" : [ {
        "name" : "Enter email.",
        "time" : {
          "start" : 1742951310842,
          "stop" : 1742951310910,
          "duration" : 68
        },
        "status" : "passed",
        "steps" : [ ],
        "attachments" : [ ],
        "parameters" : [ ],
        "stepsCount" : 0,
        "attachmentsCount" : 0,
        "shouldDisplayMessage" : false,
        "hasContent" : false
      }, {
        "name" : "Enter password.",
        "time" : {
          "start" : 1742951310910,
          "stop" : 1742951310956,
          "duration" : 46
        },
        "status" : "passed",
        "steps" : [ ],
        "attachments" : [ ],
        "parameters" : [ ],
        "stepsCount" : 0,
        "attachmentsCount" : 0,
        "shouldDisplayMessage" : false,
        "hasContent" : false
      }, {
        "name" : "Click button \"Login\"",
        "time" : {
          "start" : 1742951310956,
          "stop" : 1742951311053,
          "duration" : 97
        },
        "status" : "passed",
        "steps" : [ ],
        "attachments" : [ ],
        "parameters" : [ ],
        "stepsCount" : 0,
        "attachmentsCount" : 0,
        "shouldDisplayMessage" : false,
        "hasContent" : false
      }, {
        "name" : "Check url is present: https://oblache.areso.pro/register.html",
        "time" : {
          "start" : 1742951311053,
          "stop" : 1742951311056,
          "duration" : 3
        },
        "status" : "passed",
        "steps" : [ ],
        "attachments" : [ ],
        "parameters" : [ ],
        "stepsCount" : 0,
        "attachmentsCount" : 0,
        "shouldDisplayMessage" : false,
        "hasContent" : false
      } ],
      "attachments" : [ ],
      "parameters" : [ ],
      "stepsCount" : 4,
      "attachmentsCount" : 0,
      "shouldDisplayMessage" : false,
      "hasContent" : true
    } ],
    "attachments" : [ ],
    "parameters" : [ ],
    "stepsCount" : 6,
    "attachmentsCount" : 0,
    "shouldDisplayMessage" : false,
    "hasContent" : true
  }, {
    "name" : "driver",
    "time" : {
      "start" : 1742951310197,
      "stop" : 1742951310537,
      "duration" : 340
    },
    "status" : "passed",
    "steps" : [ ],
    "attachments" : [ ],
    "parameters" : [ ],
    "stepsCount" : 0,
    "attachmentsCount" : 0,
    "shouldDisplayMessage" : false,
    "hasContent" : false
  } ],
  "testStage" : {
    "status" : "broken",
    "statusMessage" : "selenium.common.exceptions.TimeoutException: Message: Can't find element by locator ('xpath', '//table[@id=\"table_containers\"] //tr[1]/td[3] /button')\nStacktrace:\n#0 0x55b81e873a1a <unknown>\n#1 0x55b81e32b390 <unknown>\n#2 0x55b81e37cc85 <unknown>\n#3 0x55b81e37ceb1 <unknown>\n#4 0x55b81e3cbd64 <unknown>\n#5 0x55b81e3a2bfd <unknown>\n#6 0x55b81e3c907b <unknown>\n#7 0x55b81e3a29a3 <unknown>\n#8 0x55b81e36e60e <unknown>\n#9 0x55b81e36fdd1 <unknown>\n#10 0x55b81e839ddb <unknown>\n#11 0x55b81e83dcbc <unknown>\n#12 0x55b81e821392 <unknown>\n#13 0x55b81e83e834 <unknown>\n#14 0x55b81e8051ef <unknown>\n#15 0x55b81e862038 <unknown>\n#16 0x55b81e862216 <unknown>\n#17 0x55b81e872896 <unknown>\n#18 0x7f6c9429caa4 <unknown>\n#19 0x7f6c94329c3c <unknown>",
    "statusTrace" : "self = <tests_ui.test_ui.TestProfilePage object at 0x7fde52c16e70>\ndriver = <selenium.webdriver.chrome.webdriver.WebDriver (session=\"d840d18a99ee60a50fdd9ed7b1da89af\")>\nauthorization_user = None\n\n    @allure.title('test_clipboard_uuid_docker')\n    def test_clipboard_uuid_docker(self, driver, authorization_user):\n        page = ProfilePage(driver, authorization_user)\n        page.click_button_docker_containers()\n>       page.check_clipboard(\n            table_xpath='//table[@id=\"table_containers\"]',\n            token=TestProfilePage.token)\n\ntests_ui/test_ui.py:113: \n_ _ _ _ _ _ _ _ _ _ _ _ _ _ _ _ _ _ _ _ _ _ _ _ _ _ _ _ _ _ _ _ _ _ _ _ _ _ _ _ \ntests_ui/profile_page.py:100: in check_clipboard\n    button = self.element_is_visible((By.XPATH, f'{table_xpath} //tr[1]/td[3] /button'))\ntests_ui/base_page.py:33: in element_is_visible\n    self.go_to_element(self.element_is_present(locator))\ntests_ui/base_page.py:46: in element_is_present\n    return Wait(self.driver, self.timeout).until(\n_ _ _ _ _ _ _ _ _ _ _ _ _ _ _ _ _ _ _ _ _ _ _ _ _ _ _ _ _ _ _ _ _ _ _ _ _ _ _ _ \n\nself = <selenium.webdriver.support.wait.WebDriverWait (session=\"d840d18a99ee60a50fdd9ed7b1da89af\")>\nmethod = <function presence_of_element_located.<locals>._predicate at 0x7fde523e9ee0>\nmessage = 'Can\\'t find element by locator (\\'xpath\\', \\'//table[@id=\"table_containers\"] //tr[1]/td[3] /button\\')'\n\n    def until(self, method: Callable[[D], Union[Literal[False], T]], message: str = \"\") -> T:\n        \"\"\"Calls the method provided with the driver as an argument until the \\\n        return value does not evaluate to ``False``.\n    \n        :param method: callable(WebDriver)\n        :param message: optional message for :exc:`TimeoutException`\n        :returns: the result of the last call to `method`\n        :raises: :exc:`selenium.common.exceptions.TimeoutException` if timeout occurs\n        \"\"\"\n        screen = None\n        stacktrace = None\n    \n        end_time = time.monotonic() + self._timeout\n        while True:\n            try:\n                value = method(self._driver)\n                if value:\n                    return value\n            except self._ignored_exceptions as exc:\n                screen = getattr(exc, \"screen\", None)\n                stacktrace = getattr(exc, \"stacktrace\", None)\n            time.sleep(self._poll)\n            if time.monotonic() > end_time:\n                break\n>       raise TimeoutException(message, screen, stacktrace)\nE       selenium.common.exceptions.TimeoutException: Message: Can't find element by locator ('xpath', '//table[@id=\"table_containers\"] //tr[1]/td[3] /button')\nE       Stacktrace:\nE       #0 0x55b81e873a1a <unknown>\nE       #1 0x55b81e32b390 <unknown>\nE       #2 0x55b81e37cc85 <unknown>\nE       #3 0x55b81e37ceb1 <unknown>\nE       #4 0x55b81e3cbd64 <unknown>\nE       #5 0x55b81e3a2bfd <unknown>\nE       #6 0x55b81e3c907b <unknown>\nE       #7 0x55b81e3a29a3 <unknown>\nE       #8 0x55b81e36e60e <unknown>\nE       #9 0x55b81e36fdd1 <unknown>\nE       #10 0x55b81e839ddb <unknown>\nE       #11 0x55b81e83dcbc <unknown>\nE       #12 0x55b81e821392 <unknown>\nE       #13 0x55b81e83e834 <unknown>\nE       #14 0x55b81e8051ef <unknown>\nE       #15 0x55b81e862038 <unknown>\nE       #16 0x55b81e862216 <unknown>\nE       #17 0x55b81e872896 <unknown>\nE       #18 0x7f6c9429caa4 <unknown>\nE       #19 0x7f6c94329c3c <unknown>\n\n/opt/hostedtoolcache/Python/3.12.9/x64/lib/python3.12/site-packages/selenium/webdriver/support/wait.py:105: TimeoutException",
    "steps" : [ {
      "name" : "Click \"Docker containers\" button.",
      "time" : {
        "start" : 1742951311057,
        "stop" : 1742951312011,
        "duration" : 954
      },
      "status" : "passed",
      "steps" : [ ],
      "attachments" : [ ],
      "parameters" : [ ],
      "stepsCount" : 0,
      "attachmentsCount" : 0,
      "shouldDisplayMessage" : false,
      "hasContent" : false
    }, {
      "name" : "Check clipboard",
      "time" : {
        "start" : 1742951312011,
        "stop" : 1742951317163,
        "duration" : 5152
      },
      "status" : "broken",
      "statusMessage" : "selenium.common.exceptions.TimeoutException: Message: Can't find element by locator ('xpath', '//table[@id=\"table_containers\"] //tr[1]/td[3] /button')\nStacktrace:\n#0 0x55b81e873a1a <unknown>\n#1 0x55b81e32b390 <unknown>\n#2 0x55b81e37cc85 <unknown>\n#3 0x55b81e37ceb1 <unknown>\n#4 0x55b81e3cbd64 <unknown>\n#5 0x55b81e3a2bfd <unknown>\n#6 0x55b81e3c907b <unknown>\n#7 0x55b81e3a29a3 <unknown>\n#8 0x55b81e36e60e <unknown>\n#9 0x55b81e36fdd1 <unknown>\n#10 0x55b81e839ddb <unknown>\n#11 0x55b81e83dcbc <unknown>\n#12 0x55b81e821392 <unknown>\n#13 0x55b81e83e834 <unknown>\n#14 0x55b81e8051ef <unknown>\n#15 0x55b81e862038 <unknown>\n#16 0x55b81e862216 <unknown>\n#17 0x55b81e872896 <unknown>\n#18 0x7f6c9429caa4 <unknown>\n#19 0x7f6c94329c3c <unknown>\n\n",
      "statusTrace" : "  File \"/opt/hostedtoolcache/Python/3.12.9/x64/lib/python3.12/site-packages/allure_commons/_allure.py\", line 192, in impl\n    return func(*a, **kw)\n           ^^^^^^^^^^^^^^\n  File \"/home/runner/work/Oblache/Oblache/tests_ui/profile_page.py\", line 100, in check_clipboard\n    button = self.element_is_visible((By.XPATH, f'{table_xpath} //tr[1]/td[3] /button'))\n             ^^^^^^^^^^^^^^^^^^^^^^^^^^^^^^^^^^^^^^^^^^^^^^^^^^^^^^^^^^^^^^^^^^^^^^^^^^^\n  File \"/home/runner/work/Oblache/Oblache/tests_ui/base_page.py\", line 33, in element_is_visible\n    self.go_to_element(self.element_is_present(locator))\n                       ^^^^^^^^^^^^^^^^^^^^^^^^^^^^^^^^\n  File \"/home/runner/work/Oblache/Oblache/tests_ui/base_page.py\", line 46, in element_is_present\n    return Wait(self.driver, self.timeout).until(\n           ^^^^^^^^^^^^^^^^^^^^^^^^^^^^^^^^^^^^^^\n  File \"/opt/hostedtoolcache/Python/3.12.9/x64/lib/python3.12/site-packages/selenium/webdriver/support/wait.py\", line 105, in until\n    raise TimeoutException(message, screen, stacktrace)\n",
      "steps" : [ ],
      "attachments" : [ ],
      "parameters" : [ {
        "name" : "table_xpath",
        "value" : "'//table[@id=\"table_containers\"]'"
      }, {
        "name" : "token",
        "value" : "'ed54c06e-bf01-4f76-8cb6-cc08b2502218'"
      } ],
      "stepsCount" : 0,
      "attachmentsCount" : 0,
      "shouldDisplayMessage" : true,
      "hasContent" : true
    } ],
    "attachments" : [ {
      "uid" : "55068ec13d7c718f",
      "name" : "Screenshot 2025-03-26 01:08:37.264272",
      "source" : "55068ec13d7c718f.png",
      "type" : "image/png",
      "size" : 30384
    } ],
    "parameters" : [ ],
    "stepsCount" : 2,
    "attachmentsCount" : 1,
    "shouldDisplayMessage" : true,
    "hasContent" : true
  },
  "afterStages" : [ {
    "name" : "driver::0",
    "time" : {
      "start" : 1742951317265,
      "stop" : 1742951317325,
      "duration" : 60
    },
    "status" : "passed",
    "steps" : [ ],
    "attachments" : [ ],
    "parameters" : [ ],
    "stepsCount" : 0,
    "attachmentsCount" : 0,
    "shouldDisplayMessage" : false,
    "hasContent" : false
  } ],
  "labels" : [ {
    "name" : "suite",
    "value" : "Test Profile Page."
  }, {
    "name" : "parentSuite",
    "value" : "tests_ui"
  }, {
    "name" : "subSuite",
    "value" : "TestProfilePage"
  }, {
    "name" : "host",
    "value" : "fv-az1787-927"
  }, {
    "name" : "thread",
    "value" : "2469-MainThread"
  }, {
    "name" : "framework",
    "value" : "pytest"
  }, {
    "name" : "language",
    "value" : "cpython3"
  }, {
    "name" : "package",
    "value" : "tests_ui.test_ui"
  }, {
    "name" : "resultFormat",
    "value" : "allure2"
  } ],
  "parameters" : [ ],
  "links" : [ ],
  "hidden" : false,
  "retry" : false,
  "extra" : {
    "severity" : "normal",
    "retries" : [ ],
    "categories" : [ {
      "name" : "Test defects",
      "matchedStatuses" : [ ],
      "flaky" : false
    } ],
    "history" : {
      "statistic" : {
        "failed" : 0,
        "broken" : 16,
        "skipped" : 0,
        "passed" : 119,
        "unknown" : 0,
        "total" : 135
      },
      "items" : [ {
        "uid" : "4028ab539733d874",
        "reportUrl" : "https://lambotik.github.io/Oblache/352//#testresult/4028ab539733d874",
        "status" : "passed",
        "time" : {
          "start" : 1742864998444,
          "stop" : 1742865001009,
          "duration" : 2565
        }
      }, {
        "uid" : "48b741f76e454804",
        "reportUrl" : "https://lambotik.github.io/Oblache/351//#testresult/48b741f76e454804",
        "status" : "passed",
        "time" : {
          "start" : 1742778640436,
          "stop" : 1742778643736,
          "duration" : 3300
        }
      }, {
        "uid" : "ddf24832b708c391",
        "reportUrl" : "https://lambotik.github.io/Oblache/350//#testresult/ddf24832b708c391",
        "status" : "passed",
        "time" : {
          "start" : 1742692431182,
          "stop" : 1742692433866,
          "duration" : 2684
        }
      }, {
        "uid" : "33fa564ff73e1139",
        "reportUrl" : "https://lambotik.github.io/Oblache/349//#testresult/33fa564ff73e1139",
        "status" : "passed",
        "time" : {
          "start" : 1742605662393,
          "stop" : 1742605664877,
          "duration" : 2484
        }
      }, {
        "uid" : "f3faf5b269eca45e",
        "reportUrl" : "https://lambotik.github.io/Oblache/348//#testresult/f3faf5b269eca45e",
        "status" : "passed",
        "time" : {
          "start" : 1742519329510,
          "stop" : 1742519332864,
          "duration" : 3354
        }
      }, {
        "uid" : "8adcea0ac1fb8a6",
        "reportUrl" : "https://lambotik.github.io/Oblache/347//#testresult/8adcea0ac1fb8a6",
        "status" : "broken",
        "statusDetails" : "KeyError: 'data'",
        "time" : {
          "start" : 1742432858729,
          "stop" : 1742432861454,
          "duration" : 2725
        }
      }, {
        "uid" : "b79e6731fc645ad5",
        "reportUrl" : "https://lambotik.github.io/Oblache/346//#testresult/b79e6731fc645ad5",
        "status" : "passed",
        "time" : {
          "start" : 1742346523140,
          "stop" : 1742346525606,
          "duration" : 2466
        }
      }, {
        "uid" : "2c661935b7a28e13",
        "reportUrl" : "https://lambotik.github.io/Oblache/345//#testresult/2c661935b7a28e13",
        "status" : "passed",
        "time" : {
          "start" : 1742260071242,
          "stop" : 1742260074572,
          "duration" : 3330
        }
      }, {
        "uid" : "f50b2e94389b7f1d",
        "reportUrl" : "https://lambotik.github.io/Oblache/344//#testresult/f50b2e94389b7f1d",
        "status" : "passed",
        "time" : {
          "start" : 1742173781407,
          "stop" : 1742173783911,
          "duration" : 2504
        }
      }, {
        "uid" : "eeaaf5c2d3b03b4a",
        "reportUrl" : "https://lambotik.github.io/Oblache/343//#testresult/eeaaf5c2d3b03b4a",
        "status" : "passed",
        "time" : {
          "start" : 1742087657385,
          "stop" : 1742087660681,
          "duration" : 3296
        }
      }, {
        "uid" : "2b9da01a578d3c79",
        "reportUrl" : "https://lambotik.github.io/Oblache/342//#testresult/2b9da01a578d3c79",
        "status" : "passed",
        "time" : {
          "start" : 1742000797501,
          "stop" : 1742000800016,
          "duration" : 2515
        }
      }, {
        "uid" : "569b3d44036b383d",
        "reportUrl" : "https://lambotik.github.io/Oblache/341//#testresult/569b3d44036b383d",
        "status" : "broken",
        "statusDetails" : "selenium.common.exceptions.TimeoutException: Message: Can't find element by locator ('xpath', '//table[@id=\"table_containers\"] //tr[1]/td[3] /button')\nStacktrace:\n#0 0x55ec0ff4e46a <unknown>\n#1 0x55ec0fa07ed0 <unknown>\n#2 0x55ec0fa59935 <unknown>\n#3 0x55ec0fa59b61 <unknown>\n#4 0x55ec0faa89d4 <unknown>\n#5 0x55ec0fa7f88d <unknown>\n#6 0x55ec0faa5ceb <unknown>\n#7 0x55ec0fa7f633 <unknown>\n#8 0x55ec0fa4b1be <unknown>\n#9 0x55ec0fa4c981 <unknown>\n#10 0x55ec0ff1486b <unknown>\n#11 0x55ec0ff1873c <unknown>\n#12 0x55ec0fefbf12 <unknown>\n#13 0x55ec0ff192b4 <unknown>\n#14 0x55ec0fee00af <unknown>\n#15 0x55ec0ff3cad8 <unknown>\n#16 0x55ec0ff3ccb6 <unknown>\n#17 0x55ec0ff4d2e6 <unknown>\n#18 0x7f07b229caa4 <unknown>\n#19 0x7f07b2329c3c <unknown>",
        "time" : {
          "start" : 1741914457675,
          "stop" : 1741914463912,
          "duration" : 6237
        }
      }, {
        "uid" : "a61da8d204bc3d65",
        "reportUrl" : "https://lambotik.github.io/Oblache/340//#testresult/a61da8d204bc3d65",
        "status" : "passed",
        "time" : {
          "start" : 1741828136315,
          "stop" : 1741828139652,
          "duration" : 3337
        }
      }, {
        "uid" : "c1502e912eed780a",
        "reportUrl" : "https://lambotik.github.io/Oblache/339//#testresult/c1502e912eed780a",
        "status" : "passed",
        "time" : {
          "start" : 1741741668414,
          "stop" : 1741741671676,
          "duration" : 3262
        }
      }, {
        "uid" : "80aef3f3f05d4390",
        "reportUrl" : "https://lambotik.github.io/Oblache/338//#testresult/80aef3f3f05d4390",
        "status" : "broken",
        "statusDetails" : "selenium.common.exceptions.TimeoutException: Message: Can't find element by locator ('xpath', '//table[@id=\"table_containers\"] //tr[1]/td[3] /button')\nStacktrace:\n#0 0x55f683dd014a <unknown>\n#1 0x55f68386db80 <unknown>\n#2 0x55f6838bf0e9 <unknown>\n#3 0x55f6838bf271 <unknown>\n#4 0x55f68390dde4 <unknown>\n#5 0x55f6838e4efd <unknown>\n#6 0x55f68390b14a <unknown>\n#7 0x55f6838e4ca3 <unknown>\n#8 0x55f6838b0f08 <unknown>\n#9 0x55f6838b2071 <unknown>\n#10 0x55f683d99b5b <unknown>\n#11 0x55f683d9dae2 <unknown>\n#12 0x55f683d85967 <unknown>\n#13 0x55f683d9e6d4 <unknown>\n#14 0x55f683d69c7f <unknown>\n#15 0x55f683dbecd8 <unknown>\n#16 0x55f683dbeea9 <unknown>\n#17 0x55f683dcefc6 <unknown>\n#18 0x7efcef89caa4 <unknown>\n#19 0x7efcef929c3c <unknown>",
        "time" : {
          "start" : 1741655248472,
          "stop" : 1741655254454,
          "duration" : 5982
        }
      }, {
        "uid" : "25a9a24534c5ba9a",
        "reportUrl" : "https://lambotik.github.io/Oblache/337//#testresult/25a9a24534c5ba9a",
        "status" : "passed",
        "time" : {
          "start" : 1741568362878,
          "stop" : 1741568366263,
          "duration" : 3385
        }
      }, {
        "uid" : "c1c17ed41b67916d",
        "reportUrl" : "https://lambotik.github.io/Oblache/336//#testresult/c1c17ed41b67916d",
        "status" : "passed",
        "time" : {
          "start" : 1741481924760,
          "stop" : 1741481927280,
          "duration" : 2520
        }
      }, {
        "uid" : "931fcc40ad03e0ef",
        "reportUrl" : "https://lambotik.github.io/Oblache/335//#testresult/931fcc40ad03e0ef",
        "status" : "passed",
        "time" : {
          "start" : 1741395270549,
          "stop" : 1741395273066,
          "duration" : 2517
        }
      }, {
        "uid" : "de324654b65fbeeb",
        "reportUrl" : "https://lambotik.github.io/Oblache/334//#testresult/de324654b65fbeeb",
        "status" : "passed",
        "time" : {
          "start" : 1741309658884,
          "stop" : 1741309662328,
          "duration" : 3444
        }
      }, {
        "uid" : "52184674afa0d105",
        "reportUrl" : "https://lambotik.github.io/Oblache/333//#testresult/52184674afa0d105",
        "status" : "passed",
        "time" : {
          "start" : 1741223263289,
          "stop" : 1741223265701,
          "duration" : 2412
        }
      } ]
    },
    "tags" : [ ]
  },
  "source" : "7a135df858308146.json",
  "parameterValues" : [ ]
}