{
  "uid" : "f64d8e82434309da",
  "name" : "test_create_database",
  "fullName" : "tests_ui.test_ui.TestProfilePage#test_create_database",
  "historyId" : "4762f7b87391625d86f9ea8dbdd3b406",
  "time" : {
    "start" : 1738462356222,
    "stop" : 1738462362350,
    "duration" : 6128
  },
  "status" : "broken",
  "statusMessage" : "selenium.common.exceptions.TimeoutException: Message: Can't find element by locator ('xpath', '//button[@id=\"menu_button_status\"]')\nStacktrace:\n#0 0x55b9c1aa0dca <unknown>\n#1 0x55b9c15973f0 <unknown>\n#2 0x55b9c15e710c <unknown>\n#3 0x55b9c15e7331 <unknown>\n#4 0x55b9c162d154 <unknown>\n#5 0x55b9c160babd <unknown>\n#6 0x55b9c162a4b3 <unknown>\n#7 0x55b9c160b833 <unknown>\n#8 0x55b9c15d85a0 <unknown>\n#9 0x55b9c15d9ece <unknown>\n#10 0x55b9c1a6abdb <unknown>\n#11 0x55b9c1a6eb67 <unknown>\n#12 0x55b9c1a563bc <unknown>\n#13 0x55b9c1a6f727 <unknown>\n#14 0x55b9c1a3a74f <unknown>\n#15 0x55b9c1a8f938 <unknown>\n#16 0x55b9c1a8fb00 <unknown>\n#17 0x55b9c1a9fc46 <unknown>\n#18 0x7f314789ca94 <unknown>\n#19 0x7f3147929c3c <unknown>",
  "statusTrace" : "self = <tests_ui.test_ui.TestProfilePage object at 0x7f7753954530>\ndriver = <selenium.webdriver.chrome.webdriver.WebDriver (session=\"16dde52db1f1af9c54ddf5a6b3aa513d\")>\nauthorization_user = None\n\n    @allure.title('test_create_database')\n    def test_create_database(self, driver, authorization_user):\n        page = ProfilePage(driver, authorization_user)\n>       page.compare_database_status()\n\ntests_ui/test_ui.py:83: \n_ _ _ _ _ _ _ _ _ _ _ _ _ _ _ _ _ _ _ _ _ _ _ _ _ _ _ _ _ _ _ _ _ _ _ _ _ _ _ _ \ntests_ui/profile_page.py:144: in compare_database_status\n    self.click_button_status()\ntests_ui/profile_page.py:18: in click_button_status\n    return self.element_is_present_and_clickable(self.locators.STATUS_BUTTON).click()\ntests_ui/base_page.py:28: in element_is_present_and_clickable\n    return (Wait(self.driver, self.timeout).until(\n_ _ _ _ _ _ _ _ _ _ _ _ _ _ _ _ _ _ _ _ _ _ _ _ _ _ _ _ _ _ _ _ _ _ _ _ _ _ _ _ \n\nself = <selenium.webdriver.support.wait.WebDriverWait (session=\"16dde52db1f1af9c54ddf5a6b3aa513d\")>\nmethod = <function visibility_of_element_located.<locals>._predicate at 0x7f77529a5120>\nmessage = 'Can\\'t find element by locator (\\'xpath\\', \\'//button[@id=\"menu_button_status\"]\\')'\n\n    def until(self, method: Callable[[D], Union[Literal[False], T]], message: str = \"\") -> T:\n        \"\"\"Calls the method provided with the driver as an argument until the \\\n        return value does not evaluate to ``False``.\n    \n        :param method: callable(WebDriver)\n        :param message: optional message for :exc:`TimeoutException`\n        :returns: the result of the last call to `method`\n        :raises: :exc:`selenium.common.exceptions.TimeoutException` if timeout occurs\n        \"\"\"\n        screen = None\n        stacktrace = None\n    \n        end_time = time.monotonic() + self._timeout\n        while True:\n            try:\n                value = method(self._driver)\n                if value:\n                    return value\n            except self._ignored_exceptions as exc:\n                screen = getattr(exc, \"screen\", None)\n                stacktrace = getattr(exc, \"stacktrace\", None)\n            time.sleep(self._poll)\n            if time.monotonic() > end_time:\n                break\n>       raise TimeoutException(message, screen, stacktrace)\nE       selenium.common.exceptions.TimeoutException: Message: Can't find element by locator ('xpath', '//button[@id=\"menu_button_status\"]')\nE       Stacktrace:\nE       #0 0x55b9c1aa0dca <unknown>\nE       #1 0x55b9c15973f0 <unknown>\nE       #2 0x55b9c15e710c <unknown>\nE       #3 0x55b9c15e7331 <unknown>\nE       #4 0x55b9c162d154 <unknown>\nE       #5 0x55b9c160babd <unknown>\nE       #6 0x55b9c162a4b3 <unknown>\nE       #7 0x55b9c160b833 <unknown>\nE       #8 0x55b9c15d85a0 <unknown>\nE       #9 0x55b9c15d9ece <unknown>\nE       #10 0x55b9c1a6abdb <unknown>\nE       #11 0x55b9c1a6eb67 <unknown>\nE       #12 0x55b9c1a563bc <unknown>\nE       #13 0x55b9c1a6f727 <unknown>\nE       #14 0x55b9c1a3a74f <unknown>\nE       #15 0x55b9c1a8f938 <unknown>\nE       #16 0x55b9c1a8fb00 <unknown>\nE       #17 0x55b9c1a9fc46 <unknown>\nE       #18 0x7f314789ca94 <unknown>\nE       #19 0x7f3147929c3c <unknown>\n\n/opt/hostedtoolcache/Python/3.12.8/x64/lib/python3.12/site-packages/selenium/webdriver/support/wait.py:105: TimeoutException",
  "flaky" : false,
  "newFailed" : false,
  "beforeStages" : [ {
    "name" : "authorization_user",
    "time" : {
      "start" : 1738462355670,
      "stop" : 1738462356222,
      "duration" : 552
    },
    "status" : "passed",
    "steps" : [ {
      "name" : "Open page: https://oblache.areso.pro/register.html",
      "time" : {
        "start" : 1738462355671,
        "stop" : 1738462356032,
        "duration" : 361
      },
      "status" : "passed",
      "steps" : [ ],
      "attachments" : [ ],
      "parameters" : [ ],
      "stepsCount" : 0,
      "attachmentsCount" : 0,
      "shouldDisplayMessage" : false,
      "hasContent" : false
    }, {
      "name" : "Login user",
      "time" : {
        "start" : 1738462356032,
        "stop" : 1738462356222,
        "duration" : 190
      },
      "status" : "passed",
      "steps" : [ {
        "name" : "Enter email.",
        "time" : {
          "start" : 1738462356032,
          "stop" : 1738462356089,
          "duration" : 57
        },
        "status" : "passed",
        "steps" : [ ],
        "attachments" : [ ],
        "parameters" : [ ],
        "stepsCount" : 0,
        "attachmentsCount" : 0,
        "shouldDisplayMessage" : false,
        "hasContent" : false
      }, {
        "name" : "Enter password.",
        "time" : {
          "start" : 1738462356089,
          "stop" : 1738462356132,
          "duration" : 43
        },
        "status" : "passed",
        "steps" : [ ],
        "attachments" : [ ],
        "parameters" : [ ],
        "stepsCount" : 0,
        "attachmentsCount" : 0,
        "shouldDisplayMessage" : false,
        "hasContent" : false
      }, {
        "name" : "Click button \"Login\"",
        "time" : {
          "start" : 1738462356132,
          "stop" : 1738462356219,
          "duration" : 87
        },
        "status" : "passed",
        "steps" : [ ],
        "attachments" : [ ],
        "parameters" : [ ],
        "stepsCount" : 0,
        "attachmentsCount" : 0,
        "shouldDisplayMessage" : false,
        "hasContent" : false
      }, {
        "name" : "Check url is present: https://oblache.areso.pro/register.html",
        "time" : {
          "start" : 1738462356219,
          "stop" : 1738462356222,
          "duration" : 3
        },
        "status" : "passed",
        "steps" : [ ],
        "attachments" : [ ],
        "parameters" : [ ],
        "stepsCount" : 0,
        "attachmentsCount" : 0,
        "shouldDisplayMessage" : false,
        "hasContent" : false
      } ],
      "attachments" : [ ],
      "parameters" : [ ],
      "stepsCount" : 4,
      "attachmentsCount" : 0,
      "shouldDisplayMessage" : false,
      "hasContent" : true
    } ],
    "attachments" : [ ],
    "parameters" : [ ],
    "stepsCount" : 6,
    "attachmentsCount" : 0,
    "shouldDisplayMessage" : false,
    "hasContent" : true
  }, {
    "name" : "driver",
    "time" : {
      "start" : 1738462355416,
      "stop" : 1738462355670,
      "duration" : 254
    },
    "status" : "passed",
    "steps" : [ ],
    "attachments" : [ ],
    "parameters" : [ ],
    "stepsCount" : 0,
    "attachmentsCount" : 0,
    "shouldDisplayMessage" : false,
    "hasContent" : false
  } ],
  "testStage" : {
    "status" : "broken",
    "statusMessage" : "selenium.common.exceptions.TimeoutException: Message: Can't find element by locator ('xpath', '//button[@id=\"menu_button_status\"]')\nStacktrace:\n#0 0x55b9c1aa0dca <unknown>\n#1 0x55b9c15973f0 <unknown>\n#2 0x55b9c15e710c <unknown>\n#3 0x55b9c15e7331 <unknown>\n#4 0x55b9c162d154 <unknown>\n#5 0x55b9c160babd <unknown>\n#6 0x55b9c162a4b3 <unknown>\n#7 0x55b9c160b833 <unknown>\n#8 0x55b9c15d85a0 <unknown>\n#9 0x55b9c15d9ece <unknown>\n#10 0x55b9c1a6abdb <unknown>\n#11 0x55b9c1a6eb67 <unknown>\n#12 0x55b9c1a563bc <unknown>\n#13 0x55b9c1a6f727 <unknown>\n#14 0x55b9c1a3a74f <unknown>\n#15 0x55b9c1a8f938 <unknown>\n#16 0x55b9c1a8fb00 <unknown>\n#17 0x55b9c1a9fc46 <unknown>\n#18 0x7f314789ca94 <unknown>\n#19 0x7f3147929c3c <unknown>",
    "statusTrace" : "self = <tests_ui.test_ui.TestProfilePage object at 0x7f7753954530>\ndriver = <selenium.webdriver.chrome.webdriver.WebDriver (session=\"16dde52db1f1af9c54ddf5a6b3aa513d\")>\nauthorization_user = None\n\n    @allure.title('test_create_database')\n    def test_create_database(self, driver, authorization_user):\n        page = ProfilePage(driver, authorization_user)\n>       page.compare_database_status()\n\ntests_ui/test_ui.py:83: \n_ _ _ _ _ _ _ _ _ _ _ _ _ _ _ _ _ _ _ _ _ _ _ _ _ _ _ _ _ _ _ _ _ _ _ _ _ _ _ _ \ntests_ui/profile_page.py:144: in compare_database_status\n    self.click_button_status()\ntests_ui/profile_page.py:18: in click_button_status\n    return self.element_is_present_and_clickable(self.locators.STATUS_BUTTON).click()\ntests_ui/base_page.py:28: in element_is_present_and_clickable\n    return (Wait(self.driver, self.timeout).until(\n_ _ _ _ _ _ _ _ _ _ _ _ _ _ _ _ _ _ _ _ _ _ _ _ _ _ _ _ _ _ _ _ _ _ _ _ _ _ _ _ \n\nself = <selenium.webdriver.support.wait.WebDriverWait (session=\"16dde52db1f1af9c54ddf5a6b3aa513d\")>\nmethod = <function visibility_of_element_located.<locals>._predicate at 0x7f77529a5120>\nmessage = 'Can\\'t find element by locator (\\'xpath\\', \\'//button[@id=\"menu_button_status\"]\\')'\n\n    def until(self, method: Callable[[D], Union[Literal[False], T]], message: str = \"\") -> T:\n        \"\"\"Calls the method provided with the driver as an argument until the \\\n        return value does not evaluate to ``False``.\n    \n        :param method: callable(WebDriver)\n        :param message: optional message for :exc:`TimeoutException`\n        :returns: the result of the last call to `method`\n        :raises: :exc:`selenium.common.exceptions.TimeoutException` if timeout occurs\n        \"\"\"\n        screen = None\n        stacktrace = None\n    \n        end_time = time.monotonic() + self._timeout\n        while True:\n            try:\n                value = method(self._driver)\n                if value:\n                    return value\n            except self._ignored_exceptions as exc:\n                screen = getattr(exc, \"screen\", None)\n                stacktrace = getattr(exc, \"stacktrace\", None)\n            time.sleep(self._poll)\n            if time.monotonic() > end_time:\n                break\n>       raise TimeoutException(message, screen, stacktrace)\nE       selenium.common.exceptions.TimeoutException: Message: Can't find element by locator ('xpath', '//button[@id=\"menu_button_status\"]')\nE       Stacktrace:\nE       #0 0x55b9c1aa0dca <unknown>\nE       #1 0x55b9c15973f0 <unknown>\nE       #2 0x55b9c15e710c <unknown>\nE       #3 0x55b9c15e7331 <unknown>\nE       #4 0x55b9c162d154 <unknown>\nE       #5 0x55b9c160babd <unknown>\nE       #6 0x55b9c162a4b3 <unknown>\nE       #7 0x55b9c160b833 <unknown>\nE       #8 0x55b9c15d85a0 <unknown>\nE       #9 0x55b9c15d9ece <unknown>\nE       #10 0x55b9c1a6abdb <unknown>\nE       #11 0x55b9c1a6eb67 <unknown>\nE       #12 0x55b9c1a563bc <unknown>\nE       #13 0x55b9c1a6f727 <unknown>\nE       #14 0x55b9c1a3a74f <unknown>\nE       #15 0x55b9c1a8f938 <unknown>\nE       #16 0x55b9c1a8fb00 <unknown>\nE       #17 0x55b9c1a9fc46 <unknown>\nE       #18 0x7f314789ca94 <unknown>\nE       #19 0x7f3147929c3c <unknown>\n\n/opt/hostedtoolcache/Python/3.12.8/x64/lib/python3.12/site-packages/selenium/webdriver/support/wait.py:105: TimeoutException",
    "steps" : [ {
      "name" : "Click button Status.",
      "time" : {
        "start" : 1738462357222,
        "stop" : 1738462362350,
        "duration" : 5128
      },
      "status" : "broken",
      "statusMessage" : "selenium.common.exceptions.TimeoutException: Message: Can't find element by locator ('xpath', '//button[@id=\"menu_button_status\"]')\nStacktrace:\n#0 0x55b9c1aa0dca <unknown>\n#1 0x55b9c15973f0 <unknown>\n#2 0x55b9c15e710c <unknown>\n#3 0x55b9c15e7331 <unknown>\n#4 0x55b9c162d154 <unknown>\n#5 0x55b9c160babd <unknown>\n#6 0x55b9c162a4b3 <unknown>\n#7 0x55b9c160b833 <unknown>\n#8 0x55b9c15d85a0 <unknown>\n#9 0x55b9c15d9ece <unknown>\n#10 0x55b9c1a6abdb <unknown>\n#11 0x55b9c1a6eb67 <unknown>\n#12 0x55b9c1a563bc <unknown>\n#13 0x55b9c1a6f727 <unknown>\n#14 0x55b9c1a3a74f <unknown>\n#15 0x55b9c1a8f938 <unknown>\n#16 0x55b9c1a8fb00 <unknown>\n#17 0x55b9c1a9fc46 <unknown>\n#18 0x7f314789ca94 <unknown>\n#19 0x7f3147929c3c <unknown>\n\n",
      "statusTrace" : "  File \"/home/runner/work/Oblache/Oblache/tests_ui/profile_page.py\", line 18, in click_button_status\n    return self.element_is_present_and_clickable(self.locators.STATUS_BUTTON).click()\n           ^^^^^^^^^^^^^^^^^^^^^^^^^^^^^^^^^^^^^^^^^^^^^^^^^^^^^^^^^^^^^^^^^^\n  File \"/home/runner/work/Oblache/Oblache/tests_ui/base_page.py\", line 28, in element_is_present_and_clickable\n    return (Wait(self.driver, self.timeout).until(\n            ^^^^^^^^^^^^^^^^^^^^^^^^^^^^^^^^^^^^^^\n  File \"/opt/hostedtoolcache/Python/3.12.8/x64/lib/python3.12/site-packages/selenium/webdriver/support/wait.py\", line 105, in until\n    raise TimeoutException(message, screen, stacktrace)\n",
      "steps" : [ ],
      "attachments" : [ ],
      "parameters" : [ ],
      "stepsCount" : 0,
      "attachmentsCount" : 0,
      "shouldDisplayMessage" : true,
      "hasContent" : true
    } ],
    "attachments" : [ {
      "uid" : "ed2f204b6d4515d4",
      "name" : "Screenshot 2025-02-02 02:12:42.448911",
      "source" : "ed2f204b6d4515d4.png",
      "type" : "image/png",
      "size" : 15571
    } ],
    "parameters" : [ ],
    "stepsCount" : 1,
    "attachmentsCount" : 1,
    "shouldDisplayMessage" : true,
    "hasContent" : true
  },
  "afterStages" : [ {
    "name" : "driver::0",
    "time" : {
      "start" : 1738462362450,
      "stop" : 1738462362515,
      "duration" : 65
    },
    "status" : "passed",
    "steps" : [ ],
    "attachments" : [ ],
    "parameters" : [ ],
    "stepsCount" : 0,
    "attachmentsCount" : 0,
    "shouldDisplayMessage" : false,
    "hasContent" : false
  } ],
  "labels" : [ {
    "name" : "suite",
    "value" : "Test Profile Page."
  }, {
    "name" : "parentSuite",
    "value" : "tests_ui"
  }, {
    "name" : "subSuite",
    "value" : "TestProfilePage"
  }, {
    "name" : "host",
    "value" : "fv-az1692-600"
  }, {
    "name" : "thread",
    "value" : "2455-MainThread"
  }, {
    "name" : "framework",
    "value" : "pytest"
  }, {
    "name" : "language",
    "value" : "cpython3"
  }, {
    "name" : "package",
    "value" : "tests_ui.test_ui"
  }, {
    "name" : "resultFormat",
    "value" : "allure2"
  } ],
  "parameters" : [ ],
  "links" : [ ],
  "hidden" : false,
  "retry" : false,
  "extra" : {
    "severity" : "normal",
    "retries" : [ ],
    "categories" : [ {
      "name" : "Test defects",
      "matchedStatuses" : [ ],
      "flaky" : false
    } ],
    "history" : {
      "statistic" : {
        "failed" : 0,
        "broken" : 82,
        "skipped" : 0,
        "passed" : 1,
        "unknown" : 0,
        "total" : 83
      },
      "items" : [ {
        "uid" : "cc02eb587fb703ef",
        "reportUrl" : "https://lambotik.github.io/Oblache/300//#testresult/cc02eb587fb703ef",
        "status" : "broken",
        "statusDetails" : "selenium.common.exceptions.TimeoutException: Message: Can't find element by locator ('xpath', '//div[@id=\"msg_from_server\"]')",
        "time" : {
          "start" : 1738371977656,
          "stop" : 1738371986360,
          "duration" : 8704
        }
      }, {
        "uid" : "c0e7f33ce413180",
        "reportUrl" : "https://lambotik.github.io/Oblache/299//#testresult/c0e7f33ce413180",
        "status" : "broken",
        "statusDetails" : "selenium.common.exceptions.TimeoutException: Message: Can't find element by locator ('xpath', '//div[@id=\"msg_from_server\"]')",
        "time" : {
          "start" : 1738350733921,
          "stop" : 1738350741827,
          "duration" : 7906
        }
      }, {
        "uid" : "b47fe95aaeed51e3",
        "reportUrl" : "https://lambotik.github.io/Oblache/298//#testresult/b47fe95aaeed51e3",
        "status" : "broken",
        "statusDetails" : "selenium.common.exceptions.TimeoutException: Message: Can't find element by locator ('xpath', '//div[@id=\"msg_from_server\"]')",
        "time" : {
          "start" : 1738198865121,
          "stop" : 1738198872978,
          "duration" : 7857
        }
      }, {
        "uid" : "42ef20f6dcfc35f3",
        "reportUrl" : "https://lambotik.github.io/Oblache/297//#testresult/42ef20f6dcfc35f3",
        "status" : "broken",
        "statusDetails" : "selenium.common.exceptions.TimeoutException: Message: Can't find element by locator ('xpath', '//div[@id=\"msg_from_server\"]')",
        "time" : {
          "start" : 1738112531839,
          "stop" : 1738112539745,
          "duration" : 7906
        }
      }, {
        "uid" : "da4c26749427ed1c",
        "reportUrl" : "https://lambotik.github.io/Oblache/296//#testresult/da4c26749427ed1c",
        "status" : "broken",
        "statusDetails" : "selenium.common.exceptions.TimeoutException: Message: Can't find element by locator ('xpath', '//div[@id=\"msg_from_server\"]')",
        "time" : {
          "start" : 1738026197763,
          "stop" : 1738026205696,
          "duration" : 7933
        }
      }, {
        "uid" : "baa7b0bf7603a849",
        "reportUrl" : "https://lambotik.github.io/Oblache/295//#testresult/baa7b0bf7603a849",
        "status" : "broken",
        "statusDetails" : "selenium.common.exceptions.TimeoutException: Message: Can't find element by locator ('xpath', '//div[@id=\"msg_from_server\"]')",
        "time" : {
          "start" : 1737939847424,
          "stop" : 1737939855268,
          "duration" : 7844
        }
      }, {
        "uid" : "e2ad9a6fd07418da",
        "reportUrl" : "https://lambotik.github.io/Oblache/294//#testresult/e2ad9a6fd07418da",
        "status" : "broken",
        "statusDetails" : "selenium.common.exceptions.TimeoutException: Message: Can't find element by locator ('xpath', '//div[@id=\"msg_from_server\"]')",
        "time" : {
          "start" : 1737853514273,
          "stop" : 1737853522941,
          "duration" : 8668
        }
      }, {
        "uid" : "4157d28bb7b9d0d1",
        "reportUrl" : "https://lambotik.github.io/Oblache/293//#testresult/4157d28bb7b9d0d1",
        "status" : "broken",
        "statusDetails" : "selenium.common.exceptions.TimeoutException: Message: Can't find element by locator ('xpath', '//div[@id=\"msg_from_server\"]')",
        "time" : {
          "start" : 1737766822399,
          "stop" : 1737766831232,
          "duration" : 8833
        }
      }, {
        "uid" : "ecda107a1bdf705e",
        "reportUrl" : "https://lambotik.github.io/Oblache/292//#testresult/ecda107a1bdf705e",
        "status" : "broken",
        "statusDetails" : "selenium.common.exceptions.TimeoutException: Message: Can't find element by locator ('xpath', '//div[@id=\"msg_from_server\"]')",
        "time" : {
          "start" : 1737680673296,
          "stop" : 1737680682137,
          "duration" : 8841
        }
      }, {
        "uid" : "7ab6ae40e0c1ed9f",
        "reportUrl" : "https://lambotik.github.io/Oblache/291//#testresult/7ab6ae40e0c1ed9f",
        "status" : "broken",
        "statusDetails" : "selenium.common.exceptions.TimeoutException: Message: Can't find element by locator ('xpath', '//div[@id=\"msg_from_server\"]')",
        "time" : {
          "start" : 1737594125456,
          "stop" : 1737594133311,
          "duration" : 7855
        }
      }, {
        "uid" : "f6538593e487ae0b",
        "reportUrl" : "https://lambotik.github.io/Oblache/290//#testresult/f6538593e487ae0b",
        "status" : "broken",
        "statusDetails" : "selenium.common.exceptions.TimeoutException: Message: Can't find element by locator ('xpath', '//div[@id=\"msg_from_server\"]')",
        "time" : {
          "start" : 1737507845895,
          "stop" : 1737507853949,
          "duration" : 8054
        }
      }, {
        "uid" : "3f0ac9f3eed9205d",
        "reportUrl" : "https://lambotik.github.io/Oblache/289//#testresult/3f0ac9f3eed9205d",
        "status" : "broken",
        "statusDetails" : "selenium.common.exceptions.TimeoutException: Message: Can't find element by locator ('xpath', '//div[@id=\"msg_from_server\"]')",
        "time" : {
          "start" : 1737421325706,
          "stop" : 1737421333584,
          "duration" : 7878
        }
      }, {
        "uid" : "7b3fb4cbaac3db14",
        "reportUrl" : "https://lambotik.github.io/Oblache/288//#testresult/7b3fb4cbaac3db14",
        "status" : "broken",
        "statusDetails" : "selenium.common.exceptions.TimeoutException: Message: Can't find element by locator ('xpath', '//div[@id=\"msg_from_server\"]')",
        "time" : {
          "start" : 1737334986306,
          "stop" : 1737334994183,
          "duration" : 7877
        }
      }, {
        "uid" : "dbec9f8056c950fd",
        "reportUrl" : "https://lambotik.github.io/Oblache/287//#testresult/dbec9f8056c950fd",
        "status" : "broken",
        "statusDetails" : "selenium.common.exceptions.TimeoutException: Message: Can't find element by locator ('xpath', '//div[@id=\"msg_from_server\"]')",
        "time" : {
          "start" : 1737248845287,
          "stop" : 1737248854271,
          "duration" : 8984
        }
      }, {
        "uid" : "6b9c63721b1b85f4",
        "reportUrl" : "https://lambotik.github.io/Oblache/286//#testresult/6b9c63721b1b85f4",
        "status" : "broken",
        "statusDetails" : "selenium.common.exceptions.TimeoutException: Message: Can't find element by locator ('xpath', '//div[@id=\"msg_from_server\"]')",
        "time" : {
          "start" : 1737162008310,
          "stop" : 1737162016240,
          "duration" : 7930
        }
      }, {
        "uid" : "a76c0b4de67abafd",
        "reportUrl" : "https://lambotik.github.io/Oblache/285//#testresult/a76c0b4de67abafd",
        "status" : "broken",
        "statusDetails" : "selenium.common.exceptions.TimeoutException: Message: Can't find element by locator ('xpath', '//div[@id=\"msg_from_server\"]')",
        "time" : {
          "start" : 1737075731557,
          "stop" : 1737075740264,
          "duration" : 8707
        }
      }, {
        "uid" : "f942d1d53a5b8673",
        "reportUrl" : "https://lambotik.github.io/Oblache/284//#testresult/f942d1d53a5b8673",
        "status" : "broken",
        "statusDetails" : "selenium.common.exceptions.TimeoutException: Message: Can't find element by locator ('xpath', '//div[@id=\"msg_from_server\"]')",
        "time" : {
          "start" : 1736989333833,
          "stop" : 1736989341816,
          "duration" : 7983
        }
      }, {
        "uid" : "7ce3c191e9ab93eb",
        "reportUrl" : "https://lambotik.github.io/Oblache/283//#testresult/7ce3c191e9ab93eb",
        "status" : "broken",
        "statusDetails" : "selenium.common.exceptions.TimeoutException: Message: Can't find element by locator ('xpath', '//div[@id=\"msg_from_server\"]')",
        "time" : {
          "start" : 1736903003823,
          "stop" : 1736903012033,
          "duration" : 8210
        }
      }, {
        "uid" : "95c3f65dd8825110",
        "reportUrl" : "https://lambotik.github.io/Oblache/282//#testresult/95c3f65dd8825110",
        "status" : "broken",
        "statusDetails" : "selenium.common.exceptions.TimeoutException: Message: Can't find element by locator ('xpath', '//div[@id=\"msg_from_server\"]')",
        "time" : {
          "start" : 1736816472316,
          "stop" : 1736816481039,
          "duration" : 8723
        }
      }, {
        "uid" : "50423e9712a0677c",
        "reportUrl" : "https://lambotik.github.io/Oblache/281//#testresult/50423e9712a0677c",
        "status" : "broken",
        "statusDetails" : "selenium.common.exceptions.TimeoutException: Message: Can't find element by locator ('xpath', '//div[@id=\"msg_from_server\"]')",
        "time" : {
          "start" : 1736730475543,
          "stop" : 1736730483410,
          "duration" : 7867
        }
      } ]
    },
    "tags" : [ ]
  },
  "source" : "f64d8e82434309da.json",
  "parameterValues" : [ ]
}