{
  "uid" : "3ef481193d92fc07",
  "name" : "test_clipboard_jdbc",
  "fullName" : "tests_ui.test_ui.TestProfilePage#test_clipboard_jdbc",
  "historyId" : "3c3bc2de59af179987e51569fc1d3309",
  "time" : {
    "start" : 1726794121288,
    "stop" : 1726794128374,
    "duration" : 7086
  },
  "status" : "broken",
  "statusMessage" : "selenium.common.exceptions.TimeoutException: Message: Can't find element by locator ('xpath', '//tbody[@id=\"tbody_dbs\"] /tr[1]/td[7] /button')\nStacktrace:\n#0 0x55c7198b32da <unknown>\n#1 0x55c719581200 <unknown>\n#2 0x55c7195d0aa2 <unknown>\n#3 0x55c7195d0d41 <unknown>\n#4 0x55c719616964 <unknown>\n#5 0x55c7195f58fd <unknown>\n#6 0x55c719613dfd <unknown>\n#7 0x55c7195f5673 <unknown>\n#8 0x55c7195c3473 <unknown>\n#9 0x55c7195c447e <unknown>\n#10 0x55c71987a0db <unknown>\n#11 0x55c71987e071 <unknown>\n#12 0x55c7198669d5 <unknown>\n#13 0x55c71987ebf2 <unknown>\n#14 0x55c71984bb6f <unknown>\n#15 0x55c7198a2248 <unknown>\n#16 0x55c7198a2417 <unknown>\n#17 0x55c7198b20cc <unknown>\n#18 0x7fd018694ac3 <unknown>",
  "statusTrace" : "self = <tests_ui.test_ui.TestProfilePage object at 0x7fb7f27191f0>\ndriver = <selenium.webdriver.chrome.webdriver.WebDriver (session=\"0da409b6e706bc142c5a8804e6043e0a\")>\nauthorization_user = None\n\n    @allure.title('test_clipboard_jdbc')\n    def test_clipboard_jdbc(self, driver, authorization_user):\n        page = ProfilePage(driver, authorization_user)\n        page.click_button_databases()\n>       page.check_clipboard_jdbc(token=TestProfilePage.token)\n\ntests_ui/test_ui.py:107: \n_ _ _ _ _ _ _ _ _ _ _ _ _ _ _ _ _ _ _ _ _ _ _ _ _ _ _ _ _ _ _ _ _ _ _ _ _ _ _ _ \ntests_ui/profile_page.py:124: in check_clipboard_jdbc\n    button = self.element_is_visible((By.XPATH, '//tbody[@id=\"tbody_dbs\"] /tr[1]/td[7] /button'))\ntests_ui/base_page.py:33: in element_is_visible\n    self.go_to_element(self.element_is_present(locator))\ntests_ui/base_page.py:46: in element_is_present\n    return Wait(self.driver, self.timeout).until(\n_ _ _ _ _ _ _ _ _ _ _ _ _ _ _ _ _ _ _ _ _ _ _ _ _ _ _ _ _ _ _ _ _ _ _ _ _ _ _ _ \n\nself = <selenium.webdriver.support.wait.WebDriverWait (session=\"0da409b6e706bc142c5a8804e6043e0a\")>\nmethod = <function presence_of_element_located.<locals>._predicate at 0x7fb7f15642c0>\nmessage = 'Can\\'t find element by locator (\\'xpath\\', \\'//tbody[@id=\"tbody_dbs\"] /tr[1]/td[7] /button\\')'\n\n    def until(self, method: Callable[[D], Union[Literal[False], T]], message: str = \"\") -> T:\n        \"\"\"Calls the method provided with the driver as an argument until the \\\n        return value does not evaluate to ``False``.\n    \n        :param method: callable(WebDriver)\n        :param message: optional message for :exc:`TimeoutException`\n        :returns: the result of the last call to `method`\n        :raises: :exc:`selenium.common.exceptions.TimeoutException` if timeout occurs\n        \"\"\"\n        screen = None\n        stacktrace = None\n    \n        end_time = time.monotonic() + self._timeout\n        while True:\n            try:\n                value = method(self._driver)\n                if value:\n                    return value\n            except self._ignored_exceptions as exc:\n                screen = getattr(exc, \"screen\", None)\n                stacktrace = getattr(exc, \"stacktrace\", None)\n            time.sleep(self._poll)\n            if time.monotonic() > end_time:\n                break\n>       raise TimeoutException(message, screen, stacktrace)\nE       selenium.common.exceptions.TimeoutException: Message: Can't find element by locator ('xpath', '//tbody[@id=\"tbody_dbs\"] /tr[1]/td[7] /button')\nE       Stacktrace:\nE       #0 0x55c7198b32da <unknown>\nE       #1 0x55c719581200 <unknown>\nE       #2 0x55c7195d0aa2 <unknown>\nE       #3 0x55c7195d0d41 <unknown>\nE       #4 0x55c719616964 <unknown>\nE       #5 0x55c7195f58fd <unknown>\nE       #6 0x55c719613dfd <unknown>\nE       #7 0x55c7195f5673 <unknown>\nE       #8 0x55c7195c3473 <unknown>\nE       #9 0x55c7195c447e <unknown>\nE       #10 0x55c71987a0db <unknown>\nE       #11 0x55c71987e071 <unknown>\nE       #12 0x55c7198669d5 <unknown>\nE       #13 0x55c71987ebf2 <unknown>\nE       #14 0x55c71984bb6f <unknown>\nE       #15 0x55c7198a2248 <unknown>\nE       #16 0x55c7198a2417 <unknown>\nE       #17 0x55c7198b20cc <unknown>\nE       #18 0x7fd018694ac3 <unknown>\n\n/opt/hostedtoolcache/Python/3.12.6/x64/lib/python3.12/site-packages/selenium/webdriver/support/wait.py:105: TimeoutException",
  "flaky" : false,
  "newFailed" : false,
  "beforeStages" : [ {
    "name" : "driver",
    "time" : {
      "start" : 1726794120351,
      "stop" : 1726794120612,
      "duration" : 261
    },
    "status" : "passed",
    "steps" : [ ],
    "attachments" : [ ],
    "parameters" : [ ],
    "stepsCount" : 0,
    "attachmentsCount" : 0,
    "shouldDisplayMessage" : false,
    "hasContent" : false
  }, {
    "name" : "authorization_user",
    "time" : {
      "start" : 1726794120613,
      "stop" : 1726794121288,
      "duration" : 675
    },
    "status" : "passed",
    "steps" : [ {
      "name" : "Open page: https://oblache.areso.pro/register.html",
      "time" : {
        "start" : 1726794120613,
        "stop" : 1726794121116,
        "duration" : 503
      },
      "status" : "passed",
      "steps" : [ ],
      "attachments" : [ ],
      "parameters" : [ ],
      "stepsCount" : 0,
      "attachmentsCount" : 0,
      "shouldDisplayMessage" : false,
      "hasContent" : false
    }, {
      "name" : "Login user",
      "time" : {
        "start" : 1726794121116,
        "stop" : 1726794121288,
        "duration" : 172
      },
      "status" : "passed",
      "steps" : [ {
        "name" : "Enter email.",
        "time" : {
          "start" : 1726794121116,
          "stop" : 1726794121172,
          "duration" : 56
        },
        "status" : "passed",
        "steps" : [ ],
        "attachments" : [ ],
        "parameters" : [ ],
        "stepsCount" : 0,
        "attachmentsCount" : 0,
        "shouldDisplayMessage" : false,
        "hasContent" : false
      }, {
        "name" : "Enter password.",
        "time" : {
          "start" : 1726794121172,
          "stop" : 1726794121216,
          "duration" : 44
        },
        "status" : "passed",
        "steps" : [ ],
        "attachments" : [ ],
        "parameters" : [ ],
        "stepsCount" : 0,
        "attachmentsCount" : 0,
        "shouldDisplayMessage" : false,
        "hasContent" : false
      }, {
        "name" : "Click button \"Login\"",
        "time" : {
          "start" : 1726794121216,
          "stop" : 1726794121285,
          "duration" : 69
        },
        "status" : "passed",
        "steps" : [ ],
        "attachments" : [ ],
        "parameters" : [ ],
        "stepsCount" : 0,
        "attachmentsCount" : 0,
        "shouldDisplayMessage" : false,
        "hasContent" : false
      }, {
        "name" : "Check url is present: https://oblache.areso.pro/register.html",
        "time" : {
          "start" : 1726794121285,
          "stop" : 1726794121288,
          "duration" : 3
        },
        "status" : "passed",
        "steps" : [ ],
        "attachments" : [ ],
        "parameters" : [ ],
        "stepsCount" : 0,
        "attachmentsCount" : 0,
        "shouldDisplayMessage" : false,
        "hasContent" : false
      } ],
      "attachments" : [ ],
      "parameters" : [ ],
      "stepsCount" : 4,
      "attachmentsCount" : 0,
      "shouldDisplayMessage" : false,
      "hasContent" : true
    } ],
    "attachments" : [ ],
    "parameters" : [ ],
    "stepsCount" : 6,
    "attachmentsCount" : 0,
    "shouldDisplayMessage" : false,
    "hasContent" : true
  } ],
  "testStage" : {
    "status" : "broken",
    "statusMessage" : "selenium.common.exceptions.TimeoutException: Message: Can't find element by locator ('xpath', '//tbody[@id=\"tbody_dbs\"] /tr[1]/td[7] /button')\nStacktrace:\n#0 0x55c7198b32da <unknown>\n#1 0x55c719581200 <unknown>\n#2 0x55c7195d0aa2 <unknown>\n#3 0x55c7195d0d41 <unknown>\n#4 0x55c719616964 <unknown>\n#5 0x55c7195f58fd <unknown>\n#6 0x55c719613dfd <unknown>\n#7 0x55c7195f5673 <unknown>\n#8 0x55c7195c3473 <unknown>\n#9 0x55c7195c447e <unknown>\n#10 0x55c71987a0db <unknown>\n#11 0x55c71987e071 <unknown>\n#12 0x55c7198669d5 <unknown>\n#13 0x55c71987ebf2 <unknown>\n#14 0x55c71984bb6f <unknown>\n#15 0x55c7198a2248 <unknown>\n#16 0x55c7198a2417 <unknown>\n#17 0x55c7198b20cc <unknown>\n#18 0x7fd018694ac3 <unknown>",
    "statusTrace" : "self = <tests_ui.test_ui.TestProfilePage object at 0x7fb7f27191f0>\ndriver = <selenium.webdriver.chrome.webdriver.WebDriver (session=\"0da409b6e706bc142c5a8804e6043e0a\")>\nauthorization_user = None\n\n    @allure.title('test_clipboard_jdbc')\n    def test_clipboard_jdbc(self, driver, authorization_user):\n        page = ProfilePage(driver, authorization_user)\n        page.click_button_databases()\n>       page.check_clipboard_jdbc(token=TestProfilePage.token)\n\ntests_ui/test_ui.py:107: \n_ _ _ _ _ _ _ _ _ _ _ _ _ _ _ _ _ _ _ _ _ _ _ _ _ _ _ _ _ _ _ _ _ _ _ _ _ _ _ _ \ntests_ui/profile_page.py:124: in check_clipboard_jdbc\n    button = self.element_is_visible((By.XPATH, '//tbody[@id=\"tbody_dbs\"] /tr[1]/td[7] /button'))\ntests_ui/base_page.py:33: in element_is_visible\n    self.go_to_element(self.element_is_present(locator))\ntests_ui/base_page.py:46: in element_is_present\n    return Wait(self.driver, self.timeout).until(\n_ _ _ _ _ _ _ _ _ _ _ _ _ _ _ _ _ _ _ _ _ _ _ _ _ _ _ _ _ _ _ _ _ _ _ _ _ _ _ _ \n\nself = <selenium.webdriver.support.wait.WebDriverWait (session=\"0da409b6e706bc142c5a8804e6043e0a\")>\nmethod = <function presence_of_element_located.<locals>._predicate at 0x7fb7f15642c0>\nmessage = 'Can\\'t find element by locator (\\'xpath\\', \\'//tbody[@id=\"tbody_dbs\"] /tr[1]/td[7] /button\\')'\n\n    def until(self, method: Callable[[D], Union[Literal[False], T]], message: str = \"\") -> T:\n        \"\"\"Calls the method provided with the driver as an argument until the \\\n        return value does not evaluate to ``False``.\n    \n        :param method: callable(WebDriver)\n        :param message: optional message for :exc:`TimeoutException`\n        :returns: the result of the last call to `method`\n        :raises: :exc:`selenium.common.exceptions.TimeoutException` if timeout occurs\n        \"\"\"\n        screen = None\n        stacktrace = None\n    \n        end_time = time.monotonic() + self._timeout\n        while True:\n            try:\n                value = method(self._driver)\n                if value:\n                    return value\n            except self._ignored_exceptions as exc:\n                screen = getattr(exc, \"screen\", None)\n                stacktrace = getattr(exc, \"stacktrace\", None)\n            time.sleep(self._poll)\n            if time.monotonic() > end_time:\n                break\n>       raise TimeoutException(message, screen, stacktrace)\nE       selenium.common.exceptions.TimeoutException: Message: Can't find element by locator ('xpath', '//tbody[@id=\"tbody_dbs\"] /tr[1]/td[7] /button')\nE       Stacktrace:\nE       #0 0x55c7198b32da <unknown>\nE       #1 0x55c719581200 <unknown>\nE       #2 0x55c7195d0aa2 <unknown>\nE       #3 0x55c7195d0d41 <unknown>\nE       #4 0x55c719616964 <unknown>\nE       #5 0x55c7195f58fd <unknown>\nE       #6 0x55c719613dfd <unknown>\nE       #7 0x55c7195f5673 <unknown>\nE       #8 0x55c7195c3473 <unknown>\nE       #9 0x55c7195c447e <unknown>\nE       #10 0x55c71987a0db <unknown>\nE       #11 0x55c71987e071 <unknown>\nE       #12 0x55c7198669d5 <unknown>\nE       #13 0x55c71987ebf2 <unknown>\nE       #14 0x55c71984bb6f <unknown>\nE       #15 0x55c7198a2248 <unknown>\nE       #16 0x55c7198a2417 <unknown>\nE       #17 0x55c7198b20cc <unknown>\nE       #18 0x7fd018694ac3 <unknown>\n\n/opt/hostedtoolcache/Python/3.12.6/x64/lib/python3.12/site-packages/selenium/webdriver/support/wait.py:105: TimeoutException",
    "steps" : [ {
      "name" : "Click \"Databases\" button.",
      "time" : {
        "start" : 1726794121288,
        "stop" : 1726794122650,
        "duration" : 1362
      },
      "status" : "passed",
      "steps" : [ ],
      "attachments" : [ ],
      "parameters" : [ ],
      "stepsCount" : 0,
      "attachmentsCount" : 0,
      "shouldDisplayMessage" : false,
      "hasContent" : false
    } ],
    "attachments" : [ {
      "uid" : "552dd67ec5f23ca5",
      "name" : "Screenshot 2024-09-20 01:02:08.483055",
      "source" : "552dd67ec5f23ca5.png",
      "type" : "image/png",
      "size" : 104857
    } ],
    "parameters" : [ ],
    "stepsCount" : 1,
    "attachmentsCount" : 1,
    "shouldDisplayMessage" : true,
    "hasContent" : true
  },
  "afterStages" : [ {
    "name" : "driver::0",
    "time" : {
      "start" : 1726794128484,
      "stop" : 1726794128548,
      "duration" : 64
    },
    "status" : "passed",
    "steps" : [ ],
    "attachments" : [ ],
    "parameters" : [ ],
    "stepsCount" : 0,
    "attachmentsCount" : 0,
    "shouldDisplayMessage" : false,
    "hasContent" : false
  } ],
  "labels" : [ {
    "name" : "suite",
    "value" : "Test Profile Page."
  }, {
    "name" : "parentSuite",
    "value" : "tests_ui"
  }, {
    "name" : "subSuite",
    "value" : "TestProfilePage"
  }, {
    "name" : "host",
    "value" : "fv-az1198-566"
  }, {
    "name" : "thread",
    "value" : "2272-MainThread"
  }, {
    "name" : "framework",
    "value" : "pytest"
  }, {
    "name" : "language",
    "value" : "cpython3"
  }, {
    "name" : "package",
    "value" : "tests_ui.test_ui"
  }, {
    "name" : "resultFormat",
    "value" : "allure2"
  } ],
  "parameters" : [ ],
  "links" : [ ],
  "hidden" : false,
  "retry" : false,
  "extra" : {
    "severity" : "normal",
    "retries" : [ ],
    "categories" : [ {
      "name" : "Test defects",
      "matchedStatuses" : [ ],
      "flaky" : false
    } ],
    "tags" : [ ]
  },
  "source" : "3ef481193d92fc07.json",
  "parameterValues" : [ ]
}