{
  "uid" : "7092d2da51d62ce5",
  "name" : "test_check_title_of_static_table",
  "fullName" : "tests_ui.test_ui.TestProfilePage#test_check_title_of_static_table",
  "historyId" : "eb2cea1546ad6874ff07a2bb88c686ae",
  "time" : {
    "start" : 1726794096993,
    "stop" : 1726794102392,
    "duration" : 5399
  },
  "status" : "broken",
  "statusMessage" : "selenium.common.exceptions.TimeoutException: Message: Can't find element by locator ('xpath', '//button[@id=\"menu_button_webpages\"]')\nStacktrace:\n#0 0x5566e0d342da <unknown>\n#1 0x5566e0a02200 <unknown>\n#2 0x5566e0a51aa2 <unknown>\n#3 0x5566e0a51d41 <unknown>\n#4 0x5566e0a97964 <unknown>\n#5 0x5566e0a768fd <unknown>\n#6 0x5566e0a94dfd <unknown>\n#7 0x5566e0a76673 <unknown>\n#8 0x5566e0a44473 <unknown>\n#9 0x5566e0a4547e <unknown>\n#10 0x5566e0cfb0db <unknown>\n#11 0x5566e0cff071 <unknown>\n#12 0x5566e0ce79d5 <unknown>\n#13 0x5566e0cffbf2 <unknown>\n#14 0x5566e0cccb6f <unknown>\n#15 0x5566e0d23248 <unknown>\n#16 0x5566e0d23417 <unknown>\n#17 0x5566e0d330cc <unknown>\n#18 0x7ffa58094ac3 <unknown>",
  "statusTrace" : "self = <tests_ui.test_ui.TestProfilePage object at 0x7fb7f2718bf0>\ndriver = <selenium.webdriver.chrome.webdriver.WebDriver (session=\"aeff13d83ded2b4db04487cdb4067c20\")>\nauthorization_user = None\n\n    @allure.title('test_check_title_of_static_table')\n    def test_check_title_of_static_table(self, driver, authorization_user):\n        page = ProfilePage(driver)\n>       page.click_static_site_button()\n\ntests_ui/test_ui.py:75: \n_ _ _ _ _ _ _ _ _ _ _ _ _ _ _ _ _ _ _ _ _ _ _ _ _ _ _ _ _ _ _ _ _ _ _ _ _ _ _ _ \ntests_ui/profile_page.py:40: in click_static_site_button\n    return self.element_is_present_and_clickable(self.locators.STATIC_BUTTON).click()\ntests_ui/base_page.py:28: in element_is_present_and_clickable\n    return (Wait(self.driver, self.timeout).until(\n_ _ _ _ _ _ _ _ _ _ _ _ _ _ _ _ _ _ _ _ _ _ _ _ _ _ _ _ _ _ _ _ _ _ _ _ _ _ _ _ \n\nself = <selenium.webdriver.support.wait.WebDriverWait (session=\"aeff13d83ded2b4db04487cdb4067c20\")>\nmethod = <function visibility_of_element_located.<locals>._predicate at 0x7fb7f1bd2480>\nmessage = 'Can\\'t find element by locator (\\'xpath\\', \\'//button[@id=\"menu_button_webpages\"]\\')'\n\n    def until(self, method: Callable[[D], Union[Literal[False], T]], message: str = \"\") -> T:\n        \"\"\"Calls the method provided with the driver as an argument until the \\\n        return value does not evaluate to ``False``.\n    \n        :param method: callable(WebDriver)\n        :param message: optional message for :exc:`TimeoutException`\n        :returns: the result of the last call to `method`\n        :raises: :exc:`selenium.common.exceptions.TimeoutException` if timeout occurs\n        \"\"\"\n        screen = None\n        stacktrace = None\n    \n        end_time = time.monotonic() + self._timeout\n        while True:\n            try:\n                value = method(self._driver)\n                if value:\n                    return value\n            except self._ignored_exceptions as exc:\n                screen = getattr(exc, \"screen\", None)\n                stacktrace = getattr(exc, \"stacktrace\", None)\n            time.sleep(self._poll)\n            if time.monotonic() > end_time:\n                break\n>       raise TimeoutException(message, screen, stacktrace)\nE       selenium.common.exceptions.TimeoutException: Message: Can't find element by locator ('xpath', '//button[@id=\"menu_button_webpages\"]')\nE       Stacktrace:\nE       #0 0x5566e0d342da <unknown>\nE       #1 0x5566e0a02200 <unknown>\nE       #2 0x5566e0a51aa2 <unknown>\nE       #3 0x5566e0a51d41 <unknown>\nE       #4 0x5566e0a97964 <unknown>\nE       #5 0x5566e0a768fd <unknown>\nE       #6 0x5566e0a94dfd <unknown>\nE       #7 0x5566e0a76673 <unknown>\nE       #8 0x5566e0a44473 <unknown>\nE       #9 0x5566e0a4547e <unknown>\nE       #10 0x5566e0cfb0db <unknown>\nE       #11 0x5566e0cff071 <unknown>\nE       #12 0x5566e0ce79d5 <unknown>\nE       #13 0x5566e0cffbf2 <unknown>\nE       #14 0x5566e0cccb6f <unknown>\nE       #15 0x5566e0d23248 <unknown>\nE       #16 0x5566e0d23417 <unknown>\nE       #17 0x5566e0d330cc <unknown>\nE       #18 0x7ffa58094ac3 <unknown>\n\n/opt/hostedtoolcache/Python/3.12.6/x64/lib/python3.12/site-packages/selenium/webdriver/support/wait.py:105: TimeoutException",
  "flaky" : false,
  "newFailed" : false,
  "beforeStages" : [ {
    "name" : "driver",
    "time" : {
      "start" : 1726794096078,
      "stop" : 1726794096330,
      "duration" : 252
    },
    "status" : "passed",
    "steps" : [ ],
    "attachments" : [ ],
    "parameters" : [ ],
    "stepsCount" : 0,
    "attachmentsCount" : 0,
    "shouldDisplayMessage" : false,
    "hasContent" : false
  }, {
    "name" : "authorization_user",
    "time" : {
      "start" : 1726794096330,
      "stop" : 1726794096993,
      "duration" : 663
    },
    "status" : "passed",
    "steps" : [ {
      "name" : "Open page: https://oblache.areso.pro/register.html",
      "time" : {
        "start" : 1726794096330,
        "stop" : 1726794096820,
        "duration" : 490
      },
      "status" : "passed",
      "steps" : [ ],
      "attachments" : [ ],
      "parameters" : [ ],
      "stepsCount" : 0,
      "attachmentsCount" : 0,
      "shouldDisplayMessage" : false,
      "hasContent" : false
    }, {
      "name" : "Login user",
      "time" : {
        "start" : 1726794096820,
        "stop" : 1726794096993,
        "duration" : 173
      },
      "status" : "passed",
      "steps" : [ {
        "name" : "Enter email.",
        "time" : {
          "start" : 1726794096820,
          "stop" : 1726794096878,
          "duration" : 58
        },
        "status" : "passed",
        "steps" : [ ],
        "attachments" : [ ],
        "parameters" : [ ],
        "stepsCount" : 0,
        "attachmentsCount" : 0,
        "shouldDisplayMessage" : false,
        "hasContent" : false
      }, {
        "name" : "Enter password.",
        "time" : {
          "start" : 1726794096878,
          "stop" : 1726794096920,
          "duration" : 42
        },
        "status" : "passed",
        "steps" : [ ],
        "attachments" : [ ],
        "parameters" : [ ],
        "stepsCount" : 0,
        "attachmentsCount" : 0,
        "shouldDisplayMessage" : false,
        "hasContent" : false
      }, {
        "name" : "Click button \"Login\"",
        "time" : {
          "start" : 1726794096920,
          "stop" : 1726794096990,
          "duration" : 70
        },
        "status" : "passed",
        "steps" : [ ],
        "attachments" : [ ],
        "parameters" : [ ],
        "stepsCount" : 0,
        "attachmentsCount" : 0,
        "shouldDisplayMessage" : false,
        "hasContent" : false
      }, {
        "name" : "Check url is present: https://oblache.areso.pro/register.html",
        "time" : {
          "start" : 1726794096990,
          "stop" : 1726794096993,
          "duration" : 3
        },
        "status" : "passed",
        "steps" : [ ],
        "attachments" : [ ],
        "parameters" : [ ],
        "stepsCount" : 0,
        "attachmentsCount" : 0,
        "shouldDisplayMessage" : false,
        "hasContent" : false
      } ],
      "attachments" : [ ],
      "parameters" : [ ],
      "stepsCount" : 4,
      "attachmentsCount" : 0,
      "shouldDisplayMessage" : false,
      "hasContent" : true
    } ],
    "attachments" : [ ],
    "parameters" : [ ],
    "stepsCount" : 6,
    "attachmentsCount" : 0,
    "shouldDisplayMessage" : false,
    "hasContent" : true
  } ],
  "testStage" : {
    "status" : "broken",
    "statusMessage" : "selenium.common.exceptions.TimeoutException: Message: Can't find element by locator ('xpath', '//button[@id=\"menu_button_webpages\"]')\nStacktrace:\n#0 0x5566e0d342da <unknown>\n#1 0x5566e0a02200 <unknown>\n#2 0x5566e0a51aa2 <unknown>\n#3 0x5566e0a51d41 <unknown>\n#4 0x5566e0a97964 <unknown>\n#5 0x5566e0a768fd <unknown>\n#6 0x5566e0a94dfd <unknown>\n#7 0x5566e0a76673 <unknown>\n#8 0x5566e0a44473 <unknown>\n#9 0x5566e0a4547e <unknown>\n#10 0x5566e0cfb0db <unknown>\n#11 0x5566e0cff071 <unknown>\n#12 0x5566e0ce79d5 <unknown>\n#13 0x5566e0cffbf2 <unknown>\n#14 0x5566e0cccb6f <unknown>\n#15 0x5566e0d23248 <unknown>\n#16 0x5566e0d23417 <unknown>\n#17 0x5566e0d330cc <unknown>\n#18 0x7ffa58094ac3 <unknown>",
    "statusTrace" : "self = <tests_ui.test_ui.TestProfilePage object at 0x7fb7f2718bf0>\ndriver = <selenium.webdriver.chrome.webdriver.WebDriver (session=\"aeff13d83ded2b4db04487cdb4067c20\")>\nauthorization_user = None\n\n    @allure.title('test_check_title_of_static_table')\n    def test_check_title_of_static_table(self, driver, authorization_user):\n        page = ProfilePage(driver)\n>       page.click_static_site_button()\n\ntests_ui/test_ui.py:75: \n_ _ _ _ _ _ _ _ _ _ _ _ _ _ _ _ _ _ _ _ _ _ _ _ _ _ _ _ _ _ _ _ _ _ _ _ _ _ _ _ \ntests_ui/profile_page.py:40: in click_static_site_button\n    return self.element_is_present_and_clickable(self.locators.STATIC_BUTTON).click()\ntests_ui/base_page.py:28: in element_is_present_and_clickable\n    return (Wait(self.driver, self.timeout).until(\n_ _ _ _ _ _ _ _ _ _ _ _ _ _ _ _ _ _ _ _ _ _ _ _ _ _ _ _ _ _ _ _ _ _ _ _ _ _ _ _ \n\nself = <selenium.webdriver.support.wait.WebDriverWait (session=\"aeff13d83ded2b4db04487cdb4067c20\")>\nmethod = <function visibility_of_element_located.<locals>._predicate at 0x7fb7f1bd2480>\nmessage = 'Can\\'t find element by locator (\\'xpath\\', \\'//button[@id=\"menu_button_webpages\"]\\')'\n\n    def until(self, method: Callable[[D], Union[Literal[False], T]], message: str = \"\") -> T:\n        \"\"\"Calls the method provided with the driver as an argument until the \\\n        return value does not evaluate to ``False``.\n    \n        :param method: callable(WebDriver)\n        :param message: optional message for :exc:`TimeoutException`\n        :returns: the result of the last call to `method`\n        :raises: :exc:`selenium.common.exceptions.TimeoutException` if timeout occurs\n        \"\"\"\n        screen = None\n        stacktrace = None\n    \n        end_time = time.monotonic() + self._timeout\n        while True:\n            try:\n                value = method(self._driver)\n                if value:\n                    return value\n            except self._ignored_exceptions as exc:\n                screen = getattr(exc, \"screen\", None)\n                stacktrace = getattr(exc, \"stacktrace\", None)\n            time.sleep(self._poll)\n            if time.monotonic() > end_time:\n                break\n>       raise TimeoutException(message, screen, stacktrace)\nE       selenium.common.exceptions.TimeoutException: Message: Can't find element by locator ('xpath', '//button[@id=\"menu_button_webpages\"]')\nE       Stacktrace:\nE       #0 0x5566e0d342da <unknown>\nE       #1 0x5566e0a02200 <unknown>\nE       #2 0x5566e0a51aa2 <unknown>\nE       #3 0x5566e0a51d41 <unknown>\nE       #4 0x5566e0a97964 <unknown>\nE       #5 0x5566e0a768fd <unknown>\nE       #6 0x5566e0a94dfd <unknown>\nE       #7 0x5566e0a76673 <unknown>\nE       #8 0x5566e0a44473 <unknown>\nE       #9 0x5566e0a4547e <unknown>\nE       #10 0x5566e0cfb0db <unknown>\nE       #11 0x5566e0cff071 <unknown>\nE       #12 0x5566e0ce79d5 <unknown>\nE       #13 0x5566e0cffbf2 <unknown>\nE       #14 0x5566e0cccb6f <unknown>\nE       #15 0x5566e0d23248 <unknown>\nE       #16 0x5566e0d23417 <unknown>\nE       #17 0x5566e0d330cc <unknown>\nE       #18 0x7ffa58094ac3 <unknown>\n\n/opt/hostedtoolcache/Python/3.12.6/x64/lib/python3.12/site-packages/selenium/webdriver/support/wait.py:105: TimeoutException",
    "steps" : [ {
      "name" : "Click \"Static site\" button.",
      "time" : {
        "start" : 1726794096993,
        "stop" : 1726794102391,
        "duration" : 5398
      },
      "status" : "broken",
      "statusMessage" : "selenium.common.exceptions.TimeoutException: Message: Can't find element by locator ('xpath', '//button[@id=\"menu_button_webpages\"]')\nStacktrace:\n#0 0x5566e0d342da <unknown>\n#1 0x5566e0a02200 <unknown>\n#2 0x5566e0a51aa2 <unknown>\n#3 0x5566e0a51d41 <unknown>\n#4 0x5566e0a97964 <unknown>\n#5 0x5566e0a768fd <unknown>\n#6 0x5566e0a94dfd <unknown>\n#7 0x5566e0a76673 <unknown>\n#8 0x5566e0a44473 <unknown>\n#9 0x5566e0a4547e <unknown>\n#10 0x5566e0cfb0db <unknown>\n#11 0x5566e0cff071 <unknown>\n#12 0x5566e0ce79d5 <unknown>\n#13 0x5566e0cffbf2 <unknown>\n#14 0x5566e0cccb6f <unknown>\n#15 0x5566e0d23248 <unknown>\n#16 0x5566e0d23417 <unknown>\n#17 0x5566e0d330cc <unknown>\n#18 0x7ffa58094ac3 <unknown>\n\n",
      "statusTrace" : "  File \"/home/runner/work/Oblache/Oblache/tests_ui/profile_page.py\", line 40, in click_static_site_button\n    return self.element_is_present_and_clickable(self.locators.STATIC_BUTTON).click()\n           ^^^^^^^^^^^^^^^^^^^^^^^^^^^^^^^^^^^^^^^^^^^^^^^^^^^^^^^^^^^^^^^^^^\n  File \"/home/runner/work/Oblache/Oblache/tests_ui/base_page.py\", line 28, in element_is_present_and_clickable\n    return (Wait(self.driver, self.timeout).until(\n            ^^^^^^^^^^^^^^^^^^^^^^^^^^^^^^^^^^^^^^\n  File \"/opt/hostedtoolcache/Python/3.12.6/x64/lib/python3.12/site-packages/selenium/webdriver/support/wait.py\", line 105, in until\n    raise TimeoutException(message, screen, stacktrace)\n",
      "steps" : [ ],
      "attachments" : [ ],
      "parameters" : [ ],
      "stepsCount" : 0,
      "attachmentsCount" : 0,
      "shouldDisplayMessage" : true,
      "hasContent" : true
    } ],
    "attachments" : [ {
      "uid" : "bb4d776f96e5d178",
      "name" : "Screenshot 2024-09-20 01:01:42.477869",
      "source" : "bb4d776f96e5d178.png",
      "type" : "image/png",
      "size" : 35902
    } ],
    "parameters" : [ ],
    "stepsCount" : 1,
    "attachmentsCount" : 1,
    "shouldDisplayMessage" : true,
    "hasContent" : true
  },
  "afterStages" : [ {
    "name" : "driver::0",
    "time" : {
      "start" : 1726794102479,
      "stop" : 1726794102543,
      "duration" : 64
    },
    "status" : "passed",
    "steps" : [ ],
    "attachments" : [ ],
    "parameters" : [ ],
    "stepsCount" : 0,
    "attachmentsCount" : 0,
    "shouldDisplayMessage" : false,
    "hasContent" : false
  } ],
  "labels" : [ {
    "name" : "suite",
    "value" : "Test Profile Page."
  }, {
    "name" : "parentSuite",
    "value" : "tests_ui"
  }, {
    "name" : "subSuite",
    "value" : "TestProfilePage"
  }, {
    "name" : "host",
    "value" : "fv-az1198-566"
  }, {
    "name" : "thread",
    "value" : "2272-MainThread"
  }, {
    "name" : "framework",
    "value" : "pytest"
  }, {
    "name" : "language",
    "value" : "cpython3"
  }, {
    "name" : "package",
    "value" : "tests_ui.test_ui"
  }, {
    "name" : "resultFormat",
    "value" : "allure2"
  } ],
  "parameters" : [ ],
  "links" : [ ],
  "hidden" : false,
  "retry" : false,
  "extra" : {
    "severity" : "normal",
    "retries" : [ ],
    "categories" : [ {
      "name" : "Test defects",
      "matchedStatuses" : [ ],
      "flaky" : false
    } ],
    "tags" : [ ]
  },
  "source" : "7092d2da51d62ce5.json",
  "parameterValues" : [ ]
}