{
  "uid" : "95c3ffcc7b3ce1b6",
  "name" : "test_create_database",
  "fullName" : "tests_ui.test_ui.TestProfilePage#test_create_database",
  "historyId" : "4762f7b87391625d86f9ea8dbdd3b406",
  "time" : {
    "start" : 1728176892831,
    "stop" : 1728176900576,
    "duration" : 7745
  },
  "status" : "broken",
  "statusMessage" : "selenium.common.exceptions.TimeoutException: Message: Can't find element by locator ('xpath', '//div[@id=\"msg_from_server\"]')",
  "statusTrace" : "self = <tests_ui.test_ui.TestProfilePage object at 0x7f1704048aa0>\ndriver = <selenium.webdriver.chrome.webdriver.WebDriver (session=\"cbc7bb6cd5cd865538bec12331240f6d\")>\nauthorization_user = None\n\n    @allure.title('test_create_database')\n    def test_create_database(self, driver, authorization_user):\n        page = ProfilePage(driver, authorization_user)\n>       page.compare_database_status()\n\ntests_ui/test_ui.py:83: \n_ _ _ _ _ _ _ _ _ _ _ _ _ _ _ _ _ _ _ _ _ _ _ _ _ _ _ _ _ _ _ _ _ _ _ _ _ _ _ _ \ntests_ui/profile_page.py:150: in compare_database_status\n    msg = self.element_is_visible(self.locators.MSG_FROM_SERVER).text\ntests_ui/base_page.py:34: in element_is_visible\n    return Wait(self.driver, self.timeout).until(\n_ _ _ _ _ _ _ _ _ _ _ _ _ _ _ _ _ _ _ _ _ _ _ _ _ _ _ _ _ _ _ _ _ _ _ _ _ _ _ _ \n\nself = <selenium.webdriver.support.wait.WebDriverWait (session=\"cbc7bb6cd5cd865538bec12331240f6d\")>\nmethod = <function visibility_of_element_located.<locals>._predicate at 0x7f17035d3f60>\nmessage = 'Can\\'t find element by locator (\\'xpath\\', \\'//div[@id=\"msg_from_server\"]\\')'\n\n    def until(self, method: Callable[[D], Union[Literal[False], T]], message: str = \"\") -> T:\n        \"\"\"Calls the method provided with the driver as an argument until the \\\n        return value does not evaluate to ``False``.\n    \n        :param method: callable(WebDriver)\n        :param message: optional message for :exc:`TimeoutException`\n        :returns: the result of the last call to `method`\n        :raises: :exc:`selenium.common.exceptions.TimeoutException` if timeout occurs\n        \"\"\"\n        screen = None\n        stacktrace = None\n    \n        end_time = time.monotonic() + self._timeout\n        while True:\n            try:\n                value = method(self._driver)\n                if value:\n                    return value\n            except self._ignored_exceptions as exc:\n                screen = getattr(exc, \"screen\", None)\n                stacktrace = getattr(exc, \"stacktrace\", None)\n            time.sleep(self._poll)\n            if time.monotonic() > end_time:\n                break\n>       raise TimeoutException(message, screen, stacktrace)\nE       selenium.common.exceptions.TimeoutException: Message: Can't find element by locator ('xpath', '//div[@id=\"msg_from_server\"]')\n\n/opt/hostedtoolcache/Python/3.12.6/x64/lib/python3.12/site-packages/selenium/webdriver/support/wait.py:105: TimeoutException",
  "flaky" : false,
  "newFailed" : false,
  "beforeStages" : [ {
    "name" : "driver",
    "time" : {
      "start" : 1728176892019,
      "stop" : 1728176892287,
      "duration" : 268
    },
    "status" : "passed",
    "steps" : [ ],
    "attachments" : [ ],
    "parameters" : [ ],
    "shouldDisplayMessage" : false,
    "hasContent" : false,
    "stepsCount" : 0,
    "attachmentsCount" : 0
  }, {
    "name" : "authorization_user",
    "time" : {
      "start" : 1728176892287,
      "stop" : 1728176892830,
      "duration" : 543
    },
    "status" : "passed",
    "steps" : [ {
      "name" : "Open page: https://oblache.areso.pro/register.html",
      "time" : {
        "start" : 1728176892287,
        "stop" : 1728176892656,
        "duration" : 369
      },
      "status" : "passed",
      "steps" : [ ],
      "attachments" : [ ],
      "parameters" : [ ],
      "shouldDisplayMessage" : false,
      "hasContent" : false,
      "stepsCount" : 0,
      "attachmentsCount" : 0
    }, {
      "name" : "Login user",
      "time" : {
        "start" : 1728176892656,
        "stop" : 1728176892830,
        "duration" : 174
      },
      "status" : "passed",
      "steps" : [ {
        "name" : "Enter email.",
        "time" : {
          "start" : 1728176892656,
          "stop" : 1728176892713,
          "duration" : 57
        },
        "status" : "passed",
        "steps" : [ ],
        "attachments" : [ ],
        "parameters" : [ ],
        "shouldDisplayMessage" : false,
        "hasContent" : false,
        "stepsCount" : 0,
        "attachmentsCount" : 0
      }, {
        "name" : "Enter password.",
        "time" : {
          "start" : 1728176892713,
          "stop" : 1728176892757,
          "duration" : 44
        },
        "status" : "passed",
        "steps" : [ ],
        "attachments" : [ ],
        "parameters" : [ ],
        "shouldDisplayMessage" : false,
        "hasContent" : false,
        "stepsCount" : 0,
        "attachmentsCount" : 0
      }, {
        "name" : "Click button \"Login\"",
        "time" : {
          "start" : 1728176892757,
          "stop" : 1728176892828,
          "duration" : 71
        },
        "status" : "passed",
        "steps" : [ ],
        "attachments" : [ ],
        "parameters" : [ ],
        "shouldDisplayMessage" : false,
        "hasContent" : false,
        "stepsCount" : 0,
        "attachmentsCount" : 0
      }, {
        "name" : "Check url is present: https://oblache.areso.pro/register.html",
        "time" : {
          "start" : 1728176892828,
          "stop" : 1728176892830,
          "duration" : 2
        },
        "status" : "passed",
        "steps" : [ ],
        "attachments" : [ ],
        "parameters" : [ ],
        "shouldDisplayMessage" : false,
        "hasContent" : false,
        "stepsCount" : 0,
        "attachmentsCount" : 0
      } ],
      "attachments" : [ ],
      "parameters" : [ ],
      "shouldDisplayMessage" : false,
      "hasContent" : true,
      "stepsCount" : 4,
      "attachmentsCount" : 0
    } ],
    "attachments" : [ ],
    "parameters" : [ ],
    "shouldDisplayMessage" : false,
    "hasContent" : true,
    "stepsCount" : 6,
    "attachmentsCount" : 0
  } ],
  "testStage" : {
    "status" : "broken",
    "statusMessage" : "selenium.common.exceptions.TimeoutException: Message: Can't find element by locator ('xpath', '//div[@id=\"msg_from_server\"]')",
    "statusTrace" : "self = <tests_ui.test_ui.TestProfilePage object at 0x7f1704048aa0>\ndriver = <selenium.webdriver.chrome.webdriver.WebDriver (session=\"cbc7bb6cd5cd865538bec12331240f6d\")>\nauthorization_user = None\n\n    @allure.title('test_create_database')\n    def test_create_database(self, driver, authorization_user):\n        page = ProfilePage(driver, authorization_user)\n>       page.compare_database_status()\n\ntests_ui/test_ui.py:83: \n_ _ _ _ _ _ _ _ _ _ _ _ _ _ _ _ _ _ _ _ _ _ _ _ _ _ _ _ _ _ _ _ _ _ _ _ _ _ _ _ \ntests_ui/profile_page.py:150: in compare_database_status\n    msg = self.element_is_visible(self.locators.MSG_FROM_SERVER).text\ntests_ui/base_page.py:34: in element_is_visible\n    return Wait(self.driver, self.timeout).until(\n_ _ _ _ _ _ _ _ _ _ _ _ _ _ _ _ _ _ _ _ _ _ _ _ _ _ _ _ _ _ _ _ _ _ _ _ _ _ _ _ \n\nself = <selenium.webdriver.support.wait.WebDriverWait (session=\"cbc7bb6cd5cd865538bec12331240f6d\")>\nmethod = <function visibility_of_element_located.<locals>._predicate at 0x7f17035d3f60>\nmessage = 'Can\\'t find element by locator (\\'xpath\\', \\'//div[@id=\"msg_from_server\"]\\')'\n\n    def until(self, method: Callable[[D], Union[Literal[False], T]], message: str = \"\") -> T:\n        \"\"\"Calls the method provided with the driver as an argument until the \\\n        return value does not evaluate to ``False``.\n    \n        :param method: callable(WebDriver)\n        :param message: optional message for :exc:`TimeoutException`\n        :returns: the result of the last call to `method`\n        :raises: :exc:`selenium.common.exceptions.TimeoutException` if timeout occurs\n        \"\"\"\n        screen = None\n        stacktrace = None\n    \n        end_time = time.monotonic() + self._timeout\n        while True:\n            try:\n                value = method(self._driver)\n                if value:\n                    return value\n            except self._ignored_exceptions as exc:\n                screen = getattr(exc, \"screen\", None)\n                stacktrace = getattr(exc, \"stacktrace\", None)\n            time.sleep(self._poll)\n            if time.monotonic() > end_time:\n                break\n>       raise TimeoutException(message, screen, stacktrace)\nE       selenium.common.exceptions.TimeoutException: Message: Can't find element by locator ('xpath', '//div[@id=\"msg_from_server\"]')\n\n/opt/hostedtoolcache/Python/3.12.6/x64/lib/python3.12/site-packages/selenium/webdriver/support/wait.py:105: TimeoutException",
    "steps" : [ {
      "name" : "Click button Status.",
      "time" : {
        "start" : 1728176893831,
        "stop" : 1728176893886,
        "duration" : 55
      },
      "status" : "passed",
      "steps" : [ ],
      "attachments" : [ ],
      "parameters" : [ ],
      "shouldDisplayMessage" : false,
      "hasContent" : false,
      "stepsCount" : 0,
      "attachmentsCount" : 0
    }, {
      "name" : "Get status data.",
      "time" : {
        "start" : 1728176894134,
        "stop" : 1728176894134,
        "duration" : 0
      },
      "status" : "passed",
      "steps" : [ {
        "name" : "Status data is: {'Email:': 'nodata', 'is blocked?': 'nodata', 'is db creation allowed?': 'nodata', 'disk db quota, mb': 'nodata', 'disk db used, mb': 'nodata', 'db qty quota': 'nodata', 'db qty used': 'nodata'}",
        "time" : {
          "start" : 1728176894134,
          "stop" : 1728176894134,
          "duration" : 0
        },
        "status" : "passed",
        "steps" : [ ],
        "attachments" : [ ],
        "parameters" : [ ],
        "shouldDisplayMessage" : false,
        "hasContent" : false,
        "stepsCount" : 0,
        "attachmentsCount" : 0
      } ],
      "attachments" : [ ],
      "parameters" : [ ],
      "shouldDisplayMessage" : false,
      "hasContent" : true,
      "stepsCount" : 1,
      "attachmentsCount" : 0
    }, {
      "name" : "Click \"Databases\" button.",
      "time" : {
        "start" : 1728176894134,
        "stop" : 1728176894186,
        "duration" : 52
      },
      "status" : "passed",
      "steps" : [ ],
      "attachments" : [ ],
      "parameters" : [ ],
      "shouldDisplayMessage" : false,
      "hasContent" : false,
      "stepsCount" : 0,
      "attachmentsCount" : 0
    }, {
      "name" : "Click \"Create new DB\" button.",
      "time" : {
        "start" : 1728176894186,
        "stop" : 1728176894240,
        "duration" : 54
      },
      "status" : "passed",
      "steps" : [ ],
      "attachments" : [ ],
      "parameters" : [ ],
      "shouldDisplayMessage" : false,
      "hasContent" : false,
      "stepsCount" : 0,
      "attachmentsCount" : 0
    }, {
      "name" : "Select region \"CIS\".",
      "time" : {
        "start" : 1728176894240,
        "stop" : 1728176895402,
        "duration" : 1162
      },
      "status" : "passed",
      "steps" : [ ],
      "attachments" : [ ],
      "parameters" : [ ],
      "shouldDisplayMessage" : false,
      "hasContent" : false,
      "stepsCount" : 0,
      "attachmentsCount" : 0
    }, {
      "name" : "Click \"Create\" button.",
      "time" : {
        "start" : 1728176895402,
        "stop" : 1728176895449,
        "duration" : 47
      },
      "status" : "passed",
      "steps" : [ ],
      "attachments" : [ ],
      "parameters" : [ ],
      "shouldDisplayMessage" : false,
      "hasContent" : false,
      "stepsCount" : 0,
      "attachmentsCount" : 0
    } ],
    "attachments" : [ {
      "uid" : "c31a4e57256dc6ee",
      "name" : "Screenshot 2024-10-06 01:08:20.668781",
      "source" : "c31a4e57256dc6ee.png",
      "type" : "image/png",
      "size" : 30142
    } ],
    "parameters" : [ ],
    "shouldDisplayMessage" : true,
    "hasContent" : true,
    "stepsCount" : 7,
    "attachmentsCount" : 1
  },
  "afterStages" : [ {
    "name" : "driver::0",
    "time" : {
      "start" : 1728176900670,
      "stop" : 1728176900734,
      "duration" : 64
    },
    "status" : "passed",
    "steps" : [ ],
    "attachments" : [ ],
    "parameters" : [ ],
    "shouldDisplayMessage" : false,
    "hasContent" : false,
    "stepsCount" : 0,
    "attachmentsCount" : 0
  } ],
  "labels" : [ {
    "name" : "suite",
    "value" : "Test Profile Page."
  }, {
    "name" : "parentSuite",
    "value" : "tests_ui"
  }, {
    "name" : "subSuite",
    "value" : "TestProfilePage"
  }, {
    "name" : "host",
    "value" : "fv-az523-858"
  }, {
    "name" : "thread",
    "value" : "2312-MainThread"
  }, {
    "name" : "framework",
    "value" : "pytest"
  }, {
    "name" : "language",
    "value" : "cpython3"
  }, {
    "name" : "package",
    "value" : "tests_ui.test_ui"
  }, {
    "name" : "resultFormat",
    "value" : "allure2"
  } ],
  "parameters" : [ ],
  "links" : [ ],
  "hidden" : false,
  "retry" : false,
  "extra" : {
    "severity" : "normal",
    "retries" : [ ],
    "categories" : [ {
      "name" : "Test defects",
      "matchedStatuses" : [ ],
      "flaky" : false
    } ],
    "history" : {
      "statistic" : {
        "failed" : 0,
        "broken" : 17,
        "skipped" : 0,
        "passed" : 0,
        "unknown" : 0,
        "total" : 17
      },
      "items" : [ {
        "uid" : "c3a1bc9bb3426f5e",
        "reportUrl" : "https://lambotik.github.io/Oblache/181//#testresult/c3a1bc9bb3426f5e",
        "status" : "broken",
        "statusDetails" : "selenium.common.exceptions.TimeoutException: Message: Can't find element by locator ('xpath', '//div[@id=\"msg_from_server\"]')",
        "time" : {
          "start" : 1728090136965,
          "stop" : 1728090144705,
          "duration" : 7740
        }
      }, {
        "uid" : "736717cdfc23e08b",
        "reportUrl" : "https://lambotik.github.io/Oblache/180//#testresult/736717cdfc23e08b",
        "status" : "broken",
        "statusDetails" : "selenium.common.exceptions.TimeoutException: Message: Can't find element by locator ('xpath', '//div[@id=\"msg_from_server\"]')",
        "time" : {
          "start" : 1728003791535,
          "stop" : 1728003799349,
          "duration" : 7814
        }
      }, {
        "uid" : "4a16960866b28d01",
        "reportUrl" : "https://lambotik.github.io/Oblache/179//#testresult/4a16960866b28d01",
        "status" : "broken",
        "statusDetails" : "selenium.common.exceptions.TimeoutException: Message: Can't find element by locator ('xpath', '//div[@id=\"msg_from_server\"]')",
        "time" : {
          "start" : 1727917397139,
          "stop" : 1727917405734,
          "duration" : 8595
        }
      }, {
        "uid" : "5a273bb599b316bb",
        "reportUrl" : "https://lambotik.github.io/Oblache/178//#testresult/5a273bb599b316bb",
        "status" : "broken",
        "statusDetails" : "selenium.common.exceptions.TimeoutException: Message: Can't find element by locator ('xpath', '//div[@id=\"msg_from_server\"]')",
        "time" : {
          "start" : 1727830994627,
          "stop" : 1727831002416,
          "duration" : 7789
        }
      }, {
        "uid" : "af5aca9b1b2b4484",
        "reportUrl" : "https://lambotik.github.io/Oblache/177//#testresult/af5aca9b1b2b4484",
        "status" : "broken",
        "statusDetails" : "selenium.common.exceptions.TimeoutException: Message: Can't find element by locator ('xpath', '//div[@id=\"msg_from_server\"]')",
        "time" : {
          "start" : 1727744946083,
          "stop" : 1727744953803,
          "duration" : 7720
        }
      }, {
        "uid" : "2f92425a03e4ef95",
        "reportUrl" : "https://lambotik.github.io/Oblache/176//#testresult/2f92425a03e4ef95",
        "status" : "broken",
        "statusDetails" : "selenium.common.exceptions.TimeoutException: Message: Can't find element by locator ('xpath', '//div[@id=\"msg_from_server\"]')",
        "time" : {
          "start" : 1727658391006,
          "stop" : 1727658399641,
          "duration" : 8635
        }
      }, {
        "uid" : "1a9480bd5f5665e9",
        "reportUrl" : "https://lambotik.github.io/Oblache/175//#testresult/1a9480bd5f5665e9",
        "status" : "broken",
        "statusDetails" : "selenium.common.exceptions.TimeoutException: Message: Can't find element by locator ('xpath', '//div[@id=\"msg_from_server\"]')",
        "time" : {
          "start" : 1727572151886,
          "stop" : 1727572160704,
          "duration" : 8818
        }
      }, {
        "uid" : "6c23f02ec0f4f902",
        "reportUrl" : "https://lambotik.github.io/Oblache/174//#testresult/6c23f02ec0f4f902",
        "status" : "broken",
        "statusDetails" : "selenium.common.exceptions.TimeoutException: Message: Can't find element by locator ('xpath', '//div[@id=\"msg_from_server\"]')",
        "time" : {
          "start" : 1727485353110,
          "stop" : 1727485360847,
          "duration" : 7737
        }
      }, {
        "uid" : "9a968de3f131964b",
        "reportUrl" : "https://lambotik.github.io/Oblache/173//#testresult/9a968de3f131964b",
        "status" : "broken",
        "statusDetails" : "selenium.common.exceptions.TimeoutException: Message: Can't find element by locator ('xpath', '//div[@id=\"msg_from_server\"]')",
        "time" : {
          "start" : 1727398966778,
          "stop" : 1727398975381,
          "duration" : 8603
        }
      }, {
        "uid" : "736f7f082684d9f5",
        "reportUrl" : "https://lambotik.github.io/Oblache/172//#testresult/736f7f082684d9f5",
        "status" : "broken",
        "statusDetails" : "selenium.common.exceptions.TimeoutException: Message: Can't find element by locator ('xpath', '//div[@id=\"msg_from_server\"]')",
        "time" : {
          "start" : 1727312573725,
          "stop" : 1727312582392,
          "duration" : 8667
        }
      }, {
        "uid" : "7b3f252a15862d41",
        "reportUrl" : "https://lambotik.github.io/Oblache/171//#testresult/7b3f252a15862d41",
        "status" : "broken",
        "statusDetails" : "selenium.common.exceptions.TimeoutException: Message: Can't find element by locator ('xpath', '//div[@id=\"msg_from_server\"]')",
        "time" : {
          "start" : 1727226212964,
          "stop" : 1727226220676,
          "duration" : 7712
        }
      }, {
        "uid" : "5c1efe6819222a1",
        "reportUrl" : "https://lambotik.github.io/Oblache/170//#testresult/5c1efe6819222a1",
        "status" : "broken",
        "statusDetails" : "selenium.common.exceptions.TimeoutException: Message: Can't find element by locator ('xpath', '//div[@id=\"msg_from_server\"]')",
        "time" : {
          "start" : 1727139756869,
          "stop" : 1727139764567,
          "duration" : 7698
        }
      }, {
        "uid" : "e7fc65fc1e5c14d8",
        "reportUrl" : "https://lambotik.github.io/Oblache/169//#testresult/e7fc65fc1e5c14d8",
        "status" : "broken",
        "statusDetails" : "selenium.common.exceptions.TimeoutException: Message: Can't find element by locator ('xpath', '//div[@id=\"msg_from_server\"]')",
        "time" : {
          "start" : 1727053369306,
          "stop" : 1727053377116,
          "duration" : 7810
        }
      }, {
        "uid" : "3883159909ec7f55",
        "reportUrl" : "https://lambotik.github.io/Oblache/168//#testresult/3883159909ec7f55",
        "status" : "broken",
        "statusDetails" : "selenium.common.exceptions.TimeoutException: Message: Can't find element by locator ('xpath', '//div[@id=\"msg_from_server\"]')",
        "time" : {
          "start" : 1726967205702,
          "stop" : 1726967213424,
          "duration" : 7722
        }
      }, {
        "uid" : "8743dbabd08b8677",
        "reportUrl" : "https://lambotik.github.io/Oblache/167//#testresult/8743dbabd08b8677",
        "status" : "broken",
        "statusDetails" : "selenium.common.exceptions.TimeoutException: Message: Can't find element by locator ('xpath', '//div[@id=\"msg_from_server\"]')",
        "time" : {
          "start" : 1726880456842,
          "stop" : 1726880464721,
          "duration" : 7879
        }
      }, {
        "uid" : "e44467c8ac5b5873",
        "reportUrl" : "https://lambotik.github.io/Oblache/166//#testresult/e44467c8ac5b5873",
        "status" : "broken",
        "statusDetails" : "selenium.common.exceptions.TimeoutException: Message: Can't find element by locator ('xpath', '//div[@id=\"msg_from_server\"]')",
        "time" : {
          "start" : 1726794103485,
          "stop" : 1726794112033,
          "duration" : 8548
        }
      } ]
    },
    "tags" : [ ]
  },
  "source" : "95c3ffcc7b3ce1b6.json",
  "parameterValues" : [ ]
}