{
  "uid" : "d4eb6ffa648114f4",
  "name" : "test_clipboard",
  "fullName" : "tests_ui.test_ui.TestProfilePage#test_clipboard_uuid_db",
  "historyId" : "b32cefb1d87a8aa3bb37280cb980702f",
  "time" : {
    "start" : 1748657963572,
    "stop" : 1748657968699,
    "duration" : 5127
  },
  "status" : "broken",
  "statusMessage" : "selenium.common.exceptions.TimeoutException: Message: Can't find element by locator ('xpath', '//button[@id = \"menu_button_databases\"]')\nStacktrace:\n#0 0x559a78c3778a <unknown>\n#1 0x559a786da0a0 <unknown>\n#2 0x559a7872b9b0 <unknown>\n#3 0x559a7872bba1 <unknown>\n#4 0x559a78779ea4 <unknown>\n#5 0x559a787513cd <unknown>\n#6 0x559a787772a0 <unknown>\n#7 0x559a78751173 <unknown>\n#8 0x559a7871dd4b <unknown>\n#9 0x559a7871e9b1 <unknown>\n#10 0x559a78bfc93b <unknown>\n#11 0x559a78c0083a <unknown>\n#12 0x559a78be4692 <unknown>\n#13 0x559a78c013c4 <unknown>\n#14 0x559a78bc94cf <unknown>\n#15 0x559a78c25568 <unknown>\n#16 0x559a78c25746 <unknown>\n#17 0x559a78c365f6 <unknown>\n#18 0x7fe94109caa4 <unknown>\n#19 0x7fe941129c3c <unknown>",
  "statusTrace" : "self = <tests_ui.test_ui.TestProfilePage object at 0x7f9c08be7320>\ndriver = <selenium.webdriver.chrome.webdriver.WebDriver (session=\"e013bbcf3cdaf4e2daec4e79d0d5426b\")>\nauthorization_user = None\n\n    @allure.title('test_clipboard')\n    def test_clipboard_uuid_db(self, driver, authorization_user):\n        page = ProfilePage(driver, authorization_user)\n>       page.click_button_databases()\n\ntests_ui/test_ui.py:98: \n_ _ _ _ _ _ _ _ _ _ _ _ _ _ _ _ _ _ _ _ _ _ _ _ _ _ _ _ _ _ _ _ _ _ _ _ _ _ _ _ \ntests_ui/profile_page.py:36: in click_button_databases\n    return self.element_is_present_and_clickable(self.locators.DATABASE_BUTTON).click()\ntests_ui/base_page.py:28: in element_is_present_and_clickable\n    return (Wait(self.driver, self.timeout).until(\n_ _ _ _ _ _ _ _ _ _ _ _ _ _ _ _ _ _ _ _ _ _ _ _ _ _ _ _ _ _ _ _ _ _ _ _ _ _ _ _ \n\nself = <selenium.webdriver.support.wait.WebDriverWait (session=\"e013bbcf3cdaf4e2daec4e79d0d5426b\")>\nmethod = <function visibility_of_element_located.<locals>._predicate at 0x7f9c07f09f80>\nmessage = 'Can\\'t find element by locator (\\'xpath\\', \\'//button[@id = \"menu_button_databases\"]\\')'\n\n    def until(self, method: Callable[[D], Union[Literal[False], T]], message: str = \"\") -> T:\n        \"\"\"Calls the method provided with the driver as an argument until the \\\n        return value does not evaluate to ``False``.\n    \n        :param method: callable(WebDriver)\n        :param message: optional message for :exc:`TimeoutException`\n        :returns: the result of the last call to `method`\n        :raises: :exc:`selenium.common.exceptions.TimeoutException` if timeout occurs\n        \"\"\"\n        screen = None\n        stacktrace = None\n    \n        end_time = time.monotonic() + self._timeout\n        while True:\n            try:\n                value = method(self._driver)\n                if value:\n                    return value\n            except self._ignored_exceptions as exc:\n                screen = getattr(exc, \"screen\", None)\n                stacktrace = getattr(exc, \"stacktrace\", None)\n            time.sleep(self._poll)\n            if time.monotonic() > end_time:\n                break\n>       raise TimeoutException(message, screen, stacktrace)\nE       selenium.common.exceptions.TimeoutException: Message: Can't find element by locator ('xpath', '//button[@id = \"menu_button_databases\"]')\nE       Stacktrace:\nE       #0 0x559a78c3778a <unknown>\nE       #1 0x559a786da0a0 <unknown>\nE       #2 0x559a7872b9b0 <unknown>\nE       #3 0x559a7872bba1 <unknown>\nE       #4 0x559a78779ea4 <unknown>\nE       #5 0x559a787513cd <unknown>\nE       #6 0x559a787772a0 <unknown>\nE       #7 0x559a78751173 <unknown>\nE       #8 0x559a7871dd4b <unknown>\nE       #9 0x559a7871e9b1 <unknown>\nE       #10 0x559a78bfc93b <unknown>\nE       #11 0x559a78c0083a <unknown>\nE       #12 0x559a78be4692 <unknown>\nE       #13 0x559a78c013c4 <unknown>\nE       #14 0x559a78bc94cf <unknown>\nE       #15 0x559a78c25568 <unknown>\nE       #16 0x559a78c25746 <unknown>\nE       #17 0x559a78c365f6 <unknown>\nE       #18 0x7fe94109caa4 <unknown>\nE       #19 0x7fe941129c3c <unknown>\n\n/opt/hostedtoolcache/Python/3.12.10/x64/lib/python3.12/site-packages/selenium/webdriver/support/wait.py:105: TimeoutException",
  "flaky" : false,
  "newFailed" : false,
  "beforeStages" : [ {
    "name" : "authorization_user",
    "time" : {
      "start" : 1748657963050,
      "stop" : 1748657963571,
      "duration" : 521
    },
    "status" : "passed",
    "steps" : [ {
      "name" : "Open page: https://oblache.areso.pro/register.html",
      "time" : {
        "start" : 1748657963050,
        "stop" : 1748657963371,
        "duration" : 321
      },
      "status" : "passed",
      "steps" : [ ],
      "attachments" : [ ],
      "parameters" : [ ],
      "shouldDisplayMessage" : false,
      "hasContent" : false,
      "stepsCount" : 0,
      "attachmentsCount" : 0
    }, {
      "name" : "Login user",
      "time" : {
        "start" : 1748657963371,
        "stop" : 1748657963571,
        "duration" : 200
      },
      "status" : "passed",
      "steps" : [ {
        "name" : "Enter email.",
        "time" : {
          "start" : 1748657963371,
          "stop" : 1748657963433,
          "duration" : 62
        },
        "status" : "passed",
        "steps" : [ ],
        "attachments" : [ ],
        "parameters" : [ ],
        "shouldDisplayMessage" : false,
        "hasContent" : false,
        "stepsCount" : 0,
        "attachmentsCount" : 0
      }, {
        "name" : "Enter password.",
        "time" : {
          "start" : 1748657963433,
          "stop" : 1748657963478,
          "duration" : 45
        },
        "status" : "passed",
        "steps" : [ ],
        "attachments" : [ ],
        "parameters" : [ ],
        "shouldDisplayMessage" : false,
        "hasContent" : false,
        "stepsCount" : 0,
        "attachmentsCount" : 0
      }, {
        "name" : "Click button \"Login\"",
        "time" : {
          "start" : 1748657963478,
          "stop" : 1748657963569,
          "duration" : 91
        },
        "status" : "passed",
        "steps" : [ ],
        "attachments" : [ ],
        "parameters" : [ ],
        "shouldDisplayMessage" : false,
        "hasContent" : false,
        "stepsCount" : 0,
        "attachmentsCount" : 0
      }, {
        "name" : "Check url is present: https://oblache.areso.pro/register.html",
        "time" : {
          "start" : 1748657963569,
          "stop" : 1748657963571,
          "duration" : 2
        },
        "status" : "passed",
        "steps" : [ ],
        "attachments" : [ ],
        "parameters" : [ ],
        "shouldDisplayMessage" : false,
        "hasContent" : false,
        "stepsCount" : 0,
        "attachmentsCount" : 0
      } ],
      "attachments" : [ ],
      "parameters" : [ ],
      "shouldDisplayMessage" : false,
      "hasContent" : true,
      "stepsCount" : 4,
      "attachmentsCount" : 0
    } ],
    "attachments" : [ ],
    "parameters" : [ ],
    "shouldDisplayMessage" : false,
    "hasContent" : true,
    "stepsCount" : 6,
    "attachmentsCount" : 0
  }, {
    "name" : "driver",
    "time" : {
      "start" : 1748657962718,
      "stop" : 1748657963049,
      "duration" : 331
    },
    "status" : "passed",
    "steps" : [ ],
    "attachments" : [ ],
    "parameters" : [ ],
    "shouldDisplayMessage" : false,
    "hasContent" : false,
    "stepsCount" : 0,
    "attachmentsCount" : 0
  } ],
  "testStage" : {
    "status" : "broken",
    "statusMessage" : "selenium.common.exceptions.TimeoutException: Message: Can't find element by locator ('xpath', '//button[@id = \"menu_button_databases\"]')\nStacktrace:\n#0 0x559a78c3778a <unknown>\n#1 0x559a786da0a0 <unknown>\n#2 0x559a7872b9b0 <unknown>\n#3 0x559a7872bba1 <unknown>\n#4 0x559a78779ea4 <unknown>\n#5 0x559a787513cd <unknown>\n#6 0x559a787772a0 <unknown>\n#7 0x559a78751173 <unknown>\n#8 0x559a7871dd4b <unknown>\n#9 0x559a7871e9b1 <unknown>\n#10 0x559a78bfc93b <unknown>\n#11 0x559a78c0083a <unknown>\n#12 0x559a78be4692 <unknown>\n#13 0x559a78c013c4 <unknown>\n#14 0x559a78bc94cf <unknown>\n#15 0x559a78c25568 <unknown>\n#16 0x559a78c25746 <unknown>\n#17 0x559a78c365f6 <unknown>\n#18 0x7fe94109caa4 <unknown>\n#19 0x7fe941129c3c <unknown>",
    "statusTrace" : "self = <tests_ui.test_ui.TestProfilePage object at 0x7f9c08be7320>\ndriver = <selenium.webdriver.chrome.webdriver.WebDriver (session=\"e013bbcf3cdaf4e2daec4e79d0d5426b\")>\nauthorization_user = None\n\n    @allure.title('test_clipboard')\n    def test_clipboard_uuid_db(self, driver, authorization_user):\n        page = ProfilePage(driver, authorization_user)\n>       page.click_button_databases()\n\ntests_ui/test_ui.py:98: \n_ _ _ _ _ _ _ _ _ _ _ _ _ _ _ _ _ _ _ _ _ _ _ _ _ _ _ _ _ _ _ _ _ _ _ _ _ _ _ _ \ntests_ui/profile_page.py:36: in click_button_databases\n    return self.element_is_present_and_clickable(self.locators.DATABASE_BUTTON).click()\ntests_ui/base_page.py:28: in element_is_present_and_clickable\n    return (Wait(self.driver, self.timeout).until(\n_ _ _ _ _ _ _ _ _ _ _ _ _ _ _ _ _ _ _ _ _ _ _ _ _ _ _ _ _ _ _ _ _ _ _ _ _ _ _ _ \n\nself = <selenium.webdriver.support.wait.WebDriverWait (session=\"e013bbcf3cdaf4e2daec4e79d0d5426b\")>\nmethod = <function visibility_of_element_located.<locals>._predicate at 0x7f9c07f09f80>\nmessage = 'Can\\'t find element by locator (\\'xpath\\', \\'//button[@id = \"menu_button_databases\"]\\')'\n\n    def until(self, method: Callable[[D], Union[Literal[False], T]], message: str = \"\") -> T:\n        \"\"\"Calls the method provided with the driver as an argument until the \\\n        return value does not evaluate to ``False``.\n    \n        :param method: callable(WebDriver)\n        :param message: optional message for :exc:`TimeoutException`\n        :returns: the result of the last call to `method`\n        :raises: :exc:`selenium.common.exceptions.TimeoutException` if timeout occurs\n        \"\"\"\n        screen = None\n        stacktrace = None\n    \n        end_time = time.monotonic() + self._timeout\n        while True:\n            try:\n                value = method(self._driver)\n                if value:\n                    return value\n            except self._ignored_exceptions as exc:\n                screen = getattr(exc, \"screen\", None)\n                stacktrace = getattr(exc, \"stacktrace\", None)\n            time.sleep(self._poll)\n            if time.monotonic() > end_time:\n                break\n>       raise TimeoutException(message, screen, stacktrace)\nE       selenium.common.exceptions.TimeoutException: Message: Can't find element by locator ('xpath', '//button[@id = \"menu_button_databases\"]')\nE       Stacktrace:\nE       #0 0x559a78c3778a <unknown>\nE       #1 0x559a786da0a0 <unknown>\nE       #2 0x559a7872b9b0 <unknown>\nE       #3 0x559a7872bba1 <unknown>\nE       #4 0x559a78779ea4 <unknown>\nE       #5 0x559a787513cd <unknown>\nE       #6 0x559a787772a0 <unknown>\nE       #7 0x559a78751173 <unknown>\nE       #8 0x559a7871dd4b <unknown>\nE       #9 0x559a7871e9b1 <unknown>\nE       #10 0x559a78bfc93b <unknown>\nE       #11 0x559a78c0083a <unknown>\nE       #12 0x559a78be4692 <unknown>\nE       #13 0x559a78c013c4 <unknown>\nE       #14 0x559a78bc94cf <unknown>\nE       #15 0x559a78c25568 <unknown>\nE       #16 0x559a78c25746 <unknown>\nE       #17 0x559a78c365f6 <unknown>\nE       #18 0x7fe94109caa4 <unknown>\nE       #19 0x7fe941129c3c <unknown>\n\n/opt/hostedtoolcache/Python/3.12.10/x64/lib/python3.12/site-packages/selenium/webdriver/support/wait.py:105: TimeoutException",
    "steps" : [ {
      "name" : "Click \"Databases\" button.",
      "time" : {
        "start" : 1748657963572,
        "stop" : 1748657968699,
        "duration" : 5127
      },
      "status" : "broken",
      "statusMessage" : "selenium.common.exceptions.TimeoutException: Message: Can't find element by locator ('xpath', '//button[@id = \"menu_button_databases\"]')\nStacktrace:\n#0 0x559a78c3778a <unknown>\n#1 0x559a786da0a0 <unknown>\n#2 0x559a7872b9b0 <unknown>\n#3 0x559a7872bba1 <unknown>\n#4 0x559a78779ea4 <unknown>\n#5 0x559a787513cd <unknown>\n#6 0x559a787772a0 <unknown>\n#7 0x559a78751173 <unknown>\n#8 0x559a7871dd4b <unknown>\n#9 0x559a7871e9b1 <unknown>\n#10 0x559a78bfc93b <unknown>\n#11 0x559a78c0083a <unknown>\n#12 0x559a78be4692 <unknown>\n#13 0x559a78c013c4 <unknown>\n#14 0x559a78bc94cf <unknown>\n#15 0x559a78c25568 <unknown>\n#16 0x559a78c25746 <unknown>\n#17 0x559a78c365f6 <unknown>\n#18 0x7fe94109caa4 <unknown>\n#19 0x7fe941129c3c <unknown>\n\n",
      "statusTrace" : "  File \"/home/runner/work/Oblache/Oblache/tests_ui/profile_page.py\", line 36, in click_button_databases\n    return self.element_is_present_and_clickable(self.locators.DATABASE_BUTTON).click()\n           ^^^^^^^^^^^^^^^^^^^^^^^^^^^^^^^^^^^^^^^^^^^^^^^^^^^^^^^^^^^^^^^^^^^^\n  File \"/home/runner/work/Oblache/Oblache/tests_ui/base_page.py\", line 28, in element_is_present_and_clickable\n    return (Wait(self.driver, self.timeout).until(\n            ^^^^^^^^^^^^^^^^^^^^^^^^^^^^^^^^^^^^^^\n  File \"/opt/hostedtoolcache/Python/3.12.10/x64/lib/python3.12/site-packages/selenium/webdriver/support/wait.py\", line 105, in until\n    raise TimeoutException(message, screen, stacktrace)\n",
      "steps" : [ ],
      "attachments" : [ ],
      "parameters" : [ ],
      "shouldDisplayMessage" : true,
      "hasContent" : true,
      "stepsCount" : 0,
      "attachmentsCount" : 0
    } ],
    "attachments" : [ {
      "uid" : "60a33e931a0fdf5e",
      "name" : "Screenshot 2025-05-31 02:19:28.803845",
      "source" : "60a33e931a0fdf5e.png",
      "type" : "image/png",
      "size" : 15825
    } ],
    "parameters" : [ ],
    "shouldDisplayMessage" : true,
    "hasContent" : true,
    "stepsCount" : 1,
    "attachmentsCount" : 1
  },
  "afterStages" : [ {
    "name" : "driver::0",
    "time" : {
      "start" : 1748657968805,
      "stop" : 1748657968864,
      "duration" : 59
    },
    "status" : "passed",
    "steps" : [ ],
    "attachments" : [ ],
    "parameters" : [ ],
    "shouldDisplayMessage" : false,
    "hasContent" : false,
    "stepsCount" : 0,
    "attachmentsCount" : 0
  } ],
  "labels" : [ {
    "name" : "suite",
    "value" : "Test Profile Page."
  }, {
    "name" : "parentSuite",
    "value" : "tests_ui"
  }, {
    "name" : "subSuite",
    "value" : "TestProfilePage"
  }, {
    "name" : "host",
    "value" : "pkrvmf6wy0o8zjz"
  }, {
    "name" : "thread",
    "value" : "2697-MainThread"
  }, {
    "name" : "framework",
    "value" : "pytest"
  }, {
    "name" : "language",
    "value" : "cpython3"
  }, {
    "name" : "package",
    "value" : "tests_ui.test_ui"
  }, {
    "name" : "resultFormat",
    "value" : "allure2"
  } ],
  "parameters" : [ ],
  "links" : [ ],
  "hidden" : false,
  "retry" : false,
  "extra" : {
    "severity" : "normal",
    "retries" : [ ],
    "categories" : [ {
      "name" : "Test defects",
      "matchedStatuses" : [ ],
      "flaky" : false
    } ],
    "history" : {
      "statistic" : {
        "failed" : 0,
        "broken" : 28,
        "skipped" : 0,
        "passed" : 170,
        "unknown" : 0,
        "total" : 198
      },
      "items" : [ {
        "uid" : "5365f8537fe4c79",
        "reportUrl" : "https://lambotik.github.io/Oblache/418//#testresult/5365f8537fe4c79",
        "status" : "broken",
        "statusDetails" : "selenium.common.exceptions.TimeoutException: Message: Can't find element by locator ('xpath', '//button[@id = \"menu_button_databases\"]')\nStacktrace:\n#0 0x55a0d113678a <unknown>\n#1 0x55a0d0bd90a0 <unknown>\n#2 0x55a0d0c2a9b0 <unknown>\n#3 0x55a0d0c2aba1 <unknown>\n#4 0x55a0d0c78ea4 <unknown>\n#5 0x55a0d0c503cd <unknown>\n#6 0x55a0d0c762a0 <unknown>\n#7 0x55a0d0c50173 <unknown>\n#8 0x55a0d0c1cd4b <unknown>\n#9 0x55a0d0c1d9b1 <unknown>\n#10 0x55a0d10fb93b <unknown>\n#11 0x55a0d10ff83a <unknown>\n#12 0x55a0d10e3692 <unknown>\n#13 0x55a0d11003c4 <unknown>\n#14 0x55a0d10c84cf <unknown>\n#15 0x55a0d1124568 <unknown>\n#16 0x55a0d1124746 <unknown>\n#17 0x55a0d11355f6 <unknown>\n#18 0x7fa03ea9caa4 <unknown>\n#19 0x7fa03eb29c3c <unknown>",
        "time" : {
          "start" : 1748571555623,
          "stop" : 1748571560755,
          "duration" : 5132
        }
      }, {
        "uid" : "8baa536583ab3b98",
        "reportUrl" : "https://lambotik.github.io/Oblache/417//#testresult/8baa536583ab3b98",
        "status" : "passed",
        "time" : {
          "start" : 1748481273814,
          "stop" : 1748481276612,
          "duration" : 2798
        }
      }, {
        "uid" : "f72033f5b0037250",
        "reportUrl" : "https://lambotik.github.io/Oblache/416//#testresult/f72033f5b0037250",
        "status" : "passed",
        "time" : {
          "start" : 1748394864348,
          "stop" : 1748394866359,
          "duration" : 2011
        }
      }, {
        "uid" : "3b54b7e56df3bbbe",
        "reportUrl" : "https://lambotik.github.io/Oblache/415//#testresult/3b54b7e56df3bbbe",
        "status" : "passed",
        "time" : {
          "start" : 1748308407227,
          "stop" : 1748308409216,
          "duration" : 1989
        }
      }, {
        "uid" : "fbe1ab0e22cfe0f9",
        "reportUrl" : "https://lambotik.github.io/Oblache/414//#testresult/fbe1ab0e22cfe0f9",
        "status" : "broken",
        "statusDetails" : "selenium.common.exceptions.TimeoutException: Message: Can't find elements by locator ('xpath', '//tbody[@id=\"tbody_dbs\"]//tr')",
        "time" : {
          "start" : 1748222124383,
          "stop" : 1748222130279,
          "duration" : 5896
        }
      }, {
        "uid" : "fdf636ad0feb875c",
        "reportUrl" : "https://lambotik.github.io/Oblache/413//#testresult/fdf636ad0feb875c",
        "status" : "broken",
        "statusDetails" : "selenium.common.exceptions.TimeoutException: Message: Can't find elements by locator ('xpath', '//tbody[@id=\"tbody_dbs\"]//tr')",
        "time" : {
          "start" : 1748136033532,
          "stop" : 1748136039591,
          "duration" : 6059
        }
      }, {
        "uid" : "3527f7a9e84e11d6",
        "reportUrl" : "https://lambotik.github.io/Oblache/412//#testresult/3527f7a9e84e11d6",
        "status" : "passed",
        "time" : {
          "start" : 1748049103379,
          "stop" : 1748049106073,
          "duration" : 2694
        }
      }, {
        "uid" : "cca253ce6e0d3c02",
        "reportUrl" : "https://lambotik.github.io/Oblache/411//#testresult/cca253ce6e0d3c02",
        "status" : "passed",
        "time" : {
          "start" : 1747962812865,
          "stop" : 1747962815571,
          "duration" : 2706
        }
      }, {
        "uid" : "3566bbed4fa4a2b7",
        "reportUrl" : "https://lambotik.github.io/Oblache/410//#testresult/3566bbed4fa4a2b7",
        "status" : "passed",
        "time" : {
          "start" : 1747876474755,
          "stop" : 1747876476937,
          "duration" : 2182
        }
      }, {
        "uid" : "95c43cb9d5bbe0c2",
        "reportUrl" : "https://lambotik.github.io/Oblache/409//#testresult/95c43cb9d5bbe0c2",
        "status" : "passed",
        "time" : {
          "start" : 1747790074335,
          "stop" : 1747790077109,
          "duration" : 2774
        }
      }, {
        "uid" : "6faac0dacdf797b",
        "reportUrl" : "https://lambotik.github.io/Oblache/408//#testresult/6faac0dacdf797b",
        "status" : "passed",
        "time" : {
          "start" : 1747703751838,
          "stop" : 1747703753934,
          "duration" : 2096
        }
      }, {
        "uid" : "84641272976c6191",
        "reportUrl" : "https://lambotik.github.io/Oblache/407//#testresult/84641272976c6191",
        "status" : "passed",
        "time" : {
          "start" : 1747617470212,
          "stop" : 1747617472289,
          "duration" : 2077
        }
      }, {
        "uid" : "61adf51e3661aa3f",
        "reportUrl" : "https://lambotik.github.io/Oblache/406//#testresult/61adf51e3661aa3f",
        "status" : "passed",
        "time" : {
          "start" : 1747531122747,
          "stop" : 1747531125053,
          "duration" : 2306
        }
      }, {
        "uid" : "f78caa642dba3c42",
        "reportUrl" : "https://lambotik.github.io/Oblache/405//#testresult/f78caa642dba3c42",
        "status" : "passed",
        "time" : {
          "start" : 1747444361245,
          "stop" : 1747444363516,
          "duration" : 2271
        }
      }, {
        "uid" : "277ef61caa9f6d7d",
        "reportUrl" : "https://lambotik.github.io/Oblache/404//#testresult/277ef61caa9f6d7d",
        "status" : "passed",
        "time" : {
          "start" : 1747358417074,
          "stop" : 1747358419220,
          "duration" : 2146
        }
      }, {
        "uid" : "72a9909448ee409f",
        "reportUrl" : "https://lambotik.github.io/Oblache/403//#testresult/72a9909448ee409f",
        "status" : "passed",
        "time" : {
          "start" : 1747271441833,
          "stop" : 1747271443908,
          "duration" : 2075
        }
      }, {
        "uid" : "f97b7f516d8f2e5a",
        "reportUrl" : "https://lambotik.github.io/Oblache/402//#testresult/f97b7f516d8f2e5a",
        "status" : "passed",
        "time" : {
          "start" : 1747185220278,
          "stop" : 1747185223011,
          "duration" : 2733
        }
      }, {
        "uid" : "8931ee41885b84c0",
        "reportUrl" : "https://lambotik.github.io/Oblache/401//#testresult/8931ee41885b84c0",
        "status" : "passed",
        "time" : {
          "start" : 1747098861226,
          "stop" : 1747098863463,
          "duration" : 2237
        }
      }, {
        "uid" : "1e62ef9ffedfec65",
        "reportUrl" : "https://lambotik.github.io/Oblache/400//#testresult/1e62ef9ffedfec65",
        "status" : "passed",
        "time" : {
          "start" : 1747012614466,
          "stop" : 1747012617083,
          "duration" : 2617
        }
      }, {
        "uid" : "2b3353e32878cb8d",
        "reportUrl" : "https://lambotik.github.io/Oblache/399//#testresult/2b3353e32878cb8d",
        "status" : "passed",
        "time" : {
          "start" : 1746926265175,
          "stop" : 1746926267986,
          "duration" : 2811
        }
      } ]
    },
    "tags" : [ ]
  },
  "source" : "d4eb6ffa648114f4.json",
  "parameterValues" : [ ]
}