{
  "uid" : "3988f08b648d9514",
  "name" : "test_clipboard_jdbc",
  "fullName" : "tests_ui.test_ui.TestProfilePage#test_clipboard_jdbc",
  "historyId" : "3c3bc2de59af179987e51569fc1d3309",
  "time" : {
    "start" : 1747271444818,
    "stop" : 1747271451427,
    "duration" : 6609
  },
  "status" : "broken",
  "statusMessage" : "selenium.common.exceptions.TimeoutException: Message: Can't find element by locator ('xpath', '//tbody[@id=\"tbody_dbs\"] /tr[1]/td[7] /button')\nStacktrace:\n#0 0x56534b65975a <unknown>\n#1 0x56534b10c4b0 <unknown>\n#2 0x56534b15d9b3 <unknown>\n#3 0x56534b15dba1 <unknown>\n#4 0x56534b1ac1f4 <unknown>\n#5 0x56534b1835bd <unknown>\n#6 0x56534b1a95e0 <unknown>\n#7 0x56534b183363 <unknown>\n#8 0x56534b14fd63 <unknown>\n#9 0x56534b1509c1 <unknown>\n#10 0x56534b61ea6b <unknown>\n#11 0x56534b622951 <unknown>\n#12 0x56534b606b62 <unknown>\n#13 0x56534b6234c4 <unknown>\n#14 0x56534b5eb13f <unknown>\n#15 0x56534b6476f8 <unknown>\n#16 0x56534b6478d6 <unknown>\n#17 0x56534b6585a6 <unknown>\n#18 0x7fd874c9caa4 <unknown>\n#19 0x7fd874d29c3c <unknown>",
  "statusTrace" : "self = <tests_ui.test_ui.TestProfilePage object at 0x7fe683713110>\ndriver = <selenium.webdriver.chrome.webdriver.WebDriver (session=\"6d7f95b7698d4f15588d5bee2d015392\")>\nauthorization_user = None\n\n    @allure.title('test_clipboard_jdbc')\n    def test_clipboard_jdbc(self, driver, authorization_user):\n        page = ProfilePage(driver, authorization_user)\n        page.click_button_databases()\n>       page.check_clipboard_jdbc(token=TestProfilePage.token)\n\ntests_ui/test_ui.py:107: \n_ _ _ _ _ _ _ _ _ _ _ _ _ _ _ _ _ _ _ _ _ _ _ _ _ _ _ _ _ _ _ _ _ _ _ _ _ _ _ _ \ntests_ui/profile_page.py:124: in check_clipboard_jdbc\n    button = self.element_is_visible((By.XPATH, '//tbody[@id=\"tbody_dbs\"] /tr[1]/td[7] /button'))\ntests_ui/base_page.py:33: in element_is_visible\n    self.go_to_element(self.element_is_present(locator))\ntests_ui/base_page.py:46: in element_is_present\n    return Wait(self.driver, self.timeout).until(\n_ _ _ _ _ _ _ _ _ _ _ _ _ _ _ _ _ _ _ _ _ _ _ _ _ _ _ _ _ _ _ _ _ _ _ _ _ _ _ _ \n\nself = <selenium.webdriver.support.wait.WebDriverWait (session=\"6d7f95b7698d4f15588d5bee2d015392\")>\nmethod = <function presence_of_element_located.<locals>._predicate at 0x7fe682dc4040>\nmessage = 'Can\\'t find element by locator (\\'xpath\\', \\'//tbody[@id=\"tbody_dbs\"] /tr[1]/td[7] /button\\')'\n\n    def until(self, method: Callable[[D], Union[Literal[False], T]], message: str = \"\") -> T:\n        \"\"\"Calls the method provided with the driver as an argument until the \\\n        return value does not evaluate to ``False``.\n    \n        :param method: callable(WebDriver)\n        :param message: optional message for :exc:`TimeoutException`\n        :returns: the result of the last call to `method`\n        :raises: :exc:`selenium.common.exceptions.TimeoutException` if timeout occurs\n        \"\"\"\n        screen = None\n        stacktrace = None\n    \n        end_time = time.monotonic() + self._timeout\n        while True:\n            try:\n                value = method(self._driver)\n                if value:\n                    return value\n            except self._ignored_exceptions as exc:\n                screen = getattr(exc, \"screen\", None)\n                stacktrace = getattr(exc, \"stacktrace\", None)\n            time.sleep(self._poll)\n            if time.monotonic() > end_time:\n                break\n>       raise TimeoutException(message, screen, stacktrace)\nE       selenium.common.exceptions.TimeoutException: Message: Can't find element by locator ('xpath', '//tbody[@id=\"tbody_dbs\"] /tr[1]/td[7] /button')\nE       Stacktrace:\nE       #0 0x56534b65975a <unknown>\nE       #1 0x56534b10c4b0 <unknown>\nE       #2 0x56534b15d9b3 <unknown>\nE       #3 0x56534b15dba1 <unknown>\nE       #4 0x56534b1ac1f4 <unknown>\nE       #5 0x56534b1835bd <unknown>\nE       #6 0x56534b1a95e0 <unknown>\nE       #7 0x56534b183363 <unknown>\nE       #8 0x56534b14fd63 <unknown>\nE       #9 0x56534b1509c1 <unknown>\nE       #10 0x56534b61ea6b <unknown>\nE       #11 0x56534b622951 <unknown>\nE       #12 0x56534b606b62 <unknown>\nE       #13 0x56534b6234c4 <unknown>\nE       #14 0x56534b5eb13f <unknown>\nE       #15 0x56534b6476f8 <unknown>\nE       #16 0x56534b6478d6 <unknown>\nE       #17 0x56534b6585a6 <unknown>\nE       #18 0x7fd874c9caa4 <unknown>\nE       #19 0x7fd874d29c3c <unknown>\n\n/opt/hostedtoolcache/Python/3.12.10/x64/lib/python3.12/site-packages/selenium/webdriver/support/wait.py:105: TimeoutException",
  "flaky" : false,
  "newFailed" : false,
  "beforeStages" : [ {
    "name" : "driver",
    "time" : {
      "start" : 1747271443971,
      "stop" : 1747271444317,
      "duration" : 346
    },
    "status" : "passed",
    "steps" : [ ],
    "attachments" : [ ],
    "parameters" : [ ],
    "stepsCount" : 0,
    "attachmentsCount" : 0,
    "shouldDisplayMessage" : false,
    "hasContent" : false
  }, {
    "name" : "authorization_user",
    "time" : {
      "start" : 1747271444317,
      "stop" : 1747271444817,
      "duration" : 500
    },
    "status" : "passed",
    "steps" : [ {
      "name" : "Open page: https://oblache.areso.pro/register.html",
      "time" : {
        "start" : 1747271444317,
        "stop" : 1747271444618,
        "duration" : 301
      },
      "status" : "passed",
      "steps" : [ ],
      "attachments" : [ ],
      "parameters" : [ ],
      "stepsCount" : 0,
      "attachmentsCount" : 0,
      "shouldDisplayMessage" : false,
      "hasContent" : false
    }, {
      "name" : "Login user",
      "time" : {
        "start" : 1747271444618,
        "stop" : 1747271444817,
        "duration" : 199
      },
      "status" : "passed",
      "steps" : [ {
        "name" : "Enter email.",
        "time" : {
          "start" : 1747271444618,
          "stop" : 1747271444680,
          "duration" : 62
        },
        "status" : "passed",
        "steps" : [ ],
        "attachments" : [ ],
        "parameters" : [ ],
        "stepsCount" : 0,
        "attachmentsCount" : 0,
        "shouldDisplayMessage" : false,
        "hasContent" : false
      }, {
        "name" : "Enter password.",
        "time" : {
          "start" : 1747271444680,
          "stop" : 1747271444724,
          "duration" : 44
        },
        "status" : "passed",
        "steps" : [ ],
        "attachments" : [ ],
        "parameters" : [ ],
        "stepsCount" : 0,
        "attachmentsCount" : 0,
        "shouldDisplayMessage" : false,
        "hasContent" : false
      }, {
        "name" : "Click button \"Login\"",
        "time" : {
          "start" : 1747271444724,
          "stop" : 1747271444815,
          "duration" : 91
        },
        "status" : "passed",
        "steps" : [ ],
        "attachments" : [ ],
        "parameters" : [ ],
        "stepsCount" : 0,
        "attachmentsCount" : 0,
        "shouldDisplayMessage" : false,
        "hasContent" : false
      }, {
        "name" : "Check url is present: https://oblache.areso.pro/register.html",
        "time" : {
          "start" : 1747271444815,
          "stop" : 1747271444817,
          "duration" : 2
        },
        "status" : "passed",
        "steps" : [ ],
        "attachments" : [ ],
        "parameters" : [ ],
        "stepsCount" : 0,
        "attachmentsCount" : 0,
        "shouldDisplayMessage" : false,
        "hasContent" : false
      } ],
      "attachments" : [ ],
      "parameters" : [ ],
      "stepsCount" : 4,
      "attachmentsCount" : 0,
      "shouldDisplayMessage" : false,
      "hasContent" : true
    } ],
    "attachments" : [ ],
    "parameters" : [ ],
    "stepsCount" : 6,
    "attachmentsCount" : 0,
    "shouldDisplayMessage" : false,
    "hasContent" : true
  } ],
  "testStage" : {
    "status" : "broken",
    "statusMessage" : "selenium.common.exceptions.TimeoutException: Message: Can't find element by locator ('xpath', '//tbody[@id=\"tbody_dbs\"] /tr[1]/td[7] /button')\nStacktrace:\n#0 0x56534b65975a <unknown>\n#1 0x56534b10c4b0 <unknown>\n#2 0x56534b15d9b3 <unknown>\n#3 0x56534b15dba1 <unknown>\n#4 0x56534b1ac1f4 <unknown>\n#5 0x56534b1835bd <unknown>\n#6 0x56534b1a95e0 <unknown>\n#7 0x56534b183363 <unknown>\n#8 0x56534b14fd63 <unknown>\n#9 0x56534b1509c1 <unknown>\n#10 0x56534b61ea6b <unknown>\n#11 0x56534b622951 <unknown>\n#12 0x56534b606b62 <unknown>\n#13 0x56534b6234c4 <unknown>\n#14 0x56534b5eb13f <unknown>\n#15 0x56534b6476f8 <unknown>\n#16 0x56534b6478d6 <unknown>\n#17 0x56534b6585a6 <unknown>\n#18 0x7fd874c9caa4 <unknown>\n#19 0x7fd874d29c3c <unknown>",
    "statusTrace" : "self = <tests_ui.test_ui.TestProfilePage object at 0x7fe683713110>\ndriver = <selenium.webdriver.chrome.webdriver.WebDriver (session=\"6d7f95b7698d4f15588d5bee2d015392\")>\nauthorization_user = None\n\n    @allure.title('test_clipboard_jdbc')\n    def test_clipboard_jdbc(self, driver, authorization_user):\n        page = ProfilePage(driver, authorization_user)\n        page.click_button_databases()\n>       page.check_clipboard_jdbc(token=TestProfilePage.token)\n\ntests_ui/test_ui.py:107: \n_ _ _ _ _ _ _ _ _ _ _ _ _ _ _ _ _ _ _ _ _ _ _ _ _ _ _ _ _ _ _ _ _ _ _ _ _ _ _ _ \ntests_ui/profile_page.py:124: in check_clipboard_jdbc\n    button = self.element_is_visible((By.XPATH, '//tbody[@id=\"tbody_dbs\"] /tr[1]/td[7] /button'))\ntests_ui/base_page.py:33: in element_is_visible\n    self.go_to_element(self.element_is_present(locator))\ntests_ui/base_page.py:46: in element_is_present\n    return Wait(self.driver, self.timeout).until(\n_ _ _ _ _ _ _ _ _ _ _ _ _ _ _ _ _ _ _ _ _ _ _ _ _ _ _ _ _ _ _ _ _ _ _ _ _ _ _ _ \n\nself = <selenium.webdriver.support.wait.WebDriverWait (session=\"6d7f95b7698d4f15588d5bee2d015392\")>\nmethod = <function presence_of_element_located.<locals>._predicate at 0x7fe682dc4040>\nmessage = 'Can\\'t find element by locator (\\'xpath\\', \\'//tbody[@id=\"tbody_dbs\"] /tr[1]/td[7] /button\\')'\n\n    def until(self, method: Callable[[D], Union[Literal[False], T]], message: str = \"\") -> T:\n        \"\"\"Calls the method provided with the driver as an argument until the \\\n        return value does not evaluate to ``False``.\n    \n        :param method: callable(WebDriver)\n        :param message: optional message for :exc:`TimeoutException`\n        :returns: the result of the last call to `method`\n        :raises: :exc:`selenium.common.exceptions.TimeoutException` if timeout occurs\n        \"\"\"\n        screen = None\n        stacktrace = None\n    \n        end_time = time.monotonic() + self._timeout\n        while True:\n            try:\n                value = method(self._driver)\n                if value:\n                    return value\n            except self._ignored_exceptions as exc:\n                screen = getattr(exc, \"screen\", None)\n                stacktrace = getattr(exc, \"stacktrace\", None)\n            time.sleep(self._poll)\n            if time.monotonic() > end_time:\n                break\n>       raise TimeoutException(message, screen, stacktrace)\nE       selenium.common.exceptions.TimeoutException: Message: Can't find element by locator ('xpath', '//tbody[@id=\"tbody_dbs\"] /tr[1]/td[7] /button')\nE       Stacktrace:\nE       #0 0x56534b65975a <unknown>\nE       #1 0x56534b10c4b0 <unknown>\nE       #2 0x56534b15d9b3 <unknown>\nE       #3 0x56534b15dba1 <unknown>\nE       #4 0x56534b1ac1f4 <unknown>\nE       #5 0x56534b1835bd <unknown>\nE       #6 0x56534b1a95e0 <unknown>\nE       #7 0x56534b183363 <unknown>\nE       #8 0x56534b14fd63 <unknown>\nE       #9 0x56534b1509c1 <unknown>\nE       #10 0x56534b61ea6b <unknown>\nE       #11 0x56534b622951 <unknown>\nE       #12 0x56534b606b62 <unknown>\nE       #13 0x56534b6234c4 <unknown>\nE       #14 0x56534b5eb13f <unknown>\nE       #15 0x56534b6476f8 <unknown>\nE       #16 0x56534b6478d6 <unknown>\nE       #17 0x56534b6585a6 <unknown>\nE       #18 0x7fd874c9caa4 <unknown>\nE       #19 0x7fd874d29c3c <unknown>\n\n/opt/hostedtoolcache/Python/3.12.10/x64/lib/python3.12/site-packages/selenium/webdriver/support/wait.py:105: TimeoutException",
    "steps" : [ {
      "name" : "Click \"Databases\" button.",
      "time" : {
        "start" : 1747271444818,
        "stop" : 1747271445667,
        "duration" : 849
      },
      "status" : "passed",
      "steps" : [ ],
      "attachments" : [ ],
      "parameters" : [ ],
      "stepsCount" : 0,
      "attachmentsCount" : 0,
      "shouldDisplayMessage" : false,
      "hasContent" : false
    } ],
    "attachments" : [ {
      "uid" : "c872784f21ce664b",
      "name" : "Screenshot 2025-05-15 01:10:51.543634",
      "source" : "c872784f21ce664b.png",
      "type" : "image/png",
      "size" : 135628
    } ],
    "parameters" : [ ],
    "stepsCount" : 1,
    "attachmentsCount" : 1,
    "shouldDisplayMessage" : true,
    "hasContent" : true
  },
  "afterStages" : [ {
    "name" : "driver::0",
    "time" : {
      "start" : 1747271451545,
      "stop" : 1747271451604,
      "duration" : 59
    },
    "status" : "passed",
    "steps" : [ ],
    "attachments" : [ ],
    "parameters" : [ ],
    "stepsCount" : 0,
    "attachmentsCount" : 0,
    "shouldDisplayMessage" : false,
    "hasContent" : false
  } ],
  "labels" : [ {
    "name" : "suite",
    "value" : "Test Profile Page."
  }, {
    "name" : "parentSuite",
    "value" : "tests_ui"
  }, {
    "name" : "subSuite",
    "value" : "TestProfilePage"
  }, {
    "name" : "host",
    "value" : "pkrvmberfyhpb9w"
  }, {
    "name" : "thread",
    "value" : "2553-MainThread"
  }, {
    "name" : "framework",
    "value" : "pytest"
  }, {
    "name" : "language",
    "value" : "cpython3"
  }, {
    "name" : "package",
    "value" : "tests_ui.test_ui"
  }, {
    "name" : "resultFormat",
    "value" : "allure2"
  } ],
  "parameters" : [ ],
  "links" : [ ],
  "hidden" : false,
  "retry" : false,
  "extra" : {
    "severity" : "normal",
    "retries" : [ ],
    "categories" : [ {
      "name" : "Test defects",
      "matchedStatuses" : [ ],
      "flaky" : false
    } ],
    "history" : {
      "statistic" : {
        "failed" : 0,
        "broken" : 182,
        "skipped" : 0,
        "passed" : 0,
        "unknown" : 0,
        "total" : 182
      },
      "items" : [ {
        "uid" : "7948c90675570efd",
        "reportUrl" : "https://lambotik.github.io/Oblache/402//#testresult/7948c90675570efd",
        "status" : "broken",
        "statusDetails" : "selenium.common.exceptions.TimeoutException: Message: Can't find element by locator ('xpath', '//tbody[@id=\"tbody_dbs\"] /tr[1]/td[7] /button')\nStacktrace:\n#0 0x55d06bfdd75a <unknown>\n#1 0x55d06ba904b0 <unknown>\n#2 0x55d06bae19b3 <unknown>\n#3 0x55d06bae1ba1 <unknown>\n#4 0x55d06bb301f4 <unknown>\n#5 0x55d06bb075bd <unknown>\n#6 0x55d06bb2d5e0 <unknown>\n#7 0x55d06bb07363 <unknown>\n#8 0x55d06bad3d63 <unknown>\n#9 0x55d06bad49c1 <unknown>\n#10 0x55d06bfa2a6b <unknown>\n#11 0x55d06bfa6951 <unknown>\n#12 0x55d06bf8ab62 <unknown>\n#13 0x55d06bfa74c4 <unknown>\n#14 0x55d06bf6f13f <unknown>\n#15 0x55d06bfcb6f8 <unknown>\n#16 0x55d06bfcb8d6 <unknown>\n#17 0x55d06bfdc5a6 <unknown>\n#18 0x7f0dea49caa4 <unknown>\n#19 0x7f0dea529c3c <unknown>",
        "time" : {
          "start" : 1747185224103,
          "stop" : 1747185231231,
          "duration" : 7128
        }
      }, {
        "uid" : "a79f5cac8980283e",
        "reportUrl" : "https://lambotik.github.io/Oblache/401//#testresult/a79f5cac8980283e",
        "status" : "broken",
        "statusDetails" : "selenium.common.exceptions.TimeoutException: Message: Can't find element by locator ('xpath', '//tbody[@id=\"tbody_dbs\"] /tr[1]/td[7] /button')\nStacktrace:\n#0 0x558d1709875a <unknown>\n#1 0x558d16b4b4b0 <unknown>\n#2 0x558d16b9c9b3 <unknown>\n#3 0x558d16b9cba1 <unknown>\n#4 0x558d16beb1f4 <unknown>\n#5 0x558d16bc25bd <unknown>\n#6 0x558d16be85e0 <unknown>\n#7 0x558d16bc2363 <unknown>\n#8 0x558d16b8ed63 <unknown>\n#9 0x558d16b8f9c1 <unknown>\n#10 0x558d1705da6b <unknown>\n#11 0x558d17061951 <unknown>\n#12 0x558d17045b62 <unknown>\n#13 0x558d170624c4 <unknown>\n#14 0x558d1702a13f <unknown>\n#15 0x558d170866f8 <unknown>\n#16 0x558d170868d6 <unknown>\n#17 0x558d170975a6 <unknown>\n#18 0x7f3ca489caa4 <unknown>\n#19 0x7f3ca4929c3c <unknown>",
        "time" : {
          "start" : 1747098864409,
          "stop" : 1747098871144,
          "duration" : 6735
        }
      }, {
        "uid" : "23099af6e9bb4cc7",
        "reportUrl" : "https://lambotik.github.io/Oblache/400//#testresult/23099af6e9bb4cc7",
        "status" : "broken",
        "statusDetails" : "selenium.common.exceptions.TimeoutException: Message: Can't find element by locator ('xpath', '//tbody[@id=\"tbody_dbs\"] /tr[1]/td[7] /button')\nStacktrace:\n#0 0x557f06f7475a <unknown>\n#1 0x557f06a274b0 <unknown>\n#2 0x557f06a789b3 <unknown>\n#3 0x557f06a78ba1 <unknown>\n#4 0x557f06ac71f4 <unknown>\n#5 0x557f06a9e5bd <unknown>\n#6 0x557f06ac45e0 <unknown>\n#7 0x557f06a9e363 <unknown>\n#8 0x557f06a6ad63 <unknown>\n#9 0x557f06a6b9c1 <unknown>\n#10 0x557f06f39a6b <unknown>\n#11 0x557f06f3d951 <unknown>\n#12 0x557f06f21b62 <unknown>\n#13 0x557f06f3e4c4 <unknown>\n#14 0x557f06f0613f <unknown>\n#15 0x557f06f626f8 <unknown>\n#16 0x557f06f628d6 <unknown>\n#17 0x557f06f735a6 <unknown>\n#18 0x7f9614c9caa4 <unknown>\n#19 0x7f9614d29c3c <unknown>",
        "time" : {
          "start" : 1747012618196,
          "stop" : 1747012625223,
          "duration" : 7027
        }
      }, {
        "uid" : "5138e205728bff5f",
        "reportUrl" : "https://lambotik.github.io/Oblache/399//#testresult/5138e205728bff5f",
        "status" : "broken",
        "statusDetails" : "selenium.common.exceptions.TimeoutException: Message: Can't find element by locator ('xpath', '//tbody[@id=\"tbody_dbs\"] /tr[1]/td[7] /button')\nStacktrace:\n#0 0x55b1b9ecd75a <unknown>\n#1 0x55b1b99804b0 <unknown>\n#2 0x55b1b99d19b3 <unknown>\n#3 0x55b1b99d1ba1 <unknown>\n#4 0x55b1b9a201f4 <unknown>\n#5 0x55b1b99f75bd <unknown>\n#6 0x55b1b9a1d5e0 <unknown>\n#7 0x55b1b99f7363 <unknown>\n#8 0x55b1b99c3d63 <unknown>\n#9 0x55b1b99c49c1 <unknown>\n#10 0x55b1b9e92a6b <unknown>\n#11 0x55b1b9e96951 <unknown>\n#12 0x55b1b9e7ab62 <unknown>\n#13 0x55b1b9e974c4 <unknown>\n#14 0x55b1b9e5f13f <unknown>\n#15 0x55b1b9ebb6f8 <unknown>\n#16 0x55b1b9ebb8d6 <unknown>\n#17 0x55b1b9ecc5a6 <unknown>\n#18 0x7f0a05e9caa4 <unknown>\n#19 0x7f0a05f29c3c <unknown>",
        "time" : {
          "start" : 1746926269058,
          "stop" : 1746926276179,
          "duration" : 7121
        }
      }, {
        "uid" : "bc8a1b5be8e01a20",
        "reportUrl" : "https://lambotik.github.io/Oblache/398//#testresult/bc8a1b5be8e01a20",
        "status" : "broken",
        "statusDetails" : "selenium.common.exceptions.TimeoutException: Message: Can't find elements by locator ('xpath', '//tbody[@id=\"tbody_dbs\"]/tr')",
        "time" : {
          "start" : 1746839432043,
          "stop" : 1746839437945,
          "duration" : 5902
        }
      }, {
        "uid" : "2e36a05064512fa",
        "reportUrl" : "https://lambotik.github.io/Oblache/397//#testresult/2e36a05064512fa",
        "status" : "broken",
        "statusDetails" : "selenium.common.exceptions.TimeoutException: Message: Can't find element by locator ('xpath', '//tbody[@id=\"tbody_dbs\"] /tr[1]/td[7] /button')\nStacktrace:\n#0 0x55c6a4c2075a <unknown>\n#1 0x55c6a46d34b0 <unknown>\n#2 0x55c6a47249b3 <unknown>\n#3 0x55c6a4724ba1 <unknown>\n#4 0x55c6a47731f4 <unknown>\n#5 0x55c6a474a5bd <unknown>\n#6 0x55c6a47705e0 <unknown>\n#7 0x55c6a474a363 <unknown>\n#8 0x55c6a4716d63 <unknown>\n#9 0x55c6a47179c1 <unknown>\n#10 0x55c6a4be5a6b <unknown>\n#11 0x55c6a4be9951 <unknown>\n#12 0x55c6a4bcdb62 <unknown>\n#13 0x55c6a4bea4c4 <unknown>\n#14 0x55c6a4bb213f <unknown>\n#15 0x55c6a4c0e6f8 <unknown>\n#16 0x55c6a4c0e8d6 <unknown>\n#17 0x55c6a4c1f5a6 <unknown>\n#18 0x7f085f49caa4 <unknown>\n#19 0x7f085f529c3c <unknown>",
        "time" : {
          "start" : 1746753211591,
          "stop" : 1746753218206,
          "duration" : 6615
        }
      }, {
        "uid" : "4b2027ce667ced6e",
        "reportUrl" : "https://lambotik.github.io/Oblache/396//#testresult/4b2027ce667ced6e",
        "status" : "broken",
        "statusDetails" : "selenium.common.exceptions.TimeoutException: Message: Can't find element by locator ('xpath', '//tbody[@id=\"tbody_dbs\"] /tr[1]/td[7] /button')\nStacktrace:\n#0 0x56274beca75a <unknown>\n#1 0x56274b97d4b0 <unknown>\n#2 0x56274b9ce9b3 <unknown>\n#3 0x56274b9ceba1 <unknown>\n#4 0x56274ba1d1f4 <unknown>\n#5 0x56274b9f45bd <unknown>\n#6 0x56274ba1a5e0 <unknown>\n#7 0x56274b9f4363 <unknown>\n#8 0x56274b9c0d63 <unknown>\n#9 0x56274b9c19c1 <unknown>\n#10 0x56274be8fa6b <unknown>\n#11 0x56274be93951 <unknown>\n#12 0x56274be77b62 <unknown>\n#13 0x56274be944c4 <unknown>\n#14 0x56274be5c13f <unknown>\n#15 0x56274beb86f8 <unknown>\n#16 0x56274beb88d6 <unknown>\n#17 0x56274bec95a6 <unknown>\n#18 0x7fb14d09caa4 <unknown>\n#19 0x7fb14d129c3c <unknown>",
        "time" : {
          "start" : 1746666884531,
          "stop" : 1746666891679,
          "duration" : 7148
        }
      }, {
        "uid" : "d8bebf40a5d8e441",
        "reportUrl" : "https://lambotik.github.io/Oblache/395//#testresult/d8bebf40a5d8e441",
        "status" : "broken",
        "statusDetails" : "selenium.common.exceptions.TimeoutException: Message: Can't find element by locator ('xpath', '//tbody[@id=\"tbody_dbs\"] /tr[1]/td[7] /button')\nStacktrace:\n#0 0x55cdbab3d75a <unknown>\n#1 0x55cdba5f04b0 <unknown>\n#2 0x55cdba6419b3 <unknown>\n#3 0x55cdba641ba1 <unknown>\n#4 0x55cdba6901f4 <unknown>\n#5 0x55cdba6675bd <unknown>\n#6 0x55cdba68d5e0 <unknown>\n#7 0x55cdba667363 <unknown>\n#8 0x55cdba633d63 <unknown>\n#9 0x55cdba6349c1 <unknown>\n#10 0x55cdbab02a6b <unknown>\n#11 0x55cdbab06951 <unknown>\n#12 0x55cdbaaeab62 <unknown>\n#13 0x55cdbab074c4 <unknown>\n#14 0x55cdbaacf13f <unknown>\n#15 0x55cdbab2b6f8 <unknown>\n#16 0x55cdbab2b8d6 <unknown>\n#17 0x55cdbab3c5a6 <unknown>\n#18 0x7f81ce29caa4 <unknown>\n#19 0x7f81ce329c3c <unknown>",
        "time" : {
          "start" : 1746580433929,
          "stop" : 1746580441048,
          "duration" : 7119
        }
      }, {
        "uid" : "8009c54fbc410264",
        "reportUrl" : "https://lambotik.github.io/Oblache/394//#testresult/8009c54fbc410264",
        "status" : "broken",
        "statusDetails" : "selenium.common.exceptions.TimeoutException: Message: Can't find element by locator ('xpath', '//tbody[@id=\"tbody_dbs\"] /tr[1]/td[7] /button')\nStacktrace:\n#0 0x5560e787675a <unknown>\n#1 0x5560e73294b0 <unknown>\n#2 0x5560e737a9b3 <unknown>\n#3 0x5560e737aba1 <unknown>\n#4 0x5560e73c91f4 <unknown>\n#5 0x5560e73a05bd <unknown>\n#6 0x5560e73c65e0 <unknown>\n#7 0x5560e73a0363 <unknown>\n#8 0x5560e736cd63 <unknown>\n#9 0x5560e736d9c1 <unknown>\n#10 0x5560e783ba6b <unknown>\n#11 0x5560e783f951 <unknown>\n#12 0x5560e7823b62 <unknown>\n#13 0x5560e78404c4 <unknown>\n#14 0x5560e780813f <unknown>\n#15 0x5560e78646f8 <unknown>\n#16 0x5560e78648d6 <unknown>\n#17 0x5560e78755a6 <unknown>\n#18 0x7fe48069caa4 <unknown>\n#19 0x7fe480729c3c <unknown>",
        "time" : {
          "start" : 1746493948794,
          "stop" : 1746493955420,
          "duration" : 6626
        }
      }, {
        "uid" : "68a5feee7c899896",
        "reportUrl" : "https://lambotik.github.io/Oblache/393//#testresult/68a5feee7c899896",
        "status" : "broken",
        "statusDetails" : "selenium.common.exceptions.TimeoutException: Message: Can't find elements by locator ('xpath', '//tbody[@id=\"tbody_dbs\"]/tr')",
        "time" : {
          "start" : 1746407722413,
          "stop" : 1746407728480,
          "duration" : 6067
        }
      }, {
        "uid" : "fc366d2e729b9686",
        "reportUrl" : "https://lambotik.github.io/Oblache/389//#testresult/fc366d2e729b9686",
        "status" : "broken",
        "statusDetails" : "selenium.common.exceptions.TimeoutException: Message: Can't find element by locator ('xpath', '//tbody[@id=\"tbody_dbs\"] /tr[1]/td[7] /button')\nStacktrace:\n#0 0x5586e0d7d75a <unknown>\n#1 0x5586e08304b0 <unknown>\n#2 0x5586e08819b3 <unknown>\n#3 0x5586e0881ba1 <unknown>\n#4 0x5586e08d01f4 <unknown>\n#5 0x5586e08a75bd <unknown>\n#6 0x5586e08cd5e0 <unknown>\n#7 0x5586e08a7363 <unknown>\n#8 0x5586e0873d63 <unknown>\n#9 0x5586e08749c1 <unknown>\n#10 0x5586e0d42a6b <unknown>\n#11 0x5586e0d46951 <unknown>\n#12 0x5586e0d2ab62 <unknown>\n#13 0x5586e0d474c4 <unknown>\n#14 0x5586e0d0f13f <unknown>\n#15 0x5586e0d6b6f8 <unknown>\n#16 0x5586e0d6b8d6 <unknown>\n#17 0x5586e0d7c5a6 <unknown>\n#18 0x7f2268a9caa4 <unknown>\n#19 0x7f2268b29c3c <unknown>",
        "time" : {
          "start" : 1746062301597,
          "stop" : 1746062308223,
          "duration" : 6626
        }
      }, {
        "uid" : "f9be5d3461eaeacc",
        "reportUrl" : "https://lambotik.github.io/Oblache/388//#testresult/f9be5d3461eaeacc",
        "status" : "broken",
        "statusDetails" : "selenium.common.exceptions.TimeoutException: Message: Can't find elements by locator ('xpath', '//tbody[@id=\"tbody_dbs\"]/tr')",
        "time" : {
          "start" : 1745975555209,
          "stop" : 1745975561131,
          "duration" : 5922
        }
      }, {
        "uid" : "93f6da909b465071",
        "reportUrl" : "https://lambotik.github.io/Oblache/387//#testresult/93f6da909b465071",
        "status" : "broken",
        "statusDetails" : "selenium.common.exceptions.TimeoutException: Message: Can't find element by locator ('xpath', '//tbody[@id=\"tbody_dbs\"] /tr[1]/td[7] /button')\nStacktrace:\n#0 0x55d998ebfcea <unknown>\n#1 0x55d9989705f0 <unknown>\n#2 0x55d9989c1a33 <unknown>\n#3 0x55d9989c1c21 <unknown>\n#4 0x55d998a10274 <unknown>\n#5 0x55d9989e768d <unknown>\n#6 0x55d998a0d660 <unknown>\n#7 0x55d9989e7433 <unknown>\n#8 0x55d9989b3ea3 <unknown>\n#9 0x55d9989b4b01 <unknown>\n#10 0x55d998e84b3b <unknown>\n#11 0x55d998e88a21 <unknown>\n#12 0x55d998e6bc32 <unknown>\n#13 0x55d998e89594 <unknown>\n#14 0x55d998e4feef <unknown>\n#15 0x55d998eadd98 <unknown>\n#16 0x55d998eadf76 <unknown>\n#17 0x55d998ebeb36 <unknown>\n#18 0x7f137d49caa4 <unknown>\n#19 0x7f137d529c3c <unknown>",
        "time" : {
          "start" : 1745889084540,
          "stop" : 1745889091295,
          "duration" : 6755
        }
      }, {
        "uid" : "9236ecc3e4fd3317",
        "reportUrl" : "https://lambotik.github.io/Oblache/386//#testresult/9236ecc3e4fd3317",
        "status" : "broken",
        "statusDetails" : "selenium.common.exceptions.TimeoutException: Message: Can't find element by locator ('xpath', '//tbody[@id=\"tbody_dbs\"] /tr[1]/td[7] /button')\nStacktrace:\n#0 0x55be2b48ccea <unknown>\n#1 0x55be2af3d5f0 <unknown>\n#2 0x55be2af8ea33 <unknown>\n#3 0x55be2af8ec21 <unknown>\n#4 0x55be2afdd274 <unknown>\n#5 0x55be2afb468d <unknown>\n#6 0x55be2afda660 <unknown>\n#7 0x55be2afb4433 <unknown>\n#8 0x55be2af80ea3 <unknown>\n#9 0x55be2af81b01 <unknown>\n#10 0x55be2b451b3b <unknown>\n#11 0x55be2b455a21 <unknown>\n#12 0x55be2b438c32 <unknown>\n#13 0x55be2b456594 <unknown>\n#14 0x55be2b41ceef <unknown>\n#15 0x55be2b47ad98 <unknown>\n#16 0x55be2b47af76 <unknown>\n#17 0x55be2b48bb36 <unknown>\n#18 0x7f1de289caa4 <unknown>\n#19 0x7f1de2929c3c <unknown>",
        "time" : {
          "start" : 1745802831170,
          "stop" : 1745802838349,
          "duration" : 7179
        }
      }, {
        "uid" : "7f2b289f577a2d19",
        "reportUrl" : "https://lambotik.github.io/Oblache/385//#testresult/7f2b289f577a2d19",
        "status" : "broken",
        "statusDetails" : "selenium.common.exceptions.TimeoutException: Message: Can't find element by locator ('xpath', '//tbody[@id=\"tbody_dbs\"] /tr[1]/td[7] /button')\nStacktrace:\n#0 0x55a432e58cea <unknown>\n#1 0x55a4329095f0 <unknown>\n#2 0x55a43295aa33 <unknown>\n#3 0x55a43295ac21 <unknown>\n#4 0x55a4329a9274 <unknown>\n#5 0x55a43298068d <unknown>\n#6 0x55a4329a6660 <unknown>\n#7 0x55a432980433 <unknown>\n#8 0x55a43294cea3 <unknown>\n#9 0x55a43294db01 <unknown>\n#10 0x55a432e1db3b <unknown>\n#11 0x55a432e21a21 <unknown>\n#12 0x55a432e04c32 <unknown>\n#13 0x55a432e22594 <unknown>\n#14 0x55a432de8eef <unknown>\n#15 0x55a432e46d98 <unknown>\n#16 0x55a432e46f76 <unknown>\n#17 0x55a432e57b36 <unknown>\n#18 0x7f4ef9c9caa4 <unknown>\n#19 0x7f4ef9d29c3c <unknown>",
        "time" : {
          "start" : 1745716599639,
          "stop" : 1745716606786,
          "duration" : 7147
        }
      }, {
        "uid" : "302c9bbb3c6a1be4",
        "reportUrl" : "https://lambotik.github.io/Oblache/384//#testresult/302c9bbb3c6a1be4",
        "status" : "broken",
        "statusDetails" : "selenium.common.exceptions.TimeoutException: Message: Can't find element by locator ('xpath', '//tbody[@id=\"tbody_dbs\"] /tr[1]/td[7] /button')\nStacktrace:\n#0 0x55cb0dd7ccea <unknown>\n#1 0x55cb0d82d5f0 <unknown>\n#2 0x55cb0d87ea33 <unknown>\n#3 0x55cb0d87ec21 <unknown>\n#4 0x55cb0d8cd274 <unknown>\n#5 0x55cb0d8a468d <unknown>\n#6 0x55cb0d8ca660 <unknown>\n#7 0x55cb0d8a4433 <unknown>\n#8 0x55cb0d870ea3 <unknown>\n#9 0x55cb0d871b01 <unknown>\n#10 0x55cb0dd41b3b <unknown>\n#11 0x55cb0dd45a21 <unknown>\n#12 0x55cb0dd28c32 <unknown>\n#13 0x55cb0dd46594 <unknown>\n#14 0x55cb0dd0ceef <unknown>\n#15 0x55cb0dd6ad98 <unknown>\n#16 0x55cb0dd6af76 <unknown>\n#17 0x55cb0dd7bb36 <unknown>\n#18 0x7ff4f229caa4 <unknown>\n#19 0x7ff4f2329c3c <unknown>",
        "time" : {
          "start" : 1745629770145,
          "stop" : 1745629776991,
          "duration" : 6846
        }
      }, {
        "uid" : "b318c495a63678c7",
        "reportUrl" : "https://lambotik.github.io/Oblache/383//#testresult/b318c495a63678c7",
        "status" : "broken",
        "statusDetails" : "selenium.common.exceptions.TimeoutException: Message: Can't find element by locator ('xpath', '//tbody[@id=\"tbody_dbs\"] /tr[1]/td[7] /button')\nStacktrace:\n#0 0x564bb0cfccea <unknown>\n#1 0x564bb07ad5f0 <unknown>\n#2 0x564bb07fea33 <unknown>\n#3 0x564bb07fec21 <unknown>\n#4 0x564bb084d274 <unknown>\n#5 0x564bb082468d <unknown>\n#6 0x564bb084a660 <unknown>\n#7 0x564bb0824433 <unknown>\n#8 0x564bb07f0ea3 <unknown>\n#9 0x564bb07f1b01 <unknown>\n#10 0x564bb0cc1b3b <unknown>\n#11 0x564bb0cc5a21 <unknown>\n#12 0x564bb0ca8c32 <unknown>\n#13 0x564bb0cc6594 <unknown>\n#14 0x564bb0c8ceef <unknown>\n#15 0x564bb0cead98 <unknown>\n#16 0x564bb0ceaf76 <unknown>\n#17 0x564bb0cfbb36 <unknown>\n#18 0x7f389a09caa4 <unknown>\n#19 0x7f389a129c3c <unknown>",
        "time" : {
          "start" : 1745543493576,
          "stop" : 1745543500766,
          "duration" : 7190
        }
      }, {
        "uid" : "8df27172f30e4b23",
        "reportUrl" : "https://lambotik.github.io/Oblache/382//#testresult/8df27172f30e4b23",
        "status" : "broken",
        "statusDetails" : "selenium.common.exceptions.TimeoutException: Message: Can't find element by locator ('xpath', '//tbody[@id=\"tbody_dbs\"] /tr[1]/td[7] /button')\nStacktrace:\n#0 0x562b26471cea <unknown>\n#1 0x562b25f225f0 <unknown>\n#2 0x562b25f73a33 <unknown>\n#3 0x562b25f73c21 <unknown>\n#4 0x562b25fc2274 <unknown>\n#5 0x562b25f9968d <unknown>\n#6 0x562b25fbf660 <unknown>\n#7 0x562b25f99433 <unknown>\n#8 0x562b25f65ea3 <unknown>\n#9 0x562b25f66b01 <unknown>\n#10 0x562b26436b3b <unknown>\n#11 0x562b2643aa21 <unknown>\n#12 0x562b2641dc32 <unknown>\n#13 0x562b2643b594 <unknown>\n#14 0x562b26401eef <unknown>\n#15 0x562b2645fd98 <unknown>\n#16 0x562b2645ff76 <unknown>\n#17 0x562b26470b36 <unknown>\n#18 0x7fc39589caa4 <unknown>\n#19 0x7fc395929c3c <unknown>",
        "time" : {
          "start" : 1745457103800,
          "stop" : 1745457110562,
          "duration" : 6762
        }
      }, {
        "uid" : "72d12c805a52dfc6",
        "reportUrl" : "https://lambotik.github.io/Oblache/381//#testresult/72d12c805a52dfc6",
        "status" : "broken",
        "statusDetails" : "selenium.common.exceptions.TimeoutException: Message: Can't find element by locator ('xpath', '//tbody[@id=\"tbody_dbs\"] /tr[1]/td[7] /button')\nStacktrace:\n#0 0x55b42b11dd0a <unknown>\n#1 0x55b42abce5f0 <unknown>\n#2 0x55b42ac1fa33 <unknown>\n#3 0x55b42ac1fc21 <unknown>\n#4 0x55b42ac6e274 <unknown>\n#5 0x55b42ac4568d <unknown>\n#6 0x55b42ac6b660 <unknown>\n#7 0x55b42ac45433 <unknown>\n#8 0x55b42ac11ea3 <unknown>\n#9 0x55b42ac12b01 <unknown>\n#10 0x55b42b0e2b5b <unknown>\n#11 0x55b42b0e6a41 <unknown>\n#12 0x55b42b0c9c52 <unknown>\n#13 0x55b42b0e75b4 <unknown>\n#14 0x55b42b0adf0f <unknown>\n#15 0x55b42b10bdb8 <unknown>\n#16 0x55b42b10bf96 <unknown>\n#17 0x55b42b11cb56 <unknown>\n#18 0x7fc30a89caa4 <unknown>\n#19 0x7fc30a929c3c <unknown>",
        "time" : {
          "start" : 1745370730028,
          "stop" : 1745370736618,
          "duration" : 6590
        }
      }, {
        "uid" : "4b4421f20811c88d",
        "reportUrl" : "https://lambotik.github.io/Oblache/380//#testresult/4b4421f20811c88d",
        "status" : "broken",
        "statusDetails" : "selenium.common.exceptions.TimeoutException: Message: Can't find element by locator ('xpath', '//tbody[@id=\"tbody_dbs\"] /tr[1]/td[7] /button')\nStacktrace:\n#0 0x5640a336fcea <unknown>\n#1 0x5640a2e205f0 <unknown>\n#2 0x5640a2e71a33 <unknown>\n#3 0x5640a2e71c21 <unknown>\n#4 0x5640a2ec0274 <unknown>\n#5 0x5640a2e9768d <unknown>\n#6 0x5640a2ebd660 <unknown>\n#7 0x5640a2e97433 <unknown>\n#8 0x5640a2e63ea3 <unknown>\n#9 0x5640a2e64b01 <unknown>\n#10 0x5640a3334b3b <unknown>\n#11 0x5640a3338a21 <unknown>\n#12 0x5640a331bc32 <unknown>\n#13 0x5640a3339594 <unknown>\n#14 0x5640a32ffeef <unknown>\n#15 0x5640a335dd98 <unknown>\n#16 0x5640a335df76 <unknown>\n#17 0x5640a336eb36 <unknown>\n#18 0x7f318949caa4 <unknown>\n#19 0x7f3189529c3c <unknown>",
        "time" : {
          "start" : 1745284316124,
          "stop" : 1745284323267,
          "duration" : 7143
        }
      } ]
    },
    "tags" : [ ]
  },
  "source" : "3988f08b648d9514.json",
  "parameterValues" : [ ]
}