{
  "uid" : "82550332a387afc8",
  "name" : "test_clipboard_uuid_docker",
  "fullName" : "tests_ui.test_ui.TestProfilePage#test_clipboard_uuid_docker",
  "historyId" : "11f91f43cfea2a231aececf29c7ed302",
  "time" : {
    "start" : 1747271452459,
    "stop" : 1747271458450,
    "duration" : 5991
  },
  "status" : "broken",
  "statusMessage" : "selenium.common.exceptions.TimeoutException: Message: Can't find element by locator ('xpath', '//table[@id=\"table_containers\"] //tr[1]/td[3] /button')\nStacktrace:\n#0 0x56080be1575a <unknown>\n#1 0x56080b8c84b0 <unknown>\n#2 0x56080b9199b3 <unknown>\n#3 0x56080b919ba1 <unknown>\n#4 0x56080b9681f4 <unknown>\n#5 0x56080b93f5bd <unknown>\n#6 0x56080b9655e0 <unknown>\n#7 0x56080b93f363 <unknown>\n#8 0x56080b90bd63 <unknown>\n#9 0x56080b90c9c1 <unknown>\n#10 0x56080bddaa6b <unknown>\n#11 0x56080bdde951 <unknown>\n#12 0x56080bdc2b62 <unknown>\n#13 0x56080bddf4c4 <unknown>\n#14 0x56080bda713f <unknown>\n#15 0x56080be036f8 <unknown>\n#16 0x56080be038d6 <unknown>\n#17 0x56080be145a6 <unknown>\n#18 0x7fa29589caa4 <unknown>\n#19 0x7fa295929c3c <unknown>",
  "statusTrace" : "self = <tests_ui.test_ui.TestProfilePage object at 0x7fe683713260>\ndriver = <selenium.webdriver.chrome.webdriver.WebDriver (session=\"c72fc846a859602d1745827752abb783\")>\nauthorization_user = None\n\n    @allure.title('test_clipboard_uuid_docker')\n    def test_clipboard_uuid_docker(self, driver, authorization_user):\n        page = ProfilePage(driver, authorization_user)\n        page.click_button_docker_containers()\n>       page.check_clipboard(\n            table_xpath='//table[@id=\"table_containers\"]',\n            token=TestProfilePage.token)\n\ntests_ui/test_ui.py:113: \n_ _ _ _ _ _ _ _ _ _ _ _ _ _ _ _ _ _ _ _ _ _ _ _ _ _ _ _ _ _ _ _ _ _ _ _ _ _ _ _ \ntests_ui/profile_page.py:100: in check_clipboard\n    button = self.element_is_visible((By.XPATH, f'{table_xpath} //tr[1]/td[3] /button'))\ntests_ui/base_page.py:33: in element_is_visible\n    self.go_to_element(self.element_is_present(locator))\ntests_ui/base_page.py:46: in element_is_present\n    return Wait(self.driver, self.timeout).until(\n_ _ _ _ _ _ _ _ _ _ _ _ _ _ _ _ _ _ _ _ _ _ _ _ _ _ _ _ _ _ _ _ _ _ _ _ _ _ _ _ \n\nself = <selenium.webdriver.support.wait.WebDriverWait (session=\"c72fc846a859602d1745827752abb783\")>\nmethod = <function presence_of_element_located.<locals>._predicate at 0x7fe682dc45e0>\nmessage = 'Can\\'t find element by locator (\\'xpath\\', \\'//table[@id=\"table_containers\"] //tr[1]/td[3] /button\\')'\n\n    def until(self, method: Callable[[D], Union[Literal[False], T]], message: str = \"\") -> T:\n        \"\"\"Calls the method provided with the driver as an argument until the \\\n        return value does not evaluate to ``False``.\n    \n        :param method: callable(WebDriver)\n        :param message: optional message for :exc:`TimeoutException`\n        :returns: the result of the last call to `method`\n        :raises: :exc:`selenium.common.exceptions.TimeoutException` if timeout occurs\n        \"\"\"\n        screen = None\n        stacktrace = None\n    \n        end_time = time.monotonic() + self._timeout\n        while True:\n            try:\n                value = method(self._driver)\n                if value:\n                    return value\n            except self._ignored_exceptions as exc:\n                screen = getattr(exc, \"screen\", None)\n                stacktrace = getattr(exc, \"stacktrace\", None)\n            time.sleep(self._poll)\n            if time.monotonic() > end_time:\n                break\n>       raise TimeoutException(message, screen, stacktrace)\nE       selenium.common.exceptions.TimeoutException: Message: Can't find element by locator ('xpath', '//table[@id=\"table_containers\"] //tr[1]/td[3] /button')\nE       Stacktrace:\nE       #0 0x56080be1575a <unknown>\nE       #1 0x56080b8c84b0 <unknown>\nE       #2 0x56080b9199b3 <unknown>\nE       #3 0x56080b919ba1 <unknown>\nE       #4 0x56080b9681f4 <unknown>\nE       #5 0x56080b93f5bd <unknown>\nE       #6 0x56080b9655e0 <unknown>\nE       #7 0x56080b93f363 <unknown>\nE       #8 0x56080b90bd63 <unknown>\nE       #9 0x56080b90c9c1 <unknown>\nE       #10 0x56080bddaa6b <unknown>\nE       #11 0x56080bdde951 <unknown>\nE       #12 0x56080bdc2b62 <unknown>\nE       #13 0x56080bddf4c4 <unknown>\nE       #14 0x56080bda713f <unknown>\nE       #15 0x56080be036f8 <unknown>\nE       #16 0x56080be038d6 <unknown>\nE       #17 0x56080be145a6 <unknown>\nE       #18 0x7fa29589caa4 <unknown>\nE       #19 0x7fa295929c3c <unknown>\n\n/opt/hostedtoolcache/Python/3.12.10/x64/lib/python3.12/site-packages/selenium/webdriver/support/wait.py:105: TimeoutException",
  "flaky" : false,
  "newFailed" : false,
  "beforeStages" : [ {
    "name" : "authorization_user",
    "time" : {
      "start" : 1747271451948,
      "stop" : 1747271452459,
      "duration" : 511
    },
    "status" : "passed",
    "steps" : [ {
      "name" : "Open page: https://oblache.areso.pro/register.html",
      "time" : {
        "start" : 1747271451948,
        "stop" : 1747271452253,
        "duration" : 305
      },
      "status" : "passed",
      "steps" : [ ],
      "attachments" : [ ],
      "parameters" : [ ],
      "stepsCount" : 0,
      "attachmentsCount" : 0,
      "shouldDisplayMessage" : false,
      "hasContent" : false
    }, {
      "name" : "Login user",
      "time" : {
        "start" : 1747271452253,
        "stop" : 1747271452459,
        "duration" : 206
      },
      "status" : "passed",
      "steps" : [ {
        "name" : "Enter email.",
        "time" : {
          "start" : 1747271452253,
          "stop" : 1747271452316,
          "duration" : 63
        },
        "status" : "passed",
        "steps" : [ ],
        "attachments" : [ ],
        "parameters" : [ ],
        "stepsCount" : 0,
        "attachmentsCount" : 0,
        "shouldDisplayMessage" : false,
        "hasContent" : false
      }, {
        "name" : "Enter password.",
        "time" : {
          "start" : 1747271452317,
          "stop" : 1747271452364,
          "duration" : 47
        },
        "status" : "passed",
        "steps" : [ ],
        "attachments" : [ ],
        "parameters" : [ ],
        "stepsCount" : 0,
        "attachmentsCount" : 0,
        "shouldDisplayMessage" : false,
        "hasContent" : false
      }, {
        "name" : "Click button \"Login\"",
        "time" : {
          "start" : 1747271452364,
          "stop" : 1747271452456,
          "duration" : 92
        },
        "status" : "passed",
        "steps" : [ ],
        "attachments" : [ ],
        "parameters" : [ ],
        "stepsCount" : 0,
        "attachmentsCount" : 0,
        "shouldDisplayMessage" : false,
        "hasContent" : false
      }, {
        "name" : "Check url is present: https://oblache.areso.pro/register.html",
        "time" : {
          "start" : 1747271452456,
          "stop" : 1747271452459,
          "duration" : 3
        },
        "status" : "passed",
        "steps" : [ ],
        "attachments" : [ ],
        "parameters" : [ ],
        "stepsCount" : 0,
        "attachmentsCount" : 0,
        "shouldDisplayMessage" : false,
        "hasContent" : false
      } ],
      "attachments" : [ ],
      "parameters" : [ ],
      "stepsCount" : 4,
      "attachmentsCount" : 0,
      "shouldDisplayMessage" : false,
      "hasContent" : true
    } ],
    "attachments" : [ ],
    "parameters" : [ ],
    "stepsCount" : 6,
    "attachmentsCount" : 0,
    "shouldDisplayMessage" : false,
    "hasContent" : true
  }, {
    "name" : "driver",
    "time" : {
      "start" : 1747271451606,
      "stop" : 1747271451948,
      "duration" : 342
    },
    "status" : "passed",
    "steps" : [ ],
    "attachments" : [ ],
    "parameters" : [ ],
    "stepsCount" : 0,
    "attachmentsCount" : 0,
    "shouldDisplayMessage" : false,
    "hasContent" : false
  } ],
  "testStage" : {
    "status" : "broken",
    "statusMessage" : "selenium.common.exceptions.TimeoutException: Message: Can't find element by locator ('xpath', '//table[@id=\"table_containers\"] //tr[1]/td[3] /button')\nStacktrace:\n#0 0x56080be1575a <unknown>\n#1 0x56080b8c84b0 <unknown>\n#2 0x56080b9199b3 <unknown>\n#3 0x56080b919ba1 <unknown>\n#4 0x56080b9681f4 <unknown>\n#5 0x56080b93f5bd <unknown>\n#6 0x56080b9655e0 <unknown>\n#7 0x56080b93f363 <unknown>\n#8 0x56080b90bd63 <unknown>\n#9 0x56080b90c9c1 <unknown>\n#10 0x56080bddaa6b <unknown>\n#11 0x56080bdde951 <unknown>\n#12 0x56080bdc2b62 <unknown>\n#13 0x56080bddf4c4 <unknown>\n#14 0x56080bda713f <unknown>\n#15 0x56080be036f8 <unknown>\n#16 0x56080be038d6 <unknown>\n#17 0x56080be145a6 <unknown>\n#18 0x7fa29589caa4 <unknown>\n#19 0x7fa295929c3c <unknown>",
    "statusTrace" : "self = <tests_ui.test_ui.TestProfilePage object at 0x7fe683713260>\ndriver = <selenium.webdriver.chrome.webdriver.WebDriver (session=\"c72fc846a859602d1745827752abb783\")>\nauthorization_user = None\n\n    @allure.title('test_clipboard_uuid_docker')\n    def test_clipboard_uuid_docker(self, driver, authorization_user):\n        page = ProfilePage(driver, authorization_user)\n        page.click_button_docker_containers()\n>       page.check_clipboard(\n            table_xpath='//table[@id=\"table_containers\"]',\n            token=TestProfilePage.token)\n\ntests_ui/test_ui.py:113: \n_ _ _ _ _ _ _ _ _ _ _ _ _ _ _ _ _ _ _ _ _ _ _ _ _ _ _ _ _ _ _ _ _ _ _ _ _ _ _ _ \ntests_ui/profile_page.py:100: in check_clipboard\n    button = self.element_is_visible((By.XPATH, f'{table_xpath} //tr[1]/td[3] /button'))\ntests_ui/base_page.py:33: in element_is_visible\n    self.go_to_element(self.element_is_present(locator))\ntests_ui/base_page.py:46: in element_is_present\n    return Wait(self.driver, self.timeout).until(\n_ _ _ _ _ _ _ _ _ _ _ _ _ _ _ _ _ _ _ _ _ _ _ _ _ _ _ _ _ _ _ _ _ _ _ _ _ _ _ _ \n\nself = <selenium.webdriver.support.wait.WebDriverWait (session=\"c72fc846a859602d1745827752abb783\")>\nmethod = <function presence_of_element_located.<locals>._predicate at 0x7fe682dc45e0>\nmessage = 'Can\\'t find element by locator (\\'xpath\\', \\'//table[@id=\"table_containers\"] //tr[1]/td[3] /button\\')'\n\n    def until(self, method: Callable[[D], Union[Literal[False], T]], message: str = \"\") -> T:\n        \"\"\"Calls the method provided with the driver as an argument until the \\\n        return value does not evaluate to ``False``.\n    \n        :param method: callable(WebDriver)\n        :param message: optional message for :exc:`TimeoutException`\n        :returns: the result of the last call to `method`\n        :raises: :exc:`selenium.common.exceptions.TimeoutException` if timeout occurs\n        \"\"\"\n        screen = None\n        stacktrace = None\n    \n        end_time = time.monotonic() + self._timeout\n        while True:\n            try:\n                value = method(self._driver)\n                if value:\n                    return value\n            except self._ignored_exceptions as exc:\n                screen = getattr(exc, \"screen\", None)\n                stacktrace = getattr(exc, \"stacktrace\", None)\n            time.sleep(self._poll)\n            if time.monotonic() > end_time:\n                break\n>       raise TimeoutException(message, screen, stacktrace)\nE       selenium.common.exceptions.TimeoutException: Message: Can't find element by locator ('xpath', '//table[@id=\"table_containers\"] //tr[1]/td[3] /button')\nE       Stacktrace:\nE       #0 0x56080be1575a <unknown>\nE       #1 0x56080b8c84b0 <unknown>\nE       #2 0x56080b9199b3 <unknown>\nE       #3 0x56080b919ba1 <unknown>\nE       #4 0x56080b9681f4 <unknown>\nE       #5 0x56080b93f5bd <unknown>\nE       #6 0x56080b9655e0 <unknown>\nE       #7 0x56080b93f363 <unknown>\nE       #8 0x56080b90bd63 <unknown>\nE       #9 0x56080b90c9c1 <unknown>\nE       #10 0x56080bddaa6b <unknown>\nE       #11 0x56080bdde951 <unknown>\nE       #12 0x56080bdc2b62 <unknown>\nE       #13 0x56080bddf4c4 <unknown>\nE       #14 0x56080bda713f <unknown>\nE       #15 0x56080be036f8 <unknown>\nE       #16 0x56080be038d6 <unknown>\nE       #17 0x56080be145a6 <unknown>\nE       #18 0x7fa29589caa4 <unknown>\nE       #19 0x7fa295929c3c <unknown>\n\n/opt/hostedtoolcache/Python/3.12.10/x64/lib/python3.12/site-packages/selenium/webdriver/support/wait.py:105: TimeoutException",
    "steps" : [ {
      "name" : "Click \"Docker containers\" button.",
      "time" : {
        "start" : 1747271452459,
        "stop" : 1747271453298,
        "duration" : 839
      },
      "status" : "passed",
      "steps" : [ ],
      "attachments" : [ ],
      "parameters" : [ ],
      "stepsCount" : 0,
      "attachmentsCount" : 0,
      "shouldDisplayMessage" : false,
      "hasContent" : false
    }, {
      "name" : "Check clipboard",
      "time" : {
        "start" : 1747271453298,
        "stop" : 1747271458449,
        "duration" : 5151
      },
      "status" : "broken",
      "statusMessage" : "selenium.common.exceptions.TimeoutException: Message: Can't find element by locator ('xpath', '//table[@id=\"table_containers\"] //tr[1]/td[3] /button')\nStacktrace:\n#0 0x56080be1575a <unknown>\n#1 0x56080b8c84b0 <unknown>\n#2 0x56080b9199b3 <unknown>\n#3 0x56080b919ba1 <unknown>\n#4 0x56080b9681f4 <unknown>\n#5 0x56080b93f5bd <unknown>\n#6 0x56080b9655e0 <unknown>\n#7 0x56080b93f363 <unknown>\n#8 0x56080b90bd63 <unknown>\n#9 0x56080b90c9c1 <unknown>\n#10 0x56080bddaa6b <unknown>\n#11 0x56080bdde951 <unknown>\n#12 0x56080bdc2b62 <unknown>\n#13 0x56080bddf4c4 <unknown>\n#14 0x56080bda713f <unknown>\n#15 0x56080be036f8 <unknown>\n#16 0x56080be038d6 <unknown>\n#17 0x56080be145a6 <unknown>\n#18 0x7fa29589caa4 <unknown>\n#19 0x7fa295929c3c <unknown>\n\n",
      "statusTrace" : "  File \"/opt/hostedtoolcache/Python/3.12.10/x64/lib/python3.12/site-packages/allure_commons/_allure.py\", line 192, in impl\n    return func(*a, **kw)\n           ^^^^^^^^^^^^^^\n  File \"/home/runner/work/Oblache/Oblache/tests_ui/profile_page.py\", line 100, in check_clipboard\n    button = self.element_is_visible((By.XPATH, f'{table_xpath} //tr[1]/td[3] /button'))\n             ^^^^^^^^^^^^^^^^^^^^^^^^^^^^^^^^^^^^^^^^^^^^^^^^^^^^^^^^^^^^^^^^^^^^^^^^^^^\n  File \"/home/runner/work/Oblache/Oblache/tests_ui/base_page.py\", line 33, in element_is_visible\n    self.go_to_element(self.element_is_present(locator))\n                       ^^^^^^^^^^^^^^^^^^^^^^^^^^^^^^^^\n  File \"/home/runner/work/Oblache/Oblache/tests_ui/base_page.py\", line 46, in element_is_present\n    return Wait(self.driver, self.timeout).until(\n           ^^^^^^^^^^^^^^^^^^^^^^^^^^^^^^^^^^^^^^\n  File \"/opt/hostedtoolcache/Python/3.12.10/x64/lib/python3.12/site-packages/selenium/webdriver/support/wait.py\", line 105, in until\n    raise TimeoutException(message, screen, stacktrace)\n",
      "steps" : [ ],
      "attachments" : [ ],
      "parameters" : [ {
        "name" : "table_xpath",
        "value" : "'//table[@id=\"table_containers\"]'"
      }, {
        "name" : "token",
        "value" : "'72661257-1f6f-4e97-8f85-2c0386634897'"
      } ],
      "stepsCount" : 0,
      "attachmentsCount" : 0,
      "shouldDisplayMessage" : true,
      "hasContent" : true
    } ],
    "attachments" : [ {
      "uid" : "143a00e7f74f52b4",
      "name" : "Screenshot 2025-05-15 01:10:58.550869",
      "source" : "143a00e7f74f52b4.png",
      "type" : "image/png",
      "size" : 30384
    } ],
    "parameters" : [ ],
    "stepsCount" : 2,
    "attachmentsCount" : 1,
    "shouldDisplayMessage" : true,
    "hasContent" : true
  },
  "afterStages" : [ {
    "name" : "driver::0",
    "time" : {
      "start" : 1747271458552,
      "stop" : 1747271458611,
      "duration" : 59
    },
    "status" : "passed",
    "steps" : [ ],
    "attachments" : [ ],
    "parameters" : [ ],
    "stepsCount" : 0,
    "attachmentsCount" : 0,
    "shouldDisplayMessage" : false,
    "hasContent" : false
  } ],
  "labels" : [ {
    "name" : "suite",
    "value" : "Test Profile Page."
  }, {
    "name" : "parentSuite",
    "value" : "tests_ui"
  }, {
    "name" : "subSuite",
    "value" : "TestProfilePage"
  }, {
    "name" : "host",
    "value" : "pkrvmberfyhpb9w"
  }, {
    "name" : "thread",
    "value" : "2553-MainThread"
  }, {
    "name" : "framework",
    "value" : "pytest"
  }, {
    "name" : "language",
    "value" : "cpython3"
  }, {
    "name" : "package",
    "value" : "tests_ui.test_ui"
  }, {
    "name" : "resultFormat",
    "value" : "allure2"
  } ],
  "parameters" : [ ],
  "links" : [ ],
  "hidden" : false,
  "retry" : false,
  "extra" : {
    "severity" : "normal",
    "retries" : [ ],
    "categories" : [ {
      "name" : "Test defects",
      "matchedStatuses" : [ ],
      "flaky" : false
    } ],
    "history" : {
      "statistic" : {
        "failed" : 0,
        "broken" : 25,
        "skipped" : 0,
        "passed" : 157,
        "unknown" : 0,
        "total" : 182
      },
      "items" : [ {
        "uid" : "74741fbdabf12c33",
        "reportUrl" : "https://lambotik.github.io/Oblache/402//#testresult/74741fbdabf12c33",
        "status" : "passed",
        "time" : {
          "start" : 1747185232440,
          "stop" : 1747185235773,
          "duration" : 3333
        }
      }, {
        "uid" : "680e888dcf5db825",
        "reportUrl" : "https://lambotik.github.io/Oblache/401//#testresult/680e888dcf5db825",
        "status" : "passed",
        "time" : {
          "start" : 1747098872204,
          "stop" : 1747098874993,
          "duration" : 2789
        }
      }, {
        "uid" : "483b69a6443fc502",
        "reportUrl" : "https://lambotik.github.io/Oblache/400//#testresult/483b69a6443fc502",
        "status" : "passed",
        "time" : {
          "start" : 1747012626377,
          "stop" : 1747012629535,
          "duration" : 3158
        }
      }, {
        "uid" : "c49ee95cb84b9020",
        "reportUrl" : "https://lambotik.github.io/Oblache/399//#testresult/c49ee95cb84b9020",
        "status" : "passed",
        "time" : {
          "start" : 1746926277389,
          "stop" : 1746926280681,
          "duration" : 3292
        }
      }, {
        "uid" : "edd96e6964a1ceba",
        "reportUrl" : "https://lambotik.github.io/Oblache/398//#testresult/edd96e6964a1ceba",
        "status" : "broken",
        "statusDetails" : "selenium.common.exceptions.TimeoutException: Message: Can't find element by locator ('xpath', '//table[@id=\"table_containers\"] //tr[1]/td[3] /button')\nStacktrace:\n#0 0x55ac60dbf75a <unknown>\n#1 0x55ac608724b0 <unknown>\n#2 0x55ac608c39b3 <unknown>\n#3 0x55ac608c3ba1 <unknown>\n#4 0x55ac609121f4 <unknown>\n#5 0x55ac608e95bd <unknown>\n#6 0x55ac6090f5e0 <unknown>\n#7 0x55ac608e9363 <unknown>\n#8 0x55ac608b5d63 <unknown>\n#9 0x55ac608b69c1 <unknown>\n#10 0x55ac60d84a6b <unknown>\n#11 0x55ac60d88951 <unknown>\n#12 0x55ac60d6cb62 <unknown>\n#13 0x55ac60d894c4 <unknown>\n#14 0x55ac60d5113f <unknown>\n#15 0x55ac60dad6f8 <unknown>\n#16 0x55ac60dad8d6 <unknown>\n#17 0x55ac60dbe5a6 <unknown>\n#18 0x7f8d6e89caa4 <unknown>\n#19 0x7f8d6e929c3c <unknown>",
        "time" : {
          "start" : 1746839438946,
          "stop" : 1746839445049,
          "duration" : 6103
        }
      }, {
        "uid" : "275ce10548e9e87e",
        "reportUrl" : "https://lambotik.github.io/Oblache/397//#testresult/275ce10548e9e87e",
        "status" : "broken",
        "statusDetails" : "selenium.common.exceptions.TimeoutException: Message: Can't find element by locator ('xpath', '//table[@id=\"table_containers\"] //tr[1]/td[3] /button')\nStacktrace:\n#0 0x55fd0f6a875a <unknown>\n#1 0x55fd0f15b4b0 <unknown>\n#2 0x55fd0f1ac9b3 <unknown>\n#3 0x55fd0f1acba1 <unknown>\n#4 0x55fd0f1fb1f4 <unknown>\n#5 0x55fd0f1d25bd <unknown>\n#6 0x55fd0f1f85e0 <unknown>\n#7 0x55fd0f1d2363 <unknown>\n#8 0x55fd0f19ed63 <unknown>\n#9 0x55fd0f19f9c1 <unknown>\n#10 0x55fd0f66da6b <unknown>\n#11 0x55fd0f671951 <unknown>\n#12 0x55fd0f655b62 <unknown>\n#13 0x55fd0f6724c4 <unknown>\n#14 0x55fd0f63a13f <unknown>\n#15 0x55fd0f6966f8 <unknown>\n#16 0x55fd0f6968d6 <unknown>\n#17 0x55fd0f6a75a6 <unknown>\n#18 0x7fd73529caa4 <unknown>\n#19 0x7fd735329c3c <unknown>",
        "time" : {
          "start" : 1746753219233,
          "stop" : 1746753225249,
          "duration" : 6016
        }
      }, {
        "uid" : "1f9f2482980e6db3",
        "reportUrl" : "https://lambotik.github.io/Oblache/396//#testresult/1f9f2482980e6db3",
        "status" : "passed",
        "time" : {
          "start" : 1746666892863,
          "stop" : 1746666896210,
          "duration" : 3347
        }
      }, {
        "uid" : "b23b8a443a56526d",
        "reportUrl" : "https://lambotik.github.io/Oblache/395//#testresult/b23b8a443a56526d",
        "status" : "broken",
        "statusDetails" : "KeyError: 'data'",
        "time" : {
          "start" : 1746580442300,
          "stop" : 1746580445531,
          "duration" : 3231
        }
      }, {
        "uid" : "15cc1b5f1293dcae",
        "reportUrl" : "https://lambotik.github.io/Oblache/394//#testresult/15cc1b5f1293dcae",
        "status" : "passed",
        "time" : {
          "start" : 1746493956444,
          "stop" : 1746493958995,
          "duration" : 2551
        }
      }, {
        "uid" : "9f797d27dca133bb",
        "reportUrl" : "https://lambotik.github.io/Oblache/393//#testresult/9f797d27dca133bb",
        "status" : "broken",
        "statusDetails" : "selenium.common.exceptions.TimeoutException: Message: Can't find element by locator ('xpath', '//button[@id=\"menu_button_containers\"]')\nStacktrace:\n#0 0x55b65f13b75a <unknown>\n#1 0x55b65ebee4b0 <unknown>\n#2 0x55b65ec3f9b3 <unknown>\n#3 0x55b65ec3fba1 <unknown>\n#4 0x55b65ec8e1f4 <unknown>\n#5 0x55b65ec655bd <unknown>\n#6 0x55b65ec8b5e0 <unknown>\n#7 0x55b65ec65363 <unknown>\n#8 0x55b65ec31d63 <unknown>\n#9 0x55b65ec329c1 <unknown>\n#10 0x55b65f100a6b <unknown>\n#11 0x55b65f104951 <unknown>\n#12 0x55b65f0e8b62 <unknown>\n#13 0x55b65f1054c4 <unknown>\n#14 0x55b65f0cd13f <unknown>\n#15 0x55b65f1296f8 <unknown>\n#16 0x55b65f1298d6 <unknown>\n#17 0x55b65f13a5a6 <unknown>\n#18 0x7f20b789caa4 <unknown>\n#19 0x7f20b7929c3c <unknown>",
        "time" : {
          "start" : 1746407729512,
          "stop" : 1746407734637,
          "duration" : 5125
        }
      }, {
        "uid" : "90d3fb0bb672ddd5",
        "reportUrl" : "https://lambotik.github.io/Oblache/389//#testresult/90d3fb0bb672ddd5",
        "status" : "passed",
        "time" : {
          "start" : 1746062309244,
          "stop" : 1746062311791,
          "duration" : 2547
        }
      }, {
        "uid" : "73c756c1851ef015",
        "reportUrl" : "https://lambotik.github.io/Oblache/388//#testresult/73c756c1851ef015",
        "status" : "passed",
        "time" : {
          "start" : 1745975562142,
          "stop" : 1745975564765,
          "duration" : 2623
        }
      }, {
        "uid" : "da42375d4d63b025",
        "reportUrl" : "https://lambotik.github.io/Oblache/387//#testresult/da42375d4d63b025",
        "status" : "passed",
        "time" : {
          "start" : 1745889092353,
          "stop" : 1745889095053,
          "duration" : 2700
        }
      }, {
        "uid" : "e4ecac78158059d6",
        "reportUrl" : "https://lambotik.github.io/Oblache/386//#testresult/e4ecac78158059d6",
        "status" : "passed",
        "time" : {
          "start" : 1745802839564,
          "stop" : 1745802842984,
          "duration" : 3420
        }
      }, {
        "uid" : "7502e285674c76a9",
        "reportUrl" : "https://lambotik.github.io/Oblache/385//#testresult/7502e285674c76a9",
        "status" : "passed",
        "time" : {
          "start" : 1745716607975,
          "stop" : 1745716611254,
          "duration" : 3279
        }
      }, {
        "uid" : "eb571481410d00bc",
        "reportUrl" : "https://lambotik.github.io/Oblache/384//#testresult/eb571481410d00bc",
        "status" : "passed",
        "time" : {
          "start" : 1745629778098,
          "stop" : 1745629781015,
          "duration" : 2917
        }
      }, {
        "uid" : "142d6fc0268dd8af",
        "reportUrl" : "https://lambotik.github.io/Oblache/383//#testresult/142d6fc0268dd8af",
        "status" : "passed",
        "time" : {
          "start" : 1745543502070,
          "stop" : 1745543505438,
          "duration" : 3368
        }
      }, {
        "uid" : "bfcfd9104ede82a2",
        "reportUrl" : "https://lambotik.github.io/Oblache/382//#testresult/bfcfd9104ede82a2",
        "status" : "passed",
        "time" : {
          "start" : 1745457111684,
          "stop" : 1745457114577,
          "duration" : 2893
        }
      }, {
        "uid" : "13f5f6c8d2f64ba8",
        "reportUrl" : "https://lambotik.github.io/Oblache/381//#testresult/13f5f6c8d2f64ba8",
        "status" : "passed",
        "time" : {
          "start" : 1745370737653,
          "stop" : 1745370740105,
          "duration" : 2452
        }
      }, {
        "uid" : "d592080b0cb58cbb",
        "reportUrl" : "https://lambotik.github.io/Oblache/380//#testresult/d592080b0cb58cbb",
        "status" : "passed",
        "time" : {
          "start" : 1745284324502,
          "stop" : 1745284327818,
          "duration" : 3316
        }
      } ]
    },
    "tags" : [ ]
  },
  "source" : "82550332a387afc8.json",
  "parameterValues" : [ ]
}