{
  "uid" : "91fa72f59e7f4701",
  "name" : "test_clipboard",
  "fullName" : "tests_ui.test_ui.TestProfilePage#test_clipboard_uuid_db",
  "historyId" : "b32cefb1d87a8aa3bb37280cb980702f",
  "time" : {
    "start" : 1755482849180,
    "stop" : 1755482855243,
    "duration" : 6063
  },
  "status" : "broken",
  "statusMessage" : "selenium.common.exceptions.TimeoutException: Message: Can't find elements by locator ('xpath', '//tbody[@id=\"tbody_dbs\"]//tr')",
  "statusTrace" : "self = <tests_ui.test_ui.TestProfilePage object at 0x7f3004b64380>\ndriver = <selenium.webdriver.chrome.webdriver.WebDriver (session=\"2e47f2fc243e9de2e23425f21e837c1a\")>\nauthorization_user = None\n\n    @allure.title('test_clipboard')\n    def test_clipboard_uuid_db(self, driver, authorization_user):\n        page = ProfilePage(driver, authorization_user)\n        page.click_button_databases()\n>       page.check_clipboard(\n            table_xpath='//tbody[@id=\"tbody_dbs\"]',\n            token=TestProfilePage.token)\n\ntests_ui/test_ui.py:99: \n_ _ _ _ _ _ _ _ _ _ _ _ _ _ _ _ _ _ _ _ _ _ _ _ _ _ _ _ _ _ _ _ _ _ _ _ _ _ _ _ \ntests_ui/profile_page.py:97: in check_clipboard\n    databases_list = self.elements_are_present((By.XPATH, f'{table_xpath}//tr'))\ntests_ui/base_page.py:50: in elements_are_present\n    return Wait(self.driver, self.timeout).until(\n_ _ _ _ _ _ _ _ _ _ _ _ _ _ _ _ _ _ _ _ _ _ _ _ _ _ _ _ _ _ _ _ _ _ _ _ _ _ _ _ \n\nself = <selenium.webdriver.support.wait.WebDriverWait (session=\"2e47f2fc243e9de2e23425f21e837c1a\")>\nmethod = <function presence_of_all_elements_located.<locals>._predicate at 0x7f3004bf7420>\nmessage = 'Can\\'t find elements by locator (\\'xpath\\', \\'//tbody[@id=\"tbody_dbs\"]//tr\\')'\n\n    def until(self, method: Callable[[D], Union[Literal[False], T]], message: str = \"\") -> T:\n        \"\"\"Calls the method provided with the driver as an argument until the \\\n        return value does not evaluate to ``False``.\n    \n        :param method: callable(WebDriver)\n        :param message: optional message for :exc:`TimeoutException`\n        :returns: the result of the last call to `method`\n        :raises: :exc:`selenium.common.exceptions.TimeoutException` if timeout occurs\n        \"\"\"\n        screen = None\n        stacktrace = None\n    \n        end_time = time.monotonic() + self._timeout\n        while True:\n            try:\n                value = method(self._driver)\n                if value:\n                    return value\n            except self._ignored_exceptions as exc:\n                screen = getattr(exc, \"screen\", None)\n                stacktrace = getattr(exc, \"stacktrace\", None)\n            time.sleep(self._poll)\n            if time.monotonic() > end_time:\n                break\n>       raise TimeoutException(message, screen, stacktrace)\nE       selenium.common.exceptions.TimeoutException: Message: Can't find elements by locator ('xpath', '//tbody[@id=\"tbody_dbs\"]//tr')\n\n/opt/hostedtoolcache/Python/3.12.11/x64/lib/python3.12/site-packages/selenium/webdriver/support/wait.py:105: TimeoutException",
  "flaky" : false,
  "newFailed" : false,
  "beforeStages" : [ {
    "name" : "driver",
    "time" : {
      "start" : 1755482848369,
      "stop" : 1755482848622,
      "duration" : 253
    },
    "status" : "passed",
    "steps" : [ ],
    "attachments" : [ ],
    "parameters" : [ ],
    "stepsCount" : 0,
    "attachmentsCount" : 0,
    "shouldDisplayMessage" : false,
    "hasContent" : false
  }, {
    "name" : "authorization_user",
    "time" : {
      "start" : 1755482848622,
      "stop" : 1755482849180,
      "duration" : 558
    },
    "status" : "passed",
    "steps" : [ {
      "name" : "Open page: https://oblache.areso.pro/register.html",
      "time" : {
        "start" : 1755482848622,
        "stop" : 1755482848985,
        "duration" : 363
      },
      "status" : "passed",
      "steps" : [ ],
      "attachments" : [ ],
      "parameters" : [ ],
      "stepsCount" : 0,
      "attachmentsCount" : 0,
      "shouldDisplayMessage" : false,
      "hasContent" : false
    }, {
      "name" : "Login user",
      "time" : {
        "start" : 1755482848985,
        "stop" : 1755482849180,
        "duration" : 195
      },
      "status" : "passed",
      "steps" : [ {
        "name" : "Enter email.",
        "time" : {
          "start" : 1755482848985,
          "stop" : 1755482849044,
          "duration" : 59
        },
        "status" : "passed",
        "steps" : [ ],
        "attachments" : [ ],
        "parameters" : [ ],
        "stepsCount" : 0,
        "attachmentsCount" : 0,
        "shouldDisplayMessage" : false,
        "hasContent" : false
      }, {
        "name" : "Enter password.",
        "time" : {
          "start" : 1755482849044,
          "stop" : 1755482849087,
          "duration" : 43
        },
        "status" : "passed",
        "steps" : [ ],
        "attachments" : [ ],
        "parameters" : [ ],
        "stepsCount" : 0,
        "attachmentsCount" : 0,
        "shouldDisplayMessage" : false,
        "hasContent" : false
      }, {
        "name" : "Click button \"Login\"",
        "time" : {
          "start" : 1755482849087,
          "stop" : 1755482849177,
          "duration" : 90
        },
        "status" : "passed",
        "steps" : [ ],
        "attachments" : [ ],
        "parameters" : [ ],
        "stepsCount" : 0,
        "attachmentsCount" : 0,
        "shouldDisplayMessage" : false,
        "hasContent" : false
      }, {
        "name" : "Check url is present: https://oblache.areso.pro/register.html",
        "time" : {
          "start" : 1755482849177,
          "stop" : 1755482849180,
          "duration" : 3
        },
        "status" : "passed",
        "steps" : [ ],
        "attachments" : [ ],
        "parameters" : [ ],
        "stepsCount" : 0,
        "attachmentsCount" : 0,
        "shouldDisplayMessage" : false,
        "hasContent" : false
      } ],
      "attachments" : [ ],
      "parameters" : [ ],
      "stepsCount" : 4,
      "attachmentsCount" : 0,
      "shouldDisplayMessage" : false,
      "hasContent" : true
    } ],
    "attachments" : [ ],
    "parameters" : [ ],
    "stepsCount" : 6,
    "attachmentsCount" : 0,
    "shouldDisplayMessage" : false,
    "hasContent" : true
  } ],
  "testStage" : {
    "status" : "broken",
    "statusMessage" : "selenium.common.exceptions.TimeoutException: Message: Can't find elements by locator ('xpath', '//tbody[@id=\"tbody_dbs\"]//tr')",
    "statusTrace" : "self = <tests_ui.test_ui.TestProfilePage object at 0x7f3004b64380>\ndriver = <selenium.webdriver.chrome.webdriver.WebDriver (session=\"2e47f2fc243e9de2e23425f21e837c1a\")>\nauthorization_user = None\n\n    @allure.title('test_clipboard')\n    def test_clipboard_uuid_db(self, driver, authorization_user):\n        page = ProfilePage(driver, authorization_user)\n        page.click_button_databases()\n>       page.check_clipboard(\n            table_xpath='//tbody[@id=\"tbody_dbs\"]',\n            token=TestProfilePage.token)\n\ntests_ui/test_ui.py:99: \n_ _ _ _ _ _ _ _ _ _ _ _ _ _ _ _ _ _ _ _ _ _ _ _ _ _ _ _ _ _ _ _ _ _ _ _ _ _ _ _ \ntests_ui/profile_page.py:97: in check_clipboard\n    databases_list = self.elements_are_present((By.XPATH, f'{table_xpath}//tr'))\ntests_ui/base_page.py:50: in elements_are_present\n    return Wait(self.driver, self.timeout).until(\n_ _ _ _ _ _ _ _ _ _ _ _ _ _ _ _ _ _ _ _ _ _ _ _ _ _ _ _ _ _ _ _ _ _ _ _ _ _ _ _ \n\nself = <selenium.webdriver.support.wait.WebDriverWait (session=\"2e47f2fc243e9de2e23425f21e837c1a\")>\nmethod = <function presence_of_all_elements_located.<locals>._predicate at 0x7f3004bf7420>\nmessage = 'Can\\'t find elements by locator (\\'xpath\\', \\'//tbody[@id=\"tbody_dbs\"]//tr\\')'\n\n    def until(self, method: Callable[[D], Union[Literal[False], T]], message: str = \"\") -> T:\n        \"\"\"Calls the method provided with the driver as an argument until the \\\n        return value does not evaluate to ``False``.\n    \n        :param method: callable(WebDriver)\n        :param message: optional message for :exc:`TimeoutException`\n        :returns: the result of the last call to `method`\n        :raises: :exc:`selenium.common.exceptions.TimeoutException` if timeout occurs\n        \"\"\"\n        screen = None\n        stacktrace = None\n    \n        end_time = time.monotonic() + self._timeout\n        while True:\n            try:\n                value = method(self._driver)\n                if value:\n                    return value\n            except self._ignored_exceptions as exc:\n                screen = getattr(exc, \"screen\", None)\n                stacktrace = getattr(exc, \"stacktrace\", None)\n            time.sleep(self._poll)\n            if time.monotonic() > end_time:\n                break\n>       raise TimeoutException(message, screen, stacktrace)\nE       selenium.common.exceptions.TimeoutException: Message: Can't find elements by locator ('xpath', '//tbody[@id=\"tbody_dbs\"]//tr')\n\n/opt/hostedtoolcache/Python/3.12.11/x64/lib/python3.12/site-packages/selenium/webdriver/support/wait.py:105: TimeoutException",
    "steps" : [ {
      "name" : "Click \"Databases\" button.",
      "time" : {
        "start" : 1755482849180,
        "stop" : 1755482850179,
        "duration" : 999
      },
      "status" : "passed",
      "steps" : [ ],
      "attachments" : [ ],
      "parameters" : [ ],
      "stepsCount" : 0,
      "attachmentsCount" : 0,
      "shouldDisplayMessage" : false,
      "hasContent" : false
    }, {
      "name" : "Check clipboard",
      "time" : {
        "start" : 1755482850179,
        "stop" : 1755482855243,
        "duration" : 5064
      },
      "status" : "broken",
      "statusMessage" : "selenium.common.exceptions.TimeoutException: Message: Can't find elements by locator ('xpath', '//tbody[@id=\"tbody_dbs\"]//tr')\n\n",
      "statusTrace" : "  File \"/opt/hostedtoolcache/Python/3.12.11/x64/lib/python3.12/site-packages/allure_commons/_allure.py\", line 192, in impl\n    return func(*a, **kw)\n           ^^^^^^^^^^^^^^\n  File \"/home/runner/work/Oblache/Oblache/tests_ui/profile_page.py\", line 97, in check_clipboard\n    databases_list = self.elements_are_present((By.XPATH, f'{table_xpath}//tr'))\n                     ^^^^^^^^^^^^^^^^^^^^^^^^^^^^^^^^^^^^^^^^^^^^^^^^^^^^^^^^^^^\n  File \"/home/runner/work/Oblache/Oblache/tests_ui/base_page.py\", line 50, in elements_are_present\n    return Wait(self.driver, self.timeout).until(\n           ^^^^^^^^^^^^^^^^^^^^^^^^^^^^^^^^^^^^^^\n  File \"/opt/hostedtoolcache/Python/3.12.11/x64/lib/python3.12/site-packages/selenium/webdriver/support/wait.py\", line 105, in until\n    raise TimeoutException(message, screen, stacktrace)\n",
      "steps" : [ ],
      "attachments" : [ ],
      "parameters" : [ {
        "name" : "table_xpath",
        "value" : "'//tbody[@id=\"tbody_dbs\"]'"
      }, {
        "name" : "token",
        "value" : "'a453b584-75ab-4ca6-83f2-712ce42a8d94'"
      } ],
      "stepsCount" : 0,
      "attachmentsCount" : 0,
      "shouldDisplayMessage" : true,
      "hasContent" : true
    } ],
    "attachments" : [ {
      "uid" : "cca82a8c1844510e",
      "name" : "Screenshot 2025-08-18 02:07:35.306918",
      "source" : "cca82a8c1844510e.png",
      "type" : "image/png",
      "size" : 29380
    } ],
    "parameters" : [ ],
    "stepsCount" : 2,
    "attachmentsCount" : 1,
    "shouldDisplayMessage" : true,
    "hasContent" : true
  },
  "afterStages" : [ {
    "name" : "driver::0",
    "time" : {
      "start" : 1755482855308,
      "stop" : 1755482855367,
      "duration" : 59
    },
    "status" : "passed",
    "steps" : [ ],
    "attachments" : [ ],
    "parameters" : [ ],
    "stepsCount" : 0,
    "attachmentsCount" : 0,
    "shouldDisplayMessage" : false,
    "hasContent" : false
  } ],
  "labels" : [ {
    "name" : "suite",
    "value" : "Test Profile Page."
  }, {
    "name" : "parentSuite",
    "value" : "tests_ui"
  }, {
    "name" : "subSuite",
    "value" : "TestProfilePage"
  }, {
    "name" : "host",
    "value" : "pkrvmubgrv54qmi"
  }, {
    "name" : "thread",
    "value" : "2580-MainThread"
  }, {
    "name" : "framework",
    "value" : "pytest"
  }, {
    "name" : "language",
    "value" : "cpython3"
  }, {
    "name" : "package",
    "value" : "tests_ui.test_ui"
  }, {
    "name" : "resultFormat",
    "value" : "allure2"
  } ],
  "parameters" : [ ],
  "links" : [ ],
  "hidden" : false,
  "retry" : false,
  "extra" : {
    "severity" : "normal",
    "retries" : [ ],
    "categories" : [ {
      "name" : "Test defects",
      "matchedStatuses" : [ ],
      "flaky" : false
    } ],
    "history" : {
      "statistic" : {
        "failed" : 0,
        "broken" : 52,
        "skipped" : 0,
        "passed" : 202,
        "unknown" : 0,
        "total" : 254
      },
      "items" : [ {
        "uid" : "49b9fa3eb96bf6ac",
        "reportUrl" : "https://lambotik.github.io/Oblache/474//#testresult/49b9fa3eb96bf6ac",
        "status" : "passed",
        "time" : {
          "start" : 1755396522141,
          "stop" : 1755396524977,
          "duration" : 2836
        }
      }, {
        "uid" : "59e4a9410d658d31",
        "reportUrl" : "https://lambotik.github.io/Oblache/473//#testresult/59e4a9410d658d31",
        "status" : "passed",
        "time" : {
          "start" : 1755309454797,
          "stop" : 1755309457546,
          "duration" : 2749
        }
      }, {
        "uid" : "a3cd7b4317539cdf",
        "reportUrl" : "https://lambotik.github.io/Oblache/472//#testresult/a3cd7b4317539cdf",
        "status" : "broken",
        "statusDetails" : "selenium.common.exceptions.TimeoutException: Message: Can't find element by locator ('xpath', '//button[@id = \"menu_button_databases\"]')\nStacktrace:\n#0 0x55b2c6a8805a <unknown>\n#1 0x55b2c6527a70 <unknown>\n#2 0x55b2c6579907 <unknown>\n#3 0x55b2c6579b01 <unknown>\n#4 0x55b2c65c7d54 <unknown>\n#5 0x55b2c659f40d <unknown>\n#6 0x55b2c65c514f <unknown>\n#7 0x55b2c659f1b3 <unknown>\n#8 0x55b2c656b59b <unknown>\n#9 0x55b2c656c971 <unknown>\n#10 0x55b2c6a4d22b <unknown>\n#11 0x55b2c6a50f79 <unknown>\n#12 0x55b2c6a34309 <unknown>\n#13 0x55b2c6a51b28 <unknown>\n#14 0x55b2c6a18bef <unknown>\n#15 0x55b2c6a750e8 <unknown>\n#16 0x55b2c6a752c6 <unknown>\n#17 0x55b2c6a87036 <unknown>\n#18 0x7f707e09caa4 <unknown>\n#19 0x7f707e129c3c <unknown>",
        "time" : {
          "start" : 1755223254325,
          "stop" : 1755223259451,
          "duration" : 5126
        }
      }, {
        "uid" : "2bb978a4a27c0d21",
        "reportUrl" : "https://lambotik.github.io/Oblache/471//#testresult/2bb978a4a27c0d21",
        "status" : "broken",
        "statusDetails" : "selenium.common.exceptions.TimeoutException: Message: Can't find elements by locator ('xpath', '//tbody[@id=\"tbody_dbs\"]//tr')",
        "time" : {
          "start" : 1755136958912,
          "stop" : 1755136964991,
          "duration" : 6079
        }
      }, {
        "uid" : "8308bd8d58fb244a",
        "reportUrl" : "https://lambotik.github.io/Oblache/470//#testresult/8308bd8d58fb244a",
        "status" : "passed",
        "time" : {
          "start" : 1755050496485,
          "stop" : 1755050498724,
          "duration" : 2239
        }
      }, {
        "uid" : "6970ca876cfe59f2",
        "reportUrl" : "https://lambotik.github.io/Oblache/469//#testresult/6970ca876cfe59f2",
        "status" : "broken",
        "statusDetails" : "selenium.common.exceptions.TimeoutException: Message: Can't find elements by locator ('xpath', '//tbody[@id=\"tbody_dbs\"]//tr')",
        "time" : {
          "start" : 1754963970552,
          "stop" : 1754963976460,
          "duration" : 5908
        }
      }, {
        "uid" : "387fa52c1f4d8fa5",
        "reportUrl" : "https://lambotik.github.io/Oblache/468//#testresult/387fa52c1f4d8fa5",
        "status" : "passed",
        "time" : {
          "start" : 1754878309183,
          "stop" : 1754878311930,
          "duration" : 2747
        }
      }, {
        "uid" : "bba00d5973418946",
        "reportUrl" : "https://lambotik.github.io/Oblache/467//#testresult/bba00d5973418946",
        "status" : "broken",
        "statusDetails" : "selenium.common.exceptions.TimeoutException: Message: Can't find element by locator ('xpath', '//button[@id = \"menu_button_databases\"]')\nStacktrace:\n#0 0x55f4f09e92ca <unknown>\n#1 0x55f4f0490550 <unknown>\n#2 0x55f4f04e20f0 <unknown>\n#3 0x55f4f04e22e1 <unknown>\n#4 0x55f4f05305e4 <unknown>\n#5 0x55f4f0507bed <unknown>\n#6 0x55f4f052d9e6 <unknown>\n#7 0x55f4f0507993 <unknown>\n#8 0x55f4f04d3d6b <unknown>\n#9 0x55f4f04d5141 <unknown>\n#10 0x55f4f09ae2ab <unknown>\n#11 0x55f4f09b20b9 <unknown>\n#12 0x55f4f0995139 <unknown>\n#13 0x55f4f09b2c68 <unknown>\n#14 0x55f4f097960f <unknown>\n#15 0x55f4f09d71f8 <unknown>\n#16 0x55f4f09d73d6 <unknown>\n#17 0x55f4f09e85e6 <unknown>\n#18 0x7f90a7a9caa4 <unknown>\n#19 0x7f90a7b29c3c <unknown>",
        "time" : {
          "start" : 1754792052517,
          "stop" : 1754792057649,
          "duration" : 5132
        }
      }, {
        "uid" : "142f2a9605494a81",
        "reportUrl" : "https://lambotik.github.io/Oblache/466//#testresult/142f2a9605494a81",
        "status" : "broken",
        "statusDetails" : "selenium.common.exceptions.TimeoutException: Message: Can't find elements by locator ('xpath', '//tbody[@id=\"tbody_dbs\"]//tr')",
        "time" : {
          "start" : 1754704826805,
          "stop" : 1754704832739,
          "duration" : 5934
        }
      }, {
        "uid" : "a4a138c087c9974c",
        "reportUrl" : "https://lambotik.github.io/Oblache/465//#testresult/a4a138c087c9974c",
        "status" : "broken",
        "statusDetails" : "selenium.common.exceptions.TimeoutException: Message: Can't find element by locator ('xpath', '//button[@id = \"menu_button_databases\"]')\nStacktrace:\n#0 0x5612505d787a <unknown>\n#1 0x56125007c2e0 <unknown>\n#2 0x5612500cde00 <unknown>\n#3 0x5612500cdff1 <unknown>\n#4 0x56125011c324 <unknown>\n#5 0x5612500f38dd <unknown>\n#6 0x56125011971c <unknown>\n#7 0x5612500f3683 <unknown>\n#8 0x5612500bfb5b <unknown>\n#9 0x5612500c0f31 <unknown>\n#10 0x56125059c7cb <unknown>\n#11 0x5612505a05d4 <unknown>\n#12 0x5612505832c9 <unknown>\n#13 0x5612505a1178 <unknown>\n#14 0x5612505676bf <unknown>\n#15 0x5612505c4e78 <unknown>\n#16 0x5612505c5056 <unknown>\n#17 0x5612505d6b96 <unknown>\n#18 0x7fbf1149caa4 <unknown>\n#19 0x7fbf11529c3c <unknown>",
        "time" : {
          "start" : 1754619006850,
          "stop" : 1754619011976,
          "duration" : 5126
        }
      }, {
        "uid" : "d45e337927261be3",
        "reportUrl" : "https://lambotik.github.io/Oblache/464//#testresult/d45e337927261be3",
        "status" : "passed",
        "time" : {
          "start" : 1754532761372,
          "stop" : 1754532764093,
          "duration" : 2721
        }
      }, {
        "uid" : "1e98cc353b71d1e0",
        "reportUrl" : "https://lambotik.github.io/Oblache/463//#testresult/1e98cc353b71d1e0",
        "status" : "broken",
        "statusDetails" : "selenium.common.exceptions.TimeoutException: Message: Can't find element by locator ('xpath', '//button[@id = \"menu_button_databases\"]')\nStacktrace:\n#0 0x563cbdd6487a <unknown>\n#1 0x563cbd8092e0 <unknown>\n#2 0x563cbd85ae00 <unknown>\n#3 0x563cbd85aff1 <unknown>\n#4 0x563cbd8a9324 <unknown>\n#5 0x563cbd8808dd <unknown>\n#6 0x563cbd8a671c <unknown>\n#7 0x563cbd880683 <unknown>\n#8 0x563cbd84cb5b <unknown>\n#9 0x563cbd84df31 <unknown>\n#10 0x563cbdd297cb <unknown>\n#11 0x563cbdd2d5d4 <unknown>\n#12 0x563cbdd102c9 <unknown>\n#13 0x563cbdd2e178 <unknown>\n#14 0x563cbdcf46bf <unknown>\n#15 0x563cbdd51e78 <unknown>\n#16 0x563cbdd52056 <unknown>\n#17 0x563cbdd63b96 <unknown>\n#18 0x7f4b1ec9caa4 <unknown>\n#19 0x7f4b1ed29c3c <unknown>",
        "time" : {
          "start" : 1754446225086,
          "stop" : 1754446230216,
          "duration" : 5130
        }
      }, {
        "uid" : "25d8cef8e92b2b88",
        "reportUrl" : "https://lambotik.github.io/Oblache/462//#testresult/25d8cef8e92b2b88",
        "status" : "passed",
        "time" : {
          "start" : 1754360021049,
          "stop" : 1754360023261,
          "duration" : 2212
        }
      }, {
        "uid" : "257ba1223f7b5a78",
        "reportUrl" : "https://lambotik.github.io/Oblache/461//#testresult/257ba1223f7b5a78",
        "status" : "passed",
        "time" : {
          "start" : 1754274336397,
          "stop" : 1754274338565,
          "duration" : 2168
        }
      }, {
        "uid" : "c5a74b4be2759c70",
        "reportUrl" : "https://lambotik.github.io/Oblache/460//#testresult/c5a74b4be2759c70",
        "status" : "passed",
        "time" : {
          "start" : 1754188003614,
          "stop" : 1754188006398,
          "duration" : 2784
        }
      }, {
        "uid" : "c44de2e0f86ac249",
        "reportUrl" : "https://lambotik.github.io/Oblache/459//#testresult/c44de2e0f86ac249",
        "status" : "passed",
        "time" : {
          "start" : 1754100337018,
          "stop" : 1754100339308,
          "duration" : 2290
        }
      }, {
        "uid" : "507b24f0248288ca",
        "reportUrl" : "https://lambotik.github.io/Oblache/458//#testresult/507b24f0248288ca",
        "status" : "broken",
        "statusDetails" : "selenium.common.exceptions.TimeoutException: Message: Can't find elements by locator ('xpath', '//tbody[@id=\"tbody_dbs\"]//tr')",
        "time" : {
          "start" : 1754015253555,
          "stop" : 1754015259464,
          "duration" : 5909
        }
      }, {
        "uid" : "c2c53f29ba000854",
        "reportUrl" : "https://lambotik.github.io/Oblache/457//#testresult/c2c53f29ba000854",
        "status" : "broken",
        "statusDetails" : "selenium.common.exceptions.TimeoutException: Message: Can't find elements by locator ('xpath', '//tbody[@id=\"tbody_dbs\"]//tr')",
        "time" : {
          "start" : 1753927832425,
          "stop" : 1753927838663,
          "duration" : 6238
        }
      }, {
        "uid" : "e289a9185657a336",
        "reportUrl" : "https://lambotik.github.io/Oblache/456//#testresult/e289a9185657a336",
        "status" : "passed",
        "time" : {
          "start" : 1753841438441,
          "stop" : 1753841440641,
          "duration" : 2200
        }
      }, {
        "uid" : "70e1a0eaec7fb364",
        "reportUrl" : "https://lambotik.github.io/Oblache/455//#testresult/70e1a0eaec7fb364",
        "status" : "passed",
        "time" : {
          "start" : 1753755997097,
          "stop" : 1753755999879,
          "duration" : 2782
        }
      } ]
    },
    "tags" : [ ]
  },
  "source" : "91fa72f59e7f4701.json",
  "parameterValues" : [ ]
}