{
  "uid" : "92f797f02e75d946",
  "name" : "test_create_database",
  "fullName" : "tests_ui.test_ui.TestProfilePage#test_create_database",
  "historyId" : "4762f7b87391625d86f9ea8dbdd3b406",
  "time" : {
    "start" : 1755482831328,
    "stop" : 1755482839449,
    "duration" : 8121
  },
  "status" : "broken",
  "statusMessage" : "selenium.common.exceptions.TimeoutException: Message: Can't find element by locator ('xpath', '//div[@id=\"msg_from_server\"]')",
  "statusTrace" : "self = <tests_ui.test_ui.TestProfilePage object at 0x7f3004b64050>\ndriver = <selenium.webdriver.chrome.webdriver.WebDriver (session=\"f19bb2eaca3934304e375349fe425749\")>\nauthorization_user = None\n\n    @allure.title('test_create_database')\n    def test_create_database(self, driver, authorization_user):\n        page = ProfilePage(driver, authorization_user)\n>       page.compare_database_status()\n\ntests_ui/test_ui.py:83: \n_ _ _ _ _ _ _ _ _ _ _ _ _ _ _ _ _ _ _ _ _ _ _ _ _ _ _ _ _ _ _ _ _ _ _ _ _ _ _ _ \ntests_ui/profile_page.py:150: in compare_database_status\n    msg = self.element_is_visible(self.locators.MSG_FROM_SERVER).text\ntests_ui/base_page.py:34: in element_is_visible\n    return Wait(self.driver, self.timeout).until(\n_ _ _ _ _ _ _ _ _ _ _ _ _ _ _ _ _ _ _ _ _ _ _ _ _ _ _ _ _ _ _ _ _ _ _ _ _ _ _ _ \n\nself = <selenium.webdriver.support.wait.WebDriverWait (session=\"f19bb2eaca3934304e375349fe425749\")>\nmethod = <function visibility_of_element_located.<locals>._predicate at 0x7f3004bf4e00>\nmessage = 'Can\\'t find element by locator (\\'xpath\\', \\'//div[@id=\"msg_from_server\"]\\')'\n\n    def until(self, method: Callable[[D], Union[Literal[False], T]], message: str = \"\") -> T:\n        \"\"\"Calls the method provided with the driver as an argument until the \\\n        return value does not evaluate to ``False``.\n    \n        :param method: callable(WebDriver)\n        :param message: optional message for :exc:`TimeoutException`\n        :returns: the result of the last call to `method`\n        :raises: :exc:`selenium.common.exceptions.TimeoutException` if timeout occurs\n        \"\"\"\n        screen = None\n        stacktrace = None\n    \n        end_time = time.monotonic() + self._timeout\n        while True:\n            try:\n                value = method(self._driver)\n                if value:\n                    return value\n            except self._ignored_exceptions as exc:\n                screen = getattr(exc, \"screen\", None)\n                stacktrace = getattr(exc, \"stacktrace\", None)\n            time.sleep(self._poll)\n            if time.monotonic() > end_time:\n                break\n>       raise TimeoutException(message, screen, stacktrace)\nE       selenium.common.exceptions.TimeoutException: Message: Can't find element by locator ('xpath', '//div[@id=\"msg_from_server\"]')\n\n/opt/hostedtoolcache/Python/3.12.11/x64/lib/python3.12/site-packages/selenium/webdriver/support/wait.py:105: TimeoutException",
  "flaky" : false,
  "newFailed" : false,
  "beforeStages" : [ {
    "name" : "driver",
    "time" : {
      "start" : 1755482830493,
      "stop" : 1755482830760,
      "duration" : 267
    },
    "status" : "passed",
    "steps" : [ ],
    "attachments" : [ ],
    "parameters" : [ ],
    "stepsCount" : 0,
    "attachmentsCount" : 0,
    "shouldDisplayMessage" : false,
    "hasContent" : false
  }, {
    "name" : "authorization_user",
    "time" : {
      "start" : 1755482830760,
      "stop" : 1755482831327,
      "duration" : 567
    },
    "status" : "passed",
    "steps" : [ {
      "name" : "Open page: https://oblache.areso.pro/register.html",
      "time" : {
        "start" : 1755482830760,
        "stop" : 1755482831124,
        "duration" : 364
      },
      "status" : "passed",
      "steps" : [ ],
      "attachments" : [ ],
      "parameters" : [ ],
      "stepsCount" : 0,
      "attachmentsCount" : 0,
      "shouldDisplayMessage" : false,
      "hasContent" : false
    }, {
      "name" : "Login user",
      "time" : {
        "start" : 1755482831124,
        "stop" : 1755482831327,
        "duration" : 203
      },
      "status" : "passed",
      "steps" : [ {
        "name" : "Enter email.",
        "time" : {
          "start" : 1755482831124,
          "stop" : 1755482831189,
          "duration" : 65
        },
        "status" : "passed",
        "steps" : [ ],
        "attachments" : [ ],
        "parameters" : [ ],
        "stepsCount" : 0,
        "attachmentsCount" : 0,
        "shouldDisplayMessage" : false,
        "hasContent" : false
      }, {
        "name" : "Enter password.",
        "time" : {
          "start" : 1755482831189,
          "stop" : 1755482831234,
          "duration" : 45
        },
        "status" : "passed",
        "steps" : [ ],
        "attachments" : [ ],
        "parameters" : [ ],
        "stepsCount" : 0,
        "attachmentsCount" : 0,
        "shouldDisplayMessage" : false,
        "hasContent" : false
      }, {
        "name" : "Click button \"Login\"",
        "time" : {
          "start" : 1755482831234,
          "stop" : 1755482831325,
          "duration" : 91
        },
        "status" : "passed",
        "steps" : [ ],
        "attachments" : [ ],
        "parameters" : [ ],
        "stepsCount" : 0,
        "attachmentsCount" : 0,
        "shouldDisplayMessage" : false,
        "hasContent" : false
      }, {
        "name" : "Check url is present: https://oblache.areso.pro/register.html",
        "time" : {
          "start" : 1755482831325,
          "stop" : 1755482831327,
          "duration" : 2
        },
        "status" : "passed",
        "steps" : [ ],
        "attachments" : [ ],
        "parameters" : [ ],
        "stepsCount" : 0,
        "attachmentsCount" : 0,
        "shouldDisplayMessage" : false,
        "hasContent" : false
      } ],
      "attachments" : [ ],
      "parameters" : [ ],
      "stepsCount" : 4,
      "attachmentsCount" : 0,
      "shouldDisplayMessage" : false,
      "hasContent" : true
    } ],
    "attachments" : [ ],
    "parameters" : [ ],
    "stepsCount" : 6,
    "attachmentsCount" : 0,
    "shouldDisplayMessage" : false,
    "hasContent" : true
  } ],
  "testStage" : {
    "status" : "broken",
    "statusMessage" : "selenium.common.exceptions.TimeoutException: Message: Can't find element by locator ('xpath', '//div[@id=\"msg_from_server\"]')",
    "statusTrace" : "self = <tests_ui.test_ui.TestProfilePage object at 0x7f3004b64050>\ndriver = <selenium.webdriver.chrome.webdriver.WebDriver (session=\"f19bb2eaca3934304e375349fe425749\")>\nauthorization_user = None\n\n    @allure.title('test_create_database')\n    def test_create_database(self, driver, authorization_user):\n        page = ProfilePage(driver, authorization_user)\n>       page.compare_database_status()\n\ntests_ui/test_ui.py:83: \n_ _ _ _ _ _ _ _ _ _ _ _ _ _ _ _ _ _ _ _ _ _ _ _ _ _ _ _ _ _ _ _ _ _ _ _ _ _ _ _ \ntests_ui/profile_page.py:150: in compare_database_status\n    msg = self.element_is_visible(self.locators.MSG_FROM_SERVER).text\ntests_ui/base_page.py:34: in element_is_visible\n    return Wait(self.driver, self.timeout).until(\n_ _ _ _ _ _ _ _ _ _ _ _ _ _ _ _ _ _ _ _ _ _ _ _ _ _ _ _ _ _ _ _ _ _ _ _ _ _ _ _ \n\nself = <selenium.webdriver.support.wait.WebDriverWait (session=\"f19bb2eaca3934304e375349fe425749\")>\nmethod = <function visibility_of_element_located.<locals>._predicate at 0x7f3004bf4e00>\nmessage = 'Can\\'t find element by locator (\\'xpath\\', \\'//div[@id=\"msg_from_server\"]\\')'\n\n    def until(self, method: Callable[[D], Union[Literal[False], T]], message: str = \"\") -> T:\n        \"\"\"Calls the method provided with the driver as an argument until the \\\n        return value does not evaluate to ``False``.\n    \n        :param method: callable(WebDriver)\n        :param message: optional message for :exc:`TimeoutException`\n        :returns: the result of the last call to `method`\n        :raises: :exc:`selenium.common.exceptions.TimeoutException` if timeout occurs\n        \"\"\"\n        screen = None\n        stacktrace = None\n    \n        end_time = time.monotonic() + self._timeout\n        while True:\n            try:\n                value = method(self._driver)\n                if value:\n                    return value\n            except self._ignored_exceptions as exc:\n                screen = getattr(exc, \"screen\", None)\n                stacktrace = getattr(exc, \"stacktrace\", None)\n            time.sleep(self._poll)\n            if time.monotonic() > end_time:\n                break\n>       raise TimeoutException(message, screen, stacktrace)\nE       selenium.common.exceptions.TimeoutException: Message: Can't find element by locator ('xpath', '//div[@id=\"msg_from_server\"]')\n\n/opt/hostedtoolcache/Python/3.12.11/x64/lib/python3.12/site-packages/selenium/webdriver/support/wait.py:105: TimeoutException",
    "steps" : [ {
      "name" : "Click button Status.",
      "time" : {
        "start" : 1755482832328,
        "stop" : 1755482832403,
        "duration" : 75
      },
      "status" : "passed",
      "steps" : [ ],
      "attachments" : [ ],
      "parameters" : [ ],
      "stepsCount" : 0,
      "attachmentsCount" : 0,
      "shouldDisplayMessage" : false,
      "hasContent" : false
    }, {
      "name" : "Get status data.",
      "time" : {
        "start" : 1755482832954,
        "stop" : 1755482832954,
        "duration" : 0
      },
      "status" : "passed",
      "steps" : [ {
        "name" : "Status data is: {'Email:': 'nodata', 'is blocked?': 'nodata', 'is db creation allowed?': 'nodata', 'disk db quota, mb': 'nodata', 'disk db used, mb': 'nodata', 'db qty quota': 'nodata', 'db qty used': 'nodata', 'site qty quota': 'nodata', 'site qty used': '0', 'site disk quota': '300', 'site disk usage': '0', 'is site deploy allowed?': '1', 'container qty quota': '1', 'container qty used': '1147', 'is container creation allowed': '0'}",
        "time" : {
          "start" : 1755482832954,
          "stop" : 1755482832954,
          "duration" : 0
        },
        "status" : "passed",
        "steps" : [ ],
        "attachments" : [ ],
        "parameters" : [ ],
        "stepsCount" : 0,
        "attachmentsCount" : 0,
        "shouldDisplayMessage" : false,
        "hasContent" : false
      } ],
      "attachments" : [ ],
      "parameters" : [ ],
      "stepsCount" : 1,
      "attachmentsCount" : 0,
      "shouldDisplayMessage" : false,
      "hasContent" : true
    }, {
      "name" : "Click \"Databases\" button.",
      "time" : {
        "start" : 1755482832954,
        "stop" : 1755482833024,
        "duration" : 70
      },
      "status" : "passed",
      "steps" : [ ],
      "attachments" : [ ],
      "parameters" : [ ],
      "stepsCount" : 0,
      "attachmentsCount" : 0,
      "shouldDisplayMessage" : false,
      "hasContent" : false
    }, {
      "name" : "Click \"Create new DB\" button.",
      "time" : {
        "start" : 1755482833024,
        "stop" : 1755482833095,
        "duration" : 71
      },
      "status" : "passed",
      "steps" : [ ],
      "attachments" : [ ],
      "parameters" : [ ],
      "stepsCount" : 0,
      "attachmentsCount" : 0,
      "shouldDisplayMessage" : false,
      "hasContent" : false
    }, {
      "name" : "Select region \"CIS\".",
      "time" : {
        "start" : 1755482833095,
        "stop" : 1755482834251,
        "duration" : 1156
      },
      "status" : "passed",
      "steps" : [ ],
      "attachments" : [ ],
      "parameters" : [ ],
      "stepsCount" : 0,
      "attachmentsCount" : 0,
      "shouldDisplayMessage" : false,
      "hasContent" : false
    }, {
      "name" : "Click \"Create\" button.",
      "time" : {
        "start" : 1755482834251,
        "stop" : 1755482834311,
        "duration" : 60
      },
      "status" : "passed",
      "steps" : [ ],
      "attachments" : [ ],
      "parameters" : [ ],
      "stepsCount" : 0,
      "attachmentsCount" : 0,
      "shouldDisplayMessage" : false,
      "hasContent" : false
    } ],
    "attachments" : [ {
      "uid" : "fbf7ffdd7ead1c5d",
      "name" : "Screenshot 2025-08-18 02:07:19.524799",
      "source" : "fbf7ffdd7ead1c5d.png",
      "type" : "image/png",
      "size" : 28300
    } ],
    "parameters" : [ ],
    "stepsCount" : 7,
    "attachmentsCount" : 1,
    "shouldDisplayMessage" : true,
    "hasContent" : true
  },
  "afterStages" : [ {
    "name" : "driver::0",
    "time" : {
      "start" : 1755482839526,
      "stop" : 1755482839585,
      "duration" : 59
    },
    "status" : "passed",
    "steps" : [ ],
    "attachments" : [ ],
    "parameters" : [ ],
    "stepsCount" : 0,
    "attachmentsCount" : 0,
    "shouldDisplayMessage" : false,
    "hasContent" : false
  } ],
  "labels" : [ {
    "name" : "suite",
    "value" : "Test Profile Page."
  }, {
    "name" : "parentSuite",
    "value" : "tests_ui"
  }, {
    "name" : "subSuite",
    "value" : "TestProfilePage"
  }, {
    "name" : "host",
    "value" : "pkrvmubgrv54qmi"
  }, {
    "name" : "thread",
    "value" : "2580-MainThread"
  }, {
    "name" : "framework",
    "value" : "pytest"
  }, {
    "name" : "language",
    "value" : "cpython3"
  }, {
    "name" : "package",
    "value" : "tests_ui.test_ui"
  }, {
    "name" : "resultFormat",
    "value" : "allure2"
  } ],
  "parameters" : [ ],
  "links" : [ ],
  "hidden" : false,
  "retry" : false,
  "extra" : {
    "severity" : "normal",
    "retries" : [ ],
    "categories" : [ {
      "name" : "Test defects",
      "matchedStatuses" : [ ],
      "flaky" : false
    } ],
    "history" : {
      "statistic" : {
        "failed" : 0,
        "broken" : 251,
        "skipped" : 0,
        "passed" : 3,
        "unknown" : 0,
        "total" : 254
      },
      "items" : [ {
        "uid" : "3f845d65f3f4325",
        "reportUrl" : "https://lambotik.github.io/Oblache/474//#testresult/3f845d65f3f4325",
        "status" : "passed",
        "time" : {
          "start" : 1755396510146,
          "stop" : 1755396516042,
          "duration" : 5896
        }
      }, {
        "uid" : "4a915b15b5626a2f",
        "reportUrl" : "https://lambotik.github.io/Oblache/473//#testresult/4a915b15b5626a2f",
        "status" : "broken",
        "statusDetails" : "ValueError: invalid literal for int() with base 10: 'nodata'",
        "time" : {
          "start" : 1755309443236,
          "stop" : 1755309448856,
          "duration" : 5620
        }
      }, {
        "uid" : "37314ec07b0f98ea",
        "reportUrl" : "https://lambotik.github.io/Oblache/472//#testresult/37314ec07b0f98ea",
        "status" : "broken",
        "statusDetails" : "selenium.common.exceptions.TimeoutException: Message: Can't find element by locator ('xpath', '//button[@id=\"menu_button_status\"]')\nStacktrace:\n#0 0x561a1240f05a <unknown>\n#1 0x561a11eaea70 <unknown>\n#2 0x561a11f00907 <unknown>\n#3 0x561a11f00b01 <unknown>\n#4 0x561a11f4ed54 <unknown>\n#5 0x561a11f2640d <unknown>\n#6 0x561a11f4c14f <unknown>\n#7 0x561a11f261b3 <unknown>\n#8 0x561a11ef259b <unknown>\n#9 0x561a11ef3971 <unknown>\n#10 0x561a123d422b <unknown>\n#11 0x561a123d7f79 <unknown>\n#12 0x561a123bb309 <unknown>\n#13 0x561a123d8b28 <unknown>\n#14 0x561a1239fbef <unknown>\n#15 0x561a123fc0e8 <unknown>\n#16 0x561a123fc2c6 <unknown>\n#17 0x561a1240e036 <unknown>\n#18 0x7fa09209caa4 <unknown>\n#19 0x7fa092129c3c <unknown>",
        "time" : {
          "start" : 1755223240279,
          "stop" : 1755223246409,
          "duration" : 6130
        }
      }, {
        "uid" : "91df1b8b620b18d5",
        "reportUrl" : "https://lambotik.github.io/Oblache/471//#testresult/91df1b8b620b18d5",
        "status" : "broken",
        "statusDetails" : "selenium.common.exceptions.TimeoutException: Message: Can't find element by locator ('xpath', '//div[@id=\"msg_from_server\"]')",
        "time" : {
          "start" : 1755136945222,
          "stop" : 1755136953254,
          "duration" : 8032
        }
      }, {
        "uid" : "520ea59fc9179a1d",
        "reportUrl" : "https://lambotik.github.io/Oblache/470//#testresult/520ea59fc9179a1d",
        "status" : "broken",
        "statusDetails" : "selenium.common.exceptions.TimeoutException: Message: Can't find element by locator ('xpath', '//div[@id=\"msg_from_server\"]')",
        "time" : {
          "start" : 1755050482884,
          "stop" : 1755050490919,
          "duration" : 8035
        }
      }, {
        "uid" : "c1e92e598c84e8e1",
        "reportUrl" : "https://lambotik.github.io/Oblache/469//#testresult/c1e92e598c84e8e1",
        "status" : "broken",
        "statusDetails" : "selenium.common.exceptions.TimeoutException: Message: Can't find element by locator ('xpath', '//div[@id=\"msg_from_server\"]')",
        "time" : {
          "start" : 1754963957079,
          "stop" : 1754963965110,
          "duration" : 8031
        }
      }, {
        "uid" : "1b5528fafb94786d",
        "reportUrl" : "https://lambotik.github.io/Oblache/468//#testresult/1b5528fafb94786d",
        "status" : "broken",
        "statusDetails" : "selenium.common.exceptions.TimeoutException: Message: Can't find element by locator ('xpath', '//div[@id=\"msg_from_server\"]')",
        "time" : {
          "start" : 1754878294122,
          "stop" : 1754878303141,
          "duration" : 9019
        }
      }, {
        "uid" : "685e6d5ae26a3973",
        "reportUrl" : "https://lambotik.github.io/Oblache/467//#testresult/685e6d5ae26a3973",
        "status" : "broken",
        "statusDetails" : "selenium.common.exceptions.TimeoutException: Message: Can't find element by locator ('xpath', '//button[@id=\"menu_button_status\"]')\nStacktrace:\n#0 0x55ce129c62ca <unknown>\n#1 0x55ce1246d550 <unknown>\n#2 0x55ce124bf0f0 <unknown>\n#3 0x55ce124bf2e1 <unknown>\n#4 0x55ce1250d5e4 <unknown>\n#5 0x55ce124e4bed <unknown>\n#6 0x55ce1250a9e6 <unknown>\n#7 0x55ce124e4993 <unknown>\n#8 0x55ce124b0d6b <unknown>\n#9 0x55ce124b2141 <unknown>\n#10 0x55ce1298b2ab <unknown>\n#11 0x55ce1298f0b9 <unknown>\n#12 0x55ce12972139 <unknown>\n#13 0x55ce1298fc68 <unknown>\n#14 0x55ce1295660f <unknown>\n#15 0x55ce129b41f8 <unknown>\n#16 0x55ce129b43d6 <unknown>\n#17 0x55ce129c55e6 <unknown>\n#18 0x7f670849caa4 <unknown>\n#19 0x7f6708529c3c <unknown>",
        "time" : {
          "start" : 1754792037778,
          "stop" : 1754792043910,
          "duration" : 6132
        }
      }, {
        "uid" : "8967d26a185962f2",
        "reportUrl" : "https://lambotik.github.io/Oblache/466//#testresult/8967d26a185962f2",
        "status" : "passed",
        "time" : {
          "start" : 1754704816682,
          "stop" : 1754704821474,
          "duration" : 4792
        }
      }, {
        "uid" : "2192637a3bd588db",
        "reportUrl" : "https://lambotik.github.io/Oblache/465//#testresult/2192637a3bd588db",
        "status" : "broken",
        "statusDetails" : "selenium.common.exceptions.TimeoutException: Message: Can't find element by locator ('xpath', '//button[@id=\"menu_button_status\"]')\nStacktrace:\n#0 0x560c93ad287a <unknown>\n#1 0x560c935772e0 <unknown>\n#2 0x560c935c8e00 <unknown>\n#3 0x560c935c8ff1 <unknown>\n#4 0x560c93617324 <unknown>\n#5 0x560c935ee8dd <unknown>\n#6 0x560c9361471c <unknown>\n#7 0x560c935ee683 <unknown>\n#8 0x560c935bab5b <unknown>\n#9 0x560c935bbf31 <unknown>\n#10 0x560c93a977cb <unknown>\n#11 0x560c93a9b5d4 <unknown>\n#12 0x560c93a7e2c9 <unknown>\n#13 0x560c93a9c178 <unknown>\n#14 0x560c93a626bf <unknown>\n#15 0x560c93abfe78 <unknown>\n#16 0x560c93ac0056 <unknown>\n#17 0x560c93ad1b96 <unknown>\n#18 0x7ff00169caa4 <unknown>\n#19 0x7ff001729c3c <unknown>",
        "time" : {
          "start" : 1754618992249,
          "stop" : 1754618998375,
          "duration" : 6126
        }
      }, {
        "uid" : "4f0d037f5192e79e",
        "reportUrl" : "https://lambotik.github.io/Oblache/464//#testresult/4f0d037f5192e79e",
        "status" : "broken",
        "statusDetails" : "ValueError: invalid literal for int() with base 10: 'nodata'",
        "time" : {
          "start" : 1754532749568,
          "stop" : 1754532755201,
          "duration" : 5633
        }
      }, {
        "uid" : "265331dfc472b633",
        "reportUrl" : "https://lambotik.github.io/Oblache/463//#testresult/265331dfc472b633",
        "status" : "broken",
        "statusDetails" : "selenium.common.exceptions.TimeoutException: Message: Can't find element by locator ('xpath', '//button[@id=\"menu_button_status\"]')\nStacktrace:\n#0 0x55cdf353187a <unknown>\n#1 0x55cdf2fd62e0 <unknown>\n#2 0x55cdf3027e00 <unknown>\n#3 0x55cdf3027ff1 <unknown>\n#4 0x55cdf3076324 <unknown>\n#5 0x55cdf304d8dd <unknown>\n#6 0x55cdf307371c <unknown>\n#7 0x55cdf304d683 <unknown>\n#8 0x55cdf3019b5b <unknown>\n#9 0x55cdf301af31 <unknown>\n#10 0x55cdf34f67cb <unknown>\n#11 0x55cdf34fa5d4 <unknown>\n#12 0x55cdf34dd2c9 <unknown>\n#13 0x55cdf34fb178 <unknown>\n#14 0x55cdf34c16bf <unknown>\n#15 0x55cdf351ee78 <unknown>\n#16 0x55cdf351f056 <unknown>\n#17 0x55cdf3530b96 <unknown>\n#18 0x7fe87549caa4 <unknown>\n#19 0x7fe875529c3c <unknown>",
        "time" : {
          "start" : 1754446210401,
          "stop" : 1754446216531,
          "duration" : 6130
        }
      }, {
        "uid" : "99aca6e625dfdb19",
        "reportUrl" : "https://lambotik.github.io/Oblache/462//#testresult/99aca6e625dfdb19",
        "status" : "broken",
        "statusDetails" : "selenium.common.exceptions.TimeoutException: Message: Can't find element by locator ('xpath', '//div[@id=\"msg_from_server\"]')",
        "time" : {
          "start" : 1754360003176,
          "stop" : 1754360011234,
          "duration" : 8058
        }
      }, {
        "uid" : "f7c7142f8f19db2e",
        "reportUrl" : "https://lambotik.github.io/Oblache/461//#testresult/f7c7142f8f19db2e",
        "status" : "broken",
        "statusDetails" : "selenium.common.exceptions.TimeoutException: Message: Can't find element by locator ('xpath', '//div[@id=\"msg_from_server\"]')",
        "time" : {
          "start" : 1754274322878,
          "stop" : 1754274330906,
          "duration" : 8028
        }
      }, {
        "uid" : "81f0bd517be2454f",
        "reportUrl" : "https://lambotik.github.io/Oblache/460//#testresult/81f0bd517be2454f",
        "status" : "broken",
        "statusDetails" : "selenium.common.exceptions.TimeoutException: Message: Can't find element by locator ('xpath', '//div[@id=\"msg_from_server\"]')",
        "time" : {
          "start" : 1754187988540,
          "stop" : 1754187997392,
          "duration" : 8852
        }
      }, {
        "uid" : "3035447f3bf4c16d",
        "reportUrl" : "https://lambotik.github.io/Oblache/459//#testresult/3035447f3bf4c16d",
        "status" : "broken",
        "statusDetails" : "selenium.common.exceptions.TimeoutException: Message: Can't find element by locator ('xpath', '//div[@id=\"msg_from_server\"]')",
        "time" : {
          "start" : 1754100319264,
          "stop" : 1754100327198,
          "duration" : 7934
        }
      }, {
        "uid" : "21e349ef0e4b519d",
        "reportUrl" : "https://lambotik.github.io/Oblache/458//#testresult/21e349ef0e4b519d",
        "status" : "broken",
        "statusDetails" : "selenium.common.exceptions.TimeoutException: Message: Can't find element by locator ('xpath', '//div[@id=\"msg_from_server\"]')",
        "time" : {
          "start" : 1754015240062,
          "stop" : 1754015248113,
          "duration" : 8051
        }
      }, {
        "uid" : "410aef75788f6fd3",
        "reportUrl" : "https://lambotik.github.io/Oblache/457//#testresult/410aef75788f6fd3",
        "status" : "broken",
        "statusDetails" : "selenium.common.exceptions.TimeoutException: Message: Can't find element by locator ('xpath', '//div[@id=\"msg_from_server\"]')",
        "time" : {
          "start" : 1753927818459,
          "stop" : 1753927826606,
          "duration" : 8147
        }
      }, {
        "uid" : "200020753b025737",
        "reportUrl" : "https://lambotik.github.io/Oblache/456//#testresult/200020753b025737",
        "status" : "broken",
        "statusDetails" : "selenium.common.exceptions.TimeoutException: Message: Can't find element by locator ('xpath', '//div[@id=\"msg_from_server\"]')",
        "time" : {
          "start" : 1753841424861,
          "stop" : 1753841432893,
          "duration" : 8032
        }
      }, {
        "uid" : "c1ba373570f415bb",
        "reportUrl" : "https://lambotik.github.io/Oblache/455//#testresult/c1ba373570f415bb",
        "status" : "broken",
        "statusDetails" : "selenium.common.exceptions.TimeoutException: Message: Can't find element by locator ('xpath', '//div[@id=\"msg_from_server\"]')",
        "time" : {
          "start" : 1753755981751,
          "stop" : 1753755990764,
          "duration" : 9013
        }
      } ]
    },
    "tags" : [ ]
  },
  "source" : "92f797f02e75d946.json",
  "parameterValues" : [ ]
}