{
  "uid" : "6aa5a63b857199cf",
  "name" : "test_delete_database",
  "fullName" : "tests_ui.test_ui.TestProfilePage#test_delete_database",
  "historyId" : "79ccd4aa4a29c03ae3f72e89c73351ae",
  "time" : {
    "start" : 1749863521411,
    "stop" : 1749863527532,
    "duration" : 6121
  },
  "status" : "broken",
  "statusMessage" : "selenium.common.exceptions.TimeoutException: Message: Can't find element by locator ('xpath', '//button[@id=\"menu_button_status\"]')\nStacktrace:\n#0 0x56327053429a <unknown>\n#1 0x56326ffa0040 <unknown>\n#2 0x56326fff1990 <unknown>\n#3 0x56326fff1b81 <unknown>\n#4 0x563270040664 <unknown>\n#5 0x5632700176bd <unknown>\n#6 0x56327003dace <unknown>\n#7 0x563270017463 <unknown>\n#8 0x56326ffe3c55 <unknown>\n#9 0x56326ffe48c1 <unknown>\n#10 0x5632704f91bb <unknown>\n#11 0x5632704fd0c9 <unknown>\n#12 0x5632704e1a39 <unknown>\n#13 0x5632704fdc78 <unknown>\n#14 0x5632704c66bf <unknown>\n#15 0x563270521948 <unknown>\n#16 0x563270521b26 <unknown>\n#17 0x563270533176 <unknown>\n#18 0x7fe11149caa4 <unknown>\n#19 0x7fe111529c3c <unknown>",
  "statusTrace" : "self = <tests_ui.test_ui.TestProfilePage object at 0x7f103b5df590>\ndriver = <selenium.webdriver.chrome.webdriver.WebDriver (session=\"de696428f3e37616770aa5695c705217\")>\nauthorization_user = None\n\n    @allure.title('test_delete_database')\n    def test_delete_database(self, driver, authorization_user):\n        page = ProfilePage(driver, authorization_user)\n>       page.click_button_status()\n\ntests_ui/test_ui.py:88: \n_ _ _ _ _ _ _ _ _ _ _ _ _ _ _ _ _ _ _ _ _ _ _ _ _ _ _ _ _ _ _ _ _ _ _ _ _ _ _ _ \ntests_ui/profile_page.py:18: in click_button_status\n    return self.element_is_present_and_clickable(self.locators.STATUS_BUTTON).click()\ntests_ui/base_page.py:28: in element_is_present_and_clickable\n    return (Wait(self.driver, self.timeout).until(\n_ _ _ _ _ _ _ _ _ _ _ _ _ _ _ _ _ _ _ _ _ _ _ _ _ _ _ _ _ _ _ _ _ _ _ _ _ _ _ _ \n\nself = <selenium.webdriver.support.wait.WebDriverWait (session=\"de696428f3e37616770aa5695c705217\")>\nmethod = <function visibility_of_element_located.<locals>._predicate at 0x7f103ab111c0>\nmessage = 'Can\\'t find element by locator (\\'xpath\\', \\'//button[@id=\"menu_button_status\"]\\')'\n\n    def until(self, method: Callable[[D], Union[Literal[False], T]], message: str = \"\") -> T:\n        \"\"\"Calls the method provided with the driver as an argument until the \\\n        return value does not evaluate to ``False``.\n    \n        :param method: callable(WebDriver)\n        :param message: optional message for :exc:`TimeoutException`\n        :returns: the result of the last call to `method`\n        :raises: :exc:`selenium.common.exceptions.TimeoutException` if timeout occurs\n        \"\"\"\n        screen = None\n        stacktrace = None\n    \n        end_time = time.monotonic() + self._timeout\n        while True:\n            try:\n                value = method(self._driver)\n                if value:\n                    return value\n            except self._ignored_exceptions as exc:\n                screen = getattr(exc, \"screen\", None)\n                stacktrace = getattr(exc, \"stacktrace\", None)\n            time.sleep(self._poll)\n            if time.monotonic() > end_time:\n                break\n>       raise TimeoutException(message, screen, stacktrace)\nE       selenium.common.exceptions.TimeoutException: Message: Can't find element by locator ('xpath', '//button[@id=\"menu_button_status\"]')\nE       Stacktrace:\nE       #0 0x56327053429a <unknown>\nE       #1 0x56326ffa0040 <unknown>\nE       #2 0x56326fff1990 <unknown>\nE       #3 0x56326fff1b81 <unknown>\nE       #4 0x563270040664 <unknown>\nE       #5 0x5632700176bd <unknown>\nE       #6 0x56327003dace <unknown>\nE       #7 0x563270017463 <unknown>\nE       #8 0x56326ffe3c55 <unknown>\nE       #9 0x56326ffe48c1 <unknown>\nE       #10 0x5632704f91bb <unknown>\nE       #11 0x5632704fd0c9 <unknown>\nE       #12 0x5632704e1a39 <unknown>\nE       #13 0x5632704fdc78 <unknown>\nE       #14 0x5632704c66bf <unknown>\nE       #15 0x563270521948 <unknown>\nE       #16 0x563270521b26 <unknown>\nE       #17 0x563270533176 <unknown>\nE       #18 0x7fe11149caa4 <unknown>\nE       #19 0x7fe111529c3c <unknown>\n\n/opt/hostedtoolcache/Python/3.12.10/x64/lib/python3.12/site-packages/selenium/webdriver/support/wait.py:105: TimeoutException",
  "flaky" : false,
  "newFailed" : false,
  "beforeStages" : [ {
    "name" : "authorization_user",
    "time" : {
      "start" : 1749863520699,
      "stop" : 1749863521411,
      "duration" : 712
    },
    "status" : "passed",
    "steps" : [ {
      "name" : "Open page: https://oblache.areso.pro/register.html",
      "time" : {
        "start" : 1749863520699,
        "stop" : 1749863521222,
        "duration" : 523
      },
      "status" : "passed",
      "steps" : [ ],
      "attachments" : [ ],
      "parameters" : [ ],
      "stepsCount" : 0,
      "attachmentsCount" : 0,
      "shouldDisplayMessage" : false,
      "hasContent" : false
    }, {
      "name" : "Login user",
      "time" : {
        "start" : 1749863521222,
        "stop" : 1749863521411,
        "duration" : 189
      },
      "status" : "passed",
      "steps" : [ {
        "name" : "Enter email.",
        "time" : {
          "start" : 1749863521222,
          "stop" : 1749863521282,
          "duration" : 60
        },
        "status" : "passed",
        "steps" : [ ],
        "attachments" : [ ],
        "parameters" : [ ],
        "stepsCount" : 0,
        "attachmentsCount" : 0,
        "shouldDisplayMessage" : false,
        "hasContent" : false
      }, {
        "name" : "Enter password.",
        "time" : {
          "start" : 1749863521282,
          "stop" : 1749863521323,
          "duration" : 41
        },
        "status" : "passed",
        "steps" : [ ],
        "attachments" : [ ],
        "parameters" : [ ],
        "stepsCount" : 0,
        "attachmentsCount" : 0,
        "shouldDisplayMessage" : false,
        "hasContent" : false
      }, {
        "name" : "Click button \"Login\"",
        "time" : {
          "start" : 1749863521323,
          "stop" : 1749863521408,
          "duration" : 85
        },
        "status" : "passed",
        "steps" : [ ],
        "attachments" : [ ],
        "parameters" : [ ],
        "stepsCount" : 0,
        "attachmentsCount" : 0,
        "shouldDisplayMessage" : false,
        "hasContent" : false
      }, {
        "name" : "Check url is present: https://oblache.areso.pro/register.html",
        "time" : {
          "start" : 1749863521408,
          "stop" : 1749863521411,
          "duration" : 3
        },
        "status" : "passed",
        "steps" : [ ],
        "attachments" : [ ],
        "parameters" : [ ],
        "stepsCount" : 0,
        "attachmentsCount" : 0,
        "shouldDisplayMessage" : false,
        "hasContent" : false
      } ],
      "attachments" : [ ],
      "parameters" : [ ],
      "stepsCount" : 4,
      "attachmentsCount" : 0,
      "shouldDisplayMessage" : false,
      "hasContent" : true
    } ],
    "attachments" : [ ],
    "parameters" : [ ],
    "stepsCount" : 6,
    "attachmentsCount" : 0,
    "shouldDisplayMessage" : false,
    "hasContent" : true
  }, {
    "name" : "driver",
    "time" : {
      "start" : 1749863520368,
      "stop" : 1749863520698,
      "duration" : 330
    },
    "status" : "passed",
    "steps" : [ ],
    "attachments" : [ ],
    "parameters" : [ ],
    "stepsCount" : 0,
    "attachmentsCount" : 0,
    "shouldDisplayMessage" : false,
    "hasContent" : false
  } ],
  "testStage" : {
    "status" : "broken",
    "statusMessage" : "selenium.common.exceptions.TimeoutException: Message: Can't find element by locator ('xpath', '//button[@id=\"menu_button_status\"]')\nStacktrace:\n#0 0x56327053429a <unknown>\n#1 0x56326ffa0040 <unknown>\n#2 0x56326fff1990 <unknown>\n#3 0x56326fff1b81 <unknown>\n#4 0x563270040664 <unknown>\n#5 0x5632700176bd <unknown>\n#6 0x56327003dace <unknown>\n#7 0x563270017463 <unknown>\n#8 0x56326ffe3c55 <unknown>\n#9 0x56326ffe48c1 <unknown>\n#10 0x5632704f91bb <unknown>\n#11 0x5632704fd0c9 <unknown>\n#12 0x5632704e1a39 <unknown>\n#13 0x5632704fdc78 <unknown>\n#14 0x5632704c66bf <unknown>\n#15 0x563270521948 <unknown>\n#16 0x563270521b26 <unknown>\n#17 0x563270533176 <unknown>\n#18 0x7fe11149caa4 <unknown>\n#19 0x7fe111529c3c <unknown>",
    "statusTrace" : "self = <tests_ui.test_ui.TestProfilePage object at 0x7f103b5df590>\ndriver = <selenium.webdriver.chrome.webdriver.WebDriver (session=\"de696428f3e37616770aa5695c705217\")>\nauthorization_user = None\n\n    @allure.title('test_delete_database')\n    def test_delete_database(self, driver, authorization_user):\n        page = ProfilePage(driver, authorization_user)\n>       page.click_button_status()\n\ntests_ui/test_ui.py:88: \n_ _ _ _ _ _ _ _ _ _ _ _ _ _ _ _ _ _ _ _ _ _ _ _ _ _ _ _ _ _ _ _ _ _ _ _ _ _ _ _ \ntests_ui/profile_page.py:18: in click_button_status\n    return self.element_is_present_and_clickable(self.locators.STATUS_BUTTON).click()\ntests_ui/base_page.py:28: in element_is_present_and_clickable\n    return (Wait(self.driver, self.timeout).until(\n_ _ _ _ _ _ _ _ _ _ _ _ _ _ _ _ _ _ _ _ _ _ _ _ _ _ _ _ _ _ _ _ _ _ _ _ _ _ _ _ \n\nself = <selenium.webdriver.support.wait.WebDriverWait (session=\"de696428f3e37616770aa5695c705217\")>\nmethod = <function visibility_of_element_located.<locals>._predicate at 0x7f103ab111c0>\nmessage = 'Can\\'t find element by locator (\\'xpath\\', \\'//button[@id=\"menu_button_status\"]\\')'\n\n    def until(self, method: Callable[[D], Union[Literal[False], T]], message: str = \"\") -> T:\n        \"\"\"Calls the method provided with the driver as an argument until the \\\n        return value does not evaluate to ``False``.\n    \n        :param method: callable(WebDriver)\n        :param message: optional message for :exc:`TimeoutException`\n        :returns: the result of the last call to `method`\n        :raises: :exc:`selenium.common.exceptions.TimeoutException` if timeout occurs\n        \"\"\"\n        screen = None\n        stacktrace = None\n    \n        end_time = time.monotonic() + self._timeout\n        while True:\n            try:\n                value = method(self._driver)\n                if value:\n                    return value\n            except self._ignored_exceptions as exc:\n                screen = getattr(exc, \"screen\", None)\n                stacktrace = getattr(exc, \"stacktrace\", None)\n            time.sleep(self._poll)\n            if time.monotonic() > end_time:\n                break\n>       raise TimeoutException(message, screen, stacktrace)\nE       selenium.common.exceptions.TimeoutException: Message: Can't find element by locator ('xpath', '//button[@id=\"menu_button_status\"]')\nE       Stacktrace:\nE       #0 0x56327053429a <unknown>\nE       #1 0x56326ffa0040 <unknown>\nE       #2 0x56326fff1990 <unknown>\nE       #3 0x56326fff1b81 <unknown>\nE       #4 0x563270040664 <unknown>\nE       #5 0x5632700176bd <unknown>\nE       #6 0x56327003dace <unknown>\nE       #7 0x563270017463 <unknown>\nE       #8 0x56326ffe3c55 <unknown>\nE       #9 0x56326ffe48c1 <unknown>\nE       #10 0x5632704f91bb <unknown>\nE       #11 0x5632704fd0c9 <unknown>\nE       #12 0x5632704e1a39 <unknown>\nE       #13 0x5632704fdc78 <unknown>\nE       #14 0x5632704c66bf <unknown>\nE       #15 0x563270521948 <unknown>\nE       #16 0x563270521b26 <unknown>\nE       #17 0x563270533176 <unknown>\nE       #18 0x7fe11149caa4 <unknown>\nE       #19 0x7fe111529c3c <unknown>\n\n/opt/hostedtoolcache/Python/3.12.10/x64/lib/python3.12/site-packages/selenium/webdriver/support/wait.py:105: TimeoutException",
    "steps" : [ {
      "name" : "Click button Status.",
      "time" : {
        "start" : 1749863522412,
        "stop" : 1749863527531,
        "duration" : 5119
      },
      "status" : "broken",
      "statusMessage" : "selenium.common.exceptions.TimeoutException: Message: Can't find element by locator ('xpath', '//button[@id=\"menu_button_status\"]')\nStacktrace:\n#0 0x56327053429a <unknown>\n#1 0x56326ffa0040 <unknown>\n#2 0x56326fff1990 <unknown>\n#3 0x56326fff1b81 <unknown>\n#4 0x563270040664 <unknown>\n#5 0x5632700176bd <unknown>\n#6 0x56327003dace <unknown>\n#7 0x563270017463 <unknown>\n#8 0x56326ffe3c55 <unknown>\n#9 0x56326ffe48c1 <unknown>\n#10 0x5632704f91bb <unknown>\n#11 0x5632704fd0c9 <unknown>\n#12 0x5632704e1a39 <unknown>\n#13 0x5632704fdc78 <unknown>\n#14 0x5632704c66bf <unknown>\n#15 0x563270521948 <unknown>\n#16 0x563270521b26 <unknown>\n#17 0x563270533176 <unknown>\n#18 0x7fe11149caa4 <unknown>\n#19 0x7fe111529c3c <unknown>\n\n",
      "statusTrace" : "  File \"/home/runner/work/Oblache/Oblache/tests_ui/profile_page.py\", line 18, in click_button_status\n    return self.element_is_present_and_clickable(self.locators.STATUS_BUTTON).click()\n           ^^^^^^^^^^^^^^^^^^^^^^^^^^^^^^^^^^^^^^^^^^^^^^^^^^^^^^^^^^^^^^^^^^\n  File \"/home/runner/work/Oblache/Oblache/tests_ui/base_page.py\", line 28, in element_is_present_and_clickable\n    return (Wait(self.driver, self.timeout).until(\n            ^^^^^^^^^^^^^^^^^^^^^^^^^^^^^^^^^^^^^^\n  File \"/opt/hostedtoolcache/Python/3.12.10/x64/lib/python3.12/site-packages/selenium/webdriver/support/wait.py\", line 105, in until\n    raise TimeoutException(message, screen, stacktrace)\n",
      "steps" : [ ],
      "attachments" : [ ],
      "parameters" : [ ],
      "stepsCount" : 0,
      "attachmentsCount" : 0,
      "shouldDisplayMessage" : true,
      "hasContent" : true
    } ],
    "attachments" : [ {
      "uid" : "cdfd564db66b21d0",
      "name" : "Screenshot 2025-06-14 01:12:07.639599",
      "source" : "cdfd564db66b21d0.png",
      "type" : "image/png",
      "size" : 15825
    } ],
    "parameters" : [ ],
    "stepsCount" : 1,
    "attachmentsCount" : 1,
    "shouldDisplayMessage" : true,
    "hasContent" : true
  },
  "afterStages" : [ {
    "name" : "driver::0",
    "time" : {
      "start" : 1749863527641,
      "stop" : 1749863527700,
      "duration" : 59
    },
    "status" : "passed",
    "steps" : [ ],
    "attachments" : [ ],
    "parameters" : [ ],
    "stepsCount" : 0,
    "attachmentsCount" : 0,
    "shouldDisplayMessage" : false,
    "hasContent" : false
  } ],
  "labels" : [ {
    "name" : "suite",
    "value" : "Test Profile Page."
  }, {
    "name" : "parentSuite",
    "value" : "tests_ui"
  }, {
    "name" : "subSuite",
    "value" : "TestProfilePage"
  }, {
    "name" : "host",
    "value" : "pkrvmxyh4eaekms"
  }, {
    "name" : "thread",
    "value" : "2638-MainThread"
  }, {
    "name" : "framework",
    "value" : "pytest"
  }, {
    "name" : "language",
    "value" : "cpython3"
  }, {
    "name" : "package",
    "value" : "tests_ui.test_ui"
  }, {
    "name" : "resultFormat",
    "value" : "allure2"
  } ],
  "parameters" : [ ],
  "links" : [ ],
  "hidden" : false,
  "retry" : false,
  "extra" : {
    "severity" : "normal",
    "retries" : [ ],
    "categories" : [ {
      "name" : "Test defects",
      "matchedStatuses" : [ ],
      "flaky" : false
    } ],
    "history" : {
      "statistic" : {
        "failed" : 183,
        "broken" : 29,
        "skipped" : 0,
        "passed" : 0,
        "unknown" : 0,
        "total" : 212
      },
      "items" : [ {
        "uid" : "d0900dd102f480d5",
        "reportUrl" : "https://lambotik.github.io/Oblache/432//#testresult/d0900dd102f480d5",
        "status" : "broken",
        "statusDetails" : "selenium.common.exceptions.TimeoutException: Message: Can't find element by locator ('xpath', '//button[@id=\"menu_button_status\"]')\nStacktrace:\n#0 0x55c4e353229a <unknown>\n#1 0x55c4e2f9e040 <unknown>\n#2 0x55c4e2fef990 <unknown>\n#3 0x55c4e2fefb81 <unknown>\n#4 0x55c4e303e664 <unknown>\n#5 0x55c4e30156bd <unknown>\n#6 0x55c4e303bace <unknown>\n#7 0x55c4e3015463 <unknown>\n#8 0x55c4e2fe1c55 <unknown>\n#9 0x55c4e2fe28c1 <unknown>\n#10 0x55c4e34f71bb <unknown>\n#11 0x55c4e34fb0c9 <unknown>\n#12 0x55c4e34dfa39 <unknown>\n#13 0x55c4e34fbc78 <unknown>\n#14 0x55c4e34c46bf <unknown>\n#15 0x55c4e351f948 <unknown>\n#16 0x55c4e351fb26 <unknown>\n#17 0x55c4e3531176 <unknown>\n#18 0x7f74d129caa4 <unknown>\n#19 0x7f74d1329c3c <unknown>",
        "time" : {
          "start" : 1749777282059,
          "stop" : 1749777288201,
          "duration" : 6142
        }
      }, {
        "uid" : "9a773f7630561960",
        "reportUrl" : "https://lambotik.github.io/Oblache/431//#testresult/9a773f7630561960",
        "status" : "broken",
        "statusDetails" : "selenium.common.exceptions.TimeoutException: Message: Can't find element by locator ('xpath', '//button[@id=\"menu_button_status\"]')\nStacktrace:\n#0 0x557be9f7929a <unknown>\n#1 0x557be99e5040 <unknown>\n#2 0x557be9a36990 <unknown>\n#3 0x557be9a36b81 <unknown>\n#4 0x557be9a85664 <unknown>\n#5 0x557be9a5c6bd <unknown>\n#6 0x557be9a82ace <unknown>\n#7 0x557be9a5c463 <unknown>\n#8 0x557be9a28c55 <unknown>\n#9 0x557be9a298c1 <unknown>\n#10 0x557be9f3e1bb <unknown>\n#11 0x557be9f420c9 <unknown>\n#12 0x557be9f26a39 <unknown>\n#13 0x557be9f42c78 <unknown>\n#14 0x557be9f0b6bf <unknown>\n#15 0x557be9f66948 <unknown>\n#16 0x557be9f66b26 <unknown>\n#17 0x557be9f78176 <unknown>\n#18 0x7f5c4129caa4 <unknown>\n#19 0x7f5c41329c3c <unknown>",
        "time" : {
          "start" : 1749690811405,
          "stop" : 1749690817536,
          "duration" : 6131
        }
      }, {
        "uid" : "2118a8bd11ab4dde",
        "reportUrl" : "https://lambotik.github.io/Oblache/430//#testresult/2118a8bd11ab4dde",
        "status" : "broken",
        "statusDetails" : "selenium.common.exceptions.TimeoutException: Message: Can't find element by locator ('xpath', '//button[@id=\"menu_button_status\"]')\nStacktrace:\n#0 0x556c3ab1529a <unknown>\n#1 0x556c3a581040 <unknown>\n#2 0x556c3a5d2990 <unknown>\n#3 0x556c3a5d2b81 <unknown>\n#4 0x556c3a621664 <unknown>\n#5 0x556c3a5f86bd <unknown>\n#6 0x556c3a61eace <unknown>\n#7 0x556c3a5f8463 <unknown>\n#8 0x556c3a5c4c55 <unknown>\n#9 0x556c3a5c58c1 <unknown>\n#10 0x556c3aada1bb <unknown>\n#11 0x556c3aade0c9 <unknown>\n#12 0x556c3aac2a39 <unknown>\n#13 0x556c3aadec78 <unknown>\n#14 0x556c3aaa76bf <unknown>\n#15 0x556c3ab02948 <unknown>\n#16 0x556c3ab02b26 <unknown>\n#17 0x556c3ab14176 <unknown>\n#18 0x7f937569caa4 <unknown>\n#19 0x7f9375729c3c <unknown>",
        "time" : {
          "start" : 1749604490621,
          "stop" : 1749604496748,
          "duration" : 6127
        }
      }, {
        "uid" : "773f2882c87a9223",
        "reportUrl" : "https://lambotik.github.io/Oblache/429//#testresult/773f2882c87a9223",
        "status" : "broken",
        "statusDetails" : "selenium.common.exceptions.TimeoutException: Message: Can't find element by locator ('xpath', '//button[@id=\"menu_button_status\"]')\nStacktrace:\n#0 0x558f2c69478a <unknown>\n#1 0x558f2c1370a0 <unknown>\n#2 0x558f2c1889b0 <unknown>\n#3 0x558f2c188ba1 <unknown>\n#4 0x558f2c1d6ea4 <unknown>\n#5 0x558f2c1ae3cd <unknown>\n#6 0x558f2c1d42a0 <unknown>\n#7 0x558f2c1ae173 <unknown>\n#8 0x558f2c17ad4b <unknown>\n#9 0x558f2c17b9b1 <unknown>\n#10 0x558f2c65993b <unknown>\n#11 0x558f2c65d83a <unknown>\n#12 0x558f2c641692 <unknown>\n#13 0x558f2c65e3c4 <unknown>\n#14 0x558f2c6264cf <unknown>\n#15 0x558f2c682568 <unknown>\n#16 0x558f2c682746 <unknown>\n#17 0x558f2c6935f6 <unknown>\n#18 0x7f7fb769caa4 <unknown>\n#19 0x7f7fb7729c3c <unknown>",
        "time" : {
          "start" : 1749518115239,
          "stop" : 1749518121364,
          "duration" : 6125
        }
      }, {
        "uid" : "cf8539760748cbb8",
        "reportUrl" : "https://lambotik.github.io/Oblache/428//#testresult/cf8539760748cbb8",
        "status" : "broken",
        "statusDetails" : "selenium.common.exceptions.TimeoutException: Message: Can't find element by locator ('xpath', '//button[@id=\"menu_button_status\"]')\nStacktrace:\n#0 0x558892e7978a <unknown>\n#1 0x55889291c0a0 <unknown>\n#2 0x55889296d9b0 <unknown>\n#3 0x55889296dba1 <unknown>\n#4 0x5588929bbea4 <unknown>\n#5 0x5588929933cd <unknown>\n#6 0x5588929b92a0 <unknown>\n#7 0x558892993173 <unknown>\n#8 0x55889295fd4b <unknown>\n#9 0x5588929609b1 <unknown>\n#10 0x558892e3e93b <unknown>\n#11 0x558892e4283a <unknown>\n#12 0x558892e26692 <unknown>\n#13 0x558892e433c4 <unknown>\n#14 0x558892e0b4cf <unknown>\n#15 0x558892e67568 <unknown>\n#16 0x558892e67746 <unknown>\n#17 0x558892e785f6 <unknown>\n#18 0x7fd408a9caa4 <unknown>\n#19 0x7fd408b29c3c <unknown>",
        "time" : {
          "start" : 1749431872628,
          "stop" : 1749431878757,
          "duration" : 6129
        }
      }, {
        "uid" : "7adebe7d226751c9",
        "reportUrl" : "https://lambotik.github.io/Oblache/427//#testresult/7adebe7d226751c9",
        "status" : "failed",
        "statusDetails" : "AssertionError: Wrong answer from server or need manual deleting!!!",
        "time" : {
          "start" : 1749345680473,
          "stop" : 1749345683901,
          "duration" : 3428
        }
      }, {
        "uid" : "88fe779ccd74e335",
        "reportUrl" : "https://lambotik.github.io/Oblache/426//#testresult/88fe779ccd74e335",
        "status" : "failed",
        "statusDetails" : "AssertionError: Wrong answer from server or need manual deleting!!!",
        "time" : {
          "start" : 1749258854528,
          "stop" : 1749258857932,
          "duration" : 3404
        }
      }, {
        "uid" : "a4e6605da34981ac",
        "reportUrl" : "https://lambotik.github.io/Oblache/425//#testresult/a4e6605da34981ac",
        "status" : "failed",
        "statusDetails" : "AssertionError: Wrong answer from server or need manual deleting!!!",
        "time" : {
          "start" : 1749172527540,
          "stop" : 1749172531024,
          "duration" : 3484
        }
      }, {
        "uid" : "125d725f502fccdf",
        "reportUrl" : "https://lambotik.github.io/Oblache/424//#testresult/125d725f502fccdf",
        "status" : "failed",
        "statusDetails" : "AssertionError: Wrong answer from server or need manual deleting!!!",
        "time" : {
          "start" : 1749086063427,
          "stop" : 1749086066827,
          "duration" : 3400
        }
      }, {
        "uid" : "9547d0572d03e13f",
        "reportUrl" : "https://lambotik.github.io/Oblache/423//#testresult/9547d0572d03e13f",
        "status" : "failed",
        "statusDetails" : "AssertionError: Wrong answer from server or need manual deleting!!!",
        "time" : {
          "start" : 1748999719822,
          "stop" : 1748999723214,
          "duration" : 3392
        }
      }, {
        "uid" : "d927ce10725c34f1",
        "reportUrl" : "https://lambotik.github.io/Oblache/422//#testresult/d927ce10725c34f1",
        "status" : "failed",
        "statusDetails" : "AssertionError: Wrong answer from server or need manual deleting!!!",
        "time" : {
          "start" : 1748913389724,
          "stop" : 1748913393216,
          "duration" : 3492
        }
      }, {
        "uid" : "5040b62fdcc2b810",
        "reportUrl" : "https://lambotik.github.io/Oblache/421//#testresult/5040b62fdcc2b810",
        "status" : "failed",
        "statusDetails" : "AssertionError: Wrong answer from server or need manual deleting!!!",
        "time" : {
          "start" : 1748827041470,
          "stop" : 1748827044860,
          "duration" : 3390
        }
      }, {
        "uid" : "2e87220bb6c6648a",
        "reportUrl" : "https://lambotik.github.io/Oblache/420//#testresult/2e87220bb6c6648a",
        "status" : "broken",
        "statusDetails" : "selenium.common.exceptions.TimeoutException: Message: Can't find element by locator ('xpath', '//button[@id=\"menu_button_status\"]')\nStacktrace:\n#0 0x561f242e578a <unknown>\n#1 0x561f23d880a0 <unknown>\n#2 0x561f23dd99b0 <unknown>\n#3 0x561f23dd9ba1 <unknown>\n#4 0x561f23e27ea4 <unknown>\n#5 0x561f23dff3cd <unknown>\n#6 0x561f23e252a0 <unknown>\n#7 0x561f23dff173 <unknown>\n#8 0x561f23dcbd4b <unknown>\n#9 0x561f23dcc9b1 <unknown>\n#10 0x561f242aa93b <unknown>\n#11 0x561f242ae83a <unknown>\n#12 0x561f24292692 <unknown>\n#13 0x561f242af3c4 <unknown>\n#14 0x561f242774cf <unknown>\n#15 0x561f242d3568 <unknown>\n#16 0x561f242d3746 <unknown>\n#17 0x561f242e45f6 <unknown>\n#18 0x7f0ef409caa4 <unknown>\n#19 0x7f0ef4129c3c <unknown>",
        "time" : {
          "start" : 1748745244029,
          "stop" : 1748745250158,
          "duration" : 6129
        }
      }, {
        "uid" : "b913da6c297191d5",
        "reportUrl" : "https://lambotik.github.io/Oblache/419//#testresult/b913da6c297191d5",
        "status" : "broken",
        "statusDetails" : "selenium.common.exceptions.TimeoutException: Message: Can't find element by locator ('xpath', '//button[@id=\"menu_button_status\"]')\nStacktrace:\n#0 0x55a1a796778a <unknown>\n#1 0x55a1a740a0a0 <unknown>\n#2 0x55a1a745b9b0 <unknown>\n#3 0x55a1a745bba1 <unknown>\n#4 0x55a1a74a9ea4 <unknown>\n#5 0x55a1a74813cd <unknown>\n#6 0x55a1a74a72a0 <unknown>\n#7 0x55a1a7481173 <unknown>\n#8 0x55a1a744dd4b <unknown>\n#9 0x55a1a744e9b1 <unknown>\n#10 0x55a1a792c93b <unknown>\n#11 0x55a1a793083a <unknown>\n#12 0x55a1a7914692 <unknown>\n#13 0x55a1a79313c4 <unknown>\n#14 0x55a1a78f94cf <unknown>\n#15 0x55a1a7955568 <unknown>\n#16 0x55a1a7955746 <unknown>\n#17 0x55a1a79665f6 <unknown>\n#18 0x7fa032c9caa4 <unknown>\n#19 0x7fa032d29c3c <unknown>",
        "time" : {
          "start" : 1748657956429,
          "stop" : 1748657962557,
          "duration" : 6128
        }
      }, {
        "uid" : "ecc3a5406ddbdf5",
        "reportUrl" : "https://lambotik.github.io/Oblache/418//#testresult/ecc3a5406ddbdf5",
        "status" : "broken",
        "statusDetails" : "selenium.common.exceptions.TimeoutException: Message: Can't find element by locator ('xpath', '//button[@id=\"menu_button_status\"]')\nStacktrace:\n#0 0x562de37a978a <unknown>\n#1 0x562de324c0a0 <unknown>\n#2 0x562de329d9b0 <unknown>\n#3 0x562de329dba1 <unknown>\n#4 0x562de32ebea4 <unknown>\n#5 0x562de32c33cd <unknown>\n#6 0x562de32e92a0 <unknown>\n#7 0x562de32c3173 <unknown>\n#8 0x562de328fd4b <unknown>\n#9 0x562de32909b1 <unknown>\n#10 0x562de376e93b <unknown>\n#11 0x562de377283a <unknown>\n#12 0x562de3756692 <unknown>\n#13 0x562de37733c4 <unknown>\n#14 0x562de373b4cf <unknown>\n#15 0x562de3797568 <unknown>\n#16 0x562de3797746 <unknown>\n#17 0x562de37a85f6 <unknown>\n#18 0x7f6c3de9caa4 <unknown>\n#19 0x7f6c3df29c3c <unknown>",
        "time" : {
          "start" : 1748571548470,
          "stop" : 1748571554606,
          "duration" : 6136
        }
      }, {
        "uid" : "3763b327961570e5",
        "reportUrl" : "https://lambotik.github.io/Oblache/417//#testresult/3763b327961570e5",
        "status" : "failed",
        "statusDetails" : "AssertionError: Wrong answer from server or need manual deleting!!!",
        "time" : {
          "start" : 1748481269351,
          "stop" : 1748481272756,
          "duration" : 3405
        }
      }, {
        "uid" : "8581b81b50bc0470",
        "reportUrl" : "https://lambotik.github.io/Oblache/416//#testresult/8581b81b50bc0470",
        "status" : "failed",
        "statusDetails" : "AssertionError: Wrong answer from server or need manual deleting!!!",
        "time" : {
          "start" : 1748394859933,
          "stop" : 1748394863318,
          "duration" : 3385
        }
      }, {
        "uid" : "70fa8824396f6071",
        "reportUrl" : "https://lambotik.github.io/Oblache/415//#testresult/70fa8824396f6071",
        "status" : "failed",
        "statusDetails" : "AssertionError: Wrong answer from server or need manual deleting!!!",
        "time" : {
          "start" : 1748308402825,
          "stop" : 1748308406215,
          "duration" : 3390
        }
      }, {
        "uid" : "c4bec3c05bc54abf",
        "reportUrl" : "https://lambotik.github.io/Oblache/414//#testresult/c4bec3c05bc54abf",
        "status" : "failed",
        "statusDetails" : "AssertionError: Wrong answer from server or need manual deleting!!!",
        "time" : {
          "start" : 1748222120015,
          "stop" : 1748222123393,
          "duration" : 3378
        }
      }, {
        "uid" : "8225f0c9bfc85ed",
        "reportUrl" : "https://lambotik.github.io/Oblache/413//#testresult/8225f0c9bfc85ed",
        "status" : "failed",
        "statusDetails" : "AssertionError: Wrong answer from server or need manual deleting!!!",
        "time" : {
          "start" : 1748136029079,
          "stop" : 1748136032483,
          "duration" : 3404
        }
      } ]
    },
    "tags" : [ ]
  },
  "source" : "6aa5a63b857199cf.json",
  "parameterValues" : [ ]
}