{
  "uid" : "6d0ddc28238a84c1",
  "name" : "test_clipboard_jdbc",
  "fullName" : "tests_ui.test_ui.TestProfilePage#test_clipboard_jdbc",
  "historyId" : "3c3bc2de59af179987e51569fc1d3309",
  "time" : {
    "start" : 1745024920726,
    "stop" : 1745024928000,
    "duration" : 7274
  },
  "status" : "broken",
  "statusMessage" : "selenium.common.exceptions.TimeoutException: Message: Can't find element by locator ('xpath', '//tbody[@id=\"tbody_dbs\"] /tr[1]/td[7] /button')\nStacktrace:\n#0 0x55f65536bd0a <unknown>\n#1 0x55f654e1c5f0 <unknown>\n#2 0x55f654e6da33 <unknown>\n#3 0x55f654e6dc21 <unknown>\n#4 0x55f654ebc274 <unknown>\n#5 0x55f654e9368d <unknown>\n#6 0x55f654eb9660 <unknown>\n#7 0x55f654e93433 <unknown>\n#8 0x55f654e5fea3 <unknown>\n#9 0x55f654e60b01 <unknown>\n#10 0x55f655330b5b <unknown>\n#11 0x55f655334a41 <unknown>\n#12 0x55f655317c52 <unknown>\n#13 0x55f6553355b4 <unknown>\n#14 0x55f6552fbf0f <unknown>\n#15 0x55f655359db8 <unknown>\n#16 0x55f655359f96 <unknown>\n#17 0x55f65536ab56 <unknown>\n#18 0x7f082609caa4 <unknown>\n#19 0x7f0826129c3c <unknown>",
  "statusTrace" : "self = <tests_ui.test_ui.TestProfilePage object at 0x7f99dfa6ba70>\ndriver = <selenium.webdriver.chrome.webdriver.WebDriver (session=\"8cb821929908b3a38d74c8150d0e675c\")>\nauthorization_user = None\n\n    @allure.title('test_clipboard_jdbc')\n    def test_clipboard_jdbc(self, driver, authorization_user):\n        page = ProfilePage(driver, authorization_user)\n        page.click_button_databases()\n>       page.check_clipboard_jdbc(token=TestProfilePage.token)\n\ntests_ui/test_ui.py:107: \n_ _ _ _ _ _ _ _ _ _ _ _ _ _ _ _ _ _ _ _ _ _ _ _ _ _ _ _ _ _ _ _ _ _ _ _ _ _ _ _ \ntests_ui/profile_page.py:124: in check_clipboard_jdbc\n    button = self.element_is_visible((By.XPATH, '//tbody[@id=\"tbody_dbs\"] /tr[1]/td[7] /button'))\ntests_ui/base_page.py:33: in element_is_visible\n    self.go_to_element(self.element_is_present(locator))\ntests_ui/base_page.py:46: in element_is_present\n    return Wait(self.driver, self.timeout).until(\n_ _ _ _ _ _ _ _ _ _ _ _ _ _ _ _ _ _ _ _ _ _ _ _ _ _ _ _ _ _ _ _ _ _ _ _ _ _ _ _ \n\nself = <selenium.webdriver.support.wait.WebDriverWait (session=\"8cb821929908b3a38d74c8150d0e675c\")>\nmethod = <function presence_of_element_located.<locals>._predicate at 0x7f99df1ffec0>\nmessage = 'Can\\'t find element by locator (\\'xpath\\', \\'//tbody[@id=\"tbody_dbs\"] /tr[1]/td[7] /button\\')'\n\n    def until(self, method: Callable[[D], Union[Literal[False], T]], message: str = \"\") -> T:\n        \"\"\"Calls the method provided with the driver as an argument until the \\\n        return value does not evaluate to ``False``.\n    \n        :param method: callable(WebDriver)\n        :param message: optional message for :exc:`TimeoutException`\n        :returns: the result of the last call to `method`\n        :raises: :exc:`selenium.common.exceptions.TimeoutException` if timeout occurs\n        \"\"\"\n        screen = None\n        stacktrace = None\n    \n        end_time = time.monotonic() + self._timeout\n        while True:\n            try:\n                value = method(self._driver)\n                if value:\n                    return value\n            except self._ignored_exceptions as exc:\n                screen = getattr(exc, \"screen\", None)\n                stacktrace = getattr(exc, \"stacktrace\", None)\n            time.sleep(self._poll)\n            if time.monotonic() > end_time:\n                break\n>       raise TimeoutException(message, screen, stacktrace)\nE       selenium.common.exceptions.TimeoutException: Message: Can't find element by locator ('xpath', '//tbody[@id=\"tbody_dbs\"] /tr[1]/td[7] /button')\nE       Stacktrace:\nE       #0 0x55f65536bd0a <unknown>\nE       #1 0x55f654e1c5f0 <unknown>\nE       #2 0x55f654e6da33 <unknown>\nE       #3 0x55f654e6dc21 <unknown>\nE       #4 0x55f654ebc274 <unknown>\nE       #5 0x55f654e9368d <unknown>\nE       #6 0x55f654eb9660 <unknown>\nE       #7 0x55f654e93433 <unknown>\nE       #8 0x55f654e5fea3 <unknown>\nE       #9 0x55f654e60b01 <unknown>\nE       #10 0x55f655330b5b <unknown>\nE       #11 0x55f655334a41 <unknown>\nE       #12 0x55f655317c52 <unknown>\nE       #13 0x55f6553355b4 <unknown>\nE       #14 0x55f6552fbf0f <unknown>\nE       #15 0x55f655359db8 <unknown>\nE       #16 0x55f655359f96 <unknown>\nE       #17 0x55f65536ab56 <unknown>\nE       #18 0x7f082609caa4 <unknown>\nE       #19 0x7f0826129c3c <unknown>\n\n/opt/hostedtoolcache/Python/3.12.10/x64/lib/python3.12/site-packages/selenium/webdriver/support/wait.py:105: TimeoutException",
  "flaky" : false,
  "newFailed" : false,
  "beforeStages" : [ {
    "name" : "driver",
    "time" : {
      "start" : 1745024919692,
      "stop" : 1745024920037,
      "duration" : 345
    },
    "status" : "passed",
    "steps" : [ ],
    "attachments" : [ ],
    "parameters" : [ ],
    "shouldDisplayMessage" : false,
    "hasContent" : false,
    "stepsCount" : 0,
    "attachmentsCount" : 0
  }, {
    "name" : "authorization_user",
    "time" : {
      "start" : 1745024920037,
      "stop" : 1745024920726,
      "duration" : 689
    },
    "status" : "passed",
    "steps" : [ {
      "name" : "Open page: https://oblache.areso.pro/register.html",
      "time" : {
        "start" : 1745024920037,
        "stop" : 1745024920536,
        "duration" : 499
      },
      "status" : "passed",
      "steps" : [ ],
      "attachments" : [ ],
      "parameters" : [ ],
      "shouldDisplayMessage" : false,
      "hasContent" : false,
      "stepsCount" : 0,
      "attachmentsCount" : 0
    }, {
      "name" : "Login user",
      "time" : {
        "start" : 1745024920537,
        "stop" : 1745024920726,
        "duration" : 189
      },
      "status" : "passed",
      "steps" : [ {
        "name" : "Enter email.",
        "time" : {
          "start" : 1745024920537,
          "stop" : 1745024920596,
          "duration" : 59
        },
        "status" : "passed",
        "steps" : [ ],
        "attachments" : [ ],
        "parameters" : [ ],
        "shouldDisplayMessage" : false,
        "hasContent" : false,
        "stepsCount" : 0,
        "attachmentsCount" : 0
      }, {
        "name" : "Enter password.",
        "time" : {
          "start" : 1745024920596,
          "stop" : 1745024920638,
          "duration" : 42
        },
        "status" : "passed",
        "steps" : [ ],
        "attachments" : [ ],
        "parameters" : [ ],
        "shouldDisplayMessage" : false,
        "hasContent" : false,
        "stepsCount" : 0,
        "attachmentsCount" : 0
      }, {
        "name" : "Click button \"Login\"",
        "time" : {
          "start" : 1745024920638,
          "stop" : 1745024920723,
          "duration" : 85
        },
        "status" : "passed",
        "steps" : [ ],
        "attachments" : [ ],
        "parameters" : [ ],
        "shouldDisplayMessage" : false,
        "hasContent" : false,
        "stepsCount" : 0,
        "attachmentsCount" : 0
      }, {
        "name" : "Check url is present: https://oblache.areso.pro/register.html",
        "time" : {
          "start" : 1745024920724,
          "stop" : 1745024920726,
          "duration" : 2
        },
        "status" : "passed",
        "steps" : [ ],
        "attachments" : [ ],
        "parameters" : [ ],
        "shouldDisplayMessage" : false,
        "hasContent" : false,
        "stepsCount" : 0,
        "attachmentsCount" : 0
      } ],
      "attachments" : [ ],
      "parameters" : [ ],
      "shouldDisplayMessage" : false,
      "hasContent" : true,
      "stepsCount" : 4,
      "attachmentsCount" : 0
    } ],
    "attachments" : [ ],
    "parameters" : [ ],
    "shouldDisplayMessage" : false,
    "hasContent" : true,
    "stepsCount" : 6,
    "attachmentsCount" : 0
  } ],
  "testStage" : {
    "status" : "broken",
    "statusMessage" : "selenium.common.exceptions.TimeoutException: Message: Can't find element by locator ('xpath', '//tbody[@id=\"tbody_dbs\"] /tr[1]/td[7] /button')\nStacktrace:\n#0 0x55f65536bd0a <unknown>\n#1 0x55f654e1c5f0 <unknown>\n#2 0x55f654e6da33 <unknown>\n#3 0x55f654e6dc21 <unknown>\n#4 0x55f654ebc274 <unknown>\n#5 0x55f654e9368d <unknown>\n#6 0x55f654eb9660 <unknown>\n#7 0x55f654e93433 <unknown>\n#8 0x55f654e5fea3 <unknown>\n#9 0x55f654e60b01 <unknown>\n#10 0x55f655330b5b <unknown>\n#11 0x55f655334a41 <unknown>\n#12 0x55f655317c52 <unknown>\n#13 0x55f6553355b4 <unknown>\n#14 0x55f6552fbf0f <unknown>\n#15 0x55f655359db8 <unknown>\n#16 0x55f655359f96 <unknown>\n#17 0x55f65536ab56 <unknown>\n#18 0x7f082609caa4 <unknown>\n#19 0x7f0826129c3c <unknown>",
    "statusTrace" : "self = <tests_ui.test_ui.TestProfilePage object at 0x7f99dfa6ba70>\ndriver = <selenium.webdriver.chrome.webdriver.WebDriver (session=\"8cb821929908b3a38d74c8150d0e675c\")>\nauthorization_user = None\n\n    @allure.title('test_clipboard_jdbc')\n    def test_clipboard_jdbc(self, driver, authorization_user):\n        page = ProfilePage(driver, authorization_user)\n        page.click_button_databases()\n>       page.check_clipboard_jdbc(token=TestProfilePage.token)\n\ntests_ui/test_ui.py:107: \n_ _ _ _ _ _ _ _ _ _ _ _ _ _ _ _ _ _ _ _ _ _ _ _ _ _ _ _ _ _ _ _ _ _ _ _ _ _ _ _ \ntests_ui/profile_page.py:124: in check_clipboard_jdbc\n    button = self.element_is_visible((By.XPATH, '//tbody[@id=\"tbody_dbs\"] /tr[1]/td[7] /button'))\ntests_ui/base_page.py:33: in element_is_visible\n    self.go_to_element(self.element_is_present(locator))\ntests_ui/base_page.py:46: in element_is_present\n    return Wait(self.driver, self.timeout).until(\n_ _ _ _ _ _ _ _ _ _ _ _ _ _ _ _ _ _ _ _ _ _ _ _ _ _ _ _ _ _ _ _ _ _ _ _ _ _ _ _ \n\nself = <selenium.webdriver.support.wait.WebDriverWait (session=\"8cb821929908b3a38d74c8150d0e675c\")>\nmethod = <function presence_of_element_located.<locals>._predicate at 0x7f99df1ffec0>\nmessage = 'Can\\'t find element by locator (\\'xpath\\', \\'//tbody[@id=\"tbody_dbs\"] /tr[1]/td[7] /button\\')'\n\n    def until(self, method: Callable[[D], Union[Literal[False], T]], message: str = \"\") -> T:\n        \"\"\"Calls the method provided with the driver as an argument until the \\\n        return value does not evaluate to ``False``.\n    \n        :param method: callable(WebDriver)\n        :param message: optional message for :exc:`TimeoutException`\n        :returns: the result of the last call to `method`\n        :raises: :exc:`selenium.common.exceptions.TimeoutException` if timeout occurs\n        \"\"\"\n        screen = None\n        stacktrace = None\n    \n        end_time = time.monotonic() + self._timeout\n        while True:\n            try:\n                value = method(self._driver)\n                if value:\n                    return value\n            except self._ignored_exceptions as exc:\n                screen = getattr(exc, \"screen\", None)\n                stacktrace = getattr(exc, \"stacktrace\", None)\n            time.sleep(self._poll)\n            if time.monotonic() > end_time:\n                break\n>       raise TimeoutException(message, screen, stacktrace)\nE       selenium.common.exceptions.TimeoutException: Message: Can't find element by locator ('xpath', '//tbody[@id=\"tbody_dbs\"] /tr[1]/td[7] /button')\nE       Stacktrace:\nE       #0 0x55f65536bd0a <unknown>\nE       #1 0x55f654e1c5f0 <unknown>\nE       #2 0x55f654e6da33 <unknown>\nE       #3 0x55f654e6dc21 <unknown>\nE       #4 0x55f654ebc274 <unknown>\nE       #5 0x55f654e9368d <unknown>\nE       #6 0x55f654eb9660 <unknown>\nE       #7 0x55f654e93433 <unknown>\nE       #8 0x55f654e5fea3 <unknown>\nE       #9 0x55f654e60b01 <unknown>\nE       #10 0x55f655330b5b <unknown>\nE       #11 0x55f655334a41 <unknown>\nE       #12 0x55f655317c52 <unknown>\nE       #13 0x55f6553355b4 <unknown>\nE       #14 0x55f6552fbf0f <unknown>\nE       #15 0x55f655359db8 <unknown>\nE       #16 0x55f655359f96 <unknown>\nE       #17 0x55f65536ab56 <unknown>\nE       #18 0x7f082609caa4 <unknown>\nE       #19 0x7f0826129c3c <unknown>\n\n/opt/hostedtoolcache/Python/3.12.10/x64/lib/python3.12/site-packages/selenium/webdriver/support/wait.py:105: TimeoutException",
    "steps" : [ {
      "name" : "Click \"Databases\" button.",
      "time" : {
        "start" : 1745024920726,
        "stop" : 1745024922255,
        "duration" : 1529
      },
      "status" : "passed",
      "steps" : [ ],
      "attachments" : [ ],
      "parameters" : [ ],
      "shouldDisplayMessage" : false,
      "hasContent" : false,
      "stepsCount" : 0,
      "attachmentsCount" : 0
    } ],
    "attachments" : [ {
      "uid" : "a374a87240258e95",
      "name" : "Screenshot 2025-04-19 01:08:48.115803",
      "source" : "a374a87240258e95.png",
      "type" : "image/png",
      "size" : 135628
    } ],
    "parameters" : [ ],
    "shouldDisplayMessage" : true,
    "hasContent" : true,
    "stepsCount" : 1,
    "attachmentsCount" : 1
  },
  "afterStages" : [ {
    "name" : "driver::0",
    "time" : {
      "start" : 1745024928117,
      "stop" : 1745024928177,
      "duration" : 60
    },
    "status" : "passed",
    "steps" : [ ],
    "attachments" : [ ],
    "parameters" : [ ],
    "shouldDisplayMessage" : false,
    "hasContent" : false,
    "stepsCount" : 0,
    "attachmentsCount" : 0
  } ],
  "labels" : [ {
    "name" : "suite",
    "value" : "Test Profile Page."
  }, {
    "name" : "parentSuite",
    "value" : "tests_ui"
  }, {
    "name" : "subSuite",
    "value" : "TestProfilePage"
  }, {
    "name" : "host",
    "value" : "fv-az1055-594"
  }, {
    "name" : "thread",
    "value" : "2472-MainThread"
  }, {
    "name" : "framework",
    "value" : "pytest"
  }, {
    "name" : "language",
    "value" : "cpython3"
  }, {
    "name" : "package",
    "value" : "tests_ui.test_ui"
  }, {
    "name" : "resultFormat",
    "value" : "allure2"
  } ],
  "parameters" : [ ],
  "links" : [ ],
  "hidden" : false,
  "retry" : false,
  "extra" : {
    "severity" : "normal",
    "retries" : [ ],
    "categories" : [ {
      "name" : "Test defects",
      "matchedStatuses" : [ ],
      "flaky" : false
    } ],
    "history" : {
      "statistic" : {
        "failed" : 0,
        "broken" : 159,
        "skipped" : 0,
        "passed" : 0,
        "unknown" : 0,
        "total" : 159
      },
      "items" : [ {
        "uid" : "9ef326473193b0ad",
        "reportUrl" : "https://lambotik.github.io/Oblache/376//#testresult/9ef326473193b0ad",
        "status" : "broken",
        "statusDetails" : "selenium.common.exceptions.TimeoutException: Message: Can't find element by locator ('xpath', '//tbody[@id=\"tbody_dbs\"] /tr[1]/td[7] /button')\nStacktrace:\n#0 0x562fbc9ebd0a <unknown>\n#1 0x562fbc49c5f0 <unknown>\n#2 0x562fbc4eda33 <unknown>\n#3 0x562fbc4edc21 <unknown>\n#4 0x562fbc53c274 <unknown>\n#5 0x562fbc51368d <unknown>\n#6 0x562fbc539660 <unknown>\n#7 0x562fbc513433 <unknown>\n#8 0x562fbc4dfea3 <unknown>\n#9 0x562fbc4e0b01 <unknown>\n#10 0x562fbc9b0b5b <unknown>\n#11 0x562fbc9b4a41 <unknown>\n#12 0x562fbc997c52 <unknown>\n#13 0x562fbc9b55b4 <unknown>\n#14 0x562fbc97bf0f <unknown>\n#15 0x562fbc9d9db8 <unknown>\n#16 0x562fbc9d9f96 <unknown>\n#17 0x562fbc9eab56 <unknown>\n#18 0x7f3d91c9caa4 <unknown>\n#19 0x7f3d91d29c3c <unknown>",
        "time" : {
          "start" : 1744938642943,
          "stop" : 1744938649734,
          "duration" : 6791
        }
      }, {
        "uid" : "f58f569f3d7cdc27",
        "reportUrl" : "https://lambotik.github.io/Oblache/375//#testresult/f58f569f3d7cdc27",
        "status" : "broken",
        "statusDetails" : "selenium.common.exceptions.TimeoutException: Message: Can't find element by locator ('xpath', '//tbody[@id=\"tbody_dbs\"] /tr[1]/td[7] /button')\nStacktrace:\n#0 0x563027dd8d0a <unknown>\n#1 0x5630278895f0 <unknown>\n#2 0x5630278daa33 <unknown>\n#3 0x5630278dac21 <unknown>\n#4 0x563027929274 <unknown>\n#5 0x56302790068d <unknown>\n#6 0x563027926660 <unknown>\n#7 0x563027900433 <unknown>\n#8 0x5630278ccea3 <unknown>\n#9 0x5630278cdb01 <unknown>\n#10 0x563027d9db5b <unknown>\n#11 0x563027da1a41 <unknown>\n#12 0x563027d84c52 <unknown>\n#13 0x563027da25b4 <unknown>\n#14 0x563027d68f0f <unknown>\n#15 0x563027dc6db8 <unknown>\n#16 0x563027dc6f96 <unknown>\n#17 0x563027dd7b56 <unknown>\n#18 0x7fccf3c9caa4 <unknown>\n#19 0x7fccf3d29c3c <unknown>",
        "time" : {
          "start" : 1744852228831,
          "stop" : 1744852235702,
          "duration" : 6871
        }
      }, {
        "uid" : "4bafdad9f5c8fc27",
        "reportUrl" : "https://lambotik.github.io/Oblache/374//#testresult/4bafdad9f5c8fc27",
        "status" : "broken",
        "statusDetails" : "selenium.common.exceptions.TimeoutException: Message: Can't find element by locator ('xpath', '//tbody[@id=\"tbody_dbs\"] /tr[1]/td[7] /button')\nStacktrace:\n#0 0x559735a2fe6a <unknown>\n#1 0x5597354e1640 <unknown>\n#2 0x559735532b5a <unknown>\n#3 0x559735532d51 <unknown>\n#4 0x559735581344 <unknown>\n#5 0x55973555877d <unknown>\n#6 0x55973557e7b5 <unknown>\n#7 0x559735558523 <unknown>\n#8 0x559735524ef3 <unknown>\n#9 0x559735525b51 <unknown>\n#10 0x5597359f4d2b <unknown>\n#11 0x5597359f8c01 <unknown>\n#12 0x5597359dc512 <unknown>\n#13 0x5597359f9774 <unknown>\n#14 0x5597359c090f <unknown>\n#15 0x559735a1dfb8 <unknown>\n#16 0x559735a1e196 <unknown>\n#17 0x559735a2ecb6 <unknown>\n#18 0x7fef3129caa4 <unknown>\n#19 0x7fef31329c3c <unknown>",
        "time" : {
          "start" : 1744765883187,
          "stop" : 1744765889771,
          "duration" : 6584
        }
      }, {
        "uid" : "73758edff8c4f06a",
        "reportUrl" : "https://lambotik.github.io/Oblache/373//#testresult/73758edff8c4f06a",
        "status" : "broken",
        "statusDetails" : "selenium.common.exceptions.TimeoutException: Message: Can't find element by locator ('xpath', '//tbody[@id=\"tbody_dbs\"] /tr[1]/td[7] /button')\nStacktrace:\n#0 0x55ba87eaee6a <unknown>\n#1 0x55ba87960640 <unknown>\n#2 0x55ba879b1b5a <unknown>\n#3 0x55ba879b1d51 <unknown>\n#4 0x55ba87a00344 <unknown>\n#5 0x55ba879d777d <unknown>\n#6 0x55ba879fd7b5 <unknown>\n#7 0x55ba879d7523 <unknown>\n#8 0x55ba879a3ef3 <unknown>\n#9 0x55ba879a4b51 <unknown>\n#10 0x55ba87e73d2b <unknown>\n#11 0x55ba87e77c01 <unknown>\n#12 0x55ba87e5b512 <unknown>\n#13 0x55ba87e78774 <unknown>\n#14 0x55ba87e3f90f <unknown>\n#15 0x55ba87e9cfb8 <unknown>\n#16 0x55ba87e9d196 <unknown>\n#17 0x55ba87eadcb6 <unknown>\n#18 0x7fcfdac9caa4 <unknown>\n#19 0x7fcfdad29c3c <unknown>",
        "time" : {
          "start" : 1744679541286,
          "stop" : 1744679547903,
          "duration" : 6617
        }
      }, {
        "uid" : "3fb0fffc3bf55c2b",
        "reportUrl" : "https://lambotik.github.io/Oblache/372//#testresult/3fb0fffc3bf55c2b",
        "status" : "broken",
        "statusDetails" : "selenium.common.exceptions.TimeoutException: Message: Can't find elements by locator ('xpath', '//tbody[@id=\"tbody_dbs\"]/tr')",
        "time" : {
          "start" : 1744593238260,
          "stop" : 1744593244197,
          "duration" : 5937
        }
      }, {
        "uid" : "48a48137aa7ae82c",
        "reportUrl" : "https://lambotik.github.io/Oblache/371//#testresult/48a48137aa7ae82c",
        "status" : "broken",
        "statusDetails" : "selenium.common.exceptions.TimeoutException: Message: Can't find element by locator ('xpath', '//tbody[@id=\"tbody_dbs\"] /tr[1]/td[7] /button')\nStacktrace:\n#0 0x563bc2df6e6a <unknown>\n#1 0x563bc28a8640 <unknown>\n#2 0x563bc28f9b5a <unknown>\n#3 0x563bc28f9d51 <unknown>\n#4 0x563bc2948344 <unknown>\n#5 0x563bc291f77d <unknown>\n#6 0x563bc29457b5 <unknown>\n#7 0x563bc291f523 <unknown>\n#8 0x563bc28ebef3 <unknown>\n#9 0x563bc28ecb51 <unknown>\n#10 0x563bc2dbbd2b <unknown>\n#11 0x563bc2dbfc01 <unknown>\n#12 0x563bc2da3512 <unknown>\n#13 0x563bc2dc0774 <unknown>\n#14 0x563bc2d8790f <unknown>\n#15 0x563bc2de4fb8 <unknown>\n#16 0x563bc2de5196 <unknown>\n#17 0x563bc2df5cb6 <unknown>\n#18 0x7f176f69caa4 <unknown>\n#19 0x7f176f729c3c <unknown>",
        "time" : {
          "start" : 1744511973738,
          "stop" : 1744511980364,
          "duration" : 6626
        }
      }, {
        "uid" : "d98a3422c46c0137",
        "reportUrl" : "https://lambotik.github.io/Oblache/370//#testresult/d98a3422c46c0137",
        "status" : "broken",
        "statusDetails" : "selenium.common.exceptions.TimeoutException: Message: Can't find element by locator ('xpath', '//tbody[@id=\"tbody_dbs\"] /tr[1]/td[7] /button')\nStacktrace:\n#0 0x55b1a7bc4e6a <unknown>\n#1 0x55b1a7676640 <unknown>\n#2 0x55b1a76c7b5a <unknown>\n#3 0x55b1a76c7d51 <unknown>\n#4 0x55b1a7716344 <unknown>\n#5 0x55b1a76ed77d <unknown>\n#6 0x55b1a77137b5 <unknown>\n#7 0x55b1a76ed523 <unknown>\n#8 0x55b1a76b9ef3 <unknown>\n#9 0x55b1a76bab51 <unknown>\n#10 0x55b1a7b89d2b <unknown>\n#11 0x55b1a7b8dc01 <unknown>\n#12 0x55b1a7b71512 <unknown>\n#13 0x55b1a7b8e774 <unknown>\n#14 0x55b1a7b5590f <unknown>\n#15 0x55b1a7bb2fb8 <unknown>\n#16 0x55b1a7bb3196 <unknown>\n#17 0x55b1a7bc3cb6 <unknown>\n#18 0x7f7611a9caa4 <unknown>\n#19 0x7f7611b29c3c <unknown>",
        "time" : {
          "start" : 1744420112528,
          "stop" : 1744420119155,
          "duration" : 6627
        }
      }, {
        "uid" : "3d3b8a6a00eac9c4",
        "reportUrl" : "https://lambotik.github.io/Oblache/369//#testresult/3d3b8a6a00eac9c4",
        "status" : "broken",
        "statusDetails" : "selenium.common.exceptions.TimeoutException: Message: Can't find element by locator ('xpath', '//tbody[@id=\"tbody_dbs\"] /tr[1]/td[7] /button')\nStacktrace:\n#0 0x56394d16ca1a <unknown>\n#1 0x56394cc24390 <unknown>\n#2 0x56394cc75c85 <unknown>\n#3 0x56394cc75eb1 <unknown>\n#4 0x56394ccc4d64 <unknown>\n#5 0x56394cc9bbfd <unknown>\n#6 0x56394ccc207b <unknown>\n#7 0x56394cc9b9a3 <unknown>\n#8 0x56394cc6760e <unknown>\n#9 0x56394cc68dd1 <unknown>\n#10 0x56394d132ddb <unknown>\n#11 0x56394d136cbc <unknown>\n#12 0x56394d11a392 <unknown>\n#13 0x56394d137834 <unknown>\n#14 0x56394d0fe1ef <unknown>\n#15 0x56394d15b038 <unknown>\n#16 0x56394d15b216 <unknown>\n#17 0x56394d16b896 <unknown>\n#18 0x7f425ce9caa4 <unknown>\n#19 0x7f425cf29c3c <unknown>",
        "time" : {
          "start" : 1744333837633,
          "stop" : 1744333844256,
          "duration" : 6623
        }
      }, {
        "uid" : "c2120ead88da2435",
        "reportUrl" : "https://lambotik.github.io/Oblache/368//#testresult/c2120ead88da2435",
        "status" : "broken",
        "statusDetails" : "selenium.common.exceptions.TimeoutException: Message: Can't find element by locator ('xpath', '//tbody[@id=\"tbody_dbs\"] /tr[1]/td[7] /button')\nStacktrace:\n#0 0x55a7d47b6e6a <unknown>\n#1 0x55a7d4268640 <unknown>\n#2 0x55a7d42b9b5a <unknown>\n#3 0x55a7d42b9d51 <unknown>\n#4 0x55a7d4308344 <unknown>\n#5 0x55a7d42df77d <unknown>\n#6 0x55a7d43057b5 <unknown>\n#7 0x55a7d42df523 <unknown>\n#8 0x55a7d42abef3 <unknown>\n#9 0x55a7d42acb51 <unknown>\n#10 0x55a7d477bd2b <unknown>\n#11 0x55a7d477fc01 <unknown>\n#12 0x55a7d4763512 <unknown>\n#13 0x55a7d4780774 <unknown>\n#14 0x55a7d474790f <unknown>\n#15 0x55a7d47a4fb8 <unknown>\n#16 0x55a7d47a5196 <unknown>\n#17 0x55a7d47b5cb6 <unknown>\n#18 0x7f2efaa9caa4 <unknown>\n#19 0x7f2efab29c3c <unknown>",
        "time" : {
          "start" : 1744247379663,
          "stop" : 1744247386846,
          "duration" : 7183
        }
      }, {
        "uid" : "834610f7d6b89073",
        "reportUrl" : "https://lambotik.github.io/Oblache/367//#testresult/834610f7d6b89073",
        "status" : "broken",
        "statusDetails" : "selenium.common.exceptions.TimeoutException: Message: Can't find element by locator ('xpath', '//tbody[@id=\"tbody_dbs\"] /tr[1]/td[7] /button')\nStacktrace:\n#0 0x5624fbcdbffa <unknown>\n#1 0x5624fb79a970 <unknown>\n#2 0x5624fb7ec385 <unknown>\n#3 0x5624fb7ec5b1 <unknown>\n#4 0x5624fb83b3c4 <unknown>\n#5 0x5624fb8122bd <unknown>\n#6 0x5624fb83870c <unknown>\n#7 0x5624fb812063 <unknown>\n#8 0x5624fb7de328 <unknown>\n#9 0x5624fb7df491 <unknown>\n#10 0x5624fbca342b <unknown>\n#11 0x5624fbca72ec <unknown>\n#12 0x5624fbc8aa22 <unknown>\n#13 0x5624fbca7e64 <unknown>\n#14 0x5624fbc6ebef <unknown>\n#15 0x5624fbcca558 <unknown>\n#16 0x5624fbcca736 <unknown>\n#17 0x5624fbcdae76 <unknown>\n#18 0x7f500869caa4 <unknown>\n#19 0x7f5008729c3c <unknown>",
        "time" : {
          "start" : 1744160984425,
          "stop" : 1744160991556,
          "duration" : 7131
        }
      }, {
        "uid" : "dd29ad0ba95211d",
        "reportUrl" : "https://lambotik.github.io/Oblache/366//#testresult/dd29ad0ba95211d",
        "status" : "broken",
        "statusDetails" : "selenium.common.exceptions.TimeoutException: Message: Can't find element by locator ('xpath', '//tbody[@id=\"tbody_dbs\"] /tr[1]/td[7] /button')\nStacktrace:\n#0 0x557031d85ffa <unknown>\n#1 0x557031844970 <unknown>\n#2 0x557031896385 <unknown>\n#3 0x5570318965b1 <unknown>\n#4 0x5570318e53c4 <unknown>\n#5 0x5570318bc2bd <unknown>\n#6 0x5570318e270c <unknown>\n#7 0x5570318bc063 <unknown>\n#8 0x557031888328 <unknown>\n#9 0x557031889491 <unknown>\n#10 0x557031d4d42b <unknown>\n#11 0x557031d512ec <unknown>\n#12 0x557031d34a22 <unknown>\n#13 0x557031d51e64 <unknown>\n#14 0x557031d18bef <unknown>\n#15 0x557031d74558 <unknown>\n#16 0x557031d74736 <unknown>\n#17 0x557031d84e76 <unknown>\n#18 0x7f3468c9caa4 <unknown>\n#19 0x7f3468d29c3c <unknown>",
        "time" : {
          "start" : 1744074573254,
          "stop" : 1744074580355,
          "duration" : 7101
        }
      }, {
        "uid" : "191aa6958c8d4776",
        "reportUrl" : "https://lambotik.github.io/Oblache/365//#testresult/191aa6958c8d4776",
        "status" : "broken",
        "statusDetails" : "selenium.common.exceptions.TimeoutException: Message: Can't find element by locator ('xpath', '//button[@id = \"menu_button_databases\"]')\nStacktrace:\n#0 0x5572c6f8affa <unknown>\n#1 0x5572c6a49970 <unknown>\n#2 0x5572c6a9b385 <unknown>\n#3 0x5572c6a9b5b1 <unknown>\n#4 0x5572c6aea3c4 <unknown>\n#5 0x5572c6ac12bd <unknown>\n#6 0x5572c6ae770c <unknown>\n#7 0x5572c6ac1063 <unknown>\n#8 0x5572c6a8d328 <unknown>\n#9 0x5572c6a8e491 <unknown>\n#10 0x5572c6f5242b <unknown>\n#11 0x5572c6f562ec <unknown>\n#12 0x5572c6f39a22 <unknown>\n#13 0x5572c6f56e64 <unknown>\n#14 0x5572c6f1dbef <unknown>\n#15 0x5572c6f79558 <unknown>\n#16 0x5572c6f79736 <unknown>\n#17 0x5572c6f89e76 <unknown>\n#18 0x7fe5d329caa4 <unknown>\n#19 0x7fe5d3329c3c <unknown>",
        "time" : {
          "start" : 1743988218426,
          "stop" : 1743988223550,
          "duration" : 5124
        }
      }, {
        "uid" : "1285b25239df1c04",
        "reportUrl" : "https://lambotik.github.io/Oblache/364//#testresult/1285b25239df1c04",
        "status" : "broken",
        "statusDetails" : "selenium.common.exceptions.TimeoutException: Message: Can't find element by locator ('xpath', '//button[@id = \"menu_button_databases\"]')\nStacktrace:\n#0 0x55a24d49dffa <unknown>\n#1 0x55a24cf5c970 <unknown>\n#2 0x55a24cfae385 <unknown>\n#3 0x55a24cfae5b1 <unknown>\n#4 0x55a24cffd3c4 <unknown>\n#5 0x55a24cfd42bd <unknown>\n#6 0x55a24cffa70c <unknown>\n#7 0x55a24cfd4063 <unknown>\n#8 0x55a24cfa0328 <unknown>\n#9 0x55a24cfa1491 <unknown>\n#10 0x55a24d46542b <unknown>\n#11 0x55a24d4692ec <unknown>\n#12 0x55a24d44ca22 <unknown>\n#13 0x55a24d469e64 <unknown>\n#14 0x55a24d430bef <unknown>\n#15 0x55a24d48c558 <unknown>\n#16 0x55a24d48c736 <unknown>\n#17 0x55a24d49ce76 <unknown>\n#18 0x7fdb8b09caa4 <unknown>\n#19 0x7fdb8b129c3c <unknown>",
        "time" : {
          "start" : 1743901939308,
          "stop" : 1743901944439,
          "duration" : 5131
        }
      }, {
        "uid" : "60337fe7741df1d8",
        "reportUrl" : "https://lambotik.github.io/Oblache/363//#testresult/60337fe7741df1d8",
        "status" : "broken",
        "statusDetails" : "selenium.common.exceptions.TimeoutException: Message: Can't find element by locator ('xpath', '//tbody[@id=\"tbody_dbs\"] /tr[1]/td[7] /button')\nStacktrace:\n#0 0x556b881b9ffa <unknown>\n#1 0x556b87c78970 <unknown>\n#2 0x556b87cca385 <unknown>\n#3 0x556b87cca5b1 <unknown>\n#4 0x556b87d193c4 <unknown>\n#5 0x556b87cf02bd <unknown>\n#6 0x556b87d1670c <unknown>\n#7 0x556b87cf0063 <unknown>\n#8 0x556b87cbc328 <unknown>\n#9 0x556b87cbd491 <unknown>\n#10 0x556b8818142b <unknown>\n#11 0x556b881852ec <unknown>\n#12 0x556b88168a22 <unknown>\n#13 0x556b88185e64 <unknown>\n#14 0x556b8814cbef <unknown>\n#15 0x556b881a8558 <unknown>\n#16 0x556b881a8736 <unknown>\n#17 0x556b881b8e76 <unknown>\n#18 0x7faa4509caa4 <unknown>\n#19 0x7faa45129c3c <unknown>",
        "time" : {
          "start" : 1743815302216,
          "stop" : 1743815308832,
          "duration" : 6616
        }
      }, {
        "uid" : "2ebdfe29bf1bc01d",
        "reportUrl" : "https://lambotik.github.io/Oblache/362//#testresult/2ebdfe29bf1bc01d",
        "status" : "broken",
        "statusDetails" : "selenium.common.exceptions.TimeoutException: Message: Can't find element by locator ('xpath', '//tbody[@id=\"tbody_dbs\"] /tr[1]/td[7] /button')\nStacktrace:\n#0 0x557ba607cffa <unknown>\n#1 0x557ba5b3b970 <unknown>\n#2 0x557ba5b8d385 <unknown>\n#3 0x557ba5b8d5b1 <unknown>\n#4 0x557ba5bdc3c4 <unknown>\n#5 0x557ba5bb32bd <unknown>\n#6 0x557ba5bd970c <unknown>\n#7 0x557ba5bb3063 <unknown>\n#8 0x557ba5b7f328 <unknown>\n#9 0x557ba5b80491 <unknown>\n#10 0x557ba604442b <unknown>\n#11 0x557ba60482ec <unknown>\n#12 0x557ba602ba22 <unknown>\n#13 0x557ba6048e64 <unknown>\n#14 0x557ba600fbef <unknown>\n#15 0x557ba606b558 <unknown>\n#16 0x557ba606b736 <unknown>\n#17 0x557ba607be76 <unknown>\n#18 0x7fae3169caa4 <unknown>\n#19 0x7fae31729c3c <unknown>",
        "time" : {
          "start" : 1743728981819,
          "stop" : 1743728989594,
          "duration" : 7775
        }
      }, {
        "uid" : "954ac5923c050e5a",
        "reportUrl" : "https://lambotik.github.io/Oblache/361//#testresult/954ac5923c050e5a",
        "status" : "broken",
        "statusDetails" : "selenium.common.exceptions.TimeoutException: Message: Can't find element by locator ('xpath', '//tbody[@id=\"tbody_dbs\"] /tr[1]/td[7] /button')\nStacktrace:\n#0 0x558eb2acfffa <unknown>\n#1 0x558eb258e970 <unknown>\n#2 0x558eb25e0385 <unknown>\n#3 0x558eb25e05b1 <unknown>\n#4 0x558eb262f3c4 <unknown>\n#5 0x558eb26062bd <unknown>\n#6 0x558eb262c70c <unknown>\n#7 0x558eb2606063 <unknown>\n#8 0x558eb25d2328 <unknown>\n#9 0x558eb25d3491 <unknown>\n#10 0x558eb2a9742b <unknown>\n#11 0x558eb2a9b2ec <unknown>\n#12 0x558eb2a7ea22 <unknown>\n#13 0x558eb2a9be64 <unknown>\n#14 0x558eb2a62bef <unknown>\n#15 0x558eb2abe558 <unknown>\n#16 0x558eb2abe736 <unknown>\n#17 0x558eb2acee76 <unknown>\n#18 0x7f4f7f09caa4 <unknown>\n#19 0x7f4f7f129c3c <unknown>",
        "time" : {
          "start" : 1743642565700,
          "stop" : 1743642572494,
          "duration" : 6794
        }
      }, {
        "uid" : "d4403a6a5dac1c22",
        "reportUrl" : "https://lambotik.github.io/Oblache/360//#testresult/d4403a6a5dac1c22",
        "status" : "broken",
        "statusDetails" : "selenium.common.exceptions.TimeoutException: Message: Can't find element by locator ('xpath', '//tbody[@id=\"tbody_dbs\"] /tr[1]/td[7] /button')\nStacktrace:\n#0 0x5653e2a17ffa <unknown>\n#1 0x5653e24d6970 <unknown>\n#2 0x5653e2528385 <unknown>\n#3 0x5653e25285b1 <unknown>\n#4 0x5653e25773c4 <unknown>\n#5 0x5653e254e2bd <unknown>\n#6 0x5653e257470c <unknown>\n#7 0x5653e254e063 <unknown>\n#8 0x5653e251a328 <unknown>\n#9 0x5653e251b491 <unknown>\n#10 0x5653e29df42b <unknown>\n#11 0x5653e29e32ec <unknown>\n#12 0x5653e29c6a22 <unknown>\n#13 0x5653e29e3e64 <unknown>\n#14 0x5653e29aabef <unknown>\n#15 0x5653e2a06558 <unknown>\n#16 0x5653e2a06736 <unknown>\n#17 0x5653e2a16e76 <unknown>\n#18 0x7f5a20a9caa4 <unknown>\n#19 0x7f5a20b29c3c <unknown>",
        "time" : {
          "start" : 1743556248046,
          "stop" : 1743556255349,
          "duration" : 7303
        }
      }, {
        "uid" : "ecd304791112e317",
        "reportUrl" : "https://lambotik.github.io/Oblache/359//#testresult/ecd304791112e317",
        "status" : "broken",
        "statusDetails" : "selenium.common.exceptions.TimeoutException: Message: Can't find element by locator ('xpath', '//tbody[@id=\"tbody_dbs\"] /tr[1]/td[7] /button')\nStacktrace:\n#0 0x564bc638affa <unknown>\n#1 0x564bc5e49970 <unknown>\n#2 0x564bc5e9b385 <unknown>\n#3 0x564bc5e9b5b1 <unknown>\n#4 0x564bc5eea3c4 <unknown>\n#5 0x564bc5ec12bd <unknown>\n#6 0x564bc5ee770c <unknown>\n#7 0x564bc5ec1063 <unknown>\n#8 0x564bc5e8d328 <unknown>\n#9 0x564bc5e8e491 <unknown>\n#10 0x564bc635242b <unknown>\n#11 0x564bc63562ec <unknown>\n#12 0x564bc6339a22 <unknown>\n#13 0x564bc6356e64 <unknown>\n#14 0x564bc631dbef <unknown>\n#15 0x564bc6379558 <unknown>\n#16 0x564bc6379736 <unknown>\n#17 0x564bc6389e76 <unknown>\n#18 0x7f612329caa4 <unknown>\n#19 0x7f6123329c3c <unknown>",
        "time" : {
          "start" : 1743470289322,
          "stop" : 1743470295912,
          "duration" : 6590
        }
      }, {
        "uid" : "ee050b81942835cf",
        "reportUrl" : "https://lambotik.github.io/Oblache/358//#testresult/ee050b81942835cf",
        "status" : "broken",
        "statusDetails" : "selenium.common.exceptions.TimeoutException: Message: Can't find element by locator ('xpath', '//tbody[@id=\"tbody_dbs\"] /tr[1]/td[7] /button')\nStacktrace:\n#0 0x55ca185ceffa <unknown>\n#1 0x55ca1808d970 <unknown>\n#2 0x55ca180df385 <unknown>\n#3 0x55ca180df5b1 <unknown>\n#4 0x55ca1812e3c4 <unknown>\n#5 0x55ca181052bd <unknown>\n#6 0x55ca1812b70c <unknown>\n#7 0x55ca18105063 <unknown>\n#8 0x55ca180d1328 <unknown>\n#9 0x55ca180d2491 <unknown>\n#10 0x55ca1859642b <unknown>\n#11 0x55ca1859a2ec <unknown>\n#12 0x55ca1857da22 <unknown>\n#13 0x55ca1859ae64 <unknown>\n#14 0x55ca18561bef <unknown>\n#15 0x55ca185bd558 <unknown>\n#16 0x55ca185bd736 <unknown>\n#17 0x55ca185cde76 <unknown>\n#18 0x7fbdf669caa4 <unknown>\n#19 0x7fbdf6729c3c <unknown>",
        "time" : {
          "start" : 1743383617295,
          "stop" : 1743383624430,
          "duration" : 7135
        }
      }, {
        "uid" : "9445baa586914ccd",
        "reportUrl" : "https://lambotik.github.io/Oblache/357//#testresult/9445baa586914ccd",
        "status" : "broken",
        "statusDetails" : "selenium.common.exceptions.TimeoutException: Message: Can't find elements by locator ('xpath', '//tbody[@id=\"tbody_dbs\"]/tr')",
        "time" : {
          "start" : 1743297278561,
          "stop" : 1743297284488,
          "duration" : 5927
        }
      } ]
    },
    "tags" : [ ]
  },
  "source" : "6d0ddc28238a84c1.json",
  "parameterValues" : [ ]
}