{
  "uid" : "4f0d037f5192e79e",
  "name" : "test_create_database",
  "fullName" : "tests_ui.test_ui.TestProfilePage#test_create_database",
  "historyId" : "4762f7b87391625d86f9ea8dbdd3b406",
  "time" : {
    "start" : 1754532749568,
    "stop" : 1754532755201,
    "duration" : 5633
  },
  "status" : "broken",
  "statusMessage" : "ValueError: invalid literal for int() with base 10: 'nodata'",
  "statusTrace" : "self = <tests_ui.test_ui.TestProfilePage object at 0x7f7b37a816d0>\ndriver = <selenium.webdriver.chrome.webdriver.WebDriver (session=\"de56359c45262c58d0b7bfa4143dec5b\")>\nauthorization_user = None\n\n    @allure.title('test_create_database')\n    def test_create_database(self, driver, authorization_user):\n        page = ProfilePage(driver, authorization_user)\n>       page.compare_database_status()\n\ntests_ui/test_ui.py:83: \n_ _ _ _ _ _ _ _ _ _ _ _ _ _ _ _ _ _ _ _ _ _ _ _ _ _ _ _ _ _ _ _ _ _ _ _ _ _ _ _ \n\nself = <tests_ui.profile_page.ProfilePage object at 0x7f7b37a83ad0>\n\n    def compare_database_status(self):\n        self.click_button_status()\n        amount_databases = self.get_status_data()['db qty used']\n        self.click_button_databases()\n        self.click_buttons_create_new_db()\n        self.select_db_region_cis()\n        self.click_buttons_create()\n        msg = self.element_is_visible(self.locators.MSG_FROM_SERVER).text\n        # print(msg)\n        with allure.step(f'Check the message after clicking the create database button. MSG: {msg}'):\n            pass\n        assert msg == 'Order for the new DB accepted', 'Message is not present.'\n        self.click_button_status()\n        amount_after_create = self.get_status_data()['db qty used']\n>       assert int(amount_databases) + 1 == int(amount_after_create)\nE       ValueError: invalid literal for int() with base 10: 'nodata'\n\ntests_ui/profile_page.py:157: ValueError",
  "flaky" : false,
  "newFailed" : false,
  "beforeStages" : [ {
    "name" : "driver",
    "time" : {
      "start" : 1754532748551,
      "stop" : 1754532748882,
      "duration" : 331
    },
    "status" : "passed",
    "steps" : [ ],
    "attachments" : [ ],
    "parameters" : [ ],
    "stepsCount" : 0,
    "attachmentsCount" : 0,
    "shouldDisplayMessage" : false,
    "hasContent" : false
  }, {
    "name" : "authorization_user",
    "time" : {
      "start" : 1754532748882,
      "stop" : 1754532749568,
      "duration" : 686
    },
    "status" : "passed",
    "steps" : [ {
      "name" : "Open page: https://oblache.areso.pro/register.html",
      "time" : {
        "start" : 1754532748882,
        "stop" : 1754532749380,
        "duration" : 498
      },
      "status" : "passed",
      "steps" : [ ],
      "attachments" : [ ],
      "parameters" : [ ],
      "stepsCount" : 0,
      "attachmentsCount" : 0,
      "shouldDisplayMessage" : false,
      "hasContent" : false
    }, {
      "name" : "Login user",
      "time" : {
        "start" : 1754532749380,
        "stop" : 1754532749568,
        "duration" : 188
      },
      "status" : "passed",
      "steps" : [ {
        "name" : "Enter email.",
        "time" : {
          "start" : 1754532749380,
          "stop" : 1754532749436,
          "duration" : 56
        },
        "status" : "passed",
        "steps" : [ ],
        "attachments" : [ ],
        "parameters" : [ ],
        "stepsCount" : 0,
        "attachmentsCount" : 0,
        "shouldDisplayMessage" : false,
        "hasContent" : false
      }, {
        "name" : "Enter password.",
        "time" : {
          "start" : 1754532749436,
          "stop" : 1754532749480,
          "duration" : 44
        },
        "status" : "passed",
        "steps" : [ ],
        "attachments" : [ ],
        "parameters" : [ ],
        "stepsCount" : 0,
        "attachmentsCount" : 0,
        "shouldDisplayMessage" : false,
        "hasContent" : false
      }, {
        "name" : "Click button \"Login\"",
        "time" : {
          "start" : 1754532749480,
          "stop" : 1754532749566,
          "duration" : 86
        },
        "status" : "passed",
        "steps" : [ ],
        "attachments" : [ ],
        "parameters" : [ ],
        "stepsCount" : 0,
        "attachmentsCount" : 0,
        "shouldDisplayMessage" : false,
        "hasContent" : false
      }, {
        "name" : "Check url is present: https://oblache.areso.pro/register.html",
        "time" : {
          "start" : 1754532749566,
          "stop" : 1754532749568,
          "duration" : 2
        },
        "status" : "passed",
        "steps" : [ ],
        "attachments" : [ ],
        "parameters" : [ ],
        "stepsCount" : 0,
        "attachmentsCount" : 0,
        "shouldDisplayMessage" : false,
        "hasContent" : false
      } ],
      "attachments" : [ ],
      "parameters" : [ ],
      "stepsCount" : 4,
      "attachmentsCount" : 0,
      "shouldDisplayMessage" : false,
      "hasContent" : true
    } ],
    "attachments" : [ ],
    "parameters" : [ ],
    "stepsCount" : 6,
    "attachmentsCount" : 0,
    "shouldDisplayMessage" : false,
    "hasContent" : true
  } ],
  "testStage" : {
    "status" : "broken",
    "statusMessage" : "ValueError: invalid literal for int() with base 10: 'nodata'",
    "statusTrace" : "self = <tests_ui.test_ui.TestProfilePage object at 0x7f7b37a816d0>\ndriver = <selenium.webdriver.chrome.webdriver.WebDriver (session=\"de56359c45262c58d0b7bfa4143dec5b\")>\nauthorization_user = None\n\n    @allure.title('test_create_database')\n    def test_create_database(self, driver, authorization_user):\n        page = ProfilePage(driver, authorization_user)\n>       page.compare_database_status()\n\ntests_ui/test_ui.py:83: \n_ _ _ _ _ _ _ _ _ _ _ _ _ _ _ _ _ _ _ _ _ _ _ _ _ _ _ _ _ _ _ _ _ _ _ _ _ _ _ _ \n\nself = <tests_ui.profile_page.ProfilePage object at 0x7f7b37a83ad0>\n\n    def compare_database_status(self):\n        self.click_button_status()\n        amount_databases = self.get_status_data()['db qty used']\n        self.click_button_databases()\n        self.click_buttons_create_new_db()\n        self.select_db_region_cis()\n        self.click_buttons_create()\n        msg = self.element_is_visible(self.locators.MSG_FROM_SERVER).text\n        # print(msg)\n        with allure.step(f'Check the message after clicking the create database button. MSG: {msg}'):\n            pass\n        assert msg == 'Order for the new DB accepted', 'Message is not present.'\n        self.click_button_status()\n        amount_after_create = self.get_status_data()['db qty used']\n>       assert int(amount_databases) + 1 == int(amount_after_create)\nE       ValueError: invalid literal for int() with base 10: 'nodata'\n\ntests_ui/profile_page.py:157: ValueError",
    "steps" : [ {
      "name" : "Click button Status.",
      "time" : {
        "start" : 1754532750569,
        "stop" : 1754532750940,
        "duration" : 371
      },
      "status" : "passed",
      "steps" : [ ],
      "attachments" : [ ],
      "parameters" : [ ],
      "stepsCount" : 0,
      "attachmentsCount" : 0,
      "shouldDisplayMessage" : false,
      "hasContent" : false
    }, {
      "name" : "Get status data.",
      "time" : {
        "start" : 1754532751366,
        "stop" : 1754532751366,
        "duration" : 0
      },
      "status" : "passed",
      "steps" : [ {
        "name" : "Status data is: {'Email:': 'nodata', 'is blocked?': 'nodata', 'is db creation allowed?': 'nodata', 'disk db quota, mb': 'nodata', 'disk db used, mb': 'nodata', 'db qty quota': 'nodata', 'db qty used': 'nodata', 'site qty quota': 'nodata', 'site qty used': 'nodata', 'site disk quota': 'nodata', 'site disk usage': '0', 'is site deploy allowed?': '1'}",
        "time" : {
          "start" : 1754532751366,
          "stop" : 1754532751366,
          "duration" : 0
        },
        "status" : "passed",
        "steps" : [ ],
        "attachments" : [ ],
        "parameters" : [ ],
        "stepsCount" : 0,
        "attachmentsCount" : 0,
        "shouldDisplayMessage" : false,
        "hasContent" : false
      } ],
      "attachments" : [ ],
      "parameters" : [ ],
      "stepsCount" : 1,
      "attachmentsCount" : 0,
      "shouldDisplayMessage" : false,
      "hasContent" : true
    }, {
      "name" : "Click \"Databases\" button.",
      "time" : {
        "start" : 1754532751366,
        "stop" : 1754532751486,
        "duration" : 120
      },
      "status" : "passed",
      "steps" : [ ],
      "attachments" : [ ],
      "parameters" : [ ],
      "stepsCount" : 0,
      "attachmentsCount" : 0,
      "shouldDisplayMessage" : false,
      "hasContent" : false
    }, {
      "name" : "Click \"Create new DB\" button.",
      "time" : {
        "start" : 1754532751486,
        "stop" : 1754532751558,
        "duration" : 72
      },
      "status" : "passed",
      "steps" : [ ],
      "attachments" : [ ],
      "parameters" : [ ],
      "stepsCount" : 0,
      "attachmentsCount" : 0,
      "shouldDisplayMessage" : false,
      "hasContent" : false
    }, {
      "name" : "Select region \"CIS\".",
      "time" : {
        "start" : 1754532751559,
        "stop" : 1754532753217,
        "duration" : 1658
      },
      "status" : "passed",
      "steps" : [ ],
      "attachments" : [ ],
      "parameters" : [ ],
      "stepsCount" : 0,
      "attachmentsCount" : 0,
      "shouldDisplayMessage" : false,
      "hasContent" : false
    }, {
      "name" : "Click \"Create\" button.",
      "time" : {
        "start" : 1754532753217,
        "stop" : 1754532753275,
        "duration" : 58
      },
      "status" : "passed",
      "steps" : [ ],
      "attachments" : [ ],
      "parameters" : [ ],
      "stepsCount" : 0,
      "attachmentsCount" : 0,
      "shouldDisplayMessage" : false,
      "hasContent" : false
    }, {
      "name" : "Check the message after clicking the create database button. MSG: Order for the new DB accepted",
      "time" : {
        "start" : 1754532753817,
        "stop" : 1754532753817,
        "duration" : 0
      },
      "status" : "passed",
      "steps" : [ ],
      "attachments" : [ ],
      "parameters" : [ ],
      "stepsCount" : 0,
      "attachmentsCount" : 0,
      "shouldDisplayMessage" : false,
      "hasContent" : false
    }, {
      "name" : "Click button Status.",
      "time" : {
        "start" : 1754532754817,
        "stop" : 1754532754881,
        "duration" : 64
      },
      "status" : "passed",
      "steps" : [ ],
      "attachments" : [ ],
      "parameters" : [ ],
      "stepsCount" : 0,
      "attachmentsCount" : 0,
      "shouldDisplayMessage" : false,
      "hasContent" : false
    }, {
      "name" : "Get status data.",
      "time" : {
        "start" : 1754532755201,
        "stop" : 1754532755201,
        "duration" : 0
      },
      "status" : "passed",
      "steps" : [ {
        "name" : "Status data is: {'Email:': 'test4@mail.com', 'is blocked?': '0', 'is db creation allowed?': '1', 'disk db quota, mb': '4', 'disk db used, mb': '9', 'db qty quota': '100', 'db qty used': '19', 'site qty quota': '5', 'site qty used': '0', 'site disk quota': '300', 'site disk usage': '0', 'is site deploy allowed?': '1'}",
        "time" : {
          "start" : 1754532755201,
          "stop" : 1754532755201,
          "duration" : 0
        },
        "status" : "passed",
        "steps" : [ ],
        "attachments" : [ ],
        "parameters" : [ ],
        "stepsCount" : 0,
        "attachmentsCount" : 0,
        "shouldDisplayMessage" : false,
        "hasContent" : false
      } ],
      "attachments" : [ ],
      "parameters" : [ ],
      "stepsCount" : 1,
      "attachmentsCount" : 0,
      "shouldDisplayMessage" : false,
      "hasContent" : true
    } ],
    "attachments" : [ {
      "uid" : "9fa049923534ddb1",
      "name" : "Screenshot 2025-08-07 02:12:35.305439",
      "source" : "9fa049923534ddb1.png",
      "type" : "image/png",
      "size" : 44373
    } ],
    "parameters" : [ ],
    "stepsCount" : 11,
    "attachmentsCount" : 1,
    "shouldDisplayMessage" : true,
    "hasContent" : true
  },
  "afterStages" : [ {
    "name" : "driver::0",
    "time" : {
      "start" : 1754532755306,
      "stop" : 1754532755366,
      "duration" : 60
    },
    "status" : "passed",
    "steps" : [ ],
    "attachments" : [ ],
    "parameters" : [ ],
    "stepsCount" : 0,
    "attachmentsCount" : 0,
    "shouldDisplayMessage" : false,
    "hasContent" : false
  } ],
  "labels" : [ {
    "name" : "suite",
    "value" : "Test Profile Page."
  }, {
    "name" : "parentSuite",
    "value" : "tests_ui"
  }, {
    "name" : "subSuite",
    "value" : "TestProfilePage"
  }, {
    "name" : "host",
    "value" : "pkrvmjbmru5nbw0"
  }, {
    "name" : "thread",
    "value" : "2641-MainThread"
  }, {
    "name" : "framework",
    "value" : "pytest"
  }, {
    "name" : "language",
    "value" : "cpython3"
  }, {
    "name" : "package",
    "value" : "tests_ui.test_ui"
  }, {
    "name" : "resultFormat",
    "value" : "allure2"
  } ],
  "parameters" : [ ],
  "links" : [ ],
  "hidden" : false,
  "retry" : false,
  "extra" : {
    "severity" : "normal",
    "retries" : [ ],
    "categories" : [ {
      "name" : "Test defects",
      "matchedStatuses" : [ ],
      "flaky" : false
    } ],
    "history" : {
      "statistic" : {
        "failed" : 0,
        "broken" : 242,
        "skipped" : 0,
        "passed" : 1,
        "unknown" : 0,
        "total" : 243
      },
      "items" : [ {
        "uid" : "265331dfc472b633",
        "reportUrl" : "https://lambotik.github.io/Oblache/463//#testresult/265331dfc472b633",
        "status" : "broken",
        "statusDetails" : "selenium.common.exceptions.TimeoutException: Message: Can't find element by locator ('xpath', '//button[@id=\"menu_button_status\"]')\nStacktrace:\n#0 0x55cdf353187a <unknown>\n#1 0x55cdf2fd62e0 <unknown>\n#2 0x55cdf3027e00 <unknown>\n#3 0x55cdf3027ff1 <unknown>\n#4 0x55cdf3076324 <unknown>\n#5 0x55cdf304d8dd <unknown>\n#6 0x55cdf307371c <unknown>\n#7 0x55cdf304d683 <unknown>\n#8 0x55cdf3019b5b <unknown>\n#9 0x55cdf301af31 <unknown>\n#10 0x55cdf34f67cb <unknown>\n#11 0x55cdf34fa5d4 <unknown>\n#12 0x55cdf34dd2c9 <unknown>\n#13 0x55cdf34fb178 <unknown>\n#14 0x55cdf34c16bf <unknown>\n#15 0x55cdf351ee78 <unknown>\n#16 0x55cdf351f056 <unknown>\n#17 0x55cdf3530b96 <unknown>\n#18 0x7fe87549caa4 <unknown>\n#19 0x7fe875529c3c <unknown>",
        "time" : {
          "start" : 1754446210401,
          "stop" : 1754446216531,
          "duration" : 6130
        }
      }, {
        "uid" : "99aca6e625dfdb19",
        "reportUrl" : "https://lambotik.github.io/Oblache/462//#testresult/99aca6e625dfdb19",
        "status" : "broken",
        "statusDetails" : "selenium.common.exceptions.TimeoutException: Message: Can't find element by locator ('xpath', '//div[@id=\"msg_from_server\"]')",
        "time" : {
          "start" : 1754360003176,
          "stop" : 1754360011234,
          "duration" : 8058
        }
      }, {
        "uid" : "f7c7142f8f19db2e",
        "reportUrl" : "https://lambotik.github.io/Oblache/461//#testresult/f7c7142f8f19db2e",
        "status" : "broken",
        "statusDetails" : "selenium.common.exceptions.TimeoutException: Message: Can't find element by locator ('xpath', '//div[@id=\"msg_from_server\"]')",
        "time" : {
          "start" : 1754274322878,
          "stop" : 1754274330906,
          "duration" : 8028
        }
      }, {
        "uid" : "81f0bd517be2454f",
        "reportUrl" : "https://lambotik.github.io/Oblache/460//#testresult/81f0bd517be2454f",
        "status" : "broken",
        "statusDetails" : "selenium.common.exceptions.TimeoutException: Message: Can't find element by locator ('xpath', '//div[@id=\"msg_from_server\"]')",
        "time" : {
          "start" : 1754187988540,
          "stop" : 1754187997392,
          "duration" : 8852
        }
      }, {
        "uid" : "3035447f3bf4c16d",
        "reportUrl" : "https://lambotik.github.io/Oblache/459//#testresult/3035447f3bf4c16d",
        "status" : "broken",
        "statusDetails" : "selenium.common.exceptions.TimeoutException: Message: Can't find element by locator ('xpath', '//div[@id=\"msg_from_server\"]')",
        "time" : {
          "start" : 1754100319264,
          "stop" : 1754100327198,
          "duration" : 7934
        }
      }, {
        "uid" : "21e349ef0e4b519d",
        "reportUrl" : "https://lambotik.github.io/Oblache/458//#testresult/21e349ef0e4b519d",
        "status" : "broken",
        "statusDetails" : "selenium.common.exceptions.TimeoutException: Message: Can't find element by locator ('xpath', '//div[@id=\"msg_from_server\"]')",
        "time" : {
          "start" : 1754015240062,
          "stop" : 1754015248113,
          "duration" : 8051
        }
      }, {
        "uid" : "410aef75788f6fd3",
        "reportUrl" : "https://lambotik.github.io/Oblache/457//#testresult/410aef75788f6fd3",
        "status" : "broken",
        "statusDetails" : "selenium.common.exceptions.TimeoutException: Message: Can't find element by locator ('xpath', '//div[@id=\"msg_from_server\"]')",
        "time" : {
          "start" : 1753927818459,
          "stop" : 1753927826606,
          "duration" : 8147
        }
      }, {
        "uid" : "200020753b025737",
        "reportUrl" : "https://lambotik.github.io/Oblache/456//#testresult/200020753b025737",
        "status" : "broken",
        "statusDetails" : "selenium.common.exceptions.TimeoutException: Message: Can't find element by locator ('xpath', '//div[@id=\"msg_from_server\"]')",
        "time" : {
          "start" : 1753841424861,
          "stop" : 1753841432893,
          "duration" : 8032
        }
      }, {
        "uid" : "c1ba373570f415bb",
        "reportUrl" : "https://lambotik.github.io/Oblache/455//#testresult/c1ba373570f415bb",
        "status" : "broken",
        "statusDetails" : "selenium.common.exceptions.TimeoutException: Message: Can't find element by locator ('xpath', '//div[@id=\"msg_from_server\"]')",
        "time" : {
          "start" : 1753755981751,
          "stop" : 1753755990764,
          "duration" : 9013
        }
      }, {
        "uid" : "144e1bfe2484996f",
        "reportUrl" : "https://lambotik.github.io/Oblache/454//#testresult/144e1bfe2484996f",
        "status" : "broken",
        "statusDetails" : "selenium.common.exceptions.TimeoutException: Message: Can't find element by locator ('xpath', '//div[@id=\"msg_from_server\"]')",
        "time" : {
          "start" : 1753668872728,
          "stop" : 1753668881616,
          "duration" : 8888
        }
      }, {
        "uid" : "ad93e864117268da",
        "reportUrl" : "https://lambotik.github.io/Oblache/453//#testresult/ad93e864117268da",
        "status" : "broken",
        "statusDetails" : "selenium.common.exceptions.TimeoutException: Message: Can't find element by locator ('xpath', '//select[@id=\"selectDBRegion\"] /option[@value=\"3\"]')\nStacktrace:\n#0 0x55fa93cd07da <unknown>\n#1 0x55fa937752e0 <unknown>\n#2 0x55fa937c6e00 <unknown>\n#3 0x55fa937c6ff1 <unknown>\n#4 0x55fa93815324 <unknown>\n#5 0x55fa937ec8dd <unknown>\n#6 0x55fa9381271c <unknown>\n#7 0x55fa937ec683 <unknown>\n#8 0x55fa937b8b5b <unknown>\n#9 0x55fa937b9f31 <unknown>\n#10 0x55fa93c9572b <unknown>\n#11 0x55fa93c99534 <unknown>\n#12 0x55fa93c7c229 <unknown>\n#13 0x55fa93c9a0d8 <unknown>\n#14 0x55fa93c6061f <unknown>\n#15 0x55fa93cbddd8 <unknown>\n#16 0x55fa93cbdfb6 <unknown>\n#17 0x55fa93ccfaf6 <unknown>\n#18 0x7fc4abe9caa4 <unknown>\n#19 0x7fc4abf29c3c <unknown>",
        "time" : {
          "start" : 1753583004949,
          "stop" : 1753583012146,
          "duration" : 7197
        }
      }, {
        "uid" : "72885d72f4b4eb8a",
        "reportUrl" : "https://lambotik.github.io/Oblache/452//#testresult/72885d72f4b4eb8a",
        "status" : "broken",
        "statusDetails" : "selenium.common.exceptions.TimeoutException: Message: Can't find element by locator ('xpath', '//div[@id=\"msg_from_server\"]')",
        "time" : {
          "start" : 1753495398774,
          "stop" : 1753495407012,
          "duration" : 8238
        }
      }, {
        "uid" : "92c79202f4a16bbc",
        "reportUrl" : "https://lambotik.github.io/Oblache/451//#testresult/92c79202f4a16bbc",
        "status" : "broken",
        "statusDetails" : "selenium.common.exceptions.TimeoutException: Message: Can't find element by locator ('xpath', '//div[@id=\"msg_from_server\"]')",
        "time" : {
          "start" : 1753409238926,
          "stop" : 1753409246935,
          "duration" : 8009
        }
      }, {
        "uid" : "43f28f1753e9afd4",
        "reportUrl" : "https://lambotik.github.io/Oblache/450//#testresult/43f28f1753e9afd4",
        "status" : "broken",
        "statusDetails" : "selenium.common.exceptions.TimeoutException: Message: Can't find element by locator ('xpath', '//div[@id=\"msg_from_server\"]')",
        "time" : {
          "start" : 1751333058530,
          "stop" : 1751333066555,
          "duration" : 8025
        }
      }, {
        "uid" : "96740238b14a8366",
        "reportUrl" : "https://lambotik.github.io/Oblache/449//#testresult/96740238b14a8366",
        "status" : "broken",
        "statusDetails" : "selenium.common.exceptions.TimeoutException: Message: Can't find element by locator ('xpath', '//div[@id=\"msg_from_server\"]')",
        "time" : {
          "start" : 1751246472420,
          "stop" : 1751246480469,
          "duration" : 8049
        }
      }, {
        "uid" : "f3df21b5d654f670",
        "reportUrl" : "https://lambotik.github.io/Oblache/448//#testresult/f3df21b5d654f670",
        "status" : "broken",
        "statusDetails" : "selenium.common.exceptions.TimeoutException: Message: Can't find element by locator ('xpath', '//div[@id=\"msg_from_server\"]')",
        "time" : {
          "start" : 1751160258161,
          "stop" : 1751160266748,
          "duration" : 8587
        }
      }, {
        "uid" : "679be50dbd822a4b",
        "reportUrl" : "https://lambotik.github.io/Oblache/447//#testresult/679be50dbd822a4b",
        "status" : "broken",
        "statusDetails" : "selenium.common.exceptions.TimeoutException: Message: Can't find element by locator ('xpath', '//div[@id=\"msg_from_server\"]')",
        "time" : {
          "start" : 1751073249228,
          "stop" : 1751073257377,
          "duration" : 8149
        }
      }, {
        "uid" : "25607e8b59cb5808",
        "reportUrl" : "https://lambotik.github.io/Oblache/446//#testresult/25607e8b59cb5808",
        "status" : "broken",
        "statusDetails" : "selenium.common.exceptions.TimeoutException: Message: Can't find element by locator ('xpath', '//div[@id=\"msg_from_server\"]')",
        "time" : {
          "start" : 1750987048625,
          "stop" : 1750987057584,
          "duration" : 8959
        }
      }, {
        "uid" : "16deaae4b7debb32",
        "reportUrl" : "https://lambotik.github.io/Oblache/445//#testresult/16deaae4b7debb32",
        "status" : "broken",
        "statusDetails" : "selenium.common.exceptions.TimeoutException: Message: Can't find element by locator ('xpath', '//div[@id=\"msg_from_server\"]')",
        "time" : {
          "start" : 1750900591432,
          "stop" : 1750900599595,
          "duration" : 8163
        }
      }, {
        "uid" : "e83087190f606300",
        "reportUrl" : "https://lambotik.github.io/Oblache/444//#testresult/e83087190f606300",
        "status" : "broken",
        "statusDetails" : "selenium.common.exceptions.TimeoutException: Message: Can't find element by locator ('xpath', '//div[@id=\"msg_from_server\"]')",
        "time" : {
          "start" : 1750814234282,
          "stop" : 1750814243134,
          "duration" : 8852
        }
      } ]
    },
    "tags" : [ ]
  },
  "source" : "4f0d037f5192e79e.json",
  "parameterValues" : [ ]
}