{
  "uid" : "1ff16432bab7a3f0",
  "name" : "test_open_static_site_page",
  "fullName" : "tests_ui.test_ui.TestProfilePage#test_open_statistic_page",
  "historyId" : "d5ae1e2d5dedc1997262906d6ec2db80",
  "time" : {
    "start" : 1726880444708,
    "stop" : 1726880449828,
    "duration" : 5120
  },
  "status" : "broken",
  "statusMessage" : "selenium.common.exceptions.TimeoutException: Message: Can't find element by locator ('xpath', '//button[@id=\"menu_button_webpages\"]')\nStacktrace:\n#0 0x55ab853182da <unknown>\n#1 0x55ab84fe6200 <unknown>\n#2 0x55ab85035aa2 <unknown>\n#3 0x55ab85035d41 <unknown>\n#4 0x55ab8507b964 <unknown>\n#5 0x55ab8505a8fd <unknown>\n#6 0x55ab85078dfd <unknown>\n#7 0x55ab8505a673 <unknown>\n#8 0x55ab85028473 <unknown>\n#9 0x55ab8502947e <unknown>\n#10 0x55ab852df0db <unknown>\n#11 0x55ab852e3071 <unknown>\n#12 0x55ab852cb9d5 <unknown>\n#13 0x55ab852e3bf2 <unknown>\n#14 0x55ab852b0b6f <unknown>\n#15 0x55ab85307248 <unknown>\n#16 0x55ab85307417 <unknown>\n#17 0x55ab853170cc <unknown>\n#18 0x7fa128e94ac3 <unknown>",
  "statusTrace" : "self = <tests_ui.test_ui.TestProfilePage object at 0x7fd641bec8f0>\ndriver = <selenium.webdriver.chrome.webdriver.WebDriver (session=\"e4d451b1ae2660febc0b30ebaa086809\")>\nauthorization_user = None\n\n    @allure.title('test_open_static_site_page')\n    def test_open_statistic_page(self, driver, authorization_user):\n        page = ProfilePage(driver)\n>       page.click_static_site_button()\n\ntests_ui/test_ui.py:69: \n_ _ _ _ _ _ _ _ _ _ _ _ _ _ _ _ _ _ _ _ _ _ _ _ _ _ _ _ _ _ _ _ _ _ _ _ _ _ _ _ \ntests_ui/profile_page.py:40: in click_static_site_button\n    return self.element_is_present_and_clickable(self.locators.STATIC_BUTTON).click()\ntests_ui/base_page.py:28: in element_is_present_and_clickable\n    return (Wait(self.driver, self.timeout).until(\n_ _ _ _ _ _ _ _ _ _ _ _ _ _ _ _ _ _ _ _ _ _ _ _ _ _ _ _ _ _ _ _ _ _ _ _ _ _ _ _ \n\nself = <selenium.webdriver.support.wait.WebDriverWait (session=\"e4d451b1ae2660febc0b30ebaa086809\")>\nmethod = <function visibility_of_element_located.<locals>._predicate at 0x7fd6419271a0>\nmessage = 'Can\\'t find element by locator (\\'xpath\\', \\'//button[@id=\"menu_button_webpages\"]\\')'\n\n    def until(self, method: Callable[[D], Union[Literal[False], T]], message: str = \"\") -> T:\n        \"\"\"Calls the method provided with the driver as an argument until the \\\n        return value does not evaluate to ``False``.\n    \n        :param method: callable(WebDriver)\n        :param message: optional message for :exc:`TimeoutException`\n        :returns: the result of the last call to `method`\n        :raises: :exc:`selenium.common.exceptions.TimeoutException` if timeout occurs\n        \"\"\"\n        screen = None\n        stacktrace = None\n    \n        end_time = time.monotonic() + self._timeout\n        while True:\n            try:\n                value = method(self._driver)\n                if value:\n                    return value\n            except self._ignored_exceptions as exc:\n                screen = getattr(exc, \"screen\", None)\n                stacktrace = getattr(exc, \"stacktrace\", None)\n            time.sleep(self._poll)\n            if time.monotonic() > end_time:\n                break\n>       raise TimeoutException(message, screen, stacktrace)\nE       selenium.common.exceptions.TimeoutException: Message: Can't find element by locator ('xpath', '//button[@id=\"menu_button_webpages\"]')\nE       Stacktrace:\nE       #0 0x55ab853182da <unknown>\nE       #1 0x55ab84fe6200 <unknown>\nE       #2 0x55ab85035aa2 <unknown>\nE       #3 0x55ab85035d41 <unknown>\nE       #4 0x55ab8507b964 <unknown>\nE       #5 0x55ab8505a8fd <unknown>\nE       #6 0x55ab85078dfd <unknown>\nE       #7 0x55ab8505a673 <unknown>\nE       #8 0x55ab85028473 <unknown>\nE       #9 0x55ab8502947e <unknown>\nE       #10 0x55ab852df0db <unknown>\nE       #11 0x55ab852e3071 <unknown>\nE       #12 0x55ab852cb9d5 <unknown>\nE       #13 0x55ab852e3bf2 <unknown>\nE       #14 0x55ab852b0b6f <unknown>\nE       #15 0x55ab85307248 <unknown>\nE       #16 0x55ab85307417 <unknown>\nE       #17 0x55ab853170cc <unknown>\nE       #18 0x7fa128e94ac3 <unknown>\n\n/opt/hostedtoolcache/Python/3.12.6/x64/lib/python3.12/site-packages/selenium/webdriver/support/wait.py:105: TimeoutException",
  "flaky" : false,
  "newFailed" : false,
  "beforeStages" : [ {
    "name" : "authorization_user",
    "time" : {
      "start" : 1726880444162,
      "stop" : 1726880444707,
      "duration" : 545
    },
    "status" : "passed",
    "steps" : [ {
      "name" : "Open page: https://oblache.areso.pro/register.html",
      "time" : {
        "start" : 1726880444163,
        "stop" : 1726880444526,
        "duration" : 363
      },
      "status" : "passed",
      "steps" : [ ],
      "attachments" : [ ],
      "parameters" : [ ],
      "attachmentsCount" : 0,
      "shouldDisplayMessage" : false,
      "hasContent" : false,
      "stepsCount" : 0
    }, {
      "name" : "Login user",
      "time" : {
        "start" : 1726880444526,
        "stop" : 1726880444707,
        "duration" : 181
      },
      "status" : "passed",
      "steps" : [ {
        "name" : "Enter email.",
        "time" : {
          "start" : 1726880444526,
          "stop" : 1726880444585,
          "duration" : 59
        },
        "status" : "passed",
        "steps" : [ ],
        "attachments" : [ ],
        "parameters" : [ ],
        "attachmentsCount" : 0,
        "shouldDisplayMessage" : false,
        "hasContent" : false,
        "stepsCount" : 0
      }, {
        "name" : "Enter password.",
        "time" : {
          "start" : 1726880444585,
          "stop" : 1726880444629,
          "duration" : 44
        },
        "status" : "passed",
        "steps" : [ ],
        "attachments" : [ ],
        "parameters" : [ ],
        "attachmentsCount" : 0,
        "shouldDisplayMessage" : false,
        "hasContent" : false,
        "stepsCount" : 0
      }, {
        "name" : "Click button \"Login\"",
        "time" : {
          "start" : 1726880444629,
          "stop" : 1726880444704,
          "duration" : 75
        },
        "status" : "passed",
        "steps" : [ ],
        "attachments" : [ ],
        "parameters" : [ ],
        "attachmentsCount" : 0,
        "shouldDisplayMessage" : false,
        "hasContent" : false,
        "stepsCount" : 0
      }, {
        "name" : "Check url is present: https://oblache.areso.pro/register.html",
        "time" : {
          "start" : 1726880444704,
          "stop" : 1726880444707,
          "duration" : 3
        },
        "status" : "passed",
        "steps" : [ ],
        "attachments" : [ ],
        "parameters" : [ ],
        "attachmentsCount" : 0,
        "shouldDisplayMessage" : false,
        "hasContent" : false,
        "stepsCount" : 0
      } ],
      "attachments" : [ ],
      "parameters" : [ ],
      "attachmentsCount" : 0,
      "shouldDisplayMessage" : false,
      "hasContent" : true,
      "stepsCount" : 4
    } ],
    "attachments" : [ ],
    "parameters" : [ ],
    "attachmentsCount" : 0,
    "shouldDisplayMessage" : false,
    "hasContent" : true,
    "stepsCount" : 6
  }, {
    "name" : "driver",
    "time" : {
      "start" : 1726880443893,
      "stop" : 1726880444162,
      "duration" : 269
    },
    "status" : "passed",
    "steps" : [ ],
    "attachments" : [ ],
    "parameters" : [ ],
    "attachmentsCount" : 0,
    "shouldDisplayMessage" : false,
    "hasContent" : false,
    "stepsCount" : 0
  } ],
  "testStage" : {
    "status" : "broken",
    "statusMessage" : "selenium.common.exceptions.TimeoutException: Message: Can't find element by locator ('xpath', '//button[@id=\"menu_button_webpages\"]')\nStacktrace:\n#0 0x55ab853182da <unknown>\n#1 0x55ab84fe6200 <unknown>\n#2 0x55ab85035aa2 <unknown>\n#3 0x55ab85035d41 <unknown>\n#4 0x55ab8507b964 <unknown>\n#5 0x55ab8505a8fd <unknown>\n#6 0x55ab85078dfd <unknown>\n#7 0x55ab8505a673 <unknown>\n#8 0x55ab85028473 <unknown>\n#9 0x55ab8502947e <unknown>\n#10 0x55ab852df0db <unknown>\n#11 0x55ab852e3071 <unknown>\n#12 0x55ab852cb9d5 <unknown>\n#13 0x55ab852e3bf2 <unknown>\n#14 0x55ab852b0b6f <unknown>\n#15 0x55ab85307248 <unknown>\n#16 0x55ab85307417 <unknown>\n#17 0x55ab853170cc <unknown>\n#18 0x7fa128e94ac3 <unknown>",
    "statusTrace" : "self = <tests_ui.test_ui.TestProfilePage object at 0x7fd641bec8f0>\ndriver = <selenium.webdriver.chrome.webdriver.WebDriver (session=\"e4d451b1ae2660febc0b30ebaa086809\")>\nauthorization_user = None\n\n    @allure.title('test_open_static_site_page')\n    def test_open_statistic_page(self, driver, authorization_user):\n        page = ProfilePage(driver)\n>       page.click_static_site_button()\n\ntests_ui/test_ui.py:69: \n_ _ _ _ _ _ _ _ _ _ _ _ _ _ _ _ _ _ _ _ _ _ _ _ _ _ _ _ _ _ _ _ _ _ _ _ _ _ _ _ \ntests_ui/profile_page.py:40: in click_static_site_button\n    return self.element_is_present_and_clickable(self.locators.STATIC_BUTTON).click()\ntests_ui/base_page.py:28: in element_is_present_and_clickable\n    return (Wait(self.driver, self.timeout).until(\n_ _ _ _ _ _ _ _ _ _ _ _ _ _ _ _ _ _ _ _ _ _ _ _ _ _ _ _ _ _ _ _ _ _ _ _ _ _ _ _ \n\nself = <selenium.webdriver.support.wait.WebDriverWait (session=\"e4d451b1ae2660febc0b30ebaa086809\")>\nmethod = <function visibility_of_element_located.<locals>._predicate at 0x7fd6419271a0>\nmessage = 'Can\\'t find element by locator (\\'xpath\\', \\'//button[@id=\"menu_button_webpages\"]\\')'\n\n    def until(self, method: Callable[[D], Union[Literal[False], T]], message: str = \"\") -> T:\n        \"\"\"Calls the method provided with the driver as an argument until the \\\n        return value does not evaluate to ``False``.\n    \n        :param method: callable(WebDriver)\n        :param message: optional message for :exc:`TimeoutException`\n        :returns: the result of the last call to `method`\n        :raises: :exc:`selenium.common.exceptions.TimeoutException` if timeout occurs\n        \"\"\"\n        screen = None\n        stacktrace = None\n    \n        end_time = time.monotonic() + self._timeout\n        while True:\n            try:\n                value = method(self._driver)\n                if value:\n                    return value\n            except self._ignored_exceptions as exc:\n                screen = getattr(exc, \"screen\", None)\n                stacktrace = getattr(exc, \"stacktrace\", None)\n            time.sleep(self._poll)\n            if time.monotonic() > end_time:\n                break\n>       raise TimeoutException(message, screen, stacktrace)\nE       selenium.common.exceptions.TimeoutException: Message: Can't find element by locator ('xpath', '//button[@id=\"menu_button_webpages\"]')\nE       Stacktrace:\nE       #0 0x55ab853182da <unknown>\nE       #1 0x55ab84fe6200 <unknown>\nE       #2 0x55ab85035aa2 <unknown>\nE       #3 0x55ab85035d41 <unknown>\nE       #4 0x55ab8507b964 <unknown>\nE       #5 0x55ab8505a8fd <unknown>\nE       #6 0x55ab85078dfd <unknown>\nE       #7 0x55ab8505a673 <unknown>\nE       #8 0x55ab85028473 <unknown>\nE       #9 0x55ab8502947e <unknown>\nE       #10 0x55ab852df0db <unknown>\nE       #11 0x55ab852e3071 <unknown>\nE       #12 0x55ab852cb9d5 <unknown>\nE       #13 0x55ab852e3bf2 <unknown>\nE       #14 0x55ab852b0b6f <unknown>\nE       #15 0x55ab85307248 <unknown>\nE       #16 0x55ab85307417 <unknown>\nE       #17 0x55ab853170cc <unknown>\nE       #18 0x7fa128e94ac3 <unknown>\n\n/opt/hostedtoolcache/Python/3.12.6/x64/lib/python3.12/site-packages/selenium/webdriver/support/wait.py:105: TimeoutException",
    "steps" : [ {
      "name" : "Click \"Static site\" button.",
      "time" : {
        "start" : 1726880444708,
        "stop" : 1726880449828,
        "duration" : 5120
      },
      "status" : "broken",
      "statusMessage" : "selenium.common.exceptions.TimeoutException: Message: Can't find element by locator ('xpath', '//button[@id=\"menu_button_webpages\"]')\nStacktrace:\n#0 0x55ab853182da <unknown>\n#1 0x55ab84fe6200 <unknown>\n#2 0x55ab85035aa2 <unknown>\n#3 0x55ab85035d41 <unknown>\n#4 0x55ab8507b964 <unknown>\n#5 0x55ab8505a8fd <unknown>\n#6 0x55ab85078dfd <unknown>\n#7 0x55ab8505a673 <unknown>\n#8 0x55ab85028473 <unknown>\n#9 0x55ab8502947e <unknown>\n#10 0x55ab852df0db <unknown>\n#11 0x55ab852e3071 <unknown>\n#12 0x55ab852cb9d5 <unknown>\n#13 0x55ab852e3bf2 <unknown>\n#14 0x55ab852b0b6f <unknown>\n#15 0x55ab85307248 <unknown>\n#16 0x55ab85307417 <unknown>\n#17 0x55ab853170cc <unknown>\n#18 0x7fa128e94ac3 <unknown>\n\n",
      "statusTrace" : "  File \"/home/runner/work/Oblache/Oblache/tests_ui/profile_page.py\", line 40, in click_static_site_button\n    return self.element_is_present_and_clickable(self.locators.STATIC_BUTTON).click()\n           ^^^^^^^^^^^^^^^^^^^^^^^^^^^^^^^^^^^^^^^^^^^^^^^^^^^^^^^^^^^^^^^^^^\n  File \"/home/runner/work/Oblache/Oblache/tests_ui/base_page.py\", line 28, in element_is_present_and_clickable\n    return (Wait(self.driver, self.timeout).until(\n            ^^^^^^^^^^^^^^^^^^^^^^^^^^^^^^^^^^^^^^\n  File \"/opt/hostedtoolcache/Python/3.12.6/x64/lib/python3.12/site-packages/selenium/webdriver/support/wait.py\", line 105, in until\n    raise TimeoutException(message, screen, stacktrace)\n",
      "steps" : [ ],
      "attachments" : [ ],
      "parameters" : [ ],
      "attachmentsCount" : 0,
      "shouldDisplayMessage" : true,
      "hasContent" : true,
      "stepsCount" : 0
    } ],
    "attachments" : [ {
      "uid" : "f30124378b97f163",
      "name" : "Screenshot 2024-09-21 01:00:49.944077",
      "source" : "f30124378b97f163.png",
      "type" : "image/png",
      "size" : 35902
    } ],
    "parameters" : [ ],
    "attachmentsCount" : 1,
    "shouldDisplayMessage" : true,
    "hasContent" : true,
    "stepsCount" : 1
  },
  "afterStages" : [ {
    "name" : "driver::0",
    "time" : {
      "start" : 1726880449945,
      "stop" : 1726880450012,
      "duration" : 67
    },
    "status" : "passed",
    "steps" : [ ],
    "attachments" : [ ],
    "parameters" : [ ],
    "attachmentsCount" : 0,
    "shouldDisplayMessage" : false,
    "hasContent" : false,
    "stepsCount" : 0
  } ],
  "labels" : [ {
    "name" : "suite",
    "value" : "Test Profile Page."
  }, {
    "name" : "parentSuite",
    "value" : "tests_ui"
  }, {
    "name" : "subSuite",
    "value" : "TestProfilePage"
  }, {
    "name" : "host",
    "value" : "fv-az692-270"
  }, {
    "name" : "thread",
    "value" : "2267-MainThread"
  }, {
    "name" : "framework",
    "value" : "pytest"
  }, {
    "name" : "language",
    "value" : "cpython3"
  }, {
    "name" : "package",
    "value" : "tests_ui.test_ui"
  }, {
    "name" : "resultFormat",
    "value" : "allure2"
  } ],
  "parameters" : [ ],
  "links" : [ ],
  "hidden" : false,
  "retry" : false,
  "extra" : {
    "severity" : "normal",
    "retries" : [ ],
    "categories" : [ {
      "name" : "Test defects",
      "matchedStatuses" : [ ],
      "flaky" : false
    } ],
    "history" : {
      "statistic" : {
        "failed" : 0,
        "broken" : 2,
        "skipped" : 0,
        "passed" : 0,
        "unknown" : 0,
        "total" : 2
      },
      "items" : [ {
        "uid" : "d486e800d6d04b79",
        "reportUrl" : "https://lambotik.github.io/Oblache/166//#testresult/d486e800d6d04b79",
        "status" : "broken",
        "statusDetails" : "selenium.common.exceptions.TimeoutException: Message: Can't find element by locator ('xpath', '//button[@id=\"menu_button_webpages\"]')\nStacktrace:\n#0 0x55d721bc92da <unknown>\n#1 0x55d721897200 <unknown>\n#2 0x55d7218e6aa2 <unknown>\n#3 0x55d7218e6d41 <unknown>\n#4 0x55d72192c964 <unknown>\n#5 0x55d72190b8fd <unknown>\n#6 0x55d721929dfd <unknown>\n#7 0x55d72190b673 <unknown>\n#8 0x55d7218d9473 <unknown>\n#9 0x55d7218da47e <unknown>\n#10 0x55d721b900db <unknown>\n#11 0x55d721b94071 <unknown>\n#12 0x55d721b7c9d5 <unknown>\n#13 0x55d721b94bf2 <unknown>\n#14 0x55d721b61b6f <unknown>\n#15 0x55d721bb8248 <unknown>\n#16 0x55d721bb8417 <unknown>\n#17 0x55d721bc80cc <unknown>\n#18 0x7f2785c94ac3 <unknown>",
        "time" : {
          "start" : 1726794090491,
          "stop" : 1726794095909,
          "duration" : 5418
        }
      } ]
    },
    "tags" : [ ]
  },
  "source" : "1ff16432bab7a3f0.json",
  "parameterValues" : [ ]
}