{
  "uid" : "ad93e864117268da",
  "name" : "test_create_database",
  "fullName" : "tests_ui.test_ui.TestProfilePage#test_create_database",
  "historyId" : "4762f7b87391625d86f9ea8dbdd3b406",
  "time" : {
    "start" : 1753583004949,
    "stop" : 1753583012146,
    "duration" : 7197
  },
  "status" : "broken",
  "statusMessage" : "selenium.common.exceptions.TimeoutException: Message: Can't find element by locator ('xpath', '//select[@id=\"selectDBRegion\"] /option[@value=\"3\"]')\nStacktrace:\n#0 0x55fa93cd07da <unknown>\n#1 0x55fa937752e0 <unknown>\n#2 0x55fa937c6e00 <unknown>\n#3 0x55fa937c6ff1 <unknown>\n#4 0x55fa93815324 <unknown>\n#5 0x55fa937ec8dd <unknown>\n#6 0x55fa9381271c <unknown>\n#7 0x55fa937ec683 <unknown>\n#8 0x55fa937b8b5b <unknown>\n#9 0x55fa937b9f31 <unknown>\n#10 0x55fa93c9572b <unknown>\n#11 0x55fa93c99534 <unknown>\n#12 0x55fa93c7c229 <unknown>\n#13 0x55fa93c9a0d8 <unknown>\n#14 0x55fa93c6061f <unknown>\n#15 0x55fa93cbddd8 <unknown>\n#16 0x55fa93cbdfb6 <unknown>\n#17 0x55fa93ccfaf6 <unknown>\n#18 0x7fc4abe9caa4 <unknown>\n#19 0x7fc4abf29c3c <unknown>",
  "statusTrace" : "self = <tests_ui.test_ui.TestProfilePage object at 0x7f326875ffb0>\ndriver = <selenium.webdriver.chrome.webdriver.WebDriver (session=\"ec26e5e7d55093bd02c94b5be7855ba0\")>\nauthorization_user = None\n\n    @allure.title('test_create_database')\n    def test_create_database(self, driver, authorization_user):\n        page = ProfilePage(driver, authorization_user)\n>       page.compare_database_status()\n\ntests_ui/test_ui.py:83: \n_ _ _ _ _ _ _ _ _ _ _ _ _ _ _ _ _ _ _ _ _ _ _ _ _ _ _ _ _ _ _ _ _ _ _ _ _ _ _ _ \ntests_ui/profile_page.py:148: in compare_database_status\n    self.select_db_region_cis()\ntests_ui/profile_page.py:67: in select_db_region_cis\n    self.element_is_present_and_clickable(self.locators.DB_REGION_CIS).click()\ntests_ui/base_page.py:28: in element_is_present_and_clickable\n    return (Wait(self.driver, self.timeout).until(\n_ _ _ _ _ _ _ _ _ _ _ _ _ _ _ _ _ _ _ _ _ _ _ _ _ _ _ _ _ _ _ _ _ _ _ _ _ _ _ _ \n\nself = <selenium.webdriver.support.wait.WebDriverWait (session=\"ec26e5e7d55093bd02c94b5be7855ba0\")>\nmethod = <function visibility_of_element_located.<locals>._predicate at 0x7f3267d40360>\nmessage = 'Can\\'t find element by locator (\\'xpath\\', \\'//select[@id=\"selectDBRegion\"] /option[@value=\"3\"]\\')'\n\n    def until(self, method: Callable[[D], Union[Literal[False], T]], message: str = \"\") -> T:\n        \"\"\"Calls the method provided with the driver as an argument until the \\\n        return value does not evaluate to ``False``.\n    \n        :param method: callable(WebDriver)\n        :param message: optional message for :exc:`TimeoutException`\n        :returns: the result of the last call to `method`\n        :raises: :exc:`selenium.common.exceptions.TimeoutException` if timeout occurs\n        \"\"\"\n        screen = None\n        stacktrace = None\n    \n        end_time = time.monotonic() + self._timeout\n        while True:\n            try:\n                value = method(self._driver)\n                if value:\n                    return value\n            except self._ignored_exceptions as exc:\n                screen = getattr(exc, \"screen\", None)\n                stacktrace = getattr(exc, \"stacktrace\", None)\n            time.sleep(self._poll)\n            if time.monotonic() > end_time:\n                break\n>       raise TimeoutException(message, screen, stacktrace)\nE       selenium.common.exceptions.TimeoutException: Message: Can't find element by locator ('xpath', '//select[@id=\"selectDBRegion\"] /option[@value=\"3\"]')\nE       Stacktrace:\nE       #0 0x55fa93cd07da <unknown>\nE       #1 0x55fa937752e0 <unknown>\nE       #2 0x55fa937c6e00 <unknown>\nE       #3 0x55fa937c6ff1 <unknown>\nE       #4 0x55fa93815324 <unknown>\nE       #5 0x55fa937ec8dd <unknown>\nE       #6 0x55fa9381271c <unknown>\nE       #7 0x55fa937ec683 <unknown>\nE       #8 0x55fa937b8b5b <unknown>\nE       #9 0x55fa937b9f31 <unknown>\nE       #10 0x55fa93c9572b <unknown>\nE       #11 0x55fa93c99534 <unknown>\nE       #12 0x55fa93c7c229 <unknown>\nE       #13 0x55fa93c9a0d8 <unknown>\nE       #14 0x55fa93c6061f <unknown>\nE       #15 0x55fa93cbddd8 <unknown>\nE       #16 0x55fa93cbdfb6 <unknown>\nE       #17 0x55fa93ccfaf6 <unknown>\nE       #18 0x7fc4abe9caa4 <unknown>\nE       #19 0x7fc4abf29c3c <unknown>\n\n/opt/hostedtoolcache/Python/3.12.11/x64/lib/python3.12/site-packages/selenium/webdriver/support/wait.py:105: TimeoutException",
  "flaky" : false,
  "newFailed" : false,
  "beforeStages" : [ {
    "name" : "authorization_user",
    "time" : {
      "start" : 1753583004248,
      "stop" : 1753583004949,
      "duration" : 701
    },
    "status" : "passed",
    "steps" : [ {
      "name" : "Open page: https://oblache.areso.pro/register.html",
      "time" : {
        "start" : 1753583004248,
        "stop" : 1753583004752,
        "duration" : 504
      },
      "status" : "passed",
      "steps" : [ ],
      "attachments" : [ ],
      "parameters" : [ ],
      "stepsCount" : 0,
      "attachmentsCount" : 0,
      "shouldDisplayMessage" : false,
      "hasContent" : false
    }, {
      "name" : "Login user",
      "time" : {
        "start" : 1753583004752,
        "stop" : 1753583004949,
        "duration" : 197
      },
      "status" : "passed",
      "steps" : [ {
        "name" : "Enter email.",
        "time" : {
          "start" : 1753583004752,
          "stop" : 1753583004810,
          "duration" : 58
        },
        "status" : "passed",
        "steps" : [ ],
        "attachments" : [ ],
        "parameters" : [ ],
        "stepsCount" : 0,
        "attachmentsCount" : 0,
        "shouldDisplayMessage" : false,
        "hasContent" : false
      }, {
        "name" : "Enter password.",
        "time" : {
          "start" : 1753583004810,
          "stop" : 1753583004858,
          "duration" : 48
        },
        "status" : "passed",
        "steps" : [ ],
        "attachments" : [ ],
        "parameters" : [ ],
        "stepsCount" : 0,
        "attachmentsCount" : 0,
        "shouldDisplayMessage" : false,
        "hasContent" : false
      }, {
        "name" : "Click button \"Login\"",
        "time" : {
          "start" : 1753583004858,
          "stop" : 1753583004946,
          "duration" : 88
        },
        "status" : "passed",
        "steps" : [ ],
        "attachments" : [ ],
        "parameters" : [ ],
        "stepsCount" : 0,
        "attachmentsCount" : 0,
        "shouldDisplayMessage" : false,
        "hasContent" : false
      }, {
        "name" : "Check url is present: https://oblache.areso.pro/register.html",
        "time" : {
          "start" : 1753583004946,
          "stop" : 1753583004949,
          "duration" : 3
        },
        "status" : "passed",
        "steps" : [ ],
        "attachments" : [ ],
        "parameters" : [ ],
        "stepsCount" : 0,
        "attachmentsCount" : 0,
        "shouldDisplayMessage" : false,
        "hasContent" : false
      } ],
      "attachments" : [ ],
      "parameters" : [ ],
      "stepsCount" : 4,
      "attachmentsCount" : 0,
      "shouldDisplayMessage" : false,
      "hasContent" : true
    } ],
    "attachments" : [ ],
    "parameters" : [ ],
    "stepsCount" : 6,
    "attachmentsCount" : 0,
    "shouldDisplayMessage" : false,
    "hasContent" : true
  }, {
    "name" : "driver",
    "time" : {
      "start" : 1753583003901,
      "stop" : 1753583004248,
      "duration" : 347
    },
    "status" : "passed",
    "steps" : [ ],
    "attachments" : [ ],
    "parameters" : [ ],
    "stepsCount" : 0,
    "attachmentsCount" : 0,
    "shouldDisplayMessage" : false,
    "hasContent" : false
  } ],
  "testStage" : {
    "status" : "broken",
    "statusMessage" : "selenium.common.exceptions.TimeoutException: Message: Can't find element by locator ('xpath', '//select[@id=\"selectDBRegion\"] /option[@value=\"3\"]')\nStacktrace:\n#0 0x55fa93cd07da <unknown>\n#1 0x55fa937752e0 <unknown>\n#2 0x55fa937c6e00 <unknown>\n#3 0x55fa937c6ff1 <unknown>\n#4 0x55fa93815324 <unknown>\n#5 0x55fa937ec8dd <unknown>\n#6 0x55fa9381271c <unknown>\n#7 0x55fa937ec683 <unknown>\n#8 0x55fa937b8b5b <unknown>\n#9 0x55fa937b9f31 <unknown>\n#10 0x55fa93c9572b <unknown>\n#11 0x55fa93c99534 <unknown>\n#12 0x55fa93c7c229 <unknown>\n#13 0x55fa93c9a0d8 <unknown>\n#14 0x55fa93c6061f <unknown>\n#15 0x55fa93cbddd8 <unknown>\n#16 0x55fa93cbdfb6 <unknown>\n#17 0x55fa93ccfaf6 <unknown>\n#18 0x7fc4abe9caa4 <unknown>\n#19 0x7fc4abf29c3c <unknown>",
    "statusTrace" : "self = <tests_ui.test_ui.TestProfilePage object at 0x7f326875ffb0>\ndriver = <selenium.webdriver.chrome.webdriver.WebDriver (session=\"ec26e5e7d55093bd02c94b5be7855ba0\")>\nauthorization_user = None\n\n    @allure.title('test_create_database')\n    def test_create_database(self, driver, authorization_user):\n        page = ProfilePage(driver, authorization_user)\n>       page.compare_database_status()\n\ntests_ui/test_ui.py:83: \n_ _ _ _ _ _ _ _ _ _ _ _ _ _ _ _ _ _ _ _ _ _ _ _ _ _ _ _ _ _ _ _ _ _ _ _ _ _ _ _ \ntests_ui/profile_page.py:148: in compare_database_status\n    self.select_db_region_cis()\ntests_ui/profile_page.py:67: in select_db_region_cis\n    self.element_is_present_and_clickable(self.locators.DB_REGION_CIS).click()\ntests_ui/base_page.py:28: in element_is_present_and_clickable\n    return (Wait(self.driver, self.timeout).until(\n_ _ _ _ _ _ _ _ _ _ _ _ _ _ _ _ _ _ _ _ _ _ _ _ _ _ _ _ _ _ _ _ _ _ _ _ _ _ _ _ \n\nself = <selenium.webdriver.support.wait.WebDriverWait (session=\"ec26e5e7d55093bd02c94b5be7855ba0\")>\nmethod = <function visibility_of_element_located.<locals>._predicate at 0x7f3267d40360>\nmessage = 'Can\\'t find element by locator (\\'xpath\\', \\'//select[@id=\"selectDBRegion\"] /option[@value=\"3\"]\\')'\n\n    def until(self, method: Callable[[D], Union[Literal[False], T]], message: str = \"\") -> T:\n        \"\"\"Calls the method provided with the driver as an argument until the \\\n        return value does not evaluate to ``False``.\n    \n        :param method: callable(WebDriver)\n        :param message: optional message for :exc:`TimeoutException`\n        :returns: the result of the last call to `method`\n        :raises: :exc:`selenium.common.exceptions.TimeoutException` if timeout occurs\n        \"\"\"\n        screen = None\n        stacktrace = None\n    \n        end_time = time.monotonic() + self._timeout\n        while True:\n            try:\n                value = method(self._driver)\n                if value:\n                    return value\n            except self._ignored_exceptions as exc:\n                screen = getattr(exc, \"screen\", None)\n                stacktrace = getattr(exc, \"stacktrace\", None)\n            time.sleep(self._poll)\n            if time.monotonic() > end_time:\n                break\n>       raise TimeoutException(message, screen, stacktrace)\nE       selenium.common.exceptions.TimeoutException: Message: Can't find element by locator ('xpath', '//select[@id=\"selectDBRegion\"] /option[@value=\"3\"]')\nE       Stacktrace:\nE       #0 0x55fa93cd07da <unknown>\nE       #1 0x55fa937752e0 <unknown>\nE       #2 0x55fa937c6e00 <unknown>\nE       #3 0x55fa937c6ff1 <unknown>\nE       #4 0x55fa93815324 <unknown>\nE       #5 0x55fa937ec8dd <unknown>\nE       #6 0x55fa9381271c <unknown>\nE       #7 0x55fa937ec683 <unknown>\nE       #8 0x55fa937b8b5b <unknown>\nE       #9 0x55fa937b9f31 <unknown>\nE       #10 0x55fa93c9572b <unknown>\nE       #11 0x55fa93c99534 <unknown>\nE       #12 0x55fa93c7c229 <unknown>\nE       #13 0x55fa93c9a0d8 <unknown>\nE       #14 0x55fa93c6061f <unknown>\nE       #15 0x55fa93cbddd8 <unknown>\nE       #16 0x55fa93cbdfb6 <unknown>\nE       #17 0x55fa93ccfaf6 <unknown>\nE       #18 0x7fc4abe9caa4 <unknown>\nE       #19 0x7fc4abf29c3c <unknown>\n\n/opt/hostedtoolcache/Python/3.12.11/x64/lib/python3.12/site-packages/selenium/webdriver/support/wait.py:105: TimeoutException",
    "steps" : [ {
      "name" : "Click button Status.",
      "time" : {
        "start" : 1753583005950,
        "stop" : 1753583006361,
        "duration" : 411
      },
      "status" : "passed",
      "steps" : [ ],
      "attachments" : [ ],
      "parameters" : [ ],
      "stepsCount" : 0,
      "attachmentsCount" : 0,
      "shouldDisplayMessage" : false,
      "hasContent" : false
    }, {
      "name" : "Get status data.",
      "time" : {
        "start" : 1753583006762,
        "stop" : 1753583006762,
        "duration" : 0
      },
      "status" : "passed",
      "steps" : [ {
        "name" : "Status data is: {'Email:': 'nodata', 'is blocked?': 'nodata', 'is db creation allowed?': 'nodata', 'disk db quota, mb': 'nodata', 'disk db used, mb': 'nodata', 'db qty quota': 'nodata', 'db qty used': 'nodata', 'site qty quota': 'nodata', 'site qty used': 'nodata', 'site disk quota': 'nodata', 'site disk usage': 'nodata', 'is site deploy allowed?': 'nodata'}",
        "time" : {
          "start" : 1753583006762,
          "stop" : 1753583006762,
          "duration" : 0
        },
        "status" : "passed",
        "steps" : [ ],
        "attachments" : [ ],
        "parameters" : [ ],
        "stepsCount" : 0,
        "attachmentsCount" : 0,
        "shouldDisplayMessage" : false,
        "hasContent" : false
      } ],
      "attachments" : [ ],
      "parameters" : [ ],
      "stepsCount" : 1,
      "attachmentsCount" : 0,
      "shouldDisplayMessage" : false,
      "hasContent" : true
    }, {
      "name" : "Click \"Databases\" button.",
      "time" : {
        "start" : 1753583006762,
        "stop" : 1753583006869,
        "duration" : 107
      },
      "status" : "passed",
      "steps" : [ ],
      "attachments" : [ ],
      "parameters" : [ ],
      "stepsCount" : 0,
      "attachmentsCount" : 0,
      "shouldDisplayMessage" : false,
      "hasContent" : false
    }, {
      "name" : "Click \"Create new DB\" button.",
      "time" : {
        "start" : 1753583006869,
        "stop" : 1753583006943,
        "duration" : 74
      },
      "status" : "passed",
      "steps" : [ ],
      "attachments" : [ ],
      "parameters" : [ ],
      "stepsCount" : 0,
      "attachmentsCount" : 0,
      "shouldDisplayMessage" : false,
      "hasContent" : false
    }, {
      "name" : "Select region \"CIS\".",
      "time" : {
        "start" : 1753583006943,
        "stop" : 1753583012146,
        "duration" : 5203
      },
      "status" : "broken",
      "statusMessage" : "selenium.common.exceptions.TimeoutException: Message: Can't find element by locator ('xpath', '//select[@id=\"selectDBRegion\"] /option[@value=\"3\"]')\nStacktrace:\n#0 0x55fa93cd07da <unknown>\n#1 0x55fa937752e0 <unknown>\n#2 0x55fa937c6e00 <unknown>\n#3 0x55fa937c6ff1 <unknown>\n#4 0x55fa93815324 <unknown>\n#5 0x55fa937ec8dd <unknown>\n#6 0x55fa9381271c <unknown>\n#7 0x55fa937ec683 <unknown>\n#8 0x55fa937b8b5b <unknown>\n#9 0x55fa937b9f31 <unknown>\n#10 0x55fa93c9572b <unknown>\n#11 0x55fa93c99534 <unknown>\n#12 0x55fa93c7c229 <unknown>\n#13 0x55fa93c9a0d8 <unknown>\n#14 0x55fa93c6061f <unknown>\n#15 0x55fa93cbddd8 <unknown>\n#16 0x55fa93cbdfb6 <unknown>\n#17 0x55fa93ccfaf6 <unknown>\n#18 0x7fc4abe9caa4 <unknown>\n#19 0x7fc4abf29c3c <unknown>\n\n",
      "statusTrace" : "  File \"/home/runner/work/Oblache/Oblache/tests_ui/profile_page.py\", line 67, in select_db_region_cis\n    self.element_is_present_and_clickable(self.locators.DB_REGION_CIS).click()\n    ^^^^^^^^^^^^^^^^^^^^^^^^^^^^^^^^^^^^^^^^^^^^^^^^^^^^^^^^^^^^^^^^^^\n  File \"/home/runner/work/Oblache/Oblache/tests_ui/base_page.py\", line 28, in element_is_present_and_clickable\n    return (Wait(self.driver, self.timeout).until(\n            ^^^^^^^^^^^^^^^^^^^^^^^^^^^^^^^^^^^^^^\n  File \"/opt/hostedtoolcache/Python/3.12.11/x64/lib/python3.12/site-packages/selenium/webdriver/support/wait.py\", line 105, in until\n    raise TimeoutException(message, screen, stacktrace)\n",
      "steps" : [ ],
      "attachments" : [ ],
      "parameters" : [ ],
      "stepsCount" : 0,
      "attachmentsCount" : 0,
      "shouldDisplayMessage" : true,
      "hasContent" : true
    } ],
    "attachments" : [ {
      "uid" : "3f3ce0eaca2b2ee5",
      "name" : "Screenshot 2025-07-27 02:23:32.252987",
      "source" : "3f3ce0eaca2b2ee5.png",
      "type" : "image/png",
      "size" : 25194
    } ],
    "parameters" : [ ],
    "stepsCount" : 6,
    "attachmentsCount" : 1,
    "shouldDisplayMessage" : true,
    "hasContent" : true
  },
  "afterStages" : [ {
    "name" : "driver::0",
    "time" : {
      "start" : 1753583012254,
      "stop" : 1753583012314,
      "duration" : 60
    },
    "status" : "passed",
    "steps" : [ ],
    "attachments" : [ ],
    "parameters" : [ ],
    "stepsCount" : 0,
    "attachmentsCount" : 0,
    "shouldDisplayMessage" : false,
    "hasContent" : false
  } ],
  "labels" : [ {
    "name" : "suite",
    "value" : "Test Profile Page."
  }, {
    "name" : "parentSuite",
    "value" : "tests_ui"
  }, {
    "name" : "subSuite",
    "value" : "TestProfilePage"
  }, {
    "name" : "host",
    "value" : "pkrvmpptgkbjq6m"
  }, {
    "name" : "thread",
    "value" : "2588-MainThread"
  }, {
    "name" : "framework",
    "value" : "pytest"
  }, {
    "name" : "language",
    "value" : "cpython3"
  }, {
    "name" : "package",
    "value" : "tests_ui.test_ui"
  }, {
    "name" : "resultFormat",
    "value" : "allure2"
  } ],
  "parameters" : [ ],
  "links" : [ ],
  "hidden" : false,
  "retry" : false,
  "extra" : {
    "severity" : "normal",
    "retries" : [ ],
    "categories" : [ {
      "name" : "Test defects",
      "matchedStatuses" : [ ],
      "flaky" : false
    } ],
    "history" : {
      "statistic" : {
        "failed" : 0,
        "broken" : 231,
        "skipped" : 0,
        "passed" : 1,
        "unknown" : 0,
        "total" : 232
      },
      "items" : [ {
        "uid" : "72885d72f4b4eb8a",
        "reportUrl" : "https://lambotik.github.io/Oblache/452//#testresult/72885d72f4b4eb8a",
        "status" : "broken",
        "statusDetails" : "selenium.common.exceptions.TimeoutException: Message: Can't find element by locator ('xpath', '//div[@id=\"msg_from_server\"]')",
        "time" : {
          "start" : 1753495398774,
          "stop" : 1753495407012,
          "duration" : 8238
        }
      }, {
        "uid" : "92c79202f4a16bbc",
        "reportUrl" : "https://lambotik.github.io/Oblache/451//#testresult/92c79202f4a16bbc",
        "status" : "broken",
        "statusDetails" : "selenium.common.exceptions.TimeoutException: Message: Can't find element by locator ('xpath', '//div[@id=\"msg_from_server\"]')",
        "time" : {
          "start" : 1753409238926,
          "stop" : 1753409246935,
          "duration" : 8009
        }
      }, {
        "uid" : "43f28f1753e9afd4",
        "reportUrl" : "https://lambotik.github.io/Oblache/450//#testresult/43f28f1753e9afd4",
        "status" : "broken",
        "statusDetails" : "selenium.common.exceptions.TimeoutException: Message: Can't find element by locator ('xpath', '//div[@id=\"msg_from_server\"]')",
        "time" : {
          "start" : 1751333058530,
          "stop" : 1751333066555,
          "duration" : 8025
        }
      }, {
        "uid" : "96740238b14a8366",
        "reportUrl" : "https://lambotik.github.io/Oblache/449//#testresult/96740238b14a8366",
        "status" : "broken",
        "statusDetails" : "selenium.common.exceptions.TimeoutException: Message: Can't find element by locator ('xpath', '//div[@id=\"msg_from_server\"]')",
        "time" : {
          "start" : 1751246472420,
          "stop" : 1751246480469,
          "duration" : 8049
        }
      }, {
        "uid" : "f3df21b5d654f670",
        "reportUrl" : "https://lambotik.github.io/Oblache/448//#testresult/f3df21b5d654f670",
        "status" : "broken",
        "statusDetails" : "selenium.common.exceptions.TimeoutException: Message: Can't find element by locator ('xpath', '//div[@id=\"msg_from_server\"]')",
        "time" : {
          "start" : 1751160258161,
          "stop" : 1751160266748,
          "duration" : 8587
        }
      }, {
        "uid" : "679be50dbd822a4b",
        "reportUrl" : "https://lambotik.github.io/Oblache/447//#testresult/679be50dbd822a4b",
        "status" : "broken",
        "statusDetails" : "selenium.common.exceptions.TimeoutException: Message: Can't find element by locator ('xpath', '//div[@id=\"msg_from_server\"]')",
        "time" : {
          "start" : 1751073249228,
          "stop" : 1751073257377,
          "duration" : 8149
        }
      }, {
        "uid" : "25607e8b59cb5808",
        "reportUrl" : "https://lambotik.github.io/Oblache/446//#testresult/25607e8b59cb5808",
        "status" : "broken",
        "statusDetails" : "selenium.common.exceptions.TimeoutException: Message: Can't find element by locator ('xpath', '//div[@id=\"msg_from_server\"]')",
        "time" : {
          "start" : 1750987048625,
          "stop" : 1750987057584,
          "duration" : 8959
        }
      }, {
        "uid" : "16deaae4b7debb32",
        "reportUrl" : "https://lambotik.github.io/Oblache/445//#testresult/16deaae4b7debb32",
        "status" : "broken",
        "statusDetails" : "selenium.common.exceptions.TimeoutException: Message: Can't find element by locator ('xpath', '//div[@id=\"msg_from_server\"]')",
        "time" : {
          "start" : 1750900591432,
          "stop" : 1750900599595,
          "duration" : 8163
        }
      }, {
        "uid" : "e83087190f606300",
        "reportUrl" : "https://lambotik.github.io/Oblache/444//#testresult/e83087190f606300",
        "status" : "broken",
        "statusDetails" : "selenium.common.exceptions.TimeoutException: Message: Can't find element by locator ('xpath', '//div[@id=\"msg_from_server\"]')",
        "time" : {
          "start" : 1750814234282,
          "stop" : 1750814243134,
          "duration" : 8852
        }
      }, {
        "uid" : "7c9272ef756101a9",
        "reportUrl" : "https://lambotik.github.io/Oblache/443//#testresult/7c9272ef756101a9",
        "status" : "broken",
        "statusDetails" : "selenium.common.exceptions.TimeoutException: Message: Can't find element by locator ('xpath', '//div[@id=\"msg_from_server\"]')",
        "time" : {
          "start" : 1750727779899,
          "stop" : 1750727788779,
          "duration" : 8880
        }
      }, {
        "uid" : "c68114dbad0bca00",
        "reportUrl" : "https://lambotik.github.io/Oblache/442//#testresult/c68114dbad0bca00",
        "status" : "broken",
        "statusDetails" : "selenium.common.exceptions.TimeoutException: Message: Can't find element by locator ('xpath', '//div[@id=\"msg_from_server\"]')",
        "time" : {
          "start" : 1750641639968,
          "stop" : 1750641649022,
          "duration" : 9054
        }
      }, {
        "uid" : "153d30f4d97501b7",
        "reportUrl" : "https://lambotik.github.io/Oblache/441//#testresult/153d30f4d97501b7",
        "status" : "broken",
        "statusDetails" : "selenium.common.exceptions.TimeoutException: Message: Can't find element by locator ('xpath', '//div[@id=\"msg_from_server\"]')",
        "time" : {
          "start" : 1750555407836,
          "stop" : 1750555416806,
          "duration" : 8970
        }
      }, {
        "uid" : "a46aa90d1334fc0",
        "reportUrl" : "https://lambotik.github.io/Oblache/440//#testresult/a46aa90d1334fc0",
        "status" : "broken",
        "statusDetails" : "selenium.common.exceptions.TimeoutException: Message: Can't find element by locator ('xpath', '//div[@id=\"msg_from_server\"]')",
        "time" : {
          "start" : 1750468518576,
          "stop" : 1750468527415,
          "duration" : 8839
        }
      }, {
        "uid" : "7a7697d6f94037d0",
        "reportUrl" : "https://lambotik.github.io/Oblache/439//#testresult/7a7697d6f94037d0",
        "status" : "broken",
        "statusDetails" : "selenium.common.exceptions.TimeoutException: Message: Can't find element by locator ('xpath', '//div[@id=\"msg_from_server\"]')",
        "time" : {
          "start" : 1750382125733,
          "stop" : 1750382134588,
          "duration" : 8855
        }
      }, {
        "uid" : "a33c1a4c1f452aab",
        "reportUrl" : "https://lambotik.github.io/Oblache/438//#testresult/a33c1a4c1f452aab",
        "status" : "broken",
        "statusDetails" : "selenium.common.exceptions.TimeoutException: Message: Can't find element by locator ('xpath', '//div[@id=\"msg_from_server\"]')",
        "time" : {
          "start" : 1750295810135,
          "stop" : 1750295819348,
          "duration" : 9213
        }
      }, {
        "uid" : "ce7bf4992b2549df",
        "reportUrl" : "https://lambotik.github.io/Oblache/437//#testresult/ce7bf4992b2549df",
        "status" : "broken",
        "statusDetails" : "selenium.common.exceptions.TimeoutException: Message: Can't find element by locator ('xpath', '//div[@id=\"msg_from_server\"]')",
        "time" : {
          "start" : 1750209315974,
          "stop" : 1750209324015,
          "duration" : 8041
        }
      }, {
        "uid" : "fd77a55421ab2f1c",
        "reportUrl" : "https://lambotik.github.io/Oblache/436//#testresult/fd77a55421ab2f1c",
        "status" : "broken",
        "statusDetails" : "selenium.common.exceptions.TimeoutException: Message: Can't find element by locator ('xpath', '//div[@id=\"msg_from_server\"]')",
        "time" : {
          "start" : 1750122978093,
          "stop" : 1750122986235,
          "duration" : 8142
        }
      }, {
        "uid" : "19433b604f93d941",
        "reportUrl" : "https://lambotik.github.io/Oblache/435//#testresult/19433b604f93d941",
        "status" : "broken",
        "statusDetails" : "selenium.common.exceptions.TimeoutException: Message: Can't find element by locator ('xpath', '//div[@id=\"msg_from_server\"]')",
        "time" : {
          "start" : 1750036691627,
          "stop" : 1750036699662,
          "duration" : 8035
        }
      }, {
        "uid" : "d5bbf4dffcf12176",
        "reportUrl" : "https://lambotik.github.io/Oblache/434//#testresult/d5bbf4dffcf12176",
        "status" : "broken",
        "statusDetails" : "selenium.common.exceptions.TimeoutException: Message: Can't find element by locator ('xpath', '//div[@id=\"msg_from_server\"]')",
        "time" : {
          "start" : 1749950601792,
          "stop" : 1749950609921,
          "duration" : 8129
        }
      }, {
        "uid" : "3eaeca0a5f9466cf",
        "reportUrl" : "https://lambotik.github.io/Oblache/433//#testresult/3eaeca0a5f9466cf",
        "status" : "broken",
        "statusDetails" : "selenium.common.exceptions.TimeoutException: Message: Can't find element by locator ('xpath', '//button[@id=\"menu_button_status\"]')\nStacktrace:\n#0 0x558db7e5929a <unknown>\n#1 0x558db78c5040 <unknown>\n#2 0x558db7916990 <unknown>\n#3 0x558db7916b81 <unknown>\n#4 0x558db7965664 <unknown>\n#5 0x558db793c6bd <unknown>\n#6 0x558db7962ace <unknown>\n#7 0x558db793c463 <unknown>\n#8 0x558db7908c55 <unknown>\n#9 0x558db79098c1 <unknown>\n#10 0x558db7e1e1bb <unknown>\n#11 0x558db7e220c9 <unknown>\n#12 0x558db7e06a39 <unknown>\n#13 0x558db7e22c78 <unknown>\n#14 0x558db7deb6bf <unknown>\n#15 0x558db7e46948 <unknown>\n#16 0x558db7e46b26 <unknown>\n#17 0x558db7e58176 <unknown>\n#18 0x7fa39969caa4 <unknown>\n#19 0x7fa399729c3c <unknown>",
        "time" : {
          "start" : 1749863514069,
          "stop" : 1749863520192,
          "duration" : 6123
        }
      } ]
    },
    "tags" : [ ]
  },
  "source" : "ad93e864117268da.json",
  "parameterValues" : [ ]
}