{
  "uid" : "9692d54bf942b689",
  "name" : "test_clipboard",
  "fullName" : "tests_ui.test_ui.TestProfilePage#test_clipboard_uuid_db",
  "historyId" : "b32cefb1d87a8aa3bb37280cb980702f",
  "time" : {
    "start" : 1738548634792,
    "stop" : 1738548639918,
    "duration" : 5126
  },
  "status" : "broken",
  "statusMessage" : "selenium.common.exceptions.TimeoutException: Message: Can't find element by locator ('xpath', '//button[@id = \"menu_button_databases\"]')\nStacktrace:\n#0 0x55f6f43ebdca <unknown>\n#1 0x55f6f3ee23f0 <unknown>\n#2 0x55f6f3f3210c <unknown>\n#3 0x55f6f3f32331 <unknown>\n#4 0x55f6f3f78154 <unknown>\n#5 0x55f6f3f56abd <unknown>\n#6 0x55f6f3f754b3 <unknown>\n#7 0x55f6f3f56833 <unknown>\n#8 0x55f6f3f235a0 <unknown>\n#9 0x55f6f3f24ece <unknown>\n#10 0x55f6f43b5bdb <unknown>\n#11 0x55f6f43b9b67 <unknown>\n#12 0x55f6f43a13bc <unknown>\n#13 0x55f6f43ba727 <unknown>\n#14 0x55f6f438574f <unknown>\n#15 0x55f6f43da938 <unknown>\n#16 0x55f6f43dab00 <unknown>\n#17 0x55f6f43eac46 <unknown>\n#18 0x7ff70249ca94 <unknown>\n#19 0x7ff702529c3c <unknown>",
  "statusTrace" : "self = <tests_ui.test_ui.TestProfilePage object at 0x7fe70f248e90>\ndriver = <selenium.webdriver.chrome.webdriver.WebDriver (session=\"0c49a0965ccae2ed3c500dd65da8a0e1\")>\nauthorization_user = None\n\n    @allure.title('test_clipboard')\n    def test_clipboard_uuid_db(self, driver, authorization_user):\n        page = ProfilePage(driver, authorization_user)\n>       page.click_button_databases()\n\ntests_ui/test_ui.py:98: \n_ _ _ _ _ _ _ _ _ _ _ _ _ _ _ _ _ _ _ _ _ _ _ _ _ _ _ _ _ _ _ _ _ _ _ _ _ _ _ _ \ntests_ui/profile_page.py:36: in click_button_databases\n    return self.element_is_present_and_clickable(self.locators.DATABASE_BUTTON).click()\ntests_ui/base_page.py:28: in element_is_present_and_clickable\n    return (Wait(self.driver, self.timeout).until(\n_ _ _ _ _ _ _ _ _ _ _ _ _ _ _ _ _ _ _ _ _ _ _ _ _ _ _ _ _ _ _ _ _ _ _ _ _ _ _ _ \n\nself = <selenium.webdriver.support.wait.WebDriverWait (session=\"0c49a0965ccae2ed3c500dd65da8a0e1\")>\nmethod = <function visibility_of_element_located.<locals>._predicate at 0x7fe70e26dda0>\nmessage = 'Can\\'t find element by locator (\\'xpath\\', \\'//button[@id = \"menu_button_databases\"]\\')'\n\n    def until(self, method: Callable[[D], Union[Literal[False], T]], message: str = \"\") -> T:\n        \"\"\"Calls the method provided with the driver as an argument until the \\\n        return value does not evaluate to ``False``.\n    \n        :param method: callable(WebDriver)\n        :param message: optional message for :exc:`TimeoutException`\n        :returns: the result of the last call to `method`\n        :raises: :exc:`selenium.common.exceptions.TimeoutException` if timeout occurs\n        \"\"\"\n        screen = None\n        stacktrace = None\n    \n        end_time = time.monotonic() + self._timeout\n        while True:\n            try:\n                value = method(self._driver)\n                if value:\n                    return value\n            except self._ignored_exceptions as exc:\n                screen = getattr(exc, \"screen\", None)\n                stacktrace = getattr(exc, \"stacktrace\", None)\n            time.sleep(self._poll)\n            if time.monotonic() > end_time:\n                break\n>       raise TimeoutException(message, screen, stacktrace)\nE       selenium.common.exceptions.TimeoutException: Message: Can't find element by locator ('xpath', '//button[@id = \"menu_button_databases\"]')\nE       Stacktrace:\nE       #0 0x55f6f43ebdca <unknown>\nE       #1 0x55f6f3ee23f0 <unknown>\nE       #2 0x55f6f3f3210c <unknown>\nE       #3 0x55f6f3f32331 <unknown>\nE       #4 0x55f6f3f78154 <unknown>\nE       #5 0x55f6f3f56abd <unknown>\nE       #6 0x55f6f3f754b3 <unknown>\nE       #7 0x55f6f3f56833 <unknown>\nE       #8 0x55f6f3f235a0 <unknown>\nE       #9 0x55f6f3f24ece <unknown>\nE       #10 0x55f6f43b5bdb <unknown>\nE       #11 0x55f6f43b9b67 <unknown>\nE       #12 0x55f6f43a13bc <unknown>\nE       #13 0x55f6f43ba727 <unknown>\nE       #14 0x55f6f438574f <unknown>\nE       #15 0x55f6f43da938 <unknown>\nE       #16 0x55f6f43dab00 <unknown>\nE       #17 0x55f6f43eac46 <unknown>\nE       #18 0x7ff70249ca94 <unknown>\nE       #19 0x7ff702529c3c <unknown>\n\n/opt/hostedtoolcache/Python/3.12.8/x64/lib/python3.12/site-packages/selenium/webdriver/support/wait.py:105: TimeoutException",
  "flaky" : false,
  "newFailed" : false,
  "beforeStages" : [ {
    "name" : "driver",
    "time" : {
      "start" : 1738548634020,
      "stop" : 1738548634283,
      "duration" : 263
    },
    "status" : "passed",
    "steps" : [ ],
    "attachments" : [ ],
    "parameters" : [ ],
    "stepsCount" : 0,
    "attachmentsCount" : 0,
    "shouldDisplayMessage" : false,
    "hasContent" : false
  }, {
    "name" : "authorization_user",
    "time" : {
      "start" : 1738548634284,
      "stop" : 1738548634792,
      "duration" : 508
    },
    "status" : "passed",
    "steps" : [ {
      "name" : "Open page: https://oblache.areso.pro/register.html",
      "time" : {
        "start" : 1738548634284,
        "stop" : 1738548634603,
        "duration" : 319
      },
      "status" : "passed",
      "steps" : [ ],
      "attachments" : [ ],
      "parameters" : [ ],
      "stepsCount" : 0,
      "attachmentsCount" : 0,
      "shouldDisplayMessage" : false,
      "hasContent" : false
    }, {
      "name" : "Login user",
      "time" : {
        "start" : 1738548634603,
        "stop" : 1738548634792,
        "duration" : 189
      },
      "status" : "passed",
      "steps" : [ {
        "name" : "Enter email.",
        "time" : {
          "start" : 1738548634603,
          "stop" : 1738548634662,
          "duration" : 59
        },
        "status" : "passed",
        "steps" : [ ],
        "attachments" : [ ],
        "parameters" : [ ],
        "stepsCount" : 0,
        "attachmentsCount" : 0,
        "shouldDisplayMessage" : false,
        "hasContent" : false
      }, {
        "name" : "Enter password.",
        "time" : {
          "start" : 1738548634662,
          "stop" : 1738548634704,
          "duration" : 42
        },
        "status" : "passed",
        "steps" : [ ],
        "attachments" : [ ],
        "parameters" : [ ],
        "stepsCount" : 0,
        "attachmentsCount" : 0,
        "shouldDisplayMessage" : false,
        "hasContent" : false
      }, {
        "name" : "Click button \"Login\"",
        "time" : {
          "start" : 1738548634704,
          "stop" : 1738548634789,
          "duration" : 85
        },
        "status" : "passed",
        "steps" : [ ],
        "attachments" : [ ],
        "parameters" : [ ],
        "stepsCount" : 0,
        "attachmentsCount" : 0,
        "shouldDisplayMessage" : false,
        "hasContent" : false
      }, {
        "name" : "Check url is present: https://oblache.areso.pro/register.html",
        "time" : {
          "start" : 1738548634789,
          "stop" : 1738548634792,
          "duration" : 3
        },
        "status" : "passed",
        "steps" : [ ],
        "attachments" : [ ],
        "parameters" : [ ],
        "stepsCount" : 0,
        "attachmentsCount" : 0,
        "shouldDisplayMessage" : false,
        "hasContent" : false
      } ],
      "attachments" : [ ],
      "parameters" : [ ],
      "stepsCount" : 4,
      "attachmentsCount" : 0,
      "shouldDisplayMessage" : false,
      "hasContent" : true
    } ],
    "attachments" : [ ],
    "parameters" : [ ],
    "stepsCount" : 6,
    "attachmentsCount" : 0,
    "shouldDisplayMessage" : false,
    "hasContent" : true
  } ],
  "testStage" : {
    "status" : "broken",
    "statusMessage" : "selenium.common.exceptions.TimeoutException: Message: Can't find element by locator ('xpath', '//button[@id = \"menu_button_databases\"]')\nStacktrace:\n#0 0x55f6f43ebdca <unknown>\n#1 0x55f6f3ee23f0 <unknown>\n#2 0x55f6f3f3210c <unknown>\n#3 0x55f6f3f32331 <unknown>\n#4 0x55f6f3f78154 <unknown>\n#5 0x55f6f3f56abd <unknown>\n#6 0x55f6f3f754b3 <unknown>\n#7 0x55f6f3f56833 <unknown>\n#8 0x55f6f3f235a0 <unknown>\n#9 0x55f6f3f24ece <unknown>\n#10 0x55f6f43b5bdb <unknown>\n#11 0x55f6f43b9b67 <unknown>\n#12 0x55f6f43a13bc <unknown>\n#13 0x55f6f43ba727 <unknown>\n#14 0x55f6f438574f <unknown>\n#15 0x55f6f43da938 <unknown>\n#16 0x55f6f43dab00 <unknown>\n#17 0x55f6f43eac46 <unknown>\n#18 0x7ff70249ca94 <unknown>\n#19 0x7ff702529c3c <unknown>",
    "statusTrace" : "self = <tests_ui.test_ui.TestProfilePage object at 0x7fe70f248e90>\ndriver = <selenium.webdriver.chrome.webdriver.WebDriver (session=\"0c49a0965ccae2ed3c500dd65da8a0e1\")>\nauthorization_user = None\n\n    @allure.title('test_clipboard')\n    def test_clipboard_uuid_db(self, driver, authorization_user):\n        page = ProfilePage(driver, authorization_user)\n>       page.click_button_databases()\n\ntests_ui/test_ui.py:98: \n_ _ _ _ _ _ _ _ _ _ _ _ _ _ _ _ _ _ _ _ _ _ _ _ _ _ _ _ _ _ _ _ _ _ _ _ _ _ _ _ \ntests_ui/profile_page.py:36: in click_button_databases\n    return self.element_is_present_and_clickable(self.locators.DATABASE_BUTTON).click()\ntests_ui/base_page.py:28: in element_is_present_and_clickable\n    return (Wait(self.driver, self.timeout).until(\n_ _ _ _ _ _ _ _ _ _ _ _ _ _ _ _ _ _ _ _ _ _ _ _ _ _ _ _ _ _ _ _ _ _ _ _ _ _ _ _ \n\nself = <selenium.webdriver.support.wait.WebDriverWait (session=\"0c49a0965ccae2ed3c500dd65da8a0e1\")>\nmethod = <function visibility_of_element_located.<locals>._predicate at 0x7fe70e26dda0>\nmessage = 'Can\\'t find element by locator (\\'xpath\\', \\'//button[@id = \"menu_button_databases\"]\\')'\n\n    def until(self, method: Callable[[D], Union[Literal[False], T]], message: str = \"\") -> T:\n        \"\"\"Calls the method provided with the driver as an argument until the \\\n        return value does not evaluate to ``False``.\n    \n        :param method: callable(WebDriver)\n        :param message: optional message for :exc:`TimeoutException`\n        :returns: the result of the last call to `method`\n        :raises: :exc:`selenium.common.exceptions.TimeoutException` if timeout occurs\n        \"\"\"\n        screen = None\n        stacktrace = None\n    \n        end_time = time.monotonic() + self._timeout\n        while True:\n            try:\n                value = method(self._driver)\n                if value:\n                    return value\n            except self._ignored_exceptions as exc:\n                screen = getattr(exc, \"screen\", None)\n                stacktrace = getattr(exc, \"stacktrace\", None)\n            time.sleep(self._poll)\n            if time.monotonic() > end_time:\n                break\n>       raise TimeoutException(message, screen, stacktrace)\nE       selenium.common.exceptions.TimeoutException: Message: Can't find element by locator ('xpath', '//button[@id = \"menu_button_databases\"]')\nE       Stacktrace:\nE       #0 0x55f6f43ebdca <unknown>\nE       #1 0x55f6f3ee23f0 <unknown>\nE       #2 0x55f6f3f3210c <unknown>\nE       #3 0x55f6f3f32331 <unknown>\nE       #4 0x55f6f3f78154 <unknown>\nE       #5 0x55f6f3f56abd <unknown>\nE       #6 0x55f6f3f754b3 <unknown>\nE       #7 0x55f6f3f56833 <unknown>\nE       #8 0x55f6f3f235a0 <unknown>\nE       #9 0x55f6f3f24ece <unknown>\nE       #10 0x55f6f43b5bdb <unknown>\nE       #11 0x55f6f43b9b67 <unknown>\nE       #12 0x55f6f43a13bc <unknown>\nE       #13 0x55f6f43ba727 <unknown>\nE       #14 0x55f6f438574f <unknown>\nE       #15 0x55f6f43da938 <unknown>\nE       #16 0x55f6f43dab00 <unknown>\nE       #17 0x55f6f43eac46 <unknown>\nE       #18 0x7ff70249ca94 <unknown>\nE       #19 0x7ff702529c3c <unknown>\n\n/opt/hostedtoolcache/Python/3.12.8/x64/lib/python3.12/site-packages/selenium/webdriver/support/wait.py:105: TimeoutException",
    "steps" : [ {
      "name" : "Click \"Databases\" button.",
      "time" : {
        "start" : 1738548634792,
        "stop" : 1738548639918,
        "duration" : 5126
      },
      "status" : "broken",
      "statusMessage" : "selenium.common.exceptions.TimeoutException: Message: Can't find element by locator ('xpath', '//button[@id = \"menu_button_databases\"]')\nStacktrace:\n#0 0x55f6f43ebdca <unknown>\n#1 0x55f6f3ee23f0 <unknown>\n#2 0x55f6f3f3210c <unknown>\n#3 0x55f6f3f32331 <unknown>\n#4 0x55f6f3f78154 <unknown>\n#5 0x55f6f3f56abd <unknown>\n#6 0x55f6f3f754b3 <unknown>\n#7 0x55f6f3f56833 <unknown>\n#8 0x55f6f3f235a0 <unknown>\n#9 0x55f6f3f24ece <unknown>\n#10 0x55f6f43b5bdb <unknown>\n#11 0x55f6f43b9b67 <unknown>\n#12 0x55f6f43a13bc <unknown>\n#13 0x55f6f43ba727 <unknown>\n#14 0x55f6f438574f <unknown>\n#15 0x55f6f43da938 <unknown>\n#16 0x55f6f43dab00 <unknown>\n#17 0x55f6f43eac46 <unknown>\n#18 0x7ff70249ca94 <unknown>\n#19 0x7ff702529c3c <unknown>\n\n",
      "statusTrace" : "  File \"/home/runner/work/Oblache/Oblache/tests_ui/profile_page.py\", line 36, in click_button_databases\n    return self.element_is_present_and_clickable(self.locators.DATABASE_BUTTON).click()\n           ^^^^^^^^^^^^^^^^^^^^^^^^^^^^^^^^^^^^^^^^^^^^^^^^^^^^^^^^^^^^^^^^^^^^\n  File \"/home/runner/work/Oblache/Oblache/tests_ui/base_page.py\", line 28, in element_is_present_and_clickable\n    return (Wait(self.driver, self.timeout).until(\n            ^^^^^^^^^^^^^^^^^^^^^^^^^^^^^^^^^^^^^^\n  File \"/opt/hostedtoolcache/Python/3.12.8/x64/lib/python3.12/site-packages/selenium/webdriver/support/wait.py\", line 105, in until\n    raise TimeoutException(message, screen, stacktrace)\n",
      "steps" : [ ],
      "attachments" : [ ],
      "parameters" : [ ],
      "stepsCount" : 0,
      "attachmentsCount" : 0,
      "shouldDisplayMessage" : true,
      "hasContent" : true
    } ],
    "attachments" : [ {
      "uid" : "630d6612ca3a00c7",
      "name" : "Screenshot 2025-02-03 02:10:40.017763",
      "source" : "630d6612ca3a00c7.png",
      "type" : "image/png",
      "size" : 15571
    } ],
    "parameters" : [ ],
    "stepsCount" : 1,
    "attachmentsCount" : 1,
    "shouldDisplayMessage" : true,
    "hasContent" : true
  },
  "afterStages" : [ {
    "name" : "driver::0",
    "time" : {
      "start" : 1738548640019,
      "stop" : 1738548640083,
      "duration" : 64
    },
    "status" : "passed",
    "steps" : [ ],
    "attachments" : [ ],
    "parameters" : [ ],
    "stepsCount" : 0,
    "attachmentsCount" : 0,
    "shouldDisplayMessage" : false,
    "hasContent" : false
  } ],
  "labels" : [ {
    "name" : "suite",
    "value" : "Test Profile Page."
  }, {
    "name" : "parentSuite",
    "value" : "tests_ui"
  }, {
    "name" : "subSuite",
    "value" : "TestProfilePage"
  }, {
    "name" : "host",
    "value" : "fv-az1950-687"
  }, {
    "name" : "thread",
    "value" : "2463-MainThread"
  }, {
    "name" : "framework",
    "value" : "pytest"
  }, {
    "name" : "language",
    "value" : "cpython3"
  }, {
    "name" : "package",
    "value" : "tests_ui.test_ui"
  }, {
    "name" : "resultFormat",
    "value" : "allure2"
  } ],
  "parameters" : [ ],
  "links" : [ ],
  "hidden" : false,
  "retry" : false,
  "extra" : {
    "severity" : "normal",
    "retries" : [ ],
    "categories" : [ {
      "name" : "Test defects",
      "matchedStatuses" : [ ],
      "flaky" : false
    } ],
    "history" : {
      "statistic" : {
        "failed" : 0,
        "broken" : 4,
        "skipped" : 0,
        "passed" : 80,
        "unknown" : 0,
        "total" : 84
      },
      "items" : [ {
        "uid" : "c15867d28031cc8c",
        "reportUrl" : "https://lambotik.github.io/Oblache/301//#testresult/c15867d28031cc8c",
        "status" : "broken",
        "statusDetails" : "selenium.common.exceptions.TimeoutException: Message: Can't find element by locator ('xpath', '//button[@id = \"menu_button_databases\"]')\nStacktrace:\n#0 0x562f1efc6dca <unknown>\n#1 0x562f1eabd3f0 <unknown>\n#2 0x562f1eb0d10c <unknown>\n#3 0x562f1eb0d331 <unknown>\n#4 0x562f1eb53154 <unknown>\n#5 0x562f1eb31abd <unknown>\n#6 0x562f1eb504b3 <unknown>\n#7 0x562f1eb31833 <unknown>\n#8 0x562f1eafe5a0 <unknown>\n#9 0x562f1eaffece <unknown>\n#10 0x562f1ef90bdb <unknown>\n#11 0x562f1ef94b67 <unknown>\n#12 0x562f1ef7c3bc <unknown>\n#13 0x562f1ef95727 <unknown>\n#14 0x562f1ef6074f <unknown>\n#15 0x562f1efb5938 <unknown>\n#16 0x562f1efb5b00 <unknown>\n#17 0x562f1efc5c46 <unknown>\n#18 0x7f6482c9ca94 <unknown>\n#19 0x7f6482d29c3c <unknown>",
        "time" : {
          "start" : 1738462370487,
          "stop" : 1738462375617,
          "duration" : 5130
        }
      }, {
        "uid" : "de6b0324740df242",
        "reportUrl" : "https://lambotik.github.io/Oblache/300//#testresult/de6b0324740df242",
        "status" : "passed",
        "time" : {
          "start" : 1738371992251,
          "stop" : 1738371994947,
          "duration" : 2696
        }
      }, {
        "uid" : "583c5882bb4ce81f",
        "reportUrl" : "https://lambotik.github.io/Oblache/299//#testresult/583c5882bb4ce81f",
        "status" : "passed",
        "time" : {
          "start" : 1738350746997,
          "stop" : 1738350749024,
          "duration" : 2027
        }
      }, {
        "uid" : "62b90c95b291601e",
        "reportUrl" : "https://lambotik.github.io/Oblache/298//#testresult/62b90c95b291601e",
        "status" : "passed",
        "time" : {
          "start" : 1738198878168,
          "stop" : 1738198880115,
          "duration" : 1947
        }
      }, {
        "uid" : "91a6a78e20115a7d",
        "reportUrl" : "https://lambotik.github.io/Oblache/297//#testresult/91a6a78e20115a7d",
        "status" : "passed",
        "time" : {
          "start" : 1738112544930,
          "stop" : 1738112546913,
          "duration" : 1983
        }
      }, {
        "uid" : "fae1064232aeb458",
        "reportUrl" : "https://lambotik.github.io/Oblache/296//#testresult/fae1064232aeb458",
        "status" : "passed",
        "time" : {
          "start" : 1738026210888,
          "stop" : 1738026212906,
          "duration" : 2018
        }
      }, {
        "uid" : "464c4cf521f56f76",
        "reportUrl" : "https://lambotik.github.io/Oblache/295//#testresult/464c4cf521f56f76",
        "status" : "passed",
        "time" : {
          "start" : 1737939860532,
          "stop" : 1737939862752,
          "duration" : 2220
        }
      }, {
        "uid" : "f18865d079ee2d2d",
        "reportUrl" : "https://lambotik.github.io/Oblache/294//#testresult/f18865d079ee2d2d",
        "status" : "passed",
        "time" : {
          "start" : 1737853528794,
          "stop" : 1737853531485,
          "duration" : 2691
        }
      }, {
        "uid" : "f29e8c6e78cf0dde",
        "reportUrl" : "https://lambotik.github.io/Oblache/293//#testresult/f29e8c6e78cf0dde",
        "status" : "passed",
        "time" : {
          "start" : 1737766837152,
          "stop" : 1737766839899,
          "duration" : 2747
        }
      }, {
        "uid" : "1405d3c5ad72eea3",
        "reportUrl" : "https://lambotik.github.io/Oblache/292//#testresult/1405d3c5ad72eea3",
        "status" : "passed",
        "time" : {
          "start" : 1737680688046,
          "stop" : 1737680690852,
          "duration" : 2806
        }
      }, {
        "uid" : "aede43124e063999",
        "reportUrl" : "https://lambotik.github.io/Oblache/291//#testresult/aede43124e063999",
        "status" : "passed",
        "time" : {
          "start" : 1737594138477,
          "stop" : 1737594140453,
          "duration" : 1976
        }
      }, {
        "uid" : "181814797d814838",
        "reportUrl" : "https://lambotik.github.io/Oblache/290//#testresult/181814797d814838",
        "status" : "passed",
        "time" : {
          "start" : 1737507859185,
          "stop" : 1737507861273,
          "duration" : 2088
        }
      }, {
        "uid" : "e6f0468a6e429ca6",
        "reportUrl" : "https://lambotik.github.io/Oblache/289//#testresult/e6f0468a6e429ca6",
        "status" : "passed",
        "time" : {
          "start" : 1737421338774,
          "stop" : 1737421340732,
          "duration" : 1958
        }
      }, {
        "uid" : "b9a4b972a55cdd58",
        "reportUrl" : "https://lambotik.github.io/Oblache/288//#testresult/b9a4b972a55cdd58",
        "status" : "passed",
        "time" : {
          "start" : 1737334999511,
          "stop" : 1737335001659,
          "duration" : 2148
        }
      }, {
        "uid" : "5e6e5f0cf7bb2f4b",
        "reportUrl" : "https://lambotik.github.io/Oblache/287//#testresult/5e6e5f0cf7bb2f4b",
        "status" : "passed",
        "time" : {
          "start" : 1737248860280,
          "stop" : 1737248863102,
          "duration" : 2822
        }
      }, {
        "uid" : "85f15a792accf90c",
        "reportUrl" : "https://lambotik.github.io/Oblache/286//#testresult/85f15a792accf90c",
        "status" : "passed",
        "time" : {
          "start" : 1737162021544,
          "stop" : 1737162023817,
          "duration" : 2273
        }
      }, {
        "uid" : "ee04126efab552e1",
        "reportUrl" : "https://lambotik.github.io/Oblache/285//#testresult/ee04126efab552e1",
        "status" : "passed",
        "time" : {
          "start" : 1737075746149,
          "stop" : 1737075748873,
          "duration" : 2724
        }
      }, {
        "uid" : "45db210b9324c3d4",
        "reportUrl" : "https://lambotik.github.io/Oblache/284//#testresult/45db210b9324c3d4",
        "status" : "passed",
        "time" : {
          "start" : 1736989347045,
          "stop" : 1736989349127,
          "duration" : 2082
        }
      }, {
        "uid" : "1feba585cbf59ca0",
        "reportUrl" : "https://lambotik.github.io/Oblache/283//#testresult/1feba585cbf59ca0",
        "status" : "passed",
        "time" : {
          "start" : 1736903017194,
          "stop" : 1736903019282,
          "duration" : 2088
        }
      }, {
        "uid" : "8d378da3e390de69",
        "reportUrl" : "https://lambotik.github.io/Oblache/282//#testresult/8d378da3e390de69",
        "status" : "passed",
        "time" : {
          "start" : 1736816486931,
          "stop" : 1736816489628,
          "duration" : 2697
        }
      } ]
    },
    "tags" : [ ]
  },
  "source" : "9692d54bf942b689.json",
  "parameterValues" : [ ]
}