{
  "uid" : "603154970dff0d25",
  "name" : "test_open_static_site_page",
  "fullName" : "tests_ui.test_ui.TestProfilePage#test_open_statistic_page",
  "historyId" : "d5ae1e2d5dedc1997262906d6ec2db80",
  "time" : {
    "start" : 1726967193724,
    "stop" : 1726967198739,
    "duration" : 5015
  },
  "status" : "broken",
  "statusMessage" : "selenium.common.exceptions.TimeoutException: Message: Can't find element by locator ('xpath', '//button[@id=\"menu_button_webpages\"]')\nStacktrace:\n#0 0x56453985c2da <unknown>\n#1 0x56453952a200 <unknown>\n#2 0x564539579aa2 <unknown>\n#3 0x564539579d41 <unknown>\n#4 0x5645395bf964 <unknown>\n#5 0x56453959e8fd <unknown>\n#6 0x5645395bcdfd <unknown>\n#7 0x56453959e673 <unknown>\n#8 0x56453956c473 <unknown>\n#9 0x56453956d47e <unknown>\n#10 0x5645398230db <unknown>\n#11 0x564539827071 <unknown>\n#12 0x56453980f9d5 <unknown>\n#13 0x564539827bf2 <unknown>\n#14 0x5645397f4b6f <unknown>\n#15 0x56453984b248 <unknown>\n#16 0x56453984b417 <unknown>\n#17 0x56453985b0cc <unknown>\n#18 0x7fe29c094ac3 <unknown>",
  "statusTrace" : "self = <tests_ui.test_ui.TestProfilePage object at 0x7f2af39d43e0>\ndriver = <selenium.webdriver.chrome.webdriver.WebDriver (session=\"3b761dc9876bad0b18b9d7bcec067597\")>\nauthorization_user = None\n\n    @allure.title('test_open_static_site_page')\n    def test_open_statistic_page(self, driver, authorization_user):\n        page = ProfilePage(driver)\n>       page.click_static_site_button()\n\ntests_ui/test_ui.py:69: \n_ _ _ _ _ _ _ _ _ _ _ _ _ _ _ _ _ _ _ _ _ _ _ _ _ _ _ _ _ _ _ _ _ _ _ _ _ _ _ _ \ntests_ui/profile_page.py:40: in click_static_site_button\n    return self.element_is_present_and_clickable(self.locators.STATIC_BUTTON).click()\ntests_ui/base_page.py:28: in element_is_present_and_clickable\n    return (Wait(self.driver, self.timeout).until(\n_ _ _ _ _ _ _ _ _ _ _ _ _ _ _ _ _ _ _ _ _ _ _ _ _ _ _ _ _ _ _ _ _ _ _ _ _ _ _ _ \n\nself = <selenium.webdriver.support.wait.WebDriverWait (session=\"3b761dc9876bad0b18b9d7bcec067597\")>\nmethod = <function visibility_of_element_located.<locals>._predicate at 0x7f2af36d2f20>\nmessage = 'Can\\'t find element by locator (\\'xpath\\', \\'//button[@id=\"menu_button_webpages\"]\\')'\n\n    def until(self, method: Callable[[D], Union[Literal[False], T]], message: str = \"\") -> T:\n        \"\"\"Calls the method provided with the driver as an argument until the \\\n        return value does not evaluate to ``False``.\n    \n        :param method: callable(WebDriver)\n        :param message: optional message for :exc:`TimeoutException`\n        :returns: the result of the last call to `method`\n        :raises: :exc:`selenium.common.exceptions.TimeoutException` if timeout occurs\n        \"\"\"\n        screen = None\n        stacktrace = None\n    \n        end_time = time.monotonic() + self._timeout\n        while True:\n            try:\n                value = method(self._driver)\n                if value:\n                    return value\n            except self._ignored_exceptions as exc:\n                screen = getattr(exc, \"screen\", None)\n                stacktrace = getattr(exc, \"stacktrace\", None)\n            time.sleep(self._poll)\n            if time.monotonic() > end_time:\n                break\n>       raise TimeoutException(message, screen, stacktrace)\nE       selenium.common.exceptions.TimeoutException: Message: Can't find element by locator ('xpath', '//button[@id=\"menu_button_webpages\"]')\nE       Stacktrace:\nE       #0 0x56453985c2da <unknown>\nE       #1 0x56453952a200 <unknown>\nE       #2 0x564539579aa2 <unknown>\nE       #3 0x564539579d41 <unknown>\nE       #4 0x5645395bf964 <unknown>\nE       #5 0x56453959e8fd <unknown>\nE       #6 0x5645395bcdfd <unknown>\nE       #7 0x56453959e673 <unknown>\nE       #8 0x56453956c473 <unknown>\nE       #9 0x56453956d47e <unknown>\nE       #10 0x5645398230db <unknown>\nE       #11 0x564539827071 <unknown>\nE       #12 0x56453980f9d5 <unknown>\nE       #13 0x564539827bf2 <unknown>\nE       #14 0x5645397f4b6f <unknown>\nE       #15 0x56453984b248 <unknown>\nE       #16 0x56453984b417 <unknown>\nE       #17 0x56453985b0cc <unknown>\nE       #18 0x7fe29c094ac3 <unknown>\n\n/opt/hostedtoolcache/Python/3.12.6/x64/lib/python3.12/site-packages/selenium/webdriver/support/wait.py:105: TimeoutException",
  "flaky" : false,
  "newFailed" : false,
  "beforeStages" : [ {
    "name" : "driver",
    "time" : {
      "start" : 1726967192928,
      "stop" : 1726967193193,
      "duration" : 265
    },
    "status" : "passed",
    "steps" : [ ],
    "attachments" : [ ],
    "parameters" : [ ],
    "stepsCount" : 0,
    "attachmentsCount" : 0,
    "shouldDisplayMessage" : false,
    "hasContent" : false
  }, {
    "name" : "authorization_user",
    "time" : {
      "start" : 1726967193193,
      "stop" : 1726967193724,
      "duration" : 531
    },
    "status" : "passed",
    "steps" : [ {
      "name" : "Open page: https://oblache.areso.pro/register.html",
      "time" : {
        "start" : 1726967193193,
        "stop" : 1726967193552,
        "duration" : 359
      },
      "status" : "passed",
      "steps" : [ ],
      "attachments" : [ ],
      "parameters" : [ ],
      "stepsCount" : 0,
      "attachmentsCount" : 0,
      "shouldDisplayMessage" : false,
      "hasContent" : false
    }, {
      "name" : "Login user",
      "time" : {
        "start" : 1726967193552,
        "stop" : 1726967193724,
        "duration" : 172
      },
      "status" : "passed",
      "steps" : [ {
        "name" : "Enter email.",
        "time" : {
          "start" : 1726967193552,
          "stop" : 1726967193608,
          "duration" : 56
        },
        "status" : "passed",
        "steps" : [ ],
        "attachments" : [ ],
        "parameters" : [ ],
        "stepsCount" : 0,
        "attachmentsCount" : 0,
        "shouldDisplayMessage" : false,
        "hasContent" : false
      }, {
        "name" : "Enter password.",
        "time" : {
          "start" : 1726967193609,
          "stop" : 1726967193651,
          "duration" : 42
        },
        "status" : "passed",
        "steps" : [ ],
        "attachments" : [ ],
        "parameters" : [ ],
        "stepsCount" : 0,
        "attachmentsCount" : 0,
        "shouldDisplayMessage" : false,
        "hasContent" : false
      }, {
        "name" : "Click button \"Login\"",
        "time" : {
          "start" : 1726967193651,
          "stop" : 1726967193721,
          "duration" : 70
        },
        "status" : "passed",
        "steps" : [ ],
        "attachments" : [ ],
        "parameters" : [ ],
        "stepsCount" : 0,
        "attachmentsCount" : 0,
        "shouldDisplayMessage" : false,
        "hasContent" : false
      }, {
        "name" : "Check url is present: https://oblache.areso.pro/register.html",
        "time" : {
          "start" : 1726967193721,
          "stop" : 1726967193724,
          "duration" : 3
        },
        "status" : "passed",
        "steps" : [ ],
        "attachments" : [ ],
        "parameters" : [ ],
        "stepsCount" : 0,
        "attachmentsCount" : 0,
        "shouldDisplayMessage" : false,
        "hasContent" : false
      } ],
      "attachments" : [ ],
      "parameters" : [ ],
      "stepsCount" : 4,
      "attachmentsCount" : 0,
      "shouldDisplayMessage" : false,
      "hasContent" : true
    } ],
    "attachments" : [ ],
    "parameters" : [ ],
    "stepsCount" : 6,
    "attachmentsCount" : 0,
    "shouldDisplayMessage" : false,
    "hasContent" : true
  } ],
  "testStage" : {
    "status" : "broken",
    "statusMessage" : "selenium.common.exceptions.TimeoutException: Message: Can't find element by locator ('xpath', '//button[@id=\"menu_button_webpages\"]')\nStacktrace:\n#0 0x56453985c2da <unknown>\n#1 0x56453952a200 <unknown>\n#2 0x564539579aa2 <unknown>\n#3 0x564539579d41 <unknown>\n#4 0x5645395bf964 <unknown>\n#5 0x56453959e8fd <unknown>\n#6 0x5645395bcdfd <unknown>\n#7 0x56453959e673 <unknown>\n#8 0x56453956c473 <unknown>\n#9 0x56453956d47e <unknown>\n#10 0x5645398230db <unknown>\n#11 0x564539827071 <unknown>\n#12 0x56453980f9d5 <unknown>\n#13 0x564539827bf2 <unknown>\n#14 0x5645397f4b6f <unknown>\n#15 0x56453984b248 <unknown>\n#16 0x56453984b417 <unknown>\n#17 0x56453985b0cc <unknown>\n#18 0x7fe29c094ac3 <unknown>",
    "statusTrace" : "self = <tests_ui.test_ui.TestProfilePage object at 0x7f2af39d43e0>\ndriver = <selenium.webdriver.chrome.webdriver.WebDriver (session=\"3b761dc9876bad0b18b9d7bcec067597\")>\nauthorization_user = None\n\n    @allure.title('test_open_static_site_page')\n    def test_open_statistic_page(self, driver, authorization_user):\n        page = ProfilePage(driver)\n>       page.click_static_site_button()\n\ntests_ui/test_ui.py:69: \n_ _ _ _ _ _ _ _ _ _ _ _ _ _ _ _ _ _ _ _ _ _ _ _ _ _ _ _ _ _ _ _ _ _ _ _ _ _ _ _ \ntests_ui/profile_page.py:40: in click_static_site_button\n    return self.element_is_present_and_clickable(self.locators.STATIC_BUTTON).click()\ntests_ui/base_page.py:28: in element_is_present_and_clickable\n    return (Wait(self.driver, self.timeout).until(\n_ _ _ _ _ _ _ _ _ _ _ _ _ _ _ _ _ _ _ _ _ _ _ _ _ _ _ _ _ _ _ _ _ _ _ _ _ _ _ _ \n\nself = <selenium.webdriver.support.wait.WebDriverWait (session=\"3b761dc9876bad0b18b9d7bcec067597\")>\nmethod = <function visibility_of_element_located.<locals>._predicate at 0x7f2af36d2f20>\nmessage = 'Can\\'t find element by locator (\\'xpath\\', \\'//button[@id=\"menu_button_webpages\"]\\')'\n\n    def until(self, method: Callable[[D], Union[Literal[False], T]], message: str = \"\") -> T:\n        \"\"\"Calls the method provided with the driver as an argument until the \\\n        return value does not evaluate to ``False``.\n    \n        :param method: callable(WebDriver)\n        :param message: optional message for :exc:`TimeoutException`\n        :returns: the result of the last call to `method`\n        :raises: :exc:`selenium.common.exceptions.TimeoutException` if timeout occurs\n        \"\"\"\n        screen = None\n        stacktrace = None\n    \n        end_time = time.monotonic() + self._timeout\n        while True:\n            try:\n                value = method(self._driver)\n                if value:\n                    return value\n            except self._ignored_exceptions as exc:\n                screen = getattr(exc, \"screen\", None)\n                stacktrace = getattr(exc, \"stacktrace\", None)\n            time.sleep(self._poll)\n            if time.monotonic() > end_time:\n                break\n>       raise TimeoutException(message, screen, stacktrace)\nE       selenium.common.exceptions.TimeoutException: Message: Can't find element by locator ('xpath', '//button[@id=\"menu_button_webpages\"]')\nE       Stacktrace:\nE       #0 0x56453985c2da <unknown>\nE       #1 0x56453952a200 <unknown>\nE       #2 0x564539579aa2 <unknown>\nE       #3 0x564539579d41 <unknown>\nE       #4 0x5645395bf964 <unknown>\nE       #5 0x56453959e8fd <unknown>\nE       #6 0x5645395bcdfd <unknown>\nE       #7 0x56453959e673 <unknown>\nE       #8 0x56453956c473 <unknown>\nE       #9 0x56453956d47e <unknown>\nE       #10 0x5645398230db <unknown>\nE       #11 0x564539827071 <unknown>\nE       #12 0x56453980f9d5 <unknown>\nE       #13 0x564539827bf2 <unknown>\nE       #14 0x5645397f4b6f <unknown>\nE       #15 0x56453984b248 <unknown>\nE       #16 0x56453984b417 <unknown>\nE       #17 0x56453985b0cc <unknown>\nE       #18 0x7fe29c094ac3 <unknown>\n\n/opt/hostedtoolcache/Python/3.12.6/x64/lib/python3.12/site-packages/selenium/webdriver/support/wait.py:105: TimeoutException",
    "steps" : [ {
      "name" : "Click \"Static site\" button.",
      "time" : {
        "start" : 1726967193724,
        "stop" : 1726967198738,
        "duration" : 5014
      },
      "status" : "broken",
      "statusMessage" : "selenium.common.exceptions.TimeoutException: Message: Can't find element by locator ('xpath', '//button[@id=\"menu_button_webpages\"]')\nStacktrace:\n#0 0x56453985c2da <unknown>\n#1 0x56453952a200 <unknown>\n#2 0x564539579aa2 <unknown>\n#3 0x564539579d41 <unknown>\n#4 0x5645395bf964 <unknown>\n#5 0x56453959e8fd <unknown>\n#6 0x5645395bcdfd <unknown>\n#7 0x56453959e673 <unknown>\n#8 0x56453956c473 <unknown>\n#9 0x56453956d47e <unknown>\n#10 0x5645398230db <unknown>\n#11 0x564539827071 <unknown>\n#12 0x56453980f9d5 <unknown>\n#13 0x564539827bf2 <unknown>\n#14 0x5645397f4b6f <unknown>\n#15 0x56453984b248 <unknown>\n#16 0x56453984b417 <unknown>\n#17 0x56453985b0cc <unknown>\n#18 0x7fe29c094ac3 <unknown>\n\n",
      "statusTrace" : "  File \"/home/runner/work/Oblache/Oblache/tests_ui/profile_page.py\", line 40, in click_static_site_button\n    return self.element_is_present_and_clickable(self.locators.STATIC_BUTTON).click()\n           ^^^^^^^^^^^^^^^^^^^^^^^^^^^^^^^^^^^^^^^^^^^^^^^^^^^^^^^^^^^^^^^^^^\n  File \"/home/runner/work/Oblache/Oblache/tests_ui/base_page.py\", line 28, in element_is_present_and_clickable\n    return (Wait(self.driver, self.timeout).until(\n            ^^^^^^^^^^^^^^^^^^^^^^^^^^^^^^^^^^^^^^\n  File \"/opt/hostedtoolcache/Python/3.12.6/x64/lib/python3.12/site-packages/selenium/webdriver/support/wait.py\", line 105, in until\n    raise TimeoutException(message, screen, stacktrace)\n",
      "steps" : [ ],
      "attachments" : [ ],
      "parameters" : [ ],
      "stepsCount" : 0,
      "attachmentsCount" : 0,
      "shouldDisplayMessage" : true,
      "hasContent" : true
    } ],
    "attachments" : [ {
      "uid" : "c7577de43727d3b9",
      "name" : "Screenshot 2024-09-22 01:06:38.841329",
      "source" : "c7577de43727d3b9.png",
      "type" : "image/png",
      "size" : 35902
    } ],
    "parameters" : [ ],
    "stepsCount" : 1,
    "attachmentsCount" : 1,
    "shouldDisplayMessage" : true,
    "hasContent" : true
  },
  "afterStages" : [ {
    "name" : "driver::0",
    "time" : {
      "start" : 1726967198842,
      "stop" : 1726967198907,
      "duration" : 65
    },
    "status" : "passed",
    "steps" : [ ],
    "attachments" : [ ],
    "parameters" : [ ],
    "stepsCount" : 0,
    "attachmentsCount" : 0,
    "shouldDisplayMessage" : false,
    "hasContent" : false
  } ],
  "labels" : [ {
    "name" : "suite",
    "value" : "Test Profile Page."
  }, {
    "name" : "parentSuite",
    "value" : "tests_ui"
  }, {
    "name" : "subSuite",
    "value" : "TestProfilePage"
  }, {
    "name" : "host",
    "value" : "fv-az564-441"
  }, {
    "name" : "thread",
    "value" : "2282-MainThread"
  }, {
    "name" : "framework",
    "value" : "pytest"
  }, {
    "name" : "language",
    "value" : "cpython3"
  }, {
    "name" : "package",
    "value" : "tests_ui.test_ui"
  }, {
    "name" : "resultFormat",
    "value" : "allure2"
  } ],
  "parameters" : [ ],
  "links" : [ ],
  "hidden" : false,
  "retry" : false,
  "extra" : {
    "severity" : "normal",
    "retries" : [ ],
    "categories" : [ {
      "name" : "Test defects",
      "matchedStatuses" : [ ],
      "flaky" : false
    } ],
    "history" : {
      "statistic" : {
        "failed" : 0,
        "broken" : 3,
        "skipped" : 0,
        "passed" : 0,
        "unknown" : 0,
        "total" : 3
      },
      "items" : [ {
        "uid" : "1ff16432bab7a3f0",
        "reportUrl" : "https://lambotik.github.io/Oblache/167//#testresult/1ff16432bab7a3f0",
        "status" : "broken",
        "statusDetails" : "selenium.common.exceptions.TimeoutException: Message: Can't find element by locator ('xpath', '//button[@id=\"menu_button_webpages\"]')\nStacktrace:\n#0 0x55ab853182da <unknown>\n#1 0x55ab84fe6200 <unknown>\n#2 0x55ab85035aa2 <unknown>\n#3 0x55ab85035d41 <unknown>\n#4 0x55ab8507b964 <unknown>\n#5 0x55ab8505a8fd <unknown>\n#6 0x55ab85078dfd <unknown>\n#7 0x55ab8505a673 <unknown>\n#8 0x55ab85028473 <unknown>\n#9 0x55ab8502947e <unknown>\n#10 0x55ab852df0db <unknown>\n#11 0x55ab852e3071 <unknown>\n#12 0x55ab852cb9d5 <unknown>\n#13 0x55ab852e3bf2 <unknown>\n#14 0x55ab852b0b6f <unknown>\n#15 0x55ab85307248 <unknown>\n#16 0x55ab85307417 <unknown>\n#17 0x55ab853170cc <unknown>\n#18 0x7fa128e94ac3 <unknown>",
        "time" : {
          "start" : 1726880444708,
          "stop" : 1726880449828,
          "duration" : 5120
        }
      }, {
        "uid" : "d486e800d6d04b79",
        "reportUrl" : "https://lambotik.github.io/Oblache/166//#testresult/d486e800d6d04b79",
        "status" : "broken",
        "statusDetails" : "selenium.common.exceptions.TimeoutException: Message: Can't find element by locator ('xpath', '//button[@id=\"menu_button_webpages\"]')\nStacktrace:\n#0 0x55d721bc92da <unknown>\n#1 0x55d721897200 <unknown>\n#2 0x55d7218e6aa2 <unknown>\n#3 0x55d7218e6d41 <unknown>\n#4 0x55d72192c964 <unknown>\n#5 0x55d72190b8fd <unknown>\n#6 0x55d721929dfd <unknown>\n#7 0x55d72190b673 <unknown>\n#8 0x55d7218d9473 <unknown>\n#9 0x55d7218da47e <unknown>\n#10 0x55d721b900db <unknown>\n#11 0x55d721b94071 <unknown>\n#12 0x55d721b7c9d5 <unknown>\n#13 0x55d721b94bf2 <unknown>\n#14 0x55d721b61b6f <unknown>\n#15 0x55d721bb8248 <unknown>\n#16 0x55d721bb8417 <unknown>\n#17 0x55d721bc80cc <unknown>\n#18 0x7f2785c94ac3 <unknown>",
        "time" : {
          "start" : 1726794090491,
          "stop" : 1726794095909,
          "duration" : 5418
        }
      } ]
    },
    "tags" : [ ]
  },
  "source" : "603154970dff0d25.json",
  "parameterValues" : [ ]
}