{
  "uid" : "f19f6c19df5d9138",
  "name" : "test_clipboard_jdbc",
  "fullName" : "tests_ui.test_ui.TestProfilePage#test_clipboard_jdbc",
  "historyId" : "3c3bc2de59af179987e51569fc1d3309",
  "time" : {
    "start" : 1751246488898,
    "stop" : 1751246495516,
    "duration" : 6618
  },
  "status" : "broken",
  "statusMessage" : "selenium.common.exceptions.TimeoutException: Message: Can't find element by locator ('xpath', '//tbody[@id=\"tbody_dbs\"] /tr[1]/td[7] /button')\nStacktrace:\n#0 0x561307c3c45a <unknown>\n#1 0x5613076e1760 <unknown>\n#2 0x561307733127 <unknown>\n#3 0x561307733321 <unknown>\n#4 0x561307781e94 <unknown>\n#5 0x561307758e7d <unknown>\n#6 0x56130777f30b <unknown>\n#7 0x561307758c23 <unknown>\n#8 0x5613077254a5 <unknown>\n#9 0x561307726111 <unknown>\n#10 0x561307c00f1b <unknown>\n#11 0x561307c04e19 <unknown>\n#12 0x561307be7ac9 <unknown>\n#13 0x561307c059c8 <unknown>\n#14 0x561307bcc34f <unknown>\n#15 0x561307c29a28 <unknown>\n#16 0x561307c29c06 <unknown>\n#17 0x561307c3b336 <unknown>\n#18 0x7f6f9c89caa4 <unknown>\n#19 0x7f6f9c929c3c <unknown>",
  "statusTrace" : "self = <tests_ui.test_ui.TestProfilePage object at 0x7fc2d068c3b0>\ndriver = <selenium.webdriver.chrome.webdriver.WebDriver (session=\"5e617e7b41a11469368514e3432994e0\")>\nauthorization_user = None\n\n    @allure.title('test_clipboard_jdbc')\n    def test_clipboard_jdbc(self, driver, authorization_user):\n        page = ProfilePage(driver, authorization_user)\n        page.click_button_databases()\n>       page.check_clipboard_jdbc(token=TestProfilePage.token)\n\ntests_ui/test_ui.py:107: \n_ _ _ _ _ _ _ _ _ _ _ _ _ _ _ _ _ _ _ _ _ _ _ _ _ _ _ _ _ _ _ _ _ _ _ _ _ _ _ _ \ntests_ui/profile_page.py:124: in check_clipboard_jdbc\n    button = self.element_is_visible((By.XPATH, '//tbody[@id=\"tbody_dbs\"] /tr[1]/td[7] /button'))\ntests_ui/base_page.py:33: in element_is_visible\n    self.go_to_element(self.element_is_present(locator))\ntests_ui/base_page.py:46: in element_is_present\n    return Wait(self.driver, self.timeout).until(\n_ _ _ _ _ _ _ _ _ _ _ _ _ _ _ _ _ _ _ _ _ _ _ _ _ _ _ _ _ _ _ _ _ _ _ _ _ _ _ _ \n\nself = <selenium.webdriver.support.wait.WebDriverWait (session=\"5e617e7b41a11469368514e3432994e0\")>\nmethod = <function presence_of_element_located.<locals>._predicate at 0x7fc2cfdf4ae0>\nmessage = 'Can\\'t find element by locator (\\'xpath\\', \\'//tbody[@id=\"tbody_dbs\"] /tr[1]/td[7] /button\\')'\n\n    def until(self, method: Callable[[D], Union[Literal[False], T]], message: str = \"\") -> T:\n        \"\"\"Calls the method provided with the driver as an argument until the \\\n        return value does not evaluate to ``False``.\n    \n        :param method: callable(WebDriver)\n        :param message: optional message for :exc:`TimeoutException`\n        :returns: the result of the last call to `method`\n        :raises: :exc:`selenium.common.exceptions.TimeoutException` if timeout occurs\n        \"\"\"\n        screen = None\n        stacktrace = None\n    \n        end_time = time.monotonic() + self._timeout\n        while True:\n            try:\n                value = method(self._driver)\n                if value:\n                    return value\n            except self._ignored_exceptions as exc:\n                screen = getattr(exc, \"screen\", None)\n                stacktrace = getattr(exc, \"stacktrace\", None)\n            time.sleep(self._poll)\n            if time.monotonic() > end_time:\n                break\n>       raise TimeoutException(message, screen, stacktrace)\nE       selenium.common.exceptions.TimeoutException: Message: Can't find element by locator ('xpath', '//tbody[@id=\"tbody_dbs\"] /tr[1]/td[7] /button')\nE       Stacktrace:\nE       #0 0x561307c3c45a <unknown>\nE       #1 0x5613076e1760 <unknown>\nE       #2 0x561307733127 <unknown>\nE       #3 0x561307733321 <unknown>\nE       #4 0x561307781e94 <unknown>\nE       #5 0x561307758e7d <unknown>\nE       #6 0x56130777f30b <unknown>\nE       #7 0x561307758c23 <unknown>\nE       #8 0x5613077254a5 <unknown>\nE       #9 0x561307726111 <unknown>\nE       #10 0x561307c00f1b <unknown>\nE       #11 0x561307c04e19 <unknown>\nE       #12 0x561307be7ac9 <unknown>\nE       #13 0x561307c059c8 <unknown>\nE       #14 0x561307bcc34f <unknown>\nE       #15 0x561307c29a28 <unknown>\nE       #16 0x561307c29c06 <unknown>\nE       #17 0x561307c3b336 <unknown>\nE       #18 0x7f6f9c89caa4 <unknown>\nE       #19 0x7f6f9c929c3c <unknown>\n\n/opt/hostedtoolcache/Python/3.12.11/x64/lib/python3.12/site-packages/selenium/webdriver/support/wait.py:105: TimeoutException",
  "flaky" : false,
  "newFailed" : false,
  "beforeStages" : [ {
    "name" : "authorization_user",
    "time" : {
      "start" : 1751246488400,
      "stop" : 1751246488897,
      "duration" : 497
    },
    "status" : "passed",
    "steps" : [ {
      "name" : "Open page: https://oblache.areso.pro/register.html",
      "time" : {
        "start" : 1751246488400,
        "stop" : 1751246488702,
        "duration" : 302
      },
      "status" : "passed",
      "steps" : [ ],
      "attachments" : [ ],
      "parameters" : [ ],
      "stepsCount" : 0,
      "attachmentsCount" : 0,
      "shouldDisplayMessage" : false,
      "hasContent" : false
    }, {
      "name" : "Login user",
      "time" : {
        "start" : 1751246488702,
        "stop" : 1751246488897,
        "duration" : 195
      },
      "status" : "passed",
      "steps" : [ {
        "name" : "Enter email.",
        "time" : {
          "start" : 1751246488702,
          "stop" : 1751246488761,
          "duration" : 59
        },
        "status" : "passed",
        "steps" : [ ],
        "attachments" : [ ],
        "parameters" : [ ],
        "stepsCount" : 0,
        "attachmentsCount" : 0,
        "shouldDisplayMessage" : false,
        "hasContent" : false
      }, {
        "name" : "Enter password.",
        "time" : {
          "start" : 1751246488761,
          "stop" : 1751246488806,
          "duration" : 45
        },
        "status" : "passed",
        "steps" : [ ],
        "attachments" : [ ],
        "parameters" : [ ],
        "stepsCount" : 0,
        "attachmentsCount" : 0,
        "shouldDisplayMessage" : false,
        "hasContent" : false
      }, {
        "name" : "Click button \"Login\"",
        "time" : {
          "start" : 1751246488806,
          "stop" : 1751246488894,
          "duration" : 88
        },
        "status" : "passed",
        "steps" : [ ],
        "attachments" : [ ],
        "parameters" : [ ],
        "stepsCount" : 0,
        "attachmentsCount" : 0,
        "shouldDisplayMessage" : false,
        "hasContent" : false
      }, {
        "name" : "Check url is present: https://oblache.areso.pro/register.html",
        "time" : {
          "start" : 1751246488894,
          "stop" : 1751246488897,
          "duration" : 3
        },
        "status" : "passed",
        "steps" : [ ],
        "attachments" : [ ],
        "parameters" : [ ],
        "stepsCount" : 0,
        "attachmentsCount" : 0,
        "shouldDisplayMessage" : false,
        "hasContent" : false
      } ],
      "attachments" : [ ],
      "parameters" : [ ],
      "stepsCount" : 4,
      "attachmentsCount" : 0,
      "shouldDisplayMessage" : false,
      "hasContent" : true
    } ],
    "attachments" : [ ],
    "parameters" : [ ],
    "stepsCount" : 6,
    "attachmentsCount" : 0,
    "shouldDisplayMessage" : false,
    "hasContent" : true
  }, {
    "name" : "driver",
    "time" : {
      "start" : 1751246488048,
      "stop" : 1751246488399,
      "duration" : 351
    },
    "status" : "passed",
    "steps" : [ ],
    "attachments" : [ ],
    "parameters" : [ ],
    "stepsCount" : 0,
    "attachmentsCount" : 0,
    "shouldDisplayMessage" : false,
    "hasContent" : false
  } ],
  "testStage" : {
    "status" : "broken",
    "statusMessage" : "selenium.common.exceptions.TimeoutException: Message: Can't find element by locator ('xpath', '//tbody[@id=\"tbody_dbs\"] /tr[1]/td[7] /button')\nStacktrace:\n#0 0x561307c3c45a <unknown>\n#1 0x5613076e1760 <unknown>\n#2 0x561307733127 <unknown>\n#3 0x561307733321 <unknown>\n#4 0x561307781e94 <unknown>\n#5 0x561307758e7d <unknown>\n#6 0x56130777f30b <unknown>\n#7 0x561307758c23 <unknown>\n#8 0x5613077254a5 <unknown>\n#9 0x561307726111 <unknown>\n#10 0x561307c00f1b <unknown>\n#11 0x561307c04e19 <unknown>\n#12 0x561307be7ac9 <unknown>\n#13 0x561307c059c8 <unknown>\n#14 0x561307bcc34f <unknown>\n#15 0x561307c29a28 <unknown>\n#16 0x561307c29c06 <unknown>\n#17 0x561307c3b336 <unknown>\n#18 0x7f6f9c89caa4 <unknown>\n#19 0x7f6f9c929c3c <unknown>",
    "statusTrace" : "self = <tests_ui.test_ui.TestProfilePage object at 0x7fc2d068c3b0>\ndriver = <selenium.webdriver.chrome.webdriver.WebDriver (session=\"5e617e7b41a11469368514e3432994e0\")>\nauthorization_user = None\n\n    @allure.title('test_clipboard_jdbc')\n    def test_clipboard_jdbc(self, driver, authorization_user):\n        page = ProfilePage(driver, authorization_user)\n        page.click_button_databases()\n>       page.check_clipboard_jdbc(token=TestProfilePage.token)\n\ntests_ui/test_ui.py:107: \n_ _ _ _ _ _ _ _ _ _ _ _ _ _ _ _ _ _ _ _ _ _ _ _ _ _ _ _ _ _ _ _ _ _ _ _ _ _ _ _ \ntests_ui/profile_page.py:124: in check_clipboard_jdbc\n    button = self.element_is_visible((By.XPATH, '//tbody[@id=\"tbody_dbs\"] /tr[1]/td[7] /button'))\ntests_ui/base_page.py:33: in element_is_visible\n    self.go_to_element(self.element_is_present(locator))\ntests_ui/base_page.py:46: in element_is_present\n    return Wait(self.driver, self.timeout).until(\n_ _ _ _ _ _ _ _ _ _ _ _ _ _ _ _ _ _ _ _ _ _ _ _ _ _ _ _ _ _ _ _ _ _ _ _ _ _ _ _ \n\nself = <selenium.webdriver.support.wait.WebDriverWait (session=\"5e617e7b41a11469368514e3432994e0\")>\nmethod = <function presence_of_element_located.<locals>._predicate at 0x7fc2cfdf4ae0>\nmessage = 'Can\\'t find element by locator (\\'xpath\\', \\'//tbody[@id=\"tbody_dbs\"] /tr[1]/td[7] /button\\')'\n\n    def until(self, method: Callable[[D], Union[Literal[False], T]], message: str = \"\") -> T:\n        \"\"\"Calls the method provided with the driver as an argument until the \\\n        return value does not evaluate to ``False``.\n    \n        :param method: callable(WebDriver)\n        :param message: optional message for :exc:`TimeoutException`\n        :returns: the result of the last call to `method`\n        :raises: :exc:`selenium.common.exceptions.TimeoutException` if timeout occurs\n        \"\"\"\n        screen = None\n        stacktrace = None\n    \n        end_time = time.monotonic() + self._timeout\n        while True:\n            try:\n                value = method(self._driver)\n                if value:\n                    return value\n            except self._ignored_exceptions as exc:\n                screen = getattr(exc, \"screen\", None)\n                stacktrace = getattr(exc, \"stacktrace\", None)\n            time.sleep(self._poll)\n            if time.monotonic() > end_time:\n                break\n>       raise TimeoutException(message, screen, stacktrace)\nE       selenium.common.exceptions.TimeoutException: Message: Can't find element by locator ('xpath', '//tbody[@id=\"tbody_dbs\"] /tr[1]/td[7] /button')\nE       Stacktrace:\nE       #0 0x561307c3c45a <unknown>\nE       #1 0x5613076e1760 <unknown>\nE       #2 0x561307733127 <unknown>\nE       #3 0x561307733321 <unknown>\nE       #4 0x561307781e94 <unknown>\nE       #5 0x561307758e7d <unknown>\nE       #6 0x56130777f30b <unknown>\nE       #7 0x561307758c23 <unknown>\nE       #8 0x5613077254a5 <unknown>\nE       #9 0x561307726111 <unknown>\nE       #10 0x561307c00f1b <unknown>\nE       #11 0x561307c04e19 <unknown>\nE       #12 0x561307be7ac9 <unknown>\nE       #13 0x561307c059c8 <unknown>\nE       #14 0x561307bcc34f <unknown>\nE       #15 0x561307c29a28 <unknown>\nE       #16 0x561307c29c06 <unknown>\nE       #17 0x561307c3b336 <unknown>\nE       #18 0x7f6f9c89caa4 <unknown>\nE       #19 0x7f6f9c929c3c <unknown>\n\n/opt/hostedtoolcache/Python/3.12.11/x64/lib/python3.12/site-packages/selenium/webdriver/support/wait.py:105: TimeoutException",
    "steps" : [ {
      "name" : "Click \"Databases\" button.",
      "time" : {
        "start" : 1751246488898,
        "stop" : 1751246489756,
        "duration" : 858
      },
      "status" : "passed",
      "steps" : [ ],
      "attachments" : [ ],
      "parameters" : [ ],
      "stepsCount" : 0,
      "attachmentsCount" : 0,
      "shouldDisplayMessage" : false,
      "hasContent" : false
    } ],
    "attachments" : [ {
      "uid" : "5da6115c2f0023bd",
      "name" : "Screenshot 2025-06-30 01:21:35.636013",
      "source" : "5da6115c2f0023bd.png",
      "type" : "image/png",
      "size" : 141516
    } ],
    "parameters" : [ ],
    "stepsCount" : 1,
    "attachmentsCount" : 1,
    "shouldDisplayMessage" : true,
    "hasContent" : true
  },
  "afterStages" : [ {
    "name" : "driver::0",
    "time" : {
      "start" : 1751246495637,
      "stop" : 1751246495699,
      "duration" : 62
    },
    "status" : "passed",
    "steps" : [ ],
    "attachments" : [ ],
    "parameters" : [ ],
    "stepsCount" : 0,
    "attachmentsCount" : 0,
    "shouldDisplayMessage" : false,
    "hasContent" : false
  } ],
  "labels" : [ {
    "name" : "suite",
    "value" : "Test Profile Page."
  }, {
    "name" : "parentSuite",
    "value" : "tests_ui"
  }, {
    "name" : "subSuite",
    "value" : "TestProfilePage"
  }, {
    "name" : "host",
    "value" : "pkrvmbietmlfzoi"
  }, {
    "name" : "thread",
    "value" : "2605-MainThread"
  }, {
    "name" : "framework",
    "value" : "pytest"
  }, {
    "name" : "language",
    "value" : "cpython3"
  }, {
    "name" : "package",
    "value" : "tests_ui.test_ui"
  }, {
    "name" : "resultFormat",
    "value" : "allure2"
  } ],
  "parameters" : [ ],
  "links" : [ ],
  "hidden" : false,
  "retry" : false,
  "extra" : {
    "severity" : "normal",
    "retries" : [ ],
    "categories" : [ {
      "name" : "Test defects",
      "matchedStatuses" : [ ],
      "flaky" : false
    } ],
    "history" : {
      "statistic" : {
        "failed" : 0,
        "broken" : 228,
        "skipped" : 0,
        "passed" : 0,
        "unknown" : 0,
        "total" : 228
      },
      "items" : [ {
        "uid" : "f214331171f6eaa4",
        "reportUrl" : "https://lambotik.github.io/Oblache/448//#testresult/f214331171f6eaa4",
        "status" : "broken",
        "statusDetails" : "selenium.common.exceptions.TimeoutException: Message: Can't find element by locator ('xpath', '//tbody[@id=\"tbody_dbs\"] /tr[1]/td[7] /button')\nStacktrace:\n#0 0x55dd5c7f445a <unknown>\n#1 0x55dd5c299760 <unknown>\n#2 0x55dd5c2eb127 <unknown>\n#3 0x55dd5c2eb321 <unknown>\n#4 0x55dd5c339e94 <unknown>\n#5 0x55dd5c310e7d <unknown>\n#6 0x55dd5c33730b <unknown>\n#7 0x55dd5c310c23 <unknown>\n#8 0x55dd5c2dd4a5 <unknown>\n#9 0x55dd5c2de111 <unknown>\n#10 0x55dd5c7b8f1b <unknown>\n#11 0x55dd5c7bce19 <unknown>\n#12 0x55dd5c79fac9 <unknown>\n#13 0x55dd5c7bd9c8 <unknown>\n#14 0x55dd5c78434f <unknown>\n#15 0x55dd5c7e1a28 <unknown>\n#16 0x55dd5c7e1c06 <unknown>\n#17 0x55dd5c7f3336 <unknown>\n#18 0x7fca1569caa4 <unknown>\n#19 0x7fca15729c3c <unknown>",
        "time" : {
          "start" : 1751160276072,
          "stop" : 1751160282978,
          "duration" : 6906
        }
      }, {
        "uid" : "ff8429bb94aee9c5",
        "reportUrl" : "https://lambotik.github.io/Oblache/447//#testresult/ff8429bb94aee9c5",
        "status" : "broken",
        "statusDetails" : "selenium.common.exceptions.TimeoutException: Message: Can't find element by locator ('xpath', '//tbody[@id=\"tbody_dbs\"] /tr[1]/td[7] /button')\nStacktrace:\n#0 0x56326385145a <unknown>\n#1 0x5632632f6760 <unknown>\n#2 0x563263348127 <unknown>\n#3 0x563263348321 <unknown>\n#4 0x563263396e94 <unknown>\n#5 0x56326336de7d <unknown>\n#6 0x56326339430b <unknown>\n#7 0x56326336dc23 <unknown>\n#8 0x56326333a4a5 <unknown>\n#9 0x56326333b111 <unknown>\n#10 0x563263815f1b <unknown>\n#11 0x563263819e19 <unknown>\n#12 0x5632637fcac9 <unknown>\n#13 0x56326381a9c8 <unknown>\n#14 0x5632637e134f <unknown>\n#15 0x56326383ea28 <unknown>\n#16 0x56326383ec06 <unknown>\n#17 0x563263850336 <unknown>\n#18 0x7fa6c249caa4 <unknown>\n#19 0x7fa6c2529c3c <unknown>",
        "time" : {
          "start" : 1751073270292,
          "stop" : 1751073276980,
          "duration" : 6688
        }
      }, {
        "uid" : "f6e6e37474588aee",
        "reportUrl" : "https://lambotik.github.io/Oblache/446//#testresult/f6e6e37474588aee",
        "status" : "broken",
        "statusDetails" : "selenium.common.exceptions.TimeoutException: Message: Can't find element by locator ('xpath', '//tbody[@id=\"tbody_dbs\"] /tr[1]/td[7] /button')\nStacktrace:\n#0 0x5617412df45a <unknown>\n#1 0x561740d84760 <unknown>\n#2 0x561740dd6127 <unknown>\n#3 0x561740dd6321 <unknown>\n#4 0x561740e24e94 <unknown>\n#5 0x561740dfbe7d <unknown>\n#6 0x561740e2230b <unknown>\n#7 0x561740dfbc23 <unknown>\n#8 0x561740dc84a5 <unknown>\n#9 0x561740dc9111 <unknown>\n#10 0x5617412a3f1b <unknown>\n#11 0x5617412a7e19 <unknown>\n#12 0x56174128aac9 <unknown>\n#13 0x5617412a89c8 <unknown>\n#14 0x56174126f34f <unknown>\n#15 0x5617412cca28 <unknown>\n#16 0x5617412ccc06 <unknown>\n#17 0x5617412de336 <unknown>\n#18 0x7f7373c9caa4 <unknown>\n#19 0x7f7373d29c3c <unknown>",
        "time" : {
          "start" : 1750987067656,
          "stop" : 1750987074813,
          "duration" : 7157
        }
      }, {
        "uid" : "6d4aee96bb2de315",
        "reportUrl" : "https://lambotik.github.io/Oblache/445//#testresult/6d4aee96bb2de315",
        "status" : "broken",
        "statusDetails" : "selenium.common.exceptions.TimeoutException: Message: Can't find elements by locator ('xpath', '//tbody[@id=\"tbody_dbs\"]/tr')",
        "time" : {
          "start" : 1750900612724,
          "stop" : 1750900618954,
          "duration" : 6230
        }
      }, {
        "uid" : "76dfe6f0a607c1c5",
        "reportUrl" : "https://lambotik.github.io/Oblache/444//#testresult/76dfe6f0a607c1c5",
        "status" : "broken",
        "statusDetails" : "selenium.common.exceptions.TimeoutException: Message: Can't find element by locator ('xpath', '//tbody[@id=\"tbody_dbs\"] /tr[1]/td[7] /button')\nStacktrace:\n#0 0x5604e1f7029a <unknown>\n#1 0x5604e19dc040 <unknown>\n#2 0x5604e1a2d990 <unknown>\n#3 0x5604e1a2db81 <unknown>\n#4 0x5604e1a7c664 <unknown>\n#5 0x5604e1a536bd <unknown>\n#6 0x5604e1a79ace <unknown>\n#7 0x5604e1a53463 <unknown>\n#8 0x5604e1a1fc55 <unknown>\n#9 0x5604e1a208c1 <unknown>\n#10 0x5604e1f351bb <unknown>\n#11 0x5604e1f390c9 <unknown>\n#12 0x5604e1f1da39 <unknown>\n#13 0x5604e1f39c78 <unknown>\n#14 0x5604e1f026bf <unknown>\n#15 0x5604e1f5d948 <unknown>\n#16 0x5604e1f5db26 <unknown>\n#17 0x5604e1f6f176 <unknown>\n#18 0x7f9f3129caa4 <unknown>\n#19 0x7f9f31329c3c <unknown>",
        "time" : {
          "start" : 1750814253227,
          "stop" : 1750814260377,
          "duration" : 7150
        }
      }, {
        "uid" : "6af27aaa284f4fcd",
        "reportUrl" : "https://lambotik.github.io/Oblache/443//#testresult/6af27aaa284f4fcd",
        "status" : "broken",
        "statusDetails" : "selenium.common.exceptions.TimeoutException: Message: Can't find element by locator ('xpath', '//tbody[@id=\"tbody_dbs\"] /tr[1]/td[7] /button')\nStacktrace:\n#0 0x55fc9377629a <unknown>\n#1 0x55fc931e2040 <unknown>\n#2 0x55fc93233990 <unknown>\n#3 0x55fc93233b81 <unknown>\n#4 0x55fc93282664 <unknown>\n#5 0x55fc932596bd <unknown>\n#6 0x55fc9327face <unknown>\n#7 0x55fc93259463 <unknown>\n#8 0x55fc93225c55 <unknown>\n#9 0x55fc932268c1 <unknown>\n#10 0x55fc9373b1bb <unknown>\n#11 0x55fc9373f0c9 <unknown>\n#12 0x55fc93723a39 <unknown>\n#13 0x55fc9373fc78 <unknown>\n#14 0x55fc937086bf <unknown>\n#15 0x55fc93763948 <unknown>\n#16 0x55fc93763b26 <unknown>\n#17 0x55fc93775176 <unknown>\n#18 0x7f305d29caa4 <unknown>\n#19 0x7f305d329c3c <unknown>",
        "time" : {
          "start" : 1750727798726,
          "stop" : 1750727805824,
          "duration" : 7098
        }
      }, {
        "uid" : "7f554de49636b143",
        "reportUrl" : "https://lambotik.github.io/Oblache/442//#testresult/7f554de49636b143",
        "status" : "broken",
        "statusDetails" : "selenium.common.exceptions.TimeoutException: Message: Can't find element by locator ('xpath', '//tbody[@id=\"tbody_dbs\"] /tr[1]/td[7] /button')\nStacktrace:\n#0 0x558fda23529a <unknown>\n#1 0x558fd9ca1040 <unknown>\n#2 0x558fd9cf2990 <unknown>\n#3 0x558fd9cf2b81 <unknown>\n#4 0x558fd9d41664 <unknown>\n#5 0x558fd9d186bd <unknown>\n#6 0x558fd9d3eace <unknown>\n#7 0x558fd9d18463 <unknown>\n#8 0x558fd9ce4c55 <unknown>\n#9 0x558fd9ce58c1 <unknown>\n#10 0x558fda1fa1bb <unknown>\n#11 0x558fda1fe0c9 <unknown>\n#12 0x558fda1e2a39 <unknown>\n#13 0x558fda1fec78 <unknown>\n#14 0x558fda1c76bf <unknown>\n#15 0x558fda222948 <unknown>\n#16 0x558fda222b26 <unknown>\n#17 0x558fda234176 <unknown>\n#18 0x7f31a9a9caa4 <unknown>\n#19 0x7f31a9b29c3c <unknown>",
        "time" : {
          "start" : 1750641659206,
          "stop" : 1750641666355,
          "duration" : 7149
        }
      }, {
        "uid" : "8f09f5edce9dc323",
        "reportUrl" : "https://lambotik.github.io/Oblache/441//#testresult/8f09f5edce9dc323",
        "status" : "broken",
        "statusDetails" : "selenium.common.exceptions.TimeoutException: Message: Can't find element by locator ('xpath', '//tbody[@id=\"tbody_dbs\"] /tr[1]/td[7] /button')\nStacktrace:\n#0 0x55d3c76b129a <unknown>\n#1 0x55d3c711d040 <unknown>\n#2 0x55d3c716e990 <unknown>\n#3 0x55d3c716eb81 <unknown>\n#4 0x55d3c71bd664 <unknown>\n#5 0x55d3c71946bd <unknown>\n#6 0x55d3c71baace <unknown>\n#7 0x55d3c7194463 <unknown>\n#8 0x55d3c7160c55 <unknown>\n#9 0x55d3c71618c1 <unknown>\n#10 0x55d3c76761bb <unknown>\n#11 0x55d3c767a0c9 <unknown>\n#12 0x55d3c765ea39 <unknown>\n#13 0x55d3c767ac78 <unknown>\n#14 0x55d3c76436bf <unknown>\n#15 0x55d3c769e948 <unknown>\n#16 0x55d3c769eb26 <unknown>\n#17 0x55d3c76b0176 <unknown>\n#18 0x7f56fe09caa4 <unknown>\n#19 0x7f56fe129c3c <unknown>",
        "time" : {
          "start" : 1750555426861,
          "stop" : 1750555434008,
          "duration" : 7147
        }
      }, {
        "uid" : "20110c6dd196a75b",
        "reportUrl" : "https://lambotik.github.io/Oblache/440//#testresult/20110c6dd196a75b",
        "status" : "broken",
        "statusDetails" : "selenium.common.exceptions.TimeoutException: Message: Can't find element by locator ('xpath', '//tbody[@id=\"tbody_dbs\"] /tr[1]/td[7] /button')\nStacktrace:\n#0 0x55b6bd24a29a <unknown>\n#1 0x55b6bccb6040 <unknown>\n#2 0x55b6bcd07990 <unknown>\n#3 0x55b6bcd07b81 <unknown>\n#4 0x55b6bcd56664 <unknown>\n#5 0x55b6bcd2d6bd <unknown>\n#6 0x55b6bcd53ace <unknown>\n#7 0x55b6bcd2d463 <unknown>\n#8 0x55b6bccf9c55 <unknown>\n#9 0x55b6bccfa8c1 <unknown>\n#10 0x55b6bd20f1bb <unknown>\n#11 0x55b6bd2130c9 <unknown>\n#12 0x55b6bd1f7a39 <unknown>\n#13 0x55b6bd213c78 <unknown>\n#14 0x55b6bd1dc6bf <unknown>\n#15 0x55b6bd237948 <unknown>\n#16 0x55b6bd237b26 <unknown>\n#17 0x55b6bd249176 <unknown>\n#18 0x7fbb5589caa4 <unknown>\n#19 0x7fbb55929c3c <unknown>",
        "time" : {
          "start" : 1750468537357,
          "stop" : 1750468544515,
          "duration" : 7158
        }
      }, {
        "uid" : "fa669a1ebfebf7cc",
        "reportUrl" : "https://lambotik.github.io/Oblache/439//#testresult/fa669a1ebfebf7cc",
        "status" : "broken",
        "statusDetails" : "selenium.common.exceptions.TimeoutException: Message: Can't find element by locator ('xpath', '//tbody[@id=\"tbody_dbs\"] /tr[1]/td[7] /button')\nStacktrace:\n#0 0x5579fbe1729a <unknown>\n#1 0x5579fb883040 <unknown>\n#2 0x5579fb8d4990 <unknown>\n#3 0x5579fb8d4b81 <unknown>\n#4 0x5579fb923664 <unknown>\n#5 0x5579fb8fa6bd <unknown>\n#6 0x5579fb920ace <unknown>\n#7 0x5579fb8fa463 <unknown>\n#8 0x5579fb8c6c55 <unknown>\n#9 0x5579fb8c78c1 <unknown>\n#10 0x5579fbddc1bb <unknown>\n#11 0x5579fbde00c9 <unknown>\n#12 0x5579fbdc4a39 <unknown>\n#13 0x5579fbde0c78 <unknown>\n#14 0x5579fbda96bf <unknown>\n#15 0x5579fbe04948 <unknown>\n#16 0x5579fbe04b26 <unknown>\n#17 0x5579fbe16176 <unknown>\n#18 0x7f2965a9caa4 <unknown>\n#19 0x7f2965b29c3c <unknown>",
        "time" : {
          "start" : 1750382144347,
          "stop" : 1750382151928,
          "duration" : 7581
        }
      }, {
        "uid" : "7d484b7e9b74bac0",
        "reportUrl" : "https://lambotik.github.io/Oblache/438//#testresult/7d484b7e9b74bac0",
        "status" : "broken",
        "statusDetails" : "selenium.common.exceptions.TimeoutException: Message: Can't find element by locator ('xpath', '//tbody[@id=\"tbody_dbs\"] /tr[1]/td[7] /button')\nStacktrace:\n#0 0x55a3ae53429a <unknown>\n#1 0x55a3adfa0040 <unknown>\n#2 0x55a3adff1990 <unknown>\n#3 0x55a3adff1b81 <unknown>\n#4 0x55a3ae040664 <unknown>\n#5 0x55a3ae0176bd <unknown>\n#6 0x55a3ae03dace <unknown>\n#7 0x55a3ae017463 <unknown>\n#8 0x55a3adfe3c55 <unknown>\n#9 0x55a3adfe48c1 <unknown>\n#10 0x55a3ae4f91bb <unknown>\n#11 0x55a3ae4fd0c9 <unknown>\n#12 0x55a3ae4e1a39 <unknown>\n#13 0x55a3ae4fdc78 <unknown>\n#14 0x55a3ae4c66bf <unknown>\n#15 0x55a3ae521948 <unknown>\n#16 0x55a3ae521b26 <unknown>\n#17 0x55a3ae533176 <unknown>\n#18 0x7f7cad89caa4 <unknown>\n#19 0x7f7cad929c3c <unknown>",
        "time" : {
          "start" : 1750295829487,
          "stop" : 1750295836652,
          "duration" : 7165
        }
      }, {
        "uid" : "d40d8f7fdf56e339",
        "reportUrl" : "https://lambotik.github.io/Oblache/437//#testresult/d40d8f7fdf56e339",
        "status" : "broken",
        "statusDetails" : "selenium.common.exceptions.TimeoutException: Message: Can't find elements by locator ('xpath', '//tbody[@id=\"tbody_dbs\"]/tr')",
        "time" : {
          "start" : 1750209332326,
          "stop" : 1750209338244,
          "duration" : 5918
        }
      }, {
        "uid" : "d0fcfc6a2f498fe3",
        "reportUrl" : "https://lambotik.github.io/Oblache/436//#testresult/d0fcfc6a2f498fe3",
        "status" : "broken",
        "statusDetails" : "selenium.common.exceptions.TimeoutException: Message: Can't find element by locator ('xpath', '//tbody[@id=\"tbody_dbs\"] /tr[1]/td[7] /button')\nStacktrace:\n#0 0x555c8c4a029a <unknown>\n#1 0x555c8bf0c040 <unknown>\n#2 0x555c8bf5d990 <unknown>\n#3 0x555c8bf5db81 <unknown>\n#4 0x555c8bfac664 <unknown>\n#5 0x555c8bf836bd <unknown>\n#6 0x555c8bfa9ace <unknown>\n#7 0x555c8bf83463 <unknown>\n#8 0x555c8bf4fc55 <unknown>\n#9 0x555c8bf508c1 <unknown>\n#10 0x555c8c4651bb <unknown>\n#11 0x555c8c4690c9 <unknown>\n#12 0x555c8c44da39 <unknown>\n#13 0x555c8c469c78 <unknown>\n#14 0x555c8c4326bf <unknown>\n#15 0x555c8c48d948 <unknown>\n#16 0x555c8c48db26 <unknown>\n#17 0x555c8c49f176 <unknown>\n#18 0x7f307849caa4 <unknown>\n#19 0x7f3078529c3c <unknown>",
        "time" : {
          "start" : 1750122995008,
          "stop" : 1750123001765,
          "duration" : 6757
        }
      }, {
        "uid" : "4dec08d59736d6b4",
        "reportUrl" : "https://lambotik.github.io/Oblache/435//#testresult/4dec08d59736d6b4",
        "status" : "broken",
        "statusDetails" : "selenium.common.exceptions.TimeoutException: Message: Can't find element by locator ('xpath', '//tbody[@id=\"tbody_dbs\"] /tr[1]/td[7] /button')\nStacktrace:\n#0 0x55ba2b92d29a <unknown>\n#1 0x55ba2b399040 <unknown>\n#2 0x55ba2b3ea990 <unknown>\n#3 0x55ba2b3eab81 <unknown>\n#4 0x55ba2b439664 <unknown>\n#5 0x55ba2b4106bd <unknown>\n#6 0x55ba2b436ace <unknown>\n#7 0x55ba2b410463 <unknown>\n#8 0x55ba2b3dcc55 <unknown>\n#9 0x55ba2b3dd8c1 <unknown>\n#10 0x55ba2b8f21bb <unknown>\n#11 0x55ba2b8f60c9 <unknown>\n#12 0x55ba2b8daa39 <unknown>\n#13 0x55ba2b8f6c78 <unknown>\n#14 0x55ba2b8bf6bf <unknown>\n#15 0x55ba2b91a948 <unknown>\n#16 0x55ba2b91ab26 <unknown>\n#17 0x55ba2b92c176 <unknown>\n#18 0x7f403bc9caa4 <unknown>\n#19 0x7f403bd29c3c <unknown>",
        "time" : {
          "start" : 1750036707994,
          "stop" : 1750036714600,
          "duration" : 6606
        }
      }, {
        "uid" : "8e6a2f5bfb34e388",
        "reportUrl" : "https://lambotik.github.io/Oblache/434//#testresult/8e6a2f5bfb34e388",
        "status" : "broken",
        "statusDetails" : "selenium.common.exceptions.TimeoutException: Message: Can't find elements by locator ('xpath', '//tbody[@id=\"tbody_dbs\"]/tr')",
        "time" : {
          "start" : 1749950622321,
          "stop" : 1749950628479,
          "duration" : 6158
        }
      }, {
        "uid" : "61f30ed7b0f66b02",
        "reportUrl" : "https://lambotik.github.io/Oblache/433//#testresult/61f30ed7b0f66b02",
        "status" : "broken",
        "statusDetails" : "selenium.common.exceptions.TimeoutException: Message: Can't find element by locator ('xpath', '//button[@id = \"menu_button_databases\"]')\nStacktrace:\n#0 0x561429ebe29a <unknown>\n#1 0x56142992a040 <unknown>\n#2 0x56142997b990 <unknown>\n#3 0x56142997bb81 <unknown>\n#4 0x5614299ca664 <unknown>\n#5 0x5614299a16bd <unknown>\n#6 0x5614299c7ace <unknown>\n#7 0x5614299a1463 <unknown>\n#8 0x56142996dc55 <unknown>\n#9 0x56142996e8c1 <unknown>\n#10 0x561429e831bb <unknown>\n#11 0x561429e870c9 <unknown>\n#12 0x561429e6ba39 <unknown>\n#13 0x561429e87c78 <unknown>\n#14 0x561429e506bf <unknown>\n#15 0x561429eab948 <unknown>\n#16 0x561429eabb26 <unknown>\n#17 0x561429ebd176 <unknown>\n#18 0x7f669bc9caa4 <unknown>\n#19 0x7f669bd29c3c <unknown>",
        "time" : {
          "start" : 1749863535029,
          "stop" : 1749863540150,
          "duration" : 5121
        }
      }, {
        "uid" : "fa936a26f01edce5",
        "reportUrl" : "https://lambotik.github.io/Oblache/432//#testresult/fa936a26f01edce5",
        "status" : "broken",
        "statusDetails" : "selenium.common.exceptions.TimeoutException: Message: Can't find element by locator ('xpath', '//button[@id = \"menu_button_databases\"]')\nStacktrace:\n#0 0x55e4d47e229a <unknown>\n#1 0x55e4d424e040 <unknown>\n#2 0x55e4d429f990 <unknown>\n#3 0x55e4d429fb81 <unknown>\n#4 0x55e4d42ee664 <unknown>\n#5 0x55e4d42c56bd <unknown>\n#6 0x55e4d42ebace <unknown>\n#7 0x55e4d42c5463 <unknown>\n#8 0x55e4d4291c55 <unknown>\n#9 0x55e4d42928c1 <unknown>\n#10 0x55e4d47a71bb <unknown>\n#11 0x55e4d47ab0c9 <unknown>\n#12 0x55e4d478fa39 <unknown>\n#13 0x55e4d47abc78 <unknown>\n#14 0x55e4d47746bf <unknown>\n#15 0x55e4d47cf948 <unknown>\n#16 0x55e4d47cfb26 <unknown>\n#17 0x55e4d47e1176 <unknown>\n#18 0x7fbd8509caa4 <unknown>\n#19 0x7fbd85129c3c <unknown>",
        "time" : {
          "start" : 1749777295402,
          "stop" : 1749777300534,
          "duration" : 5132
        }
      }, {
        "uid" : "c1f7019790493768",
        "reportUrl" : "https://lambotik.github.io/Oblache/431//#testresult/c1f7019790493768",
        "status" : "broken",
        "statusDetails" : "selenium.common.exceptions.TimeoutException: Message: Can't find element by locator ('xpath', '//button[@id = \"menu_button_databases\"]')\nStacktrace:\n#0 0x55e20f64e29a <unknown>\n#1 0x55e20f0ba040 <unknown>\n#2 0x55e20f10b990 <unknown>\n#3 0x55e20f10bb81 <unknown>\n#4 0x55e20f15a664 <unknown>\n#5 0x55e20f1316bd <unknown>\n#6 0x55e20f157ace <unknown>\n#7 0x55e20f131463 <unknown>\n#8 0x55e20f0fdc55 <unknown>\n#9 0x55e20f0fe8c1 <unknown>\n#10 0x55e20f6131bb <unknown>\n#11 0x55e20f6170c9 <unknown>\n#12 0x55e20f5fba39 <unknown>\n#13 0x55e20f617c78 <unknown>\n#14 0x55e20f5e06bf <unknown>\n#15 0x55e20f63b948 <unknown>\n#16 0x55e20f63bb26 <unknown>\n#17 0x55e20f64d176 <unknown>\n#18 0x7f3cc009caa4 <unknown>\n#19 0x7f3cc0129c3c <unknown>",
        "time" : {
          "start" : 1749690824823,
          "stop" : 1749690829951,
          "duration" : 5128
        }
      }, {
        "uid" : "132aa6a6e5792325",
        "reportUrl" : "https://lambotik.github.io/Oblache/430//#testresult/132aa6a6e5792325",
        "status" : "broken",
        "statusDetails" : "selenium.common.exceptions.TimeoutException: Message: Can't find element by locator ('xpath', '//button[@id = \"menu_button_databases\"]')\nStacktrace:\n#0 0x55713348429a <unknown>\n#1 0x557132ef0040 <unknown>\n#2 0x557132f41990 <unknown>\n#3 0x557132f41b81 <unknown>\n#4 0x557132f90664 <unknown>\n#5 0x557132f676bd <unknown>\n#6 0x557132f8dace <unknown>\n#7 0x557132f67463 <unknown>\n#8 0x557132f33c55 <unknown>\n#9 0x557132f348c1 <unknown>\n#10 0x5571334491bb <unknown>\n#11 0x55713344d0c9 <unknown>\n#12 0x557133431a39 <unknown>\n#13 0x55713344dc78 <unknown>\n#14 0x5571334166bf <unknown>\n#15 0x557133471948 <unknown>\n#16 0x557133471b26 <unknown>\n#17 0x557133483176 <unknown>\n#18 0x7fade129caa4 <unknown>\n#19 0x7fade1329c3c <unknown>",
        "time" : {
          "start" : 1749604504037,
          "stop" : 1749604509167,
          "duration" : 5130
        }
      }, {
        "uid" : "5c15967a6ef23793",
        "reportUrl" : "https://lambotik.github.io/Oblache/429//#testresult/5c15967a6ef23793",
        "status" : "broken",
        "statusDetails" : "selenium.common.exceptions.TimeoutException: Message: Can't find element by locator ('xpath', '//button[@id = \"menu_button_databases\"]')\nStacktrace:\n#0 0x5565039db78a <unknown>\n#1 0x55650347e0a0 <unknown>\n#2 0x5565034cf9b0 <unknown>\n#3 0x5565034cfba1 <unknown>\n#4 0x55650351dea4 <unknown>\n#5 0x5565034f53cd <unknown>\n#6 0x55650351b2a0 <unknown>\n#7 0x5565034f5173 <unknown>\n#8 0x5565034c1d4b <unknown>\n#9 0x5565034c29b1 <unknown>\n#10 0x5565039a093b <unknown>\n#11 0x5565039a483a <unknown>\n#12 0x556503988692 <unknown>\n#13 0x5565039a53c4 <unknown>\n#14 0x55650396d4cf <unknown>\n#15 0x5565039c9568 <unknown>\n#16 0x5565039c9746 <unknown>\n#17 0x5565039da5f6 <unknown>\n#18 0x7fa59c29caa4 <unknown>\n#19 0x7fa59c329c3c <unknown>",
        "time" : {
          "start" : 1749518128896,
          "stop" : 1749518134020,
          "duration" : 5124
        }
      } ]
    },
    "tags" : [ ]
  },
  "source" : "f19f6c19df5d9138.json",
  "parameterValues" : [ ]
}