{
  "uid" : "60bdd96fda31db1f",
  "name" : "test_create_database",
  "fullName" : "tests_ui.test_ui.TestProfilePage#test_create_database",
  "historyId" : "4762f7b87391625d86f9ea8dbdd3b406",
  "time" : {
    "start" : 1740445570984,
    "stop" : 1740445578873,
    "duration" : 7889
  },
  "status" : "broken",
  "statusMessage" : "selenium.common.exceptions.TimeoutException: Message: Can't find element by locator ('xpath', '//div[@id=\"msg_from_server\"]')",
  "statusTrace" : "self = <tests_ui.test_ui.TestProfilePage object at 0x7f72cb9b49b0>\ndriver = <selenium.webdriver.chrome.webdriver.WebDriver (session=\"a4486db605242869a7175762f7860dc0\")>\nauthorization_user = None\n\n    @allure.title('test_create_database')\n    def test_create_database(self, driver, authorization_user):\n        page = ProfilePage(driver, authorization_user)\n>       page.compare_database_status()\n\ntests_ui/test_ui.py:83: \n_ _ _ _ _ _ _ _ _ _ _ _ _ _ _ _ _ _ _ _ _ _ _ _ _ _ _ _ _ _ _ _ _ _ _ _ _ _ _ _ \ntests_ui/profile_page.py:150: in compare_database_status\n    msg = self.element_is_visible(self.locators.MSG_FROM_SERVER).text\ntests_ui/base_page.py:34: in element_is_visible\n    return Wait(self.driver, self.timeout).until(\n_ _ _ _ _ _ _ _ _ _ _ _ _ _ _ _ _ _ _ _ _ _ _ _ _ _ _ _ _ _ _ _ _ _ _ _ _ _ _ _ \n\nself = <selenium.webdriver.support.wait.WebDriverWait (session=\"a4486db605242869a7175762f7860dc0\")>\nmethod = <function visibility_of_element_located.<locals>._predicate at 0x7f72cb6ab1a0>\nmessage = 'Can\\'t find element by locator (\\'xpath\\', \\'//div[@id=\"msg_from_server\"]\\')'\n\n    def until(self, method: Callable[[D], Union[Literal[False], T]], message: str = \"\") -> T:\n        \"\"\"Calls the method provided with the driver as an argument until the \\\n        return value does not evaluate to ``False``.\n    \n        :param method: callable(WebDriver)\n        :param message: optional message for :exc:`TimeoutException`\n        :returns: the result of the last call to `method`\n        :raises: :exc:`selenium.common.exceptions.TimeoutException` if timeout occurs\n        \"\"\"\n        screen = None\n        stacktrace = None\n    \n        end_time = time.monotonic() + self._timeout\n        while True:\n            try:\n                value = method(self._driver)\n                if value:\n                    return value\n            except self._ignored_exceptions as exc:\n                screen = getattr(exc, \"screen\", None)\n                stacktrace = getattr(exc, \"stacktrace\", None)\n            time.sleep(self._poll)\n            if time.monotonic() > end_time:\n                break\n>       raise TimeoutException(message, screen, stacktrace)\nE       selenium.common.exceptions.TimeoutException: Message: Can't find element by locator ('xpath', '//div[@id=\"msg_from_server\"]')\n\n/opt/hostedtoolcache/Python/3.12.9/x64/lib/python3.12/site-packages/selenium/webdriver/support/wait.py:105: TimeoutException",
  "flaky" : false,
  "newFailed" : false,
  "beforeStages" : [ {
    "name" : "authorization_user",
    "time" : {
      "start" : 1740445570420,
      "stop" : 1740445570984,
      "duration" : 564
    },
    "status" : "passed",
    "steps" : [ {
      "name" : "Open page: https://oblache.areso.pro/register.html",
      "time" : {
        "start" : 1740445570420,
        "stop" : 1740445570787,
        "duration" : 367
      },
      "status" : "passed",
      "steps" : [ ],
      "attachments" : [ ],
      "parameters" : [ ],
      "stepsCount" : 0,
      "attachmentsCount" : 0,
      "shouldDisplayMessage" : false,
      "hasContent" : false
    }, {
      "name" : "Login user",
      "time" : {
        "start" : 1740445570787,
        "stop" : 1740445570984,
        "duration" : 197
      },
      "status" : "passed",
      "steps" : [ {
        "name" : "Enter email.",
        "time" : {
          "start" : 1740445570787,
          "stop" : 1740445570849,
          "duration" : 62
        },
        "status" : "passed",
        "steps" : [ ],
        "attachments" : [ ],
        "parameters" : [ ],
        "stepsCount" : 0,
        "attachmentsCount" : 0,
        "shouldDisplayMessage" : false,
        "hasContent" : false
      }, {
        "name" : "Enter password.",
        "time" : {
          "start" : 1740445570849,
          "stop" : 1740445570891,
          "duration" : 42
        },
        "status" : "passed",
        "steps" : [ ],
        "attachments" : [ ],
        "parameters" : [ ],
        "stepsCount" : 0,
        "attachmentsCount" : 0,
        "shouldDisplayMessage" : false,
        "hasContent" : false
      }, {
        "name" : "Click button \"Login\"",
        "time" : {
          "start" : 1740445570891,
          "stop" : 1740445570981,
          "duration" : 90
        },
        "status" : "passed",
        "steps" : [ ],
        "attachments" : [ ],
        "parameters" : [ ],
        "stepsCount" : 0,
        "attachmentsCount" : 0,
        "shouldDisplayMessage" : false,
        "hasContent" : false
      }, {
        "name" : "Check url is present: https://oblache.areso.pro/register.html",
        "time" : {
          "start" : 1740445570981,
          "stop" : 1740445570984,
          "duration" : 3
        },
        "status" : "passed",
        "steps" : [ ],
        "attachments" : [ ],
        "parameters" : [ ],
        "stepsCount" : 0,
        "attachmentsCount" : 0,
        "shouldDisplayMessage" : false,
        "hasContent" : false
      } ],
      "attachments" : [ ],
      "parameters" : [ ],
      "stepsCount" : 4,
      "attachmentsCount" : 0,
      "shouldDisplayMessage" : false,
      "hasContent" : true
    } ],
    "attachments" : [ ],
    "parameters" : [ ],
    "stepsCount" : 6,
    "attachmentsCount" : 0,
    "shouldDisplayMessage" : false,
    "hasContent" : true
  }, {
    "name" : "driver",
    "time" : {
      "start" : 1740445570080,
      "stop" : 1740445570420,
      "duration" : 340
    },
    "status" : "passed",
    "steps" : [ ],
    "attachments" : [ ],
    "parameters" : [ ],
    "stepsCount" : 0,
    "attachmentsCount" : 0,
    "shouldDisplayMessage" : false,
    "hasContent" : false
  } ],
  "testStage" : {
    "status" : "broken",
    "statusMessage" : "selenium.common.exceptions.TimeoutException: Message: Can't find element by locator ('xpath', '//div[@id=\"msg_from_server\"]')",
    "statusTrace" : "self = <tests_ui.test_ui.TestProfilePage object at 0x7f72cb9b49b0>\ndriver = <selenium.webdriver.chrome.webdriver.WebDriver (session=\"a4486db605242869a7175762f7860dc0\")>\nauthorization_user = None\n\n    @allure.title('test_create_database')\n    def test_create_database(self, driver, authorization_user):\n        page = ProfilePage(driver, authorization_user)\n>       page.compare_database_status()\n\ntests_ui/test_ui.py:83: \n_ _ _ _ _ _ _ _ _ _ _ _ _ _ _ _ _ _ _ _ _ _ _ _ _ _ _ _ _ _ _ _ _ _ _ _ _ _ _ _ \ntests_ui/profile_page.py:150: in compare_database_status\n    msg = self.element_is_visible(self.locators.MSG_FROM_SERVER).text\ntests_ui/base_page.py:34: in element_is_visible\n    return Wait(self.driver, self.timeout).until(\n_ _ _ _ _ _ _ _ _ _ _ _ _ _ _ _ _ _ _ _ _ _ _ _ _ _ _ _ _ _ _ _ _ _ _ _ _ _ _ _ \n\nself = <selenium.webdriver.support.wait.WebDriverWait (session=\"a4486db605242869a7175762f7860dc0\")>\nmethod = <function visibility_of_element_located.<locals>._predicate at 0x7f72cb6ab1a0>\nmessage = 'Can\\'t find element by locator (\\'xpath\\', \\'//div[@id=\"msg_from_server\"]\\')'\n\n    def until(self, method: Callable[[D], Union[Literal[False], T]], message: str = \"\") -> T:\n        \"\"\"Calls the method provided with the driver as an argument until the \\\n        return value does not evaluate to ``False``.\n    \n        :param method: callable(WebDriver)\n        :param message: optional message for :exc:`TimeoutException`\n        :returns: the result of the last call to `method`\n        :raises: :exc:`selenium.common.exceptions.TimeoutException` if timeout occurs\n        \"\"\"\n        screen = None\n        stacktrace = None\n    \n        end_time = time.monotonic() + self._timeout\n        while True:\n            try:\n                value = method(self._driver)\n                if value:\n                    return value\n            except self._ignored_exceptions as exc:\n                screen = getattr(exc, \"screen\", None)\n                stacktrace = getattr(exc, \"stacktrace\", None)\n            time.sleep(self._poll)\n            if time.monotonic() > end_time:\n                break\n>       raise TimeoutException(message, screen, stacktrace)\nE       selenium.common.exceptions.TimeoutException: Message: Can't find element by locator ('xpath', '//div[@id=\"msg_from_server\"]')\n\n/opt/hostedtoolcache/Python/3.12.9/x64/lib/python3.12/site-packages/selenium/webdriver/support/wait.py:105: TimeoutException",
    "steps" : [ {
      "name" : "Click button Status.",
      "time" : {
        "start" : 1740445571984,
        "stop" : 1740445572056,
        "duration" : 72
      },
      "status" : "passed",
      "steps" : [ ],
      "attachments" : [ ],
      "parameters" : [ ],
      "stepsCount" : 0,
      "attachmentsCount" : 0,
      "shouldDisplayMessage" : false,
      "hasContent" : false
    }, {
      "name" : "Get status data.",
      "time" : {
        "start" : 1740445572394,
        "stop" : 1740445572395,
        "duration" : 1
      },
      "status" : "passed",
      "steps" : [ {
        "name" : "Status data is: {'Email:': 'nodata', 'is blocked?': 'nodata', 'is db creation allowed?': 'nodata', 'disk db quota, mb': 'nodata', 'disk db used, mb': 'nodata', 'db qty quota': 'nodata', 'db qty used': 'nodata', 'site qty quota': '5', 'site qty used': '0', 'is site deploy allowed?': '1'}",
        "time" : {
          "start" : 1740445572395,
          "stop" : 1740445572395,
          "duration" : 0
        },
        "status" : "passed",
        "steps" : [ ],
        "attachments" : [ ],
        "parameters" : [ ],
        "stepsCount" : 0,
        "attachmentsCount" : 0,
        "shouldDisplayMessage" : false,
        "hasContent" : false
      } ],
      "attachments" : [ ],
      "parameters" : [ ],
      "stepsCount" : 1,
      "attachmentsCount" : 0,
      "shouldDisplayMessage" : false,
      "hasContent" : true
    }, {
      "name" : "Click \"Databases\" button.",
      "time" : {
        "start" : 1740445572395,
        "stop" : 1740445572462,
        "duration" : 67
      },
      "status" : "passed",
      "steps" : [ ],
      "attachments" : [ ],
      "parameters" : [ ],
      "stepsCount" : 0,
      "attachmentsCount" : 0,
      "shouldDisplayMessage" : false,
      "hasContent" : false
    }, {
      "name" : "Click \"Create new DB\" button.",
      "time" : {
        "start" : 1740445572462,
        "stop" : 1740445572538,
        "duration" : 76
      },
      "status" : "passed",
      "steps" : [ ],
      "attachments" : [ ],
      "parameters" : [ ],
      "stepsCount" : 0,
      "attachmentsCount" : 0,
      "shouldDisplayMessage" : false,
      "hasContent" : false
    }, {
      "name" : "Select region \"CIS\".",
      "time" : {
        "start" : 1740445572538,
        "stop" : 1740445573684,
        "duration" : 1146
      },
      "status" : "passed",
      "steps" : [ ],
      "attachments" : [ ],
      "parameters" : [ ],
      "stepsCount" : 0,
      "attachmentsCount" : 0,
      "shouldDisplayMessage" : false,
      "hasContent" : false
    }, {
      "name" : "Click \"Create\" button.",
      "time" : {
        "start" : 1740445573685,
        "stop" : 1740445573741,
        "duration" : 56
      },
      "status" : "passed",
      "steps" : [ ],
      "attachments" : [ ],
      "parameters" : [ ],
      "stepsCount" : 0,
      "attachmentsCount" : 0,
      "shouldDisplayMessage" : false,
      "hasContent" : false
    } ],
    "attachments" : [ {
      "uid" : "cedfd7ae73f24462",
      "name" : "Screenshot 2025-02-25 01:06:18.966969",
      "source" : "cedfd7ae73f24462.png",
      "type" : "image/png",
      "size" : 27487
    } ],
    "parameters" : [ ],
    "stepsCount" : 7,
    "attachmentsCount" : 1,
    "shouldDisplayMessage" : true,
    "hasContent" : true
  },
  "afterStages" : [ {
    "name" : "driver::0",
    "time" : {
      "start" : 1740445578968,
      "stop" : 1740445579028,
      "duration" : 60
    },
    "status" : "passed",
    "steps" : [ ],
    "attachments" : [ ],
    "parameters" : [ ],
    "stepsCount" : 0,
    "attachmentsCount" : 0,
    "shouldDisplayMessage" : false,
    "hasContent" : false
  } ],
  "labels" : [ {
    "name" : "suite",
    "value" : "Test Profile Page."
  }, {
    "name" : "parentSuite",
    "value" : "tests_ui"
  }, {
    "name" : "subSuite",
    "value" : "TestProfilePage"
  }, {
    "name" : "host",
    "value" : "fv-az1371-407"
  }, {
    "name" : "thread",
    "value" : "2453-MainThread"
  }, {
    "name" : "framework",
    "value" : "pytest"
  }, {
    "name" : "language",
    "value" : "cpython3"
  }, {
    "name" : "package",
    "value" : "tests_ui.test_ui"
  }, {
    "name" : "resultFormat",
    "value" : "allure2"
  } ],
  "parameters" : [ ],
  "links" : [ ],
  "hidden" : false,
  "retry" : false,
  "extra" : {
    "severity" : "normal",
    "retries" : [ ],
    "categories" : [ {
      "name" : "Test defects",
      "matchedStatuses" : [ ],
      "flaky" : false
    } ],
    "history" : {
      "statistic" : {
        "failed" : 0,
        "broken" : 105,
        "skipped" : 0,
        "passed" : 1,
        "unknown" : 0,
        "total" : 106
      },
      "items" : [ {
        "uid" : "7911f25e53b32c9",
        "reportUrl" : "https://lambotik.github.io/Oblache/323//#testresult/7911f25e53b32c9",
        "status" : "broken",
        "statusDetails" : "selenium.common.exceptions.TimeoutException: Message: Can't find element by locator ('xpath', '//div[@id=\"msg_from_server\"]')",
        "time" : {
          "start" : 1740359243094,
          "stop" : 1740359251932,
          "duration" : 8838
        }
      }, {
        "uid" : "b820116ed8603385",
        "reportUrl" : "https://lambotik.github.io/Oblache/322//#testresult/b820116ed8603385",
        "status" : "broken",
        "statusDetails" : "selenium.common.exceptions.TimeoutException: Message: Can't find element by locator ('xpath', '//div[@id=\"msg_from_server\"]')",
        "time" : {
          "start" : 1740272956253,
          "stop" : 1740272964979,
          "duration" : 8726
        }
      }, {
        "uid" : "478198b04eb1724f",
        "reportUrl" : "https://lambotik.github.io/Oblache/321//#testresult/478198b04eb1724f",
        "status" : "broken",
        "statusDetails" : "selenium.common.exceptions.TimeoutException: Message: Can't find element by locator ('xpath', '//div[@id=\"msg_from_server\"]')",
        "time" : {
          "start" : 1740186189629,
          "stop" : 1740186197497,
          "duration" : 7868
        }
      }, {
        "uid" : "87c651d04642cd16",
        "reportUrl" : "https://lambotik.github.io/Oblache/320//#testresult/87c651d04642cd16",
        "status" : "broken",
        "statusDetails" : "selenium.common.exceptions.TimeoutException: Message: Can't find element by locator ('xpath', '//div[@id=\"msg_from_server\"]')",
        "time" : {
          "start" : 1740099925714,
          "stop" : 1740099934532,
          "duration" : 8818
        }
      }, {
        "uid" : "3d1cd0e93d083349",
        "reportUrl" : "https://lambotik.github.io/Oblache/319//#testresult/3d1cd0e93d083349",
        "status" : "broken",
        "statusDetails" : "selenium.common.exceptions.TimeoutException: Message: Can't find element by locator ('xpath', '//div[@id=\"msg_from_server\"]')",
        "time" : {
          "start" : 1740013532074,
          "stop" : 1740013540205,
          "duration" : 8131
        }
      }, {
        "uid" : "b59419dd2abac4b6",
        "reportUrl" : "https://lambotik.github.io/Oblache/318//#testresult/b59419dd2abac4b6",
        "status" : "broken",
        "statusDetails" : "selenium.common.exceptions.TimeoutException: Message: Can't find element by locator ('xpath', '//div[@id=\"msg_from_server\"]')",
        "time" : {
          "start" : 1739927046680,
          "stop" : 1739927054550,
          "duration" : 7870
        }
      }, {
        "uid" : "ded28f442b412a54",
        "reportUrl" : "https://lambotik.github.io/Oblache/317//#testresult/ded28f442b412a54",
        "status" : "broken",
        "statusDetails" : "selenium.common.exceptions.TimeoutException: Message: Can't find element by locator ('xpath', '//div[@id=\"msg_from_server\"]')",
        "time" : {
          "start" : 1739840647210,
          "stop" : 1739840655077,
          "duration" : 7867
        }
      }, {
        "uid" : "f65f0d1604be4274",
        "reportUrl" : "https://lambotik.github.io/Oblache/316//#testresult/f65f0d1604be4274",
        "status" : "broken",
        "statusDetails" : "selenium.common.exceptions.TimeoutException: Message: Can't find element by locator ('xpath', '//div[@id=\"msg_from_server\"]')",
        "time" : {
          "start" : 1739754367403,
          "stop" : 1739754375289,
          "duration" : 7886
        }
      }, {
        "uid" : "f1b60825cb1acd8c",
        "reportUrl" : "https://lambotik.github.io/Oblache/315//#testresult/f1b60825cb1acd8c",
        "status" : "broken",
        "statusDetails" : "selenium.common.exceptions.TimeoutException: Message: Can't find element by locator ('xpath', '//div[@id=\"msg_from_server\"]')",
        "time" : {
          "start" : 1739668157599,
          "stop" : 1739668165546,
          "duration" : 7947
        }
      }, {
        "uid" : "d6693730a0b50740",
        "reportUrl" : "https://lambotik.github.io/Oblache/314//#testresult/d6693730a0b50740",
        "status" : "broken",
        "statusDetails" : "selenium.common.exceptions.TimeoutException: Message: Can't find element by locator ('xpath', '//div[@id=\"msg_from_server\"]')",
        "time" : {
          "start" : 1739581404028,
          "stop" : 1739581412803,
          "duration" : 8775
        }
      }, {
        "uid" : "cdc09d30be160af1",
        "reportUrl" : "https://lambotik.github.io/Oblache/313//#testresult/cdc09d30be160af1",
        "status" : "broken",
        "statusDetails" : "selenium.common.exceptions.TimeoutException: Message: Can't find element by locator ('xpath', '//div[@id=\"msg_from_server\"]')",
        "time" : {
          "start" : 1739495045793,
          "stop" : 1739495053718,
          "duration" : 7925
        }
      }, {
        "uid" : "2299b49b1f4bdfbf",
        "reportUrl" : "https://lambotik.github.io/Oblache/312//#testresult/2299b49b1f4bdfbf",
        "status" : "broken",
        "statusDetails" : "selenium.common.exceptions.TimeoutException: Message: Can't find element by locator ('xpath', '//div[@id=\"msg_from_server\"]')",
        "time" : {
          "start" : 1739408667090,
          "stop" : 1739408675491,
          "duration" : 8401
        }
      }, {
        "uid" : "ceb6cb4903f97a44",
        "reportUrl" : "https://lambotik.github.io/Oblache/311//#testresult/ceb6cb4903f97a44",
        "status" : "broken",
        "statusDetails" : "selenium.common.exceptions.TimeoutException: Message: Can't find element by locator ('xpath', '//div[@id=\"msg_from_server\"]')",
        "time" : {
          "start" : 1739322253187,
          "stop" : 1739322261852,
          "duration" : 8665
        }
      }, {
        "uid" : "9c24560eb1294c2a",
        "reportUrl" : "https://lambotik.github.io/Oblache/310//#testresult/9c24560eb1294c2a",
        "status" : "broken",
        "statusDetails" : "selenium.common.exceptions.TimeoutException: Message: Can't find element by locator ('xpath', '//button[@id=\"menu_button_status\"]')\nStacktrace:\n#0 0x55ed7f56553a <unknown>\n#1 0x55ed7f060f00 <unknown>\n#2 0x55ed7f0b0c0c <unknown>\n#3 0x55ed7f0b0e31 <unknown>\n#4 0x55ed7f0f6bd4 <unknown>\n#5 0x55ed7f0d55cd <unknown>\n#6 0x55ed7f0f3f84 <unknown>\n#7 0x55ed7f0d5343 <unknown>\n#8 0x55ed7f0a278a <unknown>\n#9 0x55ed7f0a39de <unknown>\n#10 0x55ed7f52f2cb <unknown>\n#11 0x55ed7f533242 <unknown>\n#12 0x55ed7f51c7ac <unknown>\n#13 0x55ed7f533df7 <unknown>\n#14 0x55ed7f500b2f <unknown>\n#15 0x55ed7f5541a8 <unknown>\n#16 0x55ed7f554370 <unknown>\n#17 0x55ed7f5643b6 <unknown>\n#18 0x7f8bf869ca94 <unknown>\n#19 0x7f8bf8729c3c <unknown>",
        "time" : {
          "start" : 1739239829856,
          "stop" : 1739239835985,
          "duration" : 6129
        }
      }, {
        "uid" : "41d118ea98221986",
        "reportUrl" : "https://lambotik.github.io/Oblache/309//#testresult/41d118ea98221986",
        "status" : "broken",
        "statusDetails" : "selenium.common.exceptions.TimeoutException: Message: Can't find element by locator ('xpath', '//button[@id=\"menu_button_status\"]')\nStacktrace:\n#0 0x557f93ac653a <unknown>\n#1 0x557f935c1f00 <unknown>\n#2 0x557f93611c0c <unknown>\n#3 0x557f93611e31 <unknown>\n#4 0x557f93657bd4 <unknown>\n#5 0x557f936365cd <unknown>\n#6 0x557f93654f84 <unknown>\n#7 0x557f93636343 <unknown>\n#8 0x557f9360378a <unknown>\n#9 0x557f936049de <unknown>\n#10 0x557f93a902cb <unknown>\n#11 0x557f93a94242 <unknown>\n#12 0x557f93a7d7ac <unknown>\n#13 0x557f93a94df7 <unknown>\n#14 0x557f93a61b2f <unknown>\n#15 0x557f93ab51a8 <unknown>\n#16 0x557f93ab5370 <unknown>\n#17 0x557f93ac53b6 <unknown>\n#18 0x7f365b89ca94 <unknown>\n#19 0x7f365b929c3c <unknown>",
        "time" : {
          "start" : 1739153514558,
          "stop" : 1739153520679,
          "duration" : 6121
        }
      }, {
        "uid" : "8dbca6761cc4f3d8",
        "reportUrl" : "https://lambotik.github.io/Oblache/308//#testresult/8dbca6761cc4f3d8",
        "status" : "broken",
        "statusDetails" : "selenium.common.exceptions.TimeoutException: Message: Can't find element by locator ('xpath', '//button[@id=\"menu_button_status\"]')\nStacktrace:\n#0 0x55e78c1bb53a <unknown>\n#1 0x55e78bcb6f00 <unknown>\n#2 0x55e78bd06c0c <unknown>\n#3 0x55e78bd06e31 <unknown>\n#4 0x55e78bd4cbd4 <unknown>\n#5 0x55e78bd2b5cd <unknown>\n#6 0x55e78bd49f84 <unknown>\n#7 0x55e78bd2b343 <unknown>\n#8 0x55e78bcf878a <unknown>\n#9 0x55e78bcf99de <unknown>\n#10 0x55e78c1852cb <unknown>\n#11 0x55e78c189242 <unknown>\n#12 0x55e78c1727ac <unknown>\n#13 0x55e78c189df7 <unknown>\n#14 0x55e78c156b2f <unknown>\n#15 0x55e78c1aa1a8 <unknown>\n#16 0x55e78c1aa370 <unknown>\n#17 0x55e78c1ba3b6 <unknown>\n#18 0x7ff8cfa9ca94 <unknown>\n#19 0x7ff8cfb29c3c <unknown>",
        "time" : {
          "start" : 1739067201427,
          "stop" : 1739067207554,
          "duration" : 6127
        }
      }, {
        "uid" : "87e53fdb28ca8e27",
        "reportUrl" : "https://lambotik.github.io/Oblache/307//#testresult/87e53fdb28ca8e27",
        "status" : "broken",
        "statusDetails" : "selenium.common.exceptions.TimeoutException: Message: Can't find element by locator ('xpath', '//button[@id=\"menu_button_status\"]')\nStacktrace:\n#0 0x562e9fb0153a <unknown>\n#1 0x562e9f5fcf00 <unknown>\n#2 0x562e9f64cc0c <unknown>\n#3 0x562e9f64ce31 <unknown>\n#4 0x562e9f692bd4 <unknown>\n#5 0x562e9f6715cd <unknown>\n#6 0x562e9f68ff84 <unknown>\n#7 0x562e9f671343 <unknown>\n#8 0x562e9f63e78a <unknown>\n#9 0x562e9f63f9de <unknown>\n#10 0x562e9facb2cb <unknown>\n#11 0x562e9facf242 <unknown>\n#12 0x562e9fab87ac <unknown>\n#13 0x562e9facfdf7 <unknown>\n#14 0x562e9fa9cb2f <unknown>\n#15 0x562e9faf01a8 <unknown>\n#16 0x562e9faf0370 <unknown>\n#17 0x562e9fb003b6 <unknown>\n#18 0x7fa0c009ca94 <unknown>\n#19 0x7fa0c0129c3c <unknown>",
        "time" : {
          "start" : 1738980523645,
          "stop" : 1738980529771,
          "duration" : 6126
        }
      }, {
        "uid" : "354ef7b157433238",
        "reportUrl" : "https://lambotik.github.io/Oblache/306//#testresult/354ef7b157433238",
        "status" : "broken",
        "statusDetails" : "selenium.common.exceptions.TimeoutException: Message: Can't find element by locator ('xpath', '//button[@id=\"menu_button_status\"]')\nStacktrace:\n#0 0x561094e4153a <unknown>\n#1 0x56109493cf00 <unknown>\n#2 0x56109498cc0c <unknown>\n#3 0x56109498ce31 <unknown>\n#4 0x5610949d2bd4 <unknown>\n#5 0x5610949b15cd <unknown>\n#6 0x5610949cff84 <unknown>\n#7 0x5610949b1343 <unknown>\n#8 0x56109497e78a <unknown>\n#9 0x56109497f9de <unknown>\n#10 0x561094e0b2cb <unknown>\n#11 0x561094e0f242 <unknown>\n#12 0x561094df87ac <unknown>\n#13 0x561094e0fdf7 <unknown>\n#14 0x561094ddcb2f <unknown>\n#15 0x561094e301a8 <unknown>\n#16 0x561094e30370 <unknown>\n#17 0x561094e403b6 <unknown>\n#18 0x7fac6a09ca94 <unknown>\n#19 0x7fac6a129c3c <unknown>",
        "time" : {
          "start" : 1738894248268,
          "stop" : 1738894254397,
          "duration" : 6129
        }
      }, {
        "uid" : "10b3d1ca795c7d64",
        "reportUrl" : "https://lambotik.github.io/Oblache/305//#testresult/10b3d1ca795c7d64",
        "status" : "broken",
        "statusDetails" : "selenium.common.exceptions.TimeoutException: Message: Can't find element by locator ('xpath', '//button[@id=\"menu_button_status\"]')\nStacktrace:\n#0 0x555fe69e953a <unknown>\n#1 0x555fe64e4f00 <unknown>\n#2 0x555fe6534c0c <unknown>\n#3 0x555fe6534e31 <unknown>\n#4 0x555fe657abd4 <unknown>\n#5 0x555fe65595cd <unknown>\n#6 0x555fe6577f84 <unknown>\n#7 0x555fe6559343 <unknown>\n#8 0x555fe652678a <unknown>\n#9 0x555fe65279de <unknown>\n#10 0x555fe69b32cb <unknown>\n#11 0x555fe69b7242 <unknown>\n#12 0x555fe69a07ac <unknown>\n#13 0x555fe69b7df7 <unknown>\n#14 0x555fe6984b2f <unknown>\n#15 0x555fe69d81a8 <unknown>\n#16 0x555fe69d8370 <unknown>\n#17 0x555fe69e83b6 <unknown>\n#18 0x7f29f089ca94 <unknown>\n#19 0x7f29f0929c3c <unknown>",
        "time" : {
          "start" : 1738807819982,
          "stop" : 1738807826110,
          "duration" : 6128
        }
      }, {
        "uid" : "73e32f498b214267",
        "reportUrl" : "https://lambotik.github.io/Oblache/304//#testresult/73e32f498b214267",
        "status" : "broken",
        "statusDetails" : "selenium.common.exceptions.TimeoutException: Message: Can't find element by locator ('xpath', '//button[@id=\"menu_button_status\"]')\nStacktrace:\n#0 0x559b632f1dca <unknown>\n#1 0x559b62de83f0 <unknown>\n#2 0x559b62e3810c <unknown>\n#3 0x559b62e38331 <unknown>\n#4 0x559b62e7e154 <unknown>\n#5 0x559b62e5cabd <unknown>\n#6 0x559b62e7b4b3 <unknown>\n#7 0x559b62e5c833 <unknown>\n#8 0x559b62e295a0 <unknown>\n#9 0x559b62e2aece <unknown>\n#10 0x559b632bbbdb <unknown>\n#11 0x559b632bfb67 <unknown>\n#12 0x559b632a73bc <unknown>\n#13 0x559b632c0727 <unknown>\n#14 0x559b6328b74f <unknown>\n#15 0x559b632e0938 <unknown>\n#16 0x559b632e0b00 <unknown>\n#17 0x559b632f0c46 <unknown>\n#18 0x7f352ae9ca94 <unknown>\n#19 0x7f352af29c3c <unknown>",
        "time" : {
          "start" : 1738721399972,
          "stop" : 1738721406102,
          "duration" : 6130
        }
      } ]
    },
    "tags" : [ ]
  },
  "source" : "60bdd96fda31db1f.json",
  "parameterValues" : [ ]
}