{
  "uid" : "1330e59e40f46e50",
  "name" : "test_create_database",
  "fullName" : "tests_ui.test_ui.TestProfilePage#test_create_database",
  "historyId" : "4762f7b87391625d86f9ea8dbdd3b406",
  "time" : {
    "start" : 1729299807658,
    "stop" : 1729299814399,
    "duration" : 6741
  },
  "status" : "broken",
  "statusMessage" : "selenium.common.exceptions.TimeoutException: Message: Can't find element by locator ('xpath', '//select[@id=\"selectDBRegion\"] /option[@value=\"3\"]')\nStacktrace:\n#0 0x55693fa630aa <unknown>\n#1 0x55693f57a1a0 <unknown>\n#2 0x55693f5c6d06 <unknown>\n#3 0x55693f5c6fa1 <unknown>\n#4 0x55693f60c344 <unknown>\n#5 0x55693f5eadad <unknown>\n#6 0x55693f609866 <unknown>\n#7 0x55693f5eab23 <unknown>\n#8 0x55693f5b9990 <unknown>\n#9 0x55693f5ba96e <unknown>\n#10 0x55693fa2f16b <unknown>\n#11 0x55693fa32f68 <unknown>\n#12 0x55693fa1c64c <unknown>\n#13 0x55693fa33ae7 <unknown>\n#14 0x55693fa014af <unknown>\n#15 0x55693fa514f8 <unknown>\n#16 0x55693fa516c0 <unknown>\n#17 0x55693fa61f26 <unknown>\n#18 0x7f80ba494ac3 <unknown>",
  "statusTrace" : "self = <tests_ui.test_ui.TestProfilePage object at 0x7f3f3d548aa0>\ndriver = <selenium.webdriver.chrome.webdriver.WebDriver (session=\"7bffe2d3e27ca747e6cc91b90648d128\")>\nauthorization_user = None\n\n    @allure.title('test_create_database')\n    def test_create_database(self, driver, authorization_user):\n        page = ProfilePage(driver, authorization_user)\n>       page.compare_database_status()\n\ntests_ui/test_ui.py:83: \n_ _ _ _ _ _ _ _ _ _ _ _ _ _ _ _ _ _ _ _ _ _ _ _ _ _ _ _ _ _ _ _ _ _ _ _ _ _ _ _ \ntests_ui/profile_page.py:148: in compare_database_status\n    self.select_db_region_cis()\ntests_ui/profile_page.py:67: in select_db_region_cis\n    self.element_is_present_and_clickable(self.locators.DB_REGION_CIS).click()\ntests_ui/base_page.py:28: in element_is_present_and_clickable\n    return (Wait(self.driver, self.timeout).until(\n_ _ _ _ _ _ _ _ _ _ _ _ _ _ _ _ _ _ _ _ _ _ _ _ _ _ _ _ _ _ _ _ _ _ _ _ _ _ _ _ \n\nself = <selenium.webdriver.support.wait.WebDriverWait (session=\"7bffe2d3e27ca747e6cc91b90648d128\")>\nmethod = <function visibility_of_element_located.<locals>._predicate at 0x7f3f3d22b740>\nmessage = 'Can\\'t find element by locator (\\'xpath\\', \\'//select[@id=\"selectDBRegion\"] /option[@value=\"3\"]\\')'\n\n    def until(self, method: Callable[[D], Union[Literal[False], T]], message: str = \"\") -> T:\n        \"\"\"Calls the method provided with the driver as an argument until the \\\n        return value does not evaluate to ``False``.\n    \n        :param method: callable(WebDriver)\n        :param message: optional message for :exc:`TimeoutException`\n        :returns: the result of the last call to `method`\n        :raises: :exc:`selenium.common.exceptions.TimeoutException` if timeout occurs\n        \"\"\"\n        screen = None\n        stacktrace = None\n    \n        end_time = time.monotonic() + self._timeout\n        while True:\n            try:\n                value = method(self._driver)\n                if value:\n                    return value\n            except self._ignored_exceptions as exc:\n                screen = getattr(exc, \"screen\", None)\n                stacktrace = getattr(exc, \"stacktrace\", None)\n            time.sleep(self._poll)\n            if time.monotonic() > end_time:\n                break\n>       raise TimeoutException(message, screen, stacktrace)\nE       selenium.common.exceptions.TimeoutException: Message: Can't find element by locator ('xpath', '//select[@id=\"selectDBRegion\"] /option[@value=\"3\"]')\nE       Stacktrace:\nE       #0 0x55693fa630aa <unknown>\nE       #1 0x55693f57a1a0 <unknown>\nE       #2 0x55693f5c6d06 <unknown>\nE       #3 0x55693f5c6fa1 <unknown>\nE       #4 0x55693f60c344 <unknown>\nE       #5 0x55693f5eadad <unknown>\nE       #6 0x55693f609866 <unknown>\nE       #7 0x55693f5eab23 <unknown>\nE       #8 0x55693f5b9990 <unknown>\nE       #9 0x55693f5ba96e <unknown>\nE       #10 0x55693fa2f16b <unknown>\nE       #11 0x55693fa32f68 <unknown>\nE       #12 0x55693fa1c64c <unknown>\nE       #13 0x55693fa33ae7 <unknown>\nE       #14 0x55693fa014af <unknown>\nE       #15 0x55693fa514f8 <unknown>\nE       #16 0x55693fa516c0 <unknown>\nE       #17 0x55693fa61f26 <unknown>\nE       #18 0x7f80ba494ac3 <unknown>\n\n/opt/hostedtoolcache/Python/3.12.7/x64/lib/python3.12/site-packages/selenium/webdriver/support/wait.py:105: TimeoutException",
  "flaky" : false,
  "newFailed" : false,
  "beforeStages" : [ {
    "name" : "authorization_user",
    "time" : {
      "start" : 1729299807169,
      "stop" : 1729299807658,
      "duration" : 489
    },
    "status" : "passed",
    "steps" : [ {
      "name" : "Open page: https://oblache.areso.pro/register.html",
      "time" : {
        "start" : 1729299807169,
        "stop" : 1729299807480,
        "duration" : 311
      },
      "status" : "passed",
      "steps" : [ ],
      "attachments" : [ ],
      "parameters" : [ ],
      "stepsCount" : 0,
      "attachmentsCount" : 0,
      "shouldDisplayMessage" : false,
      "hasContent" : false
    }, {
      "name" : "Login user",
      "time" : {
        "start" : 1729299807480,
        "stop" : 1729299807658,
        "duration" : 178
      },
      "status" : "passed",
      "steps" : [ {
        "name" : "Enter email.",
        "time" : {
          "start" : 1729299807480,
          "stop" : 1729299807541,
          "duration" : 61
        },
        "status" : "passed",
        "steps" : [ ],
        "attachments" : [ ],
        "parameters" : [ ],
        "stepsCount" : 0,
        "attachmentsCount" : 0,
        "shouldDisplayMessage" : false,
        "hasContent" : false
      }, {
        "name" : "Enter password.",
        "time" : {
          "start" : 1729299807541,
          "stop" : 1729299807584,
          "duration" : 43
        },
        "status" : "passed",
        "steps" : [ ],
        "attachments" : [ ],
        "parameters" : [ ],
        "stepsCount" : 0,
        "attachmentsCount" : 0,
        "shouldDisplayMessage" : false,
        "hasContent" : false
      }, {
        "name" : "Click button \"Login\"",
        "time" : {
          "start" : 1729299807584,
          "stop" : 1729299807655,
          "duration" : 71
        },
        "status" : "passed",
        "steps" : [ ],
        "attachments" : [ ],
        "parameters" : [ ],
        "stepsCount" : 0,
        "attachmentsCount" : 0,
        "shouldDisplayMessage" : false,
        "hasContent" : false
      }, {
        "name" : "Check url is present: https://oblache.areso.pro/register.html",
        "time" : {
          "start" : 1729299807655,
          "stop" : 1729299807658,
          "duration" : 3
        },
        "status" : "passed",
        "steps" : [ ],
        "attachments" : [ ],
        "parameters" : [ ],
        "stepsCount" : 0,
        "attachmentsCount" : 0,
        "shouldDisplayMessage" : false,
        "hasContent" : false
      } ],
      "attachments" : [ ],
      "parameters" : [ ],
      "stepsCount" : 4,
      "attachmentsCount" : 0,
      "shouldDisplayMessage" : false,
      "hasContent" : true
    } ],
    "attachments" : [ ],
    "parameters" : [ ],
    "stepsCount" : 6,
    "attachmentsCount" : 0,
    "shouldDisplayMessage" : false,
    "hasContent" : true
  }, {
    "name" : "driver",
    "time" : {
      "start" : 1729299806885,
      "stop" : 1729299807169,
      "duration" : 284
    },
    "status" : "passed",
    "steps" : [ ],
    "attachments" : [ ],
    "parameters" : [ ],
    "stepsCount" : 0,
    "attachmentsCount" : 0,
    "shouldDisplayMessage" : false,
    "hasContent" : false
  } ],
  "testStage" : {
    "status" : "broken",
    "statusMessage" : "selenium.common.exceptions.TimeoutException: Message: Can't find element by locator ('xpath', '//select[@id=\"selectDBRegion\"] /option[@value=\"3\"]')\nStacktrace:\n#0 0x55693fa630aa <unknown>\n#1 0x55693f57a1a0 <unknown>\n#2 0x55693f5c6d06 <unknown>\n#3 0x55693f5c6fa1 <unknown>\n#4 0x55693f60c344 <unknown>\n#5 0x55693f5eadad <unknown>\n#6 0x55693f609866 <unknown>\n#7 0x55693f5eab23 <unknown>\n#8 0x55693f5b9990 <unknown>\n#9 0x55693f5ba96e <unknown>\n#10 0x55693fa2f16b <unknown>\n#11 0x55693fa32f68 <unknown>\n#12 0x55693fa1c64c <unknown>\n#13 0x55693fa33ae7 <unknown>\n#14 0x55693fa014af <unknown>\n#15 0x55693fa514f8 <unknown>\n#16 0x55693fa516c0 <unknown>\n#17 0x55693fa61f26 <unknown>\n#18 0x7f80ba494ac3 <unknown>",
    "statusTrace" : "self = <tests_ui.test_ui.TestProfilePage object at 0x7f3f3d548aa0>\ndriver = <selenium.webdriver.chrome.webdriver.WebDriver (session=\"7bffe2d3e27ca747e6cc91b90648d128\")>\nauthorization_user = None\n\n    @allure.title('test_create_database')\n    def test_create_database(self, driver, authorization_user):\n        page = ProfilePage(driver, authorization_user)\n>       page.compare_database_status()\n\ntests_ui/test_ui.py:83: \n_ _ _ _ _ _ _ _ _ _ _ _ _ _ _ _ _ _ _ _ _ _ _ _ _ _ _ _ _ _ _ _ _ _ _ _ _ _ _ _ \ntests_ui/profile_page.py:148: in compare_database_status\n    self.select_db_region_cis()\ntests_ui/profile_page.py:67: in select_db_region_cis\n    self.element_is_present_and_clickable(self.locators.DB_REGION_CIS).click()\ntests_ui/base_page.py:28: in element_is_present_and_clickable\n    return (Wait(self.driver, self.timeout).until(\n_ _ _ _ _ _ _ _ _ _ _ _ _ _ _ _ _ _ _ _ _ _ _ _ _ _ _ _ _ _ _ _ _ _ _ _ _ _ _ _ \n\nself = <selenium.webdriver.support.wait.WebDriverWait (session=\"7bffe2d3e27ca747e6cc91b90648d128\")>\nmethod = <function visibility_of_element_located.<locals>._predicate at 0x7f3f3d22b740>\nmessage = 'Can\\'t find element by locator (\\'xpath\\', \\'//select[@id=\"selectDBRegion\"] /option[@value=\"3\"]\\')'\n\n    def until(self, method: Callable[[D], Union[Literal[False], T]], message: str = \"\") -> T:\n        \"\"\"Calls the method provided with the driver as an argument until the \\\n        return value does not evaluate to ``False``.\n    \n        :param method: callable(WebDriver)\n        :param message: optional message for :exc:`TimeoutException`\n        :returns: the result of the last call to `method`\n        :raises: :exc:`selenium.common.exceptions.TimeoutException` if timeout occurs\n        \"\"\"\n        screen = None\n        stacktrace = None\n    \n        end_time = time.monotonic() + self._timeout\n        while True:\n            try:\n                value = method(self._driver)\n                if value:\n                    return value\n            except self._ignored_exceptions as exc:\n                screen = getattr(exc, \"screen\", None)\n                stacktrace = getattr(exc, \"stacktrace\", None)\n            time.sleep(self._poll)\n            if time.monotonic() > end_time:\n                break\n>       raise TimeoutException(message, screen, stacktrace)\nE       selenium.common.exceptions.TimeoutException: Message: Can't find element by locator ('xpath', '//select[@id=\"selectDBRegion\"] /option[@value=\"3\"]')\nE       Stacktrace:\nE       #0 0x55693fa630aa <unknown>\nE       #1 0x55693f57a1a0 <unknown>\nE       #2 0x55693f5c6d06 <unknown>\nE       #3 0x55693f5c6fa1 <unknown>\nE       #4 0x55693f60c344 <unknown>\nE       #5 0x55693f5eadad <unknown>\nE       #6 0x55693f609866 <unknown>\nE       #7 0x55693f5eab23 <unknown>\nE       #8 0x55693f5b9990 <unknown>\nE       #9 0x55693f5ba96e <unknown>\nE       #10 0x55693fa2f16b <unknown>\nE       #11 0x55693fa32f68 <unknown>\nE       #12 0x55693fa1c64c <unknown>\nE       #13 0x55693fa33ae7 <unknown>\nE       #14 0x55693fa014af <unknown>\nE       #15 0x55693fa514f8 <unknown>\nE       #16 0x55693fa516c0 <unknown>\nE       #17 0x55693fa61f26 <unknown>\nE       #18 0x7f80ba494ac3 <unknown>\n\n/opt/hostedtoolcache/Python/3.12.7/x64/lib/python3.12/site-packages/selenium/webdriver/support/wait.py:105: TimeoutException",
    "steps" : [ {
      "name" : "Click button Status.",
      "time" : {
        "start" : 1729299808658,
        "stop" : 1729299808716,
        "duration" : 58
      },
      "status" : "passed",
      "steps" : [ ],
      "attachments" : [ ],
      "parameters" : [ ],
      "stepsCount" : 0,
      "attachmentsCount" : 0,
      "shouldDisplayMessage" : false,
      "hasContent" : false
    }, {
      "name" : "Get status data.",
      "time" : {
        "start" : 1729299809063,
        "stop" : 1729299809063,
        "duration" : 0
      },
      "status" : "passed",
      "steps" : [ {
        "name" : "Status data is: {'Email:': 'test4@mail.com', 'is blocked?': '0', 'is db creation allowed?': '0', 'disk db quota, mb': '4', 'disk db used, mb': '9', 'db qty quota': '100', 'db qty used': '11', 'site qty quota': '5', 'site qty used': '0', 'is site deploy allowed?': '1'}",
        "time" : {
          "start" : 1729299809063,
          "stop" : 1729299809063,
          "duration" : 0
        },
        "status" : "passed",
        "steps" : [ ],
        "attachments" : [ ],
        "parameters" : [ ],
        "stepsCount" : 0,
        "attachmentsCount" : 0,
        "shouldDisplayMessage" : false,
        "hasContent" : false
      } ],
      "attachments" : [ ],
      "parameters" : [ ],
      "stepsCount" : 1,
      "attachmentsCount" : 0,
      "shouldDisplayMessage" : false,
      "hasContent" : true
    }, {
      "name" : "Click \"Databases\" button.",
      "time" : {
        "start" : 1729299809063,
        "stop" : 1729299809116,
        "duration" : 53
      },
      "status" : "passed",
      "steps" : [ ],
      "attachments" : [ ],
      "parameters" : [ ],
      "stepsCount" : 0,
      "attachmentsCount" : 0,
      "shouldDisplayMessage" : false,
      "hasContent" : false
    }, {
      "name" : "Click \"Create new DB\" button.",
      "time" : {
        "start" : 1729299809116,
        "stop" : 1729299809170,
        "duration" : 54
      },
      "status" : "passed",
      "steps" : [ ],
      "attachments" : [ ],
      "parameters" : [ ],
      "stepsCount" : 0,
      "attachmentsCount" : 0,
      "shouldDisplayMessage" : false,
      "hasContent" : false
    }, {
      "name" : "Select region \"CIS\".",
      "time" : {
        "start" : 1729299809170,
        "stop" : 1729299814398,
        "duration" : 5228
      },
      "status" : "broken",
      "statusMessage" : "selenium.common.exceptions.TimeoutException: Message: Can't find element by locator ('xpath', '//select[@id=\"selectDBRegion\"] /option[@value=\"3\"]')\nStacktrace:\n#0 0x55693fa630aa <unknown>\n#1 0x55693f57a1a0 <unknown>\n#2 0x55693f5c6d06 <unknown>\n#3 0x55693f5c6fa1 <unknown>\n#4 0x55693f60c344 <unknown>\n#5 0x55693f5eadad <unknown>\n#6 0x55693f609866 <unknown>\n#7 0x55693f5eab23 <unknown>\n#8 0x55693f5b9990 <unknown>\n#9 0x55693f5ba96e <unknown>\n#10 0x55693fa2f16b <unknown>\n#11 0x55693fa32f68 <unknown>\n#12 0x55693fa1c64c <unknown>\n#13 0x55693fa33ae7 <unknown>\n#14 0x55693fa014af <unknown>\n#15 0x55693fa514f8 <unknown>\n#16 0x55693fa516c0 <unknown>\n#17 0x55693fa61f26 <unknown>\n#18 0x7f80ba494ac3 <unknown>\n\n",
      "statusTrace" : "  File \"/home/runner/work/Oblache/Oblache/tests_ui/profile_page.py\", line 67, in select_db_region_cis\n    self.element_is_present_and_clickable(self.locators.DB_REGION_CIS).click()\n    ^^^^^^^^^^^^^^^^^^^^^^^^^^^^^^^^^^^^^^^^^^^^^^^^^^^^^^^^^^^^^^^^^^\n  File \"/home/runner/work/Oblache/Oblache/tests_ui/base_page.py\", line 28, in element_is_present_and_clickable\n    return (Wait(self.driver, self.timeout).until(\n            ^^^^^^^^^^^^^^^^^^^^^^^^^^^^^^^^^^^^^^\n  File \"/opt/hostedtoolcache/Python/3.12.7/x64/lib/python3.12/site-packages/selenium/webdriver/support/wait.py\", line 105, in until\n    raise TimeoutException(message, screen, stacktrace)\n",
      "steps" : [ ],
      "attachments" : [ ],
      "parameters" : [ ],
      "stepsCount" : 0,
      "attachmentsCount" : 0,
      "shouldDisplayMessage" : true,
      "hasContent" : true
    } ],
    "attachments" : [ {
      "uid" : "48f8a3b4d7942121",
      "name" : "Screenshot 2024-10-19 01:03:34.500586",
      "source" : "48f8a3b4d7942121.png",
      "type" : "image/png",
      "size" : 28838
    } ],
    "parameters" : [ ],
    "stepsCount" : 6,
    "attachmentsCount" : 1,
    "shouldDisplayMessage" : true,
    "hasContent" : true
  },
  "afterStages" : [ {
    "name" : "driver::0",
    "time" : {
      "start" : 1729299814502,
      "stop" : 1729299814572,
      "duration" : 70
    },
    "status" : "passed",
    "steps" : [ ],
    "attachments" : [ ],
    "parameters" : [ ],
    "stepsCount" : 0,
    "attachmentsCount" : 0,
    "shouldDisplayMessage" : false,
    "hasContent" : false
  } ],
  "labels" : [ {
    "name" : "suite",
    "value" : "Test Profile Page."
  }, {
    "name" : "parentSuite",
    "value" : "tests_ui"
  }, {
    "name" : "subSuite",
    "value" : "TestProfilePage"
  }, {
    "name" : "host",
    "value" : "fv-az1538-855"
  }, {
    "name" : "thread",
    "value" : "2241-MainThread"
  }, {
    "name" : "framework",
    "value" : "pytest"
  }, {
    "name" : "language",
    "value" : "cpython3"
  }, {
    "name" : "package",
    "value" : "tests_ui.test_ui"
  }, {
    "name" : "resultFormat",
    "value" : "allure2"
  } ],
  "parameters" : [ ],
  "links" : [ ],
  "hidden" : false,
  "retry" : false,
  "extra" : {
    "severity" : "normal",
    "retries" : [ ],
    "categories" : [ {
      "name" : "Test defects",
      "matchedStatuses" : [ ],
      "flaky" : false
    } ],
    "history" : {
      "statistic" : {
        "failed" : 0,
        "broken" : 30,
        "skipped" : 0,
        "passed" : 0,
        "unknown" : 0,
        "total" : 30
      },
      "items" : [ {
        "uid" : "8dbf14e2d4c4ce2",
        "reportUrl" : "https://lambotik.github.io/Oblache/194//#testresult/8dbf14e2d4c4ce2",
        "status" : "broken",
        "statusDetails" : "selenium.common.exceptions.TimeoutException: Message: Can't find element by locator ('xpath', '//div[@id=\"msg_from_server\"]')",
        "time" : {
          "start" : 1729213401860,
          "stop" : 1729213409866,
          "duration" : 8006
        }
      }, {
        "uid" : "f92c94480566f5c0",
        "reportUrl" : "https://lambotik.github.io/Oblache/193//#testresult/f92c94480566f5c0",
        "status" : "broken",
        "statusDetails" : "selenium.common.exceptions.TimeoutException: Message: Can't find element by locator ('xpath', '//div[@id=\"msg_from_server\"]')",
        "time" : {
          "start" : 1729127080540,
          "stop" : 1729127089388,
          "duration" : 8848
        }
      }, {
        "uid" : "5a6f5782df365c8c",
        "reportUrl" : "https://lambotik.github.io/Oblache/192//#testresult/5a6f5782df365c8c",
        "status" : "broken",
        "statusDetails" : "selenium.common.exceptions.TimeoutException: Message: Can't find element by locator ('xpath', '//div[@id=\"msg_from_server\"]')",
        "time" : {
          "start" : 1729040606603,
          "stop" : 1729040614331,
          "duration" : 7728
        }
      }, {
        "uid" : "d111a3330049956f",
        "reportUrl" : "https://lambotik.github.io/Oblache/191//#testresult/d111a3330049956f",
        "status" : "broken",
        "statusDetails" : "selenium.common.exceptions.TimeoutException: Message: Can't find element by locator ('xpath', '//div[@id=\"msg_from_server\"]')",
        "time" : {
          "start" : 1728954253208,
          "stop" : 1728954261878,
          "duration" : 8670
        }
      }, {
        "uid" : "dae8d47552be175b",
        "reportUrl" : "https://lambotik.github.io/Oblache/190//#testresult/dae8d47552be175b",
        "status" : "broken",
        "statusDetails" : "selenium.common.exceptions.TimeoutException: Message: Can't find element by locator ('xpath', '//div[@id=\"msg_from_server\"]')",
        "time" : {
          "start" : 1728867911249,
          "stop" : 1728867919074,
          "duration" : 7825
        }
      }, {
        "uid" : "ccb05862df7a0f80",
        "reportUrl" : "https://lambotik.github.io/Oblache/189//#testresult/ccb05862df7a0f80",
        "status" : "broken",
        "statusDetails" : "selenium.common.exceptions.TimeoutException: Message: Can't find element by locator ('xpath', '//div[@id=\"msg_from_server\"]')",
        "time" : {
          "start" : 1728781694362,
          "stop" : 1728781702257,
          "duration" : 7895
        }
      }, {
        "uid" : "cf9d9a263b5c5258",
        "reportUrl" : "https://lambotik.github.io/Oblache/188//#testresult/cf9d9a263b5c5258",
        "status" : "broken",
        "statusDetails" : "selenium.common.exceptions.TimeoutException: Message: Can't find element by locator ('xpath', '//div[@id=\"msg_from_server\"]')",
        "time" : {
          "start" : 1728694932354,
          "stop" : 1728694941027,
          "duration" : 8673
        }
      }, {
        "uid" : "85f059aaa1d25f83",
        "reportUrl" : "https://lambotik.github.io/Oblache/187//#testresult/85f059aaa1d25f83",
        "status" : "broken",
        "statusDetails" : "selenium.common.exceptions.TimeoutException: Message: Can't find element by locator ('xpath', '//div[@id=\"msg_from_server\"]')",
        "time" : {
          "start" : 1728608587169,
          "stop" : 1728608595008,
          "duration" : 7839
        }
      }, {
        "uid" : "571cc7609af5b106",
        "reportUrl" : "https://lambotik.github.io/Oblache/186//#testresult/571cc7609af5b106",
        "status" : "broken",
        "statusDetails" : "selenium.common.exceptions.TimeoutException: Message: Can't find element by locator ('xpath', '//div[@id=\"msg_from_server\"]')",
        "time" : {
          "start" : 1728522185809,
          "stop" : 1728522193640,
          "duration" : 7831
        }
      }, {
        "uid" : "388a949e0b52e47d",
        "reportUrl" : "https://lambotik.github.io/Oblache/185//#testresult/388a949e0b52e47d",
        "status" : "broken",
        "statusDetails" : "selenium.common.exceptions.TimeoutException: Message: Can't find element by locator ('xpath', '//div[@id=\"msg_from_server\"]')",
        "time" : {
          "start" : 1728435790200,
          "stop" : 1728435798039,
          "duration" : 7839
        }
      }, {
        "uid" : "10547cacb5fd638e",
        "reportUrl" : "https://lambotik.github.io/Oblache/184//#testresult/10547cacb5fd638e",
        "status" : "broken",
        "statusDetails" : "selenium.common.exceptions.TimeoutException: Message: Can't find element by locator ('xpath', '//div[@id=\"msg_from_server\"]')",
        "time" : {
          "start" : 1728349393106,
          "stop" : 1728349401065,
          "duration" : 7959
        }
      }, {
        "uid" : "420024a2ccc132f6",
        "reportUrl" : "https://lambotik.github.io/Oblache/183//#testresult/420024a2ccc132f6",
        "status" : "broken",
        "statusDetails" : "selenium.common.exceptions.TimeoutException: Message: Can't find element by locator ('xpath', '//div[@id=\"msg_from_server\"]')",
        "time" : {
          "start" : 1728263115816,
          "stop" : 1728263123724,
          "duration" : 7908
        }
      }, {
        "uid" : "95c3ffcc7b3ce1b6",
        "reportUrl" : "https://lambotik.github.io/Oblache/182//#testresult/95c3ffcc7b3ce1b6",
        "status" : "broken",
        "statusDetails" : "selenium.common.exceptions.TimeoutException: Message: Can't find element by locator ('xpath', '//div[@id=\"msg_from_server\"]')",
        "time" : {
          "start" : 1728176892831,
          "stop" : 1728176900576,
          "duration" : 7745
        }
      }, {
        "uid" : "c3a1bc9bb3426f5e",
        "reportUrl" : "https://lambotik.github.io/Oblache/181//#testresult/c3a1bc9bb3426f5e",
        "status" : "broken",
        "statusDetails" : "selenium.common.exceptions.TimeoutException: Message: Can't find element by locator ('xpath', '//div[@id=\"msg_from_server\"]')",
        "time" : {
          "start" : 1728090136965,
          "stop" : 1728090144705,
          "duration" : 7740
        }
      }, {
        "uid" : "736717cdfc23e08b",
        "reportUrl" : "https://lambotik.github.io/Oblache/180//#testresult/736717cdfc23e08b",
        "status" : "broken",
        "statusDetails" : "selenium.common.exceptions.TimeoutException: Message: Can't find element by locator ('xpath', '//div[@id=\"msg_from_server\"]')",
        "time" : {
          "start" : 1728003791535,
          "stop" : 1728003799349,
          "duration" : 7814
        }
      }, {
        "uid" : "4a16960866b28d01",
        "reportUrl" : "https://lambotik.github.io/Oblache/179//#testresult/4a16960866b28d01",
        "status" : "broken",
        "statusDetails" : "selenium.common.exceptions.TimeoutException: Message: Can't find element by locator ('xpath', '//div[@id=\"msg_from_server\"]')",
        "time" : {
          "start" : 1727917397139,
          "stop" : 1727917405734,
          "duration" : 8595
        }
      }, {
        "uid" : "5a273bb599b316bb",
        "reportUrl" : "https://lambotik.github.io/Oblache/178//#testresult/5a273bb599b316bb",
        "status" : "broken",
        "statusDetails" : "selenium.common.exceptions.TimeoutException: Message: Can't find element by locator ('xpath', '//div[@id=\"msg_from_server\"]')",
        "time" : {
          "start" : 1727830994627,
          "stop" : 1727831002416,
          "duration" : 7789
        }
      }, {
        "uid" : "af5aca9b1b2b4484",
        "reportUrl" : "https://lambotik.github.io/Oblache/177//#testresult/af5aca9b1b2b4484",
        "status" : "broken",
        "statusDetails" : "selenium.common.exceptions.TimeoutException: Message: Can't find element by locator ('xpath', '//div[@id=\"msg_from_server\"]')",
        "time" : {
          "start" : 1727744946083,
          "stop" : 1727744953803,
          "duration" : 7720
        }
      }, {
        "uid" : "2f92425a03e4ef95",
        "reportUrl" : "https://lambotik.github.io/Oblache/176//#testresult/2f92425a03e4ef95",
        "status" : "broken",
        "statusDetails" : "selenium.common.exceptions.TimeoutException: Message: Can't find element by locator ('xpath', '//div[@id=\"msg_from_server\"]')",
        "time" : {
          "start" : 1727658391006,
          "stop" : 1727658399641,
          "duration" : 8635
        }
      }, {
        "uid" : "1a9480bd5f5665e9",
        "reportUrl" : "https://lambotik.github.io/Oblache/175//#testresult/1a9480bd5f5665e9",
        "status" : "broken",
        "statusDetails" : "selenium.common.exceptions.TimeoutException: Message: Can't find element by locator ('xpath', '//div[@id=\"msg_from_server\"]')",
        "time" : {
          "start" : 1727572151886,
          "stop" : 1727572160704,
          "duration" : 8818
        }
      } ]
    },
    "tags" : [ ]
  },
  "source" : "1330e59e40f46e50.json",
  "parameterValues" : [ ]
}